[2025-01-03T19:48:55.665-0800] {local_task_job_runner.py:123} INFO - ::group::Pre task execution logs
[2025-01-03T19:48:55.729-0800] {taskinstance.py:2613} INFO - Dependencies all met for dep_context=non-requeueable deps ti=<TaskInstance: CovidE2EPipeDag.clean_up_sql_exe manual__2025-01-04T03:27:39.750532+00:00 [queued]>
[2025-01-03T19:48:55.745-0800] {taskinstance.py:2613} INFO - Dependencies all met for dep_context=requeueable deps ti=<TaskInstance: CovidE2EPipeDag.clean_up_sql_exe manual__2025-01-04T03:27:39.750532+00:00 [queued]>
[2025-01-03T19:48:55.746-0800] {taskinstance.py:2866} INFO - Starting attempt 1 of 2
[2025-01-03T19:48:55.779-0800] {taskinstance.py:2889} INFO - Executing <Task(BashOperator): clean_up_sql_exe> on 2025-01-04 03:27:39.750532+00:00
[2025-01-03T19:48:55.785-0800] {standard_task_runner.py:72} INFO - Started process 65669 to run task
[2025-01-03T19:48:55.798-0800] {standard_task_runner.py:104} INFO - Running: ['airflow', 'tasks', 'run', 'CovidE2EPipeDag', 'clean_up_sql_exe', 'manual__2025-01-04T03:27:39.750532+00:00', '--job-id', '266', '--raw', '--subdir', 'DAGS_FOLDER/CovidE2EPipeDag.py', '--cfg-path', '/var/folders/vm/rn9v1g1j739_mq8j5pfl1yxm0000gn/T/tmpopk7wyzc']
[2025-01-03T19:48:55.804-0800] {standard_task_runner.py:105} INFO - Job 266: Subtask clean_up_sql_exe
[2025-01-03T19:48:55.897-0800] {task_command.py:467} INFO - Running <TaskInstance: CovidE2EPipeDag.clean_up_sql_exe manual__2025-01-04T03:27:39.750532+00:00 [running]> on host Matthews-MacBook-Air.local
[2025-01-03T19:48:56.051-0800] {taskinstance.py:3132} INFO - Exporting env vars: AIRFLOW_CTX_DAG_OWNER='Matthew Horn' AIRFLOW_CTX_DAG_ID='CovidE2EPipeDag' AIRFLOW_CTX_TASK_ID='clean_up_sql_exe' AIRFLOW_CTX_EXECUTION_DATE='2025-01-04T03:27:39.750532+00:00' AIRFLOW_CTX_TRY_NUMBER='1' AIRFLOW_CTX_DAG_RUN_ID='manual__2025-01-04T03:27:39.750532+00:00'
[2025-01-03T19:48:56.053-0800] {logging_mixin.py:190} INFO - Task instance is in running state
[2025-01-03T19:48:56.056-0800] {logging_mixin.py:190} INFO -  Previous state of the Task instance: queued
[2025-01-03T19:48:56.057-0800] {logging_mixin.py:190} INFO - Current task name:clean_up_sql_exe state:running start_date:2025-01-04 03:48:55.731578+00:00
[2025-01-03T19:48:56.058-0800] {logging_mixin.py:190} INFO - Dag name:CovidE2EPipeDag and current dag run status:running
[2025-01-03T19:48:56.060-0800] {taskinstance.py:731} INFO - ::endgroup::
[2025-01-03T19:48:56.070-0800] {subprocess.py:78} INFO - Tmp dir root location: /var/folders/vm/rn9v1g1j739_mq8j5pfl1yxm0000gn/T
[2025-01-03T19:48:56.073-0800] {subprocess.py:88} INFO - Running command: ['/bin/bash', '-c', 'snow stage remove @raw_data_stage/load_staged_data_2025-01-03.sql;                   rm ~/airflow/helper_scripts/load_staged_data_2025-01-03.sql']
[2025-01-03T19:48:56.090-0800] {subprocess.py:99} INFO - Output:
[2025-01-03T19:49:03.968-0800] {subprocess.py:106} INFO - ╭─ Error ───────────────────────────────────╮
[2025-01-03T19:49:03.970-0800] {subprocess.py:106} INFO - │ Specified name                            │
[2025-01-03T19:49:03.971-0800] {subprocess.py:106} INFO - │ '@raw_data_stage/load_staged_data_2025-01 │
[2025-01-03T19:49:03.972-0800] {subprocess.py:106} INFO - │ -03.sql' is not valid name.               │
[2025-01-03T19:49:03.973-0800] {subprocess.py:106} INFO - ╰───────────────────────────────────────────╯
[2025-01-03T19:49:04.349-0800] {subprocess.py:110} INFO - Command exited with return code 0
[2025-01-03T19:49:04.387-0800] {taskinstance.py:340} INFO - ::group::Post task execution logs
[2025-01-03T19:49:04.389-0800] {taskinstance.py:352} INFO - Marking task as SUCCESS. dag_id=CovidE2EPipeDag, task_id=clean_up_sql_exe, run_id=manual__2025-01-04T03:27:39.750532+00:00, execution_date=20250104T032739, start_date=20250104T034855, end_date=20250104T034904
[2025-01-03T19:49:04.405-0800] {logging_mixin.py:190} INFO - Task instance in success state
[2025-01-03T19:49:04.406-0800] {logging_mixin.py:190} INFO -  Previous state of the Task instance: running
[2025-01-03T19:49:04.407-0800] {logging_mixin.py:190} INFO - Dag name:CovidE2EPipeDag queued_at:2025-01-04 03:27:39.794172+00:00
[2025-01-03T19:49:04.408-0800] {logging_mixin.py:190} INFO - Task hostname:Matthews-MacBook-Air.local operator:BashOperator
[2025-01-03T19:49:04.426-0800] {local_task_job_runner.py:266} INFO - Task exited with return code 0
[2025-01-03T19:49:04.464-0800] {taskinstance.py:3895} INFO - 0 downstream tasks scheduled from follow-on schedule check
[2025-01-03T19:49:04.466-0800] {local_task_job_runner.py:245} INFO - ::endgroup::
