[2025-01-04T12:37:00.839-0800] {local_task_job_runner.py:123} INFO - ::group::Pre task execution logs
[2025-01-04T12:37:00.871-0800] {taskinstance.py:2613} INFO - Dependencies all met for dep_context=non-requeueable deps ti=<TaskInstance: CovidE2EPipeDag.insert_staged_raw_data manual__2025-01-04T20:19:31.115700+00:00 [queued]>
[2025-01-04T12:37:00.888-0800] {taskinstance.py:2613} INFO - Dependencies all met for dep_context=requeueable deps ti=<TaskInstance: CovidE2EPipeDag.insert_staged_raw_data manual__2025-01-04T20:19:31.115700+00:00 [queued]>
[2025-01-04T12:37:00.888-0800] {taskinstance.py:2866} INFO - Starting attempt 2 of 2
[2025-01-04T12:37:00.924-0800] {taskinstance.py:2889} INFO - Executing <Task(BashOperator): insert_staged_raw_data> on 2025-01-04 20:19:31.115700+00:00
[2025-01-04T12:37:00.936-0800] {standard_task_runner.py:72} INFO - Started process 85587 to run task
[2025-01-04T12:37:00.950-0800] {standard_task_runner.py:104} INFO - Running: ['airflow', 'tasks', 'run', 'CovidE2EPipeDag', 'insert_staged_raw_data', 'manual__2025-01-04T20:19:31.115700+00:00', '--job-id', '1069', '--raw', '--subdir', 'DAGS_FOLDER/CovidE2EPipeDag.py', '--cfg-path', '/var/folders/vm/rn9v1g1j739_mq8j5pfl1yxm0000gn/T/tmpmec1lc7z']
[2025-01-04T12:37:00.954-0800] {standard_task_runner.py:105} INFO - Job 1069: Subtask insert_staged_raw_data
[2025-01-04T12:37:01.045-0800] {task_command.py:467} INFO - Running <TaskInstance: CovidE2EPipeDag.insert_staged_raw_data manual__2025-01-04T20:19:31.115700+00:00 [running]> on host Matthews-MacBook-Air.local
[2025-01-04T12:37:01.205-0800] {taskinstance.py:3132} INFO - Exporting env vars: AIRFLOW_CTX_DAG_OWNER='Matthew Horn' AIRFLOW_CTX_DAG_ID='CovidE2EPipeDag' AIRFLOW_CTX_TASK_ID='insert_staged_raw_data' AIRFLOW_CTX_EXECUTION_DATE='2025-01-04T20:19:31.115700+00:00' AIRFLOW_CTX_TRY_NUMBER='2' AIRFLOW_CTX_DAG_RUN_ID='manual__2025-01-04T20:19:31.115700+00:00'
[2025-01-04T12:37:01.207-0800] {taskinstance.py:731} INFO - ::endgroup::
[2025-01-04T12:37:01.286-0800] {subprocess.py:78} INFO - Tmp dir root location: /var/folders/vm/rn9v1g1j739_mq8j5pfl1yxm0000gn/T
[2025-01-04T12:37:01.314-0800] {subprocess.py:88} INFO - Running command: ['/bin/bash', '-c', 'snow stage execute @CovidE2EPipeDatabase.raw_data.raw_data_stage/load_staged_data_2025-01-04.sql']
[2025-01-04T12:37:01.330-0800] {subprocess.py:99} INFO - Output:
[2025-01-04T12:37:17.854-0800] {subprocess.py:106} INFO - SUCCESS - @CovidE2EPipeDatabase.raw_data.raw_data_stage/load_staged_data_2025-01-04.sql
[2025-01-04T12:37:17.857-0800] {subprocess.py:106} INFO - +---------------------------------------------+
[2025-01-04T12:37:17.858-0800] {subprocess.py:106} INFO - | File                      | Status  | Error |
[2025-01-04T12:37:17.859-0800] {subprocess.py:106} INFO - |---------------------------+---------+-------|
[2025-01-04T12:37:17.859-0800] {subprocess.py:106} INFO - | @CovidE2EPipeDatabase.raw | SUCCESS | None  |
[2025-01-04T12:37:17.860-0800] {subprocess.py:106} INFO - | _data.raw_data_stage/load |         |       |
[2025-01-04T12:37:17.862-0800] {subprocess.py:106} INFO - | _staged_data_2025-01-04.s |         |       |
[2025-01-04T12:37:17.864-0800] {subprocess.py:106} INFO - | ql                        |         |       |
[2025-01-04T12:37:17.865-0800] {subprocess.py:106} INFO - +---------------------------------------------+
[2025-01-04T12:37:18.763-0800] {subprocess.py:110} INFO - Command exited with return code 0
[2025-01-04T12:37:18.795-0800] {taskinstance.py:340} INFO - ::group::Post task execution logs
[2025-01-04T12:37:18.799-0800] {taskinstance.py:352} INFO - Marking task as SUCCESS. dag_id=CovidE2EPipeDag, task_id=insert_staged_raw_data, run_id=manual__2025-01-04T20:19:31.115700+00:00, execution_date=20250104T201931, start_date=20250104T203700, end_date=20250104T203718
[2025-01-04T12:37:18.849-0800] {local_task_job_runner.py:266} INFO - Task exited with return code 0
[2025-01-04T12:37:18.884-0800] {taskinstance.py:3895} INFO - 2 downstream tasks scheduled from follow-on schedule check
[2025-01-04T12:37:18.887-0800] {local_task_job_runner.py:245} INFO - ::endgroup::
