[2025-01-04T12:50:09.128-0800] {local_task_job_runner.py:123} INFO - ::group::Pre task execution logs
[2025-01-04T12:50:09.158-0800] {taskinstance.py:2613} INFO - Dependencies all met for dep_context=non-requeueable deps ti=<TaskInstance: CovidE2EPipeDag.fetch_raw scheduled__2025-01-01T01:26:00+00:00 [queued]>
[2025-01-04T12:50:09.177-0800] {taskinstance.py:2613} INFO - Dependencies all met for dep_context=requeueable deps ti=<TaskInstance: CovidE2EPipeDag.fetch_raw scheduled__2025-01-01T01:26:00+00:00 [queued]>
[2025-01-04T12:50:09.178-0800] {taskinstance.py:2866} INFO - Starting attempt 1 of 2
[2025-01-04T12:50:09.257-0800] {taskinstance.py:2889} INFO - Executing <Task(PythonOperator): fetch_raw> on 2025-01-01 01:26:00+00:00
[2025-01-04T12:50:09.337-0800] {standard_task_runner.py:72} INFO - Started process 86333 to run task
[2025-01-04T12:50:09.347-0800] {standard_task_runner.py:104} INFO - Running: ['airflow', 'tasks', 'run', 'CovidE2EPipeDag', 'fetch_raw', 'scheduled__2025-01-01T01:26:00+00:00', '--job-id', '1092', '--raw', '--subdir', 'DAGS_FOLDER/CovidE2EPipeDag.py', '--cfg-path', '/var/folders/vm/rn9v1g1j739_mq8j5pfl1yxm0000gn/T/tmpabp82ocg']
[2025-01-04T12:50:09.355-0800] {standard_task_runner.py:105} INFO - Job 1092: Subtask fetch_raw
[2025-01-04T12:50:09.476-0800] {task_command.py:467} INFO - Running <TaskInstance: CovidE2EPipeDag.fetch_raw scheduled__2025-01-01T01:26:00+00:00 [running]> on host Matthews-MacBook-Air.local
[2025-01-04T12:50:09.874-0800] {taskinstance.py:3132} INFO - Exporting env vars: AIRFLOW_CTX_DAG_OWNER='Matthew Horn' AIRFLOW_CTX_DAG_ID='CovidE2EPipeDag' AIRFLOW_CTX_TASK_ID='fetch_raw' AIRFLOW_CTX_EXECUTION_DATE='2025-01-01T01:26:00+00:00' AIRFLOW_CTX_TRY_NUMBER='1' AIRFLOW_CTX_DAG_RUN_ID='scheduled__2025-01-01T01:26:00+00:00'
[2025-01-04T12:50:09.877-0800] {taskinstance.py:731} INFO - ::endgroup::
[2025-01-04T12:50:10.452-0800] {logging_mixin.py:190} INFO - industrial_production data was saved to /Users/matthewmac/airflow/data/raw/industrial_production_2025-01-04.csv
[2025-01-04T12:50:10.484-0800] {logging_mixin.py:190} INFO -   realtime_start  ...   value
0     2024-12-17  ...  4.8654
1     2024-12-17  ...  4.6504
2     2024-12-17  ...   4.516
3     2024-12-17  ...  4.5966
4     2024-12-17  ...  4.6235

[5 rows x 4 columns]
[2025-01-04T12:50:10.487-0800] {python.py:240} INFO - Done. Returned value was: None
[2025-01-04T12:50:10.501-0800] {taskinstance.py:340} INFO - ::group::Post task execution logs
[2025-01-04T12:50:10.506-0800] {taskinstance.py:352} INFO - Marking task as SUCCESS. dag_id=CovidE2EPipeDag, task_id=fetch_raw, run_id=scheduled__2025-01-01T01:26:00+00:00, execution_date=20250101T012600, start_date=20250104T205009, end_date=20250104T205010
[2025-01-04T12:50:10.577-0800] {local_task_job_runner.py:266} INFO - Task exited with return code 0
[2025-01-04T12:50:10.628-0800] {taskinstance.py:3895} INFO - 2 downstream tasks scheduled from follow-on schedule check
[2025-01-04T12:50:10.637-0800] {local_task_job_runner.py:245} INFO - ::endgroup::
