[2025-01-01T18:44:08.508-0800] {local_task_job_runner.py:123} INFO - ::group::Pre task execution logs
[2025-01-01T18:44:08.521-0800] {taskinstance.py:2613} INFO - Dependencies all met for dep_context=non-requeueable deps ti=<TaskInstance: CovidE2EPipeDag.echo1 scheduled__2025-01-01T18:53:00+00:00 [queued]>
[2025-01-01T18:44:08.529-0800] {taskinstance.py:2613} INFO - Dependencies all met for dep_context=requeueable deps ti=<TaskInstance: CovidE2EPipeDag.echo1 scheduled__2025-01-01T18:53:00+00:00 [queued]>
[2025-01-01T18:44:08.529-0800] {taskinstance.py:2866} INFO - Starting attempt 3 of 2
[2025-01-01T18:44:08.547-0800] {taskinstance.py:2889} INFO - Executing <Task(BashOperator): echo1> on 2025-01-01 18:53:00+00:00
[2025-01-01T18:44:08.550-0800] {standard_task_runner.py:72} INFO - Started process 34257 to run task
[2025-01-01T18:44:08.566-0800] {standard_task_runner.py:104} INFO - Running: ['airflow', 'tasks', 'run', 'CovidE2EPipeDag', 'echo1', 'scheduled__2025-01-01T18:53:00+00:00', '--job-id', '120', '--raw', '--subdir', 'DAGS_FOLDER/test_dag.py', '--cfg-path', '/var/folders/vm/rn9v1g1j739_mq8j5pfl1yxm0000gn/T/tmp_p8ris68']
[2025-01-01T18:44:08.575-0800] {standard_task_runner.py:105} INFO - Job 120: Subtask echo1
[2025-01-01T18:44:08.673-0800] {task_command.py:467} INFO - Running <TaskInstance: CovidE2EPipeDag.echo1 scheduled__2025-01-01T18:53:00+00:00 [running]> on host Matthews-MacBook-Air.local
[2025-01-01T18:44:08.767-0800] {taskinstance.py:3132} INFO - Exporting env vars: AIRFLOW_CTX_DAG_OWNER='Matthew Horn' AIRFLOW_CTX_DAG_ID='CovidE2EPipeDag' AIRFLOW_CTX_TASK_ID='echo1' AIRFLOW_CTX_EXECUTION_DATE='2025-01-01T18:53:00+00:00' AIRFLOW_CTX_TRY_NUMBER='3' AIRFLOW_CTX_DAG_RUN_ID='scheduled__2025-01-01T18:53:00+00:00'
[2025-01-01T18:44:08.770-0800] {logging_mixin.py:190} INFO - Task instance is in running state
[2025-01-01T18:44:08.771-0800] {logging_mixin.py:190} INFO -  Previous state of the Task instance: queued
[2025-01-01T18:44:08.772-0800] {logging_mixin.py:190} INFO - Current task name:echo1 state:running start_date:2025-01-02 02:44:08.521898+00:00
[2025-01-01T18:44:08.773-0800] {logging_mixin.py:190} INFO - Dag name:CovidE2EPipeDag and current dag run status:running
[2025-01-01T18:44:08.775-0800] {taskinstance.py:731} INFO - ::endgroup::
[2025-01-01T18:44:08.777-0800] {subprocess.py:78} INFO - Tmp dir root location: /var/folders/vm/rn9v1g1j739_mq8j5pfl1yxm0000gn/T
[2025-01-01T18:44:08.779-0800] {subprocess.py:88} INFO - Running command: ['/bin/bash', '-c', 'echo One']
[2025-01-01T18:44:08.792-0800] {subprocess.py:99} INFO - Output:
[2025-01-01T18:44:08.800-0800] {subprocess.py:106} INFO - One
[2025-01-01T18:44:08.802-0800] {subprocess.py:110} INFO - Command exited with return code 0
[2025-01-01T18:44:08.829-0800] {taskinstance.py:340} INFO - ::group::Post task execution logs
[2025-01-01T18:44:08.830-0800] {taskinstance.py:352} INFO - Marking task as SUCCESS. dag_id=CovidE2EPipeDag, task_id=echo1, run_id=scheduled__2025-01-01T18:53:00+00:00, execution_date=20250101T185300, start_date=20250102T024408, end_date=20250102T024408
[2025-01-01T18:44:08.843-0800] {logging_mixin.py:190} INFO - Task instance in success state
[2025-01-01T18:44:08.843-0800] {logging_mixin.py:190} INFO -  Previous state of the Task instance: running
[2025-01-01T18:44:08.845-0800] {logging_mixin.py:190} INFO - Dag name:CovidE2EPipeDag queued_at:2025-01-02 02:09:29.605770+00:00
[2025-01-01T18:44:08.846-0800] {logging_mixin.py:190} INFO - Task hostname:Matthews-MacBook-Air.local operator:BashOperator
[2025-01-01T18:44:08.881-0800] {local_task_job_runner.py:266} INFO - Task exited with return code 0
[2025-01-01T18:44:08.926-0800] {taskinstance.py:3895} INFO - 2 downstream tasks scheduled from follow-on schedule check
[2025-01-01T18:44:08.929-0800] {local_task_job_runner.py:245} INFO - ::endgroup::
