[2025-01-04T11:00:14.875-0800] {local_task_job_runner.py:123} INFO - ::group::Pre task execution logs
[2025-01-04T11:00:14.889-0800] {taskinstance.py:2613} INFO - Dependencies all met for dep_context=non-requeueable deps ti=<TaskInstance: CovidE2EPipeDag.fetch_raw manual__2025-01-04T18:59:13.585984+00:00 [queued]>
[2025-01-04T11:00:14.898-0800] {taskinstance.py:2613} INFO - Dependencies all met for dep_context=requeueable deps ti=<TaskInstance: CovidE2EPipeDag.fetch_raw manual__2025-01-04T18:59:13.585984+00:00 [queued]>
[2025-01-04T11:00:14.899-0800] {taskinstance.py:2866} INFO - Starting attempt 1 of 2
[2025-01-04T11:00:14.916-0800] {taskinstance.py:2889} INFO - Executing <Task(PythonOperator): fetch_raw> on 2025-01-04 18:59:13.585984+00:00
[2025-01-04T11:00:14.921-0800] {standard_task_runner.py:72} INFO - Started process 75073 to run task
[2025-01-04T11:00:14.932-0800] {standard_task_runner.py:104} INFO - Running: ['airflow', 'tasks', 'run', 'CovidE2EPipeDag', 'fetch_raw', 'manual__2025-01-04T18:59:13.585984+00:00', '--job-id', '810', '--raw', '--subdir', 'DAGS_FOLDER/CovidE2EPipeDag.py', '--cfg-path', '/var/folders/vm/rn9v1g1j739_mq8j5pfl1yxm0000gn/T/tmpj_v78bg9']
[2025-01-04T11:00:14.935-0800] {standard_task_runner.py:105} INFO - Job 810: Subtask fetch_raw
[2025-01-04T11:00:15.039-0800] {task_command.py:467} INFO - Running <TaskInstance: CovidE2EPipeDag.fetch_raw manual__2025-01-04T18:59:13.585984+00:00 [running]> on host Matthews-MacBook-Air.local
[2025-01-04T11:00:15.223-0800] {taskinstance.py:3132} INFO - Exporting env vars: AIRFLOW_CTX_DAG_OWNER='Matthew Horn' AIRFLOW_CTX_DAG_ID='CovidE2EPipeDag' AIRFLOW_CTX_TASK_ID='fetch_raw' AIRFLOW_CTX_EXECUTION_DATE='2025-01-04T18:59:13.585984+00:00' AIRFLOW_CTX_TRY_NUMBER='1' AIRFLOW_CTX_DAG_RUN_ID='manual__2025-01-04T18:59:13.585984+00:00'
[2025-01-04T11:00:15.228-0800] {logging_mixin.py:190} INFO - Task instance is in running state
[2025-01-04T11:00:15.229-0800] {logging_mixin.py:190} INFO -  Previous state of the Task instance: queued
[2025-01-04T11:00:15.230-0800] {logging_mixin.py:190} INFO - Current task name:fetch_raw state:running start_date:2025-01-04 19:00:14.889486+00:00
[2025-01-04T11:00:15.230-0800] {logging_mixin.py:190} INFO - Dag name:CovidE2EPipeDag and current dag run status:running
[2025-01-04T11:00:15.231-0800] {taskinstance.py:731} INFO - ::endgroup::
[2025-01-04T11:00:16.684-0800] {logging_mixin.py:190} INFO - industrial_production data was saved to /Users/matthewmac/airflow/data/raw/industrial_production_2025-01-04.csv
[2025-01-04T11:00:16.703-0800] {logging_mixin.py:190} INFO -   realtime_start realtime_end        date   value
0     2024-12-17   2024-12-17  1919-01-01  4.8654
1     2024-12-17   2024-12-17  1919-02-01  4.6504
2     2024-12-17   2024-12-17  1919-03-01   4.516
3     2024-12-17   2024-12-17  1919-04-01  4.5966
4     2024-12-17   2024-12-17  1919-05-01  4.6235
[2025-01-04T11:00:16.704-0800] {python.py:240} INFO - Done. Returned value was: None
[2025-01-04T11:00:16.712-0800] {taskinstance.py:340} INFO - ::group::Post task execution logs
[2025-01-04T11:00:16.713-0800] {taskinstance.py:352} INFO - Marking task as SUCCESS. dag_id=CovidE2EPipeDag, task_id=fetch_raw, run_id=manual__2025-01-04T18:59:13.585984+00:00, execution_date=20250104T185913, start_date=20250104T190014, end_date=20250104T190016
[2025-01-04T11:00:16.723-0800] {logging_mixin.py:190} INFO - Task instance in success state
[2025-01-04T11:00:16.724-0800] {logging_mixin.py:190} INFO -  Previous state of the Task instance: running
[2025-01-04T11:00:16.724-0800] {logging_mixin.py:190} INFO - Dag name:CovidE2EPipeDag queued_at:2025-01-04 18:59:13.683522+00:00
[2025-01-04T11:00:16.725-0800] {logging_mixin.py:190} INFO - Task hostname:Matthews-MacBook-Air.local operator:PythonOperator
[2025-01-04T11:00:16.775-0800] {local_task_job_runner.py:266} INFO - Task exited with return code 0
[2025-01-04T11:00:16.813-0800] {taskinstance.py:3895} INFO - 1 downstream tasks scheduled from follow-on schedule check
[2025-01-04T11:00:16.816-0800] {local_task_job_runner.py:245} INFO - ::endgroup::
