[2025-01-08T19:38:32.855-0800] {local_task_job_runner.py:123} INFO - ::group::Pre task execution logs
[2025-01-08T19:38:32.893-0800] {taskinstance.py:2613} INFO - Dependencies all met for dep_context=non-requeueable deps ti=<TaskInstance: CovidE2EPipeDag.fetch_raw manual__2025-01-09T03:38:16.240891+00:00 [queued]>
[2025-01-08T19:38:32.907-0800] {taskinstance.py:2613} INFO - Dependencies all met for dep_context=requeueable deps ti=<TaskInstance: CovidE2EPipeDag.fetch_raw manual__2025-01-09T03:38:16.240891+00:00 [queued]>
[2025-01-08T19:38:32.908-0800] {taskinstance.py:2866} INFO - Starting attempt 1 of 2
[2025-01-08T19:38:32.937-0800] {taskinstance.py:2889} INFO - Executing <Task(PythonOperator): fetch_raw> on 2025-01-09 03:38:16.240891+00:00
[2025-01-08T19:38:32.946-0800] {standard_task_runner.py:72} INFO - Started process 9801 to run task
[2025-01-08T19:38:32.958-0800] {standard_task_runner.py:104} INFO - Running: ['airflow', 'tasks', 'run', 'CovidE2EPipeDag', 'fetch_raw', 'manual__2025-01-09T03:38:16.240891+00:00', '--job-id', '1687', '--raw', '--subdir', 'DAGS_FOLDER/CovidE2EPipeDag.py', '--cfg-path', '/var/folders/vm/rn9v1g1j739_mq8j5pfl1yxm0000gn/T/tmpoqujeuje']
[2025-01-08T19:38:32.963-0800] {standard_task_runner.py:105} INFO - Job 1687: Subtask fetch_raw
[2025-01-08T19:38:33.025-0800] {task_command.py:467} INFO - Running <TaskInstance: CovidE2EPipeDag.fetch_raw manual__2025-01-09T03:38:16.240891+00:00 [running]> on host Matthews-MacBook-Air.local
[2025-01-08T19:38:33.115-0800] {taskinstance.py:3132} INFO - Exporting env vars: AIRFLOW_CTX_DAG_OWNER='Matthew Horn' AIRFLOW_CTX_DAG_ID='CovidE2EPipeDag' AIRFLOW_CTX_TASK_ID='fetch_raw' AIRFLOW_CTX_EXECUTION_DATE='2025-01-09T03:38:16.240891+00:00' AIRFLOW_CTX_TRY_NUMBER='1' AIRFLOW_CTX_DAG_RUN_ID='manual__2025-01-09T03:38:16.240891+00:00'
[2025-01-08T19:38:33.117-0800] {taskinstance.py:731} INFO - ::endgroup::
[2025-01-08T19:38:33.570-0800] {logging_mixin.py:190} INFO - 30yr_mortage data was saved to /Users/matthewmac/airflow/data/raw/30yr_mortage_2025-01-08.csv
[2025-01-08T19:38:33.594-0800] {logging_mixin.py:190} INFO -   realtime_start realtime_end   curr_date value
0     2025-01-02   2025-01-02  1971-04-02  7.33
1     2025-01-02   2025-01-02  1971-04-09  7.31
2     2025-01-02   2025-01-02  1971-04-16  7.31
3     2025-01-02   2025-01-02  1971-04-23  7.31
4     2025-01-02   2025-01-02  1971-04-30  7.29
[2025-01-08T19:38:33.846-0800] {logging_mixin.py:190} INFO - unemployment_rate data was saved to /Users/matthewmac/airflow/data/raw/unemployment_rate_2025-01-08.csv
[2025-01-08T19:38:33.859-0800] {logging_mixin.py:190} INFO -   realtime_start realtime_end   curr_date value
0     2024-12-12   2024-12-12  1948-01-01   3.4
1     2024-12-12   2024-12-12  1948-02-01   3.8
2     2024-12-12   2024-12-12  1948-03-01   4.0
3     2024-12-12   2024-12-12  1948-04-01   3.9
4     2024-12-12   2024-12-12  1948-05-01   3.5
[2025-01-08T19:38:34.094-0800] {logging_mixin.py:190} INFO - GDP data was saved to /Users/matthewmac/airflow/data/raw/GDP_2025-01-08.csv
[2025-01-08T19:38:34.102-0800] {logging_mixin.py:190} INFO -   realtime_start realtime_end   curr_date    value
0     2024-12-19   2024-12-19  1946-01-01        .
1     2024-12-19   2024-12-19  1946-04-01        .
2     2024-12-19   2024-12-19  1946-07-01        .
3     2024-12-19   2024-12-19  1946-10-01        .
4     2024-12-19   2024-12-19  1947-01-01  243.164
[2025-01-08T19:38:34.352-0800] {logging_mixin.py:190} INFO - US_CPI data was saved to /Users/matthewmac/airflow/data/raw/US_CPI_2025-01-08.csv
[2025-01-08T19:38:34.384-0800] {logging_mixin.py:190} INFO -   realtime_start realtime_end   curr_date  value
0     2024-12-12   2024-12-12  1947-01-01  21.48
1     2024-12-12   2024-12-12  1947-02-01  21.62
2     2024-12-12   2024-12-12  1947-03-01   22.0
3     2024-12-12   2024-12-12  1947-04-01   22.0
4     2024-12-12   2024-12-12  1947-05-01  21.95
[2025-01-08T19:38:34.755-0800] {logging_mixin.py:190} INFO - trade_balance data was saved to /Users/matthewmac/airflow/data/raw/trade_balance_2025-01-08.csv
[2025-01-08T19:38:34.766-0800] {logging_mixin.py:190} INFO -   realtime_start realtime_end   curr_date   value
0     2024-12-24   2024-12-24  1946-01-01       .
1     2024-12-24   2024-12-24  1946-04-01       .
2     2024-12-24   2024-12-24  1946-07-01       .
3     2024-12-24   2024-12-24  1946-10-01       .
4     2024-12-24   2024-12-24  1947-01-01  10.875
[2025-01-08T19:38:35.035-0800] {logging_mixin.py:190} INFO - industrial_production data was saved to /Users/matthewmac/airflow/data/raw/industrial_production_2025-01-08.csv
[2025-01-08T19:38:35.049-0800] {logging_mixin.py:190} INFO -   realtime_start realtime_end   curr_date   value
0     2024-12-17   2024-12-17  1919-01-01  4.8654
1     2024-12-17   2024-12-17  1919-02-01  4.6504
2     2024-12-17   2024-12-17  1919-03-01   4.516
3     2024-12-17   2024-12-17  1919-04-01  4.5966
4     2024-12-17   2024-12-17  1919-05-01  4.6235
[2025-01-08T19:38:35.050-0800] {python.py:240} INFO - Done. Returned value was: None
[2025-01-08T19:38:35.059-0800] {taskinstance.py:340} INFO - ::group::Post task execution logs
[2025-01-08T19:38:35.061-0800] {taskinstance.py:352} INFO - Marking task as SUCCESS. dag_id=CovidE2EPipeDag, task_id=fetch_raw, run_id=manual__2025-01-09T03:38:16.240891+00:00, execution_date=20250109T033816, start_date=20250109T033832, end_date=20250109T033835
[2025-01-08T19:38:35.081-0800] {local_task_job_runner.py:266} INFO - Task exited with return code 0
[2025-01-08T19:38:35.118-0800] {taskinstance.py:3895} INFO - 1 downstream tasks scheduled from follow-on schedule check
[2025-01-08T19:38:35.121-0800] {local_task_job_runner.py:245} INFO - ::endgroup::
