[2025-01-10T12:00:59.116-0800] {local_task_job_runner.py:123} INFO - ::group::Pre task execution logs
[2025-01-10T12:00:59.128-0800] {taskinstance.py:2613} INFO - Dependencies all met for dep_context=non-requeueable deps ti=<TaskInstance: CovidE2EPipeDag.stage_raw_data scheduled__2025-01-09T20:00:00+00:00 [queued]>
[2025-01-10T12:00:59.145-0800] {taskinstance.py:2613} INFO - Dependencies all met for dep_context=requeueable deps ti=<TaskInstance: CovidE2EPipeDag.stage_raw_data scheduled__2025-01-09T20:00:00+00:00 [queued]>
[2025-01-10T12:00:59.148-0800] {taskinstance.py:2866} INFO - Starting attempt 1 of 2
[2025-01-10T12:00:59.166-0800] {taskinstance.py:2889} INFO - Executing <Task(BashOperator): stage_raw_data> on 2025-01-09 20:00:00+00:00
[2025-01-10T12:00:59.169-0800] {standard_task_runner.py:72} INFO - Started process 26043 to run task
[2025-01-10T12:00:59.181-0800] {standard_task_runner.py:104} INFO - Running: ['airflow', 'tasks', 'run', 'CovidE2EPipeDag', 'stage_raw_data', 'scheduled__2025-01-09T20:00:00+00:00', '--job-id', '1789', '--raw', '--subdir', 'DAGS_FOLDER/CovidE2EPipeDag.py', '--cfg-path', '/var/folders/vm/rn9v1g1j739_mq8j5pfl1yxm0000gn/T/tmpji3zrgjl']
[2025-01-10T12:00:59.184-0800] {standard_task_runner.py:105} INFO - Job 1789: Subtask stage_raw_data
[2025-01-10T12:00:59.243-0800] {task_command.py:467} INFO - Running <TaskInstance: CovidE2EPipeDag.stage_raw_data scheduled__2025-01-09T20:00:00+00:00 [running]> on host Matthews-MacBook-Air.local
[2025-01-10T12:00:59.335-0800] {taskinstance.py:3132} INFO - Exporting env vars: AIRFLOW_CTX_DAG_OWNER='Matthew Horn' AIRFLOW_CTX_DAG_ID='CovidE2EPipeDag' AIRFLOW_CTX_TASK_ID='stage_raw_data' AIRFLOW_CTX_EXECUTION_DATE='2025-01-09T20:00:00+00:00' AIRFLOW_CTX_TRY_NUMBER='1' AIRFLOW_CTX_DAG_RUN_ID='scheduled__2025-01-09T20:00:00+00:00'
[2025-01-10T12:00:59.337-0800] {taskinstance.py:731} INFO - ::endgroup::
[2025-01-10T12:00:59.387-0800] {subprocess.py:78} INFO - Tmp dir root location: /var/folders/vm/rn9v1g1j739_mq8j5pfl1yxm0000gn/T
[2025-01-10T12:00:59.391-0800] {subprocess.py:88} INFO - Running command: ['/bin/bash', '-c', 'snow stage copy "/Users/matthewmac/airflow/data/raw/*.csv" @CovidE2EPipeDatabase.raw_data.raw_data_stage']
[2025-01-10T12:00:59.410-0800] {subprocess.py:99} INFO - Output:
[2025-01-10T12:01:08.106-0800] {subprocess.py:106} INFO - +-------------------------------------------------------------------------------------------------------------------------+
[2025-01-10T12:01:08.108-0800] {subprocess.py:106} INFO - |                  |                 |             |             | source_compressi | target_compress |         |         |
[2025-01-10T12:01:08.109-0800] {subprocess.py:106} INFO - | source           | target          | source_size | target_size | on               | ion             | status  | message |
[2025-01-10T12:01:08.109-0800] {subprocess.py:106} INFO - |------------------+-----------------+-------------+-------------+------------------+-----------------+---------+---------|
[2025-01-10T12:01:08.110-0800] {subprocess.py:106} INFO - | 30yr_mortage_202 | 30yr_mortage_20 | 120163      | 0           | NONE             | NONE            | SKIPPED |         |
[2025-01-10T12:01:08.111-0800] {subprocess.py:106} INFO - | 5-01-10.csv      | 25-01-10.csv    |             |             |                  |                 |         |         |
[2025-01-10T12:01:08.112-0800] {subprocess.py:106} INFO - | GDP_2025-01-10.c | GDP_2025-01-10. | 14359       | 0           | NONE             | NONE            | SKIPPED |         |
[2025-01-10T12:01:08.113-0800] {subprocess.py:106} INFO - | sv               | csv             |             |             |                  |                 |         |         |
[2025-01-10T12:01:08.114-0800] {subprocess.py:106} INFO - | US_CPI_2025-01-1 | US_CPI_2025-01- | 40445       | 0           | NONE             | NONE            | SKIPPED |         |
[2025-01-10T12:01:08.115-0800] {subprocess.py:106} INFO - | 0.csv            | 10.csv          |             |             |                  |                 |         |         |
[2025-01-10T12:01:08.115-0800] {subprocess.py:106} INFO - | industrial_produ | industrial_prod | 57121       | 0           | NONE             | NONE            | SKIPPED |         |
[2025-01-10T12:01:08.116-0800] {subprocess.py:106} INFO - | ction_2025-01-10 | uction_2025-01- |             |             |                  |                 |         |         |
[2025-01-10T12:01:08.116-0800] {subprocess.py:106} INFO - | .csv             | 10.csv          |             |             |                  |                 |         |         |
[2025-01-10T12:01:08.117-0800] {subprocess.py:106} INFO - | trade_balance_20 | trade_balance_2 | 13971       | 0           | NONE             | NONE            | SKIPPED |         |
[2025-01-10T12:01:08.117-0800] {subprocess.py:106} INFO - | 25-01-10.csv     | 025-01-10.csv   |             |             |                  |                 |         |         |
[2025-01-10T12:01:08.118-0800] {subprocess.py:106} INFO - | unemployment_rat | unemployment_ra | 37834       | 0           | NONE             | NONE            | SKIPPED |         |
[2025-01-10T12:01:08.118-0800] {subprocess.py:106} INFO - | e_2025-01-10.csv | te_2025-01-10.c |             |             |                  |                 |         |         |
[2025-01-10T12:01:08.119-0800] {subprocess.py:106} INFO - |                  | sv              |             |             |                  |                 |         |         |
[2025-01-10T12:01:08.119-0800] {subprocess.py:106} INFO - +-------------------------------------------------------------------------------------------------------------------------+
[2025-01-10T12:01:08.522-0800] {subprocess.py:110} INFO - Command exited with return code 0
[2025-01-10T12:01:08.567-0800] {taskinstance.py:340} INFO - ::group::Post task execution logs
[2025-01-10T12:01:08.569-0800] {taskinstance.py:352} INFO - Marking task as SUCCESS. dag_id=CovidE2EPipeDag, task_id=stage_raw_data, run_id=scheduled__2025-01-09T20:00:00+00:00, execution_date=20250109T200000, start_date=20250110T200059, end_date=20250110T200108
[2025-01-10T12:01:08.636-0800] {local_task_job_runner.py:266} INFO - Task exited with return code 0
[2025-01-10T12:01:08.666-0800] {taskinstance.py:3895} INFO - 0 downstream tasks scheduled from follow-on schedule check
[2025-01-10T12:01:08.667-0800] {local_task_job_runner.py:245} INFO - ::endgroup::
