[2025-01-08T18:59:53.731-0800] {local_task_job_runner.py:123} INFO - ::group::Pre task execution logs
[2025-01-08T18:59:53.752-0800] {taskinstance.py:2613} INFO - Dependencies all met for dep_context=non-requeueable deps ti=<TaskInstance: CovidE2EPipeDag.stage_raw_data manual__2025-01-09T02:58:44.454100+00:00 [queued]>
[2025-01-08T18:59:53.762-0800] {taskinstance.py:2613} INFO - Dependencies all met for dep_context=requeueable deps ti=<TaskInstance: CovidE2EPipeDag.stage_raw_data manual__2025-01-09T02:58:44.454100+00:00 [queued]>
[2025-01-08T18:59:53.763-0800] {taskinstance.py:2866} INFO - Starting attempt 1 of 2
[2025-01-08T18:59:53.785-0800] {taskinstance.py:2889} INFO - Executing <Task(BashOperator): stage_raw_data> on 2025-01-09 02:58:44.454100+00:00
[2025-01-08T18:59:53.795-0800] {standard_task_runner.py:72} INFO - Started process 7722 to run task
[2025-01-08T18:59:53.809-0800] {standard_task_runner.py:104} INFO - Running: ['airflow', 'tasks', 'run', 'CovidE2EPipeDag', 'stage_raw_data', 'manual__2025-01-09T02:58:44.454100+00:00', '--job-id', '1652', '--raw', '--subdir', 'DAGS_FOLDER/CovidE2EPipeDag.py', '--cfg-path', '/var/folders/vm/rn9v1g1j739_mq8j5pfl1yxm0000gn/T/tmp23dl6swa']
[2025-01-08T18:59:53.813-0800] {standard_task_runner.py:105} INFO - Job 1652: Subtask stage_raw_data
[2025-01-08T18:59:53.879-0800] {task_command.py:467} INFO - Running <TaskInstance: CovidE2EPipeDag.stage_raw_data manual__2025-01-09T02:58:44.454100+00:00 [running]> on host Matthews-MacBook-Air.local
[2025-01-08T18:59:53.987-0800] {taskinstance.py:3132} INFO - Exporting env vars: AIRFLOW_CTX_DAG_OWNER='Matthew Horn' AIRFLOW_CTX_DAG_ID='CovidE2EPipeDag' AIRFLOW_CTX_TASK_ID='stage_raw_data' AIRFLOW_CTX_EXECUTION_DATE='2025-01-09T02:58:44.454100+00:00' AIRFLOW_CTX_TRY_NUMBER='1' AIRFLOW_CTX_DAG_RUN_ID='manual__2025-01-09T02:58:44.454100+00:00'
[2025-01-08T18:59:53.989-0800] {taskinstance.py:731} INFO - ::endgroup::
[2025-01-08T18:59:54.009-0800] {subprocess.py:78} INFO - Tmp dir root location: /var/folders/vm/rn9v1g1j739_mq8j5pfl1yxm0000gn/T
[2025-01-08T18:59:54.010-0800] {subprocess.py:88} INFO - Running command: ['/bin/bash', '-c', 'snow stage copy /Users/matthewmac/airflow/data/raw/industrial_production_2025-01-08.csv @CovidE2EPipeDatabase.raw_data.raw_data_stage']
[2025-01-08T18:59:54.018-0800] {subprocess.py:99} INFO - Output:
[2025-01-08T19:00:01.187-0800] {subprocess.py:106} INFO - +----------------------------------------------------------+
[2025-01-08T19:00:01.189-0800] {subprocess.py:106} INFO - |      |      |       |      |       | targ |       |      |
[2025-01-08T19:00:01.189-0800] {subprocess.py:106} INFO - |      |      |       |      | sourc | et_c |       |      |
[2025-01-08T19:00:01.190-0800] {subprocess.py:106} INFO - |      |      | sourc | targ | e_com | ompr |       |      |
[2025-01-08T19:00:01.192-0800] {subprocess.py:106} INFO - | sour | targ | e_siz | et_s | press | essi | statu | mess |
[2025-01-08T19:00:01.193-0800] {subprocess.py:106} INFO - | ce   | et   | e     | ize  | ion   | on   | s     | age  |
[2025-01-08T19:00:01.194-0800] {subprocess.py:106} INFO - |------+------+-------+------+-------+------+-------+------|
[2025-01-08T19:00:01.195-0800] {subprocess.py:106} INFO - | indu | indu | 57121 | 0    | NONE  | NONE | SKIPP |      |
[2025-01-08T19:00:01.196-0800] {subprocess.py:106} INFO - | stri | stri |       |      |       |      | ED    |      |
[2025-01-08T19:00:01.196-0800] {subprocess.py:106} INFO - | al_p | al_p |       |      |       |      |       |      |
[2025-01-08T19:00:01.197-0800] {subprocess.py:106} INFO - | rodu | rodu |       |      |       |      |       |      |
[2025-01-08T19:00:01.197-0800] {subprocess.py:106} INFO - | ctio | ctio |       |      |       |      |       |      |
[2025-01-08T19:00:01.198-0800] {subprocess.py:106} INFO - | n_20 | n_20 |       |      |       |      |       |      |
[2025-01-08T19:00:01.198-0800] {subprocess.py:106} INFO - | 25-0 | 25-0 |       |      |       |      |       |      |
[2025-01-08T19:00:01.199-0800] {subprocess.py:106} INFO - | 1-08 | 1-08 |       |      |       |      |       |      |
[2025-01-08T19:00:01.199-0800] {subprocess.py:106} INFO - | .csv | .csv |       |      |       |      |       |      |
[2025-01-08T19:00:01.200-0800] {subprocess.py:106} INFO - +----------------------------------------------------------+
[2025-01-08T19:00:01.696-0800] {subprocess.py:110} INFO - Command exited with return code 0
[2025-01-08T19:00:01.726-0800] {taskinstance.py:340} INFO - ::group::Post task execution logs
[2025-01-08T19:00:01.727-0800] {taskinstance.py:352} INFO - Marking task as SUCCESS. dag_id=CovidE2EPipeDag, task_id=stage_raw_data, run_id=manual__2025-01-09T02:58:44.454100+00:00, execution_date=20250109T025844, start_date=20250109T025953, end_date=20250109T030001
[2025-01-08T19:00:01.762-0800] {local_task_job_runner.py:266} INFO - Task exited with return code 0
[2025-01-08T19:00:01.795-0800] {taskinstance.py:3895} INFO - 0 downstream tasks scheduled from follow-on schedule check
[2025-01-08T19:00:01.796-0800] {local_task_job_runner.py:245} INFO - ::endgroup::
