[2025-01-04T11:41:50.454-0800] {local_task_job_runner.py:123} INFO - ::group::Pre task execution logs
[2025-01-04T11:41:50.475-0800] {taskinstance.py:2613} INFO - Dependencies all met for dep_context=non-requeueable deps ti=<TaskInstance: CovidE2EPipeDag.clean_up_sql_exe manual__2025-01-04T19:22:52.106955+00:00 [queued]>
[2025-01-04T11:41:50.485-0800] {taskinstance.py:2613} INFO - Dependencies all met for dep_context=requeueable deps ti=<TaskInstance: CovidE2EPipeDag.clean_up_sql_exe manual__2025-01-04T19:22:52.106955+00:00 [queued]>
[2025-01-04T11:41:50.485-0800] {taskinstance.py:2866} INFO - Starting attempt 2 of 2
[2025-01-04T11:41:50.504-0800] {taskinstance.py:2889} INFO - Executing <Task(BashOperator): clean_up_sql_exe> on 2025-01-04 19:22:52.106955+00:00
[2025-01-04T11:41:50.507-0800] {standard_task_runner.py:72} INFO - Started process 80369 to run task
[2025-01-04T11:41:50.517-0800] {standard_task_runner.py:104} INFO - Running: ['airflow', 'tasks', 'run', 'CovidE2EPipeDag', 'clean_up_sql_exe', 'manual__2025-01-04T19:22:52.106955+00:00', '--job-id', '945', '--raw', '--subdir', 'DAGS_FOLDER/CovidE2EPipeDag.py', '--cfg-path', '/var/folders/vm/rn9v1g1j739_mq8j5pfl1yxm0000gn/T/tmp_gc2ubhv']
[2025-01-04T11:41:50.519-0800] {standard_task_runner.py:105} INFO - Job 945: Subtask clean_up_sql_exe
[2025-01-04T11:41:50.578-0800] {task_command.py:467} INFO - Running <TaskInstance: CovidE2EPipeDag.clean_up_sql_exe manual__2025-01-04T19:22:52.106955+00:00 [running]> on host Matthews-MacBook-Air.local
[2025-01-04T11:41:50.671-0800] {taskinstance.py:3132} INFO - Exporting env vars: AIRFLOW_CTX_DAG_OWNER='Matthew Horn' AIRFLOW_CTX_DAG_ID='CovidE2EPipeDag' AIRFLOW_CTX_TASK_ID='clean_up_sql_exe' AIRFLOW_CTX_EXECUTION_DATE='2025-01-04T19:22:52.106955+00:00' AIRFLOW_CTX_TRY_NUMBER='2' AIRFLOW_CTX_DAG_RUN_ID='manual__2025-01-04T19:22:52.106955+00:00'
[2025-01-04T11:41:50.673-0800] {taskinstance.py:731} INFO - ::endgroup::
[2025-01-04T11:41:50.718-0800] {subprocess.py:78} INFO - Tmp dir root location: /var/folders/vm/rn9v1g1j739_mq8j5pfl1yxm0000gn/T
[2025-01-04T11:41:50.720-0800] {subprocess.py:88} INFO - Running command: ['/bin/bash', '-c', 'snow stage remove @raw_data_stage/load_staged_data_2025-01-04.sql;                   rm /Users/matthewmac/airflow/helper_scripts/load_staged_data_2025-01-04.sql']
[2025-01-04T11:41:50.730-0800] {subprocess.py:99} INFO - Output:
[2025-01-04T11:41:56.918-0800] {subprocess.py:106} INFO - ╭─ Error ─────────────────────────────────────╮
[2025-01-04T11:41:56.921-0800] {subprocess.py:106} INFO - │ Specified name                              │
[2025-01-04T11:41:56.922-0800] {subprocess.py:106} INFO - │ '@raw_data_stage/load_staged_data_2025-01-0 │
[2025-01-04T11:41:56.922-0800] {subprocess.py:106} INFO - │ 4.sql' is not valid name.                   │
[2025-01-04T11:41:56.923-0800] {subprocess.py:106} INFO - ╰─────────────────────────────────────────────╯
[2025-01-04T11:41:57.260-0800] {subprocess.py:110} INFO - Command exited with return code 0
[2025-01-04T11:41:57.285-0800] {taskinstance.py:340} INFO - ::group::Post task execution logs
[2025-01-04T11:41:57.286-0800] {taskinstance.py:352} INFO - Marking task as SUCCESS. dag_id=CovidE2EPipeDag, task_id=clean_up_sql_exe, run_id=manual__2025-01-04T19:22:52.106955+00:00, execution_date=20250104T192252, start_date=20250104T194150, end_date=20250104T194157
[2025-01-04T11:41:57.322-0800] {local_task_job_runner.py:266} INFO - Task exited with return code 0
[2025-01-04T11:41:57.347-0800] {taskinstance.py:3895} INFO - 0 downstream tasks scheduled from follow-on schedule check
[2025-01-04T11:41:57.349-0800] {local_task_job_runner.py:245} INFO - ::endgroup::
