[2025-01-08T19:24:46.573-0800] {local_task_job_runner.py:123} INFO - ::group::Pre task execution logs
[2025-01-08T19:24:46.588-0800] {taskinstance.py:2613} INFO - Dependencies all met for dep_context=non-requeueable deps ti=<TaskInstance: CovidE2EPipeDag.append_daily_raw_data manual__2025-01-09T03:22:16.692390+00:00 [queued]>
[2025-01-08T19:24:46.597-0800] {taskinstance.py:2613} INFO - Dependencies all met for dep_context=requeueable deps ti=<TaskInstance: CovidE2EPipeDag.append_daily_raw_data manual__2025-01-09T03:22:16.692390+00:00 [queued]>
[2025-01-08T19:24:46.598-0800] {taskinstance.py:2866} INFO - Starting attempt 1 of 2
[2025-01-08T19:24:46.617-0800] {taskinstance.py:2889} INFO - Executing <Task(BashOperator): append_daily_raw_data> on 2025-01-09 03:22:16.692390+00:00
[2025-01-08T19:24:46.623-0800] {standard_task_runner.py:72} INFO - Started process 8986 to run task
[2025-01-08T19:24:46.631-0800] {standard_task_runner.py:104} INFO - Running: ['airflow', 'tasks', 'run', 'CovidE2EPipeDag', 'append_daily_raw_data', 'manual__2025-01-09T03:22:16.692390+00:00', '--job-id', '1675', '--raw', '--subdir', 'DAGS_FOLDER/CovidE2EPipeDag.py', '--cfg-path', '/var/folders/vm/rn9v1g1j739_mq8j5pfl1yxm0000gn/T/tmpv8gcejwi']
[2025-01-08T19:24:46.634-0800] {standard_task_runner.py:105} INFO - Job 1675: Subtask append_daily_raw_data
[2025-01-08T19:24:46.689-0800] {task_command.py:467} INFO - Running <TaskInstance: CovidE2EPipeDag.append_daily_raw_data manual__2025-01-09T03:22:16.692390+00:00 [running]> on host Matthews-MacBook-Air.local
[2025-01-08T19:24:46.781-0800] {taskinstance.py:3132} INFO - Exporting env vars: AIRFLOW_CTX_DAG_OWNER='Matthew Horn' AIRFLOW_CTX_DAG_ID='CovidE2EPipeDag' AIRFLOW_CTX_TASK_ID='append_daily_raw_data' AIRFLOW_CTX_EXECUTION_DATE='2025-01-09T03:22:16.692390+00:00' AIRFLOW_CTX_TRY_NUMBER='1' AIRFLOW_CTX_DAG_RUN_ID='manual__2025-01-09T03:22:16.692390+00:00'
[2025-01-08T19:24:46.783-0800] {taskinstance.py:731} INFO - ::endgroup::
[2025-01-08T19:24:46.805-0800] {subprocess.py:78} INFO - Tmp dir root location: /var/folders/vm/rn9v1g1j739_mq8j5pfl1yxm0000gn/T
[2025-01-08T19:24:46.806-0800] {subprocess.py:88} INFO - Running command: ['/bin/bash', '-c', 'snow stage execute @CovidE2EPipeDatabase.raw_data.raw_data_stage/append_raw_data.sql']
[2025-01-08T19:24:46.814-0800] {subprocess.py:99} INFO - Output:
[2025-01-08T19:24:54.749-0800] {subprocess.py:106} INFO - SUCCESS - @CovidE2EPipeDatabase.raw_data.raw_data_stage/append_raw_data.sql
[2025-01-08T19:24:54.754-0800] {subprocess.py:106} INFO - +-------------------------------------------------------------------------------------+
[2025-01-08T19:24:54.754-0800] {subprocess.py:106} INFO - | File                                                              | Status  | Error |
[2025-01-08T19:24:54.755-0800] {subprocess.py:106} INFO - |-------------------------------------------------------------------+---------+-------|
[2025-01-08T19:24:54.756-0800] {subprocess.py:106} INFO - | @CovidE2EPipeDatabase.raw_data.raw_data_stage/append_raw_data.sql | SUCCESS | None  |
[2025-01-08T19:24:54.756-0800] {subprocess.py:106} INFO - +-------------------------------------------------------------------------------------+
[2025-01-08T19:24:55.357-0800] {subprocess.py:110} INFO - Command exited with return code 0
[2025-01-08T19:24:55.384-0800] {taskinstance.py:340} INFO - ::group::Post task execution logs
[2025-01-08T19:24:55.386-0800] {taskinstance.py:352} INFO - Marking task as SUCCESS. dag_id=CovidE2EPipeDag, task_id=append_daily_raw_data, run_id=manual__2025-01-09T03:22:16.692390+00:00, execution_date=20250109T032216, start_date=20250109T032446, end_date=20250109T032455
[2025-01-08T19:24:55.425-0800] {local_task_job_runner.py:266} INFO - Task exited with return code 0
[2025-01-08T19:24:55.448-0800] {taskinstance.py:3895} INFO - 0 downstream tasks scheduled from follow-on schedule check
[2025-01-08T19:24:55.449-0800] {local_task_job_runner.py:245} INFO - ::endgroup::
