[2025-01-01T18:56:04.176-0800] {local_task_job_runner.py:123} INFO - ::group::Pre task execution logs
[2025-01-01T18:56:04.187-0800] {taskinstance.py:2613} INFO - Dependencies all met for dep_context=non-requeueable deps ti=<TaskInstance: CovidE2EPipeDag.print3 scheduled__2025-01-01T19:07:00+00:00 [queued]>
[2025-01-01T18:56:04.194-0800] {taskinstance.py:2613} INFO - Dependencies all met for dep_context=requeueable deps ti=<TaskInstance: CovidE2EPipeDag.print3 scheduled__2025-01-01T19:07:00+00:00 [queued]>
[2025-01-01T18:56:04.195-0800] {taskinstance.py:2866} INFO - Starting attempt 1 of 2
[2025-01-01T18:56:04.211-0800] {taskinstance.py:2889} INFO - Executing <Task(PythonOperator): print3> on 2025-01-01 19:07:00+00:00
[2025-01-01T18:56:04.214-0800] {standard_task_runner.py:72} INFO - Started process 35157 to run task
[2025-01-01T18:56:04.221-0800] {standard_task_runner.py:104} INFO - Running: ['airflow', 'tasks', 'run', 'CovidE2EPipeDag', 'print3', 'scheduled__2025-01-01T19:07:00+00:00', '--job-id', '181', '--raw', '--subdir', 'DAGS_FOLDER/test_dag.py', '--cfg-path', '/var/folders/vm/rn9v1g1j739_mq8j5pfl1yxm0000gn/T/tmp81czl_zy']
[2025-01-01T18:56:04.224-0800] {standard_task_runner.py:105} INFO - Job 181: Subtask print3
[2025-01-01T18:56:04.274-0800] {task_command.py:467} INFO - Running <TaskInstance: CovidE2EPipeDag.print3 scheduled__2025-01-01T19:07:00+00:00 [running]> on host Matthews-MacBook-Air.local
[2025-01-01T18:56:04.345-0800] {taskinstance.py:3132} INFO - Exporting env vars: AIRFLOW_CTX_DAG_OWNER='Matthew Horn' AIRFLOW_CTX_DAG_ID='CovidE2EPipeDag' AIRFLOW_CTX_TASK_ID='print3' AIRFLOW_CTX_EXECUTION_DATE='2025-01-01T19:07:00+00:00' AIRFLOW_CTX_TRY_NUMBER='1' AIRFLOW_CTX_DAG_RUN_ID='scheduled__2025-01-01T19:07:00+00:00'
[2025-01-01T18:56:04.347-0800] {logging_mixin.py:190} INFO - Task instance is in running state
[2025-01-01T18:56:04.347-0800] {logging_mixin.py:190} INFO -  Previous state of the Task instance: queued
[2025-01-01T18:56:04.348-0800] {logging_mixin.py:190} INFO - Current task name:print3 state:running start_date:2025-01-02 02:56:04.188303+00:00
[2025-01-01T18:56:04.349-0800] {logging_mixin.py:190} INFO - Dag name:CovidE2EPipeDag and current dag run status:running
[2025-01-01T18:56:04.350-0800] {taskinstance.py:731} INFO - ::endgroup::
[2025-01-01T18:56:04.351-0800] {logging_mixin.py:190} INFO - Three
[2025-01-01T18:56:04.351-0800] {python.py:240} INFO - Done. Returned value was: None
[2025-01-01T18:56:04.357-0800] {taskinstance.py:340} INFO - ::group::Post task execution logs
[2025-01-01T18:56:04.358-0800] {taskinstance.py:352} INFO - Marking task as SUCCESS. dag_id=CovidE2EPipeDag, task_id=print3, run_id=scheduled__2025-01-01T19:07:00+00:00, execution_date=20250101T190700, start_date=20250102T025604, end_date=20250102T025604
[2025-01-01T18:56:04.368-0800] {logging_mixin.py:190} INFO - Task instance in success state
[2025-01-01T18:56:04.368-0800] {logging_mixin.py:190} INFO -  Previous state of the Task instance: running
[2025-01-01T18:56:04.369-0800] {logging_mixin.py:190} INFO - Dag name:CovidE2EPipeDag queued_at:2025-01-02 02:55:08.706156+00:00
[2025-01-01T18:56:04.369-0800] {logging_mixin.py:190} INFO - Task hostname:Matthews-MacBook-Air.local operator:PythonOperator
[2025-01-01T18:56:04.384-0800] {local_task_job_runner.py:266} INFO - Task exited with return code 0
[2025-01-01T18:56:04.406-0800] {taskinstance.py:3895} INFO - 0 downstream tasks scheduled from follow-on schedule check
[2025-01-01T18:56:04.407-0800] {local_task_job_runner.py:245} INFO - ::endgroup::
