[2025-01-03T19:56:51.533-0800] {local_task_job_runner.py:123} INFO - ::group::Pre task execution logs
[2025-01-03T19:56:51.551-0800] {taskinstance.py:2613} INFO - Dependencies all met for dep_context=non-requeueable deps ti=<TaskInstance: CovidE2EPipeDag.clean_up_sql_exe scheduled__2025-01-01T00:04:00+00:00 [queued]>
[2025-01-03T19:56:51.564-0800] {taskinstance.py:2613} INFO - Dependencies all met for dep_context=requeueable deps ti=<TaskInstance: CovidE2EPipeDag.clean_up_sql_exe scheduled__2025-01-01T00:04:00+00:00 [queued]>
[2025-01-03T19:56:51.564-0800] {taskinstance.py:2866} INFO - Starting attempt 1 of 2
[2025-01-03T19:56:51.587-0800] {taskinstance.py:2889} INFO - Executing <Task(BashOperator): clean_up_sql_exe> on 2025-01-01 00:04:00+00:00
[2025-01-03T19:56:51.594-0800] {standard_task_runner.py:72} INFO - Started process 66016 to run task
[2025-01-03T19:56:51.602-0800] {standard_task_runner.py:104} INFO - Running: ['airflow', 'tasks', 'run', 'CovidE2EPipeDag', 'clean_up_sql_exe', 'scheduled__2025-01-01T00:04:00+00:00', '--job-id', '291', '--raw', '--subdir', 'DAGS_FOLDER/CovidE2EPipeDag.py', '--cfg-path', '/var/folders/vm/rn9v1g1j739_mq8j5pfl1yxm0000gn/T/tmpxolh53zs']
[2025-01-03T19:56:51.608-0800] {standard_task_runner.py:105} INFO - Job 291: Subtask clean_up_sql_exe
[2025-01-03T19:56:51.687-0800] {task_command.py:467} INFO - Running <TaskInstance: CovidE2EPipeDag.clean_up_sql_exe scheduled__2025-01-01T00:04:00+00:00 [running]> on host Matthews-MacBook-Air.local
[2025-01-03T19:56:51.911-0800] {taskinstance.py:3132} INFO - Exporting env vars: AIRFLOW_CTX_DAG_OWNER='Matthew Horn' AIRFLOW_CTX_DAG_ID='CovidE2EPipeDag' AIRFLOW_CTX_TASK_ID='clean_up_sql_exe' AIRFLOW_CTX_EXECUTION_DATE='2025-01-01T00:04:00+00:00' AIRFLOW_CTX_TRY_NUMBER='1' AIRFLOW_CTX_DAG_RUN_ID='scheduled__2025-01-01T00:04:00+00:00'
[2025-01-03T19:56:51.917-0800] {logging_mixin.py:190} INFO - Task instance is in running state
[2025-01-03T19:56:51.918-0800] {logging_mixin.py:190} INFO -  Previous state of the Task instance: queued
[2025-01-03T19:56:51.923-0800] {logging_mixin.py:190} INFO - Current task name:clean_up_sql_exe state:running start_date:2025-01-04 03:56:51.552224+00:00
[2025-01-03T19:56:51.926-0800] {logging_mixin.py:190} INFO - Dag name:CovidE2EPipeDag and current dag run status:running
[2025-01-03T19:56:51.927-0800] {taskinstance.py:731} INFO - ::endgroup::
[2025-01-03T19:56:51.931-0800] {subprocess.py:78} INFO - Tmp dir root location: /var/folders/vm/rn9v1g1j739_mq8j5pfl1yxm0000gn/T
[2025-01-03T19:56:51.932-0800] {subprocess.py:88} INFO - Running command: ['/bin/bash', '-c', 'snow stage remove @raw_data_stage/load_staged_data_2025-01-03.sql;                   rm ~/airflow/helper_scripts/load_staged_data_2025-01-03.sql']
[2025-01-03T19:56:51.946-0800] {subprocess.py:99} INFO - Output:
[2025-01-03T19:56:57.790-0800] {subprocess.py:106} INFO - ╭─ Error ───────────────────────────────────╮
[2025-01-03T19:56:57.792-0800] {subprocess.py:106} INFO - │ Specified name                            │
[2025-01-03T19:56:57.793-0800] {subprocess.py:106} INFO - │ '@raw_data_stage/load_staged_data_2025-01 │
[2025-01-03T19:56:57.794-0800] {subprocess.py:106} INFO - │ -03.sql' is not valid name.               │
[2025-01-03T19:56:57.795-0800] {subprocess.py:106} INFO - ╰───────────────────────────────────────────╯
[2025-01-03T19:56:58.307-0800] {subprocess.py:110} INFO - Command exited with return code 0
[2025-01-03T19:56:58.344-0800] {taskinstance.py:340} INFO - ::group::Post task execution logs
[2025-01-03T19:56:58.349-0800] {taskinstance.py:352} INFO - Marking task as SUCCESS. dag_id=CovidE2EPipeDag, task_id=clean_up_sql_exe, run_id=scheduled__2025-01-01T00:04:00+00:00, execution_date=20250101T000400, start_date=20250104T035651, end_date=20250104T035658
[2025-01-03T19:56:58.374-0800] {logging_mixin.py:190} INFO - Task instance in success state
[2025-01-03T19:56:58.375-0800] {logging_mixin.py:190} INFO -  Previous state of the Task instance: running
[2025-01-03T19:56:58.376-0800] {logging_mixin.py:190} INFO - Dag name:CovidE2EPipeDag queued_at:2025-01-04 03:54:11.882700+00:00
[2025-01-03T19:56:58.377-0800] {logging_mixin.py:190} INFO - Task hostname:Matthews-MacBook-Air.local operator:BashOperator
[2025-01-03T19:56:58.408-0800] {local_task_job_runner.py:266} INFO - Task exited with return code 0
[2025-01-03T19:56:58.444-0800] {taskinstance.py:3895} INFO - 0 downstream tasks scheduled from follow-on schedule check
[2025-01-03T19:56:58.446-0800] {local_task_job_runner.py:245} INFO - ::endgroup::
