[2025-01-01T17:50:34.314-0800] {local_task_job_runner.py:123} INFO - ::group::Pre task execution logs
[2025-01-01T17:50:34.334-0800] {taskinstance.py:2613} INFO - Dependencies all met for dep_context=non-requeueable deps ti=<TaskInstance: CovidE2EPipeDag.print2 scheduled__2025-01-01T18:02:00+00:00 [queued]>
[2025-01-01T17:50:34.344-0800] {taskinstance.py:2613} INFO - Dependencies all met for dep_context=requeueable deps ti=<TaskInstance: CovidE2EPipeDag.print2 scheduled__2025-01-01T18:02:00+00:00 [queued]>
[2025-01-01T17:50:34.344-0800] {taskinstance.py:2866} INFO - Starting attempt 1 of 2
[2025-01-01T17:50:34.361-0800] {taskinstance.py:2889} INFO - Executing <Task(PythonOperator): print2> on 2025-01-01 18:02:00+00:00
[2025-01-01T17:50:34.364-0800] {standard_task_runner.py:72} INFO - Started process 30409 to run task
[2025-01-01T17:50:34.372-0800] {standard_task_runner.py:104} INFO - Running: ['airflow', 'tasks', 'run', 'CovidE2EPipeDag', 'print2', 'scheduled__2025-01-01T18:02:00+00:00', '--job-id', '57', '--raw', '--subdir', 'DAGS_FOLDER/test_dag.py', '--cfg-path', '/var/folders/vm/rn9v1g1j739_mq8j5pfl1yxm0000gn/T/tmp7f_520fn']
[2025-01-01T17:50:34.375-0800] {standard_task_runner.py:105} INFO - Job 57: Subtask print2
[2025-01-01T17:50:34.427-0800] {task_command.py:467} INFO - Running <TaskInstance: CovidE2EPipeDag.print2 scheduled__2025-01-01T18:02:00+00:00 [running]> on host Matthews-MacBook-Air.local
[2025-01-01T17:50:34.505-0800] {taskinstance.py:3132} INFO - Exporting env vars: AIRFLOW_CTX_DAG_OWNER='Matthew Horn' AIRFLOW_CTX_DAG_ID='CovidE2EPipeDag' AIRFLOW_CTX_TASK_ID='print2' AIRFLOW_CTX_EXECUTION_DATE='2025-01-01T18:02:00+00:00' AIRFLOW_CTX_TRY_NUMBER='1' AIRFLOW_CTX_DAG_RUN_ID='scheduled__2025-01-01T18:02:00+00:00'
[2025-01-01T17:50:34.507-0800] {logging_mixin.py:190} INFO - Task instance is in running state
[2025-01-01T17:50:34.508-0800] {logging_mixin.py:190} INFO -  Previous state of the Task instance: queued
[2025-01-01T17:50:34.509-0800] {logging_mixin.py:190} INFO - Current task name:print2 state:running start_date:2025-01-02 01:50:34.335158+00:00
[2025-01-01T17:50:34.509-0800] {logging_mixin.py:190} INFO - Dag name:CovidE2EPipeDag and current dag run status:running
[2025-01-01T17:50:34.510-0800] {taskinstance.py:731} INFO - ::endgroup::
[2025-01-01T17:50:34.511-0800] {logging_mixin.py:190} INFO - Two
[2025-01-01T17:50:34.512-0800] {python.py:240} INFO - Done. Returned value was: None
[2025-01-01T17:50:34.517-0800] {taskinstance.py:340} INFO - ::group::Post task execution logs
[2025-01-01T17:50:34.518-0800] {taskinstance.py:352} INFO - Marking task as SUCCESS. dag_id=CovidE2EPipeDag, task_id=print2, run_id=scheduled__2025-01-01T18:02:00+00:00, execution_date=20250101T180200, start_date=20250102T015034, end_date=20250102T015034
[2025-01-01T17:50:34.527-0800] {logging_mixin.py:190} INFO - Task instance in success state
[2025-01-01T17:50:34.528-0800] {logging_mixin.py:190} INFO -  Previous state of the Task instance: running
[2025-01-01T17:50:34.529-0800] {logging_mixin.py:190} INFO - Dag name:CovidE2EPipeDag queued_at:2025-01-02 01:50:04.475176+00:00
[2025-01-01T17:50:34.529-0800] {logging_mixin.py:190} INFO - Task hostname:Matthews-MacBook-Air.local operator:PythonOperator
[2025-01-01T17:50:34.575-0800] {local_task_job_runner.py:266} INFO - Task exited with return code 0
[2025-01-01T17:50:34.598-0800] {taskinstance.py:3895} INFO - 0 downstream tasks scheduled from follow-on schedule check
[2025-01-01T17:50:34.599-0800] {local_task_job_runner.py:245} INFO - ::endgroup::
