[2025-01-08T15:38:41.135-0800] {local_task_job_runner.py:123} INFO - ::group::Pre task execution logs
[2025-01-08T15:38:41.180-0800] {taskinstance.py:2613} INFO - Dependencies all met for dep_context=non-requeueable deps ti=<TaskInstance: CovidE2EPipeDag.insert_staged_raw_data manual__2025-01-08T23:30:30.286826+00:00 [queued]>
[2025-01-08T15:38:41.220-0800] {taskinstance.py:2613} INFO - Dependencies all met for dep_context=requeueable deps ti=<TaskInstance: CovidE2EPipeDag.insert_staged_raw_data manual__2025-01-08T23:30:30.286826+00:00 [queued]>
[2025-01-08T15:38:41.221-0800] {taskinstance.py:2866} INFO - Starting attempt 1 of 2
[2025-01-08T15:38:41.260-0800] {taskinstance.py:2889} INFO - Executing <Task(BashOperator): insert_staged_raw_data> on 2025-01-08 23:30:30.286826+00:00
[2025-01-08T15:38:41.267-0800] {standard_task_runner.py:72} INFO - Started process 16302 to run task
[2025-01-08T15:38:41.281-0800] {standard_task_runner.py:104} INFO - Running: ['airflow', 'tasks', 'run', 'CovidE2EPipeDag', 'insert_staged_raw_data', 'manual__2025-01-08T23:30:30.286826+00:00', '--job-id', '1500', '--raw', '--subdir', 'DAGS_FOLDER/CovidE2EPipeDag.py', '--cfg-path', '/var/folders/vm/rn9v1g1j739_mq8j5pfl1yxm0000gn/T/tmpwyxqsa0g']
[2025-01-08T15:38:41.287-0800] {standard_task_runner.py:105} INFO - Job 1500: Subtask insert_staged_raw_data
[2025-01-08T15:38:41.375-0800] {task_command.py:467} INFO - Running <TaskInstance: CovidE2EPipeDag.insert_staged_raw_data manual__2025-01-08T23:30:30.286826+00:00 [running]> on host Matthews-MacBook-Air.local
[2025-01-08T15:38:41.523-0800] {taskinstance.py:3132} INFO - Exporting env vars: AIRFLOW_CTX_DAG_OWNER='Matthew Horn' AIRFLOW_CTX_DAG_ID='CovidE2EPipeDag' AIRFLOW_CTX_TASK_ID='insert_staged_raw_data' AIRFLOW_CTX_EXECUTION_DATE='2025-01-08T23:30:30.286826+00:00' AIRFLOW_CTX_TRY_NUMBER='1' AIRFLOW_CTX_DAG_RUN_ID='manual__2025-01-08T23:30:30.286826+00:00'
[2025-01-08T15:38:41.525-0800] {taskinstance.py:731} INFO - ::endgroup::
[2025-01-08T15:38:41.547-0800] {subprocess.py:78} INFO - Tmp dir root location: /var/folders/vm/rn9v1g1j739_mq8j5pfl1yxm0000gn/T
[2025-01-08T15:38:41.550-0800] {subprocess.py:88} INFO - Running command: ['/bin/bash', '-c', 'snow stage execute @CovidE2EPipeDatabase.raw_data.raw_data_stage/load_staged_data_2025-01-08.sql']
[2025-01-08T15:38:41.559-0800] {subprocess.py:99} INFO - Output:
[2025-01-08T15:38:52.514-0800] {subprocess.py:106} INFO - SUCCESS - @CovidE2EPipeDatabase.raw_data.raw_data_stage/load_staged_data_2025-01-08.sql
[2025-01-08T15:38:52.531-0800] {subprocess.py:106} INFO - +---------------------------------------------+
[2025-01-08T15:38:52.533-0800] {subprocess.py:106} INFO - | File                      | Status  | Error |
[2025-01-08T15:38:52.536-0800] {subprocess.py:106} INFO - |---------------------------+---------+-------|
[2025-01-08T15:38:52.537-0800] {subprocess.py:106} INFO - | @CovidE2EPipeDatabase.raw | SUCCESS | None  |
[2025-01-08T15:38:52.541-0800] {subprocess.py:106} INFO - | _data.raw_data_stage/load |         |       |
[2025-01-08T15:38:52.542-0800] {subprocess.py:106} INFO - | _staged_data_2025-01-08.s |         |       |
[2025-01-08T15:38:52.544-0800] {subprocess.py:106} INFO - | ql                        |         |       |
[2025-01-08T15:38:52.546-0800] {subprocess.py:106} INFO - +---------------------------------------------+
[2025-01-08T15:38:53.142-0800] {subprocess.py:110} INFO - Command exited with return code 0
[2025-01-08T15:38:53.185-0800] {taskinstance.py:340} INFO - ::group::Post task execution logs
[2025-01-08T15:38:53.186-0800] {taskinstance.py:352} INFO - Marking task as SUCCESS. dag_id=CovidE2EPipeDag, task_id=insert_staged_raw_data, run_id=manual__2025-01-08T23:30:30.286826+00:00, execution_date=20250108T233030, start_date=20250108T233841, end_date=20250108T233853
[2025-01-08T15:38:53.234-0800] {local_task_job_runner.py:266} INFO - Task exited with return code 0
[2025-01-08T15:38:53.268-0800] {taskinstance.py:3895} INFO - 3 downstream tasks scheduled from follow-on schedule check
[2025-01-08T15:38:53.272-0800] {local_task_job_runner.py:245} INFO - ::endgroup::
