[2025-01-08T14:06:39.150-0800] {local_task_job_runner.py:123} INFO - ::group::Pre task execution logs
[2025-01-08T14:06:39.164-0800] {taskinstance.py:2613} INFO - Dependencies all met for dep_context=non-requeueable deps ti=<TaskInstance: CovidE2EPipeDag.stage_sql manual__2025-01-08T22:01:03.658369+00:00 [queued]>
[2025-01-08T14:06:39.172-0800] {taskinstance.py:2613} INFO - Dependencies all met for dep_context=requeueable deps ti=<TaskInstance: CovidE2EPipeDag.stage_sql manual__2025-01-08T22:01:03.658369+00:00 [queued]>
[2025-01-08T14:06:39.173-0800] {taskinstance.py:2866} INFO - Starting attempt 1 of 2
[2025-01-08T14:06:39.190-0800] {taskinstance.py:2889} INFO - Executing <Task(BashOperator): stage_sql> on 2025-01-08 22:01:03.658369+00:00
[2025-01-08T14:06:39.193-0800] {standard_task_runner.py:72} INFO - Started process 7875 to run task
[2025-01-08T14:06:39.202-0800] {standard_task_runner.py:104} INFO - Running: ['airflow', 'tasks', 'run', 'CovidE2EPipeDag', 'stage_sql', 'manual__2025-01-08T22:01:03.658369+00:00', '--job-id', '1255', '--raw', '--subdir', 'DAGS_FOLDER/CovidE2EPipeDag.py', '--cfg-path', '/var/folders/vm/rn9v1g1j739_mq8j5pfl1yxm0000gn/T/tmpt1he1vuw']
[2025-01-08T14:06:39.206-0800] {standard_task_runner.py:105} INFO - Job 1255: Subtask stage_sql
[2025-01-08T14:06:39.262-0800] {task_command.py:467} INFO - Running <TaskInstance: CovidE2EPipeDag.stage_sql manual__2025-01-08T22:01:03.658369+00:00 [running]> on host Matthews-MacBook-Air.local
[2025-01-08T14:06:39.352-0800] {taskinstance.py:3132} INFO - Exporting env vars: AIRFLOW_CTX_DAG_OWNER='Matthew Horn' AIRFLOW_CTX_DAG_ID='CovidE2EPipeDag' AIRFLOW_CTX_TASK_ID='stage_sql' AIRFLOW_CTX_EXECUTION_DATE='2025-01-08T22:01:03.658369+00:00' AIRFLOW_CTX_TRY_NUMBER='1' AIRFLOW_CTX_DAG_RUN_ID='manual__2025-01-08T22:01:03.658369+00:00'
[2025-01-08T14:06:39.353-0800] {taskinstance.py:731} INFO - ::endgroup::
[2025-01-08T14:06:39.373-0800] {subprocess.py:78} INFO - Tmp dir root location: /var/folders/vm/rn9v1g1j739_mq8j5pfl1yxm0000gn/T
[2025-01-08T14:06:39.375-0800] {subprocess.py:88} INFO - Running command: ['/bin/bash', '-c', 'snow stage copy /Users/matthewmac/airflow/helper_scripts/load_staged_data_2025-01-08.sql @CovidE2EPipeDatabase.raw_data.raw_data_stage']
[2025-01-08T14:06:39.423-0800] {subprocess.py:99} INFO - Output:
[2025-01-08T14:06:44.280-0800] {subprocess.py:106} INFO - +--------------------------+
[2025-01-08T14:06:44.281-0800] {subprocess.py:106} INFO - |  |  |   |  | s |  |   |  |
[2025-01-08T14:06:44.282-0800] {subprocess.py:106} INFO - |  |  |   |  | o |  |   |  |
[2025-01-08T14:06:44.283-0800] {subprocess.py:106} INFO - |  |  |   |  | u |  |   |  |
[2025-01-08T14:06:44.283-0800] {subprocess.py:106} INFO - |  |  |   |  | r |  |   |  |
[2025-01-08T14:06:44.284-0800] {subprocess.py:106} INFO - |  |  |   |  | c |  |   |  |
[2025-01-08T14:06:44.285-0800] {subprocess.py:106} INFO - |  |  |   |  | e |  |   |  |
[2025-01-08T14:06:44.286-0800] {subprocess.py:106} INFO - |  |  |   |  | _ |  |   |  |
[2025-01-08T14:06:44.287-0800] {subprocess.py:106} INFO - |  |  | s |  | c |  |   |  |
[2025-01-08T14:06:44.288-0800] {subprocess.py:106} INFO - |  |  | o |  | o |  |   |  |
[2025-01-08T14:06:44.289-0800] {subprocess.py:106} INFO - |  |  | u |  | m |  |   |  |
[2025-01-08T14:06:44.289-0800] {subprocess.py:106} INFO - |  |  | r |  | p |  |   |  |
[2025-01-08T14:06:44.290-0800] {subprocess.py:106} INFO - |  |  | c |  | r |  |   |  |
[2025-01-08T14:06:44.290-0800] {subprocess.py:106} INFO - |  |  | e |  | e |  | s |  |
[2025-01-08T14:06:44.291-0800] {subprocess.py:106} INFO - |  |  | _ |  | s |  | t |  |
[2025-01-08T14:06:44.291-0800] {subprocess.py:106} INFO - |  |  | s |  | s |  | a |  |
[2025-01-08T14:06:44.292-0800] {subprocess.py:106} INFO - |  |  | i |  | i |  | t |  |
[2025-01-08T14:06:44.292-0800] {subprocess.py:106} INFO - |  |  | z |  | o |  | u |  |
[2025-01-08T14:06:44.293-0800] {subprocess.py:106} INFO - |  |  | e |  | n |  | s |  |
[2025-01-08T14:06:44.293-0800] {subprocess.py:106} INFO - |--+--+---+--+---+--+---+--|
[2025-01-08T14:06:44.293-0800] {subprocess.py:106} INFO - |  |  | 1 |  | N |  | U |  |
[2025-01-08T14:06:44.295-0800] {subprocess.py:106} INFO - |  |  | 6 |  | O |  | P |  |
[2025-01-08T14:06:44.296-0800] {subprocess.py:106} INFO - |  |  | 2 |  | N |  | L |  |
[2025-01-08T14:06:44.297-0800] {subprocess.py:106} INFO - |  |  | 5 |  | E |  | O |  |
[2025-01-08T14:06:44.297-0800] {subprocess.py:106} INFO - |  |  |   |  |   |  | A |  |
[2025-01-08T14:06:44.298-0800] {subprocess.py:106} INFO - |  |  |   |  |   |  | D |  |
[2025-01-08T14:06:44.298-0800] {subprocess.py:106} INFO - |  |  |   |  |   |  | E |  |
[2025-01-08T14:06:44.299-0800] {subprocess.py:106} INFO - |  |  |   |  |   |  | D |  |
[2025-01-08T14:06:44.299-0800] {subprocess.py:106} INFO - +--------------------------+
[2025-01-08T14:06:44.726-0800] {subprocess.py:110} INFO - Command exited with return code 0
[2025-01-08T14:06:44.749-0800] {taskinstance.py:340} INFO - ::group::Post task execution logs
[2025-01-08T14:06:44.750-0800] {taskinstance.py:352} INFO - Marking task as SUCCESS. dag_id=CovidE2EPipeDag, task_id=stage_sql, run_id=manual__2025-01-08T22:01:03.658369+00:00, execution_date=20250108T220103, start_date=20250108T220639, end_date=20250108T220644
[2025-01-08T14:06:44.787-0800] {local_task_job_runner.py:266} INFO - Task exited with return code 0
[2025-01-08T14:06:44.823-0800] {taskinstance.py:3895} INFO - 1 downstream tasks scheduled from follow-on schedule check
[2025-01-08T14:06:44.825-0800] {local_task_job_runner.py:245} INFO - ::endgroup::
