[2025-01-01T17:50:13.016-0800] {local_task_job_runner.py:123} INFO - ::group::Pre task execution logs
[2025-01-01T17:50:13.027-0800] {taskinstance.py:2613} INFO - Dependencies all met for dep_context=non-requeueable deps ti=<TaskInstance: CovidE2EPipeDag.echo1 scheduled__2025-01-01T18:02:00+00:00 [queued]>
[2025-01-01T17:50:13.034-0800] {taskinstance.py:2613} INFO - Dependencies all met for dep_context=requeueable deps ti=<TaskInstance: CovidE2EPipeDag.echo1 scheduled__2025-01-01T18:02:00+00:00 [queued]>
[2025-01-01T17:50:13.035-0800] {taskinstance.py:2866} INFO - Starting attempt 1 of 2
[2025-01-01T17:50:13.049-0800] {taskinstance.py:2889} INFO - Executing <Task(BashOperator): echo1> on 2025-01-01 18:02:00+00:00
[2025-01-01T17:50:13.052-0800] {standard_task_runner.py:72} INFO - Started process 30389 to run task
[2025-01-01T17:50:13.060-0800] {standard_task_runner.py:104} INFO - Running: ['airflow', 'tasks', 'run', 'CovidE2EPipeDag', 'echo1', 'scheduled__2025-01-01T18:02:00+00:00', '--job-id', '55', '--raw', '--subdir', 'DAGS_FOLDER/test_dag.py', '--cfg-path', '/var/folders/vm/rn9v1g1j739_mq8j5pfl1yxm0000gn/T/tmpiu_y4fa9']
[2025-01-01T17:50:13.063-0800] {standard_task_runner.py:105} INFO - Job 55: Subtask echo1
[2025-01-01T17:50:13.118-0800] {task_command.py:467} INFO - Running <TaskInstance: CovidE2EPipeDag.echo1 scheduled__2025-01-01T18:02:00+00:00 [running]> on host Matthews-MacBook-Air.local
[2025-01-01T17:50:13.200-0800] {taskinstance.py:3132} INFO - Exporting env vars: AIRFLOW_CTX_DAG_OWNER='Matthew Horn' AIRFLOW_CTX_DAG_ID='CovidE2EPipeDag' AIRFLOW_CTX_TASK_ID='echo1' AIRFLOW_CTX_EXECUTION_DATE='2025-01-01T18:02:00+00:00' AIRFLOW_CTX_TRY_NUMBER='1' AIRFLOW_CTX_DAG_RUN_ID='scheduled__2025-01-01T18:02:00+00:00'
[2025-01-01T17:50:13.202-0800] {logging_mixin.py:190} INFO - Task instance is in running state
[2025-01-01T17:50:13.203-0800] {logging_mixin.py:190} INFO -  Previous state of the Task instance: queued
[2025-01-01T17:50:13.204-0800] {logging_mixin.py:190} INFO - Current task name:echo1 state:running start_date:2025-01-02 01:50:13.028407+00:00
[2025-01-01T17:50:13.204-0800] {logging_mixin.py:190} INFO - Dag name:CovidE2EPipeDag and current dag run status:running
[2025-01-01T17:50:13.205-0800] {taskinstance.py:731} INFO - ::endgroup::
[2025-01-01T17:50:13.206-0800] {subprocess.py:78} INFO - Tmp dir root location: /var/folders/vm/rn9v1g1j739_mq8j5pfl1yxm0000gn/T
[2025-01-01T17:50:13.207-0800] {subprocess.py:88} INFO - Running command: ['/bin/bash', '-c', 'echo One']
[2025-01-01T17:50:13.215-0800] {subprocess.py:99} INFO - Output:
[2025-01-01T17:50:13.220-0800] {subprocess.py:106} INFO - One
[2025-01-01T17:50:13.222-0800] {subprocess.py:110} INFO - Command exited with return code 0
[2025-01-01T17:50:13.241-0800] {taskinstance.py:340} INFO - ::group::Post task execution logs
[2025-01-01T17:50:13.243-0800] {taskinstance.py:352} INFO - Marking task as SUCCESS. dag_id=CovidE2EPipeDag, task_id=echo1, run_id=scheduled__2025-01-01T18:02:00+00:00, execution_date=20250101T180200, start_date=20250102T015013, end_date=20250102T015013
[2025-01-01T17:50:13.255-0800] {logging_mixin.py:190} INFO - Task instance in success state
[2025-01-01T17:50:13.256-0800] {logging_mixin.py:190} INFO -  Previous state of the Task instance: running
[2025-01-01T17:50:13.256-0800] {logging_mixin.py:190} INFO - Dag name:CovidE2EPipeDag queued_at:2025-01-02 01:50:04.475176+00:00
[2025-01-01T17:50:13.257-0800] {logging_mixin.py:190} INFO - Task hostname:Matthews-MacBook-Air.local operator:BashOperator
[2025-01-01T17:50:13.300-0800] {local_task_job_runner.py:266} INFO - Task exited with return code 0
[2025-01-01T17:50:13.328-0800] {taskinstance.py:3895} INFO - 1 downstream tasks scheduled from follow-on schedule check
[2025-01-01T17:50:13.331-0800] {local_task_job_runner.py:245} INFO - ::endgroup::
