[2025-01-04T11:21:23.197-0800] {local_task_job_runner.py:123} INFO - ::group::Pre task execution logs
[2025-01-04T11:21:23.213-0800] {taskinstance.py:2613} INFO - Dependencies all met for dep_context=non-requeueable deps ti=<TaskInstance: CovidE2EPipeDag.archive_raw_data scheduled__2025-01-01T01:01:00+00:00 [queued]>
[2025-01-04T11:21:23.222-0800] {taskinstance.py:2613} INFO - Dependencies all met for dep_context=requeueable deps ti=<TaskInstance: CovidE2EPipeDag.archive_raw_data scheduled__2025-01-01T01:01:00+00:00 [queued]>
[2025-01-04T11:21:23.222-0800] {taskinstance.py:2866} INFO - Starting attempt 1 of 2
[2025-01-04T11:21:23.251-0800] {taskinstance.py:2889} INFO - Executing <Task(BashOperator): archive_raw_data> on 2025-01-01 01:01:00+00:00
[2025-01-04T11:21:23.257-0800] {standard_task_runner.py:72} INFO - Started process 77676 to run task
[2025-01-04T11:21:23.268-0800] {standard_task_runner.py:104} INFO - Running: ['airflow', 'tasks', 'run', 'CovidE2EPipeDag', 'archive_raw_data', 'scheduled__2025-01-01T01:01:00+00:00', '--job-id', '879', '--raw', '--subdir', 'DAGS_FOLDER/CovidE2EPipeDag.py', '--cfg-path', '/var/folders/vm/rn9v1g1j739_mq8j5pfl1yxm0000gn/T/tmp72uz_6mg']
[2025-01-04T11:21:23.271-0800] {standard_task_runner.py:105} INFO - Job 879: Subtask archive_raw_data
[2025-01-04T11:21:23.334-0800] {task_command.py:467} INFO - Running <TaskInstance: CovidE2EPipeDag.archive_raw_data scheduled__2025-01-01T01:01:00+00:00 [running]> on host Matthews-MacBook-Air.local
[2025-01-04T11:21:23.423-0800] {taskinstance.py:3132} INFO - Exporting env vars: AIRFLOW_CTX_DAG_OWNER='Matthew Horn' AIRFLOW_CTX_DAG_ID='CovidE2EPipeDag' AIRFLOW_CTX_TASK_ID='archive_raw_data' AIRFLOW_CTX_EXECUTION_DATE='2025-01-01T01:01:00+00:00' AIRFLOW_CTX_TRY_NUMBER='1' AIRFLOW_CTX_DAG_RUN_ID='scheduled__2025-01-01T01:01:00+00:00'
[2025-01-04T11:21:23.425-0800] {taskinstance.py:731} INFO - ::endgroup::
[2025-01-04T11:21:23.449-0800] {subprocess.py:78} INFO - Tmp dir root location: /var/folders/vm/rn9v1g1j739_mq8j5pfl1yxm0000gn/T
[2025-01-04T11:21:23.451-0800] {subprocess.py:88} INFO - Running command: ['/bin/bash', '-c', 'cd /Users/matthewmac/airflow/data/raw && zip raw_data_2025-01-04.zip *.csv                     && mv raw_data_2025-01-04.zip archived/']
[2025-01-04T11:21:23.458-0800] {subprocess.py:99} INFO - Output:
[2025-01-04T11:21:23.483-0800] {subprocess.py:106} INFO -   adding: 30yr_mortage_2025-01-02.csv (deflated 82%)
[2025-01-04T11:21:23.485-0800] {subprocess.py:106} INFO -   adding: GDP_2025-01-02.csv (deflated 77%)
[2025-01-04T11:21:23.488-0800] {subprocess.py:106} INFO -   adding: US_CPI_2025-01-02.csv (deflated 81%)
[2025-01-04T11:21:23.490-0800] {subprocess.py:106} INFO -   adding: exchanges_2025-01-02.csv (deflated 41%)
[2025-01-04T11:21:23.492-0800] {subprocess.py:106} INFO -   adding: industrial_production_2025-01-02.csv (deflated 80%)
[2025-01-04T11:21:23.495-0800] {subprocess.py:106} INFO -   adding: industrial_production_2025-01-03.csv (deflated 80%)
[2025-01-04T11:21:23.497-0800] {subprocess.py:106} INFO -   adding: industrial_production_2025-01-04.csv (deflated 80%)
[2025-01-04T11:21:23.499-0800] {subprocess.py:106} INFO -   adding: stocks_eod_2025-01-02.csv (deflated 72%)
[2025-01-04T11:21:23.501-0800] {subprocess.py:106} INFO -   adding: trade_balance_2025-01-02.csv (deflated 79%)
[2025-01-04T11:21:23.504-0800] {subprocess.py:106} INFO -   adding: unemployment_rate_2025-01-02.csv (deflated 84%)
[2025-01-04T11:21:23.512-0800] {subprocess.py:110} INFO - Command exited with return code 0
[2025-01-04T11:21:23.536-0800] {taskinstance.py:340} INFO - ::group::Post task execution logs
[2025-01-04T11:21:23.538-0800] {taskinstance.py:352} INFO - Marking task as SUCCESS. dag_id=CovidE2EPipeDag, task_id=archive_raw_data, run_id=scheduled__2025-01-01T01:01:00+00:00, execution_date=20250101T010100, start_date=20250104T192123, end_date=20250104T192123
[2025-01-04T11:21:23.574-0800] {local_task_job_runner.py:266} INFO - Task exited with return code 0
[2025-01-04T11:21:23.604-0800] {taskinstance.py:3895} INFO - 0 downstream tasks scheduled from follow-on schedule check
[2025-01-04T11:21:23.605-0800] {local_task_job_runner.py:245} INFO - ::endgroup::
