[2025-01-08T18:44:56.709-0800] {local_task_job_runner.py:123} INFO - ::group::Pre task execution logs
[2025-01-08T18:44:56.723-0800] {taskinstance.py:2613} INFO - Dependencies all met for dep_context=non-requeueable deps ti=<TaskInstance: CovidE2EPipeDag.stage_raw_data manual__2025-01-09T02:43:57.998581+00:00 [queued]>
[2025-01-08T18:44:56.735-0800] {taskinstance.py:2613} INFO - Dependencies all met for dep_context=requeueable deps ti=<TaskInstance: CovidE2EPipeDag.stage_raw_data manual__2025-01-09T02:43:57.998581+00:00 [queued]>
[2025-01-08T18:44:56.735-0800] {taskinstance.py:2866} INFO - Starting attempt 1 of 2
[2025-01-08T18:44:56.756-0800] {taskinstance.py:2889} INFO - Executing <Task(BashOperator): stage_raw_data> on 2025-01-09 02:43:57.998581+00:00
[2025-01-08T18:44:56.759-0800] {standard_task_runner.py:72} INFO - Started process 6501 to run task
[2025-01-08T18:44:56.770-0800] {standard_task_runner.py:104} INFO - Running: ['airflow', 'tasks', 'run', 'CovidE2EPipeDag', 'stage_raw_data', 'manual__2025-01-09T02:43:57.998581+00:00', '--job-id', '1633', '--raw', '--subdir', 'DAGS_FOLDER/CovidE2EPipeDag.py', '--cfg-path', '/var/folders/vm/rn9v1g1j739_mq8j5pfl1yxm0000gn/T/tmp6w_bja1v']
[2025-01-08T18:44:56.773-0800] {standard_task_runner.py:105} INFO - Job 1633: Subtask stage_raw_data
[2025-01-08T18:44:56.844-0800] {task_command.py:467} INFO - Running <TaskInstance: CovidE2EPipeDag.stage_raw_data manual__2025-01-09T02:43:57.998581+00:00 [running]> on host Matthews-MacBook-Air.local
[2025-01-08T18:44:56.995-0800] {taskinstance.py:3132} INFO - Exporting env vars: AIRFLOW_CTX_DAG_OWNER='Matthew Horn' AIRFLOW_CTX_DAG_ID='CovidE2EPipeDag' AIRFLOW_CTX_TASK_ID='stage_raw_data' AIRFLOW_CTX_EXECUTION_DATE='2025-01-09T02:43:57.998581+00:00' AIRFLOW_CTX_TRY_NUMBER='1' AIRFLOW_CTX_DAG_RUN_ID='manual__2025-01-09T02:43:57.998581+00:00'
[2025-01-08T18:44:56.997-0800] {taskinstance.py:731} INFO - ::endgroup::
[2025-01-08T18:44:57.044-0800] {subprocess.py:78} INFO - Tmp dir root location: /var/folders/vm/rn9v1g1j739_mq8j5pfl1yxm0000gn/T
[2025-01-08T18:44:57.046-0800] {subprocess.py:88} INFO - Running command: ['/bin/bash', '-c', 'snow stage copy /Users/matthewmac/airflow/data/raw/industrial_production_2025-01-08.csv @CovidE2EPipeDatabase.raw_data.raw_data_stage']
[2025-01-08T18:44:57.059-0800] {subprocess.py:99} INFO - Output:
[2025-01-08T18:45:04.836-0800] {subprocess.py:106} INFO - +-----------------------------------------------------------+
[2025-01-08T18:45:04.839-0800] {subprocess.py:106} INFO - |       |      |       |      |       | targ |       |      |
[2025-01-08T18:45:04.843-0800] {subprocess.py:106} INFO - |       |      |       |      | sourc | et_c |       |      |
[2025-01-08T18:45:04.844-0800] {subprocess.py:106} INFO - |       |      | sourc | targ | e_com | ompr |       |      |
[2025-01-08T18:45:04.845-0800] {subprocess.py:106} INFO - | sourc | targ | e_siz | et_s | press | essi | statu | mess |
[2025-01-08T18:45:04.846-0800] {subprocess.py:106} INFO - | e     | et   | e     | ize  | ion   | on   | s     | age  |
[2025-01-08T18:45:04.847-0800] {subprocess.py:106} INFO - |-------+------+-------+------+-------+------+-------+------|
[2025-01-08T18:45:04.849-0800] {subprocess.py:106} INFO - | indus | indu | 57121 | 5713 | NONE  | NONE | UPLOA |      |
[2025-01-08T18:45:04.850-0800] {subprocess.py:106} INFO - | trial | stri |       | 6    |       |      | DED   |      |
[2025-01-08T18:45:04.851-0800] {subprocess.py:106} INFO - | _prod | al_p |       |      |       |      |       |      |
[2025-01-08T18:45:04.851-0800] {subprocess.py:106} INFO - | uctio | rodu |       |      |       |      |       |      |
[2025-01-08T18:45:04.853-0800] {subprocess.py:106} INFO - | n_202 | ctio |       |      |       |      |       |      |
[2025-01-08T18:45:04.854-0800] {subprocess.py:106} INFO - | 5-01- | n_20 |       |      |       |      |       |      |
[2025-01-08T18:45:04.856-0800] {subprocess.py:106} INFO - | 08.cs | 25-0 |       |      |       |      |       |      |
[2025-01-08T18:45:04.857-0800] {subprocess.py:106} INFO - | v     | 1-08 |       |      |       |      |       |      |
[2025-01-08T18:45:04.859-0800] {subprocess.py:106} INFO - |       | .csv |       |      |       |      |       |      |
[2025-01-08T18:45:04.860-0800] {subprocess.py:106} INFO - +-----------------------------------------------------------+
[2025-01-08T18:45:05.608-0800] {subprocess.py:110} INFO - Command exited with return code 0
[2025-01-08T18:45:05.633-0800] {taskinstance.py:340} INFO - ::group::Post task execution logs
[2025-01-08T18:45:05.635-0800] {taskinstance.py:352} INFO - Marking task as SUCCESS. dag_id=CovidE2EPipeDag, task_id=stage_raw_data, run_id=manual__2025-01-09T02:43:57.998581+00:00, execution_date=20250109T024357, start_date=20250109T024456, end_date=20250109T024505
[2025-01-08T18:45:05.659-0800] {local_task_job_runner.py:266} INFO - Task exited with return code 0
[2025-01-08T18:45:05.685-0800] {taskinstance.py:3895} INFO - 0 downstream tasks scheduled from follow-on schedule check
[2025-01-08T18:45:05.686-0800] {local_task_job_runner.py:245} INFO - ::endgroup::
