[2025-01-09T16:57:07.960-0800] {local_task_job_runner.py:123} INFO - ::group::Pre task execution logs
[2025-01-09T16:57:07.974-0800] {taskinstance.py:2613} INFO - Dependencies all met for dep_context=non-requeueable deps ti=<TaskInstance: CovidE2EPipeDag.insert_staged_raw_data scheduled__2025-01-08T20:00:00+00:00 [queued]>
[2025-01-09T16:57:07.984-0800] {taskinstance.py:2613} INFO - Dependencies all met for dep_context=requeueable deps ti=<TaskInstance: CovidE2EPipeDag.insert_staged_raw_data scheduled__2025-01-08T20:00:00+00:00 [queued]>
[2025-01-09T16:57:07.985-0800] {taskinstance.py:2866} INFO - Starting attempt 1 of 2
[2025-01-09T16:57:08.007-0800] {taskinstance.py:2889} INFO - Executing <Task(BashOperator): insert_staged_raw_data> on 2025-01-08 20:00:00+00:00
[2025-01-09T16:57:08.012-0800] {standard_task_runner.py:72} INFO - Started process 16838 to run task
[2025-01-09T16:57:08.020-0800] {standard_task_runner.py:104} INFO - Running: ['airflow', 'tasks', 'run', 'CovidE2EPipeDag', 'insert_staged_raw_data', 'scheduled__2025-01-08T20:00:00+00:00', '--job-id', '1752', '--raw', '--subdir', 'DAGS_FOLDER/CovidE2EPipeDag.py', '--cfg-path', '/var/folders/vm/rn9v1g1j739_mq8j5pfl1yxm0000gn/T/tmp38pmukl1']
[2025-01-09T16:57:08.023-0800] {standard_task_runner.py:105} INFO - Job 1752: Subtask insert_staged_raw_data
[2025-01-09T16:57:08.086-0800] {task_command.py:467} INFO - Running <TaskInstance: CovidE2EPipeDag.insert_staged_raw_data scheduled__2025-01-08T20:00:00+00:00 [running]> on host Matthews-MacBook-Air.local
[2025-01-09T16:57:08.255-0800] {taskinstance.py:3132} INFO - Exporting env vars: AIRFLOW_CTX_DAG_OWNER='Matthew Horn' AIRFLOW_CTX_DAG_ID='CovidE2EPipeDag' AIRFLOW_CTX_TASK_ID='insert_staged_raw_data' AIRFLOW_CTX_EXECUTION_DATE='2025-01-08T20:00:00+00:00' AIRFLOW_CTX_TRY_NUMBER='1' AIRFLOW_CTX_DAG_RUN_ID='scheduled__2025-01-08T20:00:00+00:00'
[2025-01-09T16:57:08.257-0800] {taskinstance.py:731} INFO - ::endgroup::
[2025-01-09T16:57:08.280-0800] {subprocess.py:78} INFO - Tmp dir root location: /var/folders/vm/rn9v1g1j739_mq8j5pfl1yxm0000gn/T
[2025-01-09T16:57:08.283-0800] {subprocess.py:88} INFO - Running command: ['/bin/bash', '-c', 'snow stage execute @CovidE2EPipeDatabase.raw_data.raw_data_stage/load_staged_data_2025-01-09.sql']
[2025-01-09T16:57:08.297-0800] {subprocess.py:99} INFO - Output:
[2025-01-09T16:57:17.181-0800] {subprocess.py:106} INFO - SUCCESS - @CovidE2EPipeDatabase.raw_data.raw_data_stage/load_staged_data_2025-01-09.sql
[2025-01-09T16:57:17.190-0800] {subprocess.py:106} INFO - +------------------+
[2025-01-09T16:57:17.191-0800] {subprocess.py:106} INFO - | Fil | Sta | Erro |
[2025-01-09T16:57:17.192-0800] {subprocess.py:106} INFO - | e   | tus | r    |
[2025-01-09T16:57:17.193-0800] {subprocess.py:106} INFO - |-----+-----+------|
[2025-01-09T16:57:17.195-0800] {subprocess.py:106} INFO - | @Co | SUC | None |
[2025-01-09T16:57:17.196-0800] {subprocess.py:106} INFO - | vid | CES |      |
[2025-01-09T16:57:17.197-0800] {subprocess.py:106} INFO - | E2E | S   |      |
[2025-01-09T16:57:17.198-0800] {subprocess.py:106} INFO - | Pip |     |      |
[2025-01-09T16:57:17.199-0800] {subprocess.py:106} INFO - | eDa |     |      |
[2025-01-09T16:57:17.201-0800] {subprocess.py:106} INFO - | tab |     |      |
[2025-01-09T16:57:17.202-0800] {subprocess.py:106} INFO - | ase |     |      |
[2025-01-09T16:57:17.203-0800] {subprocess.py:106} INFO - | .ra |     |      |
[2025-01-09T16:57:17.205-0800] {subprocess.py:106} INFO - | w_d |     |      |
[2025-01-09T16:57:17.206-0800] {subprocess.py:106} INFO - | ata |     |      |
[2025-01-09T16:57:17.207-0800] {subprocess.py:106} INFO - | .ra |     |      |
[2025-01-09T16:57:17.212-0800] {subprocess.py:106} INFO - | w_d |     |      |
[2025-01-09T16:57:17.214-0800] {subprocess.py:106} INFO - | ata |     |      |
[2025-01-09T16:57:17.215-0800] {subprocess.py:106} INFO - | _st |     |      |
[2025-01-09T16:57:17.216-0800] {subprocess.py:106} INFO - | age |     |      |
[2025-01-09T16:57:17.216-0800] {subprocess.py:106} INFO - | /lo |     |      |
[2025-01-09T16:57:17.217-0800] {subprocess.py:106} INFO - | ad_ |     |      |
[2025-01-09T16:57:17.219-0800] {subprocess.py:106} INFO - | sta |     |      |
[2025-01-09T16:57:17.221-0800] {subprocess.py:106} INFO - | ged |     |      |
[2025-01-09T16:57:17.222-0800] {subprocess.py:106} INFO - | _da |     |      |
[2025-01-09T16:57:17.225-0800] {subprocess.py:106} INFO - | ta_ |     |      |
[2025-01-09T16:57:17.227-0800] {subprocess.py:106} INFO - | 202 |     |      |
[2025-01-09T16:57:17.229-0800] {subprocess.py:106} INFO - | 5-0 |     |      |
[2025-01-09T16:57:17.229-0800] {subprocess.py:106} INFO - | 1-0 |     |      |
[2025-01-09T16:57:17.230-0800] {subprocess.py:106} INFO - | 9.s |     |      |
[2025-01-09T16:57:17.231-0800] {subprocess.py:106} INFO - | ql  |     |      |
[2025-01-09T16:57:17.232-0800] {subprocess.py:106} INFO - +------------------+
[2025-01-09T16:57:17.740-0800] {subprocess.py:110} INFO - Command exited with return code 0
[2025-01-09T16:57:17.768-0800] {taskinstance.py:340} INFO - ::group::Post task execution logs
[2025-01-09T16:57:17.770-0800] {taskinstance.py:352} INFO - Marking task as SUCCESS. dag_id=CovidE2EPipeDag, task_id=insert_staged_raw_data, run_id=scheduled__2025-01-08T20:00:00+00:00, execution_date=20250108T200000, start_date=20250110T005707, end_date=20250110T005717
[2025-01-09T16:57:17.830-0800] {local_task_job_runner.py:266} INFO - Task exited with return code 0
[2025-01-09T16:57:17.868-0800] {taskinstance.py:3895} INFO - 3 downstream tasks scheduled from follow-on schedule check
[2025-01-09T16:57:17.872-0800] {local_task_job_runner.py:245} INFO - ::endgroup::
