[2025-01-03T09:44:46.321-0800] {processor.py:186} INFO - Started process (PID=45599) to work on /opt/anaconda3/envs/airflow_env/lib/python3.9/site-packages/airflow/example_dags/subdags/subdag.py
[2025-01-03T09:44:46.322-0800] {processor.py:914} INFO - Processing file /opt/anaconda3/envs/airflow_env/lib/python3.9/site-packages/airflow/example_dags/subdags/subdag.py for tasks to queue
[2025-01-03T09:44:46.324-0800] {logging_mixin.py:190} INFO - [2025-01-03T09:44:46.323-0800] {dagbag.py:588} INFO - Filling up the DagBag from /opt/anaconda3/envs/airflow_env/lib/python3.9/site-packages/airflow/example_dags/subdags/subdag.py
[2025-01-03T09:44:46.326-0800] {processor.py:927} WARNING - No viable dags retrieved from /opt/anaconda3/envs/airflow_env/lib/python3.9/site-packages/airflow/example_dags/subdags/subdag.py
[2025-01-03T09:44:46.492-0800] {processor.py:208} INFO - Processing /opt/anaconda3/envs/airflow_env/lib/python3.9/site-packages/airflow/example_dags/subdags/subdag.py took 0.175 seconds
[2025-01-03T09:51:32.612-0800] {processor.py:186} INFO - Started process (PID=46344) to work on /opt/anaconda3/envs/airflow_env/lib/python3.9/site-packages/airflow/example_dags/subdags/subdag.py
[2025-01-03T09:51:32.617-0800] {processor.py:914} INFO - Processing file /opt/anaconda3/envs/airflow_env/lib/python3.9/site-packages/airflow/example_dags/subdags/subdag.py for tasks to queue
[2025-01-03T09:51:32.618-0800] {logging_mixin.py:190} INFO - [2025-01-03T09:51:32.618-0800] {dagbag.py:588} INFO - Filling up the DagBag from /opt/anaconda3/envs/airflow_env/lib/python3.9/site-packages/airflow/example_dags/subdags/subdag.py
[2025-01-03T09:51:32.622-0800] {processor.py:927} WARNING - No viable dags retrieved from /opt/anaconda3/envs/airflow_env/lib/python3.9/site-packages/airflow/example_dags/subdags/subdag.py
[2025-01-03T09:51:32.740-0800] {processor.py:208} INFO - Processing /opt/anaconda3/envs/airflow_env/lib/python3.9/site-packages/airflow/example_dags/subdags/subdag.py took 0.135 seconds
[2025-01-03T09:54:39.116-0800] {processor.py:186} INFO - Started process (PID=46469) to work on /opt/anaconda3/envs/airflow_env/lib/python3.9/site-packages/airflow/example_dags/subdags/subdag.py
[2025-01-03T09:54:39.119-0800] {processor.py:914} INFO - Processing file /opt/anaconda3/envs/airflow_env/lib/python3.9/site-packages/airflow/example_dags/subdags/subdag.py for tasks to queue
[2025-01-03T09:54:39.121-0800] {logging_mixin.py:190} INFO - [2025-01-03T09:54:39.121-0800] {dagbag.py:588} INFO - Filling up the DagBag from /opt/anaconda3/envs/airflow_env/lib/python3.9/site-packages/airflow/example_dags/subdags/subdag.py
[2025-01-03T09:54:39.127-0800] {processor.py:927} WARNING - No viable dags retrieved from /opt/anaconda3/envs/airflow_env/lib/python3.9/site-packages/airflow/example_dags/subdags/subdag.py
[2025-01-03T09:54:39.740-0800] {processor.py:208} INFO - Processing /opt/anaconda3/envs/airflow_env/lib/python3.9/site-packages/airflow/example_dags/subdags/subdag.py took 0.636 seconds
[2025-01-03T09:58:28.452-0800] {processor.py:186} INFO - Started process (PID=46579) to work on /opt/anaconda3/envs/airflow_env/lib/python3.9/site-packages/airflow/example_dags/subdags/subdag.py
[2025-01-03T09:58:28.454-0800] {processor.py:914} INFO - Processing file /opt/anaconda3/envs/airflow_env/lib/python3.9/site-packages/airflow/example_dags/subdags/subdag.py for tasks to queue
[2025-01-03T09:58:28.456-0800] {logging_mixin.py:190} INFO - [2025-01-03T09:58:28.456-0800] {dagbag.py:588} INFO - Filling up the DagBag from /opt/anaconda3/envs/airflow_env/lib/python3.9/site-packages/airflow/example_dags/subdags/subdag.py
[2025-01-03T09:58:28.461-0800] {processor.py:927} WARNING - No viable dags retrieved from /opt/anaconda3/envs/airflow_env/lib/python3.9/site-packages/airflow/example_dags/subdags/subdag.py
[2025-01-03T09:58:28.738-0800] {processor.py:208} INFO - Processing /opt/anaconda3/envs/airflow_env/lib/python3.9/site-packages/airflow/example_dags/subdags/subdag.py took 0.293 seconds
[2025-01-03T10:02:42.993-0800] {processor.py:186} INFO - Started process (PID=46728) to work on /opt/anaconda3/envs/airflow_env/lib/python3.9/site-packages/airflow/example_dags/subdags/subdag.py
[2025-01-03T10:02:43.000-0800] {processor.py:914} INFO - Processing file /opt/anaconda3/envs/airflow_env/lib/python3.9/site-packages/airflow/example_dags/subdags/subdag.py for tasks to queue
[2025-01-03T10:02:43.002-0800] {logging_mixin.py:190} INFO - [2025-01-03T10:02:43.001-0800] {dagbag.py:588} INFO - Filling up the DagBag from /opt/anaconda3/envs/airflow_env/lib/python3.9/site-packages/airflow/example_dags/subdags/subdag.py
[2025-01-03T10:02:43.007-0800] {processor.py:927} WARNING - No viable dags retrieved from /opt/anaconda3/envs/airflow_env/lib/python3.9/site-packages/airflow/example_dags/subdags/subdag.py
[2025-01-03T10:02:43.287-0800] {processor.py:208} INFO - Processing /opt/anaconda3/envs/airflow_env/lib/python3.9/site-packages/airflow/example_dags/subdags/subdag.py took 0.303 seconds
[2025-01-03T10:06:23.580-0800] {processor.py:186} INFO - Started process (PID=46846) to work on /opt/anaconda3/envs/airflow_env/lib/python3.9/site-packages/airflow/example_dags/subdags/subdag.py
[2025-01-03T10:06:23.582-0800] {processor.py:914} INFO - Processing file /opt/anaconda3/envs/airflow_env/lib/python3.9/site-packages/airflow/example_dags/subdags/subdag.py for tasks to queue
[2025-01-03T10:06:23.584-0800] {logging_mixin.py:190} INFO - [2025-01-03T10:06:23.583-0800] {dagbag.py:588} INFO - Filling up the DagBag from /opt/anaconda3/envs/airflow_env/lib/python3.9/site-packages/airflow/example_dags/subdags/subdag.py
[2025-01-03T10:06:23.588-0800] {processor.py:927} WARNING - No viable dags retrieved from /opt/anaconda3/envs/airflow_env/lib/python3.9/site-packages/airflow/example_dags/subdags/subdag.py
[2025-01-03T10:06:23.725-0800] {processor.py:208} INFO - Processing /opt/anaconda3/envs/airflow_env/lib/python3.9/site-packages/airflow/example_dags/subdags/subdag.py took 0.150 seconds
[2025-01-03T10:09:49.011-0800] {processor.py:186} INFO - Started process (PID=46956) to work on /opt/anaconda3/envs/airflow_env/lib/python3.9/site-packages/airflow/example_dags/subdags/subdag.py
[2025-01-03T10:09:49.013-0800] {processor.py:914} INFO - Processing file /opt/anaconda3/envs/airflow_env/lib/python3.9/site-packages/airflow/example_dags/subdags/subdag.py for tasks to queue
[2025-01-03T10:09:49.015-0800] {logging_mixin.py:190} INFO - [2025-01-03T10:09:49.014-0800] {dagbag.py:588} INFO - Filling up the DagBag from /opt/anaconda3/envs/airflow_env/lib/python3.9/site-packages/airflow/example_dags/subdags/subdag.py
[2025-01-03T10:09:49.018-0800] {processor.py:927} WARNING - No viable dags retrieved from /opt/anaconda3/envs/airflow_env/lib/python3.9/site-packages/airflow/example_dags/subdags/subdag.py
[2025-01-03T10:09:49.153-0800] {processor.py:208} INFO - Processing /opt/anaconda3/envs/airflow_env/lib/python3.9/site-packages/airflow/example_dags/subdags/subdag.py took 0.147 seconds
[2025-01-03T10:13:11.628-0800] {processor.py:186} INFO - Started process (PID=47070) to work on /opt/anaconda3/envs/airflow_env/lib/python3.9/site-packages/airflow/example_dags/subdags/subdag.py
[2025-01-03T10:13:11.632-0800] {processor.py:914} INFO - Processing file /opt/anaconda3/envs/airflow_env/lib/python3.9/site-packages/airflow/example_dags/subdags/subdag.py for tasks to queue
[2025-01-03T10:13:11.633-0800] {logging_mixin.py:190} INFO - [2025-01-03T10:13:11.633-0800] {dagbag.py:588} INFO - Filling up the DagBag from /opt/anaconda3/envs/airflow_env/lib/python3.9/site-packages/airflow/example_dags/subdags/subdag.py
[2025-01-03T10:13:11.638-0800] {processor.py:927} WARNING - No viable dags retrieved from /opt/anaconda3/envs/airflow_env/lib/python3.9/site-packages/airflow/example_dags/subdags/subdag.py
[2025-01-03T10:13:11.776-0800] {processor.py:208} INFO - Processing /opt/anaconda3/envs/airflow_env/lib/python3.9/site-packages/airflow/example_dags/subdags/subdag.py took 0.153 seconds
[2025-01-03T10:17:03.141-0800] {processor.py:186} INFO - Started process (PID=47318) to work on /opt/anaconda3/envs/airflow_env/lib/python3.9/site-packages/airflow/example_dags/subdags/subdag.py
[2025-01-03T10:17:03.146-0800] {processor.py:914} INFO - Processing file /opt/anaconda3/envs/airflow_env/lib/python3.9/site-packages/airflow/example_dags/subdags/subdag.py for tasks to queue
[2025-01-03T10:17:03.147-0800] {logging_mixin.py:190} INFO - [2025-01-03T10:17:03.147-0800] {dagbag.py:588} INFO - Filling up the DagBag from /opt/anaconda3/envs/airflow_env/lib/python3.9/site-packages/airflow/example_dags/subdags/subdag.py
[2025-01-03T10:17:03.157-0800] {processor.py:927} WARNING - No viable dags retrieved from /opt/anaconda3/envs/airflow_env/lib/python3.9/site-packages/airflow/example_dags/subdags/subdag.py
[2025-01-03T10:17:03.373-0800] {processor.py:208} INFO - Processing /opt/anaconda3/envs/airflow_env/lib/python3.9/site-packages/airflow/example_dags/subdags/subdag.py took 0.239 seconds
[2025-01-03T10:21:08.767-0800] {processor.py:186} INFO - Started process (PID=47477) to work on /opt/anaconda3/envs/airflow_env/lib/python3.9/site-packages/airflow/example_dags/subdags/subdag.py
[2025-01-03T10:21:08.770-0800] {processor.py:914} INFO - Processing file /opt/anaconda3/envs/airflow_env/lib/python3.9/site-packages/airflow/example_dags/subdags/subdag.py for tasks to queue
[2025-01-03T10:21:08.772-0800] {logging_mixin.py:190} INFO - [2025-01-03T10:21:08.771-0800] {dagbag.py:588} INFO - Filling up the DagBag from /opt/anaconda3/envs/airflow_env/lib/python3.9/site-packages/airflow/example_dags/subdags/subdag.py
[2025-01-03T10:21:08.778-0800] {processor.py:927} WARNING - No viable dags retrieved from /opt/anaconda3/envs/airflow_env/lib/python3.9/site-packages/airflow/example_dags/subdags/subdag.py
[2025-01-03T10:21:08.947-0800] {processor.py:208} INFO - Processing /opt/anaconda3/envs/airflow_env/lib/python3.9/site-packages/airflow/example_dags/subdags/subdag.py took 0.184 seconds
[2025-01-03T10:25:06.299-0800] {processor.py:186} INFO - Started process (PID=47651) to work on /opt/anaconda3/envs/airflow_env/lib/python3.9/site-packages/airflow/example_dags/subdags/subdag.py
[2025-01-03T10:25:06.302-0800] {processor.py:914} INFO - Processing file /opt/anaconda3/envs/airflow_env/lib/python3.9/site-packages/airflow/example_dags/subdags/subdag.py for tasks to queue
[2025-01-03T10:25:06.304-0800] {logging_mixin.py:190} INFO - [2025-01-03T10:25:06.304-0800] {dagbag.py:588} INFO - Filling up the DagBag from /opt/anaconda3/envs/airflow_env/lib/python3.9/site-packages/airflow/example_dags/subdags/subdag.py
[2025-01-03T10:25:06.311-0800] {processor.py:927} WARNING - No viable dags retrieved from /opt/anaconda3/envs/airflow_env/lib/python3.9/site-packages/airflow/example_dags/subdags/subdag.py
[2025-01-03T10:25:06.499-0800] {processor.py:208} INFO - Processing /opt/anaconda3/envs/airflow_env/lib/python3.9/site-packages/airflow/example_dags/subdags/subdag.py took 0.205 seconds
[2025-01-03T10:29:17.765-0800] {processor.py:186} INFO - Started process (PID=47766) to work on /opt/anaconda3/envs/airflow_env/lib/python3.9/site-packages/airflow/example_dags/subdags/subdag.py
[2025-01-03T10:29:17.770-0800] {processor.py:914} INFO - Processing file /opt/anaconda3/envs/airflow_env/lib/python3.9/site-packages/airflow/example_dags/subdags/subdag.py for tasks to queue
[2025-01-03T10:29:17.772-0800] {logging_mixin.py:190} INFO - [2025-01-03T10:29:17.771-0800] {dagbag.py:588} INFO - Filling up the DagBag from /opt/anaconda3/envs/airflow_env/lib/python3.9/site-packages/airflow/example_dags/subdags/subdag.py
[2025-01-03T10:29:17.786-0800] {processor.py:927} WARNING - No viable dags retrieved from /opt/anaconda3/envs/airflow_env/lib/python3.9/site-packages/airflow/example_dags/subdags/subdag.py
[2025-01-03T10:29:17.993-0800] {processor.py:208} INFO - Processing /opt/anaconda3/envs/airflow_env/lib/python3.9/site-packages/airflow/example_dags/subdags/subdag.py took 0.240 seconds
[2025-01-03T10:33:50.932-0800] {processor.py:186} INFO - Started process (PID=47907) to work on /opt/anaconda3/envs/airflow_env/lib/python3.9/site-packages/airflow/example_dags/subdags/subdag.py
[2025-01-03T10:33:50.938-0800] {processor.py:914} INFO - Processing file /opt/anaconda3/envs/airflow_env/lib/python3.9/site-packages/airflow/example_dags/subdags/subdag.py for tasks to queue
[2025-01-03T10:33:50.939-0800] {logging_mixin.py:190} INFO - [2025-01-03T10:33:50.939-0800] {dagbag.py:588} INFO - Filling up the DagBag from /opt/anaconda3/envs/airflow_env/lib/python3.9/site-packages/airflow/example_dags/subdags/subdag.py
[2025-01-03T10:33:50.945-0800] {processor.py:927} WARNING - No viable dags retrieved from /opt/anaconda3/envs/airflow_env/lib/python3.9/site-packages/airflow/example_dags/subdags/subdag.py
[2025-01-03T10:33:51.174-0800] {processor.py:208} INFO - Processing /opt/anaconda3/envs/airflow_env/lib/python3.9/site-packages/airflow/example_dags/subdags/subdag.py took 0.247 seconds
[2025-01-03T10:38:01.540-0800] {processor.py:186} INFO - Started process (PID=48039) to work on /opt/anaconda3/envs/airflow_env/lib/python3.9/site-packages/airflow/example_dags/subdags/subdag.py
[2025-01-03T10:38:01.545-0800] {processor.py:914} INFO - Processing file /opt/anaconda3/envs/airflow_env/lib/python3.9/site-packages/airflow/example_dags/subdags/subdag.py for tasks to queue
[2025-01-03T10:38:01.546-0800] {logging_mixin.py:190} INFO - [2025-01-03T10:38:01.546-0800] {dagbag.py:588} INFO - Filling up the DagBag from /opt/anaconda3/envs/airflow_env/lib/python3.9/site-packages/airflow/example_dags/subdags/subdag.py
[2025-01-03T10:38:01.553-0800] {processor.py:927} WARNING - No viable dags retrieved from /opt/anaconda3/envs/airflow_env/lib/python3.9/site-packages/airflow/example_dags/subdags/subdag.py
[2025-01-03T10:38:01.727-0800] {processor.py:208} INFO - Processing /opt/anaconda3/envs/airflow_env/lib/python3.9/site-packages/airflow/example_dags/subdags/subdag.py took 0.193 seconds
[2025-01-03T10:42:18.624-0800] {processor.py:186} INFO - Started process (PID=48168) to work on /opt/anaconda3/envs/airflow_env/lib/python3.9/site-packages/airflow/example_dags/subdags/subdag.py
[2025-01-03T10:42:18.630-0800] {processor.py:914} INFO - Processing file /opt/anaconda3/envs/airflow_env/lib/python3.9/site-packages/airflow/example_dags/subdags/subdag.py for tasks to queue
[2025-01-03T10:42:18.631-0800] {logging_mixin.py:190} INFO - [2025-01-03T10:42:18.631-0800] {dagbag.py:588} INFO - Filling up the DagBag from /opt/anaconda3/envs/airflow_env/lib/python3.9/site-packages/airflow/example_dags/subdags/subdag.py
[2025-01-03T10:42:18.636-0800] {processor.py:927} WARNING - No viable dags retrieved from /opt/anaconda3/envs/airflow_env/lib/python3.9/site-packages/airflow/example_dags/subdags/subdag.py
[2025-01-03T10:42:18.790-0800] {processor.py:208} INFO - Processing /opt/anaconda3/envs/airflow_env/lib/python3.9/site-packages/airflow/example_dags/subdags/subdag.py took 0.172 seconds
[2025-01-03T10:46:18.146-0800] {processor.py:186} INFO - Started process (PID=48287) to work on /opt/anaconda3/envs/airflow_env/lib/python3.9/site-packages/airflow/example_dags/subdags/subdag.py
[2025-01-03T10:46:18.150-0800] {processor.py:914} INFO - Processing file /opt/anaconda3/envs/airflow_env/lib/python3.9/site-packages/airflow/example_dags/subdags/subdag.py for tasks to queue
[2025-01-03T10:46:18.151-0800] {logging_mixin.py:190} INFO - [2025-01-03T10:46:18.151-0800] {dagbag.py:588} INFO - Filling up the DagBag from /opt/anaconda3/envs/airflow_env/lib/python3.9/site-packages/airflow/example_dags/subdags/subdag.py
[2025-01-03T10:46:18.155-0800] {processor.py:927} WARNING - No viable dags retrieved from /opt/anaconda3/envs/airflow_env/lib/python3.9/site-packages/airflow/example_dags/subdags/subdag.py
[2025-01-03T10:46:18.287-0800] {processor.py:208} INFO - Processing /opt/anaconda3/envs/airflow_env/lib/python3.9/site-packages/airflow/example_dags/subdags/subdag.py took 0.146 seconds
[2025-01-03T10:50:09.213-0800] {processor.py:186} INFO - Started process (PID=48498) to work on /opt/anaconda3/envs/airflow_env/lib/python3.9/site-packages/airflow/example_dags/subdags/subdag.py
[2025-01-03T10:50:09.216-0800] {processor.py:914} INFO - Processing file /opt/anaconda3/envs/airflow_env/lib/python3.9/site-packages/airflow/example_dags/subdags/subdag.py for tasks to queue
[2025-01-03T10:50:09.218-0800] {logging_mixin.py:190} INFO - [2025-01-03T10:50:09.217-0800] {dagbag.py:588} INFO - Filling up the DagBag from /opt/anaconda3/envs/airflow_env/lib/python3.9/site-packages/airflow/example_dags/subdags/subdag.py
[2025-01-03T10:50:09.221-0800] {processor.py:927} WARNING - No viable dags retrieved from /opt/anaconda3/envs/airflow_env/lib/python3.9/site-packages/airflow/example_dags/subdags/subdag.py
[2025-01-03T10:50:09.359-0800] {processor.py:208} INFO - Processing /opt/anaconda3/envs/airflow_env/lib/python3.9/site-packages/airflow/example_dags/subdags/subdag.py took 0.150 seconds
[2025-01-03T10:54:36.702-0800] {processor.py:186} INFO - Started process (PID=48646) to work on /opt/anaconda3/envs/airflow_env/lib/python3.9/site-packages/airflow/example_dags/subdags/subdag.py
[2025-01-03T10:54:36.705-0800] {processor.py:914} INFO - Processing file /opt/anaconda3/envs/airflow_env/lib/python3.9/site-packages/airflow/example_dags/subdags/subdag.py for tasks to queue
[2025-01-03T10:54:36.706-0800] {logging_mixin.py:190} INFO - [2025-01-03T10:54:36.706-0800] {dagbag.py:588} INFO - Filling up the DagBag from /opt/anaconda3/envs/airflow_env/lib/python3.9/site-packages/airflow/example_dags/subdags/subdag.py
[2025-01-03T10:54:36.710-0800] {processor.py:927} WARNING - No viable dags retrieved from /opt/anaconda3/envs/airflow_env/lib/python3.9/site-packages/airflow/example_dags/subdags/subdag.py
[2025-01-03T10:54:36.869-0800] {processor.py:208} INFO - Processing /opt/anaconda3/envs/airflow_env/lib/python3.9/site-packages/airflow/example_dags/subdags/subdag.py took 0.172 seconds
[2025-01-03T10:58:41.861-0800] {processor.py:186} INFO - Started process (PID=48847) to work on /opt/anaconda3/envs/airflow_env/lib/python3.9/site-packages/airflow/example_dags/subdags/subdag.py
[2025-01-03T10:58:41.866-0800] {processor.py:914} INFO - Processing file /opt/anaconda3/envs/airflow_env/lib/python3.9/site-packages/airflow/example_dags/subdags/subdag.py for tasks to queue
[2025-01-03T10:58:41.868-0800] {logging_mixin.py:190} INFO - [2025-01-03T10:58:41.868-0800] {dagbag.py:588} INFO - Filling up the DagBag from /opt/anaconda3/envs/airflow_env/lib/python3.9/site-packages/airflow/example_dags/subdags/subdag.py
[2025-01-03T10:58:41.875-0800] {processor.py:927} WARNING - No viable dags retrieved from /opt/anaconda3/envs/airflow_env/lib/python3.9/site-packages/airflow/example_dags/subdags/subdag.py
[2025-01-03T10:58:42.035-0800] {processor.py:208} INFO - Processing /opt/anaconda3/envs/airflow_env/lib/python3.9/site-packages/airflow/example_dags/subdags/subdag.py took 0.183 seconds
[2025-01-03T11:03:27.029-0800] {processor.py:186} INFO - Started process (PID=49002) to work on /opt/anaconda3/envs/airflow_env/lib/python3.9/site-packages/airflow/example_dags/subdags/subdag.py
[2025-01-03T11:03:27.038-0800] {processor.py:914} INFO - Processing file /opt/anaconda3/envs/airflow_env/lib/python3.9/site-packages/airflow/example_dags/subdags/subdag.py for tasks to queue
[2025-01-03T11:03:27.040-0800] {logging_mixin.py:190} INFO - [2025-01-03T11:03:27.040-0800] {dagbag.py:588} INFO - Filling up the DagBag from /opt/anaconda3/envs/airflow_env/lib/python3.9/site-packages/airflow/example_dags/subdags/subdag.py
[2025-01-03T11:03:27.045-0800] {processor.py:927} WARNING - No viable dags retrieved from /opt/anaconda3/envs/airflow_env/lib/python3.9/site-packages/airflow/example_dags/subdags/subdag.py
[2025-01-03T11:03:27.447-0800] {processor.py:208} INFO - Processing /opt/anaconda3/envs/airflow_env/lib/python3.9/site-packages/airflow/example_dags/subdags/subdag.py took 0.443 seconds
[2025-01-03T11:07:36.597-0800] {processor.py:186} INFO - Started process (PID=49152) to work on /opt/anaconda3/envs/airflow_env/lib/python3.9/site-packages/airflow/example_dags/subdags/subdag.py
[2025-01-03T11:07:36.601-0800] {processor.py:914} INFO - Processing file /opt/anaconda3/envs/airflow_env/lib/python3.9/site-packages/airflow/example_dags/subdags/subdag.py for tasks to queue
[2025-01-03T11:07:36.603-0800] {logging_mixin.py:190} INFO - [2025-01-03T11:07:36.602-0800] {dagbag.py:588} INFO - Filling up the DagBag from /opt/anaconda3/envs/airflow_env/lib/python3.9/site-packages/airflow/example_dags/subdags/subdag.py
[2025-01-03T11:07:36.610-0800] {processor.py:927} WARNING - No viable dags retrieved from /opt/anaconda3/envs/airflow_env/lib/python3.9/site-packages/airflow/example_dags/subdags/subdag.py
[2025-01-03T11:07:36.769-0800] {processor.py:208} INFO - Processing /opt/anaconda3/envs/airflow_env/lib/python3.9/site-packages/airflow/example_dags/subdags/subdag.py took 0.179 seconds
[2025-01-03T11:12:08.122-0800] {processor.py:186} INFO - Started process (PID=49358) to work on /opt/anaconda3/envs/airflow_env/lib/python3.9/site-packages/airflow/example_dags/subdags/subdag.py
[2025-01-03T11:12:08.133-0800] {processor.py:914} INFO - Processing file /opt/anaconda3/envs/airflow_env/lib/python3.9/site-packages/airflow/example_dags/subdags/subdag.py for tasks to queue
[2025-01-03T11:12:08.135-0800] {logging_mixin.py:190} INFO - [2025-01-03T11:12:08.135-0800] {dagbag.py:588} INFO - Filling up the DagBag from /opt/anaconda3/envs/airflow_env/lib/python3.9/site-packages/airflow/example_dags/subdags/subdag.py
[2025-01-03T11:12:08.147-0800] {processor.py:927} WARNING - No viable dags retrieved from /opt/anaconda3/envs/airflow_env/lib/python3.9/site-packages/airflow/example_dags/subdags/subdag.py
[2025-01-03T11:12:08.624-0800] {processor.py:208} INFO - Processing /opt/anaconda3/envs/airflow_env/lib/python3.9/site-packages/airflow/example_dags/subdags/subdag.py took 0.515 seconds
[2025-01-03T11:16:38.467-0800] {processor.py:186} INFO - Started process (PID=49706) to work on /opt/anaconda3/envs/airflow_env/lib/python3.9/site-packages/airflow/example_dags/subdags/subdag.py
[2025-01-03T11:16:38.476-0800] {processor.py:914} INFO - Processing file /opt/anaconda3/envs/airflow_env/lib/python3.9/site-packages/airflow/example_dags/subdags/subdag.py for tasks to queue
[2025-01-03T11:16:38.478-0800] {logging_mixin.py:190} INFO - [2025-01-03T11:16:38.477-0800] {dagbag.py:588} INFO - Filling up the DagBag from /opt/anaconda3/envs/airflow_env/lib/python3.9/site-packages/airflow/example_dags/subdags/subdag.py
[2025-01-03T11:16:38.482-0800] {processor.py:927} WARNING - No viable dags retrieved from /opt/anaconda3/envs/airflow_env/lib/python3.9/site-packages/airflow/example_dags/subdags/subdag.py
[2025-01-03T11:16:38.701-0800] {processor.py:208} INFO - Processing /opt/anaconda3/envs/airflow_env/lib/python3.9/site-packages/airflow/example_dags/subdags/subdag.py took 0.242 seconds
[2025-01-03T11:21:05.104-0800] {processor.py:186} INFO - Started process (PID=49849) to work on /opt/anaconda3/envs/airflow_env/lib/python3.9/site-packages/airflow/example_dags/subdags/subdag.py
[2025-01-03T11:21:05.106-0800] {processor.py:914} INFO - Processing file /opt/anaconda3/envs/airflow_env/lib/python3.9/site-packages/airflow/example_dags/subdags/subdag.py for tasks to queue
[2025-01-03T11:21:05.107-0800] {logging_mixin.py:190} INFO - [2025-01-03T11:21:05.107-0800] {dagbag.py:588} INFO - Filling up the DagBag from /opt/anaconda3/envs/airflow_env/lib/python3.9/site-packages/airflow/example_dags/subdags/subdag.py
[2025-01-03T11:21:05.111-0800] {processor.py:927} WARNING - No viable dags retrieved from /opt/anaconda3/envs/airflow_env/lib/python3.9/site-packages/airflow/example_dags/subdags/subdag.py
[2025-01-03T11:21:05.240-0800] {processor.py:208} INFO - Processing /opt/anaconda3/envs/airflow_env/lib/python3.9/site-packages/airflow/example_dags/subdags/subdag.py took 0.141 seconds
[2025-01-03T11:25:37.618-0800] {processor.py:186} INFO - Started process (PID=49989) to work on /opt/anaconda3/envs/airflow_env/lib/python3.9/site-packages/airflow/example_dags/subdags/subdag.py
[2025-01-03T11:25:37.623-0800] {processor.py:914} INFO - Processing file /opt/anaconda3/envs/airflow_env/lib/python3.9/site-packages/airflow/example_dags/subdags/subdag.py for tasks to queue
[2025-01-03T11:25:37.627-0800] {logging_mixin.py:190} INFO - [2025-01-03T11:25:37.626-0800] {dagbag.py:588} INFO - Filling up the DagBag from /opt/anaconda3/envs/airflow_env/lib/python3.9/site-packages/airflow/example_dags/subdags/subdag.py
[2025-01-03T11:25:37.633-0800] {processor.py:927} WARNING - No viable dags retrieved from /opt/anaconda3/envs/airflow_env/lib/python3.9/site-packages/airflow/example_dags/subdags/subdag.py
[2025-01-03T11:25:38.149-0800] {processor.py:208} INFO - Processing /opt/anaconda3/envs/airflow_env/lib/python3.9/site-packages/airflow/example_dags/subdags/subdag.py took 0.546 seconds
[2025-01-03T11:30:20.391-0800] {processor.py:186} INFO - Started process (PID=50215) to work on /opt/anaconda3/envs/airflow_env/lib/python3.9/site-packages/airflow/example_dags/subdags/subdag.py
[2025-01-03T11:30:20.394-0800] {processor.py:914} INFO - Processing file /opt/anaconda3/envs/airflow_env/lib/python3.9/site-packages/airflow/example_dags/subdags/subdag.py for tasks to queue
[2025-01-03T11:30:20.395-0800] {logging_mixin.py:190} INFO - [2025-01-03T11:30:20.395-0800] {dagbag.py:588} INFO - Filling up the DagBag from /opt/anaconda3/envs/airflow_env/lib/python3.9/site-packages/airflow/example_dags/subdags/subdag.py
[2025-01-03T11:30:20.402-0800] {processor.py:927} WARNING - No viable dags retrieved from /opt/anaconda3/envs/airflow_env/lib/python3.9/site-packages/airflow/example_dags/subdags/subdag.py
[2025-01-03T11:30:20.556-0800] {processor.py:208} INFO - Processing /opt/anaconda3/envs/airflow_env/lib/python3.9/site-packages/airflow/example_dags/subdags/subdag.py took 0.169 seconds
[2025-01-03T11:35:19.805-0800] {processor.py:186} INFO - Started process (PID=50419) to work on /opt/anaconda3/envs/airflow_env/lib/python3.9/site-packages/airflow/example_dags/subdags/subdag.py
[2025-01-03T11:35:19.808-0800] {processor.py:914} INFO - Processing file /opt/anaconda3/envs/airflow_env/lib/python3.9/site-packages/airflow/example_dags/subdags/subdag.py for tasks to queue
[2025-01-03T11:35:19.812-0800] {logging_mixin.py:190} INFO - [2025-01-03T11:35:19.812-0800] {dagbag.py:588} INFO - Filling up the DagBag from /opt/anaconda3/envs/airflow_env/lib/python3.9/site-packages/airflow/example_dags/subdags/subdag.py
[2025-01-03T11:35:19.819-0800] {processor.py:927} WARNING - No viable dags retrieved from /opt/anaconda3/envs/airflow_env/lib/python3.9/site-packages/airflow/example_dags/subdags/subdag.py
[2025-01-03T11:35:20.106-0800] {processor.py:208} INFO - Processing /opt/anaconda3/envs/airflow_env/lib/python3.9/site-packages/airflow/example_dags/subdags/subdag.py took 0.306 seconds
[2025-01-03T11:40:03.940-0800] {processor.py:186} INFO - Started process (PID=50610) to work on /opt/anaconda3/envs/airflow_env/lib/python3.9/site-packages/airflow/example_dags/subdags/subdag.py
[2025-01-03T11:40:03.949-0800] {processor.py:914} INFO - Processing file /opt/anaconda3/envs/airflow_env/lib/python3.9/site-packages/airflow/example_dags/subdags/subdag.py for tasks to queue
[2025-01-03T11:40:03.953-0800] {logging_mixin.py:190} INFO - [2025-01-03T11:40:03.952-0800] {dagbag.py:588} INFO - Filling up the DagBag from /opt/anaconda3/envs/airflow_env/lib/python3.9/site-packages/airflow/example_dags/subdags/subdag.py
[2025-01-03T11:40:03.963-0800] {processor.py:927} WARNING - No viable dags retrieved from /opt/anaconda3/envs/airflow_env/lib/python3.9/site-packages/airflow/example_dags/subdags/subdag.py
[2025-01-03T11:40:04.156-0800] {processor.py:208} INFO - Processing /opt/anaconda3/envs/airflow_env/lib/python3.9/site-packages/airflow/example_dags/subdags/subdag.py took 0.231 seconds
[2025-01-03T11:44:18.949-0800] {processor.py:186} INFO - Started process (PID=50767) to work on /opt/anaconda3/envs/airflow_env/lib/python3.9/site-packages/airflow/example_dags/subdags/subdag.py
[2025-01-03T11:44:18.953-0800] {processor.py:914} INFO - Processing file /opt/anaconda3/envs/airflow_env/lib/python3.9/site-packages/airflow/example_dags/subdags/subdag.py for tasks to queue
[2025-01-03T11:44:18.954-0800] {logging_mixin.py:190} INFO - [2025-01-03T11:44:18.954-0800] {dagbag.py:588} INFO - Filling up the DagBag from /opt/anaconda3/envs/airflow_env/lib/python3.9/site-packages/airflow/example_dags/subdags/subdag.py
[2025-01-03T11:44:18.959-0800] {processor.py:927} WARNING - No viable dags retrieved from /opt/anaconda3/envs/airflow_env/lib/python3.9/site-packages/airflow/example_dags/subdags/subdag.py
[2025-01-03T11:44:19.324-0800] {processor.py:208} INFO - Processing /opt/anaconda3/envs/airflow_env/lib/python3.9/site-packages/airflow/example_dags/subdags/subdag.py took 0.381 seconds
[2025-01-03T11:49:13.280-0800] {processor.py:186} INFO - Started process (PID=50960) to work on /opt/anaconda3/envs/airflow_env/lib/python3.9/site-packages/airflow/example_dags/subdags/subdag.py
[2025-01-03T11:49:13.283-0800] {processor.py:914} INFO - Processing file /opt/anaconda3/envs/airflow_env/lib/python3.9/site-packages/airflow/example_dags/subdags/subdag.py for tasks to queue
[2025-01-03T11:49:13.284-0800] {logging_mixin.py:190} INFO - [2025-01-03T11:49:13.284-0800] {dagbag.py:588} INFO - Filling up the DagBag from /opt/anaconda3/envs/airflow_env/lib/python3.9/site-packages/airflow/example_dags/subdags/subdag.py
[2025-01-03T11:49:13.289-0800] {processor.py:927} WARNING - No viable dags retrieved from /opt/anaconda3/envs/airflow_env/lib/python3.9/site-packages/airflow/example_dags/subdags/subdag.py
[2025-01-03T11:49:13.455-0800] {processor.py:208} INFO - Processing /opt/anaconda3/envs/airflow_env/lib/python3.9/site-packages/airflow/example_dags/subdags/subdag.py took 0.181 seconds
[2025-01-03T11:56:05.986-0800] {processor.py:186} INFO - Started process (PID=51649) to work on /opt/anaconda3/envs/airflow_env/lib/python3.9/site-packages/airflow/example_dags/subdags/subdag.py
[2025-01-03T11:56:05.992-0800] {processor.py:914} INFO - Processing file /opt/anaconda3/envs/airflow_env/lib/python3.9/site-packages/airflow/example_dags/subdags/subdag.py for tasks to queue
[2025-01-03T11:56:05.995-0800] {logging_mixin.py:190} INFO - [2025-01-03T11:56:05.994-0800] {dagbag.py:588} INFO - Filling up the DagBag from /opt/anaconda3/envs/airflow_env/lib/python3.9/site-packages/airflow/example_dags/subdags/subdag.py
[2025-01-03T11:56:05.999-0800] {processor.py:927} WARNING - No viable dags retrieved from /opt/anaconda3/envs/airflow_env/lib/python3.9/site-packages/airflow/example_dags/subdags/subdag.py
[2025-01-03T11:56:06.507-0800] {processor.py:208} INFO - Processing /opt/anaconda3/envs/airflow_env/lib/python3.9/site-packages/airflow/example_dags/subdags/subdag.py took 0.531 seconds
[2025-01-03T12:01:06.337-0800] {processor.py:186} INFO - Started process (PID=52129) to work on /opt/anaconda3/envs/airflow_env/lib/python3.9/site-packages/airflow/example_dags/subdags/subdag.py
[2025-01-03T12:01:06.342-0800] {processor.py:914} INFO - Processing file /opt/anaconda3/envs/airflow_env/lib/python3.9/site-packages/airflow/example_dags/subdags/subdag.py for tasks to queue
[2025-01-03T12:01:06.343-0800] {logging_mixin.py:190} INFO - [2025-01-03T12:01:06.343-0800] {dagbag.py:588} INFO - Filling up the DagBag from /opt/anaconda3/envs/airflow_env/lib/python3.9/site-packages/airflow/example_dags/subdags/subdag.py
[2025-01-03T12:01:06.348-0800] {processor.py:927} WARNING - No viable dags retrieved from /opt/anaconda3/envs/airflow_env/lib/python3.9/site-packages/airflow/example_dags/subdags/subdag.py
[2025-01-03T12:01:06.487-0800] {processor.py:208} INFO - Processing /opt/anaconda3/envs/airflow_env/lib/python3.9/site-packages/airflow/example_dags/subdags/subdag.py took 0.154 seconds
[2025-01-03T12:06:44.631-0800] {processor.py:186} INFO - Started process (PID=52375) to work on /opt/anaconda3/envs/airflow_env/lib/python3.9/site-packages/airflow/example_dags/subdags/subdag.py
[2025-01-03T12:06:44.634-0800] {processor.py:914} INFO - Processing file /opt/anaconda3/envs/airflow_env/lib/python3.9/site-packages/airflow/example_dags/subdags/subdag.py for tasks to queue
[2025-01-03T12:06:44.636-0800] {logging_mixin.py:190} INFO - [2025-01-03T12:06:44.636-0800] {dagbag.py:588} INFO - Filling up the DagBag from /opt/anaconda3/envs/airflow_env/lib/python3.9/site-packages/airflow/example_dags/subdags/subdag.py
[2025-01-03T12:06:44.645-0800] {processor.py:927} WARNING - No viable dags retrieved from /opt/anaconda3/envs/airflow_env/lib/python3.9/site-packages/airflow/example_dags/subdags/subdag.py
[2025-01-03T12:06:44.796-0800] {processor.py:208} INFO - Processing /opt/anaconda3/envs/airflow_env/lib/python3.9/site-packages/airflow/example_dags/subdags/subdag.py took 0.169 seconds
[2025-01-03T12:11:57.532-0800] {processor.py:186} INFO - Started process (PID=52838) to work on /opt/anaconda3/envs/airflow_env/lib/python3.9/site-packages/airflow/example_dags/subdags/subdag.py
[2025-01-03T12:11:57.535-0800] {processor.py:914} INFO - Processing file /opt/anaconda3/envs/airflow_env/lib/python3.9/site-packages/airflow/example_dags/subdags/subdag.py for tasks to queue
[2025-01-03T12:11:57.536-0800] {logging_mixin.py:190} INFO - [2025-01-03T12:11:57.536-0800] {dagbag.py:588} INFO - Filling up the DagBag from /opt/anaconda3/envs/airflow_env/lib/python3.9/site-packages/airflow/example_dags/subdags/subdag.py
[2025-01-03T12:11:57.541-0800] {processor.py:927} WARNING - No viable dags retrieved from /opt/anaconda3/envs/airflow_env/lib/python3.9/site-packages/airflow/example_dags/subdags/subdag.py
[2025-01-03T12:11:57.717-0800] {processor.py:208} INFO - Processing /opt/anaconda3/envs/airflow_env/lib/python3.9/site-packages/airflow/example_dags/subdags/subdag.py took 0.189 seconds
