[2025-01-03T19:26:14.506-0800] {local_task_job_runner.py:123} INFO - ::group::Pre task execution logs
[2025-01-03T19:26:14.523-0800] {taskinstance.py:2613} INFO - Dependencies all met for dep_context=non-requeueable deps ti=<TaskInstance: CovidE2EPipeDag.archive_raw_data manual__2025-01-04T03:22:17.034934+00:00 [queued]>
[2025-01-03T19:26:14.533-0800] {taskinstance.py:2613} INFO - Dependencies all met for dep_context=requeueable deps ti=<TaskInstance: CovidE2EPipeDag.archive_raw_data manual__2025-01-04T03:22:17.034934+00:00 [queued]>
[2025-01-03T19:26:14.533-0800] {taskinstance.py:2866} INFO - Starting attempt 1 of 2
[2025-01-03T19:26:14.551-0800] {taskinstance.py:2889} INFO - Executing <Task(BashOperator): archive_raw_data> on 2025-01-04 03:22:17.034934+00:00
[2025-01-03T19:26:14.556-0800] {standard_task_runner.py:72} INFO - Started process 64226 to run task
[2025-01-03T19:26:14.564-0800] {standard_task_runner.py:104} INFO - Running: ['airflow', 'tasks', 'run', 'CovidE2EPipeDag', 'archive_raw_data', 'manual__2025-01-04T03:22:17.034934+00:00', '--job-id', '239', '--raw', '--subdir', 'DAGS_FOLDER/CovidE2EPipeDag.py', '--cfg-path', '/var/folders/vm/rn9v1g1j739_mq8j5pfl1yxm0000gn/T/tmpi5d_v0w5']
[2025-01-03T19:26:14.567-0800] {standard_task_runner.py:105} INFO - Job 239: Subtask archive_raw_data
[2025-01-03T19:26:14.637-0800] {task_command.py:467} INFO - Running <TaskInstance: CovidE2EPipeDag.archive_raw_data manual__2025-01-04T03:22:17.034934+00:00 [running]> on host Matthews-MacBook-Air.local
[2025-01-03T19:26:14.770-0800] {taskinstance.py:3132} INFO - Exporting env vars: AIRFLOW_CTX_DAG_OWNER='Matthew Horn' AIRFLOW_CTX_DAG_ID='CovidE2EPipeDag' AIRFLOW_CTX_TASK_ID='archive_raw_data' AIRFLOW_CTX_EXECUTION_DATE='2025-01-04T03:22:17.034934+00:00' AIRFLOW_CTX_TRY_NUMBER='1' AIRFLOW_CTX_DAG_RUN_ID='manual__2025-01-04T03:22:17.034934+00:00'
[2025-01-03T19:26:14.775-0800] {logging_mixin.py:190} INFO - Task instance is in running state
[2025-01-03T19:26:14.777-0800] {logging_mixin.py:190} INFO -  Previous state of the Task instance: queued
[2025-01-03T19:26:14.778-0800] {logging_mixin.py:190} INFO - Current task name:archive_raw_data state:running start_date:2025-01-04 03:26:14.524182+00:00
[2025-01-03T19:26:14.779-0800] {logging_mixin.py:190} INFO - Dag name:CovidE2EPipeDag and current dag run status:running
[2025-01-03T19:26:14.782-0800] {taskinstance.py:731} INFO - ::endgroup::
[2025-01-03T19:26:14.786-0800] {subprocess.py:78} INFO - Tmp dir root location: /var/folders/vm/rn9v1g1j739_mq8j5pfl1yxm0000gn/T
[2025-01-03T19:26:14.790-0800] {subprocess.py:88} INFO - Running command: ['/bin/bash', '-c', 'cd ~/airflow/data/raw && zip raw_data_2025-01-04.zip *.csv                     && mv raw_data_2025-01-04.zip archived/']
[2025-01-03T19:26:14.802-0800] {subprocess.py:99} INFO - Output:
[2025-01-03T19:26:14.844-0800] {subprocess.py:106} INFO -   adding: 30yr_mortage_2025-01-02.csv (deflated 82%)
[2025-01-03T19:26:14.847-0800] {subprocess.py:106} INFO -   adding: GDP_2025-01-02.csv (deflated 77%)
[2025-01-03T19:26:14.852-0800] {subprocess.py:106} INFO -   adding: US_CPI_2025-01-02.csv (deflated 81%)
[2025-01-03T19:26:14.853-0800] {subprocess.py:106} INFO -   adding: exchanges_2025-01-02.csv (deflated 41%)
[2025-01-03T19:26:14.862-0800] {subprocess.py:106} INFO -   adding: industrial_production_2025-01-02.csv (deflated 80%)
[2025-01-03T19:26:14.874-0800] {subprocess.py:106} INFO -   adding: industrial_production_2025-01-03.csv (deflated 80%)
[2025-01-03T19:26:14.875-0800] {subprocess.py:106} INFO -   adding: stocks_eod_2025-01-02.csv (deflated 72%)
[2025-01-03T19:26:14.876-0800] {subprocess.py:106} INFO -   adding: trade_balance_2025-01-02.csv (deflated 79%)
[2025-01-03T19:26:14.879-0800] {subprocess.py:106} INFO -   adding: unemployment_rate_2025-01-02.csv (deflated 84%)
[2025-01-03T19:26:14.886-0800] {subprocess.py:110} INFO - Command exited with return code 0
[2025-01-03T19:26:14.952-0800] {taskinstance.py:340} INFO - ::group::Post task execution logs
[2025-01-03T19:26:14.955-0800] {taskinstance.py:352} INFO - Marking task as SUCCESS. dag_id=CovidE2EPipeDag, task_id=archive_raw_data, run_id=manual__2025-01-04T03:22:17.034934+00:00, execution_date=20250104T032217, start_date=20250104T032614, end_date=20250104T032614
[2025-01-03T19:26:14.969-0800] {logging_mixin.py:190} INFO - Task instance in success state
[2025-01-03T19:26:14.969-0800] {logging_mixin.py:190} INFO -  Previous state of the Task instance: running
[2025-01-03T19:26:14.970-0800] {logging_mixin.py:190} INFO - Dag name:CovidE2EPipeDag queued_at:2025-01-04 03:22:17.099887+00:00
[2025-01-03T19:26:14.973-0800] {logging_mixin.py:190} INFO - Task hostname:Matthews-MacBook-Air.local operator:BashOperator
[2025-01-03T19:26:15.019-0800] {local_task_job_runner.py:266} INFO - Task exited with return code 0
[2025-01-03T19:26:15.051-0800] {taskinstance.py:3895} INFO - 0 downstream tasks scheduled from follow-on schedule check
[2025-01-03T19:26:15.052-0800] {local_task_job_runner.py:245} INFO - ::endgroup::
