[2025-01-08T19:24:18.926-0800] {local_task_job_runner.py:123} INFO - ::group::Pre task execution logs
[2025-01-08T19:24:18.941-0800] {taskinstance.py:2613} INFO - Dependencies all met for dep_context=non-requeueable deps ti=<TaskInstance: CovidE2EPipeDag.insert_staged_raw_data manual__2025-01-09T03:22:16.692390+00:00 [queued]>
[2025-01-08T19:24:18.951-0800] {taskinstance.py:2613} INFO - Dependencies all met for dep_context=requeueable deps ti=<TaskInstance: CovidE2EPipeDag.insert_staged_raw_data manual__2025-01-09T03:22:16.692390+00:00 [queued]>
[2025-01-08T19:24:18.952-0800] {taskinstance.py:2866} INFO - Starting attempt 1 of 2
[2025-01-08T19:24:18.970-0800] {taskinstance.py:2889} INFO - Executing <Task(BashOperator): insert_staged_raw_data> on 2025-01-09 03:22:16.692390+00:00
[2025-01-08T19:24:18.973-0800] {standard_task_runner.py:72} INFO - Started process 8941 to run task
[2025-01-08T19:24:18.981-0800] {standard_task_runner.py:104} INFO - Running: ['airflow', 'tasks', 'run', 'CovidE2EPipeDag', 'insert_staged_raw_data', 'manual__2025-01-09T03:22:16.692390+00:00', '--job-id', '1674', '--raw', '--subdir', 'DAGS_FOLDER/CovidE2EPipeDag.py', '--cfg-path', '/var/folders/vm/rn9v1g1j739_mq8j5pfl1yxm0000gn/T/tmp7ln1tx1m']
[2025-01-08T19:24:18.984-0800] {standard_task_runner.py:105} INFO - Job 1674: Subtask insert_staged_raw_data
[2025-01-08T19:24:19.052-0800] {task_command.py:467} INFO - Running <TaskInstance: CovidE2EPipeDag.insert_staged_raw_data manual__2025-01-09T03:22:16.692390+00:00 [running]> on host Matthews-MacBook-Air.local
[2025-01-08T19:24:19.155-0800] {taskinstance.py:3132} INFO - Exporting env vars: AIRFLOW_CTX_DAG_OWNER='Matthew Horn' AIRFLOW_CTX_DAG_ID='CovidE2EPipeDag' AIRFLOW_CTX_TASK_ID='insert_staged_raw_data' AIRFLOW_CTX_EXECUTION_DATE='2025-01-09T03:22:16.692390+00:00' AIRFLOW_CTX_TRY_NUMBER='1' AIRFLOW_CTX_DAG_RUN_ID='manual__2025-01-09T03:22:16.692390+00:00'
[2025-01-08T19:24:19.156-0800] {taskinstance.py:731} INFO - ::endgroup::
[2025-01-08T19:24:19.177-0800] {subprocess.py:78} INFO - Tmp dir root location: /var/folders/vm/rn9v1g1j739_mq8j5pfl1yxm0000gn/T
[2025-01-08T19:24:19.178-0800] {subprocess.py:88} INFO - Running command: ['/bin/bash', '-c', 'snow stage execute @CovidE2EPipeDatabase.raw_data.raw_data_stage/load_staged_data_2025-01-08.sql']
[2025-01-08T19:24:19.186-0800] {subprocess.py:99} INFO - Output:
[2025-01-08T19:24:27.002-0800] {subprocess.py:106} INFO - SUCCESS - @CovidE2EPipeDatabase.raw_data.raw_data_stage/load_staged_data_2025-01-08.sql
[2025-01-08T19:24:27.008-0800] {subprocess.py:106} INFO - +-------------------------------------------------------------------------------------------+
[2025-01-08T19:24:27.011-0800] {subprocess.py:106} INFO - | File                                                                    | Status  | Error |
[2025-01-08T19:24:27.013-0800] {subprocess.py:106} INFO - |-------------------------------------------------------------------------+---------+-------|
[2025-01-08T19:24:27.014-0800] {subprocess.py:106} INFO - | @CovidE2EPipeDatabase.raw_data.raw_data_stage/load_staged_data_2025-01- | SUCCESS | None  |
[2025-01-08T19:24:27.015-0800] {subprocess.py:106} INFO - | 08.sql                                                                  |         |       |
[2025-01-08T19:24:27.019-0800] {subprocess.py:106} INFO - +-------------------------------------------------------------------------------------------+
[2025-01-08T19:24:27.519-0800] {subprocess.py:110} INFO - Command exited with return code 0
[2025-01-08T19:24:27.550-0800] {taskinstance.py:340} INFO - ::group::Post task execution logs
[2025-01-08T19:24:27.552-0800] {taskinstance.py:352} INFO - Marking task as SUCCESS. dag_id=CovidE2EPipeDag, task_id=insert_staged_raw_data, run_id=manual__2025-01-09T03:22:16.692390+00:00, execution_date=20250109T032216, start_date=20250109T032418, end_date=20250109T032427
[2025-01-08T19:24:27.576-0800] {local_task_job_runner.py:266} INFO - Task exited with return code 0
[2025-01-08T19:24:27.603-0800] {taskinstance.py:3895} INFO - 3 downstream tasks scheduled from follow-on schedule check
[2025-01-08T19:24:27.606-0800] {local_task_job_runner.py:245} INFO - ::endgroup::
