[2025-01-04T10:39:08.749-0800] {local_task_job_runner.py:123} INFO - ::group::Pre task execution logs
[2025-01-04T10:39:08.762-0800] {taskinstance.py:2613} INFO - Dependencies all met for dep_context=non-requeueable deps ti=<TaskInstance: CovidE2EPipeDag.stage_sql scheduled__2025-01-01T00:53:00+00:00 [queued]>
[2025-01-04T10:39:08.769-0800] {taskinstance.py:2613} INFO - Dependencies all met for dep_context=requeueable deps ti=<TaskInstance: CovidE2EPipeDag.stage_sql scheduled__2025-01-01T00:53:00+00:00 [queued]>
[2025-01-04T10:39:08.770-0800] {taskinstance.py:2866} INFO - Starting attempt 2 of 2
[2025-01-04T10:39:08.786-0800] {taskinstance.py:2889} INFO - Executing <Task(BashOperator): stage_sql> on 2025-01-01 00:53:00+00:00
[2025-01-04T10:39:08.790-0800] {standard_task_runner.py:72} INFO - Started process 74810 to run task
[2025-01-04T10:39:08.800-0800] {standard_task_runner.py:104} INFO - Running: ['airflow', 'tasks', 'run', 'CovidE2EPipeDag', 'stage_sql', 'scheduled__2025-01-01T00:53:00+00:00', '--job-id', '801', '--raw', '--subdir', 'DAGS_FOLDER/CovidE2EPipeDag.py', '--cfg-path', '/var/folders/vm/rn9v1g1j739_mq8j5pfl1yxm0000gn/T/tmpt2qc1ub8']
[2025-01-04T10:39:08.803-0800] {standard_task_runner.py:105} INFO - Job 801: Subtask stage_sql
[2025-01-04T10:39:08.882-0800] {task_command.py:467} INFO - Running <TaskInstance: CovidE2EPipeDag.stage_sql scheduled__2025-01-01T00:53:00+00:00 [running]> on host Matthews-MacBook-Air.local
[2025-01-04T10:39:09.002-0800] {taskinstance.py:3132} INFO - Exporting env vars: AIRFLOW_CTX_DAG_OWNER='Matthew Horn' AIRFLOW_CTX_DAG_ID='CovidE2EPipeDag' AIRFLOW_CTX_TASK_ID='stage_sql' AIRFLOW_CTX_EXECUTION_DATE='2025-01-01T00:53:00+00:00' AIRFLOW_CTX_TRY_NUMBER='2' AIRFLOW_CTX_DAG_RUN_ID='scheduled__2025-01-01T00:53:00+00:00'
[2025-01-04T10:39:09.006-0800] {logging_mixin.py:190} INFO - Task instance is in running state
[2025-01-04T10:39:09.007-0800] {logging_mixin.py:190} INFO -  Previous state of the Task instance: queued
[2025-01-04T10:39:09.008-0800] {logging_mixin.py:190} INFO - Current task name:stage_sql state:running start_date:2025-01-04 18:39:08.762942+00:00
[2025-01-04T10:39:09.008-0800] {logging_mixin.py:190} INFO - Dag name:CovidE2EPipeDag and current dag run status:running
[2025-01-04T10:39:09.009-0800] {taskinstance.py:731} INFO - ::endgroup::
[2025-01-04T10:39:09.012-0800] {subprocess.py:78} INFO - Tmp dir root location: /var/folders/vm/rn9v1g1j739_mq8j5pfl1yxm0000gn/T
[2025-01-04T10:39:09.013-0800] {subprocess.py:88} INFO - Running command: ['/bin/bash', '-c', 'snow stage copy ~/airflow/helper_scripts/load_staged_data_2025-01-04.sql']
[2025-01-04T10:39:09.022-0800] {subprocess.py:99} INFO - Output:
[2025-01-04T10:39:12.496-0800] {subprocess.py:106} INFO - Usage: snow stage copy [OPTIONS] SOURCE_PATH DESTINATION_PATH
[2025-01-04T10:39:12.497-0800] {subprocess.py:106} INFO - Try 'snow stage copy --help' for help.
[2025-01-04T10:39:12.498-0800] {subprocess.py:106} INFO - ╭─ Error ───────────────────────────────────────────────────╮
[2025-01-04T10:39:12.499-0800] {subprocess.py:106} INFO - │ Missing argument 'DESTINATION_PATH'.                      │
[2025-01-04T10:39:12.500-0800] {subprocess.py:106} INFO - ╰───────────────────────────────────────────────────────────╯
[2025-01-04T10:39:12.822-0800] {subprocess.py:110} INFO - Command exited with return code 2
[2025-01-04T10:39:12.845-0800] {taskinstance.py:3311} ERROR - Task failed with exception
Traceback (most recent call last):
  File "/opt/anaconda3/envs/airflow_env/lib/python3.9/site-packages/airflow/models/taskinstance.py", line 767, in _execute_task
    result = _execute_callable(context=context, **execute_callable_kwargs)
  File "/opt/anaconda3/envs/airflow_env/lib/python3.9/site-packages/airflow/models/taskinstance.py", line 733, in _execute_callable
    return ExecutionCallableRunner(
  File "/opt/anaconda3/envs/airflow_env/lib/python3.9/site-packages/airflow/utils/operator_helpers.py", line 252, in run
    return self.func(*args, **kwargs)
  File "/opt/anaconda3/envs/airflow_env/lib/python3.9/site-packages/airflow/models/baseoperator.py", line 422, in wrapper
    return func(self, *args, **kwargs)
  File "/opt/anaconda3/envs/airflow_env/lib/python3.9/site-packages/airflow/operators/bash.py", line 276, in execute
    raise AirflowException(
airflow.exceptions.AirflowException: Bash command failed. The command returned a non-zero exit code 2.
[2025-01-04T10:39:12.855-0800] {logging_mixin.py:190} INFO - Task instance in failure state
[2025-01-04T10:39:12.855-0800] {logging_mixin.py:190} INFO - Task start:2025-01-04 18:39:08.762942+00:00 end:2025-01-04 18:39:12.853792+00:00 duration:4.09085
[2025-01-04T10:39:12.856-0800] {logging_mixin.py:190} INFO - Task:<Task(BashOperator): stage_sql> dag:<DAG: CovidE2EPipeDag> dagrun:<DagRun CovidE2EPipeDag @ 2025-01-01 00:53:00+00:00: scheduled__2025-01-01T00:53:00+00:00, state:running, queued_at: 2025-01-04 18:33:25.627986+00:00. externally triggered: False>
[2025-01-04T10:39:12.857-0800] {logging_mixin.py:190} INFO - Failure caused by Bash command failed. The command returned a non-zero exit code 2.
[2025-01-04T10:39:12.858-0800] {taskinstance.py:1225} INFO - Marking task as FAILED. dag_id=CovidE2EPipeDag, task_id=stage_sql, run_id=scheduled__2025-01-01T00:53:00+00:00, execution_date=20250101T005300, start_date=20250104T183908, end_date=20250104T183912
[2025-01-04T10:39:12.879-0800] {taskinstance.py:340} INFO - ::group::Post task execution logs
[2025-01-04T10:39:12.880-0800] {standard_task_runner.py:124} ERROR - Failed to execute job 801 for task stage_sql (Bash command failed. The command returned a non-zero exit code 2.; 74810)
Traceback (most recent call last):
  File "/opt/anaconda3/envs/airflow_env/lib/python3.9/site-packages/airflow/task/task_runner/standard_task_runner.py", line 117, in _start_by_fork
    ret = args.func(args, dag=self.dag)
  File "/opt/anaconda3/envs/airflow_env/lib/python3.9/site-packages/airflow/cli/cli_config.py", line 49, in command
    return func(*args, **kwargs)
  File "/opt/anaconda3/envs/airflow_env/lib/python3.9/site-packages/airflow/utils/cli.py", line 116, in wrapper
    return f(*args, **kwargs)
  File "/opt/anaconda3/envs/airflow_env/lib/python3.9/site-packages/airflow/cli/commands/task_command.py", line 483, in task_run
    task_return_code = _run_task_by_selected_method(args, _dag, ti)
  File "/opt/anaconda3/envs/airflow_env/lib/python3.9/site-packages/airflow/cli/commands/task_command.py", line 256, in _run_task_by_selected_method
    return _run_raw_task(args, ti)
  File "/opt/anaconda3/envs/airflow_env/lib/python3.9/site-packages/airflow/cli/commands/task_command.py", line 341, in _run_raw_task
    return ti._run_raw_task(
  File "/opt/anaconda3/envs/airflow_env/lib/python3.9/site-packages/airflow/utils/session.py", line 97, in wrapper
    return func(*args, session=session, **kwargs)
  File "/opt/anaconda3/envs/airflow_env/lib/python3.9/site-packages/airflow/models/taskinstance.py", line 3005, in _run_raw_task
    return _run_raw_task(
  File "/opt/anaconda3/envs/airflow_env/lib/python3.9/site-packages/airflow/models/taskinstance.py", line 273, in _run_raw_task
    TaskInstance._execute_task_with_callbacks(
  File "/opt/anaconda3/envs/airflow_env/lib/python3.9/site-packages/airflow/models/taskinstance.py", line 3159, in _execute_task_with_callbacks
    result = self._execute_task(context, task_orig)
  File "/opt/anaconda3/envs/airflow_env/lib/python3.9/site-packages/airflow/models/taskinstance.py", line 3183, in _execute_task
    return _execute_task(self, context, task_orig)
  File "/opt/anaconda3/envs/airflow_env/lib/python3.9/site-packages/airflow/models/taskinstance.py", line 767, in _execute_task
    result = _execute_callable(context=context, **execute_callable_kwargs)
  File "/opt/anaconda3/envs/airflow_env/lib/python3.9/site-packages/airflow/models/taskinstance.py", line 733, in _execute_callable
    return ExecutionCallableRunner(
  File "/opt/anaconda3/envs/airflow_env/lib/python3.9/site-packages/airflow/utils/operator_helpers.py", line 252, in run
    return self.func(*args, **kwargs)
  File "/opt/anaconda3/envs/airflow_env/lib/python3.9/site-packages/airflow/models/baseoperator.py", line 422, in wrapper
    return func(self, *args, **kwargs)
  File "/opt/anaconda3/envs/airflow_env/lib/python3.9/site-packages/airflow/operators/bash.py", line 276, in execute
    raise AirflowException(
airflow.exceptions.AirflowException: Bash command failed. The command returned a non-zero exit code 2.
[2025-01-04T10:39:12.909-0800] {local_task_job_runner.py:266} INFO - Task exited with return code 1
[2025-01-04T10:39:13.006-0800] {taskinstance.py:3895} INFO - 0 downstream tasks scheduled from follow-on schedule check
[2025-01-04T10:39:13.010-0800] {local_task_job_runner.py:245} INFO - ::endgroup::
