[2025-01-03T20:52:23.350-0800] {local_task_job_runner.py:123} INFO - ::group::Pre task execution logs
[2025-01-03T20:52:23.370-0800] {taskinstance.py:2613} INFO - Dependencies all met for dep_context=non-requeueable deps ti=<TaskInstance: CovidE2EPipeDag.create_load_sql_file scheduled__2025-01-01T00:20:00+00:00 [queued]>
[2025-01-03T20:52:23.383-0800] {taskinstance.py:2613} INFO - Dependencies all met for dep_context=requeueable deps ti=<TaskInstance: CovidE2EPipeDag.create_load_sql_file scheduled__2025-01-01T00:20:00+00:00 [queued]>
[2025-01-03T20:52:23.383-0800] {taskinstance.py:2866} INFO - Starting attempt 1 of 2
[2025-01-03T20:52:23.411-0800] {taskinstance.py:2889} INFO - Executing <Task(BashOperator): create_load_sql_file> on 2025-01-01 00:20:00+00:00
[2025-01-03T20:52:23.415-0800] {standard_task_runner.py:72} INFO - Started process 68510 to run task
[2025-01-03T20:52:23.424-0800] {standard_task_runner.py:104} INFO - Running: ['airflow', 'tasks', 'run', 'CovidE2EPipeDag', 'create_load_sql_file', 'scheduled__2025-01-01T00:20:00+00:00', '--job-id', '453', '--raw', '--subdir', 'DAGS_FOLDER/CovidE2EPipeDag.py', '--cfg-path', '/var/folders/vm/rn9v1g1j739_mq8j5pfl1yxm0000gn/T/tmp6nb8mrfd']
[2025-01-03T20:52:23.429-0800] {standard_task_runner.py:105} INFO - Job 453: Subtask create_load_sql_file
[2025-01-03T20:52:23.517-0800] {task_command.py:467} INFO - Running <TaskInstance: CovidE2EPipeDag.create_load_sql_file scheduled__2025-01-01T00:20:00+00:00 [running]> on host Matthews-MacBook-Air.local
[2025-01-03T20:52:23.801-0800] {taskinstance.py:3132} INFO - Exporting env vars: AIRFLOW_CTX_DAG_OWNER='Matthew Horn' AIRFLOW_CTX_DAG_ID='CovidE2EPipeDag' AIRFLOW_CTX_TASK_ID='create_load_sql_file' AIRFLOW_CTX_EXECUTION_DATE='2025-01-01T00:20:00+00:00' AIRFLOW_CTX_TRY_NUMBER='1' AIRFLOW_CTX_DAG_RUN_ID='scheduled__2025-01-01T00:20:00+00:00'
[2025-01-03T20:52:23.807-0800] {logging_mixin.py:190} INFO - Task instance is in running state
[2025-01-03T20:52:23.808-0800] {logging_mixin.py:190} INFO -  Previous state of the Task instance: queued
[2025-01-03T20:52:23.809-0800] {logging_mixin.py:190} INFO - Current task name:create_load_sql_file state:running start_date:2025-01-04 04:52:23.371408+00:00
[2025-01-03T20:52:23.811-0800] {logging_mixin.py:190} INFO - Dag name:CovidE2EPipeDag and current dag run status:running
[2025-01-03T20:52:23.812-0800] {taskinstance.py:731} INFO - ::endgroup::
[2025-01-03T20:52:23.813-0800] {subprocess.py:78} INFO - Tmp dir root location: /var/folders/vm/rn9v1g1j739_mq8j5pfl1yxm0000gn/T
[2025-01-03T20:52:23.814-0800] {subprocess.py:88} INFO - Running command: ['/bin/bash', '-c', 'echo "COPY INTO CovidE2EPipeDatabase.raw_data.industrial_production\n    FROM @raw_data_stage\n    FILES = (\'~/airflow/data/raw/industrial_production_2025-01-03.csv\')\n    FILE_FORMAT = ( TYPE=\'CSV\' )\n    ON_ERROR = \'CONTINUE\';\n    " > ~/airflow/helper_scripts/load_staged_data_2025-01-03.sql']
[2025-01-03T20:52:23.836-0800] {subprocess.py:99} INFO - Output:
[2025-01-03T20:52:23.843-0800] {subprocess.py:110} INFO - Command exited with return code 0
[2025-01-03T20:52:23.896-0800] {taskinstance.py:340} INFO - ::group::Post task execution logs
[2025-01-03T20:52:23.899-0800] {taskinstance.py:352} INFO - Marking task as SUCCESS. dag_id=CovidE2EPipeDag, task_id=create_load_sql_file, run_id=scheduled__2025-01-01T00:20:00+00:00, execution_date=20250101T002000, start_date=20250104T045223, end_date=20250104T045223
[2025-01-03T20:52:23.918-0800] {logging_mixin.py:190} INFO - Task instance in success state
[2025-01-03T20:52:23.919-0800] {logging_mixin.py:190} INFO -  Previous state of the Task instance: running
[2025-01-03T20:52:23.927-0800] {logging_mixin.py:190} INFO - Dag name:CovidE2EPipeDag queued_at:2025-01-04 04:50:40.787730+00:00
[2025-01-03T20:52:23.931-0800] {logging_mixin.py:190} INFO - Task hostname:Matthews-MacBook-Air.local operator:BashOperator
[2025-01-03T20:52:23.967-0800] {local_task_job_runner.py:266} INFO - Task exited with return code 0
[2025-01-03T20:52:24.008-0800] {taskinstance.py:3895} INFO - 0 downstream tasks scheduled from follow-on schedule check
[2025-01-03T20:52:24.010-0800] {local_task_job_runner.py:245} INFO - ::endgroup::
