[2025-01-03T09:50:43.994-0800] {processor.py:186} INFO - Started process (PID=46316) to work on /opt/anaconda3/envs/airflow_env/lib/python3.9/site-packages/airflow/example_dags/example_datasets.py
[2025-01-03T09:50:43.995-0800] {processor.py:914} INFO - Processing file /opt/anaconda3/envs/airflow_env/lib/python3.9/site-packages/airflow/example_dags/example_datasets.py for tasks to queue
[2025-01-03T09:50:43.996-0800] {logging_mixin.py:190} INFO - [2025-01-03T09:50:43.996-0800] {dagbag.py:588} INFO - Filling up the DagBag from /opt/anaconda3/envs/airflow_env/lib/python3.9/site-packages/airflow/example_dags/example_datasets.py
[2025-01-03T09:50:44.056-0800] {processor.py:925} INFO - DAG(s) 'consume_1_or_both_2_and_3_with_dataset_expressions', 'dataset_produces_2', 'dataset_consumes_1_and_2', 'dataset_consumes_1', 'dataset_consumes_unknown_never_scheduled', 'consume_1_or_2_with_dataset_expressions', 'consume_1_and_2_with_dataset_expressions', 'dataset_produces_1', 'dataset_consumes_1_never_scheduled', 'conditional_dataset_and_time_based_timetable' retrieved from /opt/anaconda3/envs/airflow_env/lib/python3.9/site-packages/airflow/example_dags/example_datasets.py
[2025-01-03T09:50:44.202-0800] {logging_mixin.py:190} INFO - [2025-01-03T09:50:44.202-0800] {dag.py:3239} INFO - Sync 10 DAGs
[2025-01-03T09:50:44.226-0800] {logging_mixin.py:190} INFO - [2025-01-03T09:50:44.225-0800] {dag.py:4180} INFO - Setting next_dagrun for conditional_dataset_and_time_based_timetable to 2025-01-01 01:00:00+00:00, run_after=2025-01-01 01:00:00+00:00
[2025-01-03T09:50:44.230-0800] {logging_mixin.py:190} INFO - [2025-01-03T09:50:44.229-0800] {dag.py:4180} INFO - Setting next_dagrun for consume_1_and_2_with_dataset_expressions to None, run_after=None
[2025-01-03T09:50:44.231-0800] {logging_mixin.py:190} INFO - [2025-01-03T09:50:44.231-0800] {dag.py:4180} INFO - Setting next_dagrun for consume_1_or_2_with_dataset_expressions to None, run_after=None
[2025-01-03T09:50:44.233-0800] {logging_mixin.py:190} INFO - [2025-01-03T09:50:44.232-0800] {dag.py:4180} INFO - Setting next_dagrun for consume_1_or_both_2_and_3_with_dataset_expressions to None, run_after=None
[2025-01-03T09:50:44.234-0800] {logging_mixin.py:190} INFO - [2025-01-03T09:50:44.233-0800] {dag.py:4180} INFO - Setting next_dagrun for dataset_consumes_1 to None, run_after=None
[2025-01-03T09:50:44.235-0800] {logging_mixin.py:190} INFO - [2025-01-03T09:50:44.235-0800] {dag.py:4180} INFO - Setting next_dagrun for dataset_consumes_1_and_2 to None, run_after=None
[2025-01-03T09:50:44.236-0800] {logging_mixin.py:190} INFO - [2025-01-03T09:50:44.236-0800] {dag.py:4180} INFO - Setting next_dagrun for dataset_consumes_1_never_scheduled to None, run_after=None
[2025-01-03T09:50:44.237-0800] {logging_mixin.py:190} INFO - [2025-01-03T09:50:44.237-0800] {dag.py:4180} INFO - Setting next_dagrun for dataset_consumes_unknown_never_scheduled to None, run_after=None
[2025-01-03T09:50:44.240-0800] {logging_mixin.py:190} INFO - [2025-01-03T09:50:44.240-0800] {dag.py:4180} INFO - Setting next_dagrun for dataset_produces_1 to 2025-01-02 00:00:00+00:00, run_after=2025-01-03 00:00:00+00:00
[2025-01-03T09:50:44.241-0800] {logging_mixin.py:190} INFO - [2025-01-03T09:50:44.241-0800] {dag.py:4180} INFO - Setting next_dagrun for dataset_produces_2 to None, run_after=None
[2025-01-03T09:50:44.277-0800] {processor.py:208} INFO - Processing /opt/anaconda3/envs/airflow_env/lib/python3.9/site-packages/airflow/example_dags/example_datasets.py took 0.287 seconds
[2025-01-03T09:54:05.649-0800] {processor.py:186} INFO - Started process (PID=46437) to work on /opt/anaconda3/envs/airflow_env/lib/python3.9/site-packages/airflow/example_dags/example_datasets.py
[2025-01-03T09:54:05.651-0800] {processor.py:914} INFO - Processing file /opt/anaconda3/envs/airflow_env/lib/python3.9/site-packages/airflow/example_dags/example_datasets.py for tasks to queue
[2025-01-03T09:54:05.653-0800] {logging_mixin.py:190} INFO - [2025-01-03T09:54:05.652-0800] {dagbag.py:588} INFO - Filling up the DagBag from /opt/anaconda3/envs/airflow_env/lib/python3.9/site-packages/airflow/example_dags/example_datasets.py
[2025-01-03T09:54:05.720-0800] {processor.py:925} INFO - DAG(s) 'dataset_produces_1', 'dataset_consumes_unknown_never_scheduled', 'consume_1_or_both_2_and_3_with_dataset_expressions', 'conditional_dataset_and_time_based_timetable', 'dataset_consumes_1_never_scheduled', 'consume_1_and_2_with_dataset_expressions', 'dataset_consumes_1_and_2', 'dataset_produces_2', 'consume_1_or_2_with_dataset_expressions', 'dataset_consumes_1' retrieved from /opt/anaconda3/envs/airflow_env/lib/python3.9/site-packages/airflow/example_dags/example_datasets.py
[2025-01-03T09:54:05.871-0800] {logging_mixin.py:190} INFO - [2025-01-03T09:54:05.871-0800] {dag.py:3239} INFO - Sync 10 DAGs
[2025-01-03T09:54:05.896-0800] {logging_mixin.py:190} INFO - [2025-01-03T09:54:05.895-0800] {dag.py:4180} INFO - Setting next_dagrun for conditional_dataset_and_time_based_timetable to 2025-01-01 01:00:00+00:00, run_after=2025-01-01 01:00:00+00:00
[2025-01-03T09:54:05.899-0800] {logging_mixin.py:190} INFO - [2025-01-03T09:54:05.899-0800] {dag.py:4180} INFO - Setting next_dagrun for consume_1_and_2_with_dataset_expressions to None, run_after=None
[2025-01-03T09:54:05.901-0800] {logging_mixin.py:190} INFO - [2025-01-03T09:54:05.900-0800] {dag.py:4180} INFO - Setting next_dagrun for consume_1_or_2_with_dataset_expressions to None, run_after=None
[2025-01-03T09:54:05.902-0800] {logging_mixin.py:190} INFO - [2025-01-03T09:54:05.902-0800] {dag.py:4180} INFO - Setting next_dagrun for consume_1_or_both_2_and_3_with_dataset_expressions to None, run_after=None
[2025-01-03T09:54:05.903-0800] {logging_mixin.py:190} INFO - [2025-01-03T09:54:05.903-0800] {dag.py:4180} INFO - Setting next_dagrun for dataset_consumes_1 to None, run_after=None
[2025-01-03T09:54:05.905-0800] {logging_mixin.py:190} INFO - [2025-01-03T09:54:05.904-0800] {dag.py:4180} INFO - Setting next_dagrun for dataset_consumes_1_and_2 to None, run_after=None
[2025-01-03T09:54:05.906-0800] {logging_mixin.py:190} INFO - [2025-01-03T09:54:05.906-0800] {dag.py:4180} INFO - Setting next_dagrun for dataset_consumes_1_never_scheduled to None, run_after=None
[2025-01-03T09:54:05.907-0800] {logging_mixin.py:190} INFO - [2025-01-03T09:54:05.907-0800] {dag.py:4180} INFO - Setting next_dagrun for dataset_consumes_unknown_never_scheduled to None, run_after=None
[2025-01-03T09:54:05.910-0800] {logging_mixin.py:190} INFO - [2025-01-03T09:54:05.910-0800] {dag.py:4180} INFO - Setting next_dagrun for dataset_produces_1 to 2025-01-02 00:00:00+00:00, run_after=2025-01-03 00:00:00+00:00
[2025-01-03T09:54:05.912-0800] {logging_mixin.py:190} INFO - [2025-01-03T09:54:05.912-0800] {dag.py:4180} INFO - Setting next_dagrun for dataset_produces_2 to None, run_after=None
[2025-01-03T09:54:05.951-0800] {processor.py:208} INFO - Processing /opt/anaconda3/envs/airflow_env/lib/python3.9/site-packages/airflow/example_dags/example_datasets.py took 0.306 seconds
[2025-01-03T10:01:59.230-0800] {processor.py:186} INFO - Started process (PID=46692) to work on /opt/anaconda3/envs/airflow_env/lib/python3.9/site-packages/airflow/example_dags/example_datasets.py
[2025-01-03T10:01:59.232-0800] {processor.py:914} INFO - Processing file /opt/anaconda3/envs/airflow_env/lib/python3.9/site-packages/airflow/example_dags/example_datasets.py for tasks to queue
[2025-01-03T10:01:59.234-0800] {logging_mixin.py:190} INFO - [2025-01-03T10:01:59.234-0800] {dagbag.py:588} INFO - Filling up the DagBag from /opt/anaconda3/envs/airflow_env/lib/python3.9/site-packages/airflow/example_dags/example_datasets.py
[2025-01-03T10:01:59.398-0800] {processor.py:925} INFO - DAG(s) 'dataset_consumes_1_never_scheduled', 'dataset_consumes_unknown_never_scheduled', 'dataset_produces_1', 'consume_1_or_both_2_and_3_with_dataset_expressions', 'conditional_dataset_and_time_based_timetable', 'dataset_consumes_1_and_2', 'consume_1_and_2_with_dataset_expressions', 'dataset_produces_2', 'consume_1_or_2_with_dataset_expressions', 'dataset_consumes_1' retrieved from /opt/anaconda3/envs/airflow_env/lib/python3.9/site-packages/airflow/example_dags/example_datasets.py
[2025-01-03T10:01:59.745-0800] {logging_mixin.py:190} INFO - [2025-01-03T10:01:59.744-0800] {dag.py:3239} INFO - Sync 10 DAGs
[2025-01-03T10:01:59.783-0800] {logging_mixin.py:190} INFO - [2025-01-03T10:01:59.783-0800] {dag.py:4180} INFO - Setting next_dagrun for conditional_dataset_and_time_based_timetable to 2025-01-01 01:00:00+00:00, run_after=2025-01-01 01:00:00+00:00
[2025-01-03T10:01:59.787-0800] {logging_mixin.py:190} INFO - [2025-01-03T10:01:59.787-0800] {dag.py:4180} INFO - Setting next_dagrun for consume_1_and_2_with_dataset_expressions to None, run_after=None
[2025-01-03T10:01:59.788-0800] {logging_mixin.py:190} INFO - [2025-01-03T10:01:59.788-0800] {dag.py:4180} INFO - Setting next_dagrun for consume_1_or_2_with_dataset_expressions to None, run_after=None
[2025-01-03T10:01:59.790-0800] {logging_mixin.py:190} INFO - [2025-01-03T10:01:59.790-0800] {dag.py:4180} INFO - Setting next_dagrun for consume_1_or_both_2_and_3_with_dataset_expressions to None, run_after=None
[2025-01-03T10:01:59.791-0800] {logging_mixin.py:190} INFO - [2025-01-03T10:01:59.791-0800] {dag.py:4180} INFO - Setting next_dagrun for dataset_consumes_1 to None, run_after=None
[2025-01-03T10:01:59.794-0800] {logging_mixin.py:190} INFO - [2025-01-03T10:01:59.793-0800] {dag.py:4180} INFO - Setting next_dagrun for dataset_consumes_1_and_2 to None, run_after=None
[2025-01-03T10:01:59.795-0800] {logging_mixin.py:190} INFO - [2025-01-03T10:01:59.795-0800] {dag.py:4180} INFO - Setting next_dagrun for dataset_consumes_1_never_scheduled to None, run_after=None
[2025-01-03T10:01:59.797-0800] {logging_mixin.py:190} INFO - [2025-01-03T10:01:59.797-0800] {dag.py:4180} INFO - Setting next_dagrun for dataset_consumes_unknown_never_scheduled to None, run_after=None
[2025-01-03T10:01:59.800-0800] {logging_mixin.py:190} INFO - [2025-01-03T10:01:59.800-0800] {dag.py:4180} INFO - Setting next_dagrun for dataset_produces_1 to 2025-01-02 00:00:00+00:00, run_after=2025-01-03 00:00:00+00:00
[2025-01-03T10:01:59.802-0800] {logging_mixin.py:190} INFO - [2025-01-03T10:01:59.802-0800] {dag.py:4180} INFO - Setting next_dagrun for dataset_produces_2 to None, run_after=None
[2025-01-03T10:01:59.843-0800] {processor.py:208} INFO - Processing /opt/anaconda3/envs/airflow_env/lib/python3.9/site-packages/airflow/example_dags/example_datasets.py took 0.619 seconds
[2025-01-03T10:09:22.467-0800] {processor.py:186} INFO - Started process (PID=46940) to work on /opt/anaconda3/envs/airflow_env/lib/python3.9/site-packages/airflow/example_dags/example_datasets.py
[2025-01-03T10:09:22.470-0800] {processor.py:914} INFO - Processing file /opt/anaconda3/envs/airflow_env/lib/python3.9/site-packages/airflow/example_dags/example_datasets.py for tasks to queue
[2025-01-03T10:09:22.471-0800] {logging_mixin.py:190} INFO - [2025-01-03T10:09:22.471-0800] {dagbag.py:588} INFO - Filling up the DagBag from /opt/anaconda3/envs/airflow_env/lib/python3.9/site-packages/airflow/example_dags/example_datasets.py
[2025-01-03T10:09:22.611-0800] {processor.py:925} INFO - DAG(s) 'consume_1_or_2_with_dataset_expressions', 'conditional_dataset_and_time_based_timetable', 'dataset_produces_1', 'dataset_consumes_1_and_2', 'dataset_consumes_1', 'dataset_consumes_1_never_scheduled', 'dataset_produces_2', 'consume_1_or_both_2_and_3_with_dataset_expressions', 'consume_1_and_2_with_dataset_expressions', 'dataset_consumes_unknown_never_scheduled' retrieved from /opt/anaconda3/envs/airflow_env/lib/python3.9/site-packages/airflow/example_dags/example_datasets.py
[2025-01-03T10:09:22.792-0800] {logging_mixin.py:190} INFO - [2025-01-03T10:09:22.792-0800] {dag.py:3239} INFO - Sync 10 DAGs
[2025-01-03T10:09:22.823-0800] {logging_mixin.py:190} INFO - [2025-01-03T10:09:22.822-0800] {dag.py:4180} INFO - Setting next_dagrun for conditional_dataset_and_time_based_timetable to 2025-01-01 01:00:00+00:00, run_after=2025-01-01 01:00:00+00:00
[2025-01-03T10:09:22.828-0800] {logging_mixin.py:190} INFO - [2025-01-03T10:09:22.828-0800] {dag.py:4180} INFO - Setting next_dagrun for consume_1_and_2_with_dataset_expressions to None, run_after=None
[2025-01-03T10:09:22.831-0800] {logging_mixin.py:190} INFO - [2025-01-03T10:09:22.830-0800] {dag.py:4180} INFO - Setting next_dagrun for consume_1_or_2_with_dataset_expressions to None, run_after=None
[2025-01-03T10:09:22.833-0800] {logging_mixin.py:190} INFO - [2025-01-03T10:09:22.833-0800] {dag.py:4180} INFO - Setting next_dagrun for consume_1_or_both_2_and_3_with_dataset_expressions to None, run_after=None
[2025-01-03T10:09:22.835-0800] {logging_mixin.py:190} INFO - [2025-01-03T10:09:22.834-0800] {dag.py:4180} INFO - Setting next_dagrun for dataset_consumes_1 to None, run_after=None
[2025-01-03T10:09:22.836-0800] {logging_mixin.py:190} INFO - [2025-01-03T10:09:22.836-0800] {dag.py:4180} INFO - Setting next_dagrun for dataset_consumes_1_and_2 to None, run_after=None
[2025-01-03T10:09:22.838-0800] {logging_mixin.py:190} INFO - [2025-01-03T10:09:22.838-0800] {dag.py:4180} INFO - Setting next_dagrun for dataset_consumes_1_never_scheduled to None, run_after=None
[2025-01-03T10:09:22.840-0800] {logging_mixin.py:190} INFO - [2025-01-03T10:09:22.839-0800] {dag.py:4180} INFO - Setting next_dagrun for dataset_consumes_unknown_never_scheduled to None, run_after=None
[2025-01-03T10:09:22.848-0800] {logging_mixin.py:190} INFO - [2025-01-03T10:09:22.848-0800] {dag.py:4180} INFO - Setting next_dagrun for dataset_produces_1 to 2025-01-02 00:00:00+00:00, run_after=2025-01-03 00:00:00+00:00
[2025-01-03T10:09:22.850-0800] {logging_mixin.py:190} INFO - [2025-01-03T10:09:22.849-0800] {dag.py:4180} INFO - Setting next_dagrun for dataset_produces_2 to None, run_after=None
[2025-01-03T10:09:22.905-0800] {processor.py:208} INFO - Processing /opt/anaconda3/envs/airflow_env/lib/python3.9/site-packages/airflow/example_dags/example_datasets.py took 0.443 seconds
[2025-01-03T10:16:29.449-0800] {processor.py:186} INFO - Started process (PID=47238) to work on /opt/anaconda3/envs/airflow_env/lib/python3.9/site-packages/airflow/example_dags/example_datasets.py
[2025-01-03T10:16:29.460-0800] {processor.py:914} INFO - Processing file /opt/anaconda3/envs/airflow_env/lib/python3.9/site-packages/airflow/example_dags/example_datasets.py for tasks to queue
[2025-01-03T10:16:29.464-0800] {logging_mixin.py:190} INFO - [2025-01-03T10:16:29.464-0800] {dagbag.py:588} INFO - Filling up the DagBag from /opt/anaconda3/envs/airflow_env/lib/python3.9/site-packages/airflow/example_dags/example_datasets.py
[2025-01-03T10:16:29.756-0800] {processor.py:925} INFO - DAG(s) 'dataset_produces_1', 'consume_1_or_both_2_and_3_with_dataset_expressions', 'consume_1_or_2_with_dataset_expressions', 'dataset_consumes_1_never_scheduled', 'conditional_dataset_and_time_based_timetable', 'dataset_produces_2', 'consume_1_and_2_with_dataset_expressions', 'dataset_consumes_1', 'dataset_consumes_1_and_2', 'dataset_consumes_unknown_never_scheduled' retrieved from /opt/anaconda3/envs/airflow_env/lib/python3.9/site-packages/airflow/example_dags/example_datasets.py
[2025-01-03T10:16:29.941-0800] {logging_mixin.py:190} INFO - [2025-01-03T10:16:29.940-0800] {dag.py:3239} INFO - Sync 10 DAGs
[2025-01-03T10:16:29.968-0800] {logging_mixin.py:190} INFO - [2025-01-03T10:16:29.968-0800] {dag.py:4180} INFO - Setting next_dagrun for conditional_dataset_and_time_based_timetable to 2025-01-01 01:00:00+00:00, run_after=2025-01-01 01:00:00+00:00
[2025-01-03T10:16:29.974-0800] {logging_mixin.py:190} INFO - [2025-01-03T10:16:29.973-0800] {dag.py:4180} INFO - Setting next_dagrun for consume_1_and_2_with_dataset_expressions to None, run_after=None
[2025-01-03T10:16:29.975-0800] {logging_mixin.py:190} INFO - [2025-01-03T10:16:29.975-0800] {dag.py:4180} INFO - Setting next_dagrun for consume_1_or_2_with_dataset_expressions to None, run_after=None
[2025-01-03T10:16:29.977-0800] {logging_mixin.py:190} INFO - [2025-01-03T10:16:29.977-0800] {dag.py:4180} INFO - Setting next_dagrun for consume_1_or_both_2_and_3_with_dataset_expressions to None, run_after=None
[2025-01-03T10:16:29.979-0800] {logging_mixin.py:190} INFO - [2025-01-03T10:16:29.979-0800] {dag.py:4180} INFO - Setting next_dagrun for dataset_consumes_1 to None, run_after=None
[2025-01-03T10:16:29.981-0800] {logging_mixin.py:190} INFO - [2025-01-03T10:16:29.980-0800] {dag.py:4180} INFO - Setting next_dagrun for dataset_consumes_1_and_2 to None, run_after=None
[2025-01-03T10:16:29.982-0800] {logging_mixin.py:190} INFO - [2025-01-03T10:16:29.982-0800] {dag.py:4180} INFO - Setting next_dagrun for dataset_consumes_1_never_scheduled to None, run_after=None
[2025-01-03T10:16:29.984-0800] {logging_mixin.py:190} INFO - [2025-01-03T10:16:29.984-0800] {dag.py:4180} INFO - Setting next_dagrun for dataset_consumes_unknown_never_scheduled to None, run_after=None
[2025-01-03T10:16:29.987-0800] {logging_mixin.py:190} INFO - [2025-01-03T10:16:29.987-0800] {dag.py:4180} INFO - Setting next_dagrun for dataset_produces_1 to 2025-01-02 00:00:00+00:00, run_after=2025-01-03 00:00:00+00:00
[2025-01-03T10:16:29.989-0800] {logging_mixin.py:190} INFO - [2025-01-03T10:16:29.989-0800] {dag.py:4180} INFO - Setting next_dagrun for dataset_produces_2 to None, run_after=None
[2025-01-03T10:16:30.026-0800] {processor.py:208} INFO - Processing /opt/anaconda3/envs/airflow_env/lib/python3.9/site-packages/airflow/example_dags/example_datasets.py took 0.585 seconds
[2025-01-03T10:24:27.961-0800] {processor.py:186} INFO - Started process (PID=47630) to work on /opt/anaconda3/envs/airflow_env/lib/python3.9/site-packages/airflow/example_dags/example_datasets.py
[2025-01-03T10:24:27.964-0800] {processor.py:914} INFO - Processing file /opt/anaconda3/envs/airflow_env/lib/python3.9/site-packages/airflow/example_dags/example_datasets.py for tasks to queue
[2025-01-03T10:24:27.966-0800] {logging_mixin.py:190} INFO - [2025-01-03T10:24:27.966-0800] {dagbag.py:588} INFO - Filling up the DagBag from /opt/anaconda3/envs/airflow_env/lib/python3.9/site-packages/airflow/example_dags/example_datasets.py
[2025-01-03T10:24:28.102-0800] {processor.py:925} INFO - DAG(s) 'dataset_consumes_1', 'dataset_consumes_1_and_2', 'dataset_consumes_unknown_never_scheduled', 'consume_1_or_both_2_and_3_with_dataset_expressions', 'dataset_consumes_1_never_scheduled', 'conditional_dataset_and_time_based_timetable', 'dataset_produces_1', 'dataset_produces_2', 'consume_1_or_2_with_dataset_expressions', 'consume_1_and_2_with_dataset_expressions' retrieved from /opt/anaconda3/envs/airflow_env/lib/python3.9/site-packages/airflow/example_dags/example_datasets.py
[2025-01-03T10:24:28.316-0800] {logging_mixin.py:190} INFO - [2025-01-03T10:24:28.315-0800] {dag.py:3239} INFO - Sync 10 DAGs
[2025-01-03T10:24:28.341-0800] {logging_mixin.py:190} INFO - [2025-01-03T10:24:28.341-0800] {dag.py:4180} INFO - Setting next_dagrun for conditional_dataset_and_time_based_timetable to 2025-01-01 01:00:00+00:00, run_after=2025-01-01 01:00:00+00:00
[2025-01-03T10:24:28.345-0800] {logging_mixin.py:190} INFO - [2025-01-03T10:24:28.345-0800] {dag.py:4180} INFO - Setting next_dagrun for consume_1_and_2_with_dataset_expressions to None, run_after=None
[2025-01-03T10:24:28.347-0800] {logging_mixin.py:190} INFO - [2025-01-03T10:24:28.346-0800] {dag.py:4180} INFO - Setting next_dagrun for consume_1_or_2_with_dataset_expressions to None, run_after=None
[2025-01-03T10:24:28.348-0800] {logging_mixin.py:190} INFO - [2025-01-03T10:24:28.348-0800] {dag.py:4180} INFO - Setting next_dagrun for consume_1_or_both_2_and_3_with_dataset_expressions to None, run_after=None
[2025-01-03T10:24:28.350-0800] {logging_mixin.py:190} INFO - [2025-01-03T10:24:28.349-0800] {dag.py:4180} INFO - Setting next_dagrun for dataset_consumes_1 to None, run_after=None
[2025-01-03T10:24:28.351-0800] {logging_mixin.py:190} INFO - [2025-01-03T10:24:28.351-0800] {dag.py:4180} INFO - Setting next_dagrun for dataset_consumes_1_and_2 to None, run_after=None
[2025-01-03T10:24:28.352-0800] {logging_mixin.py:190} INFO - [2025-01-03T10:24:28.352-0800] {dag.py:4180} INFO - Setting next_dagrun for dataset_consumes_1_never_scheduled to None, run_after=None
[2025-01-03T10:24:28.353-0800] {logging_mixin.py:190} INFO - [2025-01-03T10:24:28.353-0800] {dag.py:4180} INFO - Setting next_dagrun for dataset_consumes_unknown_never_scheduled to None, run_after=None
[2025-01-03T10:24:28.356-0800] {logging_mixin.py:190} INFO - [2025-01-03T10:24:28.356-0800] {dag.py:4180} INFO - Setting next_dagrun for dataset_produces_1 to 2025-01-02 00:00:00+00:00, run_after=2025-01-03 00:00:00+00:00
[2025-01-03T10:24:28.358-0800] {logging_mixin.py:190} INFO - [2025-01-03T10:24:28.357-0800] {dag.py:4180} INFO - Setting next_dagrun for dataset_produces_2 to None, run_after=None
[2025-01-03T10:24:28.400-0800] {processor.py:208} INFO - Processing /opt/anaconda3/envs/airflow_env/lib/python3.9/site-packages/airflow/example_dags/example_datasets.py took 0.444 seconds
[2025-01-03T10:33:05.108-0800] {processor.py:186} INFO - Started process (PID=47881) to work on /opt/anaconda3/envs/airflow_env/lib/python3.9/site-packages/airflow/example_dags/example_datasets.py
[2025-01-03T10:33:05.112-0800] {processor.py:914} INFO - Processing file /opt/anaconda3/envs/airflow_env/lib/python3.9/site-packages/airflow/example_dags/example_datasets.py for tasks to queue
[2025-01-03T10:33:05.114-0800] {logging_mixin.py:190} INFO - [2025-01-03T10:33:05.113-0800] {dagbag.py:588} INFO - Filling up the DagBag from /opt/anaconda3/envs/airflow_env/lib/python3.9/site-packages/airflow/example_dags/example_datasets.py
[2025-01-03T10:33:05.336-0800] {processor.py:925} INFO - DAG(s) 'conditional_dataset_and_time_based_timetable', 'consume_1_or_2_with_dataset_expressions', 'consume_1_and_2_with_dataset_expressions', 'consume_1_or_both_2_and_3_with_dataset_expressions', 'dataset_consumes_1', 'dataset_produces_1', 'dataset_consumes_1_and_2', 'dataset_consumes_1_never_scheduled', 'dataset_consumes_unknown_never_scheduled', 'dataset_produces_2' retrieved from /opt/anaconda3/envs/airflow_env/lib/python3.9/site-packages/airflow/example_dags/example_datasets.py
[2025-01-03T10:33:05.682-0800] {logging_mixin.py:190} INFO - [2025-01-03T10:33:05.682-0800] {dag.py:3239} INFO - Sync 10 DAGs
[2025-01-03T10:33:05.721-0800] {logging_mixin.py:190} INFO - [2025-01-03T10:33:05.721-0800] {dag.py:4180} INFO - Setting next_dagrun for conditional_dataset_and_time_based_timetable to 2025-01-01 01:00:00+00:00, run_after=2025-01-01 01:00:00+00:00
[2025-01-03T10:33:05.732-0800] {logging_mixin.py:190} INFO - [2025-01-03T10:33:05.731-0800] {dag.py:4180} INFO - Setting next_dagrun for consume_1_and_2_with_dataset_expressions to None, run_after=None
[2025-01-03T10:33:05.736-0800] {logging_mixin.py:190} INFO - [2025-01-03T10:33:05.736-0800] {dag.py:4180} INFO - Setting next_dagrun for consume_1_or_2_with_dataset_expressions to None, run_after=None
[2025-01-03T10:33:05.741-0800] {logging_mixin.py:190} INFO - [2025-01-03T10:33:05.740-0800] {dag.py:4180} INFO - Setting next_dagrun for consume_1_or_both_2_and_3_with_dataset_expressions to None, run_after=None
[2025-01-03T10:33:05.744-0800] {logging_mixin.py:190} INFO - [2025-01-03T10:33:05.743-0800] {dag.py:4180} INFO - Setting next_dagrun for dataset_consumes_1 to None, run_after=None
[2025-01-03T10:33:05.745-0800] {logging_mixin.py:190} INFO - [2025-01-03T10:33:05.745-0800] {dag.py:4180} INFO - Setting next_dagrun for dataset_consumes_1_and_2 to None, run_after=None
[2025-01-03T10:33:05.748-0800] {logging_mixin.py:190} INFO - [2025-01-03T10:33:05.748-0800] {dag.py:4180} INFO - Setting next_dagrun for dataset_consumes_1_never_scheduled to None, run_after=None
[2025-01-03T10:33:05.757-0800] {logging_mixin.py:190} INFO - [2025-01-03T10:33:05.756-0800] {dag.py:4180} INFO - Setting next_dagrun for dataset_consumes_unknown_never_scheduled to None, run_after=None
[2025-01-03T10:33:05.761-0800] {logging_mixin.py:190} INFO - [2025-01-03T10:33:05.761-0800] {dag.py:4180} INFO - Setting next_dagrun for dataset_produces_1 to 2025-01-02 00:00:00+00:00, run_after=2025-01-03 00:00:00+00:00
[2025-01-03T10:33:05.763-0800] {logging_mixin.py:190} INFO - [2025-01-03T10:33:05.762-0800] {dag.py:4180} INFO - Setting next_dagrun for dataset_produces_2 to None, run_after=None
[2025-01-03T10:33:05.865-0800] {processor.py:208} INFO - Processing /opt/anaconda3/envs/airflow_env/lib/python3.9/site-packages/airflow/example_dags/example_datasets.py took 0.765 seconds
[2025-01-03T10:37:20.140-0800] {processor.py:186} INFO - Started process (PID=48019) to work on /opt/anaconda3/envs/airflow_env/lib/python3.9/site-packages/airflow/example_dags/example_datasets.py
[2025-01-03T10:37:20.142-0800] {processor.py:914} INFO - Processing file /opt/anaconda3/envs/airflow_env/lib/python3.9/site-packages/airflow/example_dags/example_datasets.py for tasks to queue
[2025-01-03T10:37:20.144-0800] {logging_mixin.py:190} INFO - [2025-01-03T10:37:20.143-0800] {dagbag.py:588} INFO - Filling up the DagBag from /opt/anaconda3/envs/airflow_env/lib/python3.9/site-packages/airflow/example_dags/example_datasets.py
[2025-01-03T10:37:20.261-0800] {processor.py:925} INFO - DAG(s) 'dataset_consumes_1_and_2', 'consume_1_or_both_2_and_3_with_dataset_expressions', 'conditional_dataset_and_time_based_timetable', 'dataset_consumes_1_never_scheduled', 'dataset_produces_1', 'dataset_consumes_unknown_never_scheduled', 'consume_1_or_2_with_dataset_expressions', 'dataset_produces_2', 'dataset_consumes_1', 'consume_1_and_2_with_dataset_expressions' retrieved from /opt/anaconda3/envs/airflow_env/lib/python3.9/site-packages/airflow/example_dags/example_datasets.py
[2025-01-03T10:37:20.438-0800] {logging_mixin.py:190} INFO - [2025-01-03T10:37:20.438-0800] {dag.py:3239} INFO - Sync 10 DAGs
[2025-01-03T10:37:20.474-0800] {logging_mixin.py:190} INFO - [2025-01-03T10:37:20.474-0800] {dag.py:4180} INFO - Setting next_dagrun for conditional_dataset_and_time_based_timetable to 2025-01-01 01:00:00+00:00, run_after=2025-01-01 01:00:00+00:00
[2025-01-03T10:37:20.479-0800] {logging_mixin.py:190} INFO - [2025-01-03T10:37:20.479-0800] {dag.py:4180} INFO - Setting next_dagrun for consume_1_and_2_with_dataset_expressions to None, run_after=None
[2025-01-03T10:37:20.480-0800] {logging_mixin.py:190} INFO - [2025-01-03T10:37:20.480-0800] {dag.py:4180} INFO - Setting next_dagrun for consume_1_or_2_with_dataset_expressions to None, run_after=None
[2025-01-03T10:37:20.482-0800] {logging_mixin.py:190} INFO - [2025-01-03T10:37:20.481-0800] {dag.py:4180} INFO - Setting next_dagrun for consume_1_or_both_2_and_3_with_dataset_expressions to None, run_after=None
[2025-01-03T10:37:20.483-0800] {logging_mixin.py:190} INFO - [2025-01-03T10:37:20.482-0800] {dag.py:4180} INFO - Setting next_dagrun for dataset_consumes_1 to None, run_after=None
[2025-01-03T10:37:20.484-0800] {logging_mixin.py:190} INFO - [2025-01-03T10:37:20.484-0800] {dag.py:4180} INFO - Setting next_dagrun for dataset_consumes_1_and_2 to None, run_after=None
[2025-01-03T10:37:20.485-0800] {logging_mixin.py:190} INFO - [2025-01-03T10:37:20.485-0800] {dag.py:4180} INFO - Setting next_dagrun for dataset_consumes_1_never_scheduled to None, run_after=None
[2025-01-03T10:37:20.486-0800] {logging_mixin.py:190} INFO - [2025-01-03T10:37:20.486-0800] {dag.py:4180} INFO - Setting next_dagrun for dataset_consumes_unknown_never_scheduled to None, run_after=None
[2025-01-03T10:37:20.490-0800] {logging_mixin.py:190} INFO - [2025-01-03T10:37:20.489-0800] {dag.py:4180} INFO - Setting next_dagrun for dataset_produces_1 to 2025-01-02 00:00:00+00:00, run_after=2025-01-03 00:00:00+00:00
[2025-01-03T10:37:20.492-0800] {logging_mixin.py:190} INFO - [2025-01-03T10:37:20.491-0800] {dag.py:4180} INFO - Setting next_dagrun for dataset_produces_2 to None, run_after=None
[2025-01-03T10:37:20.535-0800] {processor.py:208} INFO - Processing /opt/anaconda3/envs/airflow_env/lib/python3.9/site-packages/airflow/example_dags/example_datasets.py took 0.401 seconds
[2025-01-03T10:45:36.516-0800] {processor.py:186} INFO - Started process (PID=48266) to work on /opt/anaconda3/envs/airflow_env/lib/python3.9/site-packages/airflow/example_dags/example_datasets.py
[2025-01-03T10:45:36.520-0800] {processor.py:914} INFO - Processing file /opt/anaconda3/envs/airflow_env/lib/python3.9/site-packages/airflow/example_dags/example_datasets.py for tasks to queue
[2025-01-03T10:45:36.521-0800] {logging_mixin.py:190} INFO - [2025-01-03T10:45:36.521-0800] {dagbag.py:588} INFO - Filling up the DagBag from /opt/anaconda3/envs/airflow_env/lib/python3.9/site-packages/airflow/example_dags/example_datasets.py
[2025-01-03T10:45:36.798-0800] {processor.py:925} INFO - DAG(s) 'dataset_produces_1', 'dataset_consumes_1', 'consume_1_or_both_2_and_3_with_dataset_expressions', 'dataset_consumes_1_and_2', 'dataset_consumes_unknown_never_scheduled', 'dataset_produces_2', 'consume_1_or_2_with_dataset_expressions', 'dataset_consumes_1_never_scheduled', 'consume_1_and_2_with_dataset_expressions', 'conditional_dataset_and_time_based_timetable' retrieved from /opt/anaconda3/envs/airflow_env/lib/python3.9/site-packages/airflow/example_dags/example_datasets.py
[2025-01-03T10:45:37.294-0800] {logging_mixin.py:190} INFO - [2025-01-03T10:45:37.294-0800] {dag.py:3239} INFO - Sync 10 DAGs
[2025-01-03T10:45:37.425-0800] {logging_mixin.py:190} INFO - [2025-01-03T10:45:37.425-0800] {dag.py:4180} INFO - Setting next_dagrun for conditional_dataset_and_time_based_timetable to 2025-01-01 01:00:00+00:00, run_after=2025-01-01 01:00:00+00:00
[2025-01-03T10:45:37.433-0800] {logging_mixin.py:190} INFO - [2025-01-03T10:45:37.432-0800] {dag.py:4180} INFO - Setting next_dagrun for consume_1_and_2_with_dataset_expressions to None, run_after=None
[2025-01-03T10:45:37.434-0800] {logging_mixin.py:190} INFO - [2025-01-03T10:45:37.434-0800] {dag.py:4180} INFO - Setting next_dagrun for consume_1_or_2_with_dataset_expressions to None, run_after=None
[2025-01-03T10:45:37.449-0800] {logging_mixin.py:190} INFO - [2025-01-03T10:45:37.449-0800] {dag.py:4180} INFO - Setting next_dagrun for consume_1_or_both_2_and_3_with_dataset_expressions to None, run_after=None
[2025-01-03T10:45:37.451-0800] {logging_mixin.py:190} INFO - [2025-01-03T10:45:37.451-0800] {dag.py:4180} INFO - Setting next_dagrun for dataset_consumes_1 to None, run_after=None
[2025-01-03T10:45:37.455-0800] {logging_mixin.py:190} INFO - [2025-01-03T10:45:37.454-0800] {dag.py:4180} INFO - Setting next_dagrun for dataset_consumes_1_and_2 to None, run_after=None
[2025-01-03T10:45:37.458-0800] {logging_mixin.py:190} INFO - [2025-01-03T10:45:37.457-0800] {dag.py:4180} INFO - Setting next_dagrun for dataset_consumes_1_never_scheduled to None, run_after=None
[2025-01-03T10:45:37.461-0800] {logging_mixin.py:190} INFO - [2025-01-03T10:45:37.460-0800] {dag.py:4180} INFO - Setting next_dagrun for dataset_consumes_unknown_never_scheduled to None, run_after=None
[2025-01-03T10:45:37.473-0800] {logging_mixin.py:190} INFO - [2025-01-03T10:45:37.472-0800] {dag.py:4180} INFO - Setting next_dagrun for dataset_produces_1 to 2025-01-02 00:00:00+00:00, run_after=2025-01-03 00:00:00+00:00
[2025-01-03T10:45:37.475-0800] {logging_mixin.py:190} INFO - [2025-01-03T10:45:37.475-0800] {dag.py:4180} INFO - Setting next_dagrun for dataset_produces_2 to None, run_after=None
[2025-01-03T10:45:37.588-0800] {processor.py:208} INFO - Processing /opt/anaconda3/envs/airflow_env/lib/python3.9/site-packages/airflow/example_dags/example_datasets.py took 1.080 seconds
[2025-01-03T10:49:36.151-0800] {processor.py:186} INFO - Started process (PID=48456) to work on /opt/anaconda3/envs/airflow_env/lib/python3.9/site-packages/airflow/example_dags/example_datasets.py
[2025-01-03T10:49:36.154-0800] {processor.py:914} INFO - Processing file /opt/anaconda3/envs/airflow_env/lib/python3.9/site-packages/airflow/example_dags/example_datasets.py for tasks to queue
[2025-01-03T10:49:36.155-0800] {logging_mixin.py:190} INFO - [2025-01-03T10:49:36.155-0800] {dagbag.py:588} INFO - Filling up the DagBag from /opt/anaconda3/envs/airflow_env/lib/python3.9/site-packages/airflow/example_dags/example_datasets.py
[2025-01-03T10:49:36.288-0800] {processor.py:925} INFO - DAG(s) 'dataset_consumes_unknown_never_scheduled', 'dataset_produces_2', 'dataset_consumes_1_never_scheduled', 'consume_1_and_2_with_dataset_expressions', 'consume_1_or_both_2_and_3_with_dataset_expressions', 'dataset_consumes_1_and_2', 'consume_1_or_2_with_dataset_expressions', 'conditional_dataset_and_time_based_timetable', 'dataset_consumes_1', 'dataset_produces_1' retrieved from /opt/anaconda3/envs/airflow_env/lib/python3.9/site-packages/airflow/example_dags/example_datasets.py
[2025-01-03T10:49:36.564-0800] {logging_mixin.py:190} INFO - [2025-01-03T10:49:36.564-0800] {dag.py:3239} INFO - Sync 10 DAGs
[2025-01-03T10:49:36.611-0800] {logging_mixin.py:190} INFO - [2025-01-03T10:49:36.611-0800] {dag.py:4180} INFO - Setting next_dagrun for conditional_dataset_and_time_based_timetable to 2025-01-01 01:00:00+00:00, run_after=2025-01-01 01:00:00+00:00
[2025-01-03T10:49:36.616-0800] {logging_mixin.py:190} INFO - [2025-01-03T10:49:36.616-0800] {dag.py:4180} INFO - Setting next_dagrun for consume_1_and_2_with_dataset_expressions to None, run_after=None
[2025-01-03T10:49:36.620-0800] {logging_mixin.py:190} INFO - [2025-01-03T10:49:36.620-0800] {dag.py:4180} INFO - Setting next_dagrun for consume_1_or_2_with_dataset_expressions to None, run_after=None
[2025-01-03T10:49:36.622-0800] {logging_mixin.py:190} INFO - [2025-01-03T10:49:36.621-0800] {dag.py:4180} INFO - Setting next_dagrun for consume_1_or_both_2_and_3_with_dataset_expressions to None, run_after=None
[2025-01-03T10:49:36.623-0800] {logging_mixin.py:190} INFO - [2025-01-03T10:49:36.623-0800] {dag.py:4180} INFO - Setting next_dagrun for dataset_consumes_1 to None, run_after=None
[2025-01-03T10:49:36.625-0800] {logging_mixin.py:190} INFO - [2025-01-03T10:49:36.625-0800] {dag.py:4180} INFO - Setting next_dagrun for dataset_consumes_1_and_2 to None, run_after=None
[2025-01-03T10:49:36.627-0800] {logging_mixin.py:190} INFO - [2025-01-03T10:49:36.626-0800] {dag.py:4180} INFO - Setting next_dagrun for dataset_consumes_1_never_scheduled to None, run_after=None
[2025-01-03T10:49:36.630-0800] {logging_mixin.py:190} INFO - [2025-01-03T10:49:36.629-0800] {dag.py:4180} INFO - Setting next_dagrun for dataset_consumes_unknown_never_scheduled to None, run_after=None
[2025-01-03T10:49:36.637-0800] {logging_mixin.py:190} INFO - [2025-01-03T10:49:36.636-0800] {dag.py:4180} INFO - Setting next_dagrun for dataset_produces_1 to 2025-01-02 00:00:00+00:00, run_after=2025-01-03 00:00:00+00:00
[2025-01-03T10:49:36.639-0800] {logging_mixin.py:190} INFO - [2025-01-03T10:49:36.638-0800] {dag.py:4180} INFO - Setting next_dagrun for dataset_produces_2 to None, run_after=None
[2025-01-03T10:49:36.690-0800] {processor.py:208} INFO - Processing /opt/anaconda3/envs/airflow_env/lib/python3.9/site-packages/airflow/example_dags/example_datasets.py took 0.545 seconds
[2025-01-03T10:58:02.912-0800] {processor.py:186} INFO - Started process (PID=48830) to work on /opt/anaconda3/envs/airflow_env/lib/python3.9/site-packages/airflow/example_dags/example_datasets.py
[2025-01-03T10:58:02.916-0800] {processor.py:914} INFO - Processing file /opt/anaconda3/envs/airflow_env/lib/python3.9/site-packages/airflow/example_dags/example_datasets.py for tasks to queue
[2025-01-03T10:58:02.917-0800] {logging_mixin.py:190} INFO - [2025-01-03T10:58:02.917-0800] {dagbag.py:588} INFO - Filling up the DagBag from /opt/anaconda3/envs/airflow_env/lib/python3.9/site-packages/airflow/example_dags/example_datasets.py
[2025-01-03T10:58:03.049-0800] {processor.py:925} INFO - DAG(s) 'consume_1_and_2_with_dataset_expressions', 'conditional_dataset_and_time_based_timetable', 'dataset_consumes_unknown_never_scheduled', 'dataset_produces_1', 'consume_1_or_2_with_dataset_expressions', 'dataset_consumes_1', 'dataset_consumes_1_and_2', 'dataset_consumes_1_never_scheduled', 'dataset_produces_2', 'consume_1_or_both_2_and_3_with_dataset_expressions' retrieved from /opt/anaconda3/envs/airflow_env/lib/python3.9/site-packages/airflow/example_dags/example_datasets.py
[2025-01-03T10:58:03.580-0800] {logging_mixin.py:190} INFO - [2025-01-03T10:58:03.580-0800] {dag.py:3239} INFO - Sync 10 DAGs
[2025-01-03T10:58:03.689-0800] {logging_mixin.py:190} INFO - [2025-01-03T10:58:03.688-0800] {dag.py:4180} INFO - Setting next_dagrun for conditional_dataset_and_time_based_timetable to 2025-01-01 01:00:00+00:00, run_after=2025-01-01 01:00:00+00:00
[2025-01-03T10:58:03.694-0800] {logging_mixin.py:190} INFO - [2025-01-03T10:58:03.694-0800] {dag.py:4180} INFO - Setting next_dagrun for consume_1_and_2_with_dataset_expressions to None, run_after=None
[2025-01-03T10:58:03.696-0800] {logging_mixin.py:190} INFO - [2025-01-03T10:58:03.696-0800] {dag.py:4180} INFO - Setting next_dagrun for consume_1_or_2_with_dataset_expressions to None, run_after=None
[2025-01-03T10:58:03.698-0800] {logging_mixin.py:190} INFO - [2025-01-03T10:58:03.698-0800] {dag.py:4180} INFO - Setting next_dagrun for consume_1_or_both_2_and_3_with_dataset_expressions to None, run_after=None
[2025-01-03T10:58:03.700-0800] {logging_mixin.py:190} INFO - [2025-01-03T10:58:03.699-0800] {dag.py:4180} INFO - Setting next_dagrun for dataset_consumes_1 to None, run_after=None
[2025-01-03T10:58:03.702-0800] {logging_mixin.py:190} INFO - [2025-01-03T10:58:03.702-0800] {dag.py:4180} INFO - Setting next_dagrun for dataset_consumes_1_and_2 to None, run_after=None
[2025-01-03T10:58:03.704-0800] {logging_mixin.py:190} INFO - [2025-01-03T10:58:03.704-0800] {dag.py:4180} INFO - Setting next_dagrun for dataset_consumes_1_never_scheduled to None, run_after=None
[2025-01-03T10:58:03.706-0800] {logging_mixin.py:190} INFO - [2025-01-03T10:58:03.706-0800] {dag.py:4180} INFO - Setting next_dagrun for dataset_consumes_unknown_never_scheduled to None, run_after=None
[2025-01-03T10:58:03.711-0800] {logging_mixin.py:190} INFO - [2025-01-03T10:58:03.711-0800] {dag.py:4180} INFO - Setting next_dagrun for dataset_produces_1 to 2025-01-02 00:00:00+00:00, run_after=2025-01-03 00:00:00+00:00
[2025-01-03T10:58:03.713-0800] {logging_mixin.py:190} INFO - [2025-01-03T10:58:03.713-0800] {dag.py:4180} INFO - Setting next_dagrun for dataset_produces_2 to None, run_after=None
[2025-01-03T10:58:03.768-0800] {processor.py:208} INFO - Processing /opt/anaconda3/envs/airflow_env/lib/python3.9/site-packages/airflow/example_dags/example_datasets.py took 0.860 seconds
[2025-01-03T11:07:01.751-0800] {processor.py:186} INFO - Started process (PID=49134) to work on /opt/anaconda3/envs/airflow_env/lib/python3.9/site-packages/airflow/example_dags/example_datasets.py
[2025-01-03T11:07:01.755-0800] {processor.py:914} INFO - Processing file /opt/anaconda3/envs/airflow_env/lib/python3.9/site-packages/airflow/example_dags/example_datasets.py for tasks to queue
[2025-01-03T11:07:01.757-0800] {logging_mixin.py:190} INFO - [2025-01-03T11:07:01.756-0800] {dagbag.py:588} INFO - Filling up the DagBag from /opt/anaconda3/envs/airflow_env/lib/python3.9/site-packages/airflow/example_dags/example_datasets.py
[2025-01-03T11:07:01.844-0800] {processor.py:925} INFO - DAG(s) 'dataset_consumes_unknown_never_scheduled', 'dataset_produces_2', 'dataset_produces_1', 'consume_1_and_2_with_dataset_expressions', 'dataset_consumes_1_and_2', 'dataset_consumes_1', 'consume_1_or_both_2_and_3_with_dataset_expressions', 'consume_1_or_2_with_dataset_expressions', 'conditional_dataset_and_time_based_timetable', 'dataset_consumes_1_never_scheduled' retrieved from /opt/anaconda3/envs/airflow_env/lib/python3.9/site-packages/airflow/example_dags/example_datasets.py
[2025-01-03T11:07:02.156-0800] {logging_mixin.py:190} INFO - [2025-01-03T11:07:02.155-0800] {dag.py:3239} INFO - Sync 10 DAGs
[2025-01-03T11:07:02.204-0800] {logging_mixin.py:190} INFO - [2025-01-03T11:07:02.204-0800] {dag.py:4180} INFO - Setting next_dagrun for conditional_dataset_and_time_based_timetable to 2025-01-01 01:00:00+00:00, run_after=2025-01-01 01:00:00+00:00
[2025-01-03T11:07:02.208-0800] {logging_mixin.py:190} INFO - [2025-01-03T11:07:02.208-0800] {dag.py:4180} INFO - Setting next_dagrun for consume_1_and_2_with_dataset_expressions to None, run_after=None
[2025-01-03T11:07:02.211-0800] {logging_mixin.py:190} INFO - [2025-01-03T11:07:02.210-0800] {dag.py:4180} INFO - Setting next_dagrun for consume_1_or_2_with_dataset_expressions to None, run_after=None
[2025-01-03T11:07:02.212-0800] {logging_mixin.py:190} INFO - [2025-01-03T11:07:02.212-0800] {dag.py:4180} INFO - Setting next_dagrun for consume_1_or_both_2_and_3_with_dataset_expressions to None, run_after=None
[2025-01-03T11:07:02.214-0800] {logging_mixin.py:190} INFO - [2025-01-03T11:07:02.214-0800] {dag.py:4180} INFO - Setting next_dagrun for dataset_consumes_1 to None, run_after=None
[2025-01-03T11:07:02.216-0800] {logging_mixin.py:190} INFO - [2025-01-03T11:07:02.215-0800] {dag.py:4180} INFO - Setting next_dagrun for dataset_consumes_1_and_2 to None, run_after=None
[2025-01-03T11:07:02.220-0800] {logging_mixin.py:190} INFO - [2025-01-03T11:07:02.220-0800] {dag.py:4180} INFO - Setting next_dagrun for dataset_consumes_1_never_scheduled to None, run_after=None
[2025-01-03T11:07:02.222-0800] {logging_mixin.py:190} INFO - [2025-01-03T11:07:02.222-0800] {dag.py:4180} INFO - Setting next_dagrun for dataset_consumes_unknown_never_scheduled to None, run_after=None
[2025-01-03T11:07:02.226-0800] {logging_mixin.py:190} INFO - [2025-01-03T11:07:02.226-0800] {dag.py:4180} INFO - Setting next_dagrun for dataset_produces_1 to 2025-01-02 00:00:00+00:00, run_after=2025-01-03 00:00:00+00:00
[2025-01-03T11:07:02.228-0800] {logging_mixin.py:190} INFO - [2025-01-03T11:07:02.228-0800] {dag.py:4180} INFO - Setting next_dagrun for dataset_produces_2 to None, run_after=None
[2025-01-03T11:07:02.294-0800] {processor.py:208} INFO - Processing /opt/anaconda3/envs/airflow_env/lib/python3.9/site-packages/airflow/example_dags/example_datasets.py took 0.548 seconds
[2025-01-03T11:16:01.117-0800] {processor.py:186} INFO - Started process (PID=49689) to work on /opt/anaconda3/envs/airflow_env/lib/python3.9/site-packages/airflow/example_dags/example_datasets.py
[2025-01-03T11:16:01.122-0800] {processor.py:914} INFO - Processing file /opt/anaconda3/envs/airflow_env/lib/python3.9/site-packages/airflow/example_dags/example_datasets.py for tasks to queue
[2025-01-03T11:16:01.124-0800] {logging_mixin.py:190} INFO - [2025-01-03T11:16:01.124-0800] {dagbag.py:588} INFO - Filling up the DagBag from /opt/anaconda3/envs/airflow_env/lib/python3.9/site-packages/airflow/example_dags/example_datasets.py
[2025-01-03T11:16:01.350-0800] {processor.py:925} INFO - DAG(s) 'dataset_consumes_1_never_scheduled', 'consume_1_and_2_with_dataset_expressions', 'dataset_produces_2', 'dataset_consumes_unknown_never_scheduled', 'consume_1_or_both_2_and_3_with_dataset_expressions', 'dataset_produces_1', 'dataset_consumes_1', 'dataset_consumes_1_and_2', 'consume_1_or_2_with_dataset_expressions', 'conditional_dataset_and_time_based_timetable' retrieved from /opt/anaconda3/envs/airflow_env/lib/python3.9/site-packages/airflow/example_dags/example_datasets.py
[2025-01-03T11:16:01.766-0800] {logging_mixin.py:190} INFO - [2025-01-03T11:16:01.766-0800] {dag.py:3239} INFO - Sync 10 DAGs
[2025-01-03T11:16:01.955-0800] {logging_mixin.py:190} INFO - [2025-01-03T11:16:01.954-0800] {dag.py:4180} INFO - Setting next_dagrun for conditional_dataset_and_time_based_timetable to 2025-01-01 01:00:00+00:00, run_after=2025-01-01 01:00:00+00:00
[2025-01-03T11:16:01.981-0800] {logging_mixin.py:190} INFO - [2025-01-03T11:16:01.980-0800] {dag.py:4180} INFO - Setting next_dagrun for consume_1_and_2_with_dataset_expressions to None, run_after=None
[2025-01-03T11:16:01.982-0800] {logging_mixin.py:190} INFO - [2025-01-03T11:16:01.982-0800] {dag.py:4180} INFO - Setting next_dagrun for consume_1_or_2_with_dataset_expressions to None, run_after=None
[2025-01-03T11:16:01.984-0800] {logging_mixin.py:190} INFO - [2025-01-03T11:16:01.984-0800] {dag.py:4180} INFO - Setting next_dagrun for consume_1_or_both_2_and_3_with_dataset_expressions to None, run_after=None
[2025-01-03T11:16:01.986-0800] {logging_mixin.py:190} INFO - [2025-01-03T11:16:01.985-0800] {dag.py:4180} INFO - Setting next_dagrun for dataset_consumes_1 to None, run_after=None
[2025-01-03T11:16:01.988-0800] {logging_mixin.py:190} INFO - [2025-01-03T11:16:01.988-0800] {dag.py:4180} INFO - Setting next_dagrun for dataset_consumes_1_and_2 to None, run_after=None
[2025-01-03T11:16:01.994-0800] {logging_mixin.py:190} INFO - [2025-01-03T11:16:01.992-0800] {dag.py:4180} INFO - Setting next_dagrun for dataset_consumes_1_never_scheduled to None, run_after=None
[2025-01-03T11:16:01.996-0800] {logging_mixin.py:190} INFO - [2025-01-03T11:16:01.995-0800] {dag.py:4180} INFO - Setting next_dagrun for dataset_consumes_unknown_never_scheduled to None, run_after=None
[2025-01-03T11:16:02.001-0800] {logging_mixin.py:190} INFO - [2025-01-03T11:16:02.001-0800] {dag.py:4180} INFO - Setting next_dagrun for dataset_produces_1 to 2025-01-02 00:00:00+00:00, run_after=2025-01-03 00:00:00+00:00
[2025-01-03T11:16:02.004-0800] {logging_mixin.py:190} INFO - [2025-01-03T11:16:02.004-0800] {dag.py:4180} INFO - Setting next_dagrun for dataset_produces_2 to None, run_after=None
[2025-01-03T11:16:02.076-0800] {processor.py:208} INFO - Processing /opt/anaconda3/envs/airflow_env/lib/python3.9/site-packages/airflow/example_dags/example_datasets.py took 0.969 seconds
[2025-01-03T11:24:50.496-0800] {processor.py:186} INFO - Started process (PID=49971) to work on /opt/anaconda3/envs/airflow_env/lib/python3.9/site-packages/airflow/example_dags/example_datasets.py
[2025-01-03T11:24:50.499-0800] {processor.py:914} INFO - Processing file /opt/anaconda3/envs/airflow_env/lib/python3.9/site-packages/airflow/example_dags/example_datasets.py for tasks to queue
[2025-01-03T11:24:50.500-0800] {logging_mixin.py:190} INFO - [2025-01-03T11:24:50.500-0800] {dagbag.py:588} INFO - Filling up the DagBag from /opt/anaconda3/envs/airflow_env/lib/python3.9/site-packages/airflow/example_dags/example_datasets.py
[2025-01-03T11:24:50.637-0800] {processor.py:925} INFO - DAG(s) 'dataset_consumes_1', 'consume_1_or_2_with_dataset_expressions', 'dataset_consumes_1_and_2', 'consume_1_and_2_with_dataset_expressions', 'dataset_consumes_1_never_scheduled', 'conditional_dataset_and_time_based_timetable', 'dataset_consumes_unknown_never_scheduled', 'consume_1_or_both_2_and_3_with_dataset_expressions', 'dataset_produces_2', 'dataset_produces_1' retrieved from /opt/anaconda3/envs/airflow_env/lib/python3.9/site-packages/airflow/example_dags/example_datasets.py
[2025-01-03T11:24:50.886-0800] {logging_mixin.py:190} INFO - [2025-01-03T11:24:50.885-0800] {dag.py:3239} INFO - Sync 10 DAGs
[2025-01-03T11:24:50.919-0800] {logging_mixin.py:190} INFO - [2025-01-03T11:24:50.919-0800] {dag.py:4180} INFO - Setting next_dagrun for conditional_dataset_and_time_based_timetable to 2025-01-01 01:00:00+00:00, run_after=2025-01-01 01:00:00+00:00
[2025-01-03T11:24:50.924-0800] {logging_mixin.py:190} INFO - [2025-01-03T11:24:50.924-0800] {dag.py:4180} INFO - Setting next_dagrun for consume_1_and_2_with_dataset_expressions to None, run_after=None
[2025-01-03T11:24:50.927-0800] {logging_mixin.py:190} INFO - [2025-01-03T11:24:50.927-0800] {dag.py:4180} INFO - Setting next_dagrun for consume_1_or_2_with_dataset_expressions to None, run_after=None
[2025-01-03T11:24:50.929-0800] {logging_mixin.py:190} INFO - [2025-01-03T11:24:50.929-0800] {dag.py:4180} INFO - Setting next_dagrun for consume_1_or_both_2_and_3_with_dataset_expressions to None, run_after=None
[2025-01-03T11:24:50.932-0800] {logging_mixin.py:190} INFO - [2025-01-03T11:24:50.931-0800] {dag.py:4180} INFO - Setting next_dagrun for dataset_consumes_1 to None, run_after=None
[2025-01-03T11:24:50.934-0800] {logging_mixin.py:190} INFO - [2025-01-03T11:24:50.933-0800] {dag.py:4180} INFO - Setting next_dagrun for dataset_consumes_1_and_2 to None, run_after=None
[2025-01-03T11:24:50.936-0800] {logging_mixin.py:190} INFO - [2025-01-03T11:24:50.936-0800] {dag.py:4180} INFO - Setting next_dagrun for dataset_consumes_1_never_scheduled to None, run_after=None
[2025-01-03T11:24:50.938-0800] {logging_mixin.py:190} INFO - [2025-01-03T11:24:50.937-0800] {dag.py:4180} INFO - Setting next_dagrun for dataset_consumes_unknown_never_scheduled to None, run_after=None
[2025-01-03T11:24:50.943-0800] {logging_mixin.py:190} INFO - [2025-01-03T11:24:50.942-0800] {dag.py:4180} INFO - Setting next_dagrun for dataset_produces_1 to 2025-01-02 00:00:00+00:00, run_after=2025-01-03 00:00:00+00:00
[2025-01-03T11:24:50.945-0800] {logging_mixin.py:190} INFO - [2025-01-03T11:24:50.945-0800] {dag.py:4180} INFO - Setting next_dagrun for dataset_produces_2 to None, run_after=None
[2025-01-03T11:24:51.025-0800] {processor.py:208} INFO - Processing /opt/anaconda3/envs/airflow_env/lib/python3.9/site-packages/airflow/example_dags/example_datasets.py took 0.533 seconds
[2025-01-03T11:29:41.826-0800] {processor.py:186} INFO - Started process (PID=50194) to work on /opt/anaconda3/envs/airflow_env/lib/python3.9/site-packages/airflow/example_dags/example_datasets.py
[2025-01-03T11:29:41.828-0800] {processor.py:914} INFO - Processing file /opt/anaconda3/envs/airflow_env/lib/python3.9/site-packages/airflow/example_dags/example_datasets.py for tasks to queue
[2025-01-03T11:29:41.830-0800] {logging_mixin.py:190} INFO - [2025-01-03T11:29:41.829-0800] {dagbag.py:588} INFO - Filling up the DagBag from /opt/anaconda3/envs/airflow_env/lib/python3.9/site-packages/airflow/example_dags/example_datasets.py
[2025-01-03T11:29:42.021-0800] {processor.py:925} INFO - DAG(s) 'consume_1_and_2_with_dataset_expressions', 'conditional_dataset_and_time_based_timetable', 'dataset_consumes_unknown_never_scheduled', 'dataset_consumes_1', 'dataset_produces_2', 'dataset_consumes_1_and_2', 'consume_1_or_2_with_dataset_expressions', 'consume_1_or_both_2_and_3_with_dataset_expressions', 'dataset_consumes_1_never_scheduled', 'dataset_produces_1' retrieved from /opt/anaconda3/envs/airflow_env/lib/python3.9/site-packages/airflow/example_dags/example_datasets.py
[2025-01-03T11:29:42.359-0800] {logging_mixin.py:190} INFO - [2025-01-03T11:29:42.359-0800] {dag.py:3239} INFO - Sync 10 DAGs
[2025-01-03T11:29:42.388-0800] {logging_mixin.py:190} INFO - [2025-01-03T11:29:42.388-0800] {dag.py:4180} INFO - Setting next_dagrun for conditional_dataset_and_time_based_timetable to 2025-01-01 01:00:00+00:00, run_after=2025-01-01 01:00:00+00:00
[2025-01-03T11:29:42.392-0800] {logging_mixin.py:190} INFO - [2025-01-03T11:29:42.392-0800] {dag.py:4180} INFO - Setting next_dagrun for consume_1_and_2_with_dataset_expressions to None, run_after=None
[2025-01-03T11:29:42.394-0800] {logging_mixin.py:190} INFO - [2025-01-03T11:29:42.393-0800] {dag.py:4180} INFO - Setting next_dagrun for consume_1_or_2_with_dataset_expressions to None, run_after=None
[2025-01-03T11:29:42.395-0800] {logging_mixin.py:190} INFO - [2025-01-03T11:29:42.395-0800] {dag.py:4180} INFO - Setting next_dagrun for consume_1_or_both_2_and_3_with_dataset_expressions to None, run_after=None
[2025-01-03T11:29:42.396-0800] {logging_mixin.py:190} INFO - [2025-01-03T11:29:42.396-0800] {dag.py:4180} INFO - Setting next_dagrun for dataset_consumes_1 to None, run_after=None
[2025-01-03T11:29:42.397-0800] {logging_mixin.py:190} INFO - [2025-01-03T11:29:42.397-0800] {dag.py:4180} INFO - Setting next_dagrun for dataset_consumes_1_and_2 to None, run_after=None
[2025-01-03T11:29:42.399-0800] {logging_mixin.py:190} INFO - [2025-01-03T11:29:42.399-0800] {dag.py:4180} INFO - Setting next_dagrun for dataset_consumes_1_never_scheduled to None, run_after=None
[2025-01-03T11:29:42.400-0800] {logging_mixin.py:190} INFO - [2025-01-03T11:29:42.400-0800] {dag.py:4180} INFO - Setting next_dagrun for dataset_consumes_unknown_never_scheduled to None, run_after=None
[2025-01-03T11:29:42.403-0800] {logging_mixin.py:190} INFO - [2025-01-03T11:29:42.403-0800] {dag.py:4180} INFO - Setting next_dagrun for dataset_produces_1 to 2025-01-02 00:00:00+00:00, run_after=2025-01-03 00:00:00+00:00
[2025-01-03T11:29:42.405-0800] {logging_mixin.py:190} INFO - [2025-01-03T11:29:42.404-0800] {dag.py:4180} INFO - Setting next_dagrun for dataset_produces_2 to None, run_after=None
[2025-01-03T11:29:42.447-0800] {processor.py:208} INFO - Processing /opt/anaconda3/envs/airflow_env/lib/python3.9/site-packages/airflow/example_dags/example_datasets.py took 0.626 seconds
[2025-01-03T11:39:08.752-0800] {processor.py:186} INFO - Started process (PID=50554) to work on /opt/anaconda3/envs/airflow_env/lib/python3.9/site-packages/airflow/example_dags/example_datasets.py
[2025-01-03T11:39:08.755-0800] {processor.py:914} INFO - Processing file /opt/anaconda3/envs/airflow_env/lib/python3.9/site-packages/airflow/example_dags/example_datasets.py for tasks to queue
[2025-01-03T11:39:08.756-0800] {logging_mixin.py:190} INFO - [2025-01-03T11:39:08.756-0800] {dagbag.py:588} INFO - Filling up the DagBag from /opt/anaconda3/envs/airflow_env/lib/python3.9/site-packages/airflow/example_dags/example_datasets.py
[2025-01-03T11:39:08.923-0800] {processor.py:925} INFO - DAG(s) 'conditional_dataset_and_time_based_timetable', 'consume_1_and_2_with_dataset_expressions', 'dataset_consumes_1', 'consume_1_or_2_with_dataset_expressions', 'dataset_consumes_unknown_never_scheduled', 'consume_1_or_both_2_and_3_with_dataset_expressions', 'dataset_produces_2', 'dataset_consumes_1_never_scheduled', 'dataset_consumes_1_and_2', 'dataset_produces_1' retrieved from /opt/anaconda3/envs/airflow_env/lib/python3.9/site-packages/airflow/example_dags/example_datasets.py
[2025-01-03T11:39:09.285-0800] {logging_mixin.py:190} INFO - [2025-01-03T11:39:09.285-0800] {dag.py:3239} INFO - Sync 10 DAGs
[2025-01-03T11:39:09.328-0800] {logging_mixin.py:190} INFO - [2025-01-03T11:39:09.327-0800] {dag.py:4180} INFO - Setting next_dagrun for conditional_dataset_and_time_based_timetable to 2025-01-01 01:00:00+00:00, run_after=2025-01-01 01:00:00+00:00
[2025-01-03T11:39:09.333-0800] {logging_mixin.py:190} INFO - [2025-01-03T11:39:09.333-0800] {dag.py:4180} INFO - Setting next_dagrun for consume_1_and_2_with_dataset_expressions to None, run_after=None
[2025-01-03T11:39:09.335-0800] {logging_mixin.py:190} INFO - [2025-01-03T11:39:09.335-0800] {dag.py:4180} INFO - Setting next_dagrun for consume_1_or_2_with_dataset_expressions to None, run_after=None
[2025-01-03T11:39:09.338-0800] {logging_mixin.py:190} INFO - [2025-01-03T11:39:09.337-0800] {dag.py:4180} INFO - Setting next_dagrun for consume_1_or_both_2_and_3_with_dataset_expressions to None, run_after=None
[2025-01-03T11:39:09.340-0800] {logging_mixin.py:190} INFO - [2025-01-03T11:39:09.339-0800] {dag.py:4180} INFO - Setting next_dagrun for dataset_consumes_1 to None, run_after=None
[2025-01-03T11:39:09.342-0800] {logging_mixin.py:190} INFO - [2025-01-03T11:39:09.341-0800] {dag.py:4180} INFO - Setting next_dagrun for dataset_consumes_1_and_2 to None, run_after=None
[2025-01-03T11:39:09.343-0800] {logging_mixin.py:190} INFO - [2025-01-03T11:39:09.343-0800] {dag.py:4180} INFO - Setting next_dagrun for dataset_consumes_1_never_scheduled to None, run_after=None
[2025-01-03T11:39:09.344-0800] {logging_mixin.py:190} INFO - [2025-01-03T11:39:09.344-0800] {dag.py:4180} INFO - Setting next_dagrun for dataset_consumes_unknown_never_scheduled to None, run_after=None
[2025-01-03T11:39:09.348-0800] {logging_mixin.py:190} INFO - [2025-01-03T11:39:09.348-0800] {dag.py:4180} INFO - Setting next_dagrun for dataset_produces_1 to 2025-01-02 00:00:00+00:00, run_after=2025-01-03 00:00:00+00:00
[2025-01-03T11:39:09.350-0800] {logging_mixin.py:190} INFO - [2025-01-03T11:39:09.350-0800] {dag.py:4180} INFO - Setting next_dagrun for dataset_produces_2 to None, run_after=None
[2025-01-03T11:39:09.397-0800] {processor.py:208} INFO - Processing /opt/anaconda3/envs/airflow_env/lib/python3.9/site-packages/airflow/example_dags/example_datasets.py took 0.649 seconds
[2025-01-03T11:43:38.237-0800] {processor.py:186} INFO - Started process (PID=50736) to work on /opt/anaconda3/envs/airflow_env/lib/python3.9/site-packages/airflow/example_dags/example_datasets.py
[2025-01-03T11:43:38.243-0800] {processor.py:914} INFO - Processing file /opt/anaconda3/envs/airflow_env/lib/python3.9/site-packages/airflow/example_dags/example_datasets.py for tasks to queue
[2025-01-03T11:43:38.246-0800] {logging_mixin.py:190} INFO - [2025-01-03T11:43:38.245-0800] {dagbag.py:588} INFO - Filling up the DagBag from /opt/anaconda3/envs/airflow_env/lib/python3.9/site-packages/airflow/example_dags/example_datasets.py
[2025-01-03T11:43:38.421-0800] {processor.py:925} INFO - DAG(s) 'dataset_consumes_1', 'dataset_produces_1', 'consume_1_or_both_2_and_3_with_dataset_expressions', 'dataset_consumes_1_never_scheduled', 'conditional_dataset_and_time_based_timetable', 'dataset_consumes_1_and_2', 'dataset_consumes_unknown_never_scheduled', 'consume_1_and_2_with_dataset_expressions', 'dataset_produces_2', 'consume_1_or_2_with_dataset_expressions' retrieved from /opt/anaconda3/envs/airflow_env/lib/python3.9/site-packages/airflow/example_dags/example_datasets.py
[2025-01-03T11:43:38.612-0800] {logging_mixin.py:190} INFO - [2025-01-03T11:43:38.612-0800] {dag.py:3239} INFO - Sync 10 DAGs
[2025-01-03T11:43:38.640-0800] {logging_mixin.py:190} INFO - [2025-01-03T11:43:38.640-0800] {dag.py:4180} INFO - Setting next_dagrun for conditional_dataset_and_time_based_timetable to 2025-01-01 01:00:00+00:00, run_after=2025-01-01 01:00:00+00:00
[2025-01-03T11:43:38.644-0800] {logging_mixin.py:190} INFO - [2025-01-03T11:43:38.643-0800] {dag.py:4180} INFO - Setting next_dagrun for consume_1_and_2_with_dataset_expressions to None, run_after=None
[2025-01-03T11:43:38.645-0800] {logging_mixin.py:190} INFO - [2025-01-03T11:43:38.645-0800] {dag.py:4180} INFO - Setting next_dagrun for consume_1_or_2_with_dataset_expressions to None, run_after=None
[2025-01-03T11:43:38.646-0800] {logging_mixin.py:190} INFO - [2025-01-03T11:43:38.646-0800] {dag.py:4180} INFO - Setting next_dagrun for consume_1_or_both_2_and_3_with_dataset_expressions to None, run_after=None
[2025-01-03T11:43:38.647-0800] {logging_mixin.py:190} INFO - [2025-01-03T11:43:38.647-0800] {dag.py:4180} INFO - Setting next_dagrun for dataset_consumes_1 to None, run_after=None
[2025-01-03T11:43:38.648-0800] {logging_mixin.py:190} INFO - [2025-01-03T11:43:38.648-0800] {dag.py:4180} INFO - Setting next_dagrun for dataset_consumes_1_and_2 to None, run_after=None
[2025-01-03T11:43:38.651-0800] {logging_mixin.py:190} INFO - [2025-01-03T11:43:38.650-0800] {dag.py:4180} INFO - Setting next_dagrun for dataset_consumes_1_never_scheduled to None, run_after=None
[2025-01-03T11:43:38.653-0800] {logging_mixin.py:190} INFO - [2025-01-03T11:43:38.652-0800] {dag.py:4180} INFO - Setting next_dagrun for dataset_consumes_unknown_never_scheduled to None, run_after=None
[2025-01-03T11:43:38.656-0800] {logging_mixin.py:190} INFO - [2025-01-03T11:43:38.656-0800] {dag.py:4180} INFO - Setting next_dagrun for dataset_produces_1 to 2025-01-02 00:00:00+00:00, run_after=2025-01-03 00:00:00+00:00
[2025-01-03T11:43:38.658-0800] {logging_mixin.py:190} INFO - [2025-01-03T11:43:38.658-0800] {dag.py:4180} INFO - Setting next_dagrun for dataset_produces_2 to None, run_after=None
[2025-01-03T11:43:38.708-0800] {processor.py:208} INFO - Processing /opt/anaconda3/envs/airflow_env/lib/python3.9/site-packages/airflow/example_dags/example_datasets.py took 0.479 seconds
