[2025-01-03T09:50:37.230-0800] {processor.py:186} INFO - Started process (PID=46312) to work on /opt/anaconda3/envs/airflow_env/lib/python3.9/site-packages/airflow/example_dags/example_dynamic_task_mapping.py
[2025-01-03T09:50:37.231-0800] {processor.py:914} INFO - Processing file /opt/anaconda3/envs/airflow_env/lib/python3.9/site-packages/airflow/example_dags/example_dynamic_task_mapping.py for tasks to queue
[2025-01-03T09:50:37.233-0800] {logging_mixin.py:190} INFO - [2025-01-03T09:50:37.232-0800] {dagbag.py:588} INFO - Filling up the DagBag from /opt/anaconda3/envs/airflow_env/lib/python3.9/site-packages/airflow/example_dags/example_dynamic_task_mapping.py
[2025-01-03T09:50:37.273-0800] {processor.py:925} INFO - DAG(s) 'example_dynamic_task_mapping' retrieved from /opt/anaconda3/envs/airflow_env/lib/python3.9/site-packages/airflow/example_dags/example_dynamic_task_mapping.py
[2025-01-03T09:50:37.409-0800] {logging_mixin.py:190} INFO - [2025-01-03T09:50:37.409-0800] {dag.py:3239} INFO - Sync 1 DAGs
[2025-01-03T09:50:37.421-0800] {logging_mixin.py:190} INFO - [2025-01-03T09:50:37.421-0800] {dag.py:4180} INFO - Setting next_dagrun for example_dynamic_task_mapping to None, run_after=None
[2025-01-03T09:50:37.444-0800] {processor.py:208} INFO - Processing /opt/anaconda3/envs/airflow_env/lib/python3.9/site-packages/airflow/example_dags/example_dynamic_task_mapping.py took 0.218 seconds
[2025-01-03T09:53:58.898-0800] {processor.py:186} INFO - Started process (PID=46433) to work on /opt/anaconda3/envs/airflow_env/lib/python3.9/site-packages/airflow/example_dags/example_dynamic_task_mapping.py
[2025-01-03T09:53:58.900-0800] {processor.py:914} INFO - Processing file /opt/anaconda3/envs/airflow_env/lib/python3.9/site-packages/airflow/example_dags/example_dynamic_task_mapping.py for tasks to queue
[2025-01-03T09:53:58.902-0800] {logging_mixin.py:190} INFO - [2025-01-03T09:53:58.901-0800] {dagbag.py:588} INFO - Filling up the DagBag from /opt/anaconda3/envs/airflow_env/lib/python3.9/site-packages/airflow/example_dags/example_dynamic_task_mapping.py
[2025-01-03T09:53:58.940-0800] {processor.py:925} INFO - DAG(s) 'example_dynamic_task_mapping' retrieved from /opt/anaconda3/envs/airflow_env/lib/python3.9/site-packages/airflow/example_dags/example_dynamic_task_mapping.py
[2025-01-03T09:53:59.057-0800] {logging_mixin.py:190} INFO - [2025-01-03T09:53:59.057-0800] {dag.py:3239} INFO - Sync 1 DAGs
[2025-01-03T09:53:59.070-0800] {logging_mixin.py:190} INFO - [2025-01-03T09:53:59.070-0800] {dag.py:4180} INFO - Setting next_dagrun for example_dynamic_task_mapping to None, run_after=None
[2025-01-03T09:53:59.096-0800] {processor.py:208} INFO - Processing /opt/anaconda3/envs/airflow_env/lib/python3.9/site-packages/airflow/example_dags/example_dynamic_task_mapping.py took 0.202 seconds
[2025-01-03T10:01:51.185-0800] {processor.py:186} INFO - Started process (PID=46687) to work on /opt/anaconda3/envs/airflow_env/lib/python3.9/site-packages/airflow/example_dags/example_dynamic_task_mapping.py
[2025-01-03T10:01:51.188-0800] {processor.py:914} INFO - Processing file /opt/anaconda3/envs/airflow_env/lib/python3.9/site-packages/airflow/example_dags/example_dynamic_task_mapping.py for tasks to queue
[2025-01-03T10:01:51.191-0800] {logging_mixin.py:190} INFO - [2025-01-03T10:01:51.190-0800] {dagbag.py:588} INFO - Filling up the DagBag from /opt/anaconda3/envs/airflow_env/lib/python3.9/site-packages/airflow/example_dags/example_dynamic_task_mapping.py
[2025-01-03T10:01:51.259-0800] {processor.py:925} INFO - DAG(s) 'example_dynamic_task_mapping' retrieved from /opt/anaconda3/envs/airflow_env/lib/python3.9/site-packages/airflow/example_dags/example_dynamic_task_mapping.py
[2025-01-03T10:01:51.404-0800] {logging_mixin.py:190} INFO - [2025-01-03T10:01:51.404-0800] {dag.py:3239} INFO - Sync 1 DAGs
[2025-01-03T10:01:51.417-0800] {logging_mixin.py:190} INFO - [2025-01-03T10:01:51.417-0800] {dag.py:4180} INFO - Setting next_dagrun for example_dynamic_task_mapping to None, run_after=None
[2025-01-03T10:01:51.439-0800] {processor.py:208} INFO - Processing /opt/anaconda3/envs/airflow_env/lib/python3.9/site-packages/airflow/example_dags/example_dynamic_task_mapping.py took 0.258 seconds
[2025-01-03T10:05:38.556-0800] {processor.py:186} INFO - Started process (PID=46823) to work on /opt/anaconda3/envs/airflow_env/lib/python3.9/site-packages/airflow/example_dags/example_dynamic_task_mapping.py
[2025-01-03T10:05:38.562-0800] {processor.py:914} INFO - Processing file /opt/anaconda3/envs/airflow_env/lib/python3.9/site-packages/airflow/example_dags/example_dynamic_task_mapping.py for tasks to queue
[2025-01-03T10:05:38.564-0800] {logging_mixin.py:190} INFO - [2025-01-03T10:05:38.564-0800] {dagbag.py:588} INFO - Filling up the DagBag from /opt/anaconda3/envs/airflow_env/lib/python3.9/site-packages/airflow/example_dags/example_dynamic_task_mapping.py
[2025-01-03T10:05:38.617-0800] {processor.py:925} INFO - DAG(s) 'example_dynamic_task_mapping' retrieved from /opt/anaconda3/envs/airflow_env/lib/python3.9/site-packages/airflow/example_dags/example_dynamic_task_mapping.py
[2025-01-03T10:05:38.785-0800] {logging_mixin.py:190} INFO - [2025-01-03T10:05:38.784-0800] {dag.py:3239} INFO - Sync 1 DAGs
[2025-01-03T10:05:38.798-0800] {logging_mixin.py:190} INFO - [2025-01-03T10:05:38.798-0800] {dag.py:4180} INFO - Setting next_dagrun for example_dynamic_task_mapping to None, run_after=None
[2025-01-03T10:05:38.823-0800] {processor.py:208} INFO - Processing /opt/anaconda3/envs/airflow_env/lib/python3.9/site-packages/airflow/example_dags/example_dynamic_task_mapping.py took 0.271 seconds
[2025-01-03T10:09:14.353-0800] {processor.py:186} INFO - Started process (PID=46935) to work on /opt/anaconda3/envs/airflow_env/lib/python3.9/site-packages/airflow/example_dags/example_dynamic_task_mapping.py
[2025-01-03T10:09:14.356-0800] {processor.py:914} INFO - Processing file /opt/anaconda3/envs/airflow_env/lib/python3.9/site-packages/airflow/example_dags/example_dynamic_task_mapping.py for tasks to queue
[2025-01-03T10:09:14.358-0800] {logging_mixin.py:190} INFO - [2025-01-03T10:09:14.357-0800] {dagbag.py:588} INFO - Filling up the DagBag from /opt/anaconda3/envs/airflow_env/lib/python3.9/site-packages/airflow/example_dags/example_dynamic_task_mapping.py
[2025-01-03T10:09:14.409-0800] {processor.py:925} INFO - DAG(s) 'example_dynamic_task_mapping' retrieved from /opt/anaconda3/envs/airflow_env/lib/python3.9/site-packages/airflow/example_dags/example_dynamic_task_mapping.py
[2025-01-03T10:09:14.584-0800] {logging_mixin.py:190} INFO - [2025-01-03T10:09:14.584-0800] {dag.py:3239} INFO - Sync 1 DAGs
[2025-01-03T10:09:14.601-0800] {logging_mixin.py:190} INFO - [2025-01-03T10:09:14.601-0800] {dag.py:4180} INFO - Setting next_dagrun for example_dynamic_task_mapping to None, run_after=None
[2025-01-03T10:09:14.623-0800] {processor.py:208} INFO - Processing /opt/anaconda3/envs/airflow_env/lib/python3.9/site-packages/airflow/example_dags/example_dynamic_task_mapping.py took 0.275 seconds
[2025-01-03T10:16:20.797-0800] {processor.py:186} INFO - Started process (PID=47214) to work on /opt/anaconda3/envs/airflow_env/lib/python3.9/site-packages/airflow/example_dags/example_dynamic_task_mapping.py
[2025-01-03T10:16:20.800-0800] {processor.py:914} INFO - Processing file /opt/anaconda3/envs/airflow_env/lib/python3.9/site-packages/airflow/example_dags/example_dynamic_task_mapping.py for tasks to queue
[2025-01-03T10:16:20.802-0800] {logging_mixin.py:190} INFO - [2025-01-03T10:16:20.801-0800] {dagbag.py:588} INFO - Filling up the DagBag from /opt/anaconda3/envs/airflow_env/lib/python3.9/site-packages/airflow/example_dags/example_dynamic_task_mapping.py
[2025-01-03T10:16:20.901-0800] {processor.py:925} INFO - DAG(s) 'example_dynamic_task_mapping' retrieved from /opt/anaconda3/envs/airflow_env/lib/python3.9/site-packages/airflow/example_dags/example_dynamic_task_mapping.py
[2025-01-03T10:16:21.046-0800] {logging_mixin.py:190} INFO - [2025-01-03T10:16:21.045-0800] {dag.py:3239} INFO - Sync 1 DAGs
[2025-01-03T10:16:21.062-0800] {logging_mixin.py:190} INFO - [2025-01-03T10:16:21.062-0800] {dag.py:4180} INFO - Setting next_dagrun for example_dynamic_task_mapping to None, run_after=None
[2025-01-03T10:16:21.085-0800] {processor.py:208} INFO - Processing /opt/anaconda3/envs/airflow_env/lib/python3.9/site-packages/airflow/example_dags/example_dynamic_task_mapping.py took 0.299 seconds
[2025-01-03T10:20:20.177-0800] {processor.py:186} INFO - Started process (PID=47456) to work on /opt/anaconda3/envs/airflow_env/lib/python3.9/site-packages/airflow/example_dags/example_dynamic_task_mapping.py
[2025-01-03T10:20:20.185-0800] {processor.py:914} INFO - Processing file /opt/anaconda3/envs/airflow_env/lib/python3.9/site-packages/airflow/example_dags/example_dynamic_task_mapping.py for tasks to queue
[2025-01-03T10:20:20.188-0800] {logging_mixin.py:190} INFO - [2025-01-03T10:20:20.188-0800] {dagbag.py:588} INFO - Filling up the DagBag from /opt/anaconda3/envs/airflow_env/lib/python3.9/site-packages/airflow/example_dags/example_dynamic_task_mapping.py
[2025-01-03T10:20:20.270-0800] {processor.py:925} INFO - DAG(s) 'example_dynamic_task_mapping' retrieved from /opt/anaconda3/envs/airflow_env/lib/python3.9/site-packages/airflow/example_dags/example_dynamic_task_mapping.py
[2025-01-03T10:20:20.492-0800] {logging_mixin.py:190} INFO - [2025-01-03T10:20:20.491-0800] {dag.py:3239} INFO - Sync 1 DAGs
[2025-01-03T10:20:20.514-0800] {logging_mixin.py:190} INFO - [2025-01-03T10:20:20.514-0800] {dag.py:4180} INFO - Setting next_dagrun for example_dynamic_task_mapping to None, run_after=None
[2025-01-03T10:20:20.542-0800] {processor.py:208} INFO - Processing /opt/anaconda3/envs/airflow_env/lib/python3.9/site-packages/airflow/example_dags/example_dynamic_task_mapping.py took 0.424 seconds
[2025-01-03T10:24:19.372-0800] {processor.py:186} INFO - Started process (PID=47626) to work on /opt/anaconda3/envs/airflow_env/lib/python3.9/site-packages/airflow/example_dags/example_dynamic_task_mapping.py
[2025-01-03T10:24:19.376-0800] {processor.py:914} INFO - Processing file /opt/anaconda3/envs/airflow_env/lib/python3.9/site-packages/airflow/example_dags/example_dynamic_task_mapping.py for tasks to queue
[2025-01-03T10:24:19.377-0800] {logging_mixin.py:190} INFO - [2025-01-03T10:24:19.377-0800] {dagbag.py:588} INFO - Filling up the DagBag from /opt/anaconda3/envs/airflow_env/lib/python3.9/site-packages/airflow/example_dags/example_dynamic_task_mapping.py
[2025-01-03T10:24:19.440-0800] {processor.py:925} INFO - DAG(s) 'example_dynamic_task_mapping' retrieved from /opt/anaconda3/envs/airflow_env/lib/python3.9/site-packages/airflow/example_dags/example_dynamic_task_mapping.py
[2025-01-03T10:24:19.623-0800] {logging_mixin.py:190} INFO - [2025-01-03T10:24:19.621-0800] {dag.py:3239} INFO - Sync 1 DAGs
[2025-01-03T10:24:19.670-0800] {logging_mixin.py:190} INFO - [2025-01-03T10:24:19.670-0800] {dag.py:4180} INFO - Setting next_dagrun for example_dynamic_task_mapping to None, run_after=None
[2025-01-03T10:24:19.698-0800] {processor.py:208} INFO - Processing /opt/anaconda3/envs/airflow_env/lib/python3.9/site-packages/airflow/example_dags/example_dynamic_task_mapping.py took 0.332 seconds
[2025-01-03T10:28:30.500-0800] {processor.py:186} INFO - Started process (PID=47744) to work on /opt/anaconda3/envs/airflow_env/lib/python3.9/site-packages/airflow/example_dags/example_dynamic_task_mapping.py
[2025-01-03T10:28:30.503-0800] {processor.py:914} INFO - Processing file /opt/anaconda3/envs/airflow_env/lib/python3.9/site-packages/airflow/example_dags/example_dynamic_task_mapping.py for tasks to queue
[2025-01-03T10:28:30.505-0800] {logging_mixin.py:190} INFO - [2025-01-03T10:28:30.505-0800] {dagbag.py:588} INFO - Filling up the DagBag from /opt/anaconda3/envs/airflow_env/lib/python3.9/site-packages/airflow/example_dags/example_dynamic_task_mapping.py
[2025-01-03T10:28:30.649-0800] {processor.py:925} INFO - DAG(s) 'example_dynamic_task_mapping' retrieved from /opt/anaconda3/envs/airflow_env/lib/python3.9/site-packages/airflow/example_dags/example_dynamic_task_mapping.py
[2025-01-03T10:28:30.832-0800] {logging_mixin.py:190} INFO - [2025-01-03T10:28:30.831-0800] {dag.py:3239} INFO - Sync 1 DAGs
[2025-01-03T10:28:30.847-0800] {logging_mixin.py:190} INFO - [2025-01-03T10:28:30.847-0800] {dag.py:4180} INFO - Setting next_dagrun for example_dynamic_task_mapping to None, run_after=None
[2025-01-03T10:28:30.873-0800] {processor.py:208} INFO - Processing /opt/anaconda3/envs/airflow_env/lib/python3.9/site-packages/airflow/example_dags/example_dynamic_task_mapping.py took 0.382 seconds
[2025-01-03T10:32:56.027-0800] {processor.py:186} INFO - Started process (PID=47877) to work on /opt/anaconda3/envs/airflow_env/lib/python3.9/site-packages/airflow/example_dags/example_dynamic_task_mapping.py
[2025-01-03T10:32:56.029-0800] {processor.py:914} INFO - Processing file /opt/anaconda3/envs/airflow_env/lib/python3.9/site-packages/airflow/example_dags/example_dynamic_task_mapping.py for tasks to queue
[2025-01-03T10:32:56.032-0800] {logging_mixin.py:190} INFO - [2025-01-03T10:32:56.031-0800] {dagbag.py:588} INFO - Filling up the DagBag from /opt/anaconda3/envs/airflow_env/lib/python3.9/site-packages/airflow/example_dags/example_dynamic_task_mapping.py
[2025-01-03T10:32:56.085-0800] {processor.py:925} INFO - DAG(s) 'example_dynamic_task_mapping' retrieved from /opt/anaconda3/envs/airflow_env/lib/python3.9/site-packages/airflow/example_dags/example_dynamic_task_mapping.py
[2025-01-03T10:32:56.362-0800] {logging_mixin.py:190} INFO - [2025-01-03T10:32:56.362-0800] {dag.py:3239} INFO - Sync 1 DAGs
[2025-01-03T10:32:56.378-0800] {logging_mixin.py:190} INFO - [2025-01-03T10:32:56.378-0800] {dag.py:4180} INFO - Setting next_dagrun for example_dynamic_task_mapping to None, run_after=None
[2025-01-03T10:32:56.412-0800] {processor.py:208} INFO - Processing /opt/anaconda3/envs/airflow_env/lib/python3.9/site-packages/airflow/example_dags/example_dynamic_task_mapping.py took 0.389 seconds
[2025-01-03T10:37:11.834-0800] {processor.py:186} INFO - Started process (PID=48015) to work on /opt/anaconda3/envs/airflow_env/lib/python3.9/site-packages/airflow/example_dags/example_dynamic_task_mapping.py
[2025-01-03T10:37:11.837-0800] {processor.py:914} INFO - Processing file /opt/anaconda3/envs/airflow_env/lib/python3.9/site-packages/airflow/example_dags/example_dynamic_task_mapping.py for tasks to queue
[2025-01-03T10:37:11.839-0800] {logging_mixin.py:190} INFO - [2025-01-03T10:37:11.838-0800] {dagbag.py:588} INFO - Filling up the DagBag from /opt/anaconda3/envs/airflow_env/lib/python3.9/site-packages/airflow/example_dags/example_dynamic_task_mapping.py
[2025-01-03T10:37:11.886-0800] {processor.py:925} INFO - DAG(s) 'example_dynamic_task_mapping' retrieved from /opt/anaconda3/envs/airflow_env/lib/python3.9/site-packages/airflow/example_dags/example_dynamic_task_mapping.py
[2025-01-03T10:37:12.029-0800] {logging_mixin.py:190} INFO - [2025-01-03T10:37:12.028-0800] {dag.py:3239} INFO - Sync 1 DAGs
[2025-01-03T10:37:12.043-0800] {logging_mixin.py:190} INFO - [2025-01-03T10:37:12.042-0800] {dag.py:4180} INFO - Setting next_dagrun for example_dynamic_task_mapping to None, run_after=None
[2025-01-03T10:37:12.067-0800] {processor.py:208} INFO - Processing /opt/anaconda3/envs/airflow_env/lib/python3.9/site-packages/airflow/example_dags/example_dynamic_task_mapping.py took 0.237 seconds
[2025-01-03T10:41:34.651-0800] {processor.py:186} INFO - Started process (PID=48138) to work on /opt/anaconda3/envs/airflow_env/lib/python3.9/site-packages/airflow/example_dags/example_dynamic_task_mapping.py
[2025-01-03T10:41:34.656-0800] {processor.py:914} INFO - Processing file /opt/anaconda3/envs/airflow_env/lib/python3.9/site-packages/airflow/example_dags/example_dynamic_task_mapping.py for tasks to queue
[2025-01-03T10:41:34.659-0800] {logging_mixin.py:190} INFO - [2025-01-03T10:41:34.659-0800] {dagbag.py:588} INFO - Filling up the DagBag from /opt/anaconda3/envs/airflow_env/lib/python3.9/site-packages/airflow/example_dags/example_dynamic_task_mapping.py
[2025-01-03T10:41:34.756-0800] {processor.py:925} INFO - DAG(s) 'example_dynamic_task_mapping' retrieved from /opt/anaconda3/envs/airflow_env/lib/python3.9/site-packages/airflow/example_dags/example_dynamic_task_mapping.py
[2025-01-03T10:41:35.209-0800] {logging_mixin.py:190} INFO - [2025-01-03T10:41:35.209-0800] {dag.py:3239} INFO - Sync 1 DAGs
[2025-01-03T10:41:35.243-0800] {logging_mixin.py:190} INFO - [2025-01-03T10:41:35.242-0800] {dag.py:4180} INFO - Setting next_dagrun for example_dynamic_task_mapping to None, run_after=None
[2025-01-03T10:41:35.312-0800] {processor.py:208} INFO - Processing /opt/anaconda3/envs/airflow_env/lib/python3.9/site-packages/airflow/example_dags/example_dynamic_task_mapping.py took 0.683 seconds
[2025-01-03T10:45:25.555-0800] {processor.py:186} INFO - Started process (PID=48260) to work on /opt/anaconda3/envs/airflow_env/lib/python3.9/site-packages/airflow/example_dags/example_dynamic_task_mapping.py
[2025-01-03T10:45:25.565-0800] {processor.py:914} INFO - Processing file /opt/anaconda3/envs/airflow_env/lib/python3.9/site-packages/airflow/example_dags/example_dynamic_task_mapping.py for tasks to queue
[2025-01-03T10:45:25.566-0800] {logging_mixin.py:190} INFO - [2025-01-03T10:45:25.566-0800] {dagbag.py:588} INFO - Filling up the DagBag from /opt/anaconda3/envs/airflow_env/lib/python3.9/site-packages/airflow/example_dags/example_dynamic_task_mapping.py
[2025-01-03T10:45:25.750-0800] {processor.py:925} INFO - DAG(s) 'example_dynamic_task_mapping' retrieved from /opt/anaconda3/envs/airflow_env/lib/python3.9/site-packages/airflow/example_dags/example_dynamic_task_mapping.py
[2025-01-03T10:45:26.351-0800] {logging_mixin.py:190} INFO - [2025-01-03T10:45:26.351-0800] {dag.py:3239} INFO - Sync 1 DAGs
[2025-01-03T10:45:26.386-0800] {logging_mixin.py:190} INFO - [2025-01-03T10:45:26.385-0800] {dag.py:4180} INFO - Setting next_dagrun for example_dynamic_task_mapping to None, run_after=None
[2025-01-03T10:45:26.441-0800] {processor.py:208} INFO - Processing /opt/anaconda3/envs/airflow_env/lib/python3.9/site-packages/airflow/example_dags/example_dynamic_task_mapping.py took 0.898 seconds
[2025-01-03T10:49:27.594-0800] {processor.py:186} INFO - Started process (PID=48400) to work on /opt/anaconda3/envs/airflow_env/lib/python3.9/site-packages/airflow/example_dags/example_dynamic_task_mapping.py
[2025-01-03T10:49:27.596-0800] {processor.py:914} INFO - Processing file /opt/anaconda3/envs/airflow_env/lib/python3.9/site-packages/airflow/example_dags/example_dynamic_task_mapping.py for tasks to queue
[2025-01-03T10:49:27.597-0800] {logging_mixin.py:190} INFO - [2025-01-03T10:49:27.597-0800] {dagbag.py:588} INFO - Filling up the DagBag from /opt/anaconda3/envs/airflow_env/lib/python3.9/site-packages/airflow/example_dags/example_dynamic_task_mapping.py
[2025-01-03T10:49:27.693-0800] {processor.py:925} INFO - DAG(s) 'example_dynamic_task_mapping' retrieved from /opt/anaconda3/envs/airflow_env/lib/python3.9/site-packages/airflow/example_dags/example_dynamic_task_mapping.py
[2025-01-03T10:49:27.934-0800] {logging_mixin.py:190} INFO - [2025-01-03T10:49:27.933-0800] {dag.py:3239} INFO - Sync 1 DAGs
[2025-01-03T10:49:27.980-0800] {logging_mixin.py:190} INFO - [2025-01-03T10:49:27.980-0800] {dag.py:4180} INFO - Setting next_dagrun for example_dynamic_task_mapping to None, run_after=None
[2025-01-03T10:49:28.029-0800] {processor.py:208} INFO - Processing /opt/anaconda3/envs/airflow_env/lib/python3.9/site-packages/airflow/example_dags/example_dynamic_task_mapping.py took 0.440 seconds
[2025-01-03T10:53:49.405-0800] {processor.py:186} INFO - Started process (PID=48604) to work on /opt/anaconda3/envs/airflow_env/lib/python3.9/site-packages/airflow/example_dags/example_dynamic_task_mapping.py
[2025-01-03T10:53:49.412-0800] {processor.py:914} INFO - Processing file /opt/anaconda3/envs/airflow_env/lib/python3.9/site-packages/airflow/example_dags/example_dynamic_task_mapping.py for tasks to queue
[2025-01-03T10:53:49.415-0800] {logging_mixin.py:190} INFO - [2025-01-03T10:53:49.414-0800] {dagbag.py:588} INFO - Filling up the DagBag from /opt/anaconda3/envs/airflow_env/lib/python3.9/site-packages/airflow/example_dags/example_dynamic_task_mapping.py
[2025-01-03T10:53:49.563-0800] {processor.py:925} INFO - DAG(s) 'example_dynamic_task_mapping' retrieved from /opt/anaconda3/envs/airflow_env/lib/python3.9/site-packages/airflow/example_dags/example_dynamic_task_mapping.py
[2025-01-03T10:53:49.850-0800] {logging_mixin.py:190} INFO - [2025-01-03T10:53:49.850-0800] {dag.py:3239} INFO - Sync 1 DAGs
[2025-01-03T10:53:49.876-0800] {logging_mixin.py:190} INFO - [2025-01-03T10:53:49.875-0800] {dag.py:4180} INFO - Setting next_dagrun for example_dynamic_task_mapping to None, run_after=None
[2025-01-03T10:53:49.922-0800] {processor.py:208} INFO - Processing /opt/anaconda3/envs/airflow_env/lib/python3.9/site-packages/airflow/example_dags/example_dynamic_task_mapping.py took 0.526 seconds
[2025-01-03T10:57:53.389-0800] {processor.py:186} INFO - Started process (PID=48826) to work on /opt/anaconda3/envs/airflow_env/lib/python3.9/site-packages/airflow/example_dags/example_dynamic_task_mapping.py
[2025-01-03T10:57:53.391-0800] {processor.py:914} INFO - Processing file /opt/anaconda3/envs/airflow_env/lib/python3.9/site-packages/airflow/example_dags/example_dynamic_task_mapping.py for tasks to queue
[2025-01-03T10:57:53.393-0800] {logging_mixin.py:190} INFO - [2025-01-03T10:57:53.392-0800] {dagbag.py:588} INFO - Filling up the DagBag from /opt/anaconda3/envs/airflow_env/lib/python3.9/site-packages/airflow/example_dags/example_dynamic_task_mapping.py
[2025-01-03T10:57:53.441-0800] {processor.py:925} INFO - DAG(s) 'example_dynamic_task_mapping' retrieved from /opt/anaconda3/envs/airflow_env/lib/python3.9/site-packages/airflow/example_dags/example_dynamic_task_mapping.py
[2025-01-03T10:57:53.615-0800] {logging_mixin.py:190} INFO - [2025-01-03T10:57:53.614-0800] {dag.py:3239} INFO - Sync 1 DAGs
[2025-01-03T10:57:53.628-0800] {logging_mixin.py:190} INFO - [2025-01-03T10:57:53.628-0800] {dag.py:4180} INFO - Setting next_dagrun for example_dynamic_task_mapping to None, run_after=None
[2025-01-03T10:57:53.655-0800] {processor.py:208} INFO - Processing /opt/anaconda3/envs/airflow_env/lib/python3.9/site-packages/airflow/example_dags/example_dynamic_task_mapping.py took 0.272 seconds
[2025-01-03T11:02:44.053-0800] {processor.py:186} INFO - Started process (PID=48954) to work on /opt/anaconda3/envs/airflow_env/lib/python3.9/site-packages/airflow/example_dags/example_dynamic_task_mapping.py
[2025-01-03T11:02:44.056-0800] {processor.py:914} INFO - Processing file /opt/anaconda3/envs/airflow_env/lib/python3.9/site-packages/airflow/example_dags/example_dynamic_task_mapping.py for tasks to queue
[2025-01-03T11:02:44.057-0800] {logging_mixin.py:190} INFO - [2025-01-03T11:02:44.057-0800] {dagbag.py:588} INFO - Filling up the DagBag from /opt/anaconda3/envs/airflow_env/lib/python3.9/site-packages/airflow/example_dags/example_dynamic_task_mapping.py
[2025-01-03T11:02:44.119-0800] {processor.py:925} INFO - DAG(s) 'example_dynamic_task_mapping' retrieved from /opt/anaconda3/envs/airflow_env/lib/python3.9/site-packages/airflow/example_dags/example_dynamic_task_mapping.py
[2025-01-03T11:02:44.280-0800] {logging_mixin.py:190} INFO - [2025-01-03T11:02:44.279-0800] {dag.py:3239} INFO - Sync 1 DAGs
[2025-01-03T11:02:44.354-0800] {logging_mixin.py:190} INFO - [2025-01-03T11:02:44.353-0800] {dag.py:4180} INFO - Setting next_dagrun for example_dynamic_task_mapping to None, run_after=None
[2025-01-03T11:02:44.412-0800] {processor.py:208} INFO - Processing /opt/anaconda3/envs/airflow_env/lib/python3.9/site-packages/airflow/example_dags/example_dynamic_task_mapping.py took 0.363 seconds
[2025-01-03T11:06:57.321-0800] {processor.py:186} INFO - Started process (PID=49132) to work on /opt/anaconda3/envs/airflow_env/lib/python3.9/site-packages/airflow/example_dags/example_dynamic_task_mapping.py
[2025-01-03T11:06:57.324-0800] {processor.py:914} INFO - Processing file /opt/anaconda3/envs/airflow_env/lib/python3.9/site-packages/airflow/example_dags/example_dynamic_task_mapping.py for tasks to queue
[2025-01-03T11:06:57.325-0800] {logging_mixin.py:190} INFO - [2025-01-03T11:06:57.325-0800] {dagbag.py:588} INFO - Filling up the DagBag from /opt/anaconda3/envs/airflow_env/lib/python3.9/site-packages/airflow/example_dags/example_dynamic_task_mapping.py
[2025-01-03T11:06:57.375-0800] {processor.py:925} INFO - DAG(s) 'example_dynamic_task_mapping' retrieved from /opt/anaconda3/envs/airflow_env/lib/python3.9/site-packages/airflow/example_dags/example_dynamic_task_mapping.py
[2025-01-03T11:06:57.571-0800] {logging_mixin.py:190} INFO - [2025-01-03T11:06:57.570-0800] {dag.py:3239} INFO - Sync 1 DAGs
[2025-01-03T11:06:57.590-0800] {logging_mixin.py:190} INFO - [2025-01-03T11:06:57.590-0800] {dag.py:4180} INFO - Setting next_dagrun for example_dynamic_task_mapping to None, run_after=None
[2025-01-03T11:06:57.625-0800] {processor.py:208} INFO - Processing /opt/anaconda3/envs/airflow_env/lib/python3.9/site-packages/airflow/example_dags/example_dynamic_task_mapping.py took 0.311 seconds
[2025-01-03T11:11:10.076-0800] {processor.py:186} INFO - Started process (PID=49326) to work on /opt/anaconda3/envs/airflow_env/lib/python3.9/site-packages/airflow/example_dags/example_dynamic_task_mapping.py
[2025-01-03T11:11:10.080-0800] {processor.py:914} INFO - Processing file /opt/anaconda3/envs/airflow_env/lib/python3.9/site-packages/airflow/example_dags/example_dynamic_task_mapping.py for tasks to queue
[2025-01-03T11:11:10.083-0800] {logging_mixin.py:190} INFO - [2025-01-03T11:11:10.082-0800] {dagbag.py:588} INFO - Filling up the DagBag from /opt/anaconda3/envs/airflow_env/lib/python3.9/site-packages/airflow/example_dags/example_dynamic_task_mapping.py
[2025-01-03T11:11:10.234-0800] {processor.py:925} INFO - DAG(s) 'example_dynamic_task_mapping' retrieved from /opt/anaconda3/envs/airflow_env/lib/python3.9/site-packages/airflow/example_dags/example_dynamic_task_mapping.py
[2025-01-03T11:11:10.697-0800] {logging_mixin.py:190} INFO - [2025-01-03T11:11:10.696-0800] {dag.py:3239} INFO - Sync 1 DAGs
[2025-01-03T11:11:10.748-0800] {logging_mixin.py:190} INFO - [2025-01-03T11:11:10.747-0800] {dag.py:4180} INFO - Setting next_dagrun for example_dynamic_task_mapping to None, run_after=None
[2025-01-03T11:11:10.822-0800] {processor.py:208} INFO - Processing /opt/anaconda3/envs/airflow_env/lib/python3.9/site-packages/airflow/example_dags/example_dynamic_task_mapping.py took 0.752 seconds
[2025-01-03T11:15:51.046-0800] {processor.py:186} INFO - Started process (PID=49685) to work on /opt/anaconda3/envs/airflow_env/lib/python3.9/site-packages/airflow/example_dags/example_dynamic_task_mapping.py
[2025-01-03T11:15:51.049-0800] {processor.py:914} INFO - Processing file /opt/anaconda3/envs/airflow_env/lib/python3.9/site-packages/airflow/example_dags/example_dynamic_task_mapping.py for tasks to queue
[2025-01-03T11:15:51.050-0800] {logging_mixin.py:190} INFO - [2025-01-03T11:15:51.050-0800] {dagbag.py:588} INFO - Filling up the DagBag from /opt/anaconda3/envs/airflow_env/lib/python3.9/site-packages/airflow/example_dags/example_dynamic_task_mapping.py
[2025-01-03T11:15:51.098-0800] {processor.py:925} INFO - DAG(s) 'example_dynamic_task_mapping' retrieved from /opt/anaconda3/envs/airflow_env/lib/python3.9/site-packages/airflow/example_dags/example_dynamic_task_mapping.py
[2025-01-03T11:15:51.260-0800] {logging_mixin.py:190} INFO - [2025-01-03T11:15:51.259-0800] {dag.py:3239} INFO - Sync 1 DAGs
[2025-01-03T11:15:51.279-0800] {logging_mixin.py:190} INFO - [2025-01-03T11:15:51.279-0800] {dag.py:4180} INFO - Setting next_dagrun for example_dynamic_task_mapping to None, run_after=None
[2025-01-03T11:15:51.305-0800] {processor.py:208} INFO - Processing /opt/anaconda3/envs/airflow_env/lib/python3.9/site-packages/airflow/example_dags/example_dynamic_task_mapping.py took 0.265 seconds
[2025-01-03T11:20:23.242-0800] {processor.py:186} INFO - Started process (PID=49825) to work on /opt/anaconda3/envs/airflow_env/lib/python3.9/site-packages/airflow/example_dags/example_dynamic_task_mapping.py
[2025-01-03T11:20:23.245-0800] {processor.py:914} INFO - Processing file /opt/anaconda3/envs/airflow_env/lib/python3.9/site-packages/airflow/example_dags/example_dynamic_task_mapping.py for tasks to queue
[2025-01-03T11:20:23.246-0800] {logging_mixin.py:190} INFO - [2025-01-03T11:20:23.246-0800] {dagbag.py:588} INFO - Filling up the DagBag from /opt/anaconda3/envs/airflow_env/lib/python3.9/site-packages/airflow/example_dags/example_dynamic_task_mapping.py
[2025-01-03T11:20:23.291-0800] {processor.py:925} INFO - DAG(s) 'example_dynamic_task_mapping' retrieved from /opt/anaconda3/envs/airflow_env/lib/python3.9/site-packages/airflow/example_dags/example_dynamic_task_mapping.py
[2025-01-03T11:20:23.438-0800] {logging_mixin.py:190} INFO - [2025-01-03T11:20:23.438-0800] {dag.py:3239} INFO - Sync 1 DAGs
[2025-01-03T11:20:23.450-0800] {logging_mixin.py:190} INFO - [2025-01-03T11:20:23.450-0800] {dag.py:4180} INFO - Setting next_dagrun for example_dynamic_task_mapping to None, run_after=None
[2025-01-03T11:20:23.483-0800] {processor.py:208} INFO - Processing /opt/anaconda3/envs/airflow_env/lib/python3.9/site-packages/airflow/example_dags/example_dynamic_task_mapping.py took 0.246 seconds
[2025-01-03T11:24:45.829-0800] {processor.py:186} INFO - Started process (PID=49969) to work on /opt/anaconda3/envs/airflow_env/lib/python3.9/site-packages/airflow/example_dags/example_dynamic_task_mapping.py
[2025-01-03T11:24:45.832-0800] {processor.py:914} INFO - Processing file /opt/anaconda3/envs/airflow_env/lib/python3.9/site-packages/airflow/example_dags/example_dynamic_task_mapping.py for tasks to queue
[2025-01-03T11:24:45.835-0800] {logging_mixin.py:190} INFO - [2025-01-03T11:24:45.834-0800] {dagbag.py:588} INFO - Filling up the DagBag from /opt/anaconda3/envs/airflow_env/lib/python3.9/site-packages/airflow/example_dags/example_dynamic_task_mapping.py
[2025-01-03T11:24:45.909-0800] {processor.py:925} INFO - DAG(s) 'example_dynamic_task_mapping' retrieved from /opt/anaconda3/envs/airflow_env/lib/python3.9/site-packages/airflow/example_dags/example_dynamic_task_mapping.py
[2025-01-03T11:24:46.247-0800] {logging_mixin.py:190} INFO - [2025-01-03T11:24:46.246-0800] {dag.py:3239} INFO - Sync 1 DAGs
[2025-01-03T11:24:46.277-0800] {logging_mixin.py:190} INFO - [2025-01-03T11:24:46.277-0800] {dag.py:4180} INFO - Setting next_dagrun for example_dynamic_task_mapping to None, run_after=None
[2025-01-03T11:24:46.315-0800] {processor.py:208} INFO - Processing /opt/anaconda3/envs/airflow_env/lib/python3.9/site-packages/airflow/example_dags/example_dynamic_task_mapping.py took 0.491 seconds
[2025-01-03T11:29:33.875-0800] {processor.py:186} INFO - Started process (PID=50190) to work on /opt/anaconda3/envs/airflow_env/lib/python3.9/site-packages/airflow/example_dags/example_dynamic_task_mapping.py
[2025-01-03T11:29:33.877-0800] {processor.py:914} INFO - Processing file /opt/anaconda3/envs/airflow_env/lib/python3.9/site-packages/airflow/example_dags/example_dynamic_task_mapping.py for tasks to queue
[2025-01-03T11:29:33.879-0800] {logging_mixin.py:190} INFO - [2025-01-03T11:29:33.878-0800] {dagbag.py:588} INFO - Filling up the DagBag from /opt/anaconda3/envs/airflow_env/lib/python3.9/site-packages/airflow/example_dags/example_dynamic_task_mapping.py
[2025-01-03T11:29:34.005-0800] {processor.py:925} INFO - DAG(s) 'example_dynamic_task_mapping' retrieved from /opt/anaconda3/envs/airflow_env/lib/python3.9/site-packages/airflow/example_dags/example_dynamic_task_mapping.py
[2025-01-03T11:29:34.237-0800] {logging_mixin.py:190} INFO - [2025-01-03T11:29:34.237-0800] {dag.py:3239} INFO - Sync 1 DAGs
[2025-01-03T11:29:34.255-0800] {logging_mixin.py:190} INFO - [2025-01-03T11:29:34.254-0800] {dag.py:4180} INFO - Setting next_dagrun for example_dynamic_task_mapping to None, run_after=None
[2025-01-03T11:29:34.309-0800] {processor.py:208} INFO - Processing /opt/anaconda3/envs/airflow_env/lib/python3.9/site-packages/airflow/example_dags/example_dynamic_task_mapping.py took 0.438 seconds
[2025-01-03T11:34:21.252-0800] {processor.py:186} INFO - Started process (PID=50377) to work on /opt/anaconda3/envs/airflow_env/lib/python3.9/site-packages/airflow/example_dags/example_dynamic_task_mapping.py
[2025-01-03T11:34:21.255-0800] {processor.py:914} INFO - Processing file /opt/anaconda3/envs/airflow_env/lib/python3.9/site-packages/airflow/example_dags/example_dynamic_task_mapping.py for tasks to queue
[2025-01-03T11:34:21.259-0800] {logging_mixin.py:190} INFO - [2025-01-03T11:34:21.258-0800] {dagbag.py:588} INFO - Filling up the DagBag from /opt/anaconda3/envs/airflow_env/lib/python3.9/site-packages/airflow/example_dags/example_dynamic_task_mapping.py
[2025-01-03T11:34:21.346-0800] {processor.py:925} INFO - DAG(s) 'example_dynamic_task_mapping' retrieved from /opt/anaconda3/envs/airflow_env/lib/python3.9/site-packages/airflow/example_dags/example_dynamic_task_mapping.py
[2025-01-03T11:34:21.784-0800] {logging_mixin.py:190} INFO - [2025-01-03T11:34:21.784-0800] {dag.py:3239} INFO - Sync 1 DAGs
[2025-01-03T11:34:21.806-0800] {logging_mixin.py:190} INFO - [2025-01-03T11:34:21.806-0800] {dag.py:4180} INFO - Setting next_dagrun for example_dynamic_task_mapping to None, run_after=None
[2025-01-03T11:34:21.843-0800] {processor.py:208} INFO - Processing /opt/anaconda3/envs/airflow_env/lib/python3.9/site-packages/airflow/example_dags/example_dynamic_task_mapping.py took 0.608 seconds
[2025-01-03T11:39:01.057-0800] {processor.py:186} INFO - Started process (PID=50550) to work on /opt/anaconda3/envs/airflow_env/lib/python3.9/site-packages/airflow/example_dags/example_dynamic_task_mapping.py
[2025-01-03T11:39:01.060-0800] {processor.py:914} INFO - Processing file /opt/anaconda3/envs/airflow_env/lib/python3.9/site-packages/airflow/example_dags/example_dynamic_task_mapping.py for tasks to queue
[2025-01-03T11:39:01.062-0800] {logging_mixin.py:190} INFO - [2025-01-03T11:39:01.062-0800] {dagbag.py:588} INFO - Filling up the DagBag from /opt/anaconda3/envs/airflow_env/lib/python3.9/site-packages/airflow/example_dags/example_dynamic_task_mapping.py
[2025-01-03T11:39:01.266-0800] {processor.py:925} INFO - DAG(s) 'example_dynamic_task_mapping' retrieved from /opt/anaconda3/envs/airflow_env/lib/python3.9/site-packages/airflow/example_dags/example_dynamic_task_mapping.py
[2025-01-03T11:39:01.535-0800] {logging_mixin.py:190} INFO - [2025-01-03T11:39:01.534-0800] {dag.py:3239} INFO - Sync 1 DAGs
[2025-01-03T11:39:01.554-0800] {logging_mixin.py:190} INFO - [2025-01-03T11:39:01.554-0800] {dag.py:4180} INFO - Setting next_dagrun for example_dynamic_task_mapping to None, run_after=None
[2025-01-03T11:39:01.583-0800] {processor.py:208} INFO - Processing /opt/anaconda3/envs/airflow_env/lib/python3.9/site-packages/airflow/example_dags/example_dynamic_task_mapping.py took 0.533 seconds
[2025-01-03T11:43:29.930-0800] {processor.py:186} INFO - Started process (PID=50729) to work on /opt/anaconda3/envs/airflow_env/lib/python3.9/site-packages/airflow/example_dags/example_dynamic_task_mapping.py
[2025-01-03T11:43:29.932-0800] {processor.py:914} INFO - Processing file /opt/anaconda3/envs/airflow_env/lib/python3.9/site-packages/airflow/example_dags/example_dynamic_task_mapping.py for tasks to queue
[2025-01-03T11:43:29.934-0800] {logging_mixin.py:190} INFO - [2025-01-03T11:43:29.933-0800] {dagbag.py:588} INFO - Filling up the DagBag from /opt/anaconda3/envs/airflow_env/lib/python3.9/site-packages/airflow/example_dags/example_dynamic_task_mapping.py
[2025-01-03T11:43:30.040-0800] {processor.py:925} INFO - DAG(s) 'example_dynamic_task_mapping' retrieved from /opt/anaconda3/envs/airflow_env/lib/python3.9/site-packages/airflow/example_dags/example_dynamic_task_mapping.py
[2025-01-03T11:43:30.224-0800] {logging_mixin.py:190} INFO - [2025-01-03T11:43:30.224-0800] {dag.py:3239} INFO - Sync 1 DAGs
[2025-01-03T11:43:30.254-0800] {logging_mixin.py:190} INFO - [2025-01-03T11:43:30.253-0800] {dag.py:4180} INFO - Setting next_dagrun for example_dynamic_task_mapping to None, run_after=None
[2025-01-03T11:43:30.375-0800] {processor.py:208} INFO - Processing /opt/anaconda3/envs/airflow_env/lib/python3.9/site-packages/airflow/example_dags/example_dynamic_task_mapping.py took 0.452 seconds
[2025-01-03T11:48:17.337-0800] {processor.py:186} INFO - Started process (PID=50933) to work on /opt/anaconda3/envs/airflow_env/lib/python3.9/site-packages/airflow/example_dags/example_dynamic_task_mapping.py
[2025-01-03T11:48:17.340-0800] {processor.py:914} INFO - Processing file /opt/anaconda3/envs/airflow_env/lib/python3.9/site-packages/airflow/example_dags/example_dynamic_task_mapping.py for tasks to queue
[2025-01-03T11:48:17.342-0800] {logging_mixin.py:190} INFO - [2025-01-03T11:48:17.342-0800] {dagbag.py:588} INFO - Filling up the DagBag from /opt/anaconda3/envs/airflow_env/lib/python3.9/site-packages/airflow/example_dags/example_dynamic_task_mapping.py
[2025-01-03T11:48:17.386-0800] {processor.py:925} INFO - DAG(s) 'example_dynamic_task_mapping' retrieved from /opt/anaconda3/envs/airflow_env/lib/python3.9/site-packages/airflow/example_dags/example_dynamic_task_mapping.py
[2025-01-03T11:48:17.560-0800] {logging_mixin.py:190} INFO - [2025-01-03T11:48:17.560-0800] {dag.py:3239} INFO - Sync 1 DAGs
[2025-01-03T11:48:17.573-0800] {logging_mixin.py:190} INFO - [2025-01-03T11:48:17.573-0800] {dag.py:4180} INFO - Setting next_dagrun for example_dynamic_task_mapping to None, run_after=None
[2025-01-03T11:48:17.596-0800] {processor.py:208} INFO - Processing /opt/anaconda3/envs/airflow_env/lib/python3.9/site-packages/airflow/example_dags/example_dynamic_task_mapping.py took 0.263 seconds
[2025-01-03T11:59:43.443-0800] {processor.py:186} INFO - Started process (PID=51995) to work on /opt/anaconda3/envs/airflow_env/lib/python3.9/site-packages/airflow/example_dags/example_dynamic_task_mapping.py
[2025-01-03T11:59:43.446-0800] {processor.py:914} INFO - Processing file /opt/anaconda3/envs/airflow_env/lib/python3.9/site-packages/airflow/example_dags/example_dynamic_task_mapping.py for tasks to queue
[2025-01-03T11:59:43.448-0800] {logging_mixin.py:190} INFO - [2025-01-03T11:59:43.447-0800] {dagbag.py:588} INFO - Filling up the DagBag from /opt/anaconda3/envs/airflow_env/lib/python3.9/site-packages/airflow/example_dags/example_dynamic_task_mapping.py
[2025-01-03T11:59:43.565-0800] {processor.py:925} INFO - DAG(s) 'example_dynamic_task_mapping' retrieved from /opt/anaconda3/envs/airflow_env/lib/python3.9/site-packages/airflow/example_dags/example_dynamic_task_mapping.py
[2025-01-03T11:59:43.899-0800] {logging_mixin.py:190} INFO - [2025-01-03T11:59:43.899-0800] {dag.py:3239} INFO - Sync 1 DAGs
[2025-01-03T11:59:43.928-0800] {logging_mixin.py:190} INFO - [2025-01-03T11:59:43.928-0800] {dag.py:4180} INFO - Setting next_dagrun for example_dynamic_task_mapping to None, run_after=None
[2025-01-03T11:59:44.003-0800] {processor.py:208} INFO - Processing /opt/anaconda3/envs/airflow_env/lib/python3.9/site-packages/airflow/example_dags/example_dynamic_task_mapping.py took 0.595 seconds
[2025-01-03T12:05:49.895-0800] {processor.py:186} INFO - Started process (PID=52350) to work on /opt/anaconda3/envs/airflow_env/lib/python3.9/site-packages/airflow/example_dags/example_dynamic_task_mapping.py
[2025-01-03T12:05:49.898-0800] {processor.py:914} INFO - Processing file /opt/anaconda3/envs/airflow_env/lib/python3.9/site-packages/airflow/example_dags/example_dynamic_task_mapping.py for tasks to queue
[2025-01-03T12:05:49.900-0800] {logging_mixin.py:190} INFO - [2025-01-03T12:05:49.899-0800] {dagbag.py:588} INFO - Filling up the DagBag from /opt/anaconda3/envs/airflow_env/lib/python3.9/site-packages/airflow/example_dags/example_dynamic_task_mapping.py
[2025-01-03T12:05:50.005-0800] {processor.py:925} INFO - DAG(s) 'example_dynamic_task_mapping' retrieved from /opt/anaconda3/envs/airflow_env/lib/python3.9/site-packages/airflow/example_dags/example_dynamic_task_mapping.py
[2025-01-03T12:05:50.514-0800] {logging_mixin.py:190} INFO - [2025-01-03T12:05:50.513-0800] {dag.py:3239} INFO - Sync 1 DAGs
[2025-01-03T12:05:50.551-0800] {logging_mixin.py:190} INFO - [2025-01-03T12:05:50.550-0800] {dag.py:4180} INFO - Setting next_dagrun for example_dynamic_task_mapping to None, run_after=None
[2025-01-03T12:05:50.626-0800] {processor.py:208} INFO - Processing /opt/anaconda3/envs/airflow_env/lib/python3.9/site-packages/airflow/example_dags/example_dynamic_task_mapping.py took 0.736 seconds
[2025-01-03T12:10:58.477-0800] {processor.py:186} INFO - Started process (PID=52774) to work on /opt/anaconda3/envs/airflow_env/lib/python3.9/site-packages/airflow/example_dags/example_dynamic_task_mapping.py
[2025-01-03T12:10:58.480-0800] {processor.py:914} INFO - Processing file /opt/anaconda3/envs/airflow_env/lib/python3.9/site-packages/airflow/example_dags/example_dynamic_task_mapping.py for tasks to queue
[2025-01-03T12:10:58.487-0800] {logging_mixin.py:190} INFO - [2025-01-03T12:10:58.486-0800] {dagbag.py:588} INFO - Filling up the DagBag from /opt/anaconda3/envs/airflow_env/lib/python3.9/site-packages/airflow/example_dags/example_dynamic_task_mapping.py
[2025-01-03T12:10:58.652-0800] {processor.py:925} INFO - DAG(s) 'example_dynamic_task_mapping' retrieved from /opt/anaconda3/envs/airflow_env/lib/python3.9/site-packages/airflow/example_dags/example_dynamic_task_mapping.py
[2025-01-03T12:10:58.981-0800] {logging_mixin.py:190} INFO - [2025-01-03T12:10:58.979-0800] {dag.py:3239} INFO - Sync 1 DAGs
[2025-01-03T12:10:59.052-0800] {logging_mixin.py:190} INFO - [2025-01-03T12:10:59.051-0800] {dag.py:4180} INFO - Setting next_dagrun for example_dynamic_task_mapping to None, run_after=None
[2025-01-03T12:10:59.119-0800] {processor.py:208} INFO - Processing /opt/anaconda3/envs/airflow_env/lib/python3.9/site-packages/airflow/example_dags/example_dynamic_task_mapping.py took 0.647 seconds
