[2025-01-03T09:48:53.506-0800] {processor.py:186} INFO - Started process (PID=46224) to work on /opt/anaconda3/envs/airflow_env/lib/python3.9/site-packages/airflow/example_dags/example_trigger_controller_dag.py
[2025-01-03T09:48:53.508-0800] {processor.py:914} INFO - Processing file /opt/anaconda3/envs/airflow_env/lib/python3.9/site-packages/airflow/example_dags/example_trigger_controller_dag.py for tasks to queue
[2025-01-03T09:48:53.509-0800] {logging_mixin.py:190} INFO - [2025-01-03T09:48:53.509-0800] {dagbag.py:588} INFO - Filling up the DagBag from /opt/anaconda3/envs/airflow_env/lib/python3.9/site-packages/airflow/example_dags/example_trigger_controller_dag.py
[2025-01-03T09:48:53.528-0800] {processor.py:925} INFO - DAG(s) 'example_trigger_controller_dag' retrieved from /opt/anaconda3/envs/airflow_env/lib/python3.9/site-packages/airflow/example_dags/example_trigger_controller_dag.py
[2025-01-03T09:48:53.689-0800] {logging_mixin.py:190} INFO - [2025-01-03T09:48:53.689-0800] {dag.py:3239} INFO - Sync 1 DAGs
[2025-01-03T09:48:53.714-0800] {logging_mixin.py:190} INFO - [2025-01-03T09:48:53.714-0800] {dag.py:4180} INFO - Setting next_dagrun for example_trigger_controller_dag to 2021-01-01 00:00:00+00:00, run_after=2021-01-01 00:00:00+00:00
[2025-01-03T09:48:53.737-0800] {processor.py:208} INFO - Processing /opt/anaconda3/envs/airflow_env/lib/python3.9/site-packages/airflow/example_dags/example_trigger_controller_dag.py took 0.242 seconds
[2025-01-03T09:52:24.189-0800] {processor.py:186} INFO - Started process (PID=46376) to work on /opt/anaconda3/envs/airflow_env/lib/python3.9/site-packages/airflow/example_dags/example_trigger_controller_dag.py
[2025-01-03T09:52:24.191-0800] {processor.py:914} INFO - Processing file /opt/anaconda3/envs/airflow_env/lib/python3.9/site-packages/airflow/example_dags/example_trigger_controller_dag.py for tasks to queue
[2025-01-03T09:52:24.192-0800] {logging_mixin.py:190} INFO - [2025-01-03T09:52:24.192-0800] {dagbag.py:588} INFO - Filling up the DagBag from /opt/anaconda3/envs/airflow_env/lib/python3.9/site-packages/airflow/example_dags/example_trigger_controller_dag.py
[2025-01-03T09:52:24.208-0800] {processor.py:925} INFO - DAG(s) 'example_trigger_controller_dag' retrieved from /opt/anaconda3/envs/airflow_env/lib/python3.9/site-packages/airflow/example_dags/example_trigger_controller_dag.py
[2025-01-03T09:52:24.335-0800] {logging_mixin.py:190} INFO - [2025-01-03T09:52:24.335-0800] {dag.py:3239} INFO - Sync 1 DAGs
[2025-01-03T09:52:24.357-0800] {logging_mixin.py:190} INFO - [2025-01-03T09:52:24.357-0800] {dag.py:4180} INFO - Setting next_dagrun for example_trigger_controller_dag to 2021-01-01 00:00:00+00:00, run_after=2021-01-01 00:00:00+00:00
[2025-01-03T09:52:24.380-0800] {processor.py:208} INFO - Processing /opt/anaconda3/envs/airflow_env/lib/python3.9/site-packages/airflow/example_dags/example_trigger_controller_dag.py took 0.196 seconds
[2025-01-03T09:55:53.822-0800] {processor.py:186} INFO - Started process (PID=46500) to work on /opt/anaconda3/envs/airflow_env/lib/python3.9/site-packages/airflow/example_dags/example_trigger_controller_dag.py
[2025-01-03T09:55:53.825-0800] {processor.py:914} INFO - Processing file /opt/anaconda3/envs/airflow_env/lib/python3.9/site-packages/airflow/example_dags/example_trigger_controller_dag.py for tasks to queue
[2025-01-03T09:55:53.827-0800] {logging_mixin.py:190} INFO - [2025-01-03T09:55:53.826-0800] {dagbag.py:588} INFO - Filling up the DagBag from /opt/anaconda3/envs/airflow_env/lib/python3.9/site-packages/airflow/example_dags/example_trigger_controller_dag.py
[2025-01-03T09:55:53.843-0800] {processor.py:925} INFO - DAG(s) 'example_trigger_controller_dag' retrieved from /opt/anaconda3/envs/airflow_env/lib/python3.9/site-packages/airflow/example_dags/example_trigger_controller_dag.py
[2025-01-03T09:55:53.977-0800] {logging_mixin.py:190} INFO - [2025-01-03T09:55:53.977-0800] {dag.py:3239} INFO - Sync 1 DAGs
[2025-01-03T09:55:53.999-0800] {logging_mixin.py:190} INFO - [2025-01-03T09:55:53.998-0800] {dag.py:4180} INFO - Setting next_dagrun for example_trigger_controller_dag to 2021-01-01 00:00:00+00:00, run_after=2021-01-01 00:00:00+00:00
[2025-01-03T09:55:54.022-0800] {processor.py:208} INFO - Processing /opt/anaconda3/envs/airflow_env/lib/python3.9/site-packages/airflow/example_dags/example_trigger_controller_dag.py took 0.205 seconds
[2025-01-03T09:59:41.829-0800] {processor.py:186} INFO - Started process (PID=46614) to work on /opt/anaconda3/envs/airflow_env/lib/python3.9/site-packages/airflow/example_dags/example_trigger_controller_dag.py
[2025-01-03T09:59:41.832-0800] {processor.py:914} INFO - Processing file /opt/anaconda3/envs/airflow_env/lib/python3.9/site-packages/airflow/example_dags/example_trigger_controller_dag.py for tasks to queue
[2025-01-03T09:59:41.834-0800] {logging_mixin.py:190} INFO - [2025-01-03T09:59:41.834-0800] {dagbag.py:588} INFO - Filling up the DagBag from /opt/anaconda3/envs/airflow_env/lib/python3.9/site-packages/airflow/example_dags/example_trigger_controller_dag.py
[2025-01-03T09:59:41.849-0800] {processor.py:925} INFO - DAG(s) 'example_trigger_controller_dag' retrieved from /opt/anaconda3/envs/airflow_env/lib/python3.9/site-packages/airflow/example_dags/example_trigger_controller_dag.py
[2025-01-03T09:59:41.981-0800] {logging_mixin.py:190} INFO - [2025-01-03T09:59:41.980-0800] {dag.py:3239} INFO - Sync 1 DAGs
[2025-01-03T09:59:42.002-0800] {logging_mixin.py:190} INFO - [2025-01-03T09:59:42.002-0800] {dag.py:4180} INFO - Setting next_dagrun for example_trigger_controller_dag to 2021-01-01 00:00:00+00:00, run_after=2021-01-01 00:00:00+00:00
[2025-01-03T09:59:42.025-0800] {processor.py:208} INFO - Processing /opt/anaconda3/envs/airflow_env/lib/python3.9/site-packages/airflow/example_dags/example_trigger_controller_dag.py took 0.203 seconds
[2025-01-03T10:03:45.464-0800] {processor.py:186} INFO - Started process (PID=46760) to work on /opt/anaconda3/envs/airflow_env/lib/python3.9/site-packages/airflow/example_dags/example_trigger_controller_dag.py
[2025-01-03T10:03:45.468-0800] {processor.py:914} INFO - Processing file /opt/anaconda3/envs/airflow_env/lib/python3.9/site-packages/airflow/example_dags/example_trigger_controller_dag.py for tasks to queue
[2025-01-03T10:03:45.475-0800] {logging_mixin.py:190} INFO - [2025-01-03T10:03:45.474-0800] {dagbag.py:588} INFO - Filling up the DagBag from /opt/anaconda3/envs/airflow_env/lib/python3.9/site-packages/airflow/example_dags/example_trigger_controller_dag.py
[2025-01-03T10:03:45.522-0800] {processor.py:925} INFO - DAG(s) 'example_trigger_controller_dag' retrieved from /opt/anaconda3/envs/airflow_env/lib/python3.9/site-packages/airflow/example_dags/example_trigger_controller_dag.py
[2025-01-03T10:03:45.860-0800] {logging_mixin.py:190} INFO - [2025-01-03T10:03:45.859-0800] {dag.py:3239} INFO - Sync 1 DAGs
[2025-01-03T10:03:45.906-0800] {logging_mixin.py:190} INFO - [2025-01-03T10:03:45.905-0800] {dag.py:4180} INFO - Setting next_dagrun for example_trigger_controller_dag to 2021-01-01 00:00:00+00:00, run_after=2021-01-01 00:00:00+00:00
[2025-01-03T10:03:45.946-0800] {processor.py:208} INFO - Processing /opt/anaconda3/envs/airflow_env/lib/python3.9/site-packages/airflow/example_dags/example_trigger_controller_dag.py took 0.494 seconds
[2025-01-03T10:07:24.081-0800] {processor.py:186} INFO - Started process (PID=46878) to work on /opt/anaconda3/envs/airflow_env/lib/python3.9/site-packages/airflow/example_dags/example_trigger_controller_dag.py
[2025-01-03T10:07:24.083-0800] {processor.py:914} INFO - Processing file /opt/anaconda3/envs/airflow_env/lib/python3.9/site-packages/airflow/example_dags/example_trigger_controller_dag.py for tasks to queue
[2025-01-03T10:07:24.085-0800] {logging_mixin.py:190} INFO - [2025-01-03T10:07:24.084-0800] {dagbag.py:588} INFO - Filling up the DagBag from /opt/anaconda3/envs/airflow_env/lib/python3.9/site-packages/airflow/example_dags/example_trigger_controller_dag.py
[2025-01-03T10:07:24.101-0800] {processor.py:925} INFO - DAG(s) 'example_trigger_controller_dag' retrieved from /opt/anaconda3/envs/airflow_env/lib/python3.9/site-packages/airflow/example_dags/example_trigger_controller_dag.py
[2025-01-03T10:07:24.234-0800] {logging_mixin.py:190} INFO - [2025-01-03T10:07:24.234-0800] {dag.py:3239} INFO - Sync 1 DAGs
[2025-01-03T10:07:24.256-0800] {logging_mixin.py:190} INFO - [2025-01-03T10:07:24.256-0800] {dag.py:4180} INFO - Setting next_dagrun for example_trigger_controller_dag to 2021-01-01 00:00:00+00:00, run_after=2021-01-01 00:00:00+00:00
[2025-01-03T10:07:24.289-0800] {processor.py:208} INFO - Processing /opt/anaconda3/envs/airflow_env/lib/python3.9/site-packages/airflow/example_dags/example_trigger_controller_dag.py took 0.213 seconds
[2025-01-03T10:10:49.174-0800] {processor.py:186} INFO - Started process (PID=46989) to work on /opt/anaconda3/envs/airflow_env/lib/python3.9/site-packages/airflow/example_dags/example_trigger_controller_dag.py
[2025-01-03T10:10:49.176-0800] {processor.py:914} INFO - Processing file /opt/anaconda3/envs/airflow_env/lib/python3.9/site-packages/airflow/example_dags/example_trigger_controller_dag.py for tasks to queue
[2025-01-03T10:10:49.178-0800] {logging_mixin.py:190} INFO - [2025-01-03T10:10:49.178-0800] {dagbag.py:588} INFO - Filling up the DagBag from /opt/anaconda3/envs/airflow_env/lib/python3.9/site-packages/airflow/example_dags/example_trigger_controller_dag.py
[2025-01-03T10:10:49.192-0800] {processor.py:925} INFO - DAG(s) 'example_trigger_controller_dag' retrieved from /opt/anaconda3/envs/airflow_env/lib/python3.9/site-packages/airflow/example_dags/example_trigger_controller_dag.py
[2025-01-03T10:10:49.331-0800] {logging_mixin.py:190} INFO - [2025-01-03T10:10:49.331-0800] {dag.py:3239} INFO - Sync 1 DAGs
[2025-01-03T10:10:49.353-0800] {logging_mixin.py:190} INFO - [2025-01-03T10:10:49.353-0800] {dag.py:4180} INFO - Setting next_dagrun for example_trigger_controller_dag to 2021-01-01 00:00:00+00:00, run_after=2021-01-01 00:00:00+00:00
[2025-01-03T10:10:49.377-0800] {processor.py:208} INFO - Processing /opt/anaconda3/envs/airflow_env/lib/python3.9/site-packages/airflow/example_dags/example_trigger_controller_dag.py took 0.208 seconds
[2025-01-03T10:14:11.905-0800] {processor.py:186} INFO - Started process (PID=47111) to work on /opt/anaconda3/envs/airflow_env/lib/python3.9/site-packages/airflow/example_dags/example_trigger_controller_dag.py
[2025-01-03T10:14:11.908-0800] {processor.py:914} INFO - Processing file /opt/anaconda3/envs/airflow_env/lib/python3.9/site-packages/airflow/example_dags/example_trigger_controller_dag.py for tasks to queue
[2025-01-03T10:14:11.909-0800] {logging_mixin.py:190} INFO - [2025-01-03T10:14:11.909-0800] {dagbag.py:588} INFO - Filling up the DagBag from /opt/anaconda3/envs/airflow_env/lib/python3.9/site-packages/airflow/example_dags/example_trigger_controller_dag.py
[2025-01-03T10:14:11.924-0800] {processor.py:925} INFO - DAG(s) 'example_trigger_controller_dag' retrieved from /opt/anaconda3/envs/airflow_env/lib/python3.9/site-packages/airflow/example_dags/example_trigger_controller_dag.py
[2025-01-03T10:14:12.064-0800] {logging_mixin.py:190} INFO - [2025-01-03T10:14:12.062-0800] {dag.py:3239} INFO - Sync 1 DAGs
[2025-01-03T10:14:12.087-0800] {logging_mixin.py:190} INFO - [2025-01-03T10:14:12.087-0800] {dag.py:4180} INFO - Setting next_dagrun for example_trigger_controller_dag to 2021-01-01 00:00:00+00:00, run_after=2021-01-01 00:00:00+00:00
[2025-01-03T10:14:12.113-0800] {processor.py:208} INFO - Processing /opt/anaconda3/envs/airflow_env/lib/python3.9/site-packages/airflow/example_dags/example_trigger_controller_dag.py took 0.213 seconds
[2025-01-03T10:18:11.588-0800] {processor.py:186} INFO - Started process (PID=47397) to work on /opt/anaconda3/envs/airflow_env/lib/python3.9/site-packages/airflow/example_dags/example_trigger_controller_dag.py
[2025-01-03T10:18:11.591-0800] {processor.py:914} INFO - Processing file /opt/anaconda3/envs/airflow_env/lib/python3.9/site-packages/airflow/example_dags/example_trigger_controller_dag.py for tasks to queue
[2025-01-03T10:18:11.593-0800] {logging_mixin.py:190} INFO - [2025-01-03T10:18:11.592-0800] {dagbag.py:588} INFO - Filling up the DagBag from /opt/anaconda3/envs/airflow_env/lib/python3.9/site-packages/airflow/example_dags/example_trigger_controller_dag.py
[2025-01-03T10:18:11.611-0800] {processor.py:925} INFO - DAG(s) 'example_trigger_controller_dag' retrieved from /opt/anaconda3/envs/airflow_env/lib/python3.9/site-packages/airflow/example_dags/example_trigger_controller_dag.py
[2025-01-03T10:18:11.777-0800] {logging_mixin.py:190} INFO - [2025-01-03T10:18:11.776-0800] {dag.py:3239} INFO - Sync 1 DAGs
[2025-01-03T10:18:11.807-0800] {logging_mixin.py:190} INFO - [2025-01-03T10:18:11.806-0800] {dag.py:4180} INFO - Setting next_dagrun for example_trigger_controller_dag to 2021-01-01 00:00:00+00:00, run_after=2021-01-01 00:00:00+00:00
[2025-01-03T10:18:11.843-0800] {processor.py:208} INFO - Processing /opt/anaconda3/envs/airflow_env/lib/python3.9/site-packages/airflow/example_dags/example_trigger_controller_dag.py took 0.261 seconds
[2025-01-03T10:22:10.245-0800] {processor.py:186} INFO - Started process (PID=47510) to work on /opt/anaconda3/envs/airflow_env/lib/python3.9/site-packages/airflow/example_dags/example_trigger_controller_dag.py
[2025-01-03T10:22:10.247-0800] {processor.py:914} INFO - Processing file /opt/anaconda3/envs/airflow_env/lib/python3.9/site-packages/airflow/example_dags/example_trigger_controller_dag.py for tasks to queue
[2025-01-03T10:22:10.249-0800] {logging_mixin.py:190} INFO - [2025-01-03T10:22:10.248-0800] {dagbag.py:588} INFO - Filling up the DagBag from /opt/anaconda3/envs/airflow_env/lib/python3.9/site-packages/airflow/example_dags/example_trigger_controller_dag.py
[2025-01-03T10:22:10.267-0800] {processor.py:925} INFO - DAG(s) 'example_trigger_controller_dag' retrieved from /opt/anaconda3/envs/airflow_env/lib/python3.9/site-packages/airflow/example_dags/example_trigger_controller_dag.py
[2025-01-03T10:22:10.402-0800] {logging_mixin.py:190} INFO - [2025-01-03T10:22:10.401-0800] {dag.py:3239} INFO - Sync 1 DAGs
[2025-01-03T10:22:10.423-0800] {logging_mixin.py:190} INFO - [2025-01-03T10:22:10.423-0800] {dag.py:4180} INFO - Setting next_dagrun for example_trigger_controller_dag to 2021-01-01 00:00:00+00:00, run_after=2021-01-01 00:00:00+00:00
[2025-01-03T10:22:10.445-0800] {processor.py:208} INFO - Processing /opt/anaconda3/envs/airflow_env/lib/python3.9/site-packages/airflow/example_dags/example_trigger_controller_dag.py took 0.205 seconds
[2025-01-03T10:26:21.438-0800] {processor.py:186} INFO - Started process (PID=47689) to work on /opt/anaconda3/envs/airflow_env/lib/python3.9/site-packages/airflow/example_dags/example_trigger_controller_dag.py
[2025-01-03T10:26:21.444-0800] {processor.py:914} INFO - Processing file /opt/anaconda3/envs/airflow_env/lib/python3.9/site-packages/airflow/example_dags/example_trigger_controller_dag.py for tasks to queue
[2025-01-03T10:26:21.447-0800] {logging_mixin.py:190} INFO - [2025-01-03T10:26:21.447-0800] {dagbag.py:588} INFO - Filling up the DagBag from /opt/anaconda3/envs/airflow_env/lib/python3.9/site-packages/airflow/example_dags/example_trigger_controller_dag.py
[2025-01-03T10:26:21.481-0800] {processor.py:925} INFO - DAG(s) 'example_trigger_controller_dag' retrieved from /opt/anaconda3/envs/airflow_env/lib/python3.9/site-packages/airflow/example_dags/example_trigger_controller_dag.py
[2025-01-03T10:26:21.727-0800] {logging_mixin.py:190} INFO - [2025-01-03T10:26:21.726-0800] {dag.py:3239} INFO - Sync 1 DAGs
[2025-01-03T10:26:21.747-0800] {logging_mixin.py:190} INFO - [2025-01-03T10:26:21.747-0800] {dag.py:4180} INFO - Setting next_dagrun for example_trigger_controller_dag to 2021-01-01 00:00:00+00:00, run_after=2021-01-01 00:00:00+00:00
[2025-01-03T10:26:21.770-0800] {processor.py:208} INFO - Processing /opt/anaconda3/envs/airflow_env/lib/python3.9/site-packages/airflow/example_dags/example_trigger_controller_dag.py took 0.341 seconds
[2025-01-03T10:30:39.806-0800] {processor.py:186} INFO - Started process (PID=47814) to work on /opt/anaconda3/envs/airflow_env/lib/python3.9/site-packages/airflow/example_dags/example_trigger_controller_dag.py
[2025-01-03T10:30:39.809-0800] {processor.py:914} INFO - Processing file /opt/anaconda3/envs/airflow_env/lib/python3.9/site-packages/airflow/example_dags/example_trigger_controller_dag.py for tasks to queue
[2025-01-03T10:30:39.810-0800] {logging_mixin.py:190} INFO - [2025-01-03T10:30:39.810-0800] {dagbag.py:588} INFO - Filling up the DagBag from /opt/anaconda3/envs/airflow_env/lib/python3.9/site-packages/airflow/example_dags/example_trigger_controller_dag.py
[2025-01-03T10:30:39.824-0800] {processor.py:925} INFO - DAG(s) 'example_trigger_controller_dag' retrieved from /opt/anaconda3/envs/airflow_env/lib/python3.9/site-packages/airflow/example_dags/example_trigger_controller_dag.py
[2025-01-03T10:30:39.960-0800] {logging_mixin.py:190} INFO - [2025-01-03T10:30:39.959-0800] {dag.py:3239} INFO - Sync 1 DAGs
[2025-01-03T10:30:39.981-0800] {logging_mixin.py:190} INFO - [2025-01-03T10:30:39.980-0800] {dag.py:4180} INFO - Setting next_dagrun for example_trigger_controller_dag to 2021-01-01 00:00:00+00:00, run_after=2021-01-01 00:00:00+00:00
[2025-01-03T10:30:40.009-0800] {processor.py:208} INFO - Processing /opt/anaconda3/envs/airflow_env/lib/python3.9/site-packages/airflow/example_dags/example_trigger_controller_dag.py took 0.210 seconds
[2025-01-03T10:35:03.350-0800] {processor.py:186} INFO - Started process (PID=47953) to work on /opt/anaconda3/envs/airflow_env/lib/python3.9/site-packages/airflow/example_dags/example_trigger_controller_dag.py
[2025-01-03T10:35:03.352-0800] {processor.py:914} INFO - Processing file /opt/anaconda3/envs/airflow_env/lib/python3.9/site-packages/airflow/example_dags/example_trigger_controller_dag.py for tasks to queue
[2025-01-03T10:35:03.354-0800] {logging_mixin.py:190} INFO - [2025-01-03T10:35:03.353-0800] {dagbag.py:588} INFO - Filling up the DagBag from /opt/anaconda3/envs/airflow_env/lib/python3.9/site-packages/airflow/example_dags/example_trigger_controller_dag.py
[2025-01-03T10:35:03.378-0800] {processor.py:925} INFO - DAG(s) 'example_trigger_controller_dag' retrieved from /opt/anaconda3/envs/airflow_env/lib/python3.9/site-packages/airflow/example_dags/example_trigger_controller_dag.py
[2025-01-03T10:35:03.540-0800] {logging_mixin.py:190} INFO - [2025-01-03T10:35:03.539-0800] {dag.py:3239} INFO - Sync 1 DAGs
[2025-01-03T10:35:03.565-0800] {logging_mixin.py:190} INFO - [2025-01-03T10:35:03.565-0800] {dag.py:4180} INFO - Setting next_dagrun for example_trigger_controller_dag to 2021-01-01 00:00:00+00:00, run_after=2021-01-01 00:00:00+00:00
[2025-01-03T10:35:03.589-0800] {processor.py:208} INFO - Processing /opt/anaconda3/envs/airflow_env/lib/python3.9/site-packages/airflow/example_dags/example_trigger_controller_dag.py took 0.245 seconds
[2025-01-03T10:39:15.523-0800] {processor.py:186} INFO - Started process (PID=48072) to work on /opt/anaconda3/envs/airflow_env/lib/python3.9/site-packages/airflow/example_dags/example_trigger_controller_dag.py
[2025-01-03T10:39:15.525-0800] {processor.py:914} INFO - Processing file /opt/anaconda3/envs/airflow_env/lib/python3.9/site-packages/airflow/example_dags/example_trigger_controller_dag.py for tasks to queue
[2025-01-03T10:39:15.534-0800] {logging_mixin.py:190} INFO - [2025-01-03T10:39:15.530-0800] {dagbag.py:588} INFO - Filling up the DagBag from /opt/anaconda3/envs/airflow_env/lib/python3.9/site-packages/airflow/example_dags/example_trigger_controller_dag.py
[2025-01-03T10:39:15.569-0800] {processor.py:925} INFO - DAG(s) 'example_trigger_controller_dag' retrieved from /opt/anaconda3/envs/airflow_env/lib/python3.9/site-packages/airflow/example_dags/example_trigger_controller_dag.py
[2025-01-03T10:39:15.776-0800] {logging_mixin.py:190} INFO - [2025-01-03T10:39:15.776-0800] {dag.py:3239} INFO - Sync 1 DAGs
[2025-01-03T10:39:15.809-0800] {logging_mixin.py:190} INFO - [2025-01-03T10:39:15.809-0800] {dag.py:4180} INFO - Setting next_dagrun for example_trigger_controller_dag to 2021-01-01 00:00:00+00:00, run_after=2021-01-01 00:00:00+00:00
[2025-01-03T10:39:15.857-0800] {processor.py:208} INFO - Processing /opt/anaconda3/envs/airflow_env/lib/python3.9/site-packages/airflow/example_dags/example_trigger_controller_dag.py took 0.345 seconds
[2025-01-03T10:43:23.574-0800] {processor.py:186} INFO - Started process (PID=48200) to work on /opt/anaconda3/envs/airflow_env/lib/python3.9/site-packages/airflow/example_dags/example_trigger_controller_dag.py
[2025-01-03T10:43:23.576-0800] {processor.py:914} INFO - Processing file /opt/anaconda3/envs/airflow_env/lib/python3.9/site-packages/airflow/example_dags/example_trigger_controller_dag.py for tasks to queue
[2025-01-03T10:43:23.577-0800] {logging_mixin.py:190} INFO - [2025-01-03T10:43:23.577-0800] {dagbag.py:588} INFO - Filling up the DagBag from /opt/anaconda3/envs/airflow_env/lib/python3.9/site-packages/airflow/example_dags/example_trigger_controller_dag.py
[2025-01-03T10:43:23.596-0800] {processor.py:925} INFO - DAG(s) 'example_trigger_controller_dag' retrieved from /opt/anaconda3/envs/airflow_env/lib/python3.9/site-packages/airflow/example_dags/example_trigger_controller_dag.py
[2025-01-03T10:43:23.773-0800] {logging_mixin.py:190} INFO - [2025-01-03T10:43:23.772-0800] {dag.py:3239} INFO - Sync 1 DAGs
[2025-01-03T10:43:23.795-0800] {logging_mixin.py:190} INFO - [2025-01-03T10:43:23.795-0800] {dag.py:4180} INFO - Setting next_dagrun for example_trigger_controller_dag to 2021-01-01 00:00:00+00:00, run_after=2021-01-01 00:00:00+00:00
[2025-01-03T10:43:23.830-0800] {processor.py:208} INFO - Processing /opt/anaconda3/envs/airflow_env/lib/python3.9/site-packages/airflow/example_dags/example_trigger_controller_dag.py took 0.260 seconds
[2025-01-03T10:47:22.007-0800] {processor.py:186} INFO - Started process (PID=48339) to work on /opt/anaconda3/envs/airflow_env/lib/python3.9/site-packages/airflow/example_dags/example_trigger_controller_dag.py
[2025-01-03T10:47:22.009-0800] {processor.py:914} INFO - Processing file /opt/anaconda3/envs/airflow_env/lib/python3.9/site-packages/airflow/example_dags/example_trigger_controller_dag.py for tasks to queue
[2025-01-03T10:47:22.012-0800] {logging_mixin.py:190} INFO - [2025-01-03T10:47:22.011-0800] {dagbag.py:588} INFO - Filling up the DagBag from /opt/anaconda3/envs/airflow_env/lib/python3.9/site-packages/airflow/example_dags/example_trigger_controller_dag.py
[2025-01-03T10:47:22.031-0800] {processor.py:925} INFO - DAG(s) 'example_trigger_controller_dag' retrieved from /opt/anaconda3/envs/airflow_env/lib/python3.9/site-packages/airflow/example_dags/example_trigger_controller_dag.py
[2025-01-03T10:47:22.177-0800] {logging_mixin.py:190} INFO - [2025-01-03T10:47:22.176-0800] {dag.py:3239} INFO - Sync 1 DAGs
[2025-01-03T10:47:22.199-0800] {logging_mixin.py:190} INFO - [2025-01-03T10:47:22.199-0800] {dag.py:4180} INFO - Setting next_dagrun for example_trigger_controller_dag to 2021-01-01 00:00:00+00:00, run_after=2021-01-01 00:00:00+00:00
[2025-01-03T10:47:22.229-0800] {processor.py:208} INFO - Processing /opt/anaconda3/envs/airflow_env/lib/python3.9/site-packages/airflow/example_dags/example_trigger_controller_dag.py took 0.228 seconds
[2025-01-03T10:51:24.242-0800] {processor.py:186} INFO - Started process (PID=48533) to work on /opt/anaconda3/envs/airflow_env/lib/python3.9/site-packages/airflow/example_dags/example_trigger_controller_dag.py
[2025-01-03T10:51:24.245-0800] {processor.py:914} INFO - Processing file /opt/anaconda3/envs/airflow_env/lib/python3.9/site-packages/airflow/example_dags/example_trigger_controller_dag.py for tasks to queue
[2025-01-03T10:51:24.247-0800] {logging_mixin.py:190} INFO - [2025-01-03T10:51:24.246-0800] {dagbag.py:588} INFO - Filling up the DagBag from /opt/anaconda3/envs/airflow_env/lib/python3.9/site-packages/airflow/example_dags/example_trigger_controller_dag.py
[2025-01-03T10:51:24.264-0800] {processor.py:925} INFO - DAG(s) 'example_trigger_controller_dag' retrieved from /opt/anaconda3/envs/airflow_env/lib/python3.9/site-packages/airflow/example_dags/example_trigger_controller_dag.py
[2025-01-03T10:51:24.418-0800] {logging_mixin.py:190} INFO - [2025-01-03T10:51:24.417-0800] {dag.py:3239} INFO - Sync 1 DAGs
[2025-01-03T10:51:24.442-0800] {logging_mixin.py:190} INFO - [2025-01-03T10:51:24.442-0800] {dag.py:4180} INFO - Setting next_dagrun for example_trigger_controller_dag to 2021-01-01 00:00:00+00:00, run_after=2021-01-01 00:00:00+00:00
[2025-01-03T10:51:24.469-0800] {processor.py:208} INFO - Processing /opt/anaconda3/envs/airflow_env/lib/python3.9/site-packages/airflow/example_dags/example_trigger_controller_dag.py took 0.232 seconds
[2025-01-03T10:55:48.459-0800] {processor.py:186} INFO - Started process (PID=48698) to work on /opt/anaconda3/envs/airflow_env/lib/python3.9/site-packages/airflow/example_dags/example_trigger_controller_dag.py
[2025-01-03T10:55:48.467-0800] {processor.py:914} INFO - Processing file /opt/anaconda3/envs/airflow_env/lib/python3.9/site-packages/airflow/example_dags/example_trigger_controller_dag.py for tasks to queue
[2025-01-03T10:55:48.483-0800] {logging_mixin.py:190} INFO - [2025-01-03T10:55:48.482-0800] {dagbag.py:588} INFO - Filling up the DagBag from /opt/anaconda3/envs/airflow_env/lib/python3.9/site-packages/airflow/example_dags/example_trigger_controller_dag.py
[2025-01-03T10:55:48.529-0800] {processor.py:925} INFO - DAG(s) 'example_trigger_controller_dag' retrieved from /opt/anaconda3/envs/airflow_env/lib/python3.9/site-packages/airflow/example_dags/example_trigger_controller_dag.py
[2025-01-03T10:55:48.825-0800] {logging_mixin.py:190} INFO - [2025-01-03T10:55:48.824-0800] {dag.py:3239} INFO - Sync 1 DAGs
[2025-01-03T10:55:48.857-0800] {logging_mixin.py:190} INFO - [2025-01-03T10:55:48.856-0800] {dag.py:4180} INFO - Setting next_dagrun for example_trigger_controller_dag to 2021-01-01 00:00:00+00:00, run_after=2021-01-01 00:00:00+00:00
[2025-01-03T10:55:48.898-0800] {processor.py:208} INFO - Processing /opt/anaconda3/envs/airflow_env/lib/python3.9/site-packages/airflow/example_dags/example_trigger_controller_dag.py took 0.461 seconds
[2025-01-03T10:59:55.461-0800] {processor.py:186} INFO - Started process (PID=48879) to work on /opt/anaconda3/envs/airflow_env/lib/python3.9/site-packages/airflow/example_dags/example_trigger_controller_dag.py
[2025-01-03T10:59:55.468-0800] {processor.py:914} INFO - Processing file /opt/anaconda3/envs/airflow_env/lib/python3.9/site-packages/airflow/example_dags/example_trigger_controller_dag.py for tasks to queue
[2025-01-03T10:59:55.469-0800] {logging_mixin.py:190} INFO - [2025-01-03T10:59:55.469-0800] {dagbag.py:588} INFO - Filling up the DagBag from /opt/anaconda3/envs/airflow_env/lib/python3.9/site-packages/airflow/example_dags/example_trigger_controller_dag.py
[2025-01-03T10:59:55.488-0800] {processor.py:925} INFO - DAG(s) 'example_trigger_controller_dag' retrieved from /opt/anaconda3/envs/airflow_env/lib/python3.9/site-packages/airflow/example_dags/example_trigger_controller_dag.py
[2025-01-03T10:59:55.668-0800] {logging_mixin.py:190} INFO - [2025-01-03T10:59:55.668-0800] {dag.py:3239} INFO - Sync 1 DAGs
[2025-01-03T10:59:55.698-0800] {logging_mixin.py:190} INFO - [2025-01-03T10:59:55.698-0800] {dag.py:4180} INFO - Setting next_dagrun for example_trigger_controller_dag to 2021-01-01 00:00:00+00:00, run_after=2021-01-01 00:00:00+00:00
[2025-01-03T10:59:55.739-0800] {processor.py:208} INFO - Processing /opt/anaconda3/envs/airflow_env/lib/python3.9/site-packages/airflow/example_dags/example_trigger_controller_dag.py took 0.284 seconds
[2025-01-03T11:04:44.159-0800] {processor.py:186} INFO - Started process (PID=49035) to work on /opt/anaconda3/envs/airflow_env/lib/python3.9/site-packages/airflow/example_dags/example_trigger_controller_dag.py
[2025-01-03T11:04:44.162-0800] {processor.py:914} INFO - Processing file /opt/anaconda3/envs/airflow_env/lib/python3.9/site-packages/airflow/example_dags/example_trigger_controller_dag.py for tasks to queue
[2025-01-03T11:04:44.164-0800] {logging_mixin.py:190} INFO - [2025-01-03T11:04:44.163-0800] {dagbag.py:588} INFO - Filling up the DagBag from /opt/anaconda3/envs/airflow_env/lib/python3.9/site-packages/airflow/example_dags/example_trigger_controller_dag.py
[2025-01-03T11:04:44.194-0800] {processor.py:925} INFO - DAG(s) 'example_trigger_controller_dag' retrieved from /opt/anaconda3/envs/airflow_env/lib/python3.9/site-packages/airflow/example_dags/example_trigger_controller_dag.py
[2025-01-03T11:04:44.409-0800] {logging_mixin.py:190} INFO - [2025-01-03T11:04:44.408-0800] {dag.py:3239} INFO - Sync 1 DAGs
[2025-01-03T11:04:44.434-0800] {logging_mixin.py:190} INFO - [2025-01-03T11:04:44.433-0800] {dag.py:4180} INFO - Setting next_dagrun for example_trigger_controller_dag to 2021-01-01 00:00:00+00:00, run_after=2021-01-01 00:00:00+00:00
[2025-01-03T11:04:44.473-0800] {processor.py:208} INFO - Processing /opt/anaconda3/envs/airflow_env/lib/python3.9/site-packages/airflow/example_dags/example_trigger_controller_dag.py took 0.320 seconds
[2025-01-03T11:08:59.278-0800] {processor.py:186} INFO - Started process (PID=49185) to work on /opt/anaconda3/envs/airflow_env/lib/python3.9/site-packages/airflow/example_dags/example_trigger_controller_dag.py
[2025-01-03T11:08:59.281-0800] {processor.py:914} INFO - Processing file /opt/anaconda3/envs/airflow_env/lib/python3.9/site-packages/airflow/example_dags/example_trigger_controller_dag.py for tasks to queue
[2025-01-03T11:08:59.283-0800] {logging_mixin.py:190} INFO - [2025-01-03T11:08:59.283-0800] {dagbag.py:588} INFO - Filling up the DagBag from /opt/anaconda3/envs/airflow_env/lib/python3.9/site-packages/airflow/example_dags/example_trigger_controller_dag.py
[2025-01-03T11:08:59.301-0800] {processor.py:925} INFO - DAG(s) 'example_trigger_controller_dag' retrieved from /opt/anaconda3/envs/airflow_env/lib/python3.9/site-packages/airflow/example_dags/example_trigger_controller_dag.py
[2025-01-03T11:08:59.441-0800] {logging_mixin.py:190} INFO - [2025-01-03T11:08:59.440-0800] {dag.py:3239} INFO - Sync 1 DAGs
[2025-01-03T11:08:59.471-0800] {logging_mixin.py:190} INFO - [2025-01-03T11:08:59.471-0800] {dag.py:4180} INFO - Setting next_dagrun for example_trigger_controller_dag to 2021-01-01 00:00:00+00:00, run_after=2021-01-01 00:00:00+00:00
[2025-01-03T11:08:59.498-0800] {processor.py:208} INFO - Processing /opt/anaconda3/envs/airflow_env/lib/python3.9/site-packages/airflow/example_dags/example_trigger_controller_dag.py took 0.224 seconds
[2025-01-03T11:13:29.944-0800] {processor.py:186} INFO - Started process (PID=49505) to work on /opt/anaconda3/envs/airflow_env/lib/python3.9/site-packages/airflow/example_dags/example_trigger_controller_dag.py
[2025-01-03T11:13:29.948-0800] {processor.py:914} INFO - Processing file /opt/anaconda3/envs/airflow_env/lib/python3.9/site-packages/airflow/example_dags/example_trigger_controller_dag.py for tasks to queue
[2025-01-03T11:13:29.950-0800] {logging_mixin.py:190} INFO - [2025-01-03T11:13:29.949-0800] {dagbag.py:588} INFO - Filling up the DagBag from /opt/anaconda3/envs/airflow_env/lib/python3.9/site-packages/airflow/example_dags/example_trigger_controller_dag.py
[2025-01-03T11:13:29.965-0800] {processor.py:925} INFO - DAG(s) 'example_trigger_controller_dag' retrieved from /opt/anaconda3/envs/airflow_env/lib/python3.9/site-packages/airflow/example_dags/example_trigger_controller_dag.py
[2025-01-03T11:13:30.112-0800] {logging_mixin.py:190} INFO - [2025-01-03T11:13:30.111-0800] {dag.py:3239} INFO - Sync 1 DAGs
[2025-01-03T11:13:30.134-0800] {logging_mixin.py:190} INFO - [2025-01-03T11:13:30.134-0800] {dag.py:4180} INFO - Setting next_dagrun for example_trigger_controller_dag to 2021-01-01 00:00:00+00:00, run_after=2021-01-01 00:00:00+00:00
[2025-01-03T11:13:30.162-0800] {processor.py:208} INFO - Processing /opt/anaconda3/envs/airflow_env/lib/python3.9/site-packages/airflow/example_dags/example_trigger_controller_dag.py took 0.223 seconds
[2025-01-03T11:18:02.900-0800] {processor.py:186} INFO - Started process (PID=49752) to work on /opt/anaconda3/envs/airflow_env/lib/python3.9/site-packages/airflow/example_dags/example_trigger_controller_dag.py
[2025-01-03T11:18:02.902-0800] {processor.py:914} INFO - Processing file /opt/anaconda3/envs/airflow_env/lib/python3.9/site-packages/airflow/example_dags/example_trigger_controller_dag.py for tasks to queue
[2025-01-03T11:18:02.904-0800] {logging_mixin.py:190} INFO - [2025-01-03T11:18:02.904-0800] {dagbag.py:588} INFO - Filling up the DagBag from /opt/anaconda3/envs/airflow_env/lib/python3.9/site-packages/airflow/example_dags/example_trigger_controller_dag.py
[2025-01-03T11:18:02.919-0800] {processor.py:925} INFO - DAG(s) 'example_trigger_controller_dag' retrieved from /opt/anaconda3/envs/airflow_env/lib/python3.9/site-packages/airflow/example_dags/example_trigger_controller_dag.py
[2025-01-03T11:18:03.050-0800] {logging_mixin.py:190} INFO - [2025-01-03T11:18:03.050-0800] {dag.py:3239} INFO - Sync 1 DAGs
[2025-01-03T11:18:03.073-0800] {logging_mixin.py:190} INFO - [2025-01-03T11:18:03.073-0800] {dag.py:4180} INFO - Setting next_dagrun for example_trigger_controller_dag to 2021-01-01 00:00:00+00:00, run_after=2021-01-01 00:00:00+00:00
[2025-01-03T11:18:03.097-0800] {processor.py:208} INFO - Processing /opt/anaconda3/envs/airflow_env/lib/python3.9/site-packages/airflow/example_dags/example_trigger_controller_dag.py took 0.202 seconds
[2025-01-03T11:22:29.778-0800] {processor.py:186} INFO - Started process (PID=49905) to work on /opt/anaconda3/envs/airflow_env/lib/python3.9/site-packages/airflow/example_dags/example_trigger_controller_dag.py
[2025-01-03T11:22:29.786-0800] {processor.py:914} INFO - Processing file /opt/anaconda3/envs/airflow_env/lib/python3.9/site-packages/airflow/example_dags/example_trigger_controller_dag.py for tasks to queue
[2025-01-03T11:22:29.790-0800] {logging_mixin.py:190} INFO - [2025-01-03T11:22:29.788-0800] {dagbag.py:588} INFO - Filling up the DagBag from /opt/anaconda3/envs/airflow_env/lib/python3.9/site-packages/airflow/example_dags/example_trigger_controller_dag.py
[2025-01-03T11:22:29.817-0800] {processor.py:925} INFO - DAG(s) 'example_trigger_controller_dag' retrieved from /opt/anaconda3/envs/airflow_env/lib/python3.9/site-packages/airflow/example_dags/example_trigger_controller_dag.py
[2025-01-03T11:22:30.027-0800] {logging_mixin.py:190} INFO - [2025-01-03T11:22:30.027-0800] {dag.py:3239} INFO - Sync 1 DAGs
[2025-01-03T11:22:30.057-0800] {logging_mixin.py:190} INFO - [2025-01-03T11:22:30.057-0800] {dag.py:4180} INFO - Setting next_dagrun for example_trigger_controller_dag to 2021-01-01 00:00:00+00:00, run_after=2021-01-01 00:00:00+00:00
[2025-01-03T11:22:30.089-0800] {processor.py:208} INFO - Processing /opt/anaconda3/envs/airflow_env/lib/python3.9/site-packages/airflow/example_dags/example_trigger_controller_dag.py took 0.329 seconds
[2025-01-03T11:27:01.666-0800] {processor.py:186} INFO - Started process (PID=50027) to work on /opt/anaconda3/envs/airflow_env/lib/python3.9/site-packages/airflow/example_dags/example_trigger_controller_dag.py
[2025-01-03T11:27:01.673-0800] {processor.py:914} INFO - Processing file /opt/anaconda3/envs/airflow_env/lib/python3.9/site-packages/airflow/example_dags/example_trigger_controller_dag.py for tasks to queue
[2025-01-03T11:27:01.675-0800] {logging_mixin.py:190} INFO - [2025-01-03T11:27:01.675-0800] {dagbag.py:588} INFO - Filling up the DagBag from /opt/anaconda3/envs/airflow_env/lib/python3.9/site-packages/airflow/example_dags/example_trigger_controller_dag.py
[2025-01-03T11:27:01.716-0800] {processor.py:925} INFO - DAG(s) 'example_trigger_controller_dag' retrieved from /opt/anaconda3/envs/airflow_env/lib/python3.9/site-packages/airflow/example_dags/example_trigger_controller_dag.py
[2025-01-03T11:27:02.088-0800] {logging_mixin.py:190} INFO - [2025-01-03T11:27:02.087-0800] {dag.py:3239} INFO - Sync 1 DAGs
[2025-01-03T11:27:02.162-0800] {logging_mixin.py:190} INFO - [2025-01-03T11:27:02.162-0800] {dag.py:4180} INFO - Setting next_dagrun for example_trigger_controller_dag to 2021-01-01 00:00:00+00:00, run_after=2021-01-01 00:00:00+00:00
[2025-01-03T11:27:02.242-0800] {processor.py:208} INFO - Processing /opt/anaconda3/envs/airflow_env/lib/python3.9/site-packages/airflow/example_dags/example_trigger_controller_dag.py took 0.588 seconds
[2025-01-03T11:31:38.222-0800] {processor.py:186} INFO - Started process (PID=50264) to work on /opt/anaconda3/envs/airflow_env/lib/python3.9/site-packages/airflow/example_dags/example_trigger_controller_dag.py
[2025-01-03T11:31:38.224-0800] {processor.py:914} INFO - Processing file /opt/anaconda3/envs/airflow_env/lib/python3.9/site-packages/airflow/example_dags/example_trigger_controller_dag.py for tasks to queue
[2025-01-03T11:31:38.226-0800] {logging_mixin.py:190} INFO - [2025-01-03T11:31:38.226-0800] {dagbag.py:588} INFO - Filling up the DagBag from /opt/anaconda3/envs/airflow_env/lib/python3.9/site-packages/airflow/example_dags/example_trigger_controller_dag.py
[2025-01-03T11:31:38.268-0800] {processor.py:925} INFO - DAG(s) 'example_trigger_controller_dag' retrieved from /opt/anaconda3/envs/airflow_env/lib/python3.9/site-packages/airflow/example_dags/example_trigger_controller_dag.py
[2025-01-03T11:31:38.619-0800] {logging_mixin.py:190} INFO - [2025-01-03T11:31:38.618-0800] {dag.py:3239} INFO - Sync 1 DAGs
[2025-01-03T11:31:38.653-0800] {logging_mixin.py:190} INFO - [2025-01-03T11:31:38.653-0800] {dag.py:4180} INFO - Setting next_dagrun for example_trigger_controller_dag to 2021-01-01 00:00:00+00:00, run_after=2021-01-01 00:00:00+00:00
[2025-01-03T11:31:38.705-0800] {processor.py:208} INFO - Processing /opt/anaconda3/envs/airflow_env/lib/python3.9/site-packages/airflow/example_dags/example_trigger_controller_dag.py took 0.487 seconds
[2025-01-03T11:36:34.784-0800] {processor.py:186} INFO - Started process (PID=50463) to work on /opt/anaconda3/envs/airflow_env/lib/python3.9/site-packages/airflow/example_dags/example_trigger_controller_dag.py
[2025-01-03T11:36:34.787-0800] {processor.py:914} INFO - Processing file /opt/anaconda3/envs/airflow_env/lib/python3.9/site-packages/airflow/example_dags/example_trigger_controller_dag.py for tasks to queue
[2025-01-03T11:36:34.789-0800] {logging_mixin.py:190} INFO - [2025-01-03T11:36:34.788-0800] {dagbag.py:588} INFO - Filling up the DagBag from /opt/anaconda3/envs/airflow_env/lib/python3.9/site-packages/airflow/example_dags/example_trigger_controller_dag.py
[2025-01-03T11:36:34.803-0800] {processor.py:925} INFO - DAG(s) 'example_trigger_controller_dag' retrieved from /opt/anaconda3/envs/airflow_env/lib/python3.9/site-packages/airflow/example_dags/example_trigger_controller_dag.py
[2025-01-03T11:36:34.975-0800] {logging_mixin.py:190} INFO - [2025-01-03T11:36:34.975-0800] {dag.py:3239} INFO - Sync 1 DAGs
[2025-01-03T11:36:35.004-0800] {logging_mixin.py:190} INFO - [2025-01-03T11:36:35.004-0800] {dag.py:4180} INFO - Setting next_dagrun for example_trigger_controller_dag to 2021-01-01 00:00:00+00:00, run_after=2021-01-01 00:00:00+00:00
[2025-01-03T11:36:35.030-0800] {processor.py:208} INFO - Processing /opt/anaconda3/envs/airflow_env/lib/python3.9/site-packages/airflow/example_dags/example_trigger_controller_dag.py took 0.250 seconds
[2025-01-03T11:41:12.449-0800] {processor.py:186} INFO - Started process (PID=50647) to work on /opt/anaconda3/envs/airflow_env/lib/python3.9/site-packages/airflow/example_dags/example_trigger_controller_dag.py
[2025-01-03T11:41:12.452-0800] {processor.py:914} INFO - Processing file /opt/anaconda3/envs/airflow_env/lib/python3.9/site-packages/airflow/example_dags/example_trigger_controller_dag.py for tasks to queue
[2025-01-03T11:41:12.454-0800] {logging_mixin.py:190} INFO - [2025-01-03T11:41:12.453-0800] {dagbag.py:588} INFO - Filling up the DagBag from /opt/anaconda3/envs/airflow_env/lib/python3.9/site-packages/airflow/example_dags/example_trigger_controller_dag.py
[2025-01-03T11:41:12.483-0800] {processor.py:925} INFO - DAG(s) 'example_trigger_controller_dag' retrieved from /opt/anaconda3/envs/airflow_env/lib/python3.9/site-packages/airflow/example_dags/example_trigger_controller_dag.py
[2025-01-03T11:41:12.937-0800] {logging_mixin.py:190} INFO - [2025-01-03T11:41:12.936-0800] {dag.py:3239} INFO - Sync 1 DAGs
[2025-01-03T11:41:12.976-0800] {logging_mixin.py:190} INFO - [2025-01-03T11:41:12.976-0800] {dag.py:4180} INFO - Setting next_dagrun for example_trigger_controller_dag to 2021-01-01 00:00:00+00:00, run_after=2021-01-01 00:00:00+00:00
[2025-01-03T11:41:13.033-0800] {processor.py:208} INFO - Processing /opt/anaconda3/envs/airflow_env/lib/python3.9/site-packages/airflow/example_dags/example_trigger_controller_dag.py took 0.588 seconds
[2025-01-03T11:45:54.786-0800] {processor.py:186} INFO - Started process (PID=50822) to work on /opt/anaconda3/envs/airflow_env/lib/python3.9/site-packages/airflow/example_dags/example_trigger_controller_dag.py
[2025-01-03T11:45:54.789-0800] {processor.py:914} INFO - Processing file /opt/anaconda3/envs/airflow_env/lib/python3.9/site-packages/airflow/example_dags/example_trigger_controller_dag.py for tasks to queue
[2025-01-03T11:45:54.790-0800] {logging_mixin.py:190} INFO - [2025-01-03T11:45:54.790-0800] {dagbag.py:588} INFO - Filling up the DagBag from /opt/anaconda3/envs/airflow_env/lib/python3.9/site-packages/airflow/example_dags/example_trigger_controller_dag.py
[2025-01-03T11:45:54.809-0800] {processor.py:925} INFO - DAG(s) 'example_trigger_controller_dag' retrieved from /opt/anaconda3/envs/airflow_env/lib/python3.9/site-packages/airflow/example_dags/example_trigger_controller_dag.py
[2025-01-03T11:45:55.043-0800] {logging_mixin.py:190} INFO - [2025-01-03T11:45:55.041-0800] {dag.py:3239} INFO - Sync 1 DAGs
[2025-01-03T11:45:55.098-0800] {logging_mixin.py:190} INFO - [2025-01-03T11:45:55.098-0800] {dag.py:4180} INFO - Setting next_dagrun for example_trigger_controller_dag to 2021-01-01 00:00:00+00:00, run_after=2021-01-01 00:00:00+00:00
[2025-01-03T11:45:55.156-0800] {processor.py:208} INFO - Processing /opt/anaconda3/envs/airflow_env/lib/python3.9/site-packages/airflow/example_dags/example_trigger_controller_dag.py took 0.376 seconds
[2025-01-03T11:50:20.073-0800] {processor.py:186} INFO - Started process (PID=51013) to work on /opt/anaconda3/envs/airflow_env/lib/python3.9/site-packages/airflow/example_dags/example_trigger_controller_dag.py
[2025-01-03T11:50:20.076-0800] {processor.py:914} INFO - Processing file /opt/anaconda3/envs/airflow_env/lib/python3.9/site-packages/airflow/example_dags/example_trigger_controller_dag.py for tasks to queue
[2025-01-03T11:50:20.077-0800] {logging_mixin.py:190} INFO - [2025-01-03T11:50:20.076-0800] {dagbag.py:588} INFO - Filling up the DagBag from /opt/anaconda3/envs/airflow_env/lib/python3.9/site-packages/airflow/example_dags/example_trigger_controller_dag.py
[2025-01-03T11:50:20.096-0800] {processor.py:925} INFO - DAG(s) 'example_trigger_controller_dag' retrieved from /opt/anaconda3/envs/airflow_env/lib/python3.9/site-packages/airflow/example_dags/example_trigger_controller_dag.py
[2025-01-03T11:50:20.292-0800] {logging_mixin.py:190} INFO - [2025-01-03T11:50:20.292-0800] {dag.py:3239} INFO - Sync 1 DAGs
[2025-01-03T11:50:20.319-0800] {logging_mixin.py:190} INFO - [2025-01-03T11:50:20.318-0800] {dag.py:4180} INFO - Setting next_dagrun for example_trigger_controller_dag to 2021-01-01 00:00:00+00:00, run_after=2021-01-01 00:00:00+00:00
[2025-01-03T11:50:20.344-0800] {processor.py:208} INFO - Processing /opt/anaconda3/envs/airflow_env/lib/python3.9/site-packages/airflow/example_dags/example_trigger_controller_dag.py took 0.275 seconds
[2025-01-03T11:57:18.557-0800] {processor.py:186} INFO - Started process (PID=51726) to work on /opt/anaconda3/envs/airflow_env/lib/python3.9/site-packages/airflow/example_dags/example_trigger_controller_dag.py
[2025-01-03T11:57:18.563-0800] {processor.py:914} INFO - Processing file /opt/anaconda3/envs/airflow_env/lib/python3.9/site-packages/airflow/example_dags/example_trigger_controller_dag.py for tasks to queue
[2025-01-03T11:57:18.565-0800] {logging_mixin.py:190} INFO - [2025-01-03T11:57:18.564-0800] {dagbag.py:588} INFO - Filling up the DagBag from /opt/anaconda3/envs/airflow_env/lib/python3.9/site-packages/airflow/example_dags/example_trigger_controller_dag.py
[2025-01-03T11:57:18.594-0800] {processor.py:925} INFO - DAG(s) 'example_trigger_controller_dag' retrieved from /opt/anaconda3/envs/airflow_env/lib/python3.9/site-packages/airflow/example_dags/example_trigger_controller_dag.py
[2025-01-03T11:57:18.940-0800] {logging_mixin.py:190} INFO - [2025-01-03T11:57:18.938-0800] {dag.py:3239} INFO - Sync 1 DAGs
[2025-01-03T11:57:18.997-0800] {logging_mixin.py:190} INFO - [2025-01-03T11:57:18.997-0800] {dag.py:4180} INFO - Setting next_dagrun for example_trigger_controller_dag to 2021-01-01 00:00:00+00:00, run_after=2021-01-01 00:00:00+00:00
[2025-01-03T11:57:19.035-0800] {processor.py:208} INFO - Processing /opt/anaconda3/envs/airflow_env/lib/python3.9/site-packages/airflow/example_dags/example_trigger_controller_dag.py took 0.484 seconds
[2025-01-03T12:02:42.994-0800] {processor.py:186} INFO - Started process (PID=52245) to work on /opt/anaconda3/envs/airflow_env/lib/python3.9/site-packages/airflow/example_dags/example_trigger_controller_dag.py
[2025-01-03T12:02:43.005-0800] {processor.py:914} INFO - Processing file /opt/anaconda3/envs/airflow_env/lib/python3.9/site-packages/airflow/example_dags/example_trigger_controller_dag.py for tasks to queue
[2025-01-03T12:02:43.007-0800] {logging_mixin.py:190} INFO - [2025-01-03T12:02:43.006-0800] {dagbag.py:588} INFO - Filling up the DagBag from /opt/anaconda3/envs/airflow_env/lib/python3.9/site-packages/airflow/example_dags/example_trigger_controller_dag.py
[2025-01-03T12:02:43.078-0800] {processor.py:925} INFO - DAG(s) 'example_trigger_controller_dag' retrieved from /opt/anaconda3/envs/airflow_env/lib/python3.9/site-packages/airflow/example_dags/example_trigger_controller_dag.py
[2025-01-03T12:02:43.591-0800] {logging_mixin.py:190} INFO - [2025-01-03T12:02:43.590-0800] {dag.py:3239} INFO - Sync 1 DAGs
[2025-01-03T12:02:43.697-0800] {logging_mixin.py:190} INFO - [2025-01-03T12:02:43.696-0800] {dag.py:4180} INFO - Setting next_dagrun for example_trigger_controller_dag to 2021-01-01 00:00:00+00:00, run_after=2021-01-01 00:00:00+00:00
[2025-01-03T12:02:43.771-0800] {processor.py:208} INFO - Processing /opt/anaconda3/envs/airflow_env/lib/python3.9/site-packages/airflow/example_dags/example_trigger_controller_dag.py took 0.791 seconds
[2025-01-03T12:08:29.353-0800] {processor.py:186} INFO - Started process (PID=52498) to work on /opt/anaconda3/envs/airflow_env/lib/python3.9/site-packages/airflow/example_dags/example_trigger_controller_dag.py
[2025-01-03T12:08:29.356-0800] {processor.py:914} INFO - Processing file /opt/anaconda3/envs/airflow_env/lib/python3.9/site-packages/airflow/example_dags/example_trigger_controller_dag.py for tasks to queue
[2025-01-03T12:08:29.358-0800] {logging_mixin.py:190} INFO - [2025-01-03T12:08:29.357-0800] {dagbag.py:588} INFO - Filling up the DagBag from /opt/anaconda3/envs/airflow_env/lib/python3.9/site-packages/airflow/example_dags/example_trigger_controller_dag.py
[2025-01-03T12:08:29.399-0800] {processor.py:925} INFO - DAG(s) 'example_trigger_controller_dag' retrieved from /opt/anaconda3/envs/airflow_env/lib/python3.9/site-packages/airflow/example_dags/example_trigger_controller_dag.py
[2025-01-03T12:08:29.623-0800] {logging_mixin.py:190} INFO - [2025-01-03T12:08:29.622-0800] {dag.py:3239} INFO - Sync 1 DAGs
[2025-01-03T12:08:29.662-0800] {logging_mixin.py:190} INFO - [2025-01-03T12:08:29.662-0800] {dag.py:4180} INFO - Setting next_dagrun for example_trigger_controller_dag to 2021-01-01 00:00:00+00:00, run_after=2021-01-01 00:00:00+00:00
[2025-01-03T12:08:29.692-0800] {processor.py:208} INFO - Processing /opt/anaconda3/envs/airflow_env/lib/python3.9/site-packages/airflow/example_dags/example_trigger_controller_dag.py took 0.344 seconds
