[2025-01-03T09:49:25.113-0800] {processor.py:186} INFO - Started process (PID=46267) to work on /opt/anaconda3/envs/airflow_env/lib/python3.9/site-packages/airflow/example_dags/example_short_circuit_operator.py
[2025-01-03T09:49:25.114-0800] {processor.py:914} INFO - Processing file /opt/anaconda3/envs/airflow_env/lib/python3.9/site-packages/airflow/example_dags/example_short_circuit_operator.py for tasks to queue
[2025-01-03T09:49:25.116-0800] {logging_mixin.py:190} INFO - [2025-01-03T09:49:25.115-0800] {dagbag.py:588} INFO - Filling up the DagBag from /opt/anaconda3/envs/airflow_env/lib/python3.9/site-packages/airflow/example_dags/example_short_circuit_operator.py
[2025-01-03T09:49:25.148-0800] {processor.py:925} INFO - DAG(s) 'example_short_circuit_operator' retrieved from /opt/anaconda3/envs/airflow_env/lib/python3.9/site-packages/airflow/example_dags/example_short_circuit_operator.py
[2025-01-03T09:49:25.283-0800] {logging_mixin.py:190} INFO - [2025-01-03T09:49:25.283-0800] {dag.py:3239} INFO - Sync 1 DAGs
[2025-01-03T09:49:25.296-0800] {logging_mixin.py:190} INFO - [2025-01-03T09:49:25.296-0800] {dag.py:4180} INFO - Setting next_dagrun for example_short_circuit_operator to None, run_after=None
[2025-01-03T09:49:25.318-0800] {processor.py:208} INFO - Processing /opt/anaconda3/envs/airflow_env/lib/python3.9/site-packages/airflow/example_dags/example_short_circuit_operator.py took 0.209 seconds
[2025-01-03T09:52:48.538-0800] {processor.py:186} INFO - Started process (PID=46391) to work on /opt/anaconda3/envs/airflow_env/lib/python3.9/site-packages/airflow/example_dags/example_short_circuit_operator.py
[2025-01-03T09:52:48.541-0800] {processor.py:914} INFO - Processing file /opt/anaconda3/envs/airflow_env/lib/python3.9/site-packages/airflow/example_dags/example_short_circuit_operator.py for tasks to queue
[2025-01-03T09:52:48.542-0800] {logging_mixin.py:190} INFO - [2025-01-03T09:52:48.542-0800] {dagbag.py:588} INFO - Filling up the DagBag from /opt/anaconda3/envs/airflow_env/lib/python3.9/site-packages/airflow/example_dags/example_short_circuit_operator.py
[2025-01-03T09:52:48.572-0800] {processor.py:925} INFO - DAG(s) 'example_short_circuit_operator' retrieved from /opt/anaconda3/envs/airflow_env/lib/python3.9/site-packages/airflow/example_dags/example_short_circuit_operator.py
[2025-01-03T09:52:48.702-0800] {logging_mixin.py:190} INFO - [2025-01-03T09:52:48.701-0800] {dag.py:3239} INFO - Sync 1 DAGs
[2025-01-03T09:52:48.715-0800] {logging_mixin.py:190} INFO - [2025-01-03T09:52:48.714-0800] {dag.py:4180} INFO - Setting next_dagrun for example_short_circuit_operator to None, run_after=None
[2025-01-03T09:52:48.737-0800] {processor.py:208} INFO - Processing /opt/anaconda3/envs/airflow_env/lib/python3.9/site-packages/airflow/example_dags/example_short_circuit_operator.py took 0.203 seconds
[2025-01-03T09:56:22.931-0800] {processor.py:186} INFO - Started process (PID=46516) to work on /opt/anaconda3/envs/airflow_env/lib/python3.9/site-packages/airflow/example_dags/example_short_circuit_operator.py
[2025-01-03T09:56:22.934-0800] {processor.py:914} INFO - Processing file /opt/anaconda3/envs/airflow_env/lib/python3.9/site-packages/airflow/example_dags/example_short_circuit_operator.py for tasks to queue
[2025-01-03T09:56:22.936-0800] {logging_mixin.py:190} INFO - [2025-01-03T09:56:22.935-0800] {dagbag.py:588} INFO - Filling up the DagBag from /opt/anaconda3/envs/airflow_env/lib/python3.9/site-packages/airflow/example_dags/example_short_circuit_operator.py
[2025-01-03T09:56:22.971-0800] {processor.py:925} INFO - DAG(s) 'example_short_circuit_operator' retrieved from /opt/anaconda3/envs/airflow_env/lib/python3.9/site-packages/airflow/example_dags/example_short_circuit_operator.py
[2025-01-03T09:56:23.125-0800] {logging_mixin.py:190} INFO - [2025-01-03T09:56:23.124-0800] {dag.py:3239} INFO - Sync 1 DAGs
[2025-01-03T09:56:23.141-0800] {logging_mixin.py:190} INFO - [2025-01-03T09:56:23.141-0800] {dag.py:4180} INFO - Setting next_dagrun for example_short_circuit_operator to None, run_after=None
[2025-01-03T09:56:23.165-0800] {processor.py:208} INFO - Processing /opt/anaconda3/envs/airflow_env/lib/python3.9/site-packages/airflow/example_dags/example_short_circuit_operator.py took 0.239 seconds
[2025-01-03T10:00:10.949-0800] {processor.py:186} INFO - Started process (PID=46628) to work on /opt/anaconda3/envs/airflow_env/lib/python3.9/site-packages/airflow/example_dags/example_short_circuit_operator.py
[2025-01-03T10:00:10.952-0800] {processor.py:914} INFO - Processing file /opt/anaconda3/envs/airflow_env/lib/python3.9/site-packages/airflow/example_dags/example_short_circuit_operator.py for tasks to queue
[2025-01-03T10:00:10.954-0800] {logging_mixin.py:190} INFO - [2025-01-03T10:00:10.954-0800] {dagbag.py:588} INFO - Filling up the DagBag from /opt/anaconda3/envs/airflow_env/lib/python3.9/site-packages/airflow/example_dags/example_short_circuit_operator.py
[2025-01-03T10:00:10.990-0800] {processor.py:925} INFO - DAG(s) 'example_short_circuit_operator' retrieved from /opt/anaconda3/envs/airflow_env/lib/python3.9/site-packages/airflow/example_dags/example_short_circuit_operator.py
[2025-01-03T10:00:11.159-0800] {logging_mixin.py:190} INFO - [2025-01-03T10:00:11.158-0800] {dag.py:3239} INFO - Sync 1 DAGs
[2025-01-03T10:00:11.176-0800] {logging_mixin.py:190} INFO - [2025-01-03T10:00:11.175-0800] {dag.py:4180} INFO - Setting next_dagrun for example_short_circuit_operator to None, run_after=None
[2025-01-03T10:00:11.200-0800] {processor.py:208} INFO - Processing /opt/anaconda3/envs/airflow_env/lib/python3.9/site-packages/airflow/example_dags/example_short_circuit_operator.py took 0.258 seconds
[2025-01-03T10:04:15.176-0800] {processor.py:186} INFO - Started process (PID=46774) to work on /opt/anaconda3/envs/airflow_env/lib/python3.9/site-packages/airflow/example_dags/example_short_circuit_operator.py
[2025-01-03T10:04:15.178-0800] {processor.py:914} INFO - Processing file /opt/anaconda3/envs/airflow_env/lib/python3.9/site-packages/airflow/example_dags/example_short_circuit_operator.py for tasks to queue
[2025-01-03T10:04:15.180-0800] {logging_mixin.py:190} INFO - [2025-01-03T10:04:15.180-0800] {dagbag.py:588} INFO - Filling up the DagBag from /opt/anaconda3/envs/airflow_env/lib/python3.9/site-packages/airflow/example_dags/example_short_circuit_operator.py
[2025-01-03T10:04:15.221-0800] {processor.py:925} INFO - DAG(s) 'example_short_circuit_operator' retrieved from /opt/anaconda3/envs/airflow_env/lib/python3.9/site-packages/airflow/example_dags/example_short_circuit_operator.py
[2025-01-03T10:04:15.374-0800] {logging_mixin.py:190} INFO - [2025-01-03T10:04:15.373-0800] {dag.py:3239} INFO - Sync 1 DAGs
[2025-01-03T10:04:15.387-0800] {logging_mixin.py:190} INFO - [2025-01-03T10:04:15.387-0800] {dag.py:4180} INFO - Setting next_dagrun for example_short_circuit_operator to None, run_after=None
[2025-01-03T10:04:15.412-0800] {processor.py:208} INFO - Processing /opt/anaconda3/envs/airflow_env/lib/python3.9/site-packages/airflow/example_dags/example_short_circuit_operator.py took 0.243 seconds
[2025-01-03T10:07:52.771-0800] {processor.py:186} INFO - Started process (PID=46892) to work on /opt/anaconda3/envs/airflow_env/lib/python3.9/site-packages/airflow/example_dags/example_short_circuit_operator.py
[2025-01-03T10:07:52.773-0800] {processor.py:914} INFO - Processing file /opt/anaconda3/envs/airflow_env/lib/python3.9/site-packages/airflow/example_dags/example_short_circuit_operator.py for tasks to queue
[2025-01-03T10:07:52.775-0800] {logging_mixin.py:190} INFO - [2025-01-03T10:07:52.774-0800] {dagbag.py:588} INFO - Filling up the DagBag from /opt/anaconda3/envs/airflow_env/lib/python3.9/site-packages/airflow/example_dags/example_short_circuit_operator.py
[2025-01-03T10:07:52.809-0800] {processor.py:925} INFO - DAG(s) 'example_short_circuit_operator' retrieved from /opt/anaconda3/envs/airflow_env/lib/python3.9/site-packages/airflow/example_dags/example_short_circuit_operator.py
[2025-01-03T10:07:52.960-0800] {logging_mixin.py:190} INFO - [2025-01-03T10:07:52.960-0800] {dag.py:3239} INFO - Sync 1 DAGs
[2025-01-03T10:07:52.974-0800] {logging_mixin.py:190} INFO - [2025-01-03T10:07:52.974-0800] {dag.py:4180} INFO - Setting next_dagrun for example_short_circuit_operator to None, run_after=None
[2025-01-03T10:07:53.005-0800] {processor.py:208} INFO - Processing /opt/anaconda3/envs/airflow_env/lib/python3.9/site-packages/airflow/example_dags/example_short_circuit_operator.py took 0.242 seconds
[2025-01-03T10:11:17.367-0800] {processor.py:186} INFO - Started process (PID=47003) to work on /opt/anaconda3/envs/airflow_env/lib/python3.9/site-packages/airflow/example_dags/example_short_circuit_operator.py
[2025-01-03T10:11:17.370-0800] {processor.py:914} INFO - Processing file /opt/anaconda3/envs/airflow_env/lib/python3.9/site-packages/airflow/example_dags/example_short_circuit_operator.py for tasks to queue
[2025-01-03T10:11:17.372-0800] {logging_mixin.py:190} INFO - [2025-01-03T10:11:17.372-0800] {dagbag.py:588} INFO - Filling up the DagBag from /opt/anaconda3/envs/airflow_env/lib/python3.9/site-packages/airflow/example_dags/example_short_circuit_operator.py
[2025-01-03T10:11:17.406-0800] {processor.py:925} INFO - DAG(s) 'example_short_circuit_operator' retrieved from /opt/anaconda3/envs/airflow_env/lib/python3.9/site-packages/airflow/example_dags/example_short_circuit_operator.py
[2025-01-03T10:11:17.550-0800] {logging_mixin.py:190} INFO - [2025-01-03T10:11:17.549-0800] {dag.py:3239} INFO - Sync 1 DAGs
[2025-01-03T10:11:17.565-0800] {logging_mixin.py:190} INFO - [2025-01-03T10:11:17.565-0800] {dag.py:4180} INFO - Setting next_dagrun for example_short_circuit_operator to None, run_after=None
[2025-01-03T10:11:17.598-0800] {processor.py:208} INFO - Processing /opt/anaconda3/envs/airflow_env/lib/python3.9/site-packages/airflow/example_dags/example_short_circuit_operator.py took 0.236 seconds
[2025-01-03T10:14:44.779-0800] {processor.py:186} INFO - Started process (PID=47132) to work on /opt/anaconda3/envs/airflow_env/lib/python3.9/site-packages/airflow/example_dags/example_short_circuit_operator.py
[2025-01-03T10:14:44.783-0800] {processor.py:914} INFO - Processing file /opt/anaconda3/envs/airflow_env/lib/python3.9/site-packages/airflow/example_dags/example_short_circuit_operator.py for tasks to queue
[2025-01-03T10:14:44.785-0800] {logging_mixin.py:190} INFO - [2025-01-03T10:14:44.785-0800] {dagbag.py:588} INFO - Filling up the DagBag from /opt/anaconda3/envs/airflow_env/lib/python3.9/site-packages/airflow/example_dags/example_short_circuit_operator.py
[2025-01-03T10:14:44.953-0800] {processor.py:925} INFO - DAG(s) 'example_short_circuit_operator' retrieved from /opt/anaconda3/envs/airflow_env/lib/python3.9/site-packages/airflow/example_dags/example_short_circuit_operator.py
[2025-01-03T10:14:45.401-0800] {logging_mixin.py:190} INFO - [2025-01-03T10:14:45.400-0800] {dag.py:3239} INFO - Sync 1 DAGs
[2025-01-03T10:14:45.420-0800] {logging_mixin.py:190} INFO - [2025-01-03T10:14:45.420-0800] {dag.py:4180} INFO - Setting next_dagrun for example_short_circuit_operator to None, run_after=None
[2025-01-03T10:14:45.462-0800] {processor.py:208} INFO - Processing /opt/anaconda3/envs/airflow_env/lib/python3.9/site-packages/airflow/example_dags/example_short_circuit_operator.py took 0.690 seconds
[2025-01-03T10:18:49.672-0800] {processor.py:186} INFO - Started process (PID=47413) to work on /opt/anaconda3/envs/airflow_env/lib/python3.9/site-packages/airflow/example_dags/example_short_circuit_operator.py
[2025-01-03T10:18:49.698-0800] {processor.py:914} INFO - Processing file /opt/anaconda3/envs/airflow_env/lib/python3.9/site-packages/airflow/example_dags/example_short_circuit_operator.py for tasks to queue
[2025-01-03T10:18:49.701-0800] {logging_mixin.py:190} INFO - [2025-01-03T10:18:49.700-0800] {dagbag.py:588} INFO - Filling up the DagBag from /opt/anaconda3/envs/airflow_env/lib/python3.9/site-packages/airflow/example_dags/example_short_circuit_operator.py
[2025-01-03T10:18:49.799-0800] {processor.py:925} INFO - DAG(s) 'example_short_circuit_operator' retrieved from /opt/anaconda3/envs/airflow_env/lib/python3.9/site-packages/airflow/example_dags/example_short_circuit_operator.py
[2025-01-03T10:18:50.654-0800] {logging_mixin.py:190} INFO - [2025-01-03T10:18:50.653-0800] {dag.py:3239} INFO - Sync 1 DAGs
[2025-01-03T10:18:50.683-0800] {logging_mixin.py:190} INFO - [2025-01-03T10:18:50.683-0800] {dag.py:4180} INFO - Setting next_dagrun for example_short_circuit_operator to None, run_after=None
[2025-01-03T10:18:50.726-0800] {processor.py:208} INFO - Processing /opt/anaconda3/envs/airflow_env/lib/python3.9/site-packages/airflow/example_dags/example_short_circuit_operator.py took 1.088 seconds
[2025-01-03T10:22:45.309-0800] {processor.py:186} INFO - Started process (PID=47576) to work on /opt/anaconda3/envs/airflow_env/lib/python3.9/site-packages/airflow/example_dags/example_short_circuit_operator.py
[2025-01-03T10:22:45.311-0800] {processor.py:914} INFO - Processing file /opt/anaconda3/envs/airflow_env/lib/python3.9/site-packages/airflow/example_dags/example_short_circuit_operator.py for tasks to queue
[2025-01-03T10:22:45.313-0800] {logging_mixin.py:190} INFO - [2025-01-03T10:22:45.313-0800] {dagbag.py:588} INFO - Filling up the DagBag from /opt/anaconda3/envs/airflow_env/lib/python3.9/site-packages/airflow/example_dags/example_short_circuit_operator.py
[2025-01-03T10:22:45.381-0800] {processor.py:925} INFO - DAG(s) 'example_short_circuit_operator' retrieved from /opt/anaconda3/envs/airflow_env/lib/python3.9/site-packages/airflow/example_dags/example_short_circuit_operator.py
[2025-01-03T10:22:45.555-0800] {logging_mixin.py:190} INFO - [2025-01-03T10:22:45.555-0800] {dag.py:3239} INFO - Sync 1 DAGs
[2025-01-03T10:22:45.569-0800] {logging_mixin.py:190} INFO - [2025-01-03T10:22:45.569-0800] {dag.py:4180} INFO - Setting next_dagrun for example_short_circuit_operator to None, run_after=None
[2025-01-03T10:22:45.605-0800] {processor.py:208} INFO - Processing /opt/anaconda3/envs/airflow_env/lib/python3.9/site-packages/airflow/example_dags/example_short_circuit_operator.py took 0.302 seconds
[2025-01-03T10:26:55.706-0800] {processor.py:186} INFO - Started process (PID=47703) to work on /opt/anaconda3/envs/airflow_env/lib/python3.9/site-packages/airflow/example_dags/example_short_circuit_operator.py
[2025-01-03T10:26:55.710-0800] {processor.py:914} INFO - Processing file /opt/anaconda3/envs/airflow_env/lib/python3.9/site-packages/airflow/example_dags/example_short_circuit_operator.py for tasks to queue
[2025-01-03T10:26:55.711-0800] {logging_mixin.py:190} INFO - [2025-01-03T10:26:55.711-0800] {dagbag.py:588} INFO - Filling up the DagBag from /opt/anaconda3/envs/airflow_env/lib/python3.9/site-packages/airflow/example_dags/example_short_circuit_operator.py
[2025-01-03T10:26:55.775-0800] {processor.py:925} INFO - DAG(s) 'example_short_circuit_operator' retrieved from /opt/anaconda3/envs/airflow_env/lib/python3.9/site-packages/airflow/example_dags/example_short_circuit_operator.py
[2025-01-03T10:26:55.982-0800] {logging_mixin.py:190} INFO - [2025-01-03T10:26:55.982-0800] {dag.py:3239} INFO - Sync 1 DAGs
[2025-01-03T10:26:56.005-0800] {logging_mixin.py:190} INFO - [2025-01-03T10:26:56.004-0800] {dag.py:4180} INFO - Setting next_dagrun for example_short_circuit_operator to None, run_after=None
[2025-01-03T10:26:56.059-0800] {processor.py:208} INFO - Processing /opt/anaconda3/envs/airflow_env/lib/python3.9/site-packages/airflow/example_dags/example_short_circuit_operator.py took 0.358 seconds
[2025-01-03T10:31:13.776-0800] {processor.py:186} INFO - Started process (PID=47828) to work on /opt/anaconda3/envs/airflow_env/lib/python3.9/site-packages/airflow/example_dags/example_short_circuit_operator.py
[2025-01-03T10:31:13.782-0800] {processor.py:914} INFO - Processing file /opt/anaconda3/envs/airflow_env/lib/python3.9/site-packages/airflow/example_dags/example_short_circuit_operator.py for tasks to queue
[2025-01-03T10:31:13.784-0800] {logging_mixin.py:190} INFO - [2025-01-03T10:31:13.784-0800] {dagbag.py:588} INFO - Filling up the DagBag from /opt/anaconda3/envs/airflow_env/lib/python3.9/site-packages/airflow/example_dags/example_short_circuit_operator.py
[2025-01-03T10:31:13.882-0800] {processor.py:925} INFO - DAG(s) 'example_short_circuit_operator' retrieved from /opt/anaconda3/envs/airflow_env/lib/python3.9/site-packages/airflow/example_dags/example_short_circuit_operator.py
[2025-01-03T10:31:14.067-0800] {logging_mixin.py:190} INFO - [2025-01-03T10:31:14.066-0800] {dag.py:3239} INFO - Sync 1 DAGs
[2025-01-03T10:31:14.081-0800] {logging_mixin.py:190} INFO - [2025-01-03T10:31:14.081-0800] {dag.py:4180} INFO - Setting next_dagrun for example_short_circuit_operator to None, run_after=None
[2025-01-03T10:31:14.109-0800] {processor.py:208} INFO - Processing /opt/anaconda3/envs/airflow_env/lib/python3.9/site-packages/airflow/example_dags/example_short_circuit_operator.py took 0.340 seconds
[2025-01-03T10:35:41.001-0800] {processor.py:186} INFO - Started process (PID=47967) to work on /opt/anaconda3/envs/airflow_env/lib/python3.9/site-packages/airflow/example_dags/example_short_circuit_operator.py
[2025-01-03T10:35:41.004-0800] {processor.py:914} INFO - Processing file /opt/anaconda3/envs/airflow_env/lib/python3.9/site-packages/airflow/example_dags/example_short_circuit_operator.py for tasks to queue
[2025-01-03T10:35:41.006-0800] {logging_mixin.py:190} INFO - [2025-01-03T10:35:41.005-0800] {dagbag.py:588} INFO - Filling up the DagBag from /opt/anaconda3/envs/airflow_env/lib/python3.9/site-packages/airflow/example_dags/example_short_circuit_operator.py
[2025-01-03T10:35:41.111-0800] {processor.py:925} INFO - DAG(s) 'example_short_circuit_operator' retrieved from /opt/anaconda3/envs/airflow_env/lib/python3.9/site-packages/airflow/example_dags/example_short_circuit_operator.py
[2025-01-03T10:35:41.337-0800] {logging_mixin.py:190} INFO - [2025-01-03T10:35:41.337-0800] {dag.py:3239} INFO - Sync 1 DAGs
[2025-01-03T10:35:41.355-0800] {logging_mixin.py:190} INFO - [2025-01-03T10:35:41.355-0800] {dag.py:4180} INFO - Setting next_dagrun for example_short_circuit_operator to None, run_after=None
[2025-01-03T10:35:41.385-0800] {processor.py:208} INFO - Processing /opt/anaconda3/envs/airflow_env/lib/python3.9/site-packages/airflow/example_dags/example_short_circuit_operator.py took 0.391 seconds
[2025-01-03T10:39:52.078-0800] {processor.py:186} INFO - Started process (PID=48086) to work on /opt/anaconda3/envs/airflow_env/lib/python3.9/site-packages/airflow/example_dags/example_short_circuit_operator.py
[2025-01-03T10:39:52.084-0800] {processor.py:914} INFO - Processing file /opt/anaconda3/envs/airflow_env/lib/python3.9/site-packages/airflow/example_dags/example_short_circuit_operator.py for tasks to queue
[2025-01-03T10:39:52.087-0800] {logging_mixin.py:190} INFO - [2025-01-03T10:39:52.086-0800] {dagbag.py:588} INFO - Filling up the DagBag from /opt/anaconda3/envs/airflow_env/lib/python3.9/site-packages/airflow/example_dags/example_short_circuit_operator.py
[2025-01-03T10:39:52.161-0800] {processor.py:925} INFO - DAG(s) 'example_short_circuit_operator' retrieved from /opt/anaconda3/envs/airflow_env/lib/python3.9/site-packages/airflow/example_dags/example_short_circuit_operator.py
[2025-01-03T10:39:52.428-0800] {logging_mixin.py:190} INFO - [2025-01-03T10:39:52.428-0800] {dag.py:3239} INFO - Sync 1 DAGs
[2025-01-03T10:39:52.451-0800] {logging_mixin.py:190} INFO - [2025-01-03T10:39:52.451-0800] {dag.py:4180} INFO - Setting next_dagrun for example_short_circuit_operator to None, run_after=None
[2025-01-03T10:39:52.480-0800] {processor.py:208} INFO - Processing /opt/anaconda3/envs/airflow_env/lib/python3.9/site-packages/airflow/example_dags/example_short_circuit_operator.py took 0.408 seconds
[2025-01-03T10:43:56.065-0800] {processor.py:186} INFO - Started process (PID=48214) to work on /opt/anaconda3/envs/airflow_env/lib/python3.9/site-packages/airflow/example_dags/example_short_circuit_operator.py
[2025-01-03T10:43:56.068-0800] {processor.py:914} INFO - Processing file /opt/anaconda3/envs/airflow_env/lib/python3.9/site-packages/airflow/example_dags/example_short_circuit_operator.py for tasks to queue
[2025-01-03T10:43:56.070-0800] {logging_mixin.py:190} INFO - [2025-01-03T10:43:56.070-0800] {dagbag.py:588} INFO - Filling up the DagBag from /opt/anaconda3/envs/airflow_env/lib/python3.9/site-packages/airflow/example_dags/example_short_circuit_operator.py
[2025-01-03T10:43:56.124-0800] {processor.py:925} INFO - DAG(s) 'example_short_circuit_operator' retrieved from /opt/anaconda3/envs/airflow_env/lib/python3.9/site-packages/airflow/example_dags/example_short_circuit_operator.py
[2025-01-03T10:43:56.351-0800] {logging_mixin.py:190} INFO - [2025-01-03T10:43:56.350-0800] {dag.py:3239} INFO - Sync 1 DAGs
[2025-01-03T10:43:56.393-0800] {logging_mixin.py:190} INFO - [2025-01-03T10:43:56.392-0800] {dag.py:4180} INFO - Setting next_dagrun for example_short_circuit_operator to None, run_after=None
[2025-01-03T10:43:56.441-0800] {processor.py:208} INFO - Processing /opt/anaconda3/envs/airflow_env/lib/python3.9/site-packages/airflow/example_dags/example_short_circuit_operator.py took 0.380 seconds
[2025-01-03T10:47:54.222-0800] {processor.py:186} INFO - Started process (PID=48353) to work on /opt/anaconda3/envs/airflow_env/lib/python3.9/site-packages/airflow/example_dags/example_short_circuit_operator.py
[2025-01-03T10:47:54.227-0800] {processor.py:914} INFO - Processing file /opt/anaconda3/envs/airflow_env/lib/python3.9/site-packages/airflow/example_dags/example_short_circuit_operator.py for tasks to queue
[2025-01-03T10:47:54.229-0800] {logging_mixin.py:190} INFO - [2025-01-03T10:47:54.228-0800] {dagbag.py:588} INFO - Filling up the DagBag from /opt/anaconda3/envs/airflow_env/lib/python3.9/site-packages/airflow/example_dags/example_short_circuit_operator.py
[2025-01-03T10:47:54.268-0800] {processor.py:925} INFO - DAG(s) 'example_short_circuit_operator' retrieved from /opt/anaconda3/envs/airflow_env/lib/python3.9/site-packages/airflow/example_dags/example_short_circuit_operator.py
[2025-01-03T10:47:54.419-0800] {logging_mixin.py:190} INFO - [2025-01-03T10:47:54.418-0800] {dag.py:3239} INFO - Sync 1 DAGs
[2025-01-03T10:47:54.436-0800] {logging_mixin.py:190} INFO - [2025-01-03T10:47:54.435-0800] {dag.py:4180} INFO - Setting next_dagrun for example_short_circuit_operator to None, run_after=None
[2025-01-03T10:47:54.463-0800] {processor.py:208} INFO - Processing /opt/anaconda3/envs/airflow_env/lib/python3.9/site-packages/airflow/example_dags/example_short_circuit_operator.py took 0.246 seconds
[2025-01-03T10:52:03.340-0800] {processor.py:186} INFO - Started process (PID=48559) to work on /opt/anaconda3/envs/airflow_env/lib/python3.9/site-packages/airflow/example_dags/example_short_circuit_operator.py
[2025-01-03T10:52:03.342-0800] {processor.py:914} INFO - Processing file /opt/anaconda3/envs/airflow_env/lib/python3.9/site-packages/airflow/example_dags/example_short_circuit_operator.py for tasks to queue
[2025-01-03T10:52:03.344-0800] {logging_mixin.py:190} INFO - [2025-01-03T10:52:03.344-0800] {dagbag.py:588} INFO - Filling up the DagBag from /opt/anaconda3/envs/airflow_env/lib/python3.9/site-packages/airflow/example_dags/example_short_circuit_operator.py
[2025-01-03T10:52:03.412-0800] {processor.py:925} INFO - DAG(s) 'example_short_circuit_operator' retrieved from /opt/anaconda3/envs/airflow_env/lib/python3.9/site-packages/airflow/example_dags/example_short_circuit_operator.py
[2025-01-03T10:52:03.584-0800] {logging_mixin.py:190} INFO - [2025-01-03T10:52:03.583-0800] {dag.py:3239} INFO - Sync 1 DAGs
[2025-01-03T10:52:03.597-0800] {logging_mixin.py:190} INFO - [2025-01-03T10:52:03.596-0800] {dag.py:4180} INFO - Setting next_dagrun for example_short_circuit_operator to None, run_after=None
[2025-01-03T10:52:03.621-0800] {processor.py:208} INFO - Processing /opt/anaconda3/envs/airflow_env/lib/python3.9/site-packages/airflow/example_dags/example_short_circuit_operator.py took 0.285 seconds
[2025-01-03T10:56:22.260-0800] {processor.py:186} INFO - Started process (PID=48713) to work on /opt/anaconda3/envs/airflow_env/lib/python3.9/site-packages/airflow/example_dags/example_short_circuit_operator.py
[2025-01-03T10:56:22.265-0800] {processor.py:914} INFO - Processing file /opt/anaconda3/envs/airflow_env/lib/python3.9/site-packages/airflow/example_dags/example_short_circuit_operator.py for tasks to queue
[2025-01-03T10:56:22.266-0800] {logging_mixin.py:190} INFO - [2025-01-03T10:56:22.266-0800] {dagbag.py:588} INFO - Filling up the DagBag from /opt/anaconda3/envs/airflow_env/lib/python3.9/site-packages/airflow/example_dags/example_short_circuit_operator.py
[2025-01-03T10:56:22.320-0800] {processor.py:925} INFO - DAG(s) 'example_short_circuit_operator' retrieved from /opt/anaconda3/envs/airflow_env/lib/python3.9/site-packages/airflow/example_dags/example_short_circuit_operator.py
[2025-01-03T10:56:22.481-0800] {logging_mixin.py:190} INFO - [2025-01-03T10:56:22.480-0800] {dag.py:3239} INFO - Sync 1 DAGs
[2025-01-03T10:56:22.496-0800] {logging_mixin.py:190} INFO - [2025-01-03T10:56:22.495-0800] {dag.py:4180} INFO - Setting next_dagrun for example_short_circuit_operator to None, run_after=None
[2025-01-03T10:56:22.526-0800] {processor.py:208} INFO - Processing /opt/anaconda3/envs/airflow_env/lib/python3.9/site-packages/airflow/example_dags/example_short_circuit_operator.py took 0.271 seconds
[2025-01-03T11:00:37.475-0800] {processor.py:186} INFO - Started process (PID=48898) to work on /opt/anaconda3/envs/airflow_env/lib/python3.9/site-packages/airflow/example_dags/example_short_circuit_operator.py
[2025-01-03T11:00:37.481-0800] {processor.py:914} INFO - Processing file /opt/anaconda3/envs/airflow_env/lib/python3.9/site-packages/airflow/example_dags/example_short_circuit_operator.py for tasks to queue
[2025-01-03T11:00:37.486-0800] {logging_mixin.py:190} INFO - [2025-01-03T11:00:37.485-0800] {dagbag.py:588} INFO - Filling up the DagBag from /opt/anaconda3/envs/airflow_env/lib/python3.9/site-packages/airflow/example_dags/example_short_circuit_operator.py
[2025-01-03T11:00:37.578-0800] {processor.py:925} INFO - DAG(s) 'example_short_circuit_operator' retrieved from /opt/anaconda3/envs/airflow_env/lib/python3.9/site-packages/airflow/example_dags/example_short_circuit_operator.py
[2025-01-03T11:00:37.860-0800] {logging_mixin.py:190} INFO - [2025-01-03T11:00:37.859-0800] {dag.py:3239} INFO - Sync 1 DAGs
[2025-01-03T11:00:37.885-0800] {logging_mixin.py:190} INFO - [2025-01-03T11:00:37.885-0800] {dag.py:4180} INFO - Setting next_dagrun for example_short_circuit_operator to None, run_after=None
[2025-01-03T11:00:37.922-0800] {processor.py:208} INFO - Processing /opt/anaconda3/envs/airflow_env/lib/python3.9/site-packages/airflow/example_dags/example_short_circuit_operator.py took 0.462 seconds
[2025-01-03T11:05:17.707-0800] {processor.py:186} INFO - Started process (PID=49087) to work on /opt/anaconda3/envs/airflow_env/lib/python3.9/site-packages/airflow/example_dags/example_short_circuit_operator.py
[2025-01-03T11:05:17.710-0800] {processor.py:914} INFO - Processing file /opt/anaconda3/envs/airflow_env/lib/python3.9/site-packages/airflow/example_dags/example_short_circuit_operator.py for tasks to queue
[2025-01-03T11:05:17.711-0800] {logging_mixin.py:190} INFO - [2025-01-03T11:05:17.711-0800] {dagbag.py:588} INFO - Filling up the DagBag from /opt/anaconda3/envs/airflow_env/lib/python3.9/site-packages/airflow/example_dags/example_short_circuit_operator.py
[2025-01-03T11:05:17.752-0800] {processor.py:925} INFO - DAG(s) 'example_short_circuit_operator' retrieved from /opt/anaconda3/envs/airflow_env/lib/python3.9/site-packages/airflow/example_dags/example_short_circuit_operator.py
[2025-01-03T11:05:17.916-0800] {logging_mixin.py:190} INFO - [2025-01-03T11:05:17.916-0800] {dag.py:3239} INFO - Sync 1 DAGs
[2025-01-03T11:05:17.930-0800] {logging_mixin.py:190} INFO - [2025-01-03T11:05:17.930-0800] {dag.py:4180} INFO - Setting next_dagrun for example_short_circuit_operator to None, run_after=None
[2025-01-03T11:05:17.953-0800] {processor.py:208} INFO - Processing /opt/anaconda3/envs/airflow_env/lib/python3.9/site-packages/airflow/example_dags/example_short_circuit_operator.py took 0.251 seconds
[2025-01-03T11:09:32.705-0800] {processor.py:186} INFO - Started process (PID=49217) to work on /opt/anaconda3/envs/airflow_env/lib/python3.9/site-packages/airflow/example_dags/example_short_circuit_operator.py
[2025-01-03T11:09:32.707-0800] {processor.py:914} INFO - Processing file /opt/anaconda3/envs/airflow_env/lib/python3.9/site-packages/airflow/example_dags/example_short_circuit_operator.py for tasks to queue
[2025-01-03T11:09:32.710-0800] {logging_mixin.py:190} INFO - [2025-01-03T11:09:32.710-0800] {dagbag.py:588} INFO - Filling up the DagBag from /opt/anaconda3/envs/airflow_env/lib/python3.9/site-packages/airflow/example_dags/example_short_circuit_operator.py
[2025-01-03T11:09:32.741-0800] {processor.py:925} INFO - DAG(s) 'example_short_circuit_operator' retrieved from /opt/anaconda3/envs/airflow_env/lib/python3.9/site-packages/airflow/example_dags/example_short_circuit_operator.py
[2025-01-03T11:09:32.916-0800] {logging_mixin.py:190} INFO - [2025-01-03T11:09:32.916-0800] {dag.py:3239} INFO - Sync 1 DAGs
[2025-01-03T11:09:32.931-0800] {logging_mixin.py:190} INFO - [2025-01-03T11:09:32.930-0800] {dag.py:4180} INFO - Setting next_dagrun for example_short_circuit_operator to None, run_after=None
[2025-01-03T11:09:32.956-0800] {processor.py:208} INFO - Processing /opt/anaconda3/envs/airflow_env/lib/python3.9/site-packages/airflow/example_dags/example_short_circuit_operator.py took 0.255 seconds
[2025-01-03T11:14:03.779-0800] {processor.py:186} INFO - Started process (PID=49549) to work on /opt/anaconda3/envs/airflow_env/lib/python3.9/site-packages/airflow/example_dags/example_short_circuit_operator.py
[2025-01-03T11:14:03.782-0800] {processor.py:914} INFO - Processing file /opt/anaconda3/envs/airflow_env/lib/python3.9/site-packages/airflow/example_dags/example_short_circuit_operator.py for tasks to queue
[2025-01-03T11:14:03.784-0800] {logging_mixin.py:190} INFO - [2025-01-03T11:14:03.784-0800] {dagbag.py:588} INFO - Filling up the DagBag from /opt/anaconda3/envs/airflow_env/lib/python3.9/site-packages/airflow/example_dags/example_short_circuit_operator.py
[2025-01-03T11:14:03.883-0800] {processor.py:925} INFO - DAG(s) 'example_short_circuit_operator' retrieved from /opt/anaconda3/envs/airflow_env/lib/python3.9/site-packages/airflow/example_dags/example_short_circuit_operator.py
[2025-01-03T11:14:04.099-0800] {logging_mixin.py:190} INFO - [2025-01-03T11:14:04.099-0800] {dag.py:3239} INFO - Sync 1 DAGs
[2025-01-03T11:14:04.114-0800] {logging_mixin.py:190} INFO - [2025-01-03T11:14:04.114-0800] {dag.py:4180} INFO - Setting next_dagrun for example_short_circuit_operator to None, run_after=None
[2025-01-03T11:14:04.144-0800] {processor.py:208} INFO - Processing /opt/anaconda3/envs/airflow_env/lib/python3.9/site-packages/airflow/example_dags/example_short_circuit_operator.py took 0.370 seconds
[2025-01-03T11:18:38.057-0800] {processor.py:186} INFO - Started process (PID=49767) to work on /opt/anaconda3/envs/airflow_env/lib/python3.9/site-packages/airflow/example_dags/example_short_circuit_operator.py
[2025-01-03T11:18:38.060-0800] {processor.py:914} INFO - Processing file /opt/anaconda3/envs/airflow_env/lib/python3.9/site-packages/airflow/example_dags/example_short_circuit_operator.py for tasks to queue
[2025-01-03T11:18:38.062-0800] {logging_mixin.py:190} INFO - [2025-01-03T11:18:38.061-0800] {dagbag.py:588} INFO - Filling up the DagBag from /opt/anaconda3/envs/airflow_env/lib/python3.9/site-packages/airflow/example_dags/example_short_circuit_operator.py
[2025-01-03T11:18:38.204-0800] {processor.py:925} INFO - DAG(s) 'example_short_circuit_operator' retrieved from /opt/anaconda3/envs/airflow_env/lib/python3.9/site-packages/airflow/example_dags/example_short_circuit_operator.py
[2025-01-03T11:18:38.508-0800] {logging_mixin.py:190} INFO - [2025-01-03T11:18:38.508-0800] {dag.py:3239} INFO - Sync 1 DAGs
[2025-01-03T11:18:38.539-0800] {logging_mixin.py:190} INFO - [2025-01-03T11:18:38.539-0800] {dag.py:4180} INFO - Setting next_dagrun for example_short_circuit_operator to None, run_after=None
[2025-01-03T11:18:38.620-0800] {processor.py:208} INFO - Processing /opt/anaconda3/envs/airflow_env/lib/python3.9/site-packages/airflow/example_dags/example_short_circuit_operator.py took 0.567 seconds
[2025-01-03T11:23:02.178-0800] {processor.py:186} INFO - Started process (PID=49923) to work on /opt/anaconda3/envs/airflow_env/lib/python3.9/site-packages/airflow/example_dags/example_short_circuit_operator.py
[2025-01-03T11:23:02.181-0800] {processor.py:914} INFO - Processing file /opt/anaconda3/envs/airflow_env/lib/python3.9/site-packages/airflow/example_dags/example_short_circuit_operator.py for tasks to queue
[2025-01-03T11:23:02.182-0800] {logging_mixin.py:190} INFO - [2025-01-03T11:23:02.182-0800] {dagbag.py:588} INFO - Filling up the DagBag from /opt/anaconda3/envs/airflow_env/lib/python3.9/site-packages/airflow/example_dags/example_short_circuit_operator.py
[2025-01-03T11:23:02.221-0800] {processor.py:925} INFO - DAG(s) 'example_short_circuit_operator' retrieved from /opt/anaconda3/envs/airflow_env/lib/python3.9/site-packages/airflow/example_dags/example_short_circuit_operator.py
[2025-01-03T11:23:02.383-0800] {logging_mixin.py:190} INFO - [2025-01-03T11:23:02.383-0800] {dag.py:3239} INFO - Sync 1 DAGs
[2025-01-03T11:23:02.399-0800] {logging_mixin.py:190} INFO - [2025-01-03T11:23:02.399-0800] {dag.py:4180} INFO - Setting next_dagrun for example_short_circuit_operator to None, run_after=None
[2025-01-03T11:23:02.428-0800] {processor.py:208} INFO - Processing /opt/anaconda3/envs/airflow_env/lib/python3.9/site-packages/airflow/example_dags/example_short_circuit_operator.py took 0.257 seconds
[2025-01-03T11:27:37.392-0800] {processor.py:186} INFO - Started process (PID=50042) to work on /opt/anaconda3/envs/airflow_env/lib/python3.9/site-packages/airflow/example_dags/example_short_circuit_operator.py
[2025-01-03T11:27:37.395-0800] {processor.py:914} INFO - Processing file /opt/anaconda3/envs/airflow_env/lib/python3.9/site-packages/airflow/example_dags/example_short_circuit_operator.py for tasks to queue
[2025-01-03T11:27:37.397-0800] {logging_mixin.py:190} INFO - [2025-01-03T11:27:37.396-0800] {dagbag.py:588} INFO - Filling up the DagBag from /opt/anaconda3/envs/airflow_env/lib/python3.9/site-packages/airflow/example_dags/example_short_circuit_operator.py
[2025-01-03T11:27:37.437-0800] {processor.py:925} INFO - DAG(s) 'example_short_circuit_operator' retrieved from /opt/anaconda3/envs/airflow_env/lib/python3.9/site-packages/airflow/example_dags/example_short_circuit_operator.py
[2025-01-03T11:27:37.612-0800] {logging_mixin.py:190} INFO - [2025-01-03T11:27:37.611-0800] {dag.py:3239} INFO - Sync 1 DAGs
[2025-01-03T11:27:37.626-0800] {logging_mixin.py:190} INFO - [2025-01-03T11:27:37.626-0800] {dag.py:4180} INFO - Setting next_dagrun for example_short_circuit_operator to None, run_after=None
[2025-01-03T11:27:37.651-0800] {processor.py:208} INFO - Processing /opt/anaconda3/envs/airflow_env/lib/python3.9/site-packages/airflow/example_dags/example_short_circuit_operator.py took 0.263 seconds
[2025-01-03T11:32:22.853-0800] {processor.py:186} INFO - Started process (PID=50289) to work on /opt/anaconda3/envs/airflow_env/lib/python3.9/site-packages/airflow/example_dags/example_short_circuit_operator.py
[2025-01-03T11:32:22.856-0800] {processor.py:914} INFO - Processing file /opt/anaconda3/envs/airflow_env/lib/python3.9/site-packages/airflow/example_dags/example_short_circuit_operator.py for tasks to queue
[2025-01-03T11:32:22.857-0800] {logging_mixin.py:190} INFO - [2025-01-03T11:32:22.857-0800] {dagbag.py:588} INFO - Filling up the DagBag from /opt/anaconda3/envs/airflow_env/lib/python3.9/site-packages/airflow/example_dags/example_short_circuit_operator.py
[2025-01-03T11:32:22.920-0800] {processor.py:925} INFO - DAG(s) 'example_short_circuit_operator' retrieved from /opt/anaconda3/envs/airflow_env/lib/python3.9/site-packages/airflow/example_dags/example_short_circuit_operator.py
[2025-01-03T11:32:23.098-0800] {logging_mixin.py:190} INFO - [2025-01-03T11:32:23.097-0800] {dag.py:3239} INFO - Sync 1 DAGs
[2025-01-03T11:32:23.122-0800] {logging_mixin.py:190} INFO - [2025-01-03T11:32:23.121-0800] {dag.py:4180} INFO - Setting next_dagrun for example_short_circuit_operator to None, run_after=None
[2025-01-03T11:32:23.153-0800] {processor.py:208} INFO - Processing /opt/anaconda3/envs/airflow_env/lib/python3.9/site-packages/airflow/example_dags/example_short_circuit_operator.py took 0.305 seconds
[2025-01-03T11:37:12.551-0800] {processor.py:186} INFO - Started process (PID=50488) to work on /opt/anaconda3/envs/airflow_env/lib/python3.9/site-packages/airflow/example_dags/example_short_circuit_operator.py
[2025-01-03T11:37:12.554-0800] {processor.py:914} INFO - Processing file /opt/anaconda3/envs/airflow_env/lib/python3.9/site-packages/airflow/example_dags/example_short_circuit_operator.py for tasks to queue
[2025-01-03T11:37:12.556-0800] {logging_mixin.py:190} INFO - [2025-01-03T11:37:12.555-0800] {dagbag.py:588} INFO - Filling up the DagBag from /opt/anaconda3/envs/airflow_env/lib/python3.9/site-packages/airflow/example_dags/example_short_circuit_operator.py
[2025-01-03T11:37:12.589-0800] {processor.py:925} INFO - DAG(s) 'example_short_circuit_operator' retrieved from /opt/anaconda3/envs/airflow_env/lib/python3.9/site-packages/airflow/example_dags/example_short_circuit_operator.py
[2025-01-03T11:37:12.766-0800] {logging_mixin.py:190} INFO - [2025-01-03T11:37:12.765-0800] {dag.py:3239} INFO - Sync 1 DAGs
[2025-01-03T11:37:12.786-0800] {logging_mixin.py:190} INFO - [2025-01-03T11:37:12.786-0800] {dag.py:4180} INFO - Setting next_dagrun for example_short_circuit_operator to None, run_after=None
[2025-01-03T11:37:12.814-0800] {processor.py:208} INFO - Processing /opt/anaconda3/envs/airflow_env/lib/python3.9/site-packages/airflow/example_dags/example_short_circuit_operator.py took 0.267 seconds
[2025-01-03T11:41:48.253-0800] {processor.py:186} INFO - Started process (PID=50668) to work on /opt/anaconda3/envs/airflow_env/lib/python3.9/site-packages/airflow/example_dags/example_short_circuit_operator.py
[2025-01-03T11:41:48.256-0800] {processor.py:914} INFO - Processing file /opt/anaconda3/envs/airflow_env/lib/python3.9/site-packages/airflow/example_dags/example_short_circuit_operator.py for tasks to queue
[2025-01-03T11:41:48.258-0800] {logging_mixin.py:190} INFO - [2025-01-03T11:41:48.257-0800] {dagbag.py:588} INFO - Filling up the DagBag from /opt/anaconda3/envs/airflow_env/lib/python3.9/site-packages/airflow/example_dags/example_short_circuit_operator.py
[2025-01-03T11:41:48.305-0800] {processor.py:925} INFO - DAG(s) 'example_short_circuit_operator' retrieved from /opt/anaconda3/envs/airflow_env/lib/python3.9/site-packages/airflow/example_dags/example_short_circuit_operator.py
[2025-01-03T11:41:48.493-0800] {logging_mixin.py:190} INFO - [2025-01-03T11:41:48.492-0800] {dag.py:3239} INFO - Sync 1 DAGs
[2025-01-03T11:41:48.506-0800] {logging_mixin.py:190} INFO - [2025-01-03T11:41:48.506-0800] {dag.py:4180} INFO - Setting next_dagrun for example_short_circuit_operator to None, run_after=None
[2025-01-03T11:41:48.531-0800] {processor.py:208} INFO - Processing /opt/anaconda3/envs/airflow_env/lib/python3.9/site-packages/airflow/example_dags/example_short_circuit_operator.py took 0.283 seconds
[2025-01-03T11:46:44.523-0800] {processor.py:186} INFO - Started process (PID=50852) to work on /opt/anaconda3/envs/airflow_env/lib/python3.9/site-packages/airflow/example_dags/example_short_circuit_operator.py
[2025-01-03T11:46:44.527-0800] {processor.py:914} INFO - Processing file /opt/anaconda3/envs/airflow_env/lib/python3.9/site-packages/airflow/example_dags/example_short_circuit_operator.py for tasks to queue
[2025-01-03T11:46:44.528-0800] {logging_mixin.py:190} INFO - [2025-01-03T11:46:44.528-0800] {dagbag.py:588} INFO - Filling up the DagBag from /opt/anaconda3/envs/airflow_env/lib/python3.9/site-packages/airflow/example_dags/example_short_circuit_operator.py
[2025-01-03T11:46:44.585-0800] {processor.py:925} INFO - DAG(s) 'example_short_circuit_operator' retrieved from /opt/anaconda3/envs/airflow_env/lib/python3.9/site-packages/airflow/example_dags/example_short_circuit_operator.py
[2025-01-03T11:46:44.832-0800] {logging_mixin.py:190} INFO - [2025-01-03T11:46:44.832-0800] {dag.py:3239} INFO - Sync 1 DAGs
[2025-01-03T11:46:44.896-0800] {logging_mixin.py:190} INFO - [2025-01-03T11:46:44.895-0800] {dag.py:4180} INFO - Setting next_dagrun for example_short_circuit_operator to None, run_after=None
[2025-01-03T11:46:44.932-0800] {processor.py:208} INFO - Processing /opt/anaconda3/envs/airflow_env/lib/python3.9/site-packages/airflow/example_dags/example_short_circuit_operator.py took 0.414 seconds
[2025-01-03T11:50:55.920-0800] {processor.py:186} INFO - Started process (PID=51053) to work on /opt/anaconda3/envs/airflow_env/lib/python3.9/site-packages/airflow/example_dags/example_short_circuit_operator.py
[2025-01-03T11:50:55.924-0800] {processor.py:914} INFO - Processing file /opt/anaconda3/envs/airflow_env/lib/python3.9/site-packages/airflow/example_dags/example_short_circuit_operator.py for tasks to queue
[2025-01-03T11:50:55.926-0800] {logging_mixin.py:190} INFO - [2025-01-03T11:50:55.925-0800] {dagbag.py:588} INFO - Filling up the DagBag from /opt/anaconda3/envs/airflow_env/lib/python3.9/site-packages/airflow/example_dags/example_short_circuit_operator.py
[2025-01-03T11:50:56.047-0800] {processor.py:925} INFO - DAG(s) 'example_short_circuit_operator' retrieved from /opt/anaconda3/envs/airflow_env/lib/python3.9/site-packages/airflow/example_dags/example_short_circuit_operator.py
[2025-01-03T11:50:56.742-0800] {logging_mixin.py:190} INFO - [2025-01-03T11:50:56.740-0800] {dag.py:3239} INFO - Sync 1 DAGs
[2025-01-03T11:50:56.780-0800] {logging_mixin.py:190} INFO - [2025-01-03T11:50:56.778-0800] {dag.py:4180} INFO - Setting next_dagrun for example_short_circuit_operator to None, run_after=None
[2025-01-03T11:50:56.830-0800] {processor.py:208} INFO - Processing /opt/anaconda3/envs/airflow_env/lib/python3.9/site-packages/airflow/example_dags/example_short_circuit_operator.py took 0.919 seconds
