[2025-01-03T09:49:47.878-0800] {processor.py:186} INFO - Started process (PID=46283) to work on /opt/anaconda3/envs/airflow_env/lib/python3.9/site-packages/airflow/example_dags/example_python_operator.py
[2025-01-03T09:49:47.879-0800] {processor.py:914} INFO - Processing file /opt/anaconda3/envs/airflow_env/lib/python3.9/site-packages/airflow/example_dags/example_python_operator.py for tasks to queue
[2025-01-03T09:49:47.881-0800] {logging_mixin.py:190} INFO - [2025-01-03T09:49:47.880-0800] {dagbag.py:588} INFO - Filling up the DagBag from /opt/anaconda3/envs/airflow_env/lib/python3.9/site-packages/airflow/example_dags/example_python_operator.py
[2025-01-03T09:49:47.914-0800] {logging_mixin.py:190} INFO - [2025-01-03T09:49:47.913-0800] {example_python_operator.py:93} WARNING - The virtalenv_python example task requires virtualenv, please install it.
[2025-01-03T09:49:47.921-0800] {processor.py:925} INFO - DAG(s) 'example_python_operator' retrieved from /opt/anaconda3/envs/airflow_env/lib/python3.9/site-packages/airflow/example_dags/example_python_operator.py
[2025-01-03T09:49:48.069-0800] {logging_mixin.py:190} INFO - [2025-01-03T09:49:48.068-0800] {dag.py:3239} INFO - Sync 1 DAGs
[2025-01-03T09:49:48.080-0800] {logging_mixin.py:190} INFO - [2025-01-03T09:49:48.080-0800] {dag.py:4180} INFO - Setting next_dagrun for example_python_operator to None, run_after=None
[2025-01-03T09:49:48.102-0800] {processor.py:208} INFO - Processing /opt/anaconda3/envs/airflow_env/lib/python3.9/site-packages/airflow/example_dags/example_python_operator.py took 0.228 seconds
[2025-01-03T09:53:09.349-0800] {processor.py:186} INFO - Started process (PID=46404) to work on /opt/anaconda3/envs/airflow_env/lib/python3.9/site-packages/airflow/example_dags/example_python_operator.py
[2025-01-03T09:53:09.351-0800] {processor.py:914} INFO - Processing file /opt/anaconda3/envs/airflow_env/lib/python3.9/site-packages/airflow/example_dags/example_python_operator.py for tasks to queue
[2025-01-03T09:53:09.353-0800] {logging_mixin.py:190} INFO - [2025-01-03T09:53:09.353-0800] {dagbag.py:588} INFO - Filling up the DagBag from /opt/anaconda3/envs/airflow_env/lib/python3.9/site-packages/airflow/example_dags/example_python_operator.py
[2025-01-03T09:53:09.385-0800] {logging_mixin.py:190} INFO - [2025-01-03T09:53:09.385-0800] {example_python_operator.py:93} WARNING - The virtalenv_python example task requires virtualenv, please install it.
[2025-01-03T09:53:09.392-0800] {processor.py:925} INFO - DAG(s) 'example_python_operator' retrieved from /opt/anaconda3/envs/airflow_env/lib/python3.9/site-packages/airflow/example_dags/example_python_operator.py
[2025-01-03T09:53:09.520-0800] {logging_mixin.py:190} INFO - [2025-01-03T09:53:09.519-0800] {dag.py:3239} INFO - Sync 1 DAGs
[2025-01-03T09:53:09.532-0800] {logging_mixin.py:190} INFO - [2025-01-03T09:53:09.532-0800] {dag.py:4180} INFO - Setting next_dagrun for example_python_operator to None, run_after=None
[2025-01-03T09:53:09.553-0800] {processor.py:208} INFO - Processing /opt/anaconda3/envs/airflow_env/lib/python3.9/site-packages/airflow/example_dags/example_python_operator.py took 0.208 seconds
[2025-01-03T09:56:51.043-0800] {processor.py:186} INFO - Started process (PID=46528) to work on /opt/anaconda3/envs/airflow_env/lib/python3.9/site-packages/airflow/example_dags/example_python_operator.py
[2025-01-03T09:56:51.048-0800] {processor.py:914} INFO - Processing file /opt/anaconda3/envs/airflow_env/lib/python3.9/site-packages/airflow/example_dags/example_python_operator.py for tasks to queue
[2025-01-03T09:56:51.049-0800] {logging_mixin.py:190} INFO - [2025-01-03T09:56:51.049-0800] {dagbag.py:588} INFO - Filling up the DagBag from /opt/anaconda3/envs/airflow_env/lib/python3.9/site-packages/airflow/example_dags/example_python_operator.py
[2025-01-03T09:56:51.081-0800] {logging_mixin.py:190} INFO - [2025-01-03T09:56:51.081-0800] {example_python_operator.py:93} WARNING - The virtalenv_python example task requires virtualenv, please install it.
[2025-01-03T09:56:51.090-0800] {processor.py:925} INFO - DAG(s) 'example_python_operator' retrieved from /opt/anaconda3/envs/airflow_env/lib/python3.9/site-packages/airflow/example_dags/example_python_operator.py
[2025-01-03T09:56:51.239-0800] {logging_mixin.py:190} INFO - [2025-01-03T09:56:51.239-0800] {dag.py:3239} INFO - Sync 1 DAGs
[2025-01-03T09:56:51.258-0800] {logging_mixin.py:190} INFO - [2025-01-03T09:56:51.258-0800] {dag.py:4180} INFO - Setting next_dagrun for example_python_operator to None, run_after=None
[2025-01-03T09:56:51.292-0800] {processor.py:208} INFO - Processing /opt/anaconda3/envs/airflow_env/lib/python3.9/site-packages/airflow/example_dags/example_python_operator.py took 0.253 seconds
[2025-01-03T10:00:38.544-0800] {processor.py:186} INFO - Started process (PID=46641) to work on /opt/anaconda3/envs/airflow_env/lib/python3.9/site-packages/airflow/example_dags/example_python_operator.py
[2025-01-03T10:00:38.546-0800] {processor.py:914} INFO - Processing file /opt/anaconda3/envs/airflow_env/lib/python3.9/site-packages/airflow/example_dags/example_python_operator.py for tasks to queue
[2025-01-03T10:00:38.548-0800] {logging_mixin.py:190} INFO - [2025-01-03T10:00:38.548-0800] {dagbag.py:588} INFO - Filling up the DagBag from /opt/anaconda3/envs/airflow_env/lib/python3.9/site-packages/airflow/example_dags/example_python_operator.py
[2025-01-03T10:00:38.583-0800] {logging_mixin.py:190} INFO - [2025-01-03T10:00:38.582-0800] {example_python_operator.py:93} WARNING - The virtalenv_python example task requires virtualenv, please install it.
[2025-01-03T10:00:38.587-0800] {processor.py:925} INFO - DAG(s) 'example_python_operator' retrieved from /opt/anaconda3/envs/airflow_env/lib/python3.9/site-packages/airflow/example_dags/example_python_operator.py
[2025-01-03T10:00:38.768-0800] {logging_mixin.py:190} INFO - [2025-01-03T10:00:38.768-0800] {dag.py:3239} INFO - Sync 1 DAGs
[2025-01-03T10:00:38.789-0800] {logging_mixin.py:190} INFO - [2025-01-03T10:00:38.788-0800] {dag.py:4180} INFO - Setting next_dagrun for example_python_operator to None, run_after=None
[2025-01-03T10:00:38.828-0800] {processor.py:208} INFO - Processing /opt/anaconda3/envs/airflow_env/lib/python3.9/site-packages/airflow/example_dags/example_python_operator.py took 0.289 seconds
[2025-01-03T10:04:41.286-0800] {processor.py:186} INFO - Started process (PID=46787) to work on /opt/anaconda3/envs/airflow_env/lib/python3.9/site-packages/airflow/example_dags/example_python_operator.py
[2025-01-03T10:04:41.290-0800] {processor.py:914} INFO - Processing file /opt/anaconda3/envs/airflow_env/lib/python3.9/site-packages/airflow/example_dags/example_python_operator.py for tasks to queue
[2025-01-03T10:04:41.291-0800] {logging_mixin.py:190} INFO - [2025-01-03T10:04:41.291-0800] {dagbag.py:588} INFO - Filling up the DagBag from /opt/anaconda3/envs/airflow_env/lib/python3.9/site-packages/airflow/example_dags/example_python_operator.py
[2025-01-03T10:04:41.325-0800] {logging_mixin.py:190} INFO - [2025-01-03T10:04:41.325-0800] {example_python_operator.py:93} WARNING - The virtalenv_python example task requires virtualenv, please install it.
[2025-01-03T10:04:41.330-0800] {processor.py:925} INFO - DAG(s) 'example_python_operator' retrieved from /opt/anaconda3/envs/airflow_env/lib/python3.9/site-packages/airflow/example_dags/example_python_operator.py
[2025-01-03T10:04:41.505-0800] {logging_mixin.py:190} INFO - [2025-01-03T10:04:41.504-0800] {dag.py:3239} INFO - Sync 1 DAGs
[2025-01-03T10:04:41.518-0800] {logging_mixin.py:190} INFO - [2025-01-03T10:04:41.518-0800] {dag.py:4180} INFO - Setting next_dagrun for example_python_operator to None, run_after=None
[2025-01-03T10:04:41.543-0800] {processor.py:208} INFO - Processing /opt/anaconda3/envs/airflow_env/lib/python3.9/site-packages/airflow/example_dags/example_python_operator.py took 0.262 seconds
[2025-01-03T10:08:17.864-0800] {processor.py:186} INFO - Started process (PID=46904) to work on /opt/anaconda3/envs/airflow_env/lib/python3.9/site-packages/airflow/example_dags/example_python_operator.py
[2025-01-03T10:08:17.866-0800] {processor.py:914} INFO - Processing file /opt/anaconda3/envs/airflow_env/lib/python3.9/site-packages/airflow/example_dags/example_python_operator.py for tasks to queue
[2025-01-03T10:08:17.867-0800] {logging_mixin.py:190} INFO - [2025-01-03T10:08:17.867-0800] {dagbag.py:588} INFO - Filling up the DagBag from /opt/anaconda3/envs/airflow_env/lib/python3.9/site-packages/airflow/example_dags/example_python_operator.py
[2025-01-03T10:08:17.896-0800] {logging_mixin.py:190} INFO - [2025-01-03T10:08:17.896-0800] {example_python_operator.py:93} WARNING - The virtalenv_python example task requires virtualenv, please install it.
[2025-01-03T10:08:17.901-0800] {processor.py:925} INFO - DAG(s) 'example_python_operator' retrieved from /opt/anaconda3/envs/airflow_env/lib/python3.9/site-packages/airflow/example_dags/example_python_operator.py
[2025-01-03T10:08:18.078-0800] {logging_mixin.py:190} INFO - [2025-01-03T10:08:18.078-0800] {dag.py:3239} INFO - Sync 1 DAGs
[2025-01-03T10:08:18.093-0800] {logging_mixin.py:190} INFO - [2025-01-03T10:08:18.093-0800] {dag.py:4180} INFO - Setting next_dagrun for example_python_operator to None, run_after=None
[2025-01-03T10:08:18.130-0800] {processor.py:208} INFO - Processing /opt/anaconda3/envs/airflow_env/lib/python3.9/site-packages/airflow/example_dags/example_python_operator.py took 0.271 seconds
[2025-01-03T10:11:42.189-0800] {processor.py:186} INFO - Started process (PID=47016) to work on /opt/anaconda3/envs/airflow_env/lib/python3.9/site-packages/airflow/example_dags/example_python_operator.py
[2025-01-03T10:11:42.192-0800] {processor.py:914} INFO - Processing file /opt/anaconda3/envs/airflow_env/lib/python3.9/site-packages/airflow/example_dags/example_python_operator.py for tasks to queue
[2025-01-03T10:11:42.193-0800] {logging_mixin.py:190} INFO - [2025-01-03T10:11:42.193-0800] {dagbag.py:588} INFO - Filling up the DagBag from /opt/anaconda3/envs/airflow_env/lib/python3.9/site-packages/airflow/example_dags/example_python_operator.py
[2025-01-03T10:11:42.223-0800] {logging_mixin.py:190} INFO - [2025-01-03T10:11:42.223-0800] {example_python_operator.py:93} WARNING - The virtalenv_python example task requires virtualenv, please install it.
[2025-01-03T10:11:42.228-0800] {processor.py:925} INFO - DAG(s) 'example_python_operator' retrieved from /opt/anaconda3/envs/airflow_env/lib/python3.9/site-packages/airflow/example_dags/example_python_operator.py
[2025-01-03T10:11:42.394-0800] {logging_mixin.py:190} INFO - [2025-01-03T10:11:42.394-0800] {dag.py:3239} INFO - Sync 1 DAGs
[2025-01-03T10:11:42.415-0800] {logging_mixin.py:190} INFO - [2025-01-03T10:11:42.415-0800] {dag.py:4180} INFO - Setting next_dagrun for example_python_operator to None, run_after=None
[2025-01-03T10:11:42.446-0800] {processor.py:208} INFO - Processing /opt/anaconda3/envs/airflow_env/lib/python3.9/site-packages/airflow/example_dags/example_python_operator.py took 0.263 seconds
[2025-01-03T10:15:14.845-0800] {processor.py:186} INFO - Started process (PID=47171) to work on /opt/anaconda3/envs/airflow_env/lib/python3.9/site-packages/airflow/example_dags/example_python_operator.py
[2025-01-03T10:15:14.848-0800] {processor.py:914} INFO - Processing file /opt/anaconda3/envs/airflow_env/lib/python3.9/site-packages/airflow/example_dags/example_python_operator.py for tasks to queue
[2025-01-03T10:15:14.852-0800] {logging_mixin.py:190} INFO - [2025-01-03T10:15:14.851-0800] {dagbag.py:588} INFO - Filling up the DagBag from /opt/anaconda3/envs/airflow_env/lib/python3.9/site-packages/airflow/example_dags/example_python_operator.py
[2025-01-03T10:15:14.876-0800] {logging_mixin.py:190} INFO - [2025-01-03T10:15:14.876-0800] {example_python_operator.py:93} WARNING - The virtalenv_python example task requires virtualenv, please install it.
[2025-01-03T10:15:14.880-0800] {processor.py:925} INFO - DAG(s) 'example_python_operator' retrieved from /opt/anaconda3/envs/airflow_env/lib/python3.9/site-packages/airflow/example_dags/example_python_operator.py
[2025-01-03T10:15:15.049-0800] {logging_mixin.py:190} INFO - [2025-01-03T10:15:15.048-0800] {dag.py:3239} INFO - Sync 1 DAGs
[2025-01-03T10:15:15.062-0800] {logging_mixin.py:190} INFO - [2025-01-03T10:15:15.061-0800] {dag.py:4180} INFO - Setting next_dagrun for example_python_operator to None, run_after=None
[2025-01-03T10:15:15.085-0800] {processor.py:208} INFO - Processing /opt/anaconda3/envs/airflow_env/lib/python3.9/site-packages/airflow/example_dags/example_python_operator.py took 0.246 seconds
[2025-01-03T10:19:16.490-0800] {processor.py:186} INFO - Started process (PID=47425) to work on /opt/anaconda3/envs/airflow_env/lib/python3.9/site-packages/airflow/example_dags/example_python_operator.py
[2025-01-03T10:19:16.493-0800] {processor.py:914} INFO - Processing file /opt/anaconda3/envs/airflow_env/lib/python3.9/site-packages/airflow/example_dags/example_python_operator.py for tasks to queue
[2025-01-03T10:19:16.496-0800] {logging_mixin.py:190} INFO - [2025-01-03T10:19:16.495-0800] {dagbag.py:588} INFO - Filling up the DagBag from /opt/anaconda3/envs/airflow_env/lib/python3.9/site-packages/airflow/example_dags/example_python_operator.py
[2025-01-03T10:19:16.533-0800] {logging_mixin.py:190} INFO - [2025-01-03T10:19:16.533-0800] {example_python_operator.py:93} WARNING - The virtalenv_python example task requires virtualenv, please install it.
[2025-01-03T10:19:16.538-0800] {processor.py:925} INFO - DAG(s) 'example_python_operator' retrieved from /opt/anaconda3/envs/airflow_env/lib/python3.9/site-packages/airflow/example_dags/example_python_operator.py
[2025-01-03T10:19:16.765-0800] {logging_mixin.py:190} INFO - [2025-01-03T10:19:16.765-0800] {dag.py:3239} INFO - Sync 1 DAGs
[2025-01-03T10:19:16.780-0800] {logging_mixin.py:190} INFO - [2025-01-03T10:19:16.779-0800] {dag.py:4180} INFO - Setting next_dagrun for example_python_operator to None, run_after=None
[2025-01-03T10:19:16.806-0800] {processor.py:208} INFO - Processing /opt/anaconda3/envs/airflow_env/lib/python3.9/site-packages/airflow/example_dags/example_python_operator.py took 0.321 seconds
[2025-01-03T10:23:16.976-0800] {processor.py:186} INFO - Started process (PID=47592) to work on /opt/anaconda3/envs/airflow_env/lib/python3.9/site-packages/airflow/example_dags/example_python_operator.py
[2025-01-03T10:23:16.981-0800] {processor.py:914} INFO - Processing file /opt/anaconda3/envs/airflow_env/lib/python3.9/site-packages/airflow/example_dags/example_python_operator.py for tasks to queue
[2025-01-03T10:23:16.985-0800] {logging_mixin.py:190} INFO - [2025-01-03T10:23:16.983-0800] {dagbag.py:588} INFO - Filling up the DagBag from /opt/anaconda3/envs/airflow_env/lib/python3.9/site-packages/airflow/example_dags/example_python_operator.py
[2025-01-03T10:23:17.264-0800] {logging_mixin.py:190} INFO - [2025-01-03T10:23:17.263-0800] {example_python_operator.py:93} WARNING - The virtalenv_python example task requires virtualenv, please install it.
[2025-01-03T10:23:17.300-0800] {processor.py:925} INFO - DAG(s) 'example_python_operator' retrieved from /opt/anaconda3/envs/airflow_env/lib/python3.9/site-packages/airflow/example_dags/example_python_operator.py
[2025-01-03T10:23:17.551-0800] {logging_mixin.py:190} INFO - [2025-01-03T10:23:17.550-0800] {dag.py:3239} INFO - Sync 1 DAGs
[2025-01-03T10:23:17.581-0800] {logging_mixin.py:190} INFO - [2025-01-03T10:23:17.581-0800] {dag.py:4180} INFO - Setting next_dagrun for example_python_operator to None, run_after=None
[2025-01-03T10:23:17.628-0800] {processor.py:208} INFO - Processing /opt/anaconda3/envs/airflow_env/lib/python3.9/site-packages/airflow/example_dags/example_python_operator.py took 0.657 seconds
[2025-01-03T10:27:24.994-0800] {processor.py:186} INFO - Started process (PID=47715) to work on /opt/anaconda3/envs/airflow_env/lib/python3.9/site-packages/airflow/example_dags/example_python_operator.py
[2025-01-03T10:27:24.997-0800] {processor.py:914} INFO - Processing file /opt/anaconda3/envs/airflow_env/lib/python3.9/site-packages/airflow/example_dags/example_python_operator.py for tasks to queue
[2025-01-03T10:27:24.998-0800] {logging_mixin.py:190} INFO - [2025-01-03T10:27:24.998-0800] {dagbag.py:588} INFO - Filling up the DagBag from /opt/anaconda3/envs/airflow_env/lib/python3.9/site-packages/airflow/example_dags/example_python_operator.py
[2025-01-03T10:27:25.032-0800] {logging_mixin.py:190} INFO - [2025-01-03T10:27:25.032-0800] {example_python_operator.py:93} WARNING - The virtalenv_python example task requires virtualenv, please install it.
[2025-01-03T10:27:25.042-0800] {processor.py:925} INFO - DAG(s) 'example_python_operator' retrieved from /opt/anaconda3/envs/airflow_env/lib/python3.9/site-packages/airflow/example_dags/example_python_operator.py
[2025-01-03T10:27:25.334-0800] {logging_mixin.py:190} INFO - [2025-01-03T10:27:25.334-0800] {dag.py:3239} INFO - Sync 1 DAGs
[2025-01-03T10:27:25.358-0800] {logging_mixin.py:190} INFO - [2025-01-03T10:27:25.358-0800] {dag.py:4180} INFO - Setting next_dagrun for example_python_operator to None, run_after=None
[2025-01-03T10:27:25.389-0800] {processor.py:208} INFO - Processing /opt/anaconda3/envs/airflow_env/lib/python3.9/site-packages/airflow/example_dags/example_python_operator.py took 0.400 seconds
[2025-01-03T10:31:49.942-0800] {processor.py:186} INFO - Started process (PID=47841) to work on /opt/anaconda3/envs/airflow_env/lib/python3.9/site-packages/airflow/example_dags/example_python_operator.py
[2025-01-03T10:31:49.945-0800] {processor.py:914} INFO - Processing file /opt/anaconda3/envs/airflow_env/lib/python3.9/site-packages/airflow/example_dags/example_python_operator.py for tasks to queue
[2025-01-03T10:31:49.947-0800] {logging_mixin.py:190} INFO - [2025-01-03T10:31:49.947-0800] {dagbag.py:588} INFO - Filling up the DagBag from /opt/anaconda3/envs/airflow_env/lib/python3.9/site-packages/airflow/example_dags/example_python_operator.py
[2025-01-03T10:31:49.976-0800] {logging_mixin.py:190} INFO - [2025-01-03T10:31:49.976-0800] {example_python_operator.py:93} WARNING - The virtalenv_python example task requires virtualenv, please install it.
[2025-01-03T10:31:49.982-0800] {processor.py:925} INFO - DAG(s) 'example_python_operator' retrieved from /opt/anaconda3/envs/airflow_env/lib/python3.9/site-packages/airflow/example_dags/example_python_operator.py
[2025-01-03T10:31:50.203-0800] {logging_mixin.py:190} INFO - [2025-01-03T10:31:50.203-0800] {dag.py:3239} INFO - Sync 1 DAGs
[2025-01-03T10:31:50.218-0800] {logging_mixin.py:190} INFO - [2025-01-03T10:31:50.218-0800] {dag.py:4180} INFO - Setting next_dagrun for example_python_operator to None, run_after=None
[2025-01-03T10:31:50.243-0800] {processor.py:208} INFO - Processing /opt/anaconda3/envs/airflow_env/lib/python3.9/site-packages/airflow/example_dags/example_python_operator.py took 0.306 seconds
[2025-01-03T10:36:11.057-0800] {processor.py:186} INFO - Started process (PID=47980) to work on /opt/anaconda3/envs/airflow_env/lib/python3.9/site-packages/airflow/example_dags/example_python_operator.py
[2025-01-03T10:36:11.062-0800] {processor.py:914} INFO - Processing file /opt/anaconda3/envs/airflow_env/lib/python3.9/site-packages/airflow/example_dags/example_python_operator.py for tasks to queue
[2025-01-03T10:36:11.065-0800] {logging_mixin.py:190} INFO - [2025-01-03T10:36:11.064-0800] {dagbag.py:588} INFO - Filling up the DagBag from /opt/anaconda3/envs/airflow_env/lib/python3.9/site-packages/airflow/example_dags/example_python_operator.py
[2025-01-03T10:36:11.106-0800] {logging_mixin.py:190} INFO - [2025-01-03T10:36:11.105-0800] {example_python_operator.py:93} WARNING - The virtalenv_python example task requires virtualenv, please install it.
[2025-01-03T10:36:11.111-0800] {processor.py:925} INFO - DAG(s) 'example_python_operator' retrieved from /opt/anaconda3/envs/airflow_env/lib/python3.9/site-packages/airflow/example_dags/example_python_operator.py
[2025-01-03T10:36:11.451-0800] {logging_mixin.py:190} INFO - [2025-01-03T10:36:11.450-0800] {dag.py:3239} INFO - Sync 1 DAGs
[2025-01-03T10:36:11.492-0800] {logging_mixin.py:190} INFO - [2025-01-03T10:36:11.492-0800] {dag.py:4180} INFO - Setting next_dagrun for example_python_operator to None, run_after=None
[2025-01-03T10:36:11.553-0800] {processor.py:208} INFO - Processing /opt/anaconda3/envs/airflow_env/lib/python3.9/site-packages/airflow/example_dags/example_python_operator.py took 0.504 seconds
[2025-01-03T10:40:29.706-0800] {processor.py:186} INFO - Started process (PID=48108) to work on /opt/anaconda3/envs/airflow_env/lib/python3.9/site-packages/airflow/example_dags/example_python_operator.py
[2025-01-03T10:40:29.714-0800] {processor.py:914} INFO - Processing file /opt/anaconda3/envs/airflow_env/lib/python3.9/site-packages/airflow/example_dags/example_python_operator.py for tasks to queue
[2025-01-03T10:40:29.715-0800] {logging_mixin.py:190} INFO - [2025-01-03T10:40:29.715-0800] {dagbag.py:588} INFO - Filling up the DagBag from /opt/anaconda3/envs/airflow_env/lib/python3.9/site-packages/airflow/example_dags/example_python_operator.py
[2025-01-03T10:40:29.924-0800] {logging_mixin.py:190} INFO - [2025-01-03T10:40:29.924-0800] {example_python_operator.py:93} WARNING - The virtalenv_python example task requires virtualenv, please install it.
[2025-01-03T10:40:29.953-0800] {processor.py:925} INFO - DAG(s) 'example_python_operator' retrieved from /opt/anaconda3/envs/airflow_env/lib/python3.9/site-packages/airflow/example_dags/example_python_operator.py
[2025-01-03T10:40:30.317-0800] {logging_mixin.py:190} INFO - [2025-01-03T10:40:30.317-0800] {dag.py:3239} INFO - Sync 1 DAGs
[2025-01-03T10:40:30.346-0800] {logging_mixin.py:190} INFO - [2025-01-03T10:40:30.346-0800] {dag.py:4180} INFO - Setting next_dagrun for example_python_operator to None, run_after=None
[2025-01-03T10:40:30.509-0800] {processor.py:208} INFO - Processing /opt/anaconda3/envs/airflow_env/lib/python3.9/site-packages/airflow/example_dags/example_python_operator.py took 0.837 seconds
[2025-01-03T10:44:23.882-0800] {processor.py:186} INFO - Started process (PID=48227) to work on /opt/anaconda3/envs/airflow_env/lib/python3.9/site-packages/airflow/example_dags/example_python_operator.py
[2025-01-03T10:44:23.885-0800] {processor.py:914} INFO - Processing file /opt/anaconda3/envs/airflow_env/lib/python3.9/site-packages/airflow/example_dags/example_python_operator.py for tasks to queue
[2025-01-03T10:44:23.887-0800] {logging_mixin.py:190} INFO - [2025-01-03T10:44:23.887-0800] {dagbag.py:588} INFO - Filling up the DagBag from /opt/anaconda3/envs/airflow_env/lib/python3.9/site-packages/airflow/example_dags/example_python_operator.py
[2025-01-03T10:44:23.914-0800] {logging_mixin.py:190} INFO - [2025-01-03T10:44:23.914-0800] {example_python_operator.py:93} WARNING - The virtalenv_python example task requires virtualenv, please install it.
[2025-01-03T10:44:23.918-0800] {processor.py:925} INFO - DAG(s) 'example_python_operator' retrieved from /opt/anaconda3/envs/airflow_env/lib/python3.9/site-packages/airflow/example_dags/example_python_operator.py
[2025-01-03T10:44:24.070-0800] {logging_mixin.py:190} INFO - [2025-01-03T10:44:24.069-0800] {dag.py:3239} INFO - Sync 1 DAGs
[2025-01-03T10:44:24.086-0800] {logging_mixin.py:190} INFO - [2025-01-03T10:44:24.086-0800] {dag.py:4180} INFO - Setting next_dagrun for example_python_operator to None, run_after=None
[2025-01-03T10:44:24.117-0800] {processor.py:208} INFO - Processing /opt/anaconda3/envs/airflow_env/lib/python3.9/site-packages/airflow/example_dags/example_python_operator.py took 0.239 seconds
[2025-01-03T10:48:20.915-0800] {processor.py:186} INFO - Started process (PID=48365) to work on /opt/anaconda3/envs/airflow_env/lib/python3.9/site-packages/airflow/example_dags/example_python_operator.py
[2025-01-03T10:48:20.918-0800] {processor.py:914} INFO - Processing file /opt/anaconda3/envs/airflow_env/lib/python3.9/site-packages/airflow/example_dags/example_python_operator.py for tasks to queue
[2025-01-03T10:48:20.919-0800] {logging_mixin.py:190} INFO - [2025-01-03T10:48:20.919-0800] {dagbag.py:588} INFO - Filling up the DagBag from /opt/anaconda3/envs/airflow_env/lib/python3.9/site-packages/airflow/example_dags/example_python_operator.py
[2025-01-03T10:48:20.950-0800] {logging_mixin.py:190} INFO - [2025-01-03T10:48:20.950-0800] {example_python_operator.py:93} WARNING - The virtalenv_python example task requires virtualenv, please install it.
[2025-01-03T10:48:20.954-0800] {processor.py:925} INFO - DAG(s) 'example_python_operator' retrieved from /opt/anaconda3/envs/airflow_env/lib/python3.9/site-packages/airflow/example_dags/example_python_operator.py
[2025-01-03T10:48:21.112-0800] {logging_mixin.py:190} INFO - [2025-01-03T10:48:21.111-0800] {dag.py:3239} INFO - Sync 1 DAGs
[2025-01-03T10:48:21.128-0800] {logging_mixin.py:190} INFO - [2025-01-03T10:48:21.128-0800] {dag.py:4180} INFO - Setting next_dagrun for example_python_operator to None, run_after=None
[2025-01-03T10:48:21.152-0800] {processor.py:208} INFO - Processing /opt/anaconda3/envs/airflow_env/lib/python3.9/site-packages/airflow/example_dags/example_python_operator.py took 0.240 seconds
[2025-01-03T10:52:35.803-0800] {processor.py:186} INFO - Started process (PID=48573) to work on /opt/anaconda3/envs/airflow_env/lib/python3.9/site-packages/airflow/example_dags/example_python_operator.py
[2025-01-03T10:52:35.806-0800] {processor.py:914} INFO - Processing file /opt/anaconda3/envs/airflow_env/lib/python3.9/site-packages/airflow/example_dags/example_python_operator.py for tasks to queue
[2025-01-03T10:52:35.810-0800] {logging_mixin.py:190} INFO - [2025-01-03T10:52:35.808-0800] {dagbag.py:588} INFO - Filling up the DagBag from /opt/anaconda3/envs/airflow_env/lib/python3.9/site-packages/airflow/example_dags/example_python_operator.py
[2025-01-03T10:52:35.879-0800] {logging_mixin.py:190} INFO - [2025-01-03T10:52:35.878-0800] {example_python_operator.py:93} WARNING - The virtalenv_python example task requires virtualenv, please install it.
[2025-01-03T10:52:35.884-0800] {processor.py:925} INFO - DAG(s) 'example_python_operator' retrieved from /opt/anaconda3/envs/airflow_env/lib/python3.9/site-packages/airflow/example_dags/example_python_operator.py
[2025-01-03T10:52:36.182-0800] {logging_mixin.py:190} INFO - [2025-01-03T10:52:36.182-0800] {dag.py:3239} INFO - Sync 1 DAGs
[2025-01-03T10:52:36.200-0800] {logging_mixin.py:190} INFO - [2025-01-03T10:52:36.200-0800] {dag.py:4180} INFO - Setting next_dagrun for example_python_operator to None, run_after=None
[2025-01-03T10:52:36.285-0800] {processor.py:208} INFO - Processing /opt/anaconda3/envs/airflow_env/lib/python3.9/site-packages/airflow/example_dags/example_python_operator.py took 0.490 seconds
[2025-01-03T10:56:50.215-0800] {processor.py:186} INFO - Started process (PID=48784) to work on /opt/anaconda3/envs/airflow_env/lib/python3.9/site-packages/airflow/example_dags/example_python_operator.py
[2025-01-03T10:56:50.218-0800] {processor.py:914} INFO - Processing file /opt/anaconda3/envs/airflow_env/lib/python3.9/site-packages/airflow/example_dags/example_python_operator.py for tasks to queue
[2025-01-03T10:56:50.220-0800] {logging_mixin.py:190} INFO - [2025-01-03T10:56:50.219-0800] {dagbag.py:588} INFO - Filling up the DagBag from /opt/anaconda3/envs/airflow_env/lib/python3.9/site-packages/airflow/example_dags/example_python_operator.py
[2025-01-03T10:56:50.253-0800] {logging_mixin.py:190} INFO - [2025-01-03T10:56:50.253-0800] {example_python_operator.py:93} WARNING - The virtalenv_python example task requires virtualenv, please install it.
[2025-01-03T10:56:50.258-0800] {processor.py:925} INFO - DAG(s) 'example_python_operator' retrieved from /opt/anaconda3/envs/airflow_env/lib/python3.9/site-packages/airflow/example_dags/example_python_operator.py
[2025-01-03T10:56:50.434-0800] {logging_mixin.py:190} INFO - [2025-01-03T10:56:50.433-0800] {dag.py:3239} INFO - Sync 1 DAGs
[2025-01-03T10:56:50.456-0800] {logging_mixin.py:190} INFO - [2025-01-03T10:56:50.456-0800] {dag.py:4180} INFO - Setting next_dagrun for example_python_operator to None, run_after=None
[2025-01-03T10:56:50.483-0800] {processor.py:208} INFO - Processing /opt/anaconda3/envs/airflow_env/lib/python3.9/site-packages/airflow/example_dags/example_python_operator.py took 0.276 seconds
[2025-01-03T11:01:11.550-0800] {processor.py:186} INFO - Started process (PID=48910) to work on /opt/anaconda3/envs/airflow_env/lib/python3.9/site-packages/airflow/example_dags/example_python_operator.py
[2025-01-03T11:01:11.553-0800] {processor.py:914} INFO - Processing file /opt/anaconda3/envs/airflow_env/lib/python3.9/site-packages/airflow/example_dags/example_python_operator.py for tasks to queue
[2025-01-03T11:01:11.556-0800] {logging_mixin.py:190} INFO - [2025-01-03T11:01:11.555-0800] {dagbag.py:588} INFO - Filling up the DagBag from /opt/anaconda3/envs/airflow_env/lib/python3.9/site-packages/airflow/example_dags/example_python_operator.py
[2025-01-03T11:01:11.635-0800] {logging_mixin.py:190} INFO - [2025-01-03T11:01:11.635-0800] {example_python_operator.py:93} WARNING - The virtalenv_python example task requires virtualenv, please install it.
[2025-01-03T11:01:11.643-0800] {processor.py:925} INFO - DAG(s) 'example_python_operator' retrieved from /opt/anaconda3/envs/airflow_env/lib/python3.9/site-packages/airflow/example_dags/example_python_operator.py
[2025-01-03T11:01:11.960-0800] {logging_mixin.py:190} INFO - [2025-01-03T11:01:11.959-0800] {dag.py:3239} INFO - Sync 1 DAGs
[2025-01-03T11:01:12.009-0800] {logging_mixin.py:190} INFO - [2025-01-03T11:01:12.009-0800] {dag.py:4180} INFO - Setting next_dagrun for example_python_operator to None, run_after=None
[2025-01-03T11:01:12.050-0800] {processor.py:208} INFO - Processing /opt/anaconda3/envs/airflow_env/lib/python3.9/site-packages/airflow/example_dags/example_python_operator.py took 0.507 seconds
[2025-01-03T11:05:52.258-0800] {processor.py:186} INFO - Started process (PID=49100) to work on /opt/anaconda3/envs/airflow_env/lib/python3.9/site-packages/airflow/example_dags/example_python_operator.py
[2025-01-03T11:05:52.261-0800] {processor.py:914} INFO - Processing file /opt/anaconda3/envs/airflow_env/lib/python3.9/site-packages/airflow/example_dags/example_python_operator.py for tasks to queue
[2025-01-03T11:05:52.263-0800] {logging_mixin.py:190} INFO - [2025-01-03T11:05:52.262-0800] {dagbag.py:588} INFO - Filling up the DagBag from /opt/anaconda3/envs/airflow_env/lib/python3.9/site-packages/airflow/example_dags/example_python_operator.py
[2025-01-03T11:05:52.288-0800] {logging_mixin.py:190} INFO - [2025-01-03T11:05:52.288-0800] {example_python_operator.py:93} WARNING - The virtalenv_python example task requires virtualenv, please install it.
[2025-01-03T11:05:52.293-0800] {processor.py:925} INFO - DAG(s) 'example_python_operator' retrieved from /opt/anaconda3/envs/airflow_env/lib/python3.9/site-packages/airflow/example_dags/example_python_operator.py
[2025-01-03T11:05:52.457-0800] {logging_mixin.py:190} INFO - [2025-01-03T11:05:52.456-0800] {dag.py:3239} INFO - Sync 1 DAGs
[2025-01-03T11:05:52.476-0800] {logging_mixin.py:190} INFO - [2025-01-03T11:05:52.476-0800] {dag.py:4180} INFO - Setting next_dagrun for example_python_operator to None, run_after=None
[2025-01-03T11:05:52.523-0800] {processor.py:208} INFO - Processing /opt/anaconda3/envs/airflow_env/lib/python3.9/site-packages/airflow/example_dags/example_python_operator.py took 0.272 seconds
[2025-01-03T11:09:59.933-0800] {processor.py:186} INFO - Started process (PID=49235) to work on /opt/anaconda3/envs/airflow_env/lib/python3.9/site-packages/airflow/example_dags/example_python_operator.py
[2025-01-03T11:09:59.936-0800] {processor.py:914} INFO - Processing file /opt/anaconda3/envs/airflow_env/lib/python3.9/site-packages/airflow/example_dags/example_python_operator.py for tasks to queue
[2025-01-03T11:09:59.937-0800] {logging_mixin.py:190} INFO - [2025-01-03T11:09:59.937-0800] {dagbag.py:588} INFO - Filling up the DagBag from /opt/anaconda3/envs/airflow_env/lib/python3.9/site-packages/airflow/example_dags/example_python_operator.py
[2025-01-03T11:09:59.962-0800] {logging_mixin.py:190} INFO - [2025-01-03T11:09:59.962-0800] {example_python_operator.py:93} WARNING - The virtalenv_python example task requires virtualenv, please install it.
[2025-01-03T11:09:59.968-0800] {processor.py:925} INFO - DAG(s) 'example_python_operator' retrieved from /opt/anaconda3/envs/airflow_env/lib/python3.9/site-packages/airflow/example_dags/example_python_operator.py
[2025-01-03T11:10:00.121-0800] {logging_mixin.py:190} INFO - [2025-01-03T11:10:00.120-0800] {dag.py:3239} INFO - Sync 1 DAGs
[2025-01-03T11:10:00.138-0800] {logging_mixin.py:190} INFO - [2025-01-03T11:10:00.138-0800] {dag.py:4180} INFO - Setting next_dagrun for example_python_operator to None, run_after=None
[2025-01-03T11:10:00.171-0800] {processor.py:208} INFO - Processing /opt/anaconda3/envs/airflow_env/lib/python3.9/site-packages/airflow/example_dags/example_python_operator.py took 0.243 seconds
[2025-01-03T11:14:44.615-0800] {processor.py:186} INFO - Started process (PID=49608) to work on /opt/anaconda3/envs/airflow_env/lib/python3.9/site-packages/airflow/example_dags/example_python_operator.py
[2025-01-03T11:14:44.618-0800] {processor.py:914} INFO - Processing file /opt/anaconda3/envs/airflow_env/lib/python3.9/site-packages/airflow/example_dags/example_python_operator.py for tasks to queue
[2025-01-03T11:14:44.619-0800] {logging_mixin.py:190} INFO - [2025-01-03T11:14:44.619-0800] {dagbag.py:588} INFO - Filling up the DagBag from /opt/anaconda3/envs/airflow_env/lib/python3.9/site-packages/airflow/example_dags/example_python_operator.py
[2025-01-03T11:14:44.651-0800] {logging_mixin.py:190} INFO - [2025-01-03T11:14:44.651-0800] {example_python_operator.py:93} WARNING - The virtalenv_python example task requires virtualenv, please install it.
[2025-01-03T11:14:44.658-0800] {processor.py:925} INFO - DAG(s) 'example_python_operator' retrieved from /opt/anaconda3/envs/airflow_env/lib/python3.9/site-packages/airflow/example_dags/example_python_operator.py
[2025-01-03T11:14:44.805-0800] {logging_mixin.py:190} INFO - [2025-01-03T11:14:44.804-0800] {dag.py:3239} INFO - Sync 1 DAGs
[2025-01-03T11:14:44.819-0800] {logging_mixin.py:190} INFO - [2025-01-03T11:14:44.819-0800] {dag.py:4180} INFO - Setting next_dagrun for example_python_operator to None, run_after=None
[2025-01-03T11:14:44.846-0800] {processor.py:208} INFO - Processing /opt/anaconda3/envs/airflow_env/lib/python3.9/site-packages/airflow/example_dags/example_python_operator.py took 0.238 seconds
[2025-01-03T11:19:14.541-0800] {processor.py:186} INFO - Started process (PID=49784) to work on /opt/anaconda3/envs/airflow_env/lib/python3.9/site-packages/airflow/example_dags/example_python_operator.py
[2025-01-03T11:19:14.546-0800] {processor.py:914} INFO - Processing file /opt/anaconda3/envs/airflow_env/lib/python3.9/site-packages/airflow/example_dags/example_python_operator.py for tasks to queue
[2025-01-03T11:19:14.548-0800] {logging_mixin.py:190} INFO - [2025-01-03T11:19:14.547-0800] {dagbag.py:588} INFO - Filling up the DagBag from /opt/anaconda3/envs/airflow_env/lib/python3.9/site-packages/airflow/example_dags/example_python_operator.py
[2025-01-03T11:19:14.605-0800] {logging_mixin.py:190} INFO - [2025-01-03T11:19:14.605-0800] {example_python_operator.py:93} WARNING - The virtalenv_python example task requires virtualenv, please install it.
[2025-01-03T11:19:14.609-0800] {processor.py:925} INFO - DAG(s) 'example_python_operator' retrieved from /opt/anaconda3/envs/airflow_env/lib/python3.9/site-packages/airflow/example_dags/example_python_operator.py
[2025-01-03T11:19:14.778-0800] {logging_mixin.py:190} INFO - [2025-01-03T11:19:14.778-0800] {dag.py:3239} INFO - Sync 1 DAGs
[2025-01-03T11:19:14.796-0800] {logging_mixin.py:190} INFO - [2025-01-03T11:19:14.795-0800] {dag.py:4180} INFO - Setting next_dagrun for example_python_operator to None, run_after=None
[2025-01-03T11:19:14.826-0800] {processor.py:208} INFO - Processing /opt/anaconda3/envs/airflow_env/lib/python3.9/site-packages/airflow/example_dags/example_python_operator.py took 0.293 seconds
[2025-01-03T11:23:33.537-0800] {processor.py:186} INFO - Started process (PID=49939) to work on /opt/anaconda3/envs/airflow_env/lib/python3.9/site-packages/airflow/example_dags/example_python_operator.py
[2025-01-03T11:23:33.540-0800] {processor.py:914} INFO - Processing file /opt/anaconda3/envs/airflow_env/lib/python3.9/site-packages/airflow/example_dags/example_python_operator.py for tasks to queue
[2025-01-03T11:23:33.541-0800] {logging_mixin.py:190} INFO - [2025-01-03T11:23:33.541-0800] {dagbag.py:588} INFO - Filling up the DagBag from /opt/anaconda3/envs/airflow_env/lib/python3.9/site-packages/airflow/example_dags/example_python_operator.py
[2025-01-03T11:23:33.577-0800] {logging_mixin.py:190} INFO - [2025-01-03T11:23:33.577-0800] {example_python_operator.py:93} WARNING - The virtalenv_python example task requires virtualenv, please install it.
[2025-01-03T11:23:33.582-0800] {processor.py:925} INFO - DAG(s) 'example_python_operator' retrieved from /opt/anaconda3/envs/airflow_env/lib/python3.9/site-packages/airflow/example_dags/example_python_operator.py
[2025-01-03T11:23:33.785-0800] {logging_mixin.py:190} INFO - [2025-01-03T11:23:33.785-0800] {dag.py:3239} INFO - Sync 1 DAGs
[2025-01-03T11:23:33.803-0800] {logging_mixin.py:190} INFO - [2025-01-03T11:23:33.803-0800] {dag.py:4180} INFO - Setting next_dagrun for example_python_operator to None, run_after=None
[2025-01-03T11:23:33.845-0800] {processor.py:208} INFO - Processing /opt/anaconda3/envs/airflow_env/lib/python3.9/site-packages/airflow/example_dags/example_python_operator.py took 0.318 seconds
[2025-01-03T11:28:15.989-0800] {processor.py:186} INFO - Started process (PID=50093) to work on /opt/anaconda3/envs/airflow_env/lib/python3.9/site-packages/airflow/example_dags/example_python_operator.py
[2025-01-03T11:28:15.991-0800] {processor.py:914} INFO - Processing file /opt/anaconda3/envs/airflow_env/lib/python3.9/site-packages/airflow/example_dags/example_python_operator.py for tasks to queue
[2025-01-03T11:28:15.993-0800] {logging_mixin.py:190} INFO - [2025-01-03T11:28:15.992-0800] {dagbag.py:588} INFO - Filling up the DagBag from /opt/anaconda3/envs/airflow_env/lib/python3.9/site-packages/airflow/example_dags/example_python_operator.py
[2025-01-03T11:28:16.045-0800] {logging_mixin.py:190} INFO - [2025-01-03T11:28:16.044-0800] {example_python_operator.py:93} WARNING - The virtalenv_python example task requires virtualenv, please install it.
[2025-01-03T11:28:16.053-0800] {processor.py:925} INFO - DAG(s) 'example_python_operator' retrieved from /opt/anaconda3/envs/airflow_env/lib/python3.9/site-packages/airflow/example_dags/example_python_operator.py
[2025-01-03T11:28:16.257-0800] {logging_mixin.py:190} INFO - [2025-01-03T11:28:16.257-0800] {dag.py:3239} INFO - Sync 1 DAGs
[2025-01-03T11:28:16.274-0800] {logging_mixin.py:190} INFO - [2025-01-03T11:28:16.273-0800] {dag.py:4180} INFO - Setting next_dagrun for example_python_operator to None, run_after=None
[2025-01-03T11:28:16.314-0800] {processor.py:208} INFO - Processing /opt/anaconda3/envs/airflow_env/lib/python3.9/site-packages/airflow/example_dags/example_python_operator.py took 0.335 seconds
[2025-01-03T11:32:52.831-0800] {processor.py:186} INFO - Started process (PID=50303) to work on /opt/anaconda3/envs/airflow_env/lib/python3.9/site-packages/airflow/example_dags/example_python_operator.py
[2025-01-03T11:32:52.834-0800] {processor.py:914} INFO - Processing file /opt/anaconda3/envs/airflow_env/lib/python3.9/site-packages/airflow/example_dags/example_python_operator.py for tasks to queue
[2025-01-03T11:32:52.835-0800] {logging_mixin.py:190} INFO - [2025-01-03T11:32:52.835-0800] {dagbag.py:588} INFO - Filling up the DagBag from /opt/anaconda3/envs/airflow_env/lib/python3.9/site-packages/airflow/example_dags/example_python_operator.py
[2025-01-03T11:32:52.865-0800] {logging_mixin.py:190} INFO - [2025-01-03T11:32:52.864-0800] {example_python_operator.py:93} WARNING - The virtalenv_python example task requires virtualenv, please install it.
[2025-01-03T11:32:52.871-0800] {processor.py:925} INFO - DAG(s) 'example_python_operator' retrieved from /opt/anaconda3/envs/airflow_env/lib/python3.9/site-packages/airflow/example_dags/example_python_operator.py
[2025-01-03T11:32:53.029-0800] {logging_mixin.py:190} INFO - [2025-01-03T11:32:53.028-0800] {dag.py:3239} INFO - Sync 1 DAGs
[2025-01-03T11:32:53.043-0800] {logging_mixin.py:190} INFO - [2025-01-03T11:32:53.043-0800] {dag.py:4180} INFO - Setting next_dagrun for example_python_operator to None, run_after=None
[2025-01-03T11:32:53.070-0800] {processor.py:208} INFO - Processing /opt/anaconda3/envs/airflow_env/lib/python3.9/site-packages/airflow/example_dags/example_python_operator.py took 0.243 seconds
[2025-01-03T11:37:39.756-0800] {processor.py:186} INFO - Started process (PID=50500) to work on /opt/anaconda3/envs/airflow_env/lib/python3.9/site-packages/airflow/example_dags/example_python_operator.py
[2025-01-03T11:37:39.759-0800] {processor.py:914} INFO - Processing file /opt/anaconda3/envs/airflow_env/lib/python3.9/site-packages/airflow/example_dags/example_python_operator.py for tasks to queue
[2025-01-03T11:37:39.761-0800] {logging_mixin.py:190} INFO - [2025-01-03T11:37:39.761-0800] {dagbag.py:588} INFO - Filling up the DagBag from /opt/anaconda3/envs/airflow_env/lib/python3.9/site-packages/airflow/example_dags/example_python_operator.py
[2025-01-03T11:37:39.788-0800] {logging_mixin.py:190} INFO - [2025-01-03T11:37:39.788-0800] {example_python_operator.py:93} WARNING - The virtalenv_python example task requires virtualenv, please install it.
[2025-01-03T11:37:39.792-0800] {processor.py:925} INFO - DAG(s) 'example_python_operator' retrieved from /opt/anaconda3/envs/airflow_env/lib/python3.9/site-packages/airflow/example_dags/example_python_operator.py
[2025-01-03T11:37:39.935-0800] {logging_mixin.py:190} INFO - [2025-01-03T11:37:39.934-0800] {dag.py:3239} INFO - Sync 1 DAGs
[2025-01-03T11:37:39.950-0800] {logging_mixin.py:190} INFO - [2025-01-03T11:37:39.950-0800] {dag.py:4180} INFO - Setting next_dagrun for example_python_operator to None, run_after=None
[2025-01-03T11:37:39.977-0800] {processor.py:208} INFO - Processing /opt/anaconda3/envs/airflow_env/lib/python3.9/site-packages/airflow/example_dags/example_python_operator.py took 0.226 seconds
[2025-01-03T11:42:16.674-0800] {processor.py:186} INFO - Started process (PID=50681) to work on /opt/anaconda3/envs/airflow_env/lib/python3.9/site-packages/airflow/example_dags/example_python_operator.py
[2025-01-03T11:42:16.677-0800] {processor.py:914} INFO - Processing file /opt/anaconda3/envs/airflow_env/lib/python3.9/site-packages/airflow/example_dags/example_python_operator.py for tasks to queue
[2025-01-03T11:42:16.679-0800] {logging_mixin.py:190} INFO - [2025-01-03T11:42:16.678-0800] {dagbag.py:588} INFO - Filling up the DagBag from /opt/anaconda3/envs/airflow_env/lib/python3.9/site-packages/airflow/example_dags/example_python_operator.py
[2025-01-03T11:42:16.707-0800] {logging_mixin.py:190} INFO - [2025-01-03T11:42:16.707-0800] {example_python_operator.py:93} WARNING - The virtalenv_python example task requires virtualenv, please install it.
[2025-01-03T11:42:16.713-0800] {processor.py:925} INFO - DAG(s) 'example_python_operator' retrieved from /opt/anaconda3/envs/airflow_env/lib/python3.9/site-packages/airflow/example_dags/example_python_operator.py
[2025-01-03T11:42:16.865-0800] {logging_mixin.py:190} INFO - [2025-01-03T11:42:16.865-0800] {dag.py:3239} INFO - Sync 1 DAGs
[2025-01-03T11:42:16.878-0800] {logging_mixin.py:190} INFO - [2025-01-03T11:42:16.878-0800] {dag.py:4180} INFO - Setting next_dagrun for example_python_operator to None, run_after=None
[2025-01-03T11:42:16.912-0800] {processor.py:208} INFO - Processing /opt/anaconda3/envs/airflow_env/lib/python3.9/site-packages/airflow/example_dags/example_python_operator.py took 0.242 seconds
[2025-01-03T11:47:15.415-0800] {processor.py:186} INFO - Started process (PID=50887) to work on /opt/anaconda3/envs/airflow_env/lib/python3.9/site-packages/airflow/example_dags/example_python_operator.py
[2025-01-03T11:47:15.418-0800] {processor.py:914} INFO - Processing file /opt/anaconda3/envs/airflow_env/lib/python3.9/site-packages/airflow/example_dags/example_python_operator.py for tasks to queue
[2025-01-03T11:47:15.420-0800] {logging_mixin.py:190} INFO - [2025-01-03T11:47:15.419-0800] {dagbag.py:588} INFO - Filling up the DagBag from /opt/anaconda3/envs/airflow_env/lib/python3.9/site-packages/airflow/example_dags/example_python_operator.py
[2025-01-03T11:47:15.454-0800] {logging_mixin.py:190} INFO - [2025-01-03T11:47:15.453-0800] {example_python_operator.py:93} WARNING - The virtalenv_python example task requires virtualenv, please install it.
[2025-01-03T11:47:15.462-0800] {processor.py:925} INFO - DAG(s) 'example_python_operator' retrieved from /opt/anaconda3/envs/airflow_env/lib/python3.9/site-packages/airflow/example_dags/example_python_operator.py
[2025-01-03T11:47:15.624-0800] {logging_mixin.py:190} INFO - [2025-01-03T11:47:15.624-0800] {dag.py:3239} INFO - Sync 1 DAGs
[2025-01-03T11:47:15.638-0800] {logging_mixin.py:190} INFO - [2025-01-03T11:47:15.638-0800] {dag.py:4180} INFO - Setting next_dagrun for example_python_operator to None, run_after=None
[2025-01-03T11:47:15.667-0800] {processor.py:208} INFO - Processing /opt/anaconda3/envs/airflow_env/lib/python3.9/site-packages/airflow/example_dags/example_python_operator.py took 0.256 seconds
