[2025-01-03T09:50:18.789-0800] {processor.py:186} INFO - Started process (PID=46301) to work on /opt/anaconda3/envs/airflow_env/lib/python3.9/site-packages/airflow/example_dags/example_latest_only.py
[2025-01-03T09:50:18.790-0800] {processor.py:914} INFO - Processing file /opt/anaconda3/envs/airflow_env/lib/python3.9/site-packages/airflow/example_dags/example_latest_only.py for tasks to queue
[2025-01-03T09:50:18.792-0800] {logging_mixin.py:190} INFO - [2025-01-03T09:50:18.791-0800] {dagbag.py:588} INFO - Filling up the DagBag from /opt/anaconda3/envs/airflow_env/lib/python3.9/site-packages/airflow/example_dags/example_latest_only.py
[2025-01-03T09:50:18.801-0800] {processor.py:925} INFO - DAG(s) 'latest_only' retrieved from /opt/anaconda3/envs/airflow_env/lib/python3.9/site-packages/airflow/example_dags/example_latest_only.py
[2025-01-03T09:50:18.926-0800] {logging_mixin.py:190} INFO - [2025-01-03T09:50:18.926-0800] {dag.py:3239} INFO - Sync 1 DAGs
[2025-01-03T09:50:18.948-0800] {logging_mixin.py:190} INFO - [2025-01-03T09:50:18.948-0800] {dag.py:4180} INFO - Setting next_dagrun for latest_only to 2025-01-03 12:00:00+00:00, run_after=2025-01-03 16:00:00+00:00
[2025-01-03T09:50:18.971-0800] {processor.py:208} INFO - Processing /opt/anaconda3/envs/airflow_env/lib/python3.9/site-packages/airflow/example_dags/example_latest_only.py took 0.186 seconds
[2025-01-03T09:53:38.871-0800] {processor.py:186} INFO - Started process (PID=46422) to work on /opt/anaconda3/envs/airflow_env/lib/python3.9/site-packages/airflow/example_dags/example_latest_only.py
[2025-01-03T09:53:38.873-0800] {processor.py:914} INFO - Processing file /opt/anaconda3/envs/airflow_env/lib/python3.9/site-packages/airflow/example_dags/example_latest_only.py for tasks to queue
[2025-01-03T09:53:38.875-0800] {logging_mixin.py:190} INFO - [2025-01-03T09:53:38.874-0800] {dagbag.py:588} INFO - Filling up the DagBag from /opt/anaconda3/envs/airflow_env/lib/python3.9/site-packages/airflow/example_dags/example_latest_only.py
[2025-01-03T09:53:38.885-0800] {processor.py:925} INFO - DAG(s) 'latest_only' retrieved from /opt/anaconda3/envs/airflow_env/lib/python3.9/site-packages/airflow/example_dags/example_latest_only.py
[2025-01-03T09:53:39.012-0800] {logging_mixin.py:190} INFO - [2025-01-03T09:53:39.012-0800] {dag.py:3239} INFO - Sync 1 DAGs
[2025-01-03T09:53:39.034-0800] {logging_mixin.py:190} INFO - [2025-01-03T09:53:39.034-0800] {dag.py:4180} INFO - Setting next_dagrun for latest_only to 2025-01-03 12:00:00+00:00, run_after=2025-01-03 16:00:00+00:00
[2025-01-03T09:53:39.057-0800] {processor.py:208} INFO - Processing /opt/anaconda3/envs/airflow_env/lib/python3.9/site-packages/airflow/example_dags/example_latest_only.py took 0.190 seconds
[2025-01-03T09:57:25.440-0800] {processor.py:186} INFO - Started process (PID=46547) to work on /opt/anaconda3/envs/airflow_env/lib/python3.9/site-packages/airflow/example_dags/example_latest_only.py
[2025-01-03T09:57:25.442-0800] {processor.py:914} INFO - Processing file /opt/anaconda3/envs/airflow_env/lib/python3.9/site-packages/airflow/example_dags/example_latest_only.py for tasks to queue
[2025-01-03T09:57:25.443-0800] {logging_mixin.py:190} INFO - [2025-01-03T09:57:25.443-0800] {dagbag.py:588} INFO - Filling up the DagBag from /opt/anaconda3/envs/airflow_env/lib/python3.9/site-packages/airflow/example_dags/example_latest_only.py
[2025-01-03T09:57:25.454-0800] {processor.py:925} INFO - DAG(s) 'latest_only' retrieved from /opt/anaconda3/envs/airflow_env/lib/python3.9/site-packages/airflow/example_dags/example_latest_only.py
[2025-01-03T09:57:25.598-0800] {logging_mixin.py:190} INFO - [2025-01-03T09:57:25.597-0800] {dag.py:3239} INFO - Sync 1 DAGs
[2025-01-03T09:57:25.620-0800] {logging_mixin.py:190} INFO - [2025-01-03T09:57:25.620-0800] {dag.py:4180} INFO - Setting next_dagrun for latest_only to 2025-01-03 12:00:00+00:00, run_after=2025-01-03 16:00:00+00:00
[2025-01-03T09:57:25.651-0800] {processor.py:208} INFO - Processing /opt/anaconda3/envs/airflow_env/lib/python3.9/site-packages/airflow/example_dags/example_latest_only.py took 0.216 seconds
[2025-01-03T10:01:25.765-0800] {processor.py:186} INFO - Started process (PID=46667) to work on /opt/anaconda3/envs/airflow_env/lib/python3.9/site-packages/airflow/example_dags/example_latest_only.py
[2025-01-03T10:01:25.767-0800] {processor.py:914} INFO - Processing file /opt/anaconda3/envs/airflow_env/lib/python3.9/site-packages/airflow/example_dags/example_latest_only.py for tasks to queue
[2025-01-03T10:01:25.769-0800] {logging_mixin.py:190} INFO - [2025-01-03T10:01:25.769-0800] {dagbag.py:588} INFO - Filling up the DagBag from /opt/anaconda3/envs/airflow_env/lib/python3.9/site-packages/airflow/example_dags/example_latest_only.py
[2025-01-03T10:01:25.784-0800] {processor.py:925} INFO - DAG(s) 'latest_only' retrieved from /opt/anaconda3/envs/airflow_env/lib/python3.9/site-packages/airflow/example_dags/example_latest_only.py
[2025-01-03T10:01:26.094-0800] {logging_mixin.py:190} INFO - [2025-01-03T10:01:26.093-0800] {dag.py:3239} INFO - Sync 1 DAGs
[2025-01-03T10:01:26.122-0800] {logging_mixin.py:190} INFO - [2025-01-03T10:01:26.122-0800] {dag.py:4180} INFO - Setting next_dagrun for latest_only to 2025-01-03 12:00:00+00:00, run_after=2025-01-03 16:00:00+00:00
[2025-01-03T10:01:26.149-0800] {processor.py:208} INFO - Processing /opt/anaconda3/envs/airflow_env/lib/python3.9/site-packages/airflow/example_dags/example_latest_only.py took 0.388 seconds
[2025-01-03T10:05:17.897-0800] {processor.py:186} INFO - Started process (PID=46813) to work on /opt/anaconda3/envs/airflow_env/lib/python3.9/site-packages/airflow/example_dags/example_latest_only.py
[2025-01-03T10:05:17.899-0800] {processor.py:914} INFO - Processing file /opt/anaconda3/envs/airflow_env/lib/python3.9/site-packages/airflow/example_dags/example_latest_only.py for tasks to queue
[2025-01-03T10:05:17.901-0800] {logging_mixin.py:190} INFO - [2025-01-03T10:05:17.900-0800] {dagbag.py:588} INFO - Filling up the DagBag from /opt/anaconda3/envs/airflow_env/lib/python3.9/site-packages/airflow/example_dags/example_latest_only.py
[2025-01-03T10:05:17.911-0800] {processor.py:925} INFO - DAG(s) 'latest_only' retrieved from /opt/anaconda3/envs/airflow_env/lib/python3.9/site-packages/airflow/example_dags/example_latest_only.py
[2025-01-03T10:05:18.052-0800] {logging_mixin.py:190} INFO - [2025-01-03T10:05:18.052-0800] {dag.py:3239} INFO - Sync 1 DAGs
[2025-01-03T10:05:18.074-0800] {logging_mixin.py:190} INFO - [2025-01-03T10:05:18.073-0800] {dag.py:4180} INFO - Setting next_dagrun for latest_only to 2025-01-03 12:00:00+00:00, run_after=2025-01-03 16:00:00+00:00
[2025-01-03T10:05:18.102-0800] {processor.py:208} INFO - Processing /opt/anaconda3/envs/airflow_env/lib/python3.9/site-packages/airflow/example_dags/example_latest_only.py took 0.211 seconds
[2025-01-03T10:08:53.218-0800] {processor.py:186} INFO - Started process (PID=46924) to work on /opt/anaconda3/envs/airflow_env/lib/python3.9/site-packages/airflow/example_dags/example_latest_only.py
[2025-01-03T10:08:53.220-0800] {processor.py:914} INFO - Processing file /opt/anaconda3/envs/airflow_env/lib/python3.9/site-packages/airflow/example_dags/example_latest_only.py for tasks to queue
[2025-01-03T10:08:53.221-0800] {logging_mixin.py:190} INFO - [2025-01-03T10:08:53.221-0800] {dagbag.py:588} INFO - Filling up the DagBag from /opt/anaconda3/envs/airflow_env/lib/python3.9/site-packages/airflow/example_dags/example_latest_only.py
[2025-01-03T10:08:53.234-0800] {processor.py:925} INFO - DAG(s) 'latest_only' retrieved from /opt/anaconda3/envs/airflow_env/lib/python3.9/site-packages/airflow/example_dags/example_latest_only.py
[2025-01-03T10:08:53.427-0800] {logging_mixin.py:190} INFO - [2025-01-03T10:08:53.426-0800] {dag.py:3239} INFO - Sync 1 DAGs
[2025-01-03T10:08:53.456-0800] {logging_mixin.py:190} INFO - [2025-01-03T10:08:53.456-0800] {dag.py:4180} INFO - Setting next_dagrun for latest_only to 2025-01-03 12:00:00+00:00, run_after=2025-01-03 16:00:00+00:00
[2025-01-03T10:08:53.488-0800] {processor.py:208} INFO - Processing /opt/anaconda3/envs/airflow_env/lib/python3.9/site-packages/airflow/example_dags/example_latest_only.py took 0.275 seconds
[2025-01-03T10:12:17.219-0800] {processor.py:186} INFO - Started process (PID=47041) to work on /opt/anaconda3/envs/airflow_env/lib/python3.9/site-packages/airflow/example_dags/example_latest_only.py
[2025-01-03T10:12:17.222-0800] {processor.py:914} INFO - Processing file /opt/anaconda3/envs/airflow_env/lib/python3.9/site-packages/airflow/example_dags/example_latest_only.py for tasks to queue
[2025-01-03T10:12:17.223-0800] {logging_mixin.py:190} INFO - [2025-01-03T10:12:17.223-0800] {dagbag.py:588} INFO - Filling up the DagBag from /opt/anaconda3/envs/airflow_env/lib/python3.9/site-packages/airflow/example_dags/example_latest_only.py
[2025-01-03T10:12:17.238-0800] {processor.py:925} INFO - DAG(s) 'latest_only' retrieved from /opt/anaconda3/envs/airflow_env/lib/python3.9/site-packages/airflow/example_dags/example_latest_only.py
[2025-01-03T10:12:17.383-0800] {logging_mixin.py:190} INFO - [2025-01-03T10:12:17.383-0800] {dag.py:3239} INFO - Sync 1 DAGs
[2025-01-03T10:12:17.406-0800] {logging_mixin.py:190} INFO - [2025-01-03T10:12:17.406-0800] {dag.py:4180} INFO - Setting next_dagrun for latest_only to 2025-01-03 12:00:00+00:00, run_after=2025-01-03 16:00:00+00:00
[2025-01-03T10:12:17.434-0800] {processor.py:208} INFO - Processing /opt/anaconda3/envs/airflow_env/lib/python3.9/site-packages/airflow/example_dags/example_latest_only.py took 0.222 seconds
[2025-01-03T10:15:52.212-0800] {processor.py:186} INFO - Started process (PID=47194) to work on /opt/anaconda3/envs/airflow_env/lib/python3.9/site-packages/airflow/example_dags/example_latest_only.py
[2025-01-03T10:15:52.217-0800] {processor.py:914} INFO - Processing file /opt/anaconda3/envs/airflow_env/lib/python3.9/site-packages/airflow/example_dags/example_latest_only.py for tasks to queue
[2025-01-03T10:15:52.219-0800] {logging_mixin.py:190} INFO - [2025-01-03T10:15:52.219-0800] {dagbag.py:588} INFO - Filling up the DagBag from /opt/anaconda3/envs/airflow_env/lib/python3.9/site-packages/airflow/example_dags/example_latest_only.py
[2025-01-03T10:15:52.242-0800] {processor.py:925} INFO - DAG(s) 'latest_only' retrieved from /opt/anaconda3/envs/airflow_env/lib/python3.9/site-packages/airflow/example_dags/example_latest_only.py
[2025-01-03T10:15:52.555-0800] {logging_mixin.py:190} INFO - [2025-01-03T10:15:52.554-0800] {dag.py:3239} INFO - Sync 1 DAGs
[2025-01-03T10:15:52.632-0800] {logging_mixin.py:190} INFO - [2025-01-03T10:15:52.631-0800] {dag.py:4180} INFO - Setting next_dagrun for latest_only to 2025-01-03 12:00:00+00:00, run_after=2025-01-03 16:00:00+00:00
[2025-01-03T10:15:52.703-0800] {processor.py:208} INFO - Processing /opt/anaconda3/envs/airflow_env/lib/python3.9/site-packages/airflow/example_dags/example_latest_only.py took 0.500 seconds
[2025-01-03T10:19:57.457-0800] {processor.py:186} INFO - Started process (PID=47446) to work on /opt/anaconda3/envs/airflow_env/lib/python3.9/site-packages/airflow/example_dags/example_latest_only.py
[2025-01-03T10:19:57.459-0800] {processor.py:914} INFO - Processing file /opt/anaconda3/envs/airflow_env/lib/python3.9/site-packages/airflow/example_dags/example_latest_only.py for tasks to queue
[2025-01-03T10:19:57.461-0800] {logging_mixin.py:190} INFO - [2025-01-03T10:19:57.460-0800] {dagbag.py:588} INFO - Filling up the DagBag from /opt/anaconda3/envs/airflow_env/lib/python3.9/site-packages/airflow/example_dags/example_latest_only.py
[2025-01-03T10:19:57.476-0800] {processor.py:925} INFO - DAG(s) 'latest_only' retrieved from /opt/anaconda3/envs/airflow_env/lib/python3.9/site-packages/airflow/example_dags/example_latest_only.py
[2025-01-03T10:19:57.623-0800] {logging_mixin.py:190} INFO - [2025-01-03T10:19:57.622-0800] {dag.py:3239} INFO - Sync 1 DAGs
[2025-01-03T10:19:57.645-0800] {logging_mixin.py:190} INFO - [2025-01-03T10:19:57.645-0800] {dag.py:4180} INFO - Setting next_dagrun for latest_only to 2025-01-03 12:00:00+00:00, run_after=2025-01-03 16:00:00+00:00
[2025-01-03T10:19:57.671-0800] {processor.py:208} INFO - Processing /opt/anaconda3/envs/airflow_env/lib/python3.9/site-packages/airflow/example_dags/example_latest_only.py took 0.220 seconds
[2025-01-03T10:23:56.936-0800] {processor.py:186} INFO - Started process (PID=47615) to work on /opt/anaconda3/envs/airflow_env/lib/python3.9/site-packages/airflow/example_dags/example_latest_only.py
[2025-01-03T10:23:56.939-0800] {processor.py:914} INFO - Processing file /opt/anaconda3/envs/airflow_env/lib/python3.9/site-packages/airflow/example_dags/example_latest_only.py for tasks to queue
[2025-01-03T10:23:56.940-0800] {logging_mixin.py:190} INFO - [2025-01-03T10:23:56.940-0800] {dagbag.py:588} INFO - Filling up the DagBag from /opt/anaconda3/envs/airflow_env/lib/python3.9/site-packages/airflow/example_dags/example_latest_only.py
[2025-01-03T10:23:56.952-0800] {processor.py:925} INFO - DAG(s) 'latest_only' retrieved from /opt/anaconda3/envs/airflow_env/lib/python3.9/site-packages/airflow/example_dags/example_latest_only.py
[2025-01-03T10:23:57.124-0800] {logging_mixin.py:190} INFO - [2025-01-03T10:23:57.124-0800] {dag.py:3239} INFO - Sync 1 DAGs
[2025-01-03T10:23:57.146-0800] {logging_mixin.py:190} INFO - [2025-01-03T10:23:57.146-0800] {dag.py:4180} INFO - Setting next_dagrun for latest_only to 2025-01-03 12:00:00+00:00, run_after=2025-01-03 16:00:00+00:00
[2025-01-03T10:23:57.175-0800] {processor.py:208} INFO - Processing /opt/anaconda3/envs/airflow_env/lib/python3.9/site-packages/airflow/example_dags/example_latest_only.py took 0.243 seconds
[2025-01-03T10:28:05.105-0800] {processor.py:186} INFO - Started process (PID=47733) to work on /opt/anaconda3/envs/airflow_env/lib/python3.9/site-packages/airflow/example_dags/example_latest_only.py
[2025-01-03T10:28:05.113-0800] {processor.py:914} INFO - Processing file /opt/anaconda3/envs/airflow_env/lib/python3.9/site-packages/airflow/example_dags/example_latest_only.py for tasks to queue
[2025-01-03T10:28:05.120-0800] {logging_mixin.py:190} INFO - [2025-01-03T10:28:05.120-0800] {dagbag.py:588} INFO - Filling up the DagBag from /opt/anaconda3/envs/airflow_env/lib/python3.9/site-packages/airflow/example_dags/example_latest_only.py
[2025-01-03T10:28:05.141-0800] {processor.py:925} INFO - DAG(s) 'latest_only' retrieved from /opt/anaconda3/envs/airflow_env/lib/python3.9/site-packages/airflow/example_dags/example_latest_only.py
[2025-01-03T10:28:05.295-0800] {logging_mixin.py:190} INFO - [2025-01-03T10:28:05.294-0800] {dag.py:3239} INFO - Sync 1 DAGs
[2025-01-03T10:28:05.332-0800] {logging_mixin.py:190} INFO - [2025-01-03T10:28:05.332-0800] {dag.py:4180} INFO - Setting next_dagrun for latest_only to 2025-01-03 12:00:00+00:00, run_after=2025-01-03 16:00:00+00:00
[2025-01-03T10:28:05.363-0800] {processor.py:208} INFO - Processing /opt/anaconda3/envs/airflow_env/lib/python3.9/site-packages/airflow/example_dags/example_latest_only.py took 0.270 seconds
[2025-01-03T10:32:32.289-0800] {processor.py:186} INFO - Started process (PID=47863) to work on /opt/anaconda3/envs/airflow_env/lib/python3.9/site-packages/airflow/example_dags/example_latest_only.py
[2025-01-03T10:32:32.296-0800] {processor.py:914} INFO - Processing file /opt/anaconda3/envs/airflow_env/lib/python3.9/site-packages/airflow/example_dags/example_latest_only.py for tasks to queue
[2025-01-03T10:32:32.297-0800] {logging_mixin.py:190} INFO - [2025-01-03T10:32:32.296-0800] {dagbag.py:588} INFO - Filling up the DagBag from /opt/anaconda3/envs/airflow_env/lib/python3.9/site-packages/airflow/example_dags/example_latest_only.py
[2025-01-03T10:32:32.312-0800] {processor.py:925} INFO - DAG(s) 'latest_only' retrieved from /opt/anaconda3/envs/airflow_env/lib/python3.9/site-packages/airflow/example_dags/example_latest_only.py
[2025-01-03T10:32:32.490-0800] {logging_mixin.py:190} INFO - [2025-01-03T10:32:32.490-0800] {dag.py:3239} INFO - Sync 1 DAGs
[2025-01-03T10:32:32.519-0800] {logging_mixin.py:190} INFO - [2025-01-03T10:32:32.519-0800] {dag.py:4180} INFO - Setting next_dagrun for latest_only to 2025-01-03 12:00:00+00:00, run_after=2025-01-03 16:00:00+00:00
[2025-01-03T10:32:32.557-0800] {processor.py:208} INFO - Processing /opt/anaconda3/envs/airflow_env/lib/python3.9/site-packages/airflow/example_dags/example_latest_only.py took 0.278 seconds
[2025-01-03T10:36:49.886-0800] {processor.py:186} INFO - Started process (PID=48003) to work on /opt/anaconda3/envs/airflow_env/lib/python3.9/site-packages/airflow/example_dags/example_latest_only.py
[2025-01-03T10:36:49.889-0800] {processor.py:914} INFO - Processing file /opt/anaconda3/envs/airflow_env/lib/python3.9/site-packages/airflow/example_dags/example_latest_only.py for tasks to queue
[2025-01-03T10:36:49.890-0800] {logging_mixin.py:190} INFO - [2025-01-03T10:36:49.890-0800] {dagbag.py:588} INFO - Filling up the DagBag from /opt/anaconda3/envs/airflow_env/lib/python3.9/site-packages/airflow/example_dags/example_latest_only.py
[2025-01-03T10:36:49.900-0800] {processor.py:925} INFO - DAG(s) 'latest_only' retrieved from /opt/anaconda3/envs/airflow_env/lib/python3.9/site-packages/airflow/example_dags/example_latest_only.py
[2025-01-03T10:36:50.043-0800] {logging_mixin.py:190} INFO - [2025-01-03T10:36:50.043-0800] {dag.py:3239} INFO - Sync 1 DAGs
[2025-01-03T10:36:50.066-0800] {logging_mixin.py:190} INFO - [2025-01-03T10:36:50.066-0800] {dag.py:4180} INFO - Setting next_dagrun for latest_only to 2025-01-03 12:00:00+00:00, run_after=2025-01-03 16:00:00+00:00
[2025-01-03T10:36:50.089-0800] {processor.py:208} INFO - Processing /opt/anaconda3/envs/airflow_env/lib/python3.9/site-packages/airflow/example_dags/example_latest_only.py took 0.211 seconds
[2025-01-03T10:41:11.022-0800] {processor.py:186} INFO - Started process (PID=48128) to work on /opt/anaconda3/envs/airflow_env/lib/python3.9/site-packages/airflow/example_dags/example_latest_only.py
[2025-01-03T10:41:11.025-0800] {processor.py:914} INFO - Processing file /opt/anaconda3/envs/airflow_env/lib/python3.9/site-packages/airflow/example_dags/example_latest_only.py for tasks to queue
[2025-01-03T10:41:11.026-0800] {logging_mixin.py:190} INFO - [2025-01-03T10:41:11.026-0800] {dagbag.py:588} INFO - Filling up the DagBag from /opt/anaconda3/envs/airflow_env/lib/python3.9/site-packages/airflow/example_dags/example_latest_only.py
[2025-01-03T10:41:11.038-0800] {processor.py:925} INFO - DAG(s) 'latest_only' retrieved from /opt/anaconda3/envs/airflow_env/lib/python3.9/site-packages/airflow/example_dags/example_latest_only.py
[2025-01-03T10:41:11.181-0800] {logging_mixin.py:190} INFO - [2025-01-03T10:41:11.181-0800] {dag.py:3239} INFO - Sync 1 DAGs
[2025-01-03T10:41:11.212-0800] {logging_mixin.py:190} INFO - [2025-01-03T10:41:11.211-0800] {dag.py:4180} INFO - Setting next_dagrun for latest_only to 2025-01-03 12:00:00+00:00, run_after=2025-01-03 16:00:00+00:00
[2025-01-03T10:41:11.241-0800] {processor.py:208} INFO - Processing /opt/anaconda3/envs/airflow_env/lib/python3.9/site-packages/airflow/example_dags/example_latest_only.py took 0.223 seconds
[2025-01-03T10:45:00.978-0800] {processor.py:186} INFO - Started process (PID=48250) to work on /opt/anaconda3/envs/airflow_env/lib/python3.9/site-packages/airflow/example_dags/example_latest_only.py
[2025-01-03T10:45:00.980-0800] {processor.py:914} INFO - Processing file /opt/anaconda3/envs/airflow_env/lib/python3.9/site-packages/airflow/example_dags/example_latest_only.py for tasks to queue
[2025-01-03T10:45:00.982-0800] {logging_mixin.py:190} INFO - [2025-01-03T10:45:00.981-0800] {dagbag.py:588} INFO - Filling up the DagBag from /opt/anaconda3/envs/airflow_env/lib/python3.9/site-packages/airflow/example_dags/example_latest_only.py
[2025-01-03T10:45:00.995-0800] {processor.py:925} INFO - DAG(s) 'latest_only' retrieved from /opt/anaconda3/envs/airflow_env/lib/python3.9/site-packages/airflow/example_dags/example_latest_only.py
[2025-01-03T10:45:01.172-0800] {logging_mixin.py:190} INFO - [2025-01-03T10:45:01.171-0800] {dag.py:3239} INFO - Sync 1 DAGs
[2025-01-03T10:45:01.200-0800] {logging_mixin.py:190} INFO - [2025-01-03T10:45:01.200-0800] {dag.py:4180} INFO - Setting next_dagrun for latest_only to 2025-01-03 12:00:00+00:00, run_after=2025-01-03 16:00:00+00:00
[2025-01-03T10:45:01.233-0800] {processor.py:208} INFO - Processing /opt/anaconda3/envs/airflow_env/lib/python3.9/site-packages/airflow/example_dags/example_latest_only.py took 0.261 seconds
[2025-01-03T10:48:58.707-0800] {processor.py:186} INFO - Started process (PID=48385) to work on /opt/anaconda3/envs/airflow_env/lib/python3.9/site-packages/airflow/example_dags/example_latest_only.py
[2025-01-03T10:48:58.709-0800] {processor.py:914} INFO - Processing file /opt/anaconda3/envs/airflow_env/lib/python3.9/site-packages/airflow/example_dags/example_latest_only.py for tasks to queue
[2025-01-03T10:48:58.711-0800] {logging_mixin.py:190} INFO - [2025-01-03T10:48:58.710-0800] {dagbag.py:588} INFO - Filling up the DagBag from /opt/anaconda3/envs/airflow_env/lib/python3.9/site-packages/airflow/example_dags/example_latest_only.py
[2025-01-03T10:48:58.722-0800] {processor.py:925} INFO - DAG(s) 'latest_only' retrieved from /opt/anaconda3/envs/airflow_env/lib/python3.9/site-packages/airflow/example_dags/example_latest_only.py
[2025-01-03T10:48:58.886-0800] {logging_mixin.py:190} INFO - [2025-01-03T10:48:58.885-0800] {dag.py:3239} INFO - Sync 1 DAGs
[2025-01-03T10:48:58.925-0800] {logging_mixin.py:190} INFO - [2025-01-03T10:48:58.924-0800] {dag.py:4180} INFO - Setting next_dagrun for latest_only to 2025-01-03 12:00:00+00:00, run_after=2025-01-03 16:00:00+00:00
[2025-01-03T10:48:58.954-0800] {processor.py:208} INFO - Processing /opt/anaconda3/envs/airflow_env/lib/python3.9/site-packages/airflow/example_dags/example_latest_only.py took 0.253 seconds
[2025-01-03T10:53:21.224-0800] {processor.py:186} INFO - Started process (PID=48591) to work on /opt/anaconda3/envs/airflow_env/lib/python3.9/site-packages/airflow/example_dags/example_latest_only.py
[2025-01-03T10:53:21.234-0800] {processor.py:914} INFO - Processing file /opt/anaconda3/envs/airflow_env/lib/python3.9/site-packages/airflow/example_dags/example_latest_only.py for tasks to queue
[2025-01-03T10:53:21.236-0800] {logging_mixin.py:190} INFO - [2025-01-03T10:53:21.236-0800] {dagbag.py:588} INFO - Filling up the DagBag from /opt/anaconda3/envs/airflow_env/lib/python3.9/site-packages/airflow/example_dags/example_latest_only.py
[2025-01-03T10:53:21.330-0800] {processor.py:925} INFO - DAG(s) 'latest_only' retrieved from /opt/anaconda3/envs/airflow_env/lib/python3.9/site-packages/airflow/example_dags/example_latest_only.py
[2025-01-03T10:53:21.755-0800] {logging_mixin.py:190} INFO - [2025-01-03T10:53:21.754-0800] {dag.py:3239} INFO - Sync 1 DAGs
[2025-01-03T10:53:21.799-0800] {logging_mixin.py:190} INFO - [2025-01-03T10:53:21.797-0800] {dag.py:4180} INFO - Setting next_dagrun for latest_only to 2025-01-03 12:00:00+00:00, run_after=2025-01-03 16:00:00+00:00
[2025-01-03T10:53:21.833-0800] {processor.py:208} INFO - Processing /opt/anaconda3/envs/airflow_env/lib/python3.9/site-packages/airflow/example_dags/example_latest_only.py took 0.620 seconds
[2025-01-03T10:57:28.492-0800] {processor.py:186} INFO - Started process (PID=48815) to work on /opt/anaconda3/envs/airflow_env/lib/python3.9/site-packages/airflow/example_dags/example_latest_only.py
[2025-01-03T10:57:28.494-0800] {processor.py:914} INFO - Processing file /opt/anaconda3/envs/airflow_env/lib/python3.9/site-packages/airflow/example_dags/example_latest_only.py for tasks to queue
[2025-01-03T10:57:28.496-0800] {logging_mixin.py:190} INFO - [2025-01-03T10:57:28.496-0800] {dagbag.py:588} INFO - Filling up the DagBag from /opt/anaconda3/envs/airflow_env/lib/python3.9/site-packages/airflow/example_dags/example_latest_only.py
[2025-01-03T10:57:28.509-0800] {processor.py:925} INFO - DAG(s) 'latest_only' retrieved from /opt/anaconda3/envs/airflow_env/lib/python3.9/site-packages/airflow/example_dags/example_latest_only.py
[2025-01-03T10:57:28.731-0800] {logging_mixin.py:190} INFO - [2025-01-03T10:57:28.731-0800] {dag.py:3239} INFO - Sync 1 DAGs
[2025-01-03T10:57:28.834-0800] {logging_mixin.py:190} INFO - [2025-01-03T10:57:28.834-0800] {dag.py:4180} INFO - Setting next_dagrun for latest_only to 2025-01-03 12:00:00+00:00, run_after=2025-01-03 16:00:00+00:00
[2025-01-03T10:57:28.884-0800] {processor.py:208} INFO - Processing /opt/anaconda3/envs/airflow_env/lib/python3.9/site-packages/airflow/example_dags/example_latest_only.py took 0.396 seconds
[2025-01-03T11:02:16.210-0800] {processor.py:186} INFO - Started process (PID=48936) to work on /opt/anaconda3/envs/airflow_env/lib/python3.9/site-packages/airflow/example_dags/example_latest_only.py
[2025-01-03T11:02:16.213-0800] {processor.py:914} INFO - Processing file /opt/anaconda3/envs/airflow_env/lib/python3.9/site-packages/airflow/example_dags/example_latest_only.py for tasks to queue
[2025-01-03T11:02:16.214-0800] {logging_mixin.py:190} INFO - [2025-01-03T11:02:16.214-0800] {dagbag.py:588} INFO - Filling up the DagBag from /opt/anaconda3/envs/airflow_env/lib/python3.9/site-packages/airflow/example_dags/example_latest_only.py
[2025-01-03T11:02:16.228-0800] {processor.py:925} INFO - DAG(s) 'latest_only' retrieved from /opt/anaconda3/envs/airflow_env/lib/python3.9/site-packages/airflow/example_dags/example_latest_only.py
[2025-01-03T11:02:16.398-0800] {logging_mixin.py:190} INFO - [2025-01-03T11:02:16.397-0800] {dag.py:3239} INFO - Sync 1 DAGs
[2025-01-03T11:02:16.435-0800] {logging_mixin.py:190} INFO - [2025-01-03T11:02:16.434-0800] {dag.py:4180} INFO - Setting next_dagrun for latest_only to 2025-01-03 12:00:00+00:00, run_after=2025-01-03 16:00:00+00:00
[2025-01-03T11:02:16.462-0800] {processor.py:208} INFO - Processing /opt/anaconda3/envs/airflow_env/lib/python3.9/site-packages/airflow/example_dags/example_latest_only.py took 0.257 seconds
[2025-01-03T11:06:35.429-0800] {processor.py:186} INFO - Started process (PID=49122) to work on /opt/anaconda3/envs/airflow_env/lib/python3.9/site-packages/airflow/example_dags/example_latest_only.py
[2025-01-03T11:06:35.432-0800] {processor.py:914} INFO - Processing file /opt/anaconda3/envs/airflow_env/lib/python3.9/site-packages/airflow/example_dags/example_latest_only.py for tasks to queue
[2025-01-03T11:06:35.434-0800] {logging_mixin.py:190} INFO - [2025-01-03T11:06:35.434-0800] {dagbag.py:588} INFO - Filling up the DagBag from /opt/anaconda3/envs/airflow_env/lib/python3.9/site-packages/airflow/example_dags/example_latest_only.py
[2025-01-03T11:06:35.455-0800] {processor.py:925} INFO - DAG(s) 'latest_only' retrieved from /opt/anaconda3/envs/airflow_env/lib/python3.9/site-packages/airflow/example_dags/example_latest_only.py
[2025-01-03T11:06:35.632-0800] {logging_mixin.py:190} INFO - [2025-01-03T11:06:35.631-0800] {dag.py:3239} INFO - Sync 1 DAGs
[2025-01-03T11:06:35.655-0800] {logging_mixin.py:190} INFO - [2025-01-03T11:06:35.655-0800] {dag.py:4180} INFO - Setting next_dagrun for latest_only to 2025-01-03 12:00:00+00:00, run_after=2025-01-03 16:00:00+00:00
[2025-01-03T11:06:35.678-0800] {processor.py:208} INFO - Processing /opt/anaconda3/envs/airflow_env/lib/python3.9/site-packages/airflow/example_dags/example_latest_only.py took 0.258 seconds
[2025-01-03T11:10:36.561-0800] {processor.py:186} INFO - Started process (PID=49301) to work on /opt/anaconda3/envs/airflow_env/lib/python3.9/site-packages/airflow/example_dags/example_latest_only.py
[2025-01-03T11:10:36.569-0800] {processor.py:914} INFO - Processing file /opt/anaconda3/envs/airflow_env/lib/python3.9/site-packages/airflow/example_dags/example_latest_only.py for tasks to queue
[2025-01-03T11:10:36.574-0800] {logging_mixin.py:190} INFO - [2025-01-03T11:10:36.573-0800] {dagbag.py:588} INFO - Filling up the DagBag from /opt/anaconda3/envs/airflow_env/lib/python3.9/site-packages/airflow/example_dags/example_latest_only.py
[2025-01-03T11:10:36.586-0800] {processor.py:925} INFO - DAG(s) 'latest_only' retrieved from /opt/anaconda3/envs/airflow_env/lib/python3.9/site-packages/airflow/example_dags/example_latest_only.py
[2025-01-03T11:10:36.752-0800] {logging_mixin.py:190} INFO - [2025-01-03T11:10:36.751-0800] {dag.py:3239} INFO - Sync 1 DAGs
[2025-01-03T11:10:36.782-0800] {logging_mixin.py:190} INFO - [2025-01-03T11:10:36.781-0800] {dag.py:4180} INFO - Setting next_dagrun for latest_only to 2025-01-03 12:00:00+00:00, run_after=2025-01-03 16:00:00+00:00
[2025-01-03T11:10:36.807-0800] {processor.py:208} INFO - Processing /opt/anaconda3/envs/airflow_env/lib/python3.9/site-packages/airflow/example_dags/example_latest_only.py took 0.252 seconds
[2025-01-03T11:15:28.736-0800] {processor.py:186} INFO - Started process (PID=49675) to work on /opt/anaconda3/envs/airflow_env/lib/python3.9/site-packages/airflow/example_dags/example_latest_only.py
[2025-01-03T11:15:28.738-0800] {processor.py:914} INFO - Processing file /opt/anaconda3/envs/airflow_env/lib/python3.9/site-packages/airflow/example_dags/example_latest_only.py for tasks to queue
[2025-01-03T11:15:28.740-0800] {logging_mixin.py:190} INFO - [2025-01-03T11:15:28.739-0800] {dagbag.py:588} INFO - Filling up the DagBag from /opt/anaconda3/envs/airflow_env/lib/python3.9/site-packages/airflow/example_dags/example_latest_only.py
[2025-01-03T11:15:28.751-0800] {processor.py:925} INFO - DAG(s) 'latest_only' retrieved from /opt/anaconda3/envs/airflow_env/lib/python3.9/site-packages/airflow/example_dags/example_latest_only.py
[2025-01-03T11:15:28.903-0800] {logging_mixin.py:190} INFO - [2025-01-03T11:15:28.903-0800] {dag.py:3239} INFO - Sync 1 DAGs
[2025-01-03T11:15:28.931-0800] {logging_mixin.py:190} INFO - [2025-01-03T11:15:28.929-0800] {dag.py:4180} INFO - Setting next_dagrun for latest_only to 2025-01-03 12:00:00+00:00, run_after=2025-01-03 16:00:00+00:00
[2025-01-03T11:15:28.958-0800] {processor.py:208} INFO - Processing /opt/anaconda3/envs/airflow_env/lib/python3.9/site-packages/airflow/example_dags/example_latest_only.py took 0.228 seconds
[2025-01-03T11:19:59.450-0800] {processor.py:186} INFO - Started process (PID=49813) to work on /opt/anaconda3/envs/airflow_env/lib/python3.9/site-packages/airflow/example_dags/example_latest_only.py
[2025-01-03T11:19:59.453-0800] {processor.py:914} INFO - Processing file /opt/anaconda3/envs/airflow_env/lib/python3.9/site-packages/airflow/example_dags/example_latest_only.py for tasks to queue
[2025-01-03T11:19:59.456-0800] {logging_mixin.py:190} INFO - [2025-01-03T11:19:59.456-0800] {dagbag.py:588} INFO - Filling up the DagBag from /opt/anaconda3/envs/airflow_env/lib/python3.9/site-packages/airflow/example_dags/example_latest_only.py
[2025-01-03T11:19:59.471-0800] {processor.py:925} INFO - DAG(s) 'latest_only' retrieved from /opt/anaconda3/envs/airflow_env/lib/python3.9/site-packages/airflow/example_dags/example_latest_only.py
[2025-01-03T11:19:59.731-0800] {logging_mixin.py:190} INFO - [2025-01-03T11:19:59.730-0800] {dag.py:3239} INFO - Sync 1 DAGs
[2025-01-03T11:19:59.755-0800] {logging_mixin.py:190} INFO - [2025-01-03T11:19:59.755-0800] {dag.py:4180} INFO - Setting next_dagrun for latest_only to 2025-01-03 12:00:00+00:00, run_after=2025-01-03 16:00:00+00:00
[2025-01-03T11:19:59.779-0800] {processor.py:208} INFO - Processing /opt/anaconda3/envs/airflow_env/lib/python3.9/site-packages/airflow/example_dags/example_latest_only.py took 0.334 seconds
[2025-01-03T11:24:16.396-0800] {processor.py:186} INFO - Started process (PID=49957) to work on /opt/anaconda3/envs/airflow_env/lib/python3.9/site-packages/airflow/example_dags/example_latest_only.py
[2025-01-03T11:24:16.399-0800] {processor.py:914} INFO - Processing file /opt/anaconda3/envs/airflow_env/lib/python3.9/site-packages/airflow/example_dags/example_latest_only.py for tasks to queue
[2025-01-03T11:24:16.401-0800] {logging_mixin.py:190} INFO - [2025-01-03T11:24:16.400-0800] {dagbag.py:588} INFO - Filling up the DagBag from /opt/anaconda3/envs/airflow_env/lib/python3.9/site-packages/airflow/example_dags/example_latest_only.py
[2025-01-03T11:24:16.417-0800] {processor.py:925} INFO - DAG(s) 'latest_only' retrieved from /opt/anaconda3/envs/airflow_env/lib/python3.9/site-packages/airflow/example_dags/example_latest_only.py
[2025-01-03T11:24:16.640-0800] {logging_mixin.py:190} INFO - [2025-01-03T11:24:16.640-0800] {dag.py:3239} INFO - Sync 1 DAGs
[2025-01-03T11:24:16.668-0800] {logging_mixin.py:190} INFO - [2025-01-03T11:24:16.668-0800] {dag.py:4180} INFO - Setting next_dagrun for latest_only to 2025-01-03 12:00:00+00:00, run_after=2025-01-03 16:00:00+00:00
[2025-01-03T11:24:16.709-0800] {processor.py:208} INFO - Processing /opt/anaconda3/envs/airflow_env/lib/python3.9/site-packages/airflow/example_dags/example_latest_only.py took 0.320 seconds
[2025-01-03T11:28:59.053-0800] {processor.py:186} INFO - Started process (PID=50160) to work on /opt/anaconda3/envs/airflow_env/lib/python3.9/site-packages/airflow/example_dags/example_latest_only.py
[2025-01-03T11:28:59.055-0800] {processor.py:914} INFO - Processing file /opt/anaconda3/envs/airflow_env/lib/python3.9/site-packages/airflow/example_dags/example_latest_only.py for tasks to queue
[2025-01-03T11:28:59.060-0800] {logging_mixin.py:190} INFO - [2025-01-03T11:28:59.059-0800] {dagbag.py:588} INFO - Filling up the DagBag from /opt/anaconda3/envs/airflow_env/lib/python3.9/site-packages/airflow/example_dags/example_latest_only.py
[2025-01-03T11:28:59.072-0800] {processor.py:925} INFO - DAG(s) 'latest_only' retrieved from /opt/anaconda3/envs/airflow_env/lib/python3.9/site-packages/airflow/example_dags/example_latest_only.py
[2025-01-03T11:28:59.245-0800] {logging_mixin.py:190} INFO - [2025-01-03T11:28:59.244-0800] {dag.py:3239} INFO - Sync 1 DAGs
[2025-01-03T11:28:59.270-0800] {logging_mixin.py:190} INFO - [2025-01-03T11:28:59.270-0800] {dag.py:4180} INFO - Setting next_dagrun for latest_only to 2025-01-03 12:00:00+00:00, run_after=2025-01-03 16:00:00+00:00
[2025-01-03T11:28:59.296-0800] {processor.py:208} INFO - Processing /opt/anaconda3/envs/airflow_env/lib/python3.9/site-packages/airflow/example_dags/example_latest_only.py took 0.249 seconds
[2025-01-03T11:33:45.531-0800] {processor.py:186} INFO - Started process (PID=50340) to work on /opt/anaconda3/envs/airflow_env/lib/python3.9/site-packages/airflow/example_dags/example_latest_only.py
[2025-01-03T11:33:45.539-0800] {processor.py:914} INFO - Processing file /opt/anaconda3/envs/airflow_env/lib/python3.9/site-packages/airflow/example_dags/example_latest_only.py for tasks to queue
[2025-01-03T11:33:45.540-0800] {logging_mixin.py:190} INFO - [2025-01-03T11:33:45.540-0800] {dagbag.py:588} INFO - Filling up the DagBag from /opt/anaconda3/envs/airflow_env/lib/python3.9/site-packages/airflow/example_dags/example_latest_only.py
[2025-01-03T11:33:45.568-0800] {processor.py:925} INFO - DAG(s) 'latest_only' retrieved from /opt/anaconda3/envs/airflow_env/lib/python3.9/site-packages/airflow/example_dags/example_latest_only.py
[2025-01-03T11:33:45.795-0800] {logging_mixin.py:190} INFO - [2025-01-03T11:33:45.795-0800] {dag.py:3239} INFO - Sync 1 DAGs
[2025-01-03T11:33:45.828-0800] {logging_mixin.py:190} INFO - [2025-01-03T11:33:45.827-0800] {dag.py:4180} INFO - Setting next_dagrun for latest_only to 2025-01-03 12:00:00+00:00, run_after=2025-01-03 16:00:00+00:00
[2025-01-03T11:33:45.859-0800] {processor.py:208} INFO - Processing /opt/anaconda3/envs/airflow_env/lib/python3.9/site-packages/airflow/example_dags/example_latest_only.py took 0.332 seconds
[2025-01-03T11:38:22.664-0800] {processor.py:186} INFO - Started process (PID=50525) to work on /opt/anaconda3/envs/airflow_env/lib/python3.9/site-packages/airflow/example_dags/example_latest_only.py
[2025-01-03T11:38:22.666-0800] {processor.py:914} INFO - Processing file /opt/anaconda3/envs/airflow_env/lib/python3.9/site-packages/airflow/example_dags/example_latest_only.py for tasks to queue
[2025-01-03T11:38:22.668-0800] {logging_mixin.py:190} INFO - [2025-01-03T11:38:22.667-0800] {dagbag.py:588} INFO - Filling up the DagBag from /opt/anaconda3/envs/airflow_env/lib/python3.9/site-packages/airflow/example_dags/example_latest_only.py
[2025-01-03T11:38:22.685-0800] {processor.py:925} INFO - DAG(s) 'latest_only' retrieved from /opt/anaconda3/envs/airflow_env/lib/python3.9/site-packages/airflow/example_dags/example_latest_only.py
[2025-01-03T11:38:22.849-0800] {logging_mixin.py:190} INFO - [2025-01-03T11:38:22.849-0800] {dag.py:3239} INFO - Sync 1 DAGs
[2025-01-03T11:38:22.905-0800] {logging_mixin.py:190} INFO - [2025-01-03T11:38:22.905-0800] {dag.py:4180} INFO - Setting next_dagrun for latest_only to 2025-01-03 12:00:00+00:00, run_after=2025-01-03 16:00:00+00:00
[2025-01-03T11:38:22.938-0800] {processor.py:208} INFO - Processing /opt/anaconda3/envs/airflow_env/lib/python3.9/site-packages/airflow/example_dags/example_latest_only.py took 0.282 seconds
[2025-01-03T11:42:55.328-0800] {processor.py:186} INFO - Started process (PID=50712) to work on /opt/anaconda3/envs/airflow_env/lib/python3.9/site-packages/airflow/example_dags/example_latest_only.py
[2025-01-03T11:42:55.331-0800] {processor.py:914} INFO - Processing file /opt/anaconda3/envs/airflow_env/lib/python3.9/site-packages/airflow/example_dags/example_latest_only.py for tasks to queue
[2025-01-03T11:42:55.335-0800] {logging_mixin.py:190} INFO - [2025-01-03T11:42:55.334-0800] {dagbag.py:588} INFO - Filling up the DagBag from /opt/anaconda3/envs/airflow_env/lib/python3.9/site-packages/airflow/example_dags/example_latest_only.py
[2025-01-03T11:42:55.354-0800] {processor.py:925} INFO - DAG(s) 'latest_only' retrieved from /opt/anaconda3/envs/airflow_env/lib/python3.9/site-packages/airflow/example_dags/example_latest_only.py
[2025-01-03T11:42:55.682-0800] {logging_mixin.py:190} INFO - [2025-01-03T11:42:55.681-0800] {dag.py:3239} INFO - Sync 1 DAGs
[2025-01-03T11:42:55.722-0800] {logging_mixin.py:190} INFO - [2025-01-03T11:42:55.722-0800] {dag.py:4180} INFO - Setting next_dagrun for latest_only to 2025-01-03 12:00:00+00:00, run_after=2025-01-03 16:00:00+00:00
[2025-01-03T11:42:55.751-0800] {processor.py:208} INFO - Processing /opt/anaconda3/envs/airflow_env/lib/python3.9/site-packages/airflow/example_dags/example_latest_only.py took 0.430 seconds
[2025-01-03T11:47:55.920-0800] {processor.py:186} INFO - Started process (PID=50920) to work on /opt/anaconda3/envs/airflow_env/lib/python3.9/site-packages/airflow/example_dags/example_latest_only.py
[2025-01-03T11:47:55.923-0800] {processor.py:914} INFO - Processing file /opt/anaconda3/envs/airflow_env/lib/python3.9/site-packages/airflow/example_dags/example_latest_only.py for tasks to queue
[2025-01-03T11:47:55.924-0800] {logging_mixin.py:190} INFO - [2025-01-03T11:47:55.924-0800] {dagbag.py:588} INFO - Filling up the DagBag from /opt/anaconda3/envs/airflow_env/lib/python3.9/site-packages/airflow/example_dags/example_latest_only.py
[2025-01-03T11:47:55.935-0800] {processor.py:925} INFO - DAG(s) 'latest_only' retrieved from /opt/anaconda3/envs/airflow_env/lib/python3.9/site-packages/airflow/example_dags/example_latest_only.py
[2025-01-03T11:47:56.094-0800] {logging_mixin.py:190} INFO - [2025-01-03T11:47:56.094-0800] {dag.py:3239} INFO - Sync 1 DAGs
[2025-01-03T11:47:56.123-0800] {logging_mixin.py:190} INFO - [2025-01-03T11:47:56.123-0800] {dag.py:4180} INFO - Setting next_dagrun for latest_only to 2025-01-03 12:00:00+00:00, run_after=2025-01-03 16:00:00+00:00
[2025-01-03T11:47:56.151-0800] {processor.py:208} INFO - Processing /opt/anaconda3/envs/airflow_env/lib/python3.9/site-packages/airflow/example_dags/example_latest_only.py took 0.239 seconds
