[2025-01-03T09:50:04.997-0800] {processor.py:186} INFO - Started process (PID=46293) to work on /opt/anaconda3/envs/airflow_env/lib/python3.9/site-packages/airflow/example_dags/example_outlet_event_extra.py
[2025-01-03T09:50:04.999-0800] {processor.py:914} INFO - Processing file /opt/anaconda3/envs/airflow_env/lib/python3.9/site-packages/airflow/example_dags/example_outlet_event_extra.py for tasks to queue
[2025-01-03T09:50:05.001-0800] {logging_mixin.py:190} INFO - [2025-01-03T09:50:05.000-0800] {dagbag.py:588} INFO - Filling up the DagBag from /opt/anaconda3/envs/airflow_env/lib/python3.9/site-packages/airflow/example_dags/example_outlet_event_extra.py
[2025-01-03T09:50:05.213-0800] {processor.py:925} INFO - DAG(s) 'dataset_with_extra_by_context', 'dataset_with_extra_by_yield', 'dataset_with_extra_from_classic_operator' retrieved from /opt/anaconda3/envs/airflow_env/lib/python3.9/site-packages/airflow/example_dags/example_outlet_event_extra.py
[2025-01-03T09:50:05.342-0800] {logging_mixin.py:190} INFO - [2025-01-03T09:50:05.342-0800] {dag.py:3239} INFO - Sync 3 DAGs
[2025-01-03T09:50:05.365-0800] {logging_mixin.py:190} INFO - [2025-01-03T09:50:05.365-0800] {dag.py:4180} INFO - Setting next_dagrun for dataset_with_extra_by_context to 2025-01-02 00:00:00+00:00, run_after=2025-01-03 00:00:00+00:00
[2025-01-03T09:50:05.371-0800] {logging_mixin.py:190} INFO - [2025-01-03T09:50:05.371-0800] {dag.py:4180} INFO - Setting next_dagrun for dataset_with_extra_by_yield to 2025-01-02 00:00:00+00:00, run_after=2025-01-03 00:00:00+00:00
[2025-01-03T09:50:05.374-0800] {logging_mixin.py:190} INFO - [2025-01-03T09:50:05.374-0800] {dag.py:4180} INFO - Setting next_dagrun for dataset_with_extra_from_classic_operator to 2025-01-02 00:00:00+00:00, run_after=2025-01-03 00:00:00+00:00
[2025-01-03T09:50:05.399-0800] {processor.py:208} INFO - Processing /opt/anaconda3/envs/airflow_env/lib/python3.9/site-packages/airflow/example_dags/example_outlet_event_extra.py took 0.407 seconds
[2025-01-03T09:53:26.170-0800] {processor.py:186} INFO - Started process (PID=46414) to work on /opt/anaconda3/envs/airflow_env/lib/python3.9/site-packages/airflow/example_dags/example_outlet_event_extra.py
[2025-01-03T09:53:26.173-0800] {processor.py:914} INFO - Processing file /opt/anaconda3/envs/airflow_env/lib/python3.9/site-packages/airflow/example_dags/example_outlet_event_extra.py for tasks to queue
[2025-01-03T09:53:26.174-0800] {logging_mixin.py:190} INFO - [2025-01-03T09:53:26.174-0800] {dagbag.py:588} INFO - Filling up the DagBag from /opt/anaconda3/envs/airflow_env/lib/python3.9/site-packages/airflow/example_dags/example_outlet_event_extra.py
[2025-01-03T09:53:26.362-0800] {processor.py:925} INFO - DAG(s) 'dataset_with_extra_by_yield', 'dataset_with_extra_from_classic_operator', 'dataset_with_extra_by_context' retrieved from /opt/anaconda3/envs/airflow_env/lib/python3.9/site-packages/airflow/example_dags/example_outlet_event_extra.py
[2025-01-03T09:53:26.495-0800] {logging_mixin.py:190} INFO - [2025-01-03T09:53:26.495-0800] {dag.py:3239} INFO - Sync 3 DAGs
[2025-01-03T09:53:26.519-0800] {logging_mixin.py:190} INFO - [2025-01-03T09:53:26.519-0800] {dag.py:4180} INFO - Setting next_dagrun for dataset_with_extra_by_context to 2025-01-02 00:00:00+00:00, run_after=2025-01-03 00:00:00+00:00
[2025-01-03T09:53:26.525-0800] {logging_mixin.py:190} INFO - [2025-01-03T09:53:26.524-0800] {dag.py:4180} INFO - Setting next_dagrun for dataset_with_extra_by_yield to 2025-01-02 00:00:00+00:00, run_after=2025-01-03 00:00:00+00:00
[2025-01-03T09:53:26.528-0800] {logging_mixin.py:190} INFO - [2025-01-03T09:53:26.528-0800] {dag.py:4180} INFO - Setting next_dagrun for dataset_with_extra_from_classic_operator to 2025-01-02 00:00:00+00:00, run_after=2025-01-03 00:00:00+00:00
[2025-01-03T09:53:26.553-0800] {processor.py:208} INFO - Processing /opt/anaconda3/envs/airflow_env/lib/python3.9/site-packages/airflow/example_dags/example_outlet_event_extra.py took 0.388 seconds
[2025-01-03T09:57:09.329-0800] {processor.py:186} INFO - Started process (PID=46538) to work on /opt/anaconda3/envs/airflow_env/lib/python3.9/site-packages/airflow/example_dags/example_outlet_event_extra.py
[2025-01-03T09:57:09.332-0800] {processor.py:914} INFO - Processing file /opt/anaconda3/envs/airflow_env/lib/python3.9/site-packages/airflow/example_dags/example_outlet_event_extra.py for tasks to queue
[2025-01-03T09:57:09.336-0800] {logging_mixin.py:190} INFO - [2025-01-03T09:57:09.335-0800] {dagbag.py:588} INFO - Filling up the DagBag from /opt/anaconda3/envs/airflow_env/lib/python3.9/site-packages/airflow/example_dags/example_outlet_event_extra.py
[2025-01-03T09:57:09.541-0800] {processor.py:925} INFO - DAG(s) 'dataset_with_extra_from_classic_operator', 'dataset_with_extra_by_yield', 'dataset_with_extra_by_context' retrieved from /opt/anaconda3/envs/airflow_env/lib/python3.9/site-packages/airflow/example_dags/example_outlet_event_extra.py
[2025-01-03T09:57:09.711-0800] {logging_mixin.py:190} INFO - [2025-01-03T09:57:09.711-0800] {dag.py:3239} INFO - Sync 3 DAGs
[2025-01-03T09:57:09.745-0800] {logging_mixin.py:190} INFO - [2025-01-03T09:57:09.745-0800] {dag.py:4180} INFO - Setting next_dagrun for dataset_with_extra_by_context to 2025-01-02 00:00:00+00:00, run_after=2025-01-03 00:00:00+00:00
[2025-01-03T09:57:09.752-0800] {logging_mixin.py:190} INFO - [2025-01-03T09:57:09.752-0800] {dag.py:4180} INFO - Setting next_dagrun for dataset_with_extra_by_yield to 2025-01-02 00:00:00+00:00, run_after=2025-01-03 00:00:00+00:00
[2025-01-03T09:57:09.755-0800] {logging_mixin.py:190} INFO - [2025-01-03T09:57:09.755-0800] {dag.py:4180} INFO - Setting next_dagrun for dataset_with_extra_from_classic_operator to 2025-01-02 00:00:00+00:00, run_after=2025-01-03 00:00:00+00:00
[2025-01-03T09:57:09.792-0800] {processor.py:208} INFO - Processing /opt/anaconda3/envs/airflow_env/lib/python3.9/site-packages/airflow/example_dags/example_outlet_event_extra.py took 0.471 seconds
[2025-01-03T10:01:08.327-0800] {processor.py:186} INFO - Started process (PID=46658) to work on /opt/anaconda3/envs/airflow_env/lib/python3.9/site-packages/airflow/example_dags/example_outlet_event_extra.py
[2025-01-03T10:01:08.329-0800] {processor.py:914} INFO - Processing file /opt/anaconda3/envs/airflow_env/lib/python3.9/site-packages/airflow/example_dags/example_outlet_event_extra.py for tasks to queue
[2025-01-03T10:01:08.331-0800] {logging_mixin.py:190} INFO - [2025-01-03T10:01:08.330-0800] {dagbag.py:588} INFO - Filling up the DagBag from /opt/anaconda3/envs/airflow_env/lib/python3.9/site-packages/airflow/example_dags/example_outlet_event_extra.py
[2025-01-03T10:01:08.590-0800] {processor.py:925} INFO - DAG(s) 'dataset_with_extra_by_context', 'dataset_with_extra_from_classic_operator', 'dataset_with_extra_by_yield' retrieved from /opt/anaconda3/envs/airflow_env/lib/python3.9/site-packages/airflow/example_dags/example_outlet_event_extra.py
[2025-01-03T10:01:08.826-0800] {logging_mixin.py:190} INFO - [2025-01-03T10:01:08.826-0800] {dag.py:3239} INFO - Sync 3 DAGs
[2025-01-03T10:01:08.857-0800] {logging_mixin.py:190} INFO - [2025-01-03T10:01:08.857-0800] {dag.py:4180} INFO - Setting next_dagrun for dataset_with_extra_by_context to 2025-01-02 00:00:00+00:00, run_after=2025-01-03 00:00:00+00:00
[2025-01-03T10:01:08.862-0800] {logging_mixin.py:190} INFO - [2025-01-03T10:01:08.862-0800] {dag.py:4180} INFO - Setting next_dagrun for dataset_with_extra_by_yield to 2025-01-02 00:00:00+00:00, run_after=2025-01-03 00:00:00+00:00
[2025-01-03T10:01:08.865-0800] {logging_mixin.py:190} INFO - [2025-01-03T10:01:08.865-0800] {dag.py:4180} INFO - Setting next_dagrun for dataset_with_extra_from_classic_operator to 2025-01-02 00:00:00+00:00, run_after=2025-01-03 00:00:00+00:00
[2025-01-03T10:01:08.896-0800] {processor.py:208} INFO - Processing /opt/anaconda3/envs/airflow_env/lib/python3.9/site-packages/airflow/example_dags/example_outlet_event_extra.py took 0.575 seconds
[2025-01-03T10:05:02.237-0800] {processor.py:186} INFO - Started process (PID=46805) to work on /opt/anaconda3/envs/airflow_env/lib/python3.9/site-packages/airflow/example_dags/example_outlet_event_extra.py
[2025-01-03T10:05:02.240-0800] {processor.py:914} INFO - Processing file /opt/anaconda3/envs/airflow_env/lib/python3.9/site-packages/airflow/example_dags/example_outlet_event_extra.py for tasks to queue
[2025-01-03T10:05:02.241-0800] {logging_mixin.py:190} INFO - [2025-01-03T10:05:02.241-0800] {dagbag.py:588} INFO - Filling up the DagBag from /opt/anaconda3/envs/airflow_env/lib/python3.9/site-packages/airflow/example_dags/example_outlet_event_extra.py
[2025-01-03T10:05:02.456-0800] {processor.py:925} INFO - DAG(s) 'dataset_with_extra_from_classic_operator', 'dataset_with_extra_by_context', 'dataset_with_extra_by_yield' retrieved from /opt/anaconda3/envs/airflow_env/lib/python3.9/site-packages/airflow/example_dags/example_outlet_event_extra.py
[2025-01-03T10:05:02.653-0800] {logging_mixin.py:190} INFO - [2025-01-03T10:05:02.653-0800] {dag.py:3239} INFO - Sync 3 DAGs
[2025-01-03T10:05:02.680-0800] {logging_mixin.py:190} INFO - [2025-01-03T10:05:02.679-0800] {dag.py:4180} INFO - Setting next_dagrun for dataset_with_extra_by_context to 2025-01-02 00:00:00+00:00, run_after=2025-01-03 00:00:00+00:00
[2025-01-03T10:05:02.685-0800] {logging_mixin.py:190} INFO - [2025-01-03T10:05:02.685-0800] {dag.py:4180} INFO - Setting next_dagrun for dataset_with_extra_by_yield to 2025-01-02 00:00:00+00:00, run_after=2025-01-03 00:00:00+00:00
[2025-01-03T10:05:02.688-0800] {logging_mixin.py:190} INFO - [2025-01-03T10:05:02.688-0800] {dag.py:4180} INFO - Setting next_dagrun for dataset_with_extra_from_classic_operator to 2025-01-02 00:00:00+00:00, run_after=2025-01-03 00:00:00+00:00
[2025-01-03T10:05:02.715-0800] {processor.py:208} INFO - Processing /opt/anaconda3/envs/airflow_env/lib/python3.9/site-packages/airflow/example_dags/example_outlet_event_extra.py took 0.484 seconds
[2025-01-03T10:08:37.115-0800] {processor.py:186} INFO - Started process (PID=46916) to work on /opt/anaconda3/envs/airflow_env/lib/python3.9/site-packages/airflow/example_dags/example_outlet_event_extra.py
[2025-01-03T10:08:37.118-0800] {processor.py:914} INFO - Processing file /opt/anaconda3/envs/airflow_env/lib/python3.9/site-packages/airflow/example_dags/example_outlet_event_extra.py for tasks to queue
[2025-01-03T10:08:37.119-0800] {logging_mixin.py:190} INFO - [2025-01-03T10:08:37.119-0800] {dagbag.py:588} INFO - Filling up the DagBag from /opt/anaconda3/envs/airflow_env/lib/python3.9/site-packages/airflow/example_dags/example_outlet_event_extra.py
[2025-01-03T10:08:37.325-0800] {processor.py:925} INFO - DAG(s) 'dataset_with_extra_by_context', 'dataset_with_extra_from_classic_operator', 'dataset_with_extra_by_yield' retrieved from /opt/anaconda3/envs/airflow_env/lib/python3.9/site-packages/airflow/example_dags/example_outlet_event_extra.py
[2025-01-03T10:08:37.474-0800] {logging_mixin.py:190} INFO - [2025-01-03T10:08:37.473-0800] {dag.py:3239} INFO - Sync 3 DAGs
[2025-01-03T10:08:37.505-0800] {logging_mixin.py:190} INFO - [2025-01-03T10:08:37.504-0800] {dag.py:4180} INFO - Setting next_dagrun for dataset_with_extra_by_context to 2025-01-02 00:00:00+00:00, run_after=2025-01-03 00:00:00+00:00
[2025-01-03T10:08:37.511-0800] {logging_mixin.py:190} INFO - [2025-01-03T10:08:37.511-0800] {dag.py:4180} INFO - Setting next_dagrun for dataset_with_extra_by_yield to 2025-01-02 00:00:00+00:00, run_after=2025-01-03 00:00:00+00:00
[2025-01-03T10:08:37.515-0800] {logging_mixin.py:190} INFO - [2025-01-03T10:08:37.515-0800] {dag.py:4180} INFO - Setting next_dagrun for dataset_with_extra_from_classic_operator to 2025-01-02 00:00:00+00:00, run_after=2025-01-03 00:00:00+00:00
[2025-01-03T10:08:37.545-0800] {processor.py:208} INFO - Processing /opt/anaconda3/envs/airflow_env/lib/python3.9/site-packages/airflow/example_dags/example_outlet_event_extra.py took 0.436 seconds
[2025-01-03T10:12:01.466-0800] {processor.py:186} INFO - Started process (PID=47026) to work on /opt/anaconda3/envs/airflow_env/lib/python3.9/site-packages/airflow/example_dags/example_outlet_event_extra.py
[2025-01-03T10:12:01.469-0800] {processor.py:914} INFO - Processing file /opt/anaconda3/envs/airflow_env/lib/python3.9/site-packages/airflow/example_dags/example_outlet_event_extra.py for tasks to queue
[2025-01-03T10:12:01.470-0800] {logging_mixin.py:190} INFO - [2025-01-03T10:12:01.470-0800] {dagbag.py:588} INFO - Filling up the DagBag from /opt/anaconda3/envs/airflow_env/lib/python3.9/site-packages/airflow/example_dags/example_outlet_event_extra.py
[2025-01-03T10:12:01.670-0800] {processor.py:925} INFO - DAG(s) 'dataset_with_extra_by_context', 'dataset_with_extra_from_classic_operator', 'dataset_with_extra_by_yield' retrieved from /opt/anaconda3/envs/airflow_env/lib/python3.9/site-packages/airflow/example_dags/example_outlet_event_extra.py
[2025-01-03T10:12:01.853-0800] {logging_mixin.py:190} INFO - [2025-01-03T10:12:01.852-0800] {dag.py:3239} INFO - Sync 3 DAGs
[2025-01-03T10:12:01.892-0800] {logging_mixin.py:190} INFO - [2025-01-03T10:12:01.892-0800] {dag.py:4180} INFO - Setting next_dagrun for dataset_with_extra_by_context to 2025-01-02 00:00:00+00:00, run_after=2025-01-03 00:00:00+00:00
[2025-01-03T10:12:01.898-0800] {logging_mixin.py:190} INFO - [2025-01-03T10:12:01.898-0800] {dag.py:4180} INFO - Setting next_dagrun for dataset_with_extra_by_yield to 2025-01-02 00:00:00+00:00, run_after=2025-01-03 00:00:00+00:00
[2025-01-03T10:12:01.902-0800] {logging_mixin.py:190} INFO - [2025-01-03T10:12:01.901-0800] {dag.py:4180} INFO - Setting next_dagrun for dataset_with_extra_from_classic_operator to 2025-01-02 00:00:00+00:00, run_after=2025-01-03 00:00:00+00:00
[2025-01-03T10:12:01.927-0800] {processor.py:208} INFO - Processing /opt/anaconda3/envs/airflow_env/lib/python3.9/site-packages/airflow/example_dags/example_outlet_event_extra.py took 0.467 seconds
[2025-01-03T10:15:34.954-0800] {processor.py:186} INFO - Started process (PID=47185) to work on /opt/anaconda3/envs/airflow_env/lib/python3.9/site-packages/airflow/example_dags/example_outlet_event_extra.py
[2025-01-03T10:15:34.956-0800] {processor.py:914} INFO - Processing file /opt/anaconda3/envs/airflow_env/lib/python3.9/site-packages/airflow/example_dags/example_outlet_event_extra.py for tasks to queue
[2025-01-03T10:15:34.958-0800] {logging_mixin.py:190} INFO - [2025-01-03T10:15:34.957-0800] {dagbag.py:588} INFO - Filling up the DagBag from /opt/anaconda3/envs/airflow_env/lib/python3.9/site-packages/airflow/example_dags/example_outlet_event_extra.py
[2025-01-03T10:15:35.149-0800] {processor.py:925} INFO - DAG(s) 'dataset_with_extra_from_classic_operator', 'dataset_with_extra_by_yield', 'dataset_with_extra_by_context' retrieved from /opt/anaconda3/envs/airflow_env/lib/python3.9/site-packages/airflow/example_dags/example_outlet_event_extra.py
[2025-01-03T10:15:35.322-0800] {logging_mixin.py:190} INFO - [2025-01-03T10:15:35.322-0800] {dag.py:3239} INFO - Sync 3 DAGs
[2025-01-03T10:15:35.364-0800] {logging_mixin.py:190} INFO - [2025-01-03T10:15:35.364-0800] {dag.py:4180} INFO - Setting next_dagrun for dataset_with_extra_by_context to 2025-01-02 00:00:00+00:00, run_after=2025-01-03 00:00:00+00:00
[2025-01-03T10:15:35.372-0800] {logging_mixin.py:190} INFO - [2025-01-03T10:15:35.371-0800] {dag.py:4180} INFO - Setting next_dagrun for dataset_with_extra_by_yield to 2025-01-02 00:00:00+00:00, run_after=2025-01-03 00:00:00+00:00
[2025-01-03T10:15:35.380-0800] {logging_mixin.py:190} INFO - [2025-01-03T10:15:35.379-0800] {dag.py:4180} INFO - Setting next_dagrun for dataset_with_extra_from_classic_operator to 2025-01-02 00:00:00+00:00, run_after=2025-01-03 00:00:00+00:00
[2025-01-03T10:15:35.417-0800] {processor.py:208} INFO - Processing /opt/anaconda3/envs/airflow_env/lib/python3.9/site-packages/airflow/example_dags/example_outlet_event_extra.py took 0.468 seconds
[2025-01-03T10:19:40.972-0800] {processor.py:186} INFO - Started process (PID=47436) to work on /opt/anaconda3/envs/airflow_env/lib/python3.9/site-packages/airflow/example_dags/example_outlet_event_extra.py
[2025-01-03T10:19:40.975-0800] {processor.py:914} INFO - Processing file /opt/anaconda3/envs/airflow_env/lib/python3.9/site-packages/airflow/example_dags/example_outlet_event_extra.py for tasks to queue
[2025-01-03T10:19:40.976-0800] {logging_mixin.py:190} INFO - [2025-01-03T10:19:40.976-0800] {dagbag.py:588} INFO - Filling up the DagBag from /opt/anaconda3/envs/airflow_env/lib/python3.9/site-packages/airflow/example_dags/example_outlet_event_extra.py
[2025-01-03T10:19:41.172-0800] {processor.py:925} INFO - DAG(s) 'dataset_with_extra_by_yield', 'dataset_with_extra_from_classic_operator', 'dataset_with_extra_by_context' retrieved from /opt/anaconda3/envs/airflow_env/lib/python3.9/site-packages/airflow/example_dags/example_outlet_event_extra.py
[2025-01-03T10:19:41.354-0800] {logging_mixin.py:190} INFO - [2025-01-03T10:19:41.354-0800] {dag.py:3239} INFO - Sync 3 DAGs
[2025-01-03T10:19:41.379-0800] {logging_mixin.py:190} INFO - [2025-01-03T10:19:41.378-0800] {dag.py:4180} INFO - Setting next_dagrun for dataset_with_extra_by_context to 2025-01-02 00:00:00+00:00, run_after=2025-01-03 00:00:00+00:00
[2025-01-03T10:19:41.384-0800] {logging_mixin.py:190} INFO - [2025-01-03T10:19:41.384-0800] {dag.py:4180} INFO - Setting next_dagrun for dataset_with_extra_by_yield to 2025-01-02 00:00:00+00:00, run_after=2025-01-03 00:00:00+00:00
[2025-01-03T10:19:41.388-0800] {logging_mixin.py:190} INFO - [2025-01-03T10:19:41.387-0800] {dag.py:4180} INFO - Setting next_dagrun for dataset_with_extra_from_classic_operator to 2025-01-02 00:00:00+00:00, run_after=2025-01-03 00:00:00+00:00
[2025-01-03T10:19:41.418-0800] {processor.py:208} INFO - Processing /opt/anaconda3/envs/airflow_env/lib/python3.9/site-packages/airflow/example_dags/example_outlet_event_extra.py took 0.457 seconds
[2025-01-03T10:23:40.363-0800] {processor.py:186} INFO - Started process (PID=47606) to work on /opt/anaconda3/envs/airflow_env/lib/python3.9/site-packages/airflow/example_dags/example_outlet_event_extra.py
[2025-01-03T10:23:40.365-0800] {processor.py:914} INFO - Processing file /opt/anaconda3/envs/airflow_env/lib/python3.9/site-packages/airflow/example_dags/example_outlet_event_extra.py for tasks to queue
[2025-01-03T10:23:40.367-0800] {logging_mixin.py:190} INFO - [2025-01-03T10:23:40.366-0800] {dagbag.py:588} INFO - Filling up the DagBag from /opt/anaconda3/envs/airflow_env/lib/python3.9/site-packages/airflow/example_dags/example_outlet_event_extra.py
[2025-01-03T10:23:40.603-0800] {processor.py:925} INFO - DAG(s) 'dataset_with_extra_by_yield', 'dataset_with_extra_by_context', 'dataset_with_extra_from_classic_operator' retrieved from /opt/anaconda3/envs/airflow_env/lib/python3.9/site-packages/airflow/example_dags/example_outlet_event_extra.py
[2025-01-03T10:23:40.786-0800] {logging_mixin.py:190} INFO - [2025-01-03T10:23:40.786-0800] {dag.py:3239} INFO - Sync 3 DAGs
[2025-01-03T10:23:40.816-0800] {logging_mixin.py:190} INFO - [2025-01-03T10:23:40.816-0800] {dag.py:4180} INFO - Setting next_dagrun for dataset_with_extra_by_context to 2025-01-02 00:00:00+00:00, run_after=2025-01-03 00:00:00+00:00
[2025-01-03T10:23:40.822-0800] {logging_mixin.py:190} INFO - [2025-01-03T10:23:40.822-0800] {dag.py:4180} INFO - Setting next_dagrun for dataset_with_extra_by_yield to 2025-01-02 00:00:00+00:00, run_after=2025-01-03 00:00:00+00:00
[2025-01-03T10:23:40.826-0800] {logging_mixin.py:190} INFO - [2025-01-03T10:23:40.826-0800] {dag.py:4180} INFO - Setting next_dagrun for dataset_with_extra_from_classic_operator to 2025-01-02 00:00:00+00:00, run_after=2025-01-03 00:00:00+00:00
[2025-01-03T10:23:40.857-0800] {processor.py:208} INFO - Processing /opt/anaconda3/envs/airflow_env/lib/python3.9/site-packages/airflow/example_dags/example_outlet_event_extra.py took 0.499 seconds
[2025-01-03T10:27:47.188-0800] {processor.py:186} INFO - Started process (PID=47725) to work on /opt/anaconda3/envs/airflow_env/lib/python3.9/site-packages/airflow/example_dags/example_outlet_event_extra.py
[2025-01-03T10:27:47.190-0800] {processor.py:914} INFO - Processing file /opt/anaconda3/envs/airflow_env/lib/python3.9/site-packages/airflow/example_dags/example_outlet_event_extra.py for tasks to queue
[2025-01-03T10:27:47.192-0800] {logging_mixin.py:190} INFO - [2025-01-03T10:27:47.191-0800] {dagbag.py:588} INFO - Filling up the DagBag from /opt/anaconda3/envs/airflow_env/lib/python3.9/site-packages/airflow/example_dags/example_outlet_event_extra.py
[2025-01-03T10:27:47.371-0800] {processor.py:925} INFO - DAG(s) 'dataset_with_extra_by_context', 'dataset_with_extra_from_classic_operator', 'dataset_with_extra_by_yield' retrieved from /opt/anaconda3/envs/airflow_env/lib/python3.9/site-packages/airflow/example_dags/example_outlet_event_extra.py
[2025-01-03T10:27:47.532-0800] {logging_mixin.py:190} INFO - [2025-01-03T10:27:47.532-0800] {dag.py:3239} INFO - Sync 3 DAGs
[2025-01-03T10:27:47.560-0800] {logging_mixin.py:190} INFO - [2025-01-03T10:27:47.559-0800] {dag.py:4180} INFO - Setting next_dagrun for dataset_with_extra_by_context to 2025-01-02 00:00:00+00:00, run_after=2025-01-03 00:00:00+00:00
[2025-01-03T10:27:47.566-0800] {logging_mixin.py:190} INFO - [2025-01-03T10:27:47.565-0800] {dag.py:4180} INFO - Setting next_dagrun for dataset_with_extra_by_yield to 2025-01-02 00:00:00+00:00, run_after=2025-01-03 00:00:00+00:00
[2025-01-03T10:27:47.569-0800] {logging_mixin.py:190} INFO - [2025-01-03T10:27:47.568-0800] {dag.py:4180} INFO - Setting next_dagrun for dataset_with_extra_from_classic_operator to 2025-01-02 00:00:00+00:00, run_after=2025-01-03 00:00:00+00:00
[2025-01-03T10:27:47.601-0800] {processor.py:208} INFO - Processing /opt/anaconda3/envs/airflow_env/lib/python3.9/site-packages/airflow/example_dags/example_outlet_event_extra.py took 0.418 seconds
[2025-01-03T10:32:11.793-0800] {processor.py:186} INFO - Started process (PID=47851) to work on /opt/anaconda3/envs/airflow_env/lib/python3.9/site-packages/airflow/example_dags/example_outlet_event_extra.py
[2025-01-03T10:32:11.796-0800] {processor.py:914} INFO - Processing file /opt/anaconda3/envs/airflow_env/lib/python3.9/site-packages/airflow/example_dags/example_outlet_event_extra.py for tasks to queue
[2025-01-03T10:32:11.798-0800] {logging_mixin.py:190} INFO - [2025-01-03T10:32:11.798-0800] {dagbag.py:588} INFO - Filling up the DagBag from /opt/anaconda3/envs/airflow_env/lib/python3.9/site-packages/airflow/example_dags/example_outlet_event_extra.py
[2025-01-03T10:32:12.128-0800] {processor.py:925} INFO - DAG(s) 'dataset_with_extra_by_yield', 'dataset_with_extra_by_context', 'dataset_with_extra_from_classic_operator' retrieved from /opt/anaconda3/envs/airflow_env/lib/python3.9/site-packages/airflow/example_dags/example_outlet_event_extra.py
[2025-01-03T10:32:12.524-0800] {logging_mixin.py:190} INFO - [2025-01-03T10:32:12.523-0800] {dag.py:3239} INFO - Sync 3 DAGs
[2025-01-03T10:32:12.556-0800] {logging_mixin.py:190} INFO - [2025-01-03T10:32:12.556-0800] {dag.py:4180} INFO - Setting next_dagrun for dataset_with_extra_by_context to 2025-01-02 00:00:00+00:00, run_after=2025-01-03 00:00:00+00:00
[2025-01-03T10:32:12.564-0800] {logging_mixin.py:190} INFO - [2025-01-03T10:32:12.564-0800] {dag.py:4180} INFO - Setting next_dagrun for dataset_with_extra_by_yield to 2025-01-02 00:00:00+00:00, run_after=2025-01-03 00:00:00+00:00
[2025-01-03T10:32:12.570-0800] {logging_mixin.py:190} INFO - [2025-01-03T10:32:12.570-0800] {dag.py:4180} INFO - Setting next_dagrun for dataset_with_extra_from_classic_operator to 2025-01-02 00:00:00+00:00, run_after=2025-01-03 00:00:00+00:00
[2025-01-03T10:32:12.602-0800] {processor.py:208} INFO - Processing /opt/anaconda3/envs/airflow_env/lib/python3.9/site-packages/airflow/example_dags/example_outlet_event_extra.py took 0.814 seconds
[2025-01-03T10:36:34.127-0800] {processor.py:186} INFO - Started process (PID=47991) to work on /opt/anaconda3/envs/airflow_env/lib/python3.9/site-packages/airflow/example_dags/example_outlet_event_extra.py
[2025-01-03T10:36:34.129-0800] {processor.py:914} INFO - Processing file /opt/anaconda3/envs/airflow_env/lib/python3.9/site-packages/airflow/example_dags/example_outlet_event_extra.py for tasks to queue
[2025-01-03T10:36:34.131-0800] {logging_mixin.py:190} INFO - [2025-01-03T10:36:34.130-0800] {dagbag.py:588} INFO - Filling up the DagBag from /opt/anaconda3/envs/airflow_env/lib/python3.9/site-packages/airflow/example_dags/example_outlet_event_extra.py
[2025-01-03T10:36:34.354-0800] {processor.py:925} INFO - DAG(s) 'dataset_with_extra_from_classic_operator', 'dataset_with_extra_by_context', 'dataset_with_extra_by_yield' retrieved from /opt/anaconda3/envs/airflow_env/lib/python3.9/site-packages/airflow/example_dags/example_outlet_event_extra.py
[2025-01-03T10:36:34.508-0800] {logging_mixin.py:190} INFO - [2025-01-03T10:36:34.508-0800] {dag.py:3239} INFO - Sync 3 DAGs
[2025-01-03T10:36:34.543-0800] {logging_mixin.py:190} INFO - [2025-01-03T10:36:34.542-0800] {dag.py:4180} INFO - Setting next_dagrun for dataset_with_extra_by_context to 2025-01-02 00:00:00+00:00, run_after=2025-01-03 00:00:00+00:00
[2025-01-03T10:36:34.550-0800] {logging_mixin.py:190} INFO - [2025-01-03T10:36:34.549-0800] {dag.py:4180} INFO - Setting next_dagrun for dataset_with_extra_by_yield to 2025-01-02 00:00:00+00:00, run_after=2025-01-03 00:00:00+00:00
[2025-01-03T10:36:34.555-0800] {logging_mixin.py:190} INFO - [2025-01-03T10:36:34.555-0800] {dag.py:4180} INFO - Setting next_dagrun for dataset_with_extra_from_classic_operator to 2025-01-02 00:00:00+00:00, run_after=2025-01-03 00:00:00+00:00
[2025-01-03T10:36:34.584-0800] {processor.py:208} INFO - Processing /opt/anaconda3/envs/airflow_env/lib/python3.9/site-packages/airflow/example_dags/example_outlet_event_extra.py took 0.464 seconds
[2025-01-03T10:40:54.112-0800] {processor.py:186} INFO - Started process (PID=48120) to work on /opt/anaconda3/envs/airflow_env/lib/python3.9/site-packages/airflow/example_dags/example_outlet_event_extra.py
[2025-01-03T10:40:54.115-0800] {processor.py:914} INFO - Processing file /opt/anaconda3/envs/airflow_env/lib/python3.9/site-packages/airflow/example_dags/example_outlet_event_extra.py for tasks to queue
[2025-01-03T10:40:54.118-0800] {logging_mixin.py:190} INFO - [2025-01-03T10:40:54.117-0800] {dagbag.py:588} INFO - Filling up the DagBag from /opt/anaconda3/envs/airflow_env/lib/python3.9/site-packages/airflow/example_dags/example_outlet_event_extra.py
[2025-01-03T10:40:54.314-0800] {processor.py:925} INFO - DAG(s) 'dataset_with_extra_by_yield', 'dataset_with_extra_from_classic_operator', 'dataset_with_extra_by_context' retrieved from /opt/anaconda3/envs/airflow_env/lib/python3.9/site-packages/airflow/example_dags/example_outlet_event_extra.py
[2025-01-03T10:40:54.491-0800] {logging_mixin.py:190} INFO - [2025-01-03T10:40:54.491-0800] {dag.py:3239} INFO - Sync 3 DAGs
[2025-01-03T10:40:54.526-0800] {logging_mixin.py:190} INFO - [2025-01-03T10:40:54.526-0800] {dag.py:4180} INFO - Setting next_dagrun for dataset_with_extra_by_context to 2025-01-02 00:00:00+00:00, run_after=2025-01-03 00:00:00+00:00
[2025-01-03T10:40:54.533-0800] {logging_mixin.py:190} INFO - [2025-01-03T10:40:54.532-0800] {dag.py:4180} INFO - Setting next_dagrun for dataset_with_extra_by_yield to 2025-01-02 00:00:00+00:00, run_after=2025-01-03 00:00:00+00:00
[2025-01-03T10:40:54.536-0800] {logging_mixin.py:190} INFO - [2025-01-03T10:40:54.536-0800] {dag.py:4180} INFO - Setting next_dagrun for dataset_with_extra_from_classic_operator to 2025-01-02 00:00:00+00:00, run_after=2025-01-03 00:00:00+00:00
[2025-01-03T10:40:54.570-0800] {processor.py:208} INFO - Processing /opt/anaconda3/envs/airflow_env/lib/python3.9/site-packages/airflow/example_dags/example_outlet_event_extra.py took 0.463 seconds
[2025-01-03T10:44:44.681-0800] {processor.py:186} INFO - Started process (PID=48240) to work on /opt/anaconda3/envs/airflow_env/lib/python3.9/site-packages/airflow/example_dags/example_outlet_event_extra.py
[2025-01-03T10:44:44.683-0800] {processor.py:914} INFO - Processing file /opt/anaconda3/envs/airflow_env/lib/python3.9/site-packages/airflow/example_dags/example_outlet_event_extra.py for tasks to queue
[2025-01-03T10:44:44.685-0800] {logging_mixin.py:190} INFO - [2025-01-03T10:44:44.685-0800] {dagbag.py:588} INFO - Filling up the DagBag from /opt/anaconda3/envs/airflow_env/lib/python3.9/site-packages/airflow/example_dags/example_outlet_event_extra.py
[2025-01-03T10:44:44.872-0800] {processor.py:925} INFO - DAG(s) 'dataset_with_extra_by_yield', 'dataset_with_extra_from_classic_operator', 'dataset_with_extra_by_context' retrieved from /opt/anaconda3/envs/airflow_env/lib/python3.9/site-packages/airflow/example_dags/example_outlet_event_extra.py
[2025-01-03T10:44:45.025-0800] {logging_mixin.py:190} INFO - [2025-01-03T10:44:45.025-0800] {dag.py:3239} INFO - Sync 3 DAGs
[2025-01-03T10:44:45.054-0800] {logging_mixin.py:190} INFO - [2025-01-03T10:44:45.054-0800] {dag.py:4180} INFO - Setting next_dagrun for dataset_with_extra_by_context to 2025-01-02 00:00:00+00:00, run_after=2025-01-03 00:00:00+00:00
[2025-01-03T10:44:45.061-0800] {logging_mixin.py:190} INFO - [2025-01-03T10:44:45.060-0800] {dag.py:4180} INFO - Setting next_dagrun for dataset_with_extra_by_yield to 2025-01-02 00:00:00+00:00, run_after=2025-01-03 00:00:00+00:00
[2025-01-03T10:44:45.064-0800] {logging_mixin.py:190} INFO - [2025-01-03T10:44:45.064-0800] {dag.py:4180} INFO - Setting next_dagrun for dataset_with_extra_from_classic_operator to 2025-01-02 00:00:00+00:00, run_after=2025-01-03 00:00:00+00:00
[2025-01-03T10:44:45.091-0800] {processor.py:208} INFO - Processing /opt/anaconda3/envs/airflow_env/lib/python3.9/site-packages/airflow/example_dags/example_outlet_event_extra.py took 0.415 seconds
[2025-01-03T10:48:41.026-0800] {processor.py:186} INFO - Started process (PID=48377) to work on /opt/anaconda3/envs/airflow_env/lib/python3.9/site-packages/airflow/example_dags/example_outlet_event_extra.py
[2025-01-03T10:48:41.030-0800] {processor.py:914} INFO - Processing file /opt/anaconda3/envs/airflow_env/lib/python3.9/site-packages/airflow/example_dags/example_outlet_event_extra.py for tasks to queue
[2025-01-03T10:48:41.031-0800] {logging_mixin.py:190} INFO - [2025-01-03T10:48:41.031-0800] {dagbag.py:588} INFO - Filling up the DagBag from /opt/anaconda3/envs/airflow_env/lib/python3.9/site-packages/airflow/example_dags/example_outlet_event_extra.py
[2025-01-03T10:48:41.235-0800] {processor.py:925} INFO - DAG(s) 'dataset_with_extra_from_classic_operator', 'dataset_with_extra_by_context', 'dataset_with_extra_by_yield' retrieved from /opt/anaconda3/envs/airflow_env/lib/python3.9/site-packages/airflow/example_dags/example_outlet_event_extra.py
[2025-01-03T10:48:41.441-0800] {logging_mixin.py:190} INFO - [2025-01-03T10:48:41.441-0800] {dag.py:3239} INFO - Sync 3 DAGs
[2025-01-03T10:48:41.504-0800] {logging_mixin.py:190} INFO - [2025-01-03T10:48:41.503-0800] {dag.py:4180} INFO - Setting next_dagrun for dataset_with_extra_by_context to 2025-01-02 00:00:00+00:00, run_after=2025-01-03 00:00:00+00:00
[2025-01-03T10:48:41.513-0800] {logging_mixin.py:190} INFO - [2025-01-03T10:48:41.512-0800] {dag.py:4180} INFO - Setting next_dagrun for dataset_with_extra_by_yield to 2025-01-02 00:00:00+00:00, run_after=2025-01-03 00:00:00+00:00
[2025-01-03T10:48:41.518-0800] {logging_mixin.py:190} INFO - [2025-01-03T10:48:41.517-0800] {dag.py:4180} INFO - Setting next_dagrun for dataset_with_extra_from_classic_operator to 2025-01-02 00:00:00+00:00, run_after=2025-01-03 00:00:00+00:00
[2025-01-03T10:48:41.565-0800] {processor.py:208} INFO - Processing /opt/anaconda3/envs/airflow_env/lib/python3.9/site-packages/airflow/example_dags/example_outlet_event_extra.py took 0.544 seconds
[2025-01-03T10:53:01.242-0800] {processor.py:186} INFO - Started process (PID=48583) to work on /opt/anaconda3/envs/airflow_env/lib/python3.9/site-packages/airflow/example_dags/example_outlet_event_extra.py
[2025-01-03T10:53:01.244-0800] {processor.py:914} INFO - Processing file /opt/anaconda3/envs/airflow_env/lib/python3.9/site-packages/airflow/example_dags/example_outlet_event_extra.py for tasks to queue
[2025-01-03T10:53:01.246-0800] {logging_mixin.py:190} INFO - [2025-01-03T10:53:01.245-0800] {dagbag.py:588} INFO - Filling up the DagBag from /opt/anaconda3/envs/airflow_env/lib/python3.9/site-packages/airflow/example_dags/example_outlet_event_extra.py
[2025-01-03T10:53:01.500-0800] {processor.py:925} INFO - DAG(s) 'dataset_with_extra_from_classic_operator', 'dataset_with_extra_by_context', 'dataset_with_extra_by_yield' retrieved from /opt/anaconda3/envs/airflow_env/lib/python3.9/site-packages/airflow/example_dags/example_outlet_event_extra.py
[2025-01-03T10:53:01.809-0800] {logging_mixin.py:190} INFO - [2025-01-03T10:53:01.809-0800] {dag.py:3239} INFO - Sync 3 DAGs
[2025-01-03T10:53:01.860-0800] {logging_mixin.py:190} INFO - [2025-01-03T10:53:01.860-0800] {dag.py:4180} INFO - Setting next_dagrun for dataset_with_extra_by_context to 2025-01-02 00:00:00+00:00, run_after=2025-01-03 00:00:00+00:00
[2025-01-03T10:53:01.866-0800] {logging_mixin.py:190} INFO - [2025-01-03T10:53:01.866-0800] {dag.py:4180} INFO - Setting next_dagrun for dataset_with_extra_by_yield to 2025-01-02 00:00:00+00:00, run_after=2025-01-03 00:00:00+00:00
[2025-01-03T10:53:01.878-0800] {logging_mixin.py:190} INFO - [2025-01-03T10:53:01.878-0800] {dag.py:4180} INFO - Setting next_dagrun for dataset_with_extra_from_classic_operator to 2025-01-02 00:00:00+00:00, run_after=2025-01-03 00:00:00+00:00
[2025-01-03T10:53:01.918-0800] {processor.py:208} INFO - Processing /opt/anaconda3/envs/airflow_env/lib/python3.9/site-packages/airflow/example_dags/example_outlet_event_extra.py took 0.683 seconds
[2025-01-03T10:57:11.421-0800] {processor.py:186} INFO - Started process (PID=48807) to work on /opt/anaconda3/envs/airflow_env/lib/python3.9/site-packages/airflow/example_dags/example_outlet_event_extra.py
[2025-01-03T10:57:11.423-0800] {processor.py:914} INFO - Processing file /opt/anaconda3/envs/airflow_env/lib/python3.9/site-packages/airflow/example_dags/example_outlet_event_extra.py for tasks to queue
[2025-01-03T10:57:11.425-0800] {logging_mixin.py:190} INFO - [2025-01-03T10:57:11.425-0800] {dagbag.py:588} INFO - Filling up the DagBag from /opt/anaconda3/envs/airflow_env/lib/python3.9/site-packages/airflow/example_dags/example_outlet_event_extra.py
[2025-01-03T10:57:11.607-0800] {processor.py:925} INFO - DAG(s) 'dataset_with_extra_by_context', 'dataset_with_extra_from_classic_operator', 'dataset_with_extra_by_yield' retrieved from /opt/anaconda3/envs/airflow_env/lib/python3.9/site-packages/airflow/example_dags/example_outlet_event_extra.py
[2025-01-03T10:57:11.762-0800] {logging_mixin.py:190} INFO - [2025-01-03T10:57:11.762-0800] {dag.py:3239} INFO - Sync 3 DAGs
[2025-01-03T10:57:11.789-0800] {logging_mixin.py:190} INFO - [2025-01-03T10:57:11.789-0800] {dag.py:4180} INFO - Setting next_dagrun for dataset_with_extra_by_context to 2025-01-02 00:00:00+00:00, run_after=2025-01-03 00:00:00+00:00
[2025-01-03T10:57:11.794-0800] {logging_mixin.py:190} INFO - [2025-01-03T10:57:11.794-0800] {dag.py:4180} INFO - Setting next_dagrun for dataset_with_extra_by_yield to 2025-01-02 00:00:00+00:00, run_after=2025-01-03 00:00:00+00:00
[2025-01-03T10:57:11.798-0800] {logging_mixin.py:190} INFO - [2025-01-03T10:57:11.798-0800] {dag.py:4180} INFO - Setting next_dagrun for dataset_with_extra_from_classic_operator to 2025-01-02 00:00:00+00:00, run_after=2025-01-03 00:00:00+00:00
[2025-01-03T10:57:11.827-0800] {processor.py:208} INFO - Processing /opt/anaconda3/envs/airflow_env/lib/python3.9/site-packages/airflow/example_dags/example_outlet_event_extra.py took 0.412 seconds
[2025-01-03T11:01:39.980-0800] {processor.py:186} INFO - Started process (PID=48923) to work on /opt/anaconda3/envs/airflow_env/lib/python3.9/site-packages/airflow/example_dags/example_outlet_event_extra.py
[2025-01-03T11:01:39.985-0800] {processor.py:914} INFO - Processing file /opt/anaconda3/envs/airflow_env/lib/python3.9/site-packages/airflow/example_dags/example_outlet_event_extra.py for tasks to queue
[2025-01-03T11:01:39.989-0800] {logging_mixin.py:190} INFO - [2025-01-03T11:01:39.989-0800] {dagbag.py:588} INFO - Filling up the DagBag from /opt/anaconda3/envs/airflow_env/lib/python3.9/site-packages/airflow/example_dags/example_outlet_event_extra.py
[2025-01-03T11:01:40.350-0800] {processor.py:925} INFO - DAG(s) 'dataset_with_extra_by_yield', 'dataset_with_extra_by_context', 'dataset_with_extra_from_classic_operator' retrieved from /opt/anaconda3/envs/airflow_env/lib/python3.9/site-packages/airflow/example_dags/example_outlet_event_extra.py
[2025-01-03T11:01:40.706-0800] {logging_mixin.py:190} INFO - [2025-01-03T11:01:40.706-0800] {dag.py:3239} INFO - Sync 3 DAGs
[2025-01-03T11:01:40.748-0800] {logging_mixin.py:190} INFO - [2025-01-03T11:01:40.747-0800] {dag.py:4180} INFO - Setting next_dagrun for dataset_with_extra_by_context to 2025-01-02 00:00:00+00:00, run_after=2025-01-03 00:00:00+00:00
[2025-01-03T11:01:40.757-0800] {logging_mixin.py:190} INFO - [2025-01-03T11:01:40.757-0800] {dag.py:4180} INFO - Setting next_dagrun for dataset_with_extra_by_yield to 2025-01-02 00:00:00+00:00, run_after=2025-01-03 00:00:00+00:00
[2025-01-03T11:01:40.762-0800] {logging_mixin.py:190} INFO - [2025-01-03T11:01:40.761-0800] {dag.py:4180} INFO - Setting next_dagrun for dataset_with_extra_from_classic_operator to 2025-01-02 00:00:00+00:00, run_after=2025-01-03 00:00:00+00:00
[2025-01-03T11:01:40.818-0800] {processor.py:208} INFO - Processing /opt/anaconda3/envs/airflow_env/lib/python3.9/site-packages/airflow/example_dags/example_outlet_event_extra.py took 0.842 seconds
[2025-01-03T11:06:17.875-0800] {processor.py:186} INFO - Started process (PID=49112) to work on /opt/anaconda3/envs/airflow_env/lib/python3.9/site-packages/airflow/example_dags/example_outlet_event_extra.py
[2025-01-03T11:06:17.877-0800] {processor.py:914} INFO - Processing file /opt/anaconda3/envs/airflow_env/lib/python3.9/site-packages/airflow/example_dags/example_outlet_event_extra.py for tasks to queue
[2025-01-03T11:06:17.879-0800] {logging_mixin.py:190} INFO - [2025-01-03T11:06:17.879-0800] {dagbag.py:588} INFO - Filling up the DagBag from /opt/anaconda3/envs/airflow_env/lib/python3.9/site-packages/airflow/example_dags/example_outlet_event_extra.py
[2025-01-03T11:06:18.095-0800] {processor.py:925} INFO - DAG(s) 'dataset_with_extra_from_classic_operator', 'dataset_with_extra_by_yield', 'dataset_with_extra_by_context' retrieved from /opt/anaconda3/envs/airflow_env/lib/python3.9/site-packages/airflow/example_dags/example_outlet_event_extra.py
[2025-01-03T11:06:18.246-0800] {logging_mixin.py:190} INFO - [2025-01-03T11:06:18.245-0800] {dag.py:3239} INFO - Sync 3 DAGs
[2025-01-03T11:06:18.274-0800] {logging_mixin.py:190} INFO - [2025-01-03T11:06:18.273-0800] {dag.py:4180} INFO - Setting next_dagrun for dataset_with_extra_by_context to 2025-01-02 00:00:00+00:00, run_after=2025-01-03 00:00:00+00:00
[2025-01-03T11:06:18.283-0800] {logging_mixin.py:190} INFO - [2025-01-03T11:06:18.282-0800] {dag.py:4180} INFO - Setting next_dagrun for dataset_with_extra_by_yield to 2025-01-02 00:00:00+00:00, run_after=2025-01-03 00:00:00+00:00
[2025-01-03T11:06:18.287-0800] {logging_mixin.py:190} INFO - [2025-01-03T11:06:18.287-0800] {dag.py:4180} INFO - Setting next_dagrun for dataset_with_extra_from_classic_operator to 2025-01-02 00:00:00+00:00, run_after=2025-01-03 00:00:00+00:00
[2025-01-03T11:06:18.322-0800] {processor.py:208} INFO - Processing /opt/anaconda3/envs/airflow_env/lib/python3.9/site-packages/airflow/example_dags/example_outlet_event_extra.py took 0.451 seconds
[2025-01-03T11:10:20.074-0800] {processor.py:186} INFO - Started process (PID=49279) to work on /opt/anaconda3/envs/airflow_env/lib/python3.9/site-packages/airflow/example_dags/example_outlet_event_extra.py
[2025-01-03T11:10:20.077-0800] {processor.py:914} INFO - Processing file /opt/anaconda3/envs/airflow_env/lib/python3.9/site-packages/airflow/example_dags/example_outlet_event_extra.py for tasks to queue
[2025-01-03T11:10:20.078-0800] {logging_mixin.py:190} INFO - [2025-01-03T11:10:20.078-0800] {dagbag.py:588} INFO - Filling up the DagBag from /opt/anaconda3/envs/airflow_env/lib/python3.9/site-packages/airflow/example_dags/example_outlet_event_extra.py
[2025-01-03T11:10:20.282-0800] {processor.py:925} INFO - DAG(s) 'dataset_with_extra_by_context', 'dataset_with_extra_from_classic_operator', 'dataset_with_extra_by_yield' retrieved from /opt/anaconda3/envs/airflow_env/lib/python3.9/site-packages/airflow/example_dags/example_outlet_event_extra.py
[2025-01-03T11:10:20.531-0800] {logging_mixin.py:190} INFO - [2025-01-03T11:10:20.531-0800] {dag.py:3239} INFO - Sync 3 DAGs
[2025-01-03T11:10:20.575-0800] {logging_mixin.py:190} INFO - [2025-01-03T11:10:20.574-0800] {dag.py:4180} INFO - Setting next_dagrun for dataset_with_extra_by_context to 2025-01-02 00:00:00+00:00, run_after=2025-01-03 00:00:00+00:00
[2025-01-03T11:10:20.581-0800] {logging_mixin.py:190} INFO - [2025-01-03T11:10:20.581-0800] {dag.py:4180} INFO - Setting next_dagrun for dataset_with_extra_by_yield to 2025-01-02 00:00:00+00:00, run_after=2025-01-03 00:00:00+00:00
[2025-01-03T11:10:20.584-0800] {logging_mixin.py:190} INFO - [2025-01-03T11:10:20.584-0800] {dag.py:4180} INFO - Setting next_dagrun for dataset_with_extra_from_classic_operator to 2025-01-02 00:00:00+00:00, run_after=2025-01-03 00:00:00+00:00
[2025-01-03T11:10:20.615-0800] {processor.py:208} INFO - Processing /opt/anaconda3/envs/airflow_env/lib/python3.9/site-packages/airflow/example_dags/example_outlet_event_extra.py took 0.548 seconds
[2025-01-03T11:15:06.386-0800] {processor.py:186} INFO - Started process (PID=49639) to work on /opt/anaconda3/envs/airflow_env/lib/python3.9/site-packages/airflow/example_dags/example_outlet_event_extra.py
[2025-01-03T11:15:06.393-0800] {processor.py:914} INFO - Processing file /opt/anaconda3/envs/airflow_env/lib/python3.9/site-packages/airflow/example_dags/example_outlet_event_extra.py for tasks to queue
[2025-01-03T11:15:06.395-0800] {logging_mixin.py:190} INFO - [2025-01-03T11:15:06.395-0800] {dagbag.py:588} INFO - Filling up the DagBag from /opt/anaconda3/envs/airflow_env/lib/python3.9/site-packages/airflow/example_dags/example_outlet_event_extra.py
[2025-01-03T11:15:06.711-0800] {processor.py:925} INFO - DAG(s) 'dataset_with_extra_by_context', 'dataset_with_extra_from_classic_operator', 'dataset_with_extra_by_yield' retrieved from /opt/anaconda3/envs/airflow_env/lib/python3.9/site-packages/airflow/example_dags/example_outlet_event_extra.py
[2025-01-03T11:15:06.955-0800] {logging_mixin.py:190} INFO - [2025-01-03T11:15:06.954-0800] {dag.py:3239} INFO - Sync 3 DAGs
[2025-01-03T11:15:06.985-0800] {logging_mixin.py:190} INFO - [2025-01-03T11:15:06.984-0800] {dag.py:4180} INFO - Setting next_dagrun for dataset_with_extra_by_context to 2025-01-02 00:00:00+00:00, run_after=2025-01-03 00:00:00+00:00
[2025-01-03T11:15:06.991-0800] {logging_mixin.py:190} INFO - [2025-01-03T11:15:06.990-0800] {dag.py:4180} INFO - Setting next_dagrun for dataset_with_extra_by_yield to 2025-01-02 00:00:00+00:00, run_after=2025-01-03 00:00:00+00:00
[2025-01-03T11:15:06.994-0800] {logging_mixin.py:190} INFO - [2025-01-03T11:15:06.993-0800] {dag.py:4180} INFO - Setting next_dagrun for dataset_with_extra_from_classic_operator to 2025-01-02 00:00:00+00:00, run_after=2025-01-03 00:00:00+00:00
[2025-01-03T11:15:07.027-0800] {processor.py:208} INFO - Processing /opt/anaconda3/envs/airflow_env/lib/python3.9/site-packages/airflow/example_dags/example_outlet_event_extra.py took 0.650 seconds
[2025-01-03T11:19:40.020-0800] {processor.py:186} INFO - Started process (PID=49799) to work on /opt/anaconda3/envs/airflow_env/lib/python3.9/site-packages/airflow/example_dags/example_outlet_event_extra.py
[2025-01-03T11:19:40.023-0800] {processor.py:914} INFO - Processing file /opt/anaconda3/envs/airflow_env/lib/python3.9/site-packages/airflow/example_dags/example_outlet_event_extra.py for tasks to queue
[2025-01-03T11:19:40.036-0800] {logging_mixin.py:190} INFO - [2025-01-03T11:19:40.035-0800] {dagbag.py:588} INFO - Filling up the DagBag from /opt/anaconda3/envs/airflow_env/lib/python3.9/site-packages/airflow/example_dags/example_outlet_event_extra.py
[2025-01-03T11:19:40.517-0800] {processor.py:925} INFO - DAG(s) 'dataset_with_extra_by_yield', 'dataset_with_extra_by_context', 'dataset_with_extra_from_classic_operator' retrieved from /opt/anaconda3/envs/airflow_env/lib/python3.9/site-packages/airflow/example_dags/example_outlet_event_extra.py
[2025-01-03T11:19:41.025-0800] {logging_mixin.py:190} INFO - [2025-01-03T11:19:41.024-0800] {dag.py:3239} INFO - Sync 3 DAGs
[2025-01-03T11:19:41.085-0800] {logging_mixin.py:190} INFO - [2025-01-03T11:19:41.085-0800] {dag.py:4180} INFO - Setting next_dagrun for dataset_with_extra_by_context to 2025-01-02 00:00:00+00:00, run_after=2025-01-03 00:00:00+00:00
[2025-01-03T11:19:41.100-0800] {logging_mixin.py:190} INFO - [2025-01-03T11:19:41.100-0800] {dag.py:4180} INFO - Setting next_dagrun for dataset_with_extra_by_yield to 2025-01-02 00:00:00+00:00, run_after=2025-01-03 00:00:00+00:00
[2025-01-03T11:19:41.111-0800] {logging_mixin.py:190} INFO - [2025-01-03T11:19:41.110-0800] {dag.py:4180} INFO - Setting next_dagrun for dataset_with_extra_from_classic_operator to 2025-01-02 00:00:00+00:00, run_after=2025-01-03 00:00:00+00:00
[2025-01-03T11:19:41.165-0800] {processor.py:208} INFO - Processing /opt/anaconda3/envs/airflow_env/lib/python3.9/site-packages/airflow/example_dags/example_outlet_event_extra.py took 1.152 seconds
[2025-01-03T11:23:56.084-0800] {processor.py:186} INFO - Started process (PID=49949) to work on /opt/anaconda3/envs/airflow_env/lib/python3.9/site-packages/airflow/example_dags/example_outlet_event_extra.py
[2025-01-03T11:23:56.087-0800] {processor.py:914} INFO - Processing file /opt/anaconda3/envs/airflow_env/lib/python3.9/site-packages/airflow/example_dags/example_outlet_event_extra.py for tasks to queue
[2025-01-03T11:23:56.088-0800] {logging_mixin.py:190} INFO - [2025-01-03T11:23:56.088-0800] {dagbag.py:588} INFO - Filling up the DagBag from /opt/anaconda3/envs/airflow_env/lib/python3.9/site-packages/airflow/example_dags/example_outlet_event_extra.py
[2025-01-03T11:23:56.290-0800] {processor.py:925} INFO - DAG(s) 'dataset_with_extra_by_context', 'dataset_with_extra_by_yield', 'dataset_with_extra_from_classic_operator' retrieved from /opt/anaconda3/envs/airflow_env/lib/python3.9/site-packages/airflow/example_dags/example_outlet_event_extra.py
[2025-01-03T11:23:56.516-0800] {logging_mixin.py:190} INFO - [2025-01-03T11:23:56.516-0800] {dag.py:3239} INFO - Sync 3 DAGs
[2025-01-03T11:23:56.551-0800] {logging_mixin.py:190} INFO - [2025-01-03T11:23:56.551-0800] {dag.py:4180} INFO - Setting next_dagrun for dataset_with_extra_by_context to 2025-01-02 00:00:00+00:00, run_after=2025-01-03 00:00:00+00:00
[2025-01-03T11:23:56.557-0800] {logging_mixin.py:190} INFO - [2025-01-03T11:23:56.557-0800] {dag.py:4180} INFO - Setting next_dagrun for dataset_with_extra_by_yield to 2025-01-02 00:00:00+00:00, run_after=2025-01-03 00:00:00+00:00
[2025-01-03T11:23:56.567-0800] {logging_mixin.py:190} INFO - [2025-01-03T11:23:56.567-0800] {dag.py:4180} INFO - Setting next_dagrun for dataset_with_extra_from_classic_operator to 2025-01-02 00:00:00+00:00, run_after=2025-01-03 00:00:00+00:00
[2025-01-03T11:23:56.605-0800] {processor.py:208} INFO - Processing /opt/anaconda3/envs/airflow_env/lib/python3.9/site-packages/airflow/example_dags/example_outlet_event_extra.py took 0.525 seconds
[2025-01-03T11:28:39.262-0800] {processor.py:186} INFO - Started process (PID=50127) to work on /opt/anaconda3/envs/airflow_env/lib/python3.9/site-packages/airflow/example_dags/example_outlet_event_extra.py
[2025-01-03T11:28:39.265-0800] {processor.py:914} INFO - Processing file /opt/anaconda3/envs/airflow_env/lib/python3.9/site-packages/airflow/example_dags/example_outlet_event_extra.py for tasks to queue
[2025-01-03T11:28:39.268-0800] {logging_mixin.py:190} INFO - [2025-01-03T11:28:39.266-0800] {dagbag.py:588} INFO - Filling up the DagBag from /opt/anaconda3/envs/airflow_env/lib/python3.9/site-packages/airflow/example_dags/example_outlet_event_extra.py
[2025-01-03T11:28:39.512-0800] {processor.py:925} INFO - DAG(s) 'dataset_with_extra_by_yield', 'dataset_with_extra_from_classic_operator', 'dataset_with_extra_by_context' retrieved from /opt/anaconda3/envs/airflow_env/lib/python3.9/site-packages/airflow/example_dags/example_outlet_event_extra.py
[2025-01-03T11:28:39.672-0800] {logging_mixin.py:190} INFO - [2025-01-03T11:28:39.671-0800] {dag.py:3239} INFO - Sync 3 DAGs
[2025-01-03T11:28:39.700-0800] {logging_mixin.py:190} INFO - [2025-01-03T11:28:39.700-0800] {dag.py:4180} INFO - Setting next_dagrun for dataset_with_extra_by_context to 2025-01-02 00:00:00+00:00, run_after=2025-01-03 00:00:00+00:00
[2025-01-03T11:28:39.705-0800] {logging_mixin.py:190} INFO - [2025-01-03T11:28:39.705-0800] {dag.py:4180} INFO - Setting next_dagrun for dataset_with_extra_by_yield to 2025-01-02 00:00:00+00:00, run_after=2025-01-03 00:00:00+00:00
[2025-01-03T11:28:39.710-0800] {logging_mixin.py:190} INFO - [2025-01-03T11:28:39.710-0800] {dag.py:4180} INFO - Setting next_dagrun for dataset_with_extra_from_classic_operator to 2025-01-02 00:00:00+00:00, run_after=2025-01-03 00:00:00+00:00
[2025-01-03T11:28:39.737-0800] {processor.py:208} INFO - Processing /opt/anaconda3/envs/airflow_env/lib/python3.9/site-packages/airflow/example_dags/example_outlet_event_extra.py took 0.479 seconds
[2025-01-03T11:33:18.260-0800] {processor.py:186} INFO - Started process (PID=50320) to work on /opt/anaconda3/envs/airflow_env/lib/python3.9/site-packages/airflow/example_dags/example_outlet_event_extra.py
[2025-01-03T11:33:18.263-0800] {processor.py:914} INFO - Processing file /opt/anaconda3/envs/airflow_env/lib/python3.9/site-packages/airflow/example_dags/example_outlet_event_extra.py for tasks to queue
[2025-01-03T11:33:18.267-0800] {logging_mixin.py:190} INFO - [2025-01-03T11:33:18.266-0800] {dagbag.py:588} INFO - Filling up the DagBag from /opt/anaconda3/envs/airflow_env/lib/python3.9/site-packages/airflow/example_dags/example_outlet_event_extra.py
[2025-01-03T11:33:18.695-0800] {processor.py:925} INFO - DAG(s) 'dataset_with_extra_by_context', 'dataset_with_extra_from_classic_operator', 'dataset_with_extra_by_yield' retrieved from /opt/anaconda3/envs/airflow_env/lib/python3.9/site-packages/airflow/example_dags/example_outlet_event_extra.py
[2025-01-03T11:33:19.002-0800] {logging_mixin.py:190} INFO - [2025-01-03T11:33:19.001-0800] {dag.py:3239} INFO - Sync 3 DAGs
[2025-01-03T11:33:19.141-0800] {logging_mixin.py:190} INFO - [2025-01-03T11:33:19.140-0800] {dag.py:4180} INFO - Setting next_dagrun for dataset_with_extra_by_context to 2025-01-02 00:00:00+00:00, run_after=2025-01-03 00:00:00+00:00
[2025-01-03T11:33:19.153-0800] {logging_mixin.py:190} INFO - [2025-01-03T11:33:19.153-0800] {dag.py:4180} INFO - Setting next_dagrun for dataset_with_extra_by_yield to 2025-01-02 00:00:00+00:00, run_after=2025-01-03 00:00:00+00:00
[2025-01-03T11:33:19.157-0800] {logging_mixin.py:190} INFO - [2025-01-03T11:33:19.157-0800] {dag.py:4180} INFO - Setting next_dagrun for dataset_with_extra_from_classic_operator to 2025-01-02 00:00:00+00:00, run_after=2025-01-03 00:00:00+00:00
[2025-01-03T11:33:19.195-0800] {processor.py:208} INFO - Processing /opt/anaconda3/envs/airflow_env/lib/python3.9/site-packages/airflow/example_dags/example_outlet_event_extra.py took 0.941 seconds
[2025-01-03T11:38:05.479-0800] {processor.py:186} INFO - Started process (PID=50517) to work on /opt/anaconda3/envs/airflow_env/lib/python3.9/site-packages/airflow/example_dags/example_outlet_event_extra.py
[2025-01-03T11:38:05.481-0800] {processor.py:914} INFO - Processing file /opt/anaconda3/envs/airflow_env/lib/python3.9/site-packages/airflow/example_dags/example_outlet_event_extra.py for tasks to queue
[2025-01-03T11:38:05.483-0800] {logging_mixin.py:190} INFO - [2025-01-03T11:38:05.482-0800] {dagbag.py:588} INFO - Filling up the DagBag from /opt/anaconda3/envs/airflow_env/lib/python3.9/site-packages/airflow/example_dags/example_outlet_event_extra.py
[2025-01-03T11:38:05.668-0800] {processor.py:925} INFO - DAG(s) 'dataset_with_extra_from_classic_operator', 'dataset_with_extra_by_yield', 'dataset_with_extra_by_context' retrieved from /opt/anaconda3/envs/airflow_env/lib/python3.9/site-packages/airflow/example_dags/example_outlet_event_extra.py
[2025-01-03T11:38:05.849-0800] {logging_mixin.py:190} INFO - [2025-01-03T11:38:05.849-0800] {dag.py:3239} INFO - Sync 3 DAGs
[2025-01-03T11:38:05.874-0800] {logging_mixin.py:190} INFO - [2025-01-03T11:38:05.874-0800] {dag.py:4180} INFO - Setting next_dagrun for dataset_with_extra_by_context to 2025-01-02 00:00:00+00:00, run_after=2025-01-03 00:00:00+00:00
[2025-01-03T11:38:05.880-0800] {logging_mixin.py:190} INFO - [2025-01-03T11:38:05.879-0800] {dag.py:4180} INFO - Setting next_dagrun for dataset_with_extra_by_yield to 2025-01-02 00:00:00+00:00, run_after=2025-01-03 00:00:00+00:00
[2025-01-03T11:38:05.883-0800] {logging_mixin.py:190} INFO - [2025-01-03T11:38:05.883-0800] {dag.py:4180} INFO - Setting next_dagrun for dataset_with_extra_from_classic_operator to 2025-01-02 00:00:00+00:00, run_after=2025-01-03 00:00:00+00:00
[2025-01-03T11:38:05.912-0800] {processor.py:208} INFO - Processing /opt/anaconda3/envs/airflow_env/lib/python3.9/site-packages/airflow/example_dags/example_outlet_event_extra.py took 0.439 seconds
[2025-01-03T11:42:36.318-0800] {processor.py:186} INFO - Started process (PID=50700) to work on /opt/anaconda3/envs/airflow_env/lib/python3.9/site-packages/airflow/example_dags/example_outlet_event_extra.py
[2025-01-03T11:42:36.323-0800] {processor.py:914} INFO - Processing file /opt/anaconda3/envs/airflow_env/lib/python3.9/site-packages/airflow/example_dags/example_outlet_event_extra.py for tasks to queue
[2025-01-03T11:42:36.324-0800] {logging_mixin.py:190} INFO - [2025-01-03T11:42:36.324-0800] {dagbag.py:588} INFO - Filling up the DagBag from /opt/anaconda3/envs/airflow_env/lib/python3.9/site-packages/airflow/example_dags/example_outlet_event_extra.py
[2025-01-03T11:42:36.518-0800] {processor.py:925} INFO - DAG(s) 'dataset_with_extra_from_classic_operator', 'dataset_with_extra_by_context', 'dataset_with_extra_by_yield' retrieved from /opt/anaconda3/envs/airflow_env/lib/python3.9/site-packages/airflow/example_dags/example_outlet_event_extra.py
[2025-01-03T11:42:36.665-0800] {logging_mixin.py:190} INFO - [2025-01-03T11:42:36.665-0800] {dag.py:3239} INFO - Sync 3 DAGs
[2025-01-03T11:42:36.689-0800] {logging_mixin.py:190} INFO - [2025-01-03T11:42:36.689-0800] {dag.py:4180} INFO - Setting next_dagrun for dataset_with_extra_by_context to 2025-01-02 00:00:00+00:00, run_after=2025-01-03 00:00:00+00:00
[2025-01-03T11:42:36.695-0800] {logging_mixin.py:190} INFO - [2025-01-03T11:42:36.695-0800] {dag.py:4180} INFO - Setting next_dagrun for dataset_with_extra_by_yield to 2025-01-02 00:00:00+00:00, run_after=2025-01-03 00:00:00+00:00
[2025-01-03T11:42:36.699-0800] {logging_mixin.py:190} INFO - [2025-01-03T11:42:36.699-0800] {dag.py:4180} INFO - Setting next_dagrun for dataset_with_extra_from_classic_operator to 2025-01-02 00:00:00+00:00, run_after=2025-01-03 00:00:00+00:00
[2025-01-03T11:42:36.728-0800] {processor.py:208} INFO - Processing /opt/anaconda3/envs/airflow_env/lib/python3.9/site-packages/airflow/example_dags/example_outlet_event_extra.py took 0.415 seconds
[2025-01-03T11:47:36.387-0800] {processor.py:186} INFO - Started process (PID=50897) to work on /opt/anaconda3/envs/airflow_env/lib/python3.9/site-packages/airflow/example_dags/example_outlet_event_extra.py
[2025-01-03T11:47:36.392-0800] {processor.py:914} INFO - Processing file /opt/anaconda3/envs/airflow_env/lib/python3.9/site-packages/airflow/example_dags/example_outlet_event_extra.py for tasks to queue
[2025-01-03T11:47:36.394-0800] {logging_mixin.py:190} INFO - [2025-01-03T11:47:36.394-0800] {dagbag.py:588} INFO - Filling up the DagBag from /opt/anaconda3/envs/airflow_env/lib/python3.9/site-packages/airflow/example_dags/example_outlet_event_extra.py
[2025-01-03T11:47:36.759-0800] {processor.py:925} INFO - DAG(s) 'dataset_with_extra_from_classic_operator', 'dataset_with_extra_by_yield', 'dataset_with_extra_by_context' retrieved from /opt/anaconda3/envs/airflow_env/lib/python3.9/site-packages/airflow/example_dags/example_outlet_event_extra.py
[2025-01-03T11:47:37.079-0800] {logging_mixin.py:190} INFO - [2025-01-03T11:47:37.079-0800] {dag.py:3239} INFO - Sync 3 DAGs
[2025-01-03T11:47:37.110-0800] {logging_mixin.py:190} INFO - [2025-01-03T11:47:37.109-0800] {dag.py:4180} INFO - Setting next_dagrun for dataset_with_extra_by_context to 2025-01-02 00:00:00+00:00, run_after=2025-01-03 00:00:00+00:00
[2025-01-03T11:47:37.116-0800] {logging_mixin.py:190} INFO - [2025-01-03T11:47:37.116-0800] {dag.py:4180} INFO - Setting next_dagrun for dataset_with_extra_by_yield to 2025-01-02 00:00:00+00:00, run_after=2025-01-03 00:00:00+00:00
[2025-01-03T11:47:37.125-0800] {logging_mixin.py:190} INFO - [2025-01-03T11:47:37.124-0800] {dag.py:4180} INFO - Setting next_dagrun for dataset_with_extra_from_classic_operator to 2025-01-02 00:00:00+00:00, run_after=2025-01-03 00:00:00+00:00
[2025-01-03T11:47:37.359-0800] {processor.py:208} INFO - Processing /opt/anaconda3/envs/airflow_env/lib/python3.9/site-packages/airflow/example_dags/example_outlet_event_extra.py took 0.979 seconds
