[2025-01-03T09:49:51.297-0800] {processor.py:186} INFO - Started process (PID=46285) to work on /opt/anaconda3/envs/airflow_env/lib/python3.9/site-packages/airflow/example_dags/example_python_decorator.py
[2025-01-03T09:49:51.298-0800] {processor.py:914} INFO - Processing file /opt/anaconda3/envs/airflow_env/lib/python3.9/site-packages/airflow/example_dags/example_python_decorator.py for tasks to queue
[2025-01-03T09:49:51.299-0800] {logging_mixin.py:190} INFO - [2025-01-03T09:49:51.299-0800] {dagbag.py:588} INFO - Filling up the DagBag from /opt/anaconda3/envs/airflow_env/lib/python3.9/site-packages/airflow/example_dags/example_python_decorator.py
[2025-01-03T09:49:51.340-0800] {logging_mixin.py:190} INFO - [2025-01-03T09:49:51.340-0800] {example_python_decorator.py:80} WARNING - The virtalenv_python example task requires virtualenv, please install it.
[2025-01-03T09:49:51.343-0800] {processor.py:925} INFO - DAG(s) 'example_python_decorator' retrieved from /opt/anaconda3/envs/airflow_env/lib/python3.9/site-packages/airflow/example_dags/example_python_decorator.py
[2025-01-03T09:49:51.499-0800] {logging_mixin.py:190} INFO - [2025-01-03T09:49:51.499-0800] {dag.py:3239} INFO - Sync 1 DAGs
[2025-01-03T09:49:51.523-0800] {logging_mixin.py:190} INFO - [2025-01-03T09:49:51.523-0800] {dag.py:4180} INFO - Setting next_dagrun for example_python_decorator to None, run_after=None
[2025-01-03T09:49:51.556-0800] {processor.py:208} INFO - Processing /opt/anaconda3/envs/airflow_env/lib/python3.9/site-packages/airflow/example_dags/example_python_decorator.py took 0.263 seconds
[2025-01-03T09:53:12.808-0800] {processor.py:186} INFO - Started process (PID=46406) to work on /opt/anaconda3/envs/airflow_env/lib/python3.9/site-packages/airflow/example_dags/example_python_decorator.py
[2025-01-03T09:53:12.811-0800] {processor.py:914} INFO - Processing file /opt/anaconda3/envs/airflow_env/lib/python3.9/site-packages/airflow/example_dags/example_python_decorator.py for tasks to queue
[2025-01-03T09:53:12.812-0800] {logging_mixin.py:190} INFO - [2025-01-03T09:53:12.812-0800] {dagbag.py:588} INFO - Filling up the DagBag from /opt/anaconda3/envs/airflow_env/lib/python3.9/site-packages/airflow/example_dags/example_python_decorator.py
[2025-01-03T09:53:12.854-0800] {logging_mixin.py:190} INFO - [2025-01-03T09:53:12.854-0800] {example_python_decorator.py:80} WARNING - The virtalenv_python example task requires virtualenv, please install it.
[2025-01-03T09:53:12.857-0800] {processor.py:925} INFO - DAG(s) 'example_python_decorator' retrieved from /opt/anaconda3/envs/airflow_env/lib/python3.9/site-packages/airflow/example_dags/example_python_decorator.py
[2025-01-03T09:53:12.980-0800] {logging_mixin.py:190} INFO - [2025-01-03T09:53:12.980-0800] {dag.py:3239} INFO - Sync 1 DAGs
[2025-01-03T09:53:12.993-0800] {logging_mixin.py:190} INFO - [2025-01-03T09:53:12.993-0800] {dag.py:4180} INFO - Setting next_dagrun for example_python_decorator to None, run_after=None
[2025-01-03T09:53:13.020-0800] {processor.py:208} INFO - Processing /opt/anaconda3/envs/airflow_env/lib/python3.9/site-packages/airflow/example_dags/example_python_decorator.py took 0.216 seconds
[2025-01-03T09:56:53.937-0800] {processor.py:186} INFO - Started process (PID=46530) to work on /opt/anaconda3/envs/airflow_env/lib/python3.9/site-packages/airflow/example_dags/example_python_decorator.py
[2025-01-03T09:56:53.940-0800] {processor.py:914} INFO - Processing file /opt/anaconda3/envs/airflow_env/lib/python3.9/site-packages/airflow/example_dags/example_python_decorator.py for tasks to queue
[2025-01-03T09:56:53.941-0800] {logging_mixin.py:190} INFO - [2025-01-03T09:56:53.941-0800] {dagbag.py:588} INFO - Filling up the DagBag from /opt/anaconda3/envs/airflow_env/lib/python3.9/site-packages/airflow/example_dags/example_python_decorator.py
[2025-01-03T09:56:53.989-0800] {logging_mixin.py:190} INFO - [2025-01-03T09:56:53.989-0800] {example_python_decorator.py:80} WARNING - The virtalenv_python example task requires virtualenv, please install it.
[2025-01-03T09:56:53.992-0800] {processor.py:925} INFO - DAG(s) 'example_python_decorator' retrieved from /opt/anaconda3/envs/airflow_env/lib/python3.9/site-packages/airflow/example_dags/example_python_decorator.py
[2025-01-03T09:56:54.131-0800] {logging_mixin.py:190} INFO - [2025-01-03T09:56:54.130-0800] {dag.py:3239} INFO - Sync 1 DAGs
[2025-01-03T09:56:54.143-0800] {logging_mixin.py:190} INFO - [2025-01-03T09:56:54.143-0800] {dag.py:4180} INFO - Setting next_dagrun for example_python_decorator to None, run_after=None
[2025-01-03T09:56:54.168-0800] {processor.py:208} INFO - Processing /opt/anaconda3/envs/airflow_env/lib/python3.9/site-packages/airflow/example_dags/example_python_decorator.py took 0.234 seconds
[2025-01-03T10:00:42.084-0800] {processor.py:186} INFO - Started process (PID=46643) to work on /opt/anaconda3/envs/airflow_env/lib/python3.9/site-packages/airflow/example_dags/example_python_decorator.py
[2025-01-03T10:00:42.086-0800] {processor.py:914} INFO - Processing file /opt/anaconda3/envs/airflow_env/lib/python3.9/site-packages/airflow/example_dags/example_python_decorator.py for tasks to queue
[2025-01-03T10:00:42.088-0800] {logging_mixin.py:190} INFO - [2025-01-03T10:00:42.087-0800] {dagbag.py:588} INFO - Filling up the DagBag from /opt/anaconda3/envs/airflow_env/lib/python3.9/site-packages/airflow/example_dags/example_python_decorator.py
[2025-01-03T10:00:42.133-0800] {logging_mixin.py:190} INFO - [2025-01-03T10:00:42.132-0800] {example_python_decorator.py:80} WARNING - The virtalenv_python example task requires virtualenv, please install it.
[2025-01-03T10:00:42.137-0800] {processor.py:925} INFO - DAG(s) 'example_python_decorator' retrieved from /opt/anaconda3/envs/airflow_env/lib/python3.9/site-packages/airflow/example_dags/example_python_decorator.py
[2025-01-03T10:00:42.402-0800] {logging_mixin.py:190} INFO - [2025-01-03T10:00:42.401-0800] {dag.py:3239} INFO - Sync 1 DAGs
[2025-01-03T10:00:42.421-0800] {logging_mixin.py:190} INFO - [2025-01-03T10:00:42.421-0800] {dag.py:4180} INFO - Setting next_dagrun for example_python_decorator to None, run_after=None
[2025-01-03T10:00:42.470-0800] {processor.py:208} INFO - Processing /opt/anaconda3/envs/airflow_env/lib/python3.9/site-packages/airflow/example_dags/example_python_decorator.py took 0.392 seconds
[2025-01-03T10:04:45.443-0800] {processor.py:186} INFO - Started process (PID=46794) to work on /opt/anaconda3/envs/airflow_env/lib/python3.9/site-packages/airflow/example_dags/example_python_decorator.py
[2025-01-03T10:04:45.448-0800] {processor.py:914} INFO - Processing file /opt/anaconda3/envs/airflow_env/lib/python3.9/site-packages/airflow/example_dags/example_python_decorator.py for tasks to queue
[2025-01-03T10:04:45.451-0800] {logging_mixin.py:190} INFO - [2025-01-03T10:04:45.450-0800] {dagbag.py:588} INFO - Filling up the DagBag from /opt/anaconda3/envs/airflow_env/lib/python3.9/site-packages/airflow/example_dags/example_python_decorator.py
[2025-01-03T10:04:45.520-0800] {logging_mixin.py:190} INFO - [2025-01-03T10:04:45.520-0800] {example_python_decorator.py:80} WARNING - The virtalenv_python example task requires virtualenv, please install it.
[2025-01-03T10:04:45.523-0800] {processor.py:925} INFO - DAG(s) 'example_python_decorator' retrieved from /opt/anaconda3/envs/airflow_env/lib/python3.9/site-packages/airflow/example_dags/example_python_decorator.py
[2025-01-03T10:04:45.696-0800] {logging_mixin.py:190} INFO - [2025-01-03T10:04:45.695-0800] {dag.py:3239} INFO - Sync 1 DAGs
[2025-01-03T10:04:45.709-0800] {logging_mixin.py:190} INFO - [2025-01-03T10:04:45.709-0800] {dag.py:4180} INFO - Setting next_dagrun for example_python_decorator to None, run_after=None
[2025-01-03T10:04:45.734-0800] {processor.py:208} INFO - Processing /opt/anaconda3/envs/airflow_env/lib/python3.9/site-packages/airflow/example_dags/example_python_decorator.py took 0.307 seconds
[2025-01-03T10:08:21.695-0800] {processor.py:186} INFO - Started process (PID=46907) to work on /opt/anaconda3/envs/airflow_env/lib/python3.9/site-packages/airflow/example_dags/example_python_decorator.py
[2025-01-03T10:08:21.714-0800] {processor.py:914} INFO - Processing file /opt/anaconda3/envs/airflow_env/lib/python3.9/site-packages/airflow/example_dags/example_python_decorator.py for tasks to queue
[2025-01-03T10:08:21.715-0800] {logging_mixin.py:190} INFO - [2025-01-03T10:08:21.715-0800] {dagbag.py:588} INFO - Filling up the DagBag from /opt/anaconda3/envs/airflow_env/lib/python3.9/site-packages/airflow/example_dags/example_python_decorator.py
[2025-01-03T10:08:21.829-0800] {logging_mixin.py:190} INFO - [2025-01-03T10:08:21.828-0800] {example_python_decorator.py:80} WARNING - The virtalenv_python example task requires virtualenv, please install it.
[2025-01-03T10:08:21.831-0800] {processor.py:925} INFO - DAG(s) 'example_python_decorator' retrieved from /opt/anaconda3/envs/airflow_env/lib/python3.9/site-packages/airflow/example_dags/example_python_decorator.py
[2025-01-03T10:08:21.975-0800] {logging_mixin.py:190} INFO - [2025-01-03T10:08:21.975-0800] {dag.py:3239} INFO - Sync 1 DAGs
[2025-01-03T10:08:21.988-0800] {logging_mixin.py:190} INFO - [2025-01-03T10:08:21.988-0800] {dag.py:4180} INFO - Setting next_dagrun for example_python_decorator to None, run_after=None
[2025-01-03T10:08:22.015-0800] {processor.py:208} INFO - Processing /opt/anaconda3/envs/airflow_env/lib/python3.9/site-packages/airflow/example_dags/example_python_decorator.py took 0.325 seconds
[2025-01-03T10:11:46.056-0800] {processor.py:186} INFO - Started process (PID=47018) to work on /opt/anaconda3/envs/airflow_env/lib/python3.9/site-packages/airflow/example_dags/example_python_decorator.py
[2025-01-03T10:11:46.058-0800] {processor.py:914} INFO - Processing file /opt/anaconda3/envs/airflow_env/lib/python3.9/site-packages/airflow/example_dags/example_python_decorator.py for tasks to queue
[2025-01-03T10:11:46.060-0800] {logging_mixin.py:190} INFO - [2025-01-03T10:11:46.059-0800] {dagbag.py:588} INFO - Filling up the DagBag from /opt/anaconda3/envs/airflow_env/lib/python3.9/site-packages/airflow/example_dags/example_python_decorator.py
[2025-01-03T10:11:46.103-0800] {logging_mixin.py:190} INFO - [2025-01-03T10:11:46.103-0800] {example_python_decorator.py:80} WARNING - The virtalenv_python example task requires virtualenv, please install it.
[2025-01-03T10:11:46.106-0800] {processor.py:925} INFO - DAG(s) 'example_python_decorator' retrieved from /opt/anaconda3/envs/airflow_env/lib/python3.9/site-packages/airflow/example_dags/example_python_decorator.py
[2025-01-03T10:11:46.292-0800] {logging_mixin.py:190} INFO - [2025-01-03T10:11:46.291-0800] {dag.py:3239} INFO - Sync 1 DAGs
[2025-01-03T10:11:46.309-0800] {logging_mixin.py:190} INFO - [2025-01-03T10:11:46.309-0800] {dag.py:4180} INFO - Setting next_dagrun for example_python_decorator to None, run_after=None
[2025-01-03T10:11:46.333-0800] {processor.py:208} INFO - Processing /opt/anaconda3/envs/airflow_env/lib/python3.9/site-packages/airflow/example_dags/example_python_decorator.py took 0.282 seconds
[2025-01-03T10:15:19.057-0800] {processor.py:186} INFO - Started process (PID=47173) to work on /opt/anaconda3/envs/airflow_env/lib/python3.9/site-packages/airflow/example_dags/example_python_decorator.py
[2025-01-03T10:15:19.060-0800] {processor.py:914} INFO - Processing file /opt/anaconda3/envs/airflow_env/lib/python3.9/site-packages/airflow/example_dags/example_python_decorator.py for tasks to queue
[2025-01-03T10:15:19.062-0800] {logging_mixin.py:190} INFO - [2025-01-03T10:15:19.062-0800] {dagbag.py:588} INFO - Filling up the DagBag from /opt/anaconda3/envs/airflow_env/lib/python3.9/site-packages/airflow/example_dags/example_python_decorator.py
[2025-01-03T10:15:19.116-0800] {logging_mixin.py:190} INFO - [2025-01-03T10:15:19.116-0800] {example_python_decorator.py:80} WARNING - The virtalenv_python example task requires virtualenv, please install it.
[2025-01-03T10:15:19.118-0800] {processor.py:925} INFO - DAG(s) 'example_python_decorator' retrieved from /opt/anaconda3/envs/airflow_env/lib/python3.9/site-packages/airflow/example_dags/example_python_decorator.py
[2025-01-03T10:15:19.295-0800] {logging_mixin.py:190} INFO - [2025-01-03T10:15:19.294-0800] {dag.py:3239} INFO - Sync 1 DAGs
[2025-01-03T10:15:19.310-0800] {logging_mixin.py:190} INFO - [2025-01-03T10:15:19.310-0800] {dag.py:4180} INFO - Setting next_dagrun for example_python_decorator to None, run_after=None
[2025-01-03T10:15:19.338-0800] {processor.py:208} INFO - Processing /opt/anaconda3/envs/airflow_env/lib/python3.9/site-packages/airflow/example_dags/example_python_decorator.py took 0.285 seconds
[2025-01-03T10:19:20.886-0800] {processor.py:186} INFO - Started process (PID=47427) to work on /opt/anaconda3/envs/airflow_env/lib/python3.9/site-packages/airflow/example_dags/example_python_decorator.py
[2025-01-03T10:19:20.889-0800] {processor.py:914} INFO - Processing file /opt/anaconda3/envs/airflow_env/lib/python3.9/site-packages/airflow/example_dags/example_python_decorator.py for tasks to queue
[2025-01-03T10:19:20.891-0800] {logging_mixin.py:190} INFO - [2025-01-03T10:19:20.890-0800] {dagbag.py:588} INFO - Filling up the DagBag from /opt/anaconda3/envs/airflow_env/lib/python3.9/site-packages/airflow/example_dags/example_python_decorator.py
[2025-01-03T10:19:20.945-0800] {logging_mixin.py:190} INFO - [2025-01-03T10:19:20.945-0800] {example_python_decorator.py:80} WARNING - The virtalenv_python example task requires virtualenv, please install it.
[2025-01-03T10:19:20.948-0800] {processor.py:925} INFO - DAG(s) 'example_python_decorator' retrieved from /opt/anaconda3/envs/airflow_env/lib/python3.9/site-packages/airflow/example_dags/example_python_decorator.py
[2025-01-03T10:19:21.115-0800] {logging_mixin.py:190} INFO - [2025-01-03T10:19:21.114-0800] {dag.py:3239} INFO - Sync 1 DAGs
[2025-01-03T10:19:21.131-0800] {logging_mixin.py:190} INFO - [2025-01-03T10:19:21.130-0800] {dag.py:4180} INFO - Setting next_dagrun for example_python_decorator to None, run_after=None
[2025-01-03T10:19:21.157-0800] {processor.py:208} INFO - Processing /opt/anaconda3/envs/airflow_env/lib/python3.9/site-packages/airflow/example_dags/example_python_decorator.py took 0.276 seconds
[2025-01-03T10:23:21.842-0800] {processor.py:186} INFO - Started process (PID=47594) to work on /opt/anaconda3/envs/airflow_env/lib/python3.9/site-packages/airflow/example_dags/example_python_decorator.py
[2025-01-03T10:23:21.848-0800] {processor.py:914} INFO - Processing file /opt/anaconda3/envs/airflow_env/lib/python3.9/site-packages/airflow/example_dags/example_python_decorator.py for tasks to queue
[2025-01-03T10:23:21.850-0800] {logging_mixin.py:190} INFO - [2025-01-03T10:23:21.849-0800] {dagbag.py:588} INFO - Filling up the DagBag from /opt/anaconda3/envs/airflow_env/lib/python3.9/site-packages/airflow/example_dags/example_python_decorator.py
[2025-01-03T10:23:21.976-0800] {logging_mixin.py:190} INFO - [2025-01-03T10:23:21.975-0800] {example_python_decorator.py:80} WARNING - The virtalenv_python example task requires virtualenv, please install it.
[2025-01-03T10:23:21.979-0800] {processor.py:925} INFO - DAG(s) 'example_python_decorator' retrieved from /opt/anaconda3/envs/airflow_env/lib/python3.9/site-packages/airflow/example_dags/example_python_decorator.py
[2025-01-03T10:23:22.135-0800] {logging_mixin.py:190} INFO - [2025-01-03T10:23:22.135-0800] {dag.py:3239} INFO - Sync 1 DAGs
[2025-01-03T10:23:22.148-0800] {logging_mixin.py:190} INFO - [2025-01-03T10:23:22.148-0800] {dag.py:4180} INFO - Setting next_dagrun for example_python_decorator to None, run_after=None
[2025-01-03T10:23:22.170-0800] {processor.py:208} INFO - Processing /opt/anaconda3/envs/airflow_env/lib/python3.9/site-packages/airflow/example_dags/example_python_decorator.py took 0.337 seconds
[2025-01-03T10:27:30.366-0800] {processor.py:186} INFO - Started process (PID=47717) to work on /opt/anaconda3/envs/airflow_env/lib/python3.9/site-packages/airflow/example_dags/example_python_decorator.py
[2025-01-03T10:27:30.368-0800] {processor.py:914} INFO - Processing file /opt/anaconda3/envs/airflow_env/lib/python3.9/site-packages/airflow/example_dags/example_python_decorator.py for tasks to queue
[2025-01-03T10:27:30.370-0800] {logging_mixin.py:190} INFO - [2025-01-03T10:27:30.369-0800] {dagbag.py:588} INFO - Filling up the DagBag from /opt/anaconda3/envs/airflow_env/lib/python3.9/site-packages/airflow/example_dags/example_python_decorator.py
[2025-01-03T10:27:30.424-0800] {logging_mixin.py:190} INFO - [2025-01-03T10:27:30.424-0800] {example_python_decorator.py:80} WARNING - The virtalenv_python example task requires virtualenv, please install it.
[2025-01-03T10:27:30.427-0800] {processor.py:925} INFO - DAG(s) 'example_python_decorator' retrieved from /opt/anaconda3/envs/airflow_env/lib/python3.9/site-packages/airflow/example_dags/example_python_decorator.py
[2025-01-03T10:27:30.571-0800] {logging_mixin.py:190} INFO - [2025-01-03T10:27:30.570-0800] {dag.py:3239} INFO - Sync 1 DAGs
[2025-01-03T10:27:30.584-0800] {logging_mixin.py:190} INFO - [2025-01-03T10:27:30.584-0800] {dag.py:4180} INFO - Setting next_dagrun for example_python_decorator to None, run_after=None
[2025-01-03T10:27:30.609-0800] {processor.py:208} INFO - Processing /opt/anaconda3/envs/airflow_env/lib/python3.9/site-packages/airflow/example_dags/example_python_decorator.py took 0.248 seconds
[2025-01-03T10:31:53.839-0800] {processor.py:186} INFO - Started process (PID=47843) to work on /opt/anaconda3/envs/airflow_env/lib/python3.9/site-packages/airflow/example_dags/example_python_decorator.py
[2025-01-03T10:31:53.841-0800] {processor.py:914} INFO - Processing file /opt/anaconda3/envs/airflow_env/lib/python3.9/site-packages/airflow/example_dags/example_python_decorator.py for tasks to queue
[2025-01-03T10:31:53.842-0800] {logging_mixin.py:190} INFO - [2025-01-03T10:31:53.842-0800] {dagbag.py:588} INFO - Filling up the DagBag from /opt/anaconda3/envs/airflow_env/lib/python3.9/site-packages/airflow/example_dags/example_python_decorator.py
[2025-01-03T10:31:53.886-0800] {logging_mixin.py:190} INFO - [2025-01-03T10:31:53.886-0800] {example_python_decorator.py:80} WARNING - The virtalenv_python example task requires virtualenv, please install it.
[2025-01-03T10:31:53.890-0800] {processor.py:925} INFO - DAG(s) 'example_python_decorator' retrieved from /opt/anaconda3/envs/airflow_env/lib/python3.9/site-packages/airflow/example_dags/example_python_decorator.py
[2025-01-03T10:31:54.038-0800] {logging_mixin.py:190} INFO - [2025-01-03T10:31:54.037-0800] {dag.py:3239} INFO - Sync 1 DAGs
[2025-01-03T10:31:54.052-0800] {logging_mixin.py:190} INFO - [2025-01-03T10:31:54.052-0800] {dag.py:4180} INFO - Setting next_dagrun for example_python_decorator to None, run_after=None
[2025-01-03T10:31:54.073-0800] {processor.py:208} INFO - Processing /opt/anaconda3/envs/airflow_env/lib/python3.9/site-packages/airflow/example_dags/example_python_decorator.py took 0.238 seconds
[2025-01-03T10:36:16.296-0800] {processor.py:186} INFO - Started process (PID=47982) to work on /opt/anaconda3/envs/airflow_env/lib/python3.9/site-packages/airflow/example_dags/example_python_decorator.py
[2025-01-03T10:36:16.299-0800] {processor.py:914} INFO - Processing file /opt/anaconda3/envs/airflow_env/lib/python3.9/site-packages/airflow/example_dags/example_python_decorator.py for tasks to queue
[2025-01-03T10:36:16.301-0800] {logging_mixin.py:190} INFO - [2025-01-03T10:36:16.301-0800] {dagbag.py:588} INFO - Filling up the DagBag from /opt/anaconda3/envs/airflow_env/lib/python3.9/site-packages/airflow/example_dags/example_python_decorator.py
[2025-01-03T10:36:16.408-0800] {logging_mixin.py:190} INFO - [2025-01-03T10:36:16.408-0800] {example_python_decorator.py:80} WARNING - The virtalenv_python example task requires virtualenv, please install it.
[2025-01-03T10:36:16.415-0800] {processor.py:925} INFO - DAG(s) 'example_python_decorator' retrieved from /opt/anaconda3/envs/airflow_env/lib/python3.9/site-packages/airflow/example_dags/example_python_decorator.py
[2025-01-03T10:36:16.615-0800] {logging_mixin.py:190} INFO - [2025-01-03T10:36:16.614-0800] {dag.py:3239} INFO - Sync 1 DAGs
[2025-01-03T10:36:16.637-0800] {logging_mixin.py:190} INFO - [2025-01-03T10:36:16.637-0800] {dag.py:4180} INFO - Setting next_dagrun for example_python_decorator to None, run_after=None
[2025-01-03T10:36:16.688-0800] {processor.py:208} INFO - Processing /opt/anaconda3/envs/airflow_env/lib/python3.9/site-packages/airflow/example_dags/example_python_decorator.py took 0.402 seconds
[2025-01-03T10:40:35.542-0800] {processor.py:186} INFO - Started process (PID=48112) to work on /opt/anaconda3/envs/airflow_env/lib/python3.9/site-packages/airflow/example_dags/example_python_decorator.py
[2025-01-03T10:40:35.544-0800] {processor.py:914} INFO - Processing file /opt/anaconda3/envs/airflow_env/lib/python3.9/site-packages/airflow/example_dags/example_python_decorator.py for tasks to queue
[2025-01-03T10:40:35.547-0800] {logging_mixin.py:190} INFO - [2025-01-03T10:40:35.546-0800] {dagbag.py:588} INFO - Filling up the DagBag from /opt/anaconda3/envs/airflow_env/lib/python3.9/site-packages/airflow/example_dags/example_python_decorator.py
[2025-01-03T10:40:35.627-0800] {logging_mixin.py:190} INFO - [2025-01-03T10:40:35.627-0800] {example_python_decorator.py:80} WARNING - The virtalenv_python example task requires virtualenv, please install it.
[2025-01-03T10:40:35.629-0800] {processor.py:925} INFO - DAG(s) 'example_python_decorator' retrieved from /opt/anaconda3/envs/airflow_env/lib/python3.9/site-packages/airflow/example_dags/example_python_decorator.py
[2025-01-03T10:40:35.826-0800] {logging_mixin.py:190} INFO - [2025-01-03T10:40:35.826-0800] {dag.py:3239} INFO - Sync 1 DAGs
[2025-01-03T10:40:35.842-0800] {logging_mixin.py:190} INFO - [2025-01-03T10:40:35.842-0800] {dag.py:4180} INFO - Setting next_dagrun for example_python_decorator to None, run_after=None
[2025-01-03T10:40:35.866-0800] {processor.py:208} INFO - Processing /opt/anaconda3/envs/airflow_env/lib/python3.9/site-packages/airflow/example_dags/example_python_decorator.py took 0.330 seconds
[2025-01-03T10:44:27.804-0800] {processor.py:186} INFO - Started process (PID=48229) to work on /opt/anaconda3/envs/airflow_env/lib/python3.9/site-packages/airflow/example_dags/example_python_decorator.py
[2025-01-03T10:44:27.806-0800] {processor.py:914} INFO - Processing file /opt/anaconda3/envs/airflow_env/lib/python3.9/site-packages/airflow/example_dags/example_python_decorator.py for tasks to queue
[2025-01-03T10:44:27.808-0800] {logging_mixin.py:190} INFO - [2025-01-03T10:44:27.807-0800] {dagbag.py:588} INFO - Filling up the DagBag from /opt/anaconda3/envs/airflow_env/lib/python3.9/site-packages/airflow/example_dags/example_python_decorator.py
[2025-01-03T10:44:27.855-0800] {logging_mixin.py:190} INFO - [2025-01-03T10:44:27.855-0800] {example_python_decorator.py:80} WARNING - The virtalenv_python example task requires virtualenv, please install it.
[2025-01-03T10:44:27.858-0800] {processor.py:925} INFO - DAG(s) 'example_python_decorator' retrieved from /opt/anaconda3/envs/airflow_env/lib/python3.9/site-packages/airflow/example_dags/example_python_decorator.py
[2025-01-03T10:44:28.000-0800] {logging_mixin.py:190} INFO - [2025-01-03T10:44:28.000-0800] {dag.py:3239} INFO - Sync 1 DAGs
[2025-01-03T10:44:28.014-0800] {logging_mixin.py:190} INFO - [2025-01-03T10:44:28.013-0800] {dag.py:4180} INFO - Setting next_dagrun for example_python_decorator to None, run_after=None
[2025-01-03T10:44:28.037-0800] {processor.py:208} INFO - Processing /opt/anaconda3/envs/airflow_env/lib/python3.9/site-packages/airflow/example_dags/example_python_decorator.py took 0.239 seconds
[2025-01-03T10:48:24.502-0800] {processor.py:186} INFO - Started process (PID=48368) to work on /opt/anaconda3/envs/airflow_env/lib/python3.9/site-packages/airflow/example_dags/example_python_decorator.py
[2025-01-03T10:48:24.505-0800] {processor.py:914} INFO - Processing file /opt/anaconda3/envs/airflow_env/lib/python3.9/site-packages/airflow/example_dags/example_python_decorator.py for tasks to queue
[2025-01-03T10:48:24.506-0800] {logging_mixin.py:190} INFO - [2025-01-03T10:48:24.506-0800] {dagbag.py:588} INFO - Filling up the DagBag from /opt/anaconda3/envs/airflow_env/lib/python3.9/site-packages/airflow/example_dags/example_python_decorator.py
[2025-01-03T10:48:24.559-0800] {logging_mixin.py:190} INFO - [2025-01-03T10:48:24.559-0800] {example_python_decorator.py:80} WARNING - The virtalenv_python example task requires virtualenv, please install it.
[2025-01-03T10:48:24.564-0800] {processor.py:925} INFO - DAG(s) 'example_python_decorator' retrieved from /opt/anaconda3/envs/airflow_env/lib/python3.9/site-packages/airflow/example_dags/example_python_decorator.py
[2025-01-03T10:48:24.736-0800] {logging_mixin.py:190} INFO - [2025-01-03T10:48:24.735-0800] {dag.py:3239} INFO - Sync 1 DAGs
[2025-01-03T10:48:24.751-0800] {logging_mixin.py:190} INFO - [2025-01-03T10:48:24.751-0800] {dag.py:4180} INFO - Setting next_dagrun for example_python_decorator to None, run_after=None
[2025-01-03T10:48:24.774-0800] {processor.py:208} INFO - Processing /opt/anaconda3/envs/airflow_env/lib/python3.9/site-packages/airflow/example_dags/example_python_decorator.py took 0.275 seconds
[2025-01-03T10:52:40.929-0800] {processor.py:186} INFO - Started process (PID=48575) to work on /opt/anaconda3/envs/airflow_env/lib/python3.9/site-packages/airflow/example_dags/example_python_decorator.py
[2025-01-03T10:52:40.932-0800] {processor.py:914} INFO - Processing file /opt/anaconda3/envs/airflow_env/lib/python3.9/site-packages/airflow/example_dags/example_python_decorator.py for tasks to queue
[2025-01-03T10:52:40.934-0800] {logging_mixin.py:190} INFO - [2025-01-03T10:52:40.933-0800] {dagbag.py:588} INFO - Filling up the DagBag from /opt/anaconda3/envs/airflow_env/lib/python3.9/site-packages/airflow/example_dags/example_python_decorator.py
[2025-01-03T10:52:41.028-0800] {logging_mixin.py:190} INFO - [2025-01-03T10:52:41.028-0800] {example_python_decorator.py:80} WARNING - The virtalenv_python example task requires virtualenv, please install it.
[2025-01-03T10:52:41.033-0800] {processor.py:925} INFO - DAG(s) 'example_python_decorator' retrieved from /opt/anaconda3/envs/airflow_env/lib/python3.9/site-packages/airflow/example_dags/example_python_decorator.py
[2025-01-03T10:52:41.513-0800] {logging_mixin.py:190} INFO - [2025-01-03T10:52:41.512-0800] {dag.py:3239} INFO - Sync 1 DAGs
[2025-01-03T10:52:41.543-0800] {logging_mixin.py:190} INFO - [2025-01-03T10:52:41.542-0800] {dag.py:4180} INFO - Setting next_dagrun for example_python_decorator to None, run_after=None
[2025-01-03T10:52:41.600-0800] {processor.py:208} INFO - Processing /opt/anaconda3/envs/airflow_env/lib/python3.9/site-packages/airflow/example_dags/example_python_decorator.py took 0.676 seconds
[2025-01-03T10:56:54.471-0800] {processor.py:186} INFO - Started process (PID=48786) to work on /opt/anaconda3/envs/airflow_env/lib/python3.9/site-packages/airflow/example_dags/example_python_decorator.py
[2025-01-03T10:56:54.481-0800] {processor.py:914} INFO - Processing file /opt/anaconda3/envs/airflow_env/lib/python3.9/site-packages/airflow/example_dags/example_python_decorator.py for tasks to queue
[2025-01-03T10:56:54.483-0800] {logging_mixin.py:190} INFO - [2025-01-03T10:56:54.483-0800] {dagbag.py:588} INFO - Filling up the DagBag from /opt/anaconda3/envs/airflow_env/lib/python3.9/site-packages/airflow/example_dags/example_python_decorator.py
[2025-01-03T10:56:54.589-0800] {logging_mixin.py:190} INFO - [2025-01-03T10:56:54.589-0800] {example_python_decorator.py:80} WARNING - The virtalenv_python example task requires virtualenv, please install it.
[2025-01-03T10:56:54.592-0800] {processor.py:925} INFO - DAG(s) 'example_python_decorator' retrieved from /opt/anaconda3/envs/airflow_env/lib/python3.9/site-packages/airflow/example_dags/example_python_decorator.py
[2025-01-03T10:56:54.781-0800] {logging_mixin.py:190} INFO - [2025-01-03T10:56:54.780-0800] {dag.py:3239} INFO - Sync 1 DAGs
[2025-01-03T10:56:54.798-0800] {logging_mixin.py:190} INFO - [2025-01-03T10:56:54.798-0800] {dag.py:4180} INFO - Setting next_dagrun for example_python_decorator to None, run_after=None
[2025-01-03T10:56:54.832-0800] {processor.py:208} INFO - Processing /opt/anaconda3/envs/airflow_env/lib/python3.9/site-packages/airflow/example_dags/example_python_decorator.py took 0.368 seconds
[2025-01-03T11:01:16.467-0800] {processor.py:186} INFO - Started process (PID=48915) to work on /opt/anaconda3/envs/airflow_env/lib/python3.9/site-packages/airflow/example_dags/example_python_decorator.py
[2025-01-03T11:01:16.471-0800] {processor.py:914} INFO - Processing file /opt/anaconda3/envs/airflow_env/lib/python3.9/site-packages/airflow/example_dags/example_python_decorator.py for tasks to queue
[2025-01-03T11:01:16.474-0800] {logging_mixin.py:190} INFO - [2025-01-03T11:01:16.473-0800] {dagbag.py:588} INFO - Filling up the DagBag from /opt/anaconda3/envs/airflow_env/lib/python3.9/site-packages/airflow/example_dags/example_python_decorator.py
[2025-01-03T11:01:16.578-0800] {logging_mixin.py:190} INFO - [2025-01-03T11:01:16.578-0800] {example_python_decorator.py:80} WARNING - The virtalenv_python example task requires virtualenv, please install it.
[2025-01-03T11:01:16.582-0800] {processor.py:925} INFO - DAG(s) 'example_python_decorator' retrieved from /opt/anaconda3/envs/airflow_env/lib/python3.9/site-packages/airflow/example_dags/example_python_decorator.py
[2025-01-03T11:01:16.833-0800] {logging_mixin.py:190} INFO - [2025-01-03T11:01:16.833-0800] {dag.py:3239} INFO - Sync 1 DAGs
[2025-01-03T11:01:16.856-0800] {logging_mixin.py:190} INFO - [2025-01-03T11:01:16.856-0800] {dag.py:4180} INFO - Setting next_dagrun for example_python_decorator to None, run_after=None
[2025-01-03T11:01:16.896-0800] {processor.py:208} INFO - Processing /opt/anaconda3/envs/airflow_env/lib/python3.9/site-packages/airflow/example_dags/example_python_decorator.py took 0.434 seconds
[2025-01-03T11:05:56.320-0800] {processor.py:186} INFO - Started process (PID=49102) to work on /opt/anaconda3/envs/airflow_env/lib/python3.9/site-packages/airflow/example_dags/example_python_decorator.py
[2025-01-03T11:05:56.322-0800] {processor.py:914} INFO - Processing file /opt/anaconda3/envs/airflow_env/lib/python3.9/site-packages/airflow/example_dags/example_python_decorator.py for tasks to queue
[2025-01-03T11:05:56.324-0800] {logging_mixin.py:190} INFO - [2025-01-03T11:05:56.323-0800] {dagbag.py:588} INFO - Filling up the DagBag from /opt/anaconda3/envs/airflow_env/lib/python3.9/site-packages/airflow/example_dags/example_python_decorator.py
[2025-01-03T11:05:56.377-0800] {logging_mixin.py:190} INFO - [2025-01-03T11:05:56.377-0800] {example_python_decorator.py:80} WARNING - The virtalenv_python example task requires virtualenv, please install it.
[2025-01-03T11:05:56.382-0800] {processor.py:925} INFO - DAG(s) 'example_python_decorator' retrieved from /opt/anaconda3/envs/airflow_env/lib/python3.9/site-packages/airflow/example_dags/example_python_decorator.py
[2025-01-03T11:05:56.653-0800] {logging_mixin.py:190} INFO - [2025-01-03T11:05:56.653-0800] {dag.py:3239} INFO - Sync 1 DAGs
[2025-01-03T11:05:56.668-0800] {logging_mixin.py:190} INFO - [2025-01-03T11:05:56.667-0800] {dag.py:4180} INFO - Setting next_dagrun for example_python_decorator to None, run_after=None
[2025-01-03T11:05:56.695-0800] {processor.py:208} INFO - Processing /opt/anaconda3/envs/airflow_env/lib/python3.9/site-packages/airflow/example_dags/example_python_decorator.py took 0.382 seconds
[2025-01-03T11:10:03.526-0800] {processor.py:186} INFO - Started process (PID=49239) to work on /opt/anaconda3/envs/airflow_env/lib/python3.9/site-packages/airflow/example_dags/example_python_decorator.py
[2025-01-03T11:10:03.528-0800] {processor.py:914} INFO - Processing file /opt/anaconda3/envs/airflow_env/lib/python3.9/site-packages/airflow/example_dags/example_python_decorator.py for tasks to queue
[2025-01-03T11:10:03.530-0800] {logging_mixin.py:190} INFO - [2025-01-03T11:10:03.529-0800] {dagbag.py:588} INFO - Filling up the DagBag from /opt/anaconda3/envs/airflow_env/lib/python3.9/site-packages/airflow/example_dags/example_python_decorator.py
[2025-01-03T11:10:03.582-0800] {logging_mixin.py:190} INFO - [2025-01-03T11:10:03.582-0800] {example_python_decorator.py:80} WARNING - The virtalenv_python example task requires virtualenv, please install it.
[2025-01-03T11:10:03.586-0800] {processor.py:925} INFO - DAG(s) 'example_python_decorator' retrieved from /opt/anaconda3/envs/airflow_env/lib/python3.9/site-packages/airflow/example_dags/example_python_decorator.py
[2025-01-03T11:10:03.799-0800] {logging_mixin.py:190} INFO - [2025-01-03T11:10:03.798-0800] {dag.py:3239} INFO - Sync 1 DAGs
[2025-01-03T11:10:03.842-0800] {logging_mixin.py:190} INFO - [2025-01-03T11:10:03.841-0800] {dag.py:4180} INFO - Setting next_dagrun for example_python_decorator to None, run_after=None
[2025-01-03T11:10:03.900-0800] {processor.py:208} INFO - Processing /opt/anaconda3/envs/airflow_env/lib/python3.9/site-packages/airflow/example_dags/example_python_decorator.py took 0.380 seconds
[2025-01-03T11:14:49.057-0800] {processor.py:186} INFO - Started process (PID=49612) to work on /opt/anaconda3/envs/airflow_env/lib/python3.9/site-packages/airflow/example_dags/example_python_decorator.py
[2025-01-03T11:14:49.060-0800] {processor.py:914} INFO - Processing file /opt/anaconda3/envs/airflow_env/lib/python3.9/site-packages/airflow/example_dags/example_python_decorator.py for tasks to queue
[2025-01-03T11:14:49.061-0800] {logging_mixin.py:190} INFO - [2025-01-03T11:14:49.061-0800] {dagbag.py:588} INFO - Filling up the DagBag from /opt/anaconda3/envs/airflow_env/lib/python3.9/site-packages/airflow/example_dags/example_python_decorator.py
[2025-01-03T11:14:49.143-0800] {logging_mixin.py:190} INFO - [2025-01-03T11:14:49.142-0800] {example_python_decorator.py:80} WARNING - The virtalenv_python example task requires virtualenv, please install it.
[2025-01-03T11:14:49.149-0800] {processor.py:925} INFO - DAG(s) 'example_python_decorator' retrieved from /opt/anaconda3/envs/airflow_env/lib/python3.9/site-packages/airflow/example_dags/example_python_decorator.py
[2025-01-03T11:14:49.332-0800] {logging_mixin.py:190} INFO - [2025-01-03T11:14:49.330-0800] {dag.py:3239} INFO - Sync 1 DAGs
[2025-01-03T11:14:49.350-0800] {logging_mixin.py:190} INFO - [2025-01-03T11:14:49.350-0800] {dag.py:4180} INFO - Setting next_dagrun for example_python_decorator to None, run_after=None
[2025-01-03T11:14:49.376-0800] {processor.py:208} INFO - Processing /opt/anaconda3/envs/airflow_env/lib/python3.9/site-packages/airflow/example_dags/example_python_decorator.py took 0.326 seconds
[2025-01-03T11:19:19.281-0800] {processor.py:186} INFO - Started process (PID=49788) to work on /opt/anaconda3/envs/airflow_env/lib/python3.9/site-packages/airflow/example_dags/example_python_decorator.py
[2025-01-03T11:19:19.287-0800] {processor.py:914} INFO - Processing file /opt/anaconda3/envs/airflow_env/lib/python3.9/site-packages/airflow/example_dags/example_python_decorator.py for tasks to queue
[2025-01-03T11:19:19.289-0800] {logging_mixin.py:190} INFO - [2025-01-03T11:19:19.289-0800] {dagbag.py:588} INFO - Filling up the DagBag from /opt/anaconda3/envs/airflow_env/lib/python3.9/site-packages/airflow/example_dags/example_python_decorator.py
[2025-01-03T11:19:19.589-0800] {logging_mixin.py:190} INFO - [2025-01-03T11:19:19.583-0800] {example_python_decorator.py:80} WARNING - The virtalenv_python example task requires virtualenv, please install it.
[2025-01-03T11:19:19.599-0800] {processor.py:925} INFO - DAG(s) 'example_python_decorator' retrieved from /opt/anaconda3/envs/airflow_env/lib/python3.9/site-packages/airflow/example_dags/example_python_decorator.py
[2025-01-03T11:19:20.132-0800] {logging_mixin.py:190} INFO - [2025-01-03T11:19:20.132-0800] {dag.py:3239} INFO - Sync 1 DAGs
[2025-01-03T11:19:20.181-0800] {logging_mixin.py:190} INFO - [2025-01-03T11:19:20.181-0800] {dag.py:4180} INFO - Setting next_dagrun for example_python_decorator to None, run_after=None
[2025-01-03T11:19:20.229-0800] {processor.py:208} INFO - Processing /opt/anaconda3/envs/airflow_env/lib/python3.9/site-packages/airflow/example_dags/example_python_decorator.py took 0.963 seconds
[2025-01-03T11:23:37.350-0800] {processor.py:186} INFO - Started process (PID=49941) to work on /opt/anaconda3/envs/airflow_env/lib/python3.9/site-packages/airflow/example_dags/example_python_decorator.py
[2025-01-03T11:23:37.352-0800] {processor.py:914} INFO - Processing file /opt/anaconda3/envs/airflow_env/lib/python3.9/site-packages/airflow/example_dags/example_python_decorator.py for tasks to queue
[2025-01-03T11:23:37.354-0800] {logging_mixin.py:190} INFO - [2025-01-03T11:23:37.353-0800] {dagbag.py:588} INFO - Filling up the DagBag from /opt/anaconda3/envs/airflow_env/lib/python3.9/site-packages/airflow/example_dags/example_python_decorator.py
[2025-01-03T11:23:37.415-0800] {logging_mixin.py:190} INFO - [2025-01-03T11:23:37.415-0800] {example_python_decorator.py:80} WARNING - The virtalenv_python example task requires virtualenv, please install it.
[2025-01-03T11:23:37.418-0800] {processor.py:925} INFO - DAG(s) 'example_python_decorator' retrieved from /opt/anaconda3/envs/airflow_env/lib/python3.9/site-packages/airflow/example_dags/example_python_decorator.py
[2025-01-03T11:23:37.587-0800] {logging_mixin.py:190} INFO - [2025-01-03T11:23:37.587-0800] {dag.py:3239} INFO - Sync 1 DAGs
[2025-01-03T11:23:37.601-0800] {logging_mixin.py:190} INFO - [2025-01-03T11:23:37.601-0800] {dag.py:4180} INFO - Setting next_dagrun for example_python_decorator to None, run_after=None
[2025-01-03T11:23:37.683-0800] {processor.py:208} INFO - Processing /opt/anaconda3/envs/airflow_env/lib/python3.9/site-packages/airflow/example_dags/example_python_decorator.py took 0.337 seconds
[2025-01-03T11:28:20.553-0800] {processor.py:186} INFO - Started process (PID=50097) to work on /opt/anaconda3/envs/airflow_env/lib/python3.9/site-packages/airflow/example_dags/example_python_decorator.py
[2025-01-03T11:28:20.563-0800] {processor.py:914} INFO - Processing file /opt/anaconda3/envs/airflow_env/lib/python3.9/site-packages/airflow/example_dags/example_python_decorator.py for tasks to queue
[2025-01-03T11:28:20.565-0800] {logging_mixin.py:190} INFO - [2025-01-03T11:28:20.564-0800] {dagbag.py:588} INFO - Filling up the DagBag from /opt/anaconda3/envs/airflow_env/lib/python3.9/site-packages/airflow/example_dags/example_python_decorator.py
[2025-01-03T11:28:20.766-0800] {logging_mixin.py:190} INFO - [2025-01-03T11:28:20.765-0800] {example_python_decorator.py:80} WARNING - The virtalenv_python example task requires virtualenv, please install it.
[2025-01-03T11:28:20.768-0800] {processor.py:925} INFO - DAG(s) 'example_python_decorator' retrieved from /opt/anaconda3/envs/airflow_env/lib/python3.9/site-packages/airflow/example_dags/example_python_decorator.py
[2025-01-03T11:28:20.932-0800] {logging_mixin.py:190} INFO - [2025-01-03T11:28:20.932-0800] {dag.py:3239} INFO - Sync 1 DAGs
[2025-01-03T11:28:20.948-0800] {logging_mixin.py:190} INFO - [2025-01-03T11:28:20.948-0800] {dag.py:4180} INFO - Setting next_dagrun for example_python_decorator to None, run_after=None
[2025-01-03T11:28:20.977-0800] {processor.py:208} INFO - Processing /opt/anaconda3/envs/airflow_env/lib/python3.9/site-packages/airflow/example_dags/example_python_decorator.py took 0.429 seconds
[2025-01-03T11:32:57.680-0800] {processor.py:186} INFO - Started process (PID=50305) to work on /opt/anaconda3/envs/airflow_env/lib/python3.9/site-packages/airflow/example_dags/example_python_decorator.py
[2025-01-03T11:32:57.682-0800] {processor.py:914} INFO - Processing file /opt/anaconda3/envs/airflow_env/lib/python3.9/site-packages/airflow/example_dags/example_python_decorator.py for tasks to queue
[2025-01-03T11:32:57.684-0800] {logging_mixin.py:190} INFO - [2025-01-03T11:32:57.683-0800] {dagbag.py:588} INFO - Filling up the DagBag from /opt/anaconda3/envs/airflow_env/lib/python3.9/site-packages/airflow/example_dags/example_python_decorator.py
[2025-01-03T11:32:57.748-0800] {logging_mixin.py:190} INFO - [2025-01-03T11:32:57.748-0800] {example_python_decorator.py:80} WARNING - The virtalenv_python example task requires virtualenv, please install it.
[2025-01-03T11:32:57.753-0800] {processor.py:925} INFO - DAG(s) 'example_python_decorator' retrieved from /opt/anaconda3/envs/airflow_env/lib/python3.9/site-packages/airflow/example_dags/example_python_decorator.py
[2025-01-03T11:32:57.947-0800] {logging_mixin.py:190} INFO - [2025-01-03T11:32:57.946-0800] {dag.py:3239} INFO - Sync 1 DAGs
[2025-01-03T11:32:57.963-0800] {logging_mixin.py:190} INFO - [2025-01-03T11:32:57.963-0800] {dag.py:4180} INFO - Setting next_dagrun for example_python_decorator to None, run_after=None
[2025-01-03T11:32:57.990-0800] {processor.py:208} INFO - Processing /opt/anaconda3/envs/airflow_env/lib/python3.9/site-packages/airflow/example_dags/example_python_decorator.py took 0.315 seconds
[2025-01-03T11:37:45.141-0800] {processor.py:186} INFO - Started process (PID=50506) to work on /opt/anaconda3/envs/airflow_env/lib/python3.9/site-packages/airflow/example_dags/example_python_decorator.py
[2025-01-03T11:37:45.145-0800] {processor.py:914} INFO - Processing file /opt/anaconda3/envs/airflow_env/lib/python3.9/site-packages/airflow/example_dags/example_python_decorator.py for tasks to queue
[2025-01-03T11:37:45.148-0800] {logging_mixin.py:190} INFO - [2025-01-03T11:37:45.147-0800] {dagbag.py:588} INFO - Filling up the DagBag from /opt/anaconda3/envs/airflow_env/lib/python3.9/site-packages/airflow/example_dags/example_python_decorator.py
[2025-01-03T11:37:45.235-0800] {logging_mixin.py:190} INFO - [2025-01-03T11:37:45.235-0800] {example_python_decorator.py:80} WARNING - The virtalenv_python example task requires virtualenv, please install it.
[2025-01-03T11:37:45.238-0800] {processor.py:925} INFO - DAG(s) 'example_python_decorator' retrieved from /opt/anaconda3/envs/airflow_env/lib/python3.9/site-packages/airflow/example_dags/example_python_decorator.py
[2025-01-03T11:37:45.389-0800] {logging_mixin.py:190} INFO - [2025-01-03T11:37:45.388-0800] {dag.py:3239} INFO - Sync 1 DAGs
[2025-01-03T11:37:45.412-0800] {logging_mixin.py:190} INFO - [2025-01-03T11:37:45.411-0800] {dag.py:4180} INFO - Setting next_dagrun for example_python_decorator to None, run_after=None
[2025-01-03T11:37:45.444-0800] {processor.py:208} INFO - Processing /opt/anaconda3/envs/airflow_env/lib/python3.9/site-packages/airflow/example_dags/example_python_decorator.py took 0.309 seconds
[2025-01-03T11:42:19.849-0800] {processor.py:186} INFO - Started process (PID=50691) to work on /opt/anaconda3/envs/airflow_env/lib/python3.9/site-packages/airflow/example_dags/example_python_decorator.py
[2025-01-03T11:42:19.851-0800] {processor.py:914} INFO - Processing file /opt/anaconda3/envs/airflow_env/lib/python3.9/site-packages/airflow/example_dags/example_python_decorator.py for tasks to queue
[2025-01-03T11:42:19.853-0800] {logging_mixin.py:190} INFO - [2025-01-03T11:42:19.852-0800] {dagbag.py:588} INFO - Filling up the DagBag from /opt/anaconda3/envs/airflow_env/lib/python3.9/site-packages/airflow/example_dags/example_python_decorator.py
[2025-01-03T11:42:19.920-0800] {logging_mixin.py:190} INFO - [2025-01-03T11:42:19.920-0800] {example_python_decorator.py:80} WARNING - The virtalenv_python example task requires virtualenv, please install it.
[2025-01-03T11:42:19.925-0800] {processor.py:925} INFO - DAG(s) 'example_python_decorator' retrieved from /opt/anaconda3/envs/airflow_env/lib/python3.9/site-packages/airflow/example_dags/example_python_decorator.py
[2025-01-03T11:42:20.135-0800] {logging_mixin.py:190} INFO - [2025-01-03T11:42:20.135-0800] {dag.py:3239} INFO - Sync 1 DAGs
[2025-01-03T11:42:20.154-0800] {logging_mixin.py:190} INFO - [2025-01-03T11:42:20.153-0800] {dag.py:4180} INFO - Setting next_dagrun for example_python_decorator to None, run_after=None
[2025-01-03T11:42:20.199-0800] {processor.py:208} INFO - Processing /opt/anaconda3/envs/airflow_env/lib/python3.9/site-packages/airflow/example_dags/example_python_decorator.py took 0.359 seconds
[2025-01-03T11:47:18.539-0800] {processor.py:186} INFO - Started process (PID=50889) to work on /opt/anaconda3/envs/airflow_env/lib/python3.9/site-packages/airflow/example_dags/example_python_decorator.py
[2025-01-03T11:47:18.541-0800] {processor.py:914} INFO - Processing file /opt/anaconda3/envs/airflow_env/lib/python3.9/site-packages/airflow/example_dags/example_python_decorator.py for tasks to queue
[2025-01-03T11:47:18.543-0800] {logging_mixin.py:190} INFO - [2025-01-03T11:47:18.542-0800] {dagbag.py:588} INFO - Filling up the DagBag from /opt/anaconda3/envs/airflow_env/lib/python3.9/site-packages/airflow/example_dags/example_python_decorator.py
[2025-01-03T11:47:18.611-0800] {logging_mixin.py:190} INFO - [2025-01-03T11:47:18.611-0800] {example_python_decorator.py:80} WARNING - The virtalenv_python example task requires virtualenv, please install it.
[2025-01-03T11:47:18.617-0800] {processor.py:925} INFO - DAG(s) 'example_python_decorator' retrieved from /opt/anaconda3/envs/airflow_env/lib/python3.9/site-packages/airflow/example_dags/example_python_decorator.py
[2025-01-03T11:47:18.782-0800] {logging_mixin.py:190} INFO - [2025-01-03T11:47:18.781-0800] {dag.py:3239} INFO - Sync 1 DAGs
[2025-01-03T11:47:18.798-0800] {logging_mixin.py:190} INFO - [2025-01-03T11:47:18.798-0800] {dag.py:4180} INFO - Setting next_dagrun for example_python_decorator to None, run_after=None
[2025-01-03T11:47:18.825-0800] {processor.py:208} INFO - Processing /opt/anaconda3/envs/airflow_env/lib/python3.9/site-packages/airflow/example_dags/example_python_decorator.py took 0.292 seconds
