[2025-01-03T09:49:21.448-0800] {processor.py:186} INFO - Started process (PID=46265) to work on /opt/anaconda3/envs/airflow_env/lib/python3.9/site-packages/airflow/example_dags/example_skip_dag.py
[2025-01-03T09:49:21.449-0800] {processor.py:914} INFO - Processing file /opt/anaconda3/envs/airflow_env/lib/python3.9/site-packages/airflow/example_dags/example_skip_dag.py for tasks to queue
[2025-01-03T09:49:21.450-0800] {logging_mixin.py:190} INFO - [2025-01-03T09:49:21.450-0800] {dagbag.py:588} INFO - Filling up the DagBag from /opt/anaconda3/envs/airflow_env/lib/python3.9/site-packages/airflow/example_dags/example_skip_dag.py
[2025-01-03T09:49:21.462-0800] {processor.py:925} INFO - DAG(s) 'example_skip_dag' retrieved from /opt/anaconda3/envs/airflow_env/lib/python3.9/site-packages/airflow/example_dags/example_skip_dag.py
[2025-01-03T09:49:21.648-0800] {logging_mixin.py:190} INFO - [2025-01-03T09:49:21.647-0800] {dag.py:3239} INFO - Sync 1 DAGs
[2025-01-03T09:49:21.691-0800] {logging_mixin.py:190} INFO - [2025-01-03T09:49:21.691-0800] {dag.py:4180} INFO - Setting next_dagrun for example_skip_dag to 2025-01-02 00:00:00+00:00, run_after=2025-01-03 00:00:00+00:00
[2025-01-03T09:49:21.761-0800] {processor.py:208} INFO - Processing /opt/anaconda3/envs/airflow_env/lib/python3.9/site-packages/airflow/example_dags/example_skip_dag.py took 0.317 seconds
[2025-01-03T09:52:45.145-0800] {processor.py:186} INFO - Started process (PID=46389) to work on /opt/anaconda3/envs/airflow_env/lib/python3.9/site-packages/airflow/example_dags/example_skip_dag.py
[2025-01-03T09:52:45.148-0800] {processor.py:914} INFO - Processing file /opt/anaconda3/envs/airflow_env/lib/python3.9/site-packages/airflow/example_dags/example_skip_dag.py for tasks to queue
[2025-01-03T09:52:45.149-0800] {logging_mixin.py:190} INFO - [2025-01-03T09:52:45.149-0800] {dagbag.py:588} INFO - Filling up the DagBag from /opt/anaconda3/envs/airflow_env/lib/python3.9/site-packages/airflow/example_dags/example_skip_dag.py
[2025-01-03T09:52:45.160-0800] {processor.py:925} INFO - DAG(s) 'example_skip_dag' retrieved from /opt/anaconda3/envs/airflow_env/lib/python3.9/site-packages/airflow/example_dags/example_skip_dag.py
[2025-01-03T09:52:45.290-0800] {logging_mixin.py:190} INFO - [2025-01-03T09:52:45.289-0800] {dag.py:3239} INFO - Sync 1 DAGs
[2025-01-03T09:52:45.315-0800] {logging_mixin.py:190} INFO - [2025-01-03T09:52:45.315-0800] {dag.py:4180} INFO - Setting next_dagrun for example_skip_dag to 2025-01-02 00:00:00+00:00, run_after=2025-01-03 00:00:00+00:00
[2025-01-03T09:52:45.338-0800] {processor.py:208} INFO - Processing /opt/anaconda3/envs/airflow_env/lib/python3.9/site-packages/airflow/example_dags/example_skip_dag.py took 0.198 seconds
[2025-01-03T09:56:19.378-0800] {processor.py:186} INFO - Started process (PID=46513) to work on /opt/anaconda3/envs/airflow_env/lib/python3.9/site-packages/airflow/example_dags/example_skip_dag.py
[2025-01-03T09:56:19.380-0800] {processor.py:914} INFO - Processing file /opt/anaconda3/envs/airflow_env/lib/python3.9/site-packages/airflow/example_dags/example_skip_dag.py for tasks to queue
[2025-01-03T09:56:19.383-0800] {logging_mixin.py:190} INFO - [2025-01-03T09:56:19.383-0800] {dagbag.py:588} INFO - Filling up the DagBag from /opt/anaconda3/envs/airflow_env/lib/python3.9/site-packages/airflow/example_dags/example_skip_dag.py
[2025-01-03T09:56:19.402-0800] {processor.py:925} INFO - DAG(s) 'example_skip_dag' retrieved from /opt/anaconda3/envs/airflow_env/lib/python3.9/site-packages/airflow/example_dags/example_skip_dag.py
[2025-01-03T09:56:19.600-0800] {logging_mixin.py:190} INFO - [2025-01-03T09:56:19.600-0800] {dag.py:3239} INFO - Sync 1 DAGs
[2025-01-03T09:56:19.636-0800] {logging_mixin.py:190} INFO - [2025-01-03T09:56:19.635-0800] {dag.py:4180} INFO - Setting next_dagrun for example_skip_dag to 2025-01-02 00:00:00+00:00, run_after=2025-01-03 00:00:00+00:00
[2025-01-03T09:56:19.698-0800] {processor.py:208} INFO - Processing /opt/anaconda3/envs/airflow_env/lib/python3.9/site-packages/airflow/example_dags/example_skip_dag.py took 0.324 seconds
[2025-01-03T10:00:06.889-0800] {processor.py:186} INFO - Started process (PID=46626) to work on /opt/anaconda3/envs/airflow_env/lib/python3.9/site-packages/airflow/example_dags/example_skip_dag.py
[2025-01-03T10:00:06.895-0800] {processor.py:914} INFO - Processing file /opt/anaconda3/envs/airflow_env/lib/python3.9/site-packages/airflow/example_dags/example_skip_dag.py for tasks to queue
[2025-01-03T10:00:06.896-0800] {logging_mixin.py:190} INFO - [2025-01-03T10:00:06.896-0800] {dagbag.py:588} INFO - Filling up the DagBag from /opt/anaconda3/envs/airflow_env/lib/python3.9/site-packages/airflow/example_dags/example_skip_dag.py
[2025-01-03T10:00:06.912-0800] {processor.py:925} INFO - DAG(s) 'example_skip_dag' retrieved from /opt/anaconda3/envs/airflow_env/lib/python3.9/site-packages/airflow/example_dags/example_skip_dag.py
[2025-01-03T10:00:07.090-0800] {logging_mixin.py:190} INFO - [2025-01-03T10:00:07.089-0800] {dag.py:3239} INFO - Sync 1 DAGs
[2025-01-03T10:00:07.116-0800] {logging_mixin.py:190} INFO - [2025-01-03T10:00:07.116-0800] {dag.py:4180} INFO - Setting next_dagrun for example_skip_dag to 2025-01-02 00:00:00+00:00, run_after=2025-01-03 00:00:00+00:00
[2025-01-03T10:00:07.140-0800] {processor.py:208} INFO - Processing /opt/anaconda3/envs/airflow_env/lib/python3.9/site-packages/airflow/example_dags/example_skip_dag.py took 0.258 seconds
[2025-01-03T10:04:11.267-0800] {processor.py:186} INFO - Started process (PID=46772) to work on /opt/anaconda3/envs/airflow_env/lib/python3.9/site-packages/airflow/example_dags/example_skip_dag.py
[2025-01-03T10:04:11.270-0800] {processor.py:914} INFO - Processing file /opt/anaconda3/envs/airflow_env/lib/python3.9/site-packages/airflow/example_dags/example_skip_dag.py for tasks to queue
[2025-01-03T10:04:11.272-0800] {logging_mixin.py:190} INFO - [2025-01-03T10:04:11.271-0800] {dagbag.py:588} INFO - Filling up the DagBag from /opt/anaconda3/envs/airflow_env/lib/python3.9/site-packages/airflow/example_dags/example_skip_dag.py
[2025-01-03T10:04:11.293-0800] {processor.py:925} INFO - DAG(s) 'example_skip_dag' retrieved from /opt/anaconda3/envs/airflow_env/lib/python3.9/site-packages/airflow/example_dags/example_skip_dag.py
[2025-01-03T10:04:11.457-0800] {logging_mixin.py:190} INFO - [2025-01-03T10:04:11.457-0800] {dag.py:3239} INFO - Sync 1 DAGs
[2025-01-03T10:04:11.482-0800] {logging_mixin.py:190} INFO - [2025-01-03T10:04:11.482-0800] {dag.py:4180} INFO - Setting next_dagrun for example_skip_dag to 2025-01-02 00:00:00+00:00, run_after=2025-01-03 00:00:00+00:00
[2025-01-03T10:04:11.509-0800] {processor.py:208} INFO - Processing /opt/anaconda3/envs/airflow_env/lib/python3.9/site-packages/airflow/example_dags/example_skip_dag.py took 0.252 seconds
[2025-01-03T10:07:48.814-0800] {processor.py:186} INFO - Started process (PID=46890) to work on /opt/anaconda3/envs/airflow_env/lib/python3.9/site-packages/airflow/example_dags/example_skip_dag.py
[2025-01-03T10:07:48.817-0800] {processor.py:914} INFO - Processing file /opt/anaconda3/envs/airflow_env/lib/python3.9/site-packages/airflow/example_dags/example_skip_dag.py for tasks to queue
[2025-01-03T10:07:48.818-0800] {logging_mixin.py:190} INFO - [2025-01-03T10:07:48.818-0800] {dagbag.py:588} INFO - Filling up the DagBag from /opt/anaconda3/envs/airflow_env/lib/python3.9/site-packages/airflow/example_dags/example_skip_dag.py
[2025-01-03T10:07:48.828-0800] {processor.py:925} INFO - DAG(s) 'example_skip_dag' retrieved from /opt/anaconda3/envs/airflow_env/lib/python3.9/site-packages/airflow/example_dags/example_skip_dag.py
[2025-01-03T10:07:48.974-0800] {logging_mixin.py:190} INFO - [2025-01-03T10:07:48.974-0800] {dag.py:3239} INFO - Sync 1 DAGs
[2025-01-03T10:07:49.000-0800] {logging_mixin.py:190} INFO - [2025-01-03T10:07:48.999-0800] {dag.py:4180} INFO - Setting next_dagrun for example_skip_dag to 2025-01-02 00:00:00+00:00, run_after=2025-01-03 00:00:00+00:00
[2025-01-03T10:07:49.023-0800] {processor.py:208} INFO - Processing /opt/anaconda3/envs/airflow_env/lib/python3.9/site-packages/airflow/example_dags/example_skip_dag.py took 0.215 seconds
[2025-01-03T10:11:13.376-0800] {processor.py:186} INFO - Started process (PID=47001) to work on /opt/anaconda3/envs/airflow_env/lib/python3.9/site-packages/airflow/example_dags/example_skip_dag.py
[2025-01-03T10:11:13.378-0800] {processor.py:914} INFO - Processing file /opt/anaconda3/envs/airflow_env/lib/python3.9/site-packages/airflow/example_dags/example_skip_dag.py for tasks to queue
[2025-01-03T10:11:13.380-0800] {logging_mixin.py:190} INFO - [2025-01-03T10:11:13.379-0800] {dagbag.py:588} INFO - Filling up the DagBag from /opt/anaconda3/envs/airflow_env/lib/python3.9/site-packages/airflow/example_dags/example_skip_dag.py
[2025-01-03T10:11:13.390-0800] {processor.py:925} INFO - DAG(s) 'example_skip_dag' retrieved from /opt/anaconda3/envs/airflow_env/lib/python3.9/site-packages/airflow/example_dags/example_skip_dag.py
[2025-01-03T10:11:13.529-0800] {logging_mixin.py:190} INFO - [2025-01-03T10:11:13.529-0800] {dag.py:3239} INFO - Sync 1 DAGs
[2025-01-03T10:11:13.555-0800] {logging_mixin.py:190} INFO - [2025-01-03T10:11:13.555-0800] {dag.py:4180} INFO - Setting next_dagrun for example_skip_dag to 2025-01-02 00:00:00+00:00, run_after=2025-01-03 00:00:00+00:00
[2025-01-03T10:11:13.580-0800] {processor.py:208} INFO - Processing /opt/anaconda3/envs/airflow_env/lib/python3.9/site-packages/airflow/example_dags/example_skip_dag.py took 0.209 seconds
[2025-01-03T10:14:39.924-0800] {processor.py:186} INFO - Started process (PID=47128) to work on /opt/anaconda3/envs/airflow_env/lib/python3.9/site-packages/airflow/example_dags/example_skip_dag.py
[2025-01-03T10:14:39.929-0800] {processor.py:914} INFO - Processing file /opt/anaconda3/envs/airflow_env/lib/python3.9/site-packages/airflow/example_dags/example_skip_dag.py for tasks to queue
[2025-01-03T10:14:39.931-0800] {logging_mixin.py:190} INFO - [2025-01-03T10:14:39.930-0800] {dagbag.py:588} INFO - Filling up the DagBag from /opt/anaconda3/envs/airflow_env/lib/python3.9/site-packages/airflow/example_dags/example_skip_dag.py
[2025-01-03T10:14:39.948-0800] {processor.py:925} INFO - DAG(s) 'example_skip_dag' retrieved from /opt/anaconda3/envs/airflow_env/lib/python3.9/site-packages/airflow/example_dags/example_skip_dag.py
[2025-01-03T10:14:40.197-0800] {logging_mixin.py:190} INFO - [2025-01-03T10:14:40.197-0800] {dag.py:3239} INFO - Sync 1 DAGs
[2025-01-03T10:14:40.231-0800] {logging_mixin.py:190} INFO - [2025-01-03T10:14:40.231-0800] {dag.py:4180} INFO - Setting next_dagrun for example_skip_dag to 2025-01-02 00:00:00+00:00, run_after=2025-01-03 00:00:00+00:00
[2025-01-03T10:14:40.273-0800] {processor.py:208} INFO - Processing /opt/anaconda3/envs/airflow_env/lib/python3.9/site-packages/airflow/example_dags/example_skip_dag.py took 0.357 seconds
[2025-01-03T10:18:44.237-0800] {processor.py:186} INFO - Started process (PID=47410) to work on /opt/anaconda3/envs/airflow_env/lib/python3.9/site-packages/airflow/example_dags/example_skip_dag.py
[2025-01-03T10:18:44.241-0800] {processor.py:914} INFO - Processing file /opt/anaconda3/envs/airflow_env/lib/python3.9/site-packages/airflow/example_dags/example_skip_dag.py for tasks to queue
[2025-01-03T10:18:44.243-0800] {logging_mixin.py:190} INFO - [2025-01-03T10:18:44.242-0800] {dagbag.py:588} INFO - Filling up the DagBag from /opt/anaconda3/envs/airflow_env/lib/python3.9/site-packages/airflow/example_dags/example_skip_dag.py
[2025-01-03T10:18:44.253-0800] {processor.py:925} INFO - DAG(s) 'example_skip_dag' retrieved from /opt/anaconda3/envs/airflow_env/lib/python3.9/site-packages/airflow/example_dags/example_skip_dag.py
[2025-01-03T10:18:44.406-0800] {logging_mixin.py:190} INFO - [2025-01-03T10:18:44.405-0800] {dag.py:3239} INFO - Sync 1 DAGs
[2025-01-03T10:18:44.432-0800] {logging_mixin.py:190} INFO - [2025-01-03T10:18:44.432-0800] {dag.py:4180} INFO - Setting next_dagrun for example_skip_dag to 2025-01-02 00:00:00+00:00, run_after=2025-01-03 00:00:00+00:00
[2025-01-03T10:18:44.454-0800] {processor.py:208} INFO - Processing /opt/anaconda3/envs/airflow_env/lib/python3.9/site-packages/airflow/example_dags/example_skip_dag.py took 0.222 seconds
[2025-01-03T10:22:41.668-0800] {processor.py:186} INFO - Started process (PID=47574) to work on /opt/anaconda3/envs/airflow_env/lib/python3.9/site-packages/airflow/example_dags/example_skip_dag.py
[2025-01-03T10:22:41.672-0800] {processor.py:914} INFO - Processing file /opt/anaconda3/envs/airflow_env/lib/python3.9/site-packages/airflow/example_dags/example_skip_dag.py for tasks to queue
[2025-01-03T10:22:41.674-0800] {logging_mixin.py:190} INFO - [2025-01-03T10:22:41.674-0800] {dagbag.py:588} INFO - Filling up the DagBag from /opt/anaconda3/envs/airflow_env/lib/python3.9/site-packages/airflow/example_dags/example_skip_dag.py
[2025-01-03T10:22:41.690-0800] {processor.py:925} INFO - DAG(s) 'example_skip_dag' retrieved from /opt/anaconda3/envs/airflow_env/lib/python3.9/site-packages/airflow/example_dags/example_skip_dag.py
[2025-01-03T10:22:41.839-0800] {logging_mixin.py:190} INFO - [2025-01-03T10:22:41.839-0800] {dag.py:3239} INFO - Sync 1 DAGs
[2025-01-03T10:22:41.865-0800] {logging_mixin.py:190} INFO - [2025-01-03T10:22:41.865-0800] {dag.py:4180} INFO - Setting next_dagrun for example_skip_dag to 2025-01-02 00:00:00+00:00, run_after=2025-01-03 00:00:00+00:00
[2025-01-03T10:22:41.894-0800] {processor.py:208} INFO - Processing /opt/anaconda3/envs/airflow_env/lib/python3.9/site-packages/airflow/example_dags/example_skip_dag.py took 0.230 seconds
[2025-01-03T10:26:51.031-0800] {processor.py:186} INFO - Started process (PID=47701) to work on /opt/anaconda3/envs/airflow_env/lib/python3.9/site-packages/airflow/example_dags/example_skip_dag.py
[2025-01-03T10:26:51.035-0800] {processor.py:914} INFO - Processing file /opt/anaconda3/envs/airflow_env/lib/python3.9/site-packages/airflow/example_dags/example_skip_dag.py for tasks to queue
[2025-01-03T10:26:51.038-0800] {logging_mixin.py:190} INFO - [2025-01-03T10:26:51.037-0800] {dagbag.py:588} INFO - Filling up the DagBag from /opt/anaconda3/envs/airflow_env/lib/python3.9/site-packages/airflow/example_dags/example_skip_dag.py
[2025-01-03T10:26:51.055-0800] {processor.py:925} INFO - DAG(s) 'example_skip_dag' retrieved from /opt/anaconda3/envs/airflow_env/lib/python3.9/site-packages/airflow/example_dags/example_skip_dag.py
[2025-01-03T10:26:51.298-0800] {logging_mixin.py:190} INFO - [2025-01-03T10:26:51.298-0800] {dag.py:3239} INFO - Sync 1 DAGs
[2025-01-03T10:26:51.347-0800] {logging_mixin.py:190} INFO - [2025-01-03T10:26:51.346-0800] {dag.py:4180} INFO - Setting next_dagrun for example_skip_dag to 2025-01-02 00:00:00+00:00, run_after=2025-01-03 00:00:00+00:00
[2025-01-03T10:26:51.380-0800] {processor.py:208} INFO - Processing /opt/anaconda3/envs/airflow_env/lib/python3.9/site-packages/airflow/example_dags/example_skip_dag.py took 0.359 seconds
[2025-01-03T10:31:08.750-0800] {processor.py:186} INFO - Started process (PID=47826) to work on /opt/anaconda3/envs/airflow_env/lib/python3.9/site-packages/airflow/example_dags/example_skip_dag.py
[2025-01-03T10:31:08.753-0800] {processor.py:914} INFO - Processing file /opt/anaconda3/envs/airflow_env/lib/python3.9/site-packages/airflow/example_dags/example_skip_dag.py for tasks to queue
[2025-01-03T10:31:08.754-0800] {logging_mixin.py:190} INFO - [2025-01-03T10:31:08.754-0800] {dagbag.py:588} INFO - Filling up the DagBag from /opt/anaconda3/envs/airflow_env/lib/python3.9/site-packages/airflow/example_dags/example_skip_dag.py
[2025-01-03T10:31:08.767-0800] {processor.py:925} INFO - DAG(s) 'example_skip_dag' retrieved from /opt/anaconda3/envs/airflow_env/lib/python3.9/site-packages/airflow/example_dags/example_skip_dag.py
[2025-01-03T10:31:09.080-0800] {logging_mixin.py:190} INFO - [2025-01-03T10:31:09.074-0800] {dag.py:3239} INFO - Sync 1 DAGs
[2025-01-03T10:31:09.387-0800] {logging_mixin.py:190} INFO - [2025-01-03T10:31:09.386-0800] {dag.py:4180} INFO - Setting next_dagrun for example_skip_dag to 2025-01-02 00:00:00+00:00, run_after=2025-01-03 00:00:00+00:00
[2025-01-03T10:31:09.474-0800] {processor.py:208} INFO - Processing /opt/anaconda3/envs/airflow_env/lib/python3.9/site-packages/airflow/example_dags/example_skip_dag.py took 0.733 seconds
[2025-01-03T10:35:35.212-0800] {processor.py:186} INFO - Started process (PID=47965) to work on /opt/anaconda3/envs/airflow_env/lib/python3.9/site-packages/airflow/example_dags/example_skip_dag.py
[2025-01-03T10:35:35.216-0800] {processor.py:914} INFO - Processing file /opt/anaconda3/envs/airflow_env/lib/python3.9/site-packages/airflow/example_dags/example_skip_dag.py for tasks to queue
[2025-01-03T10:35:35.219-0800] {logging_mixin.py:190} INFO - [2025-01-03T10:35:35.218-0800] {dagbag.py:588} INFO - Filling up the DagBag from /opt/anaconda3/envs/airflow_env/lib/python3.9/site-packages/airflow/example_dags/example_skip_dag.py
[2025-01-03T10:35:35.242-0800] {processor.py:925} INFO - DAG(s) 'example_skip_dag' retrieved from /opt/anaconda3/envs/airflow_env/lib/python3.9/site-packages/airflow/example_dags/example_skip_dag.py
[2025-01-03T10:35:35.629-0800] {logging_mixin.py:190} INFO - [2025-01-03T10:35:35.628-0800] {dag.py:3239} INFO - Sync 1 DAGs
[2025-01-03T10:35:35.660-0800] {logging_mixin.py:190} INFO - [2025-01-03T10:35:35.660-0800] {dag.py:4180} INFO - Setting next_dagrun for example_skip_dag to 2025-01-02 00:00:00+00:00, run_after=2025-01-03 00:00:00+00:00
[2025-01-03T10:35:35.687-0800] {processor.py:208} INFO - Processing /opt/anaconda3/envs/airflow_env/lib/python3.9/site-packages/airflow/example_dags/example_skip_dag.py took 0.488 seconds
[2025-01-03T10:39:46.168-0800] {processor.py:186} INFO - Started process (PID=48084) to work on /opt/anaconda3/envs/airflow_env/lib/python3.9/site-packages/airflow/example_dags/example_skip_dag.py
[2025-01-03T10:39:46.171-0800] {processor.py:914} INFO - Processing file /opt/anaconda3/envs/airflow_env/lib/python3.9/site-packages/airflow/example_dags/example_skip_dag.py for tasks to queue
[2025-01-03T10:39:46.172-0800] {logging_mixin.py:190} INFO - [2025-01-03T10:39:46.172-0800] {dagbag.py:588} INFO - Filling up the DagBag from /opt/anaconda3/envs/airflow_env/lib/python3.9/site-packages/airflow/example_dags/example_skip_dag.py
[2025-01-03T10:39:46.186-0800] {processor.py:925} INFO - DAG(s) 'example_skip_dag' retrieved from /opt/anaconda3/envs/airflow_env/lib/python3.9/site-packages/airflow/example_dags/example_skip_dag.py
[2025-01-03T10:39:46.592-0800] {logging_mixin.py:190} INFO - [2025-01-03T10:39:46.591-0800] {dag.py:3239} INFO - Sync 1 DAGs
[2025-01-03T10:39:46.679-0800] {logging_mixin.py:190} INFO - [2025-01-03T10:39:46.678-0800] {dag.py:4180} INFO - Setting next_dagrun for example_skip_dag to 2025-01-02 00:00:00+00:00, run_after=2025-01-03 00:00:00+00:00
[2025-01-03T10:39:46.726-0800] {processor.py:208} INFO - Processing /opt/anaconda3/envs/airflow_env/lib/python3.9/site-packages/airflow/example_dags/example_skip_dag.py took 0.565 seconds
[2025-01-03T10:43:51.680-0800] {processor.py:186} INFO - Started process (PID=48212) to work on /opt/anaconda3/envs/airflow_env/lib/python3.9/site-packages/airflow/example_dags/example_skip_dag.py
[2025-01-03T10:43:51.682-0800] {processor.py:914} INFO - Processing file /opt/anaconda3/envs/airflow_env/lib/python3.9/site-packages/airflow/example_dags/example_skip_dag.py for tasks to queue
[2025-01-03T10:43:51.684-0800] {logging_mixin.py:190} INFO - [2025-01-03T10:43:51.684-0800] {dagbag.py:588} INFO - Filling up the DagBag from /opt/anaconda3/envs/airflow_env/lib/python3.9/site-packages/airflow/example_dags/example_skip_dag.py
[2025-01-03T10:43:51.697-0800] {processor.py:925} INFO - DAG(s) 'example_skip_dag' retrieved from /opt/anaconda3/envs/airflow_env/lib/python3.9/site-packages/airflow/example_dags/example_skip_dag.py
[2025-01-03T10:43:51.846-0800] {logging_mixin.py:190} INFO - [2025-01-03T10:43:51.845-0800] {dag.py:3239} INFO - Sync 1 DAGs
[2025-01-03T10:43:51.897-0800] {logging_mixin.py:190} INFO - [2025-01-03T10:43:51.897-0800] {dag.py:4180} INFO - Setting next_dagrun for example_skip_dag to 2025-01-02 00:00:00+00:00, run_after=2025-01-03 00:00:00+00:00
[2025-01-03T10:43:51.960-0800] {processor.py:208} INFO - Processing /opt/anaconda3/envs/airflow_env/lib/python3.9/site-packages/airflow/example_dags/example_skip_dag.py took 0.284 seconds
[2025-01-03T10:47:50.130-0800] {processor.py:186} INFO - Started process (PID=48351) to work on /opt/anaconda3/envs/airflow_env/lib/python3.9/site-packages/airflow/example_dags/example_skip_dag.py
[2025-01-03T10:47:50.133-0800] {processor.py:914} INFO - Processing file /opt/anaconda3/envs/airflow_env/lib/python3.9/site-packages/airflow/example_dags/example_skip_dag.py for tasks to queue
[2025-01-03T10:47:50.134-0800] {logging_mixin.py:190} INFO - [2025-01-03T10:47:50.134-0800] {dagbag.py:588} INFO - Filling up the DagBag from /opt/anaconda3/envs/airflow_env/lib/python3.9/site-packages/airflow/example_dags/example_skip_dag.py
[2025-01-03T10:47:50.146-0800] {processor.py:925} INFO - DAG(s) 'example_skip_dag' retrieved from /opt/anaconda3/envs/airflow_env/lib/python3.9/site-packages/airflow/example_dags/example_skip_dag.py
[2025-01-03T10:47:50.368-0800] {logging_mixin.py:190} INFO - [2025-01-03T10:47:50.368-0800] {dag.py:3239} INFO - Sync 1 DAGs
[2025-01-03T10:47:50.419-0800] {logging_mixin.py:190} INFO - [2025-01-03T10:47:50.419-0800] {dag.py:4180} INFO - Setting next_dagrun for example_skip_dag to 2025-01-02 00:00:00+00:00, run_after=2025-01-03 00:00:00+00:00
[2025-01-03T10:47:50.461-0800] {processor.py:208} INFO - Processing /opt/anaconda3/envs/airflow_env/lib/python3.9/site-packages/airflow/example_dags/example_skip_dag.py took 0.337 seconds
[2025-01-03T10:51:58.853-0800] {processor.py:186} INFO - Started process (PID=48552) to work on /opt/anaconda3/envs/airflow_env/lib/python3.9/site-packages/airflow/example_dags/example_skip_dag.py
[2025-01-03T10:51:58.859-0800] {processor.py:914} INFO - Processing file /opt/anaconda3/envs/airflow_env/lib/python3.9/site-packages/airflow/example_dags/example_skip_dag.py for tasks to queue
[2025-01-03T10:51:58.860-0800] {logging_mixin.py:190} INFO - [2025-01-03T10:51:58.860-0800] {dagbag.py:588} INFO - Filling up the DagBag from /opt/anaconda3/envs/airflow_env/lib/python3.9/site-packages/airflow/example_dags/example_skip_dag.py
[2025-01-03T10:51:58.887-0800] {processor.py:925} INFO - DAG(s) 'example_skip_dag' retrieved from /opt/anaconda3/envs/airflow_env/lib/python3.9/site-packages/airflow/example_dags/example_skip_dag.py
[2025-01-03T10:51:59.062-0800] {logging_mixin.py:190} INFO - [2025-01-03T10:51:59.062-0800] {dag.py:3239} INFO - Sync 1 DAGs
[2025-01-03T10:51:59.098-0800] {logging_mixin.py:190} INFO - [2025-01-03T10:51:59.098-0800] {dag.py:4180} INFO - Setting next_dagrun for example_skip_dag to 2025-01-02 00:00:00+00:00, run_after=2025-01-03 00:00:00+00:00
[2025-01-03T10:51:59.121-0800] {processor.py:208} INFO - Processing /opt/anaconda3/envs/airflow_env/lib/python3.9/site-packages/airflow/example_dags/example_skip_dag.py took 0.276 seconds
[2025-01-03T10:56:16.886-0800] {processor.py:186} INFO - Started process (PID=48710) to work on /opt/anaconda3/envs/airflow_env/lib/python3.9/site-packages/airflow/example_dags/example_skip_dag.py
[2025-01-03T10:56:16.889-0800] {processor.py:914} INFO - Processing file /opt/anaconda3/envs/airflow_env/lib/python3.9/site-packages/airflow/example_dags/example_skip_dag.py for tasks to queue
[2025-01-03T10:56:16.890-0800] {logging_mixin.py:190} INFO - [2025-01-03T10:56:16.890-0800] {dagbag.py:588} INFO - Filling up the DagBag from /opt/anaconda3/envs/airflow_env/lib/python3.9/site-packages/airflow/example_dags/example_skip_dag.py
[2025-01-03T10:56:16.910-0800] {processor.py:925} INFO - DAG(s) 'example_skip_dag' retrieved from /opt/anaconda3/envs/airflow_env/lib/python3.9/site-packages/airflow/example_dags/example_skip_dag.py
[2025-01-03T10:56:17.067-0800] {logging_mixin.py:190} INFO - [2025-01-03T10:56:17.067-0800] {dag.py:3239} INFO - Sync 1 DAGs
[2025-01-03T10:56:17.092-0800] {logging_mixin.py:190} INFO - [2025-01-03T10:56:17.092-0800] {dag.py:4180} INFO - Setting next_dagrun for example_skip_dag to 2025-01-02 00:00:00+00:00, run_after=2025-01-03 00:00:00+00:00
[2025-01-03T10:56:17.118-0800] {processor.py:208} INFO - Processing /opt/anaconda3/envs/airflow_env/lib/python3.9/site-packages/airflow/example_dags/example_skip_dag.py took 0.238 seconds
[2025-01-03T11:00:32.079-0800] {processor.py:186} INFO - Started process (PID=48895) to work on /opt/anaconda3/envs/airflow_env/lib/python3.9/site-packages/airflow/example_dags/example_skip_dag.py
[2025-01-03T11:00:32.083-0800] {processor.py:914} INFO - Processing file /opt/anaconda3/envs/airflow_env/lib/python3.9/site-packages/airflow/example_dags/example_skip_dag.py for tasks to queue
[2025-01-03T11:00:32.085-0800] {logging_mixin.py:190} INFO - [2025-01-03T11:00:32.084-0800] {dagbag.py:588} INFO - Filling up the DagBag from /opt/anaconda3/envs/airflow_env/lib/python3.9/site-packages/airflow/example_dags/example_skip_dag.py
[2025-01-03T11:00:32.096-0800] {processor.py:925} INFO - DAG(s) 'example_skip_dag' retrieved from /opt/anaconda3/envs/airflow_env/lib/python3.9/site-packages/airflow/example_dags/example_skip_dag.py
[2025-01-03T11:00:32.355-0800] {logging_mixin.py:190} INFO - [2025-01-03T11:00:32.354-0800] {dag.py:3239} INFO - Sync 1 DAGs
[2025-01-03T11:00:32.408-0800] {logging_mixin.py:190} INFO - [2025-01-03T11:00:32.408-0800] {dag.py:4180} INFO - Setting next_dagrun for example_skip_dag to 2025-01-02 00:00:00+00:00, run_after=2025-01-03 00:00:00+00:00
[2025-01-03T11:00:32.442-0800] {processor.py:208} INFO - Processing /opt/anaconda3/envs/airflow_env/lib/python3.9/site-packages/airflow/example_dags/example_skip_dag.py took 0.368 seconds
[2025-01-03T11:05:13.690-0800] {processor.py:186} INFO - Started process (PID=49085) to work on /opt/anaconda3/envs/airflow_env/lib/python3.9/site-packages/airflow/example_dags/example_skip_dag.py
[2025-01-03T11:05:13.694-0800] {processor.py:914} INFO - Processing file /opt/anaconda3/envs/airflow_env/lib/python3.9/site-packages/airflow/example_dags/example_skip_dag.py for tasks to queue
[2025-01-03T11:05:13.695-0800] {logging_mixin.py:190} INFO - [2025-01-03T11:05:13.695-0800] {dagbag.py:588} INFO - Filling up the DagBag from /opt/anaconda3/envs/airflow_env/lib/python3.9/site-packages/airflow/example_dags/example_skip_dag.py
[2025-01-03T11:05:13.709-0800] {processor.py:925} INFO - DAG(s) 'example_skip_dag' retrieved from /opt/anaconda3/envs/airflow_env/lib/python3.9/site-packages/airflow/example_dags/example_skip_dag.py
[2025-01-03T11:05:13.878-0800] {logging_mixin.py:190} INFO - [2025-01-03T11:05:13.878-0800] {dag.py:3239} INFO - Sync 1 DAGs
[2025-01-03T11:05:13.908-0800] {logging_mixin.py:190} INFO - [2025-01-03T11:05:13.907-0800] {dag.py:4180} INFO - Setting next_dagrun for example_skip_dag to 2025-01-02 00:00:00+00:00, run_after=2025-01-03 00:00:00+00:00
[2025-01-03T11:05:13.935-0800] {processor.py:208} INFO - Processing /opt/anaconda3/envs/airflow_env/lib/python3.9/site-packages/airflow/example_dags/example_skip_dag.py took 0.251 seconds
[2025-01-03T11:09:28.480-0800] {processor.py:186} INFO - Started process (PID=49215) to work on /opt/anaconda3/envs/airflow_env/lib/python3.9/site-packages/airflow/example_dags/example_skip_dag.py
[2025-01-03T11:09:28.482-0800] {processor.py:914} INFO - Processing file /opt/anaconda3/envs/airflow_env/lib/python3.9/site-packages/airflow/example_dags/example_skip_dag.py for tasks to queue
[2025-01-03T11:09:28.483-0800] {logging_mixin.py:190} INFO - [2025-01-03T11:09:28.483-0800] {dagbag.py:588} INFO - Filling up the DagBag from /opt/anaconda3/envs/airflow_env/lib/python3.9/site-packages/airflow/example_dags/example_skip_dag.py
[2025-01-03T11:09:28.497-0800] {processor.py:925} INFO - DAG(s) 'example_skip_dag' retrieved from /opt/anaconda3/envs/airflow_env/lib/python3.9/site-packages/airflow/example_dags/example_skip_dag.py
[2025-01-03T11:09:28.659-0800] {logging_mixin.py:190} INFO - [2025-01-03T11:09:28.659-0800] {dag.py:3239} INFO - Sync 1 DAGs
[2025-01-03T11:09:28.688-0800] {logging_mixin.py:190} INFO - [2025-01-03T11:09:28.687-0800] {dag.py:4180} INFO - Setting next_dagrun for example_skip_dag to 2025-01-02 00:00:00+00:00, run_after=2025-01-03 00:00:00+00:00
[2025-01-03T11:09:28.710-0800] {processor.py:208} INFO - Processing /opt/anaconda3/envs/airflow_env/lib/python3.9/site-packages/airflow/example_dags/example_skip_dag.py took 0.235 seconds
[2025-01-03T11:13:59.469-0800] {processor.py:186} INFO - Started process (PID=49543) to work on /opt/anaconda3/envs/airflow_env/lib/python3.9/site-packages/airflow/example_dags/example_skip_dag.py
[2025-01-03T11:13:59.471-0800] {processor.py:914} INFO - Processing file /opt/anaconda3/envs/airflow_env/lib/python3.9/site-packages/airflow/example_dags/example_skip_dag.py for tasks to queue
[2025-01-03T11:13:59.472-0800] {logging_mixin.py:190} INFO - [2025-01-03T11:13:59.472-0800] {dagbag.py:588} INFO - Filling up the DagBag from /opt/anaconda3/envs/airflow_env/lib/python3.9/site-packages/airflow/example_dags/example_skip_dag.py
[2025-01-03T11:13:59.485-0800] {processor.py:925} INFO - DAG(s) 'example_skip_dag' retrieved from /opt/anaconda3/envs/airflow_env/lib/python3.9/site-packages/airflow/example_dags/example_skip_dag.py
[2025-01-03T11:13:59.665-0800] {logging_mixin.py:190} INFO - [2025-01-03T11:13:59.664-0800] {dag.py:3239} INFO - Sync 1 DAGs
[2025-01-03T11:13:59.699-0800] {logging_mixin.py:190} INFO - [2025-01-03T11:13:59.699-0800] {dag.py:4180} INFO - Setting next_dagrun for example_skip_dag to 2025-01-02 00:00:00+00:00, run_after=2025-01-03 00:00:00+00:00
[2025-01-03T11:13:59.733-0800] {processor.py:208} INFO - Processing /opt/anaconda3/envs/airflow_env/lib/python3.9/site-packages/airflow/example_dags/example_skip_dag.py took 0.270 seconds
[2025-01-03T11:18:33.678-0800] {processor.py:186} INFO - Started process (PID=49764) to work on /opt/anaconda3/envs/airflow_env/lib/python3.9/site-packages/airflow/example_dags/example_skip_dag.py
[2025-01-03T11:18:33.680-0800] {processor.py:914} INFO - Processing file /opt/anaconda3/envs/airflow_env/lib/python3.9/site-packages/airflow/example_dags/example_skip_dag.py for tasks to queue
[2025-01-03T11:18:33.681-0800] {logging_mixin.py:190} INFO - [2025-01-03T11:18:33.681-0800] {dagbag.py:588} INFO - Filling up the DagBag from /opt/anaconda3/envs/airflow_env/lib/python3.9/site-packages/airflow/example_dags/example_skip_dag.py
[2025-01-03T11:18:33.697-0800] {processor.py:925} INFO - DAG(s) 'example_skip_dag' retrieved from /opt/anaconda3/envs/airflow_env/lib/python3.9/site-packages/airflow/example_dags/example_skip_dag.py
[2025-01-03T11:18:34.064-0800] {logging_mixin.py:190} INFO - [2025-01-03T11:18:34.063-0800] {dag.py:3239} INFO - Sync 1 DAGs
[2025-01-03T11:18:34.089-0800] {logging_mixin.py:190} INFO - [2025-01-03T11:18:34.089-0800] {dag.py:4180} INFO - Setting next_dagrun for example_skip_dag to 2025-01-02 00:00:00+00:00, run_after=2025-01-03 00:00:00+00:00
[2025-01-03T11:18:34.123-0800] {processor.py:208} INFO - Processing /opt/anaconda3/envs/airflow_env/lib/python3.9/site-packages/airflow/example_dags/example_skip_dag.py took 0.452 seconds
[2025-01-03T11:22:57.974-0800] {processor.py:186} INFO - Started process (PID=49920) to work on /opt/anaconda3/envs/airflow_env/lib/python3.9/site-packages/airflow/example_dags/example_skip_dag.py
[2025-01-03T11:22:57.976-0800] {processor.py:914} INFO - Processing file /opt/anaconda3/envs/airflow_env/lib/python3.9/site-packages/airflow/example_dags/example_skip_dag.py for tasks to queue
[2025-01-03T11:22:57.977-0800] {logging_mixin.py:190} INFO - [2025-01-03T11:22:57.977-0800] {dagbag.py:588} INFO - Filling up the DagBag from /opt/anaconda3/envs/airflow_env/lib/python3.9/site-packages/airflow/example_dags/example_skip_dag.py
[2025-01-03T11:22:57.988-0800] {processor.py:925} INFO - DAG(s) 'example_skip_dag' retrieved from /opt/anaconda3/envs/airflow_env/lib/python3.9/site-packages/airflow/example_dags/example_skip_dag.py
[2025-01-03T11:22:58.153-0800] {logging_mixin.py:190} INFO - [2025-01-03T11:22:58.152-0800] {dag.py:3239} INFO - Sync 1 DAGs
[2025-01-03T11:22:58.186-0800] {logging_mixin.py:190} INFO - [2025-01-03T11:22:58.186-0800] {dag.py:4180} INFO - Setting next_dagrun for example_skip_dag to 2025-01-02 00:00:00+00:00, run_after=2025-01-03 00:00:00+00:00
[2025-01-03T11:22:58.217-0800] {processor.py:208} INFO - Processing /opt/anaconda3/envs/airflow_env/lib/python3.9/site-packages/airflow/example_dags/example_skip_dag.py took 0.248 seconds
[2025-01-03T11:27:33.630-0800] {processor.py:186} INFO - Started process (PID=50040) to work on /opt/anaconda3/envs/airflow_env/lib/python3.9/site-packages/airflow/example_dags/example_skip_dag.py
[2025-01-03T11:27:33.633-0800] {processor.py:914} INFO - Processing file /opt/anaconda3/envs/airflow_env/lib/python3.9/site-packages/airflow/example_dags/example_skip_dag.py for tasks to queue
[2025-01-03T11:27:33.635-0800] {logging_mixin.py:190} INFO - [2025-01-03T11:27:33.635-0800] {dagbag.py:588} INFO - Filling up the DagBag from /opt/anaconda3/envs/airflow_env/lib/python3.9/site-packages/airflow/example_dags/example_skip_dag.py
[2025-01-03T11:27:33.646-0800] {processor.py:925} INFO - DAG(s) 'example_skip_dag' retrieved from /opt/anaconda3/envs/airflow_env/lib/python3.9/site-packages/airflow/example_dags/example_skip_dag.py
[2025-01-03T11:27:33.836-0800] {logging_mixin.py:190} INFO - [2025-01-03T11:27:33.835-0800] {dag.py:3239} INFO - Sync 1 DAGs
[2025-01-03T11:27:33.875-0800] {logging_mixin.py:190} INFO - [2025-01-03T11:27:33.874-0800] {dag.py:4180} INFO - Setting next_dagrun for example_skip_dag to 2025-01-02 00:00:00+00:00, run_after=2025-01-03 00:00:00+00:00
[2025-01-03T11:27:33.905-0800] {processor.py:208} INFO - Processing /opt/anaconda3/envs/airflow_env/lib/python3.9/site-packages/airflow/example_dags/example_skip_dag.py took 0.279 seconds
[2025-01-03T11:32:17.402-0800] {processor.py:186} INFO - Started process (PID=50283) to work on /opt/anaconda3/envs/airflow_env/lib/python3.9/site-packages/airflow/example_dags/example_skip_dag.py
[2025-01-03T11:32:17.557-0800] {processor.py:914} INFO - Processing file /opt/anaconda3/envs/airflow_env/lib/python3.9/site-packages/airflow/example_dags/example_skip_dag.py for tasks to queue
[2025-01-03T11:32:17.559-0800] {logging_mixin.py:190} INFO - [2025-01-03T11:32:17.559-0800] {dagbag.py:588} INFO - Filling up the DagBag from /opt/anaconda3/envs/airflow_env/lib/python3.9/site-packages/airflow/example_dags/example_skip_dag.py
[2025-01-03T11:32:17.591-0800] {processor.py:925} INFO - DAG(s) 'example_skip_dag' retrieved from /opt/anaconda3/envs/airflow_env/lib/python3.9/site-packages/airflow/example_dags/example_skip_dag.py
[2025-01-03T11:32:18.455-0800] {logging_mixin.py:190} INFO - [2025-01-03T11:32:18.454-0800] {dag.py:3239} INFO - Sync 1 DAGs
[2025-01-03T11:32:18.571-0800] {logging_mixin.py:190} INFO - [2025-01-03T11:32:18.571-0800] {dag.py:4180} INFO - Setting next_dagrun for example_skip_dag to 2025-01-02 00:00:00+00:00, run_after=2025-01-03 00:00:00+00:00
[2025-01-03T11:32:18.637-0800] {processor.py:208} INFO - Processing /opt/anaconda3/envs/airflow_env/lib/python3.9/site-packages/airflow/example_dags/example_skip_dag.py took 1.248 seconds
[2025-01-03T11:37:07.957-0800] {processor.py:186} INFO - Started process (PID=50484) to work on /opt/anaconda3/envs/airflow_env/lib/python3.9/site-packages/airflow/example_dags/example_skip_dag.py
[2025-01-03T11:37:07.960-0800] {processor.py:914} INFO - Processing file /opt/anaconda3/envs/airflow_env/lib/python3.9/site-packages/airflow/example_dags/example_skip_dag.py for tasks to queue
[2025-01-03T11:37:07.961-0800] {logging_mixin.py:190} INFO - [2025-01-03T11:37:07.961-0800] {dagbag.py:588} INFO - Filling up the DagBag from /opt/anaconda3/envs/airflow_env/lib/python3.9/site-packages/airflow/example_dags/example_skip_dag.py
[2025-01-03T11:37:07.976-0800] {processor.py:925} INFO - DAG(s) 'example_skip_dag' retrieved from /opt/anaconda3/envs/airflow_env/lib/python3.9/site-packages/airflow/example_dags/example_skip_dag.py
[2025-01-03T11:37:08.180-0800] {logging_mixin.py:190} INFO - [2025-01-03T11:37:08.180-0800] {dag.py:3239} INFO - Sync 1 DAGs
[2025-01-03T11:37:08.215-0800] {logging_mixin.py:190} INFO - [2025-01-03T11:37:08.215-0800] {dag.py:4180} INFO - Setting next_dagrun for example_skip_dag to 2025-01-02 00:00:00+00:00, run_after=2025-01-03 00:00:00+00:00
[2025-01-03T11:37:08.252-0800] {processor.py:208} INFO - Processing /opt/anaconda3/envs/airflow_env/lib/python3.9/site-packages/airflow/example_dags/example_skip_dag.py took 0.301 seconds
[2025-01-03T11:41:44.165-0800] {processor.py:186} INFO - Started process (PID=50666) to work on /opt/anaconda3/envs/airflow_env/lib/python3.9/site-packages/airflow/example_dags/example_skip_dag.py
[2025-01-03T11:41:44.168-0800] {processor.py:914} INFO - Processing file /opt/anaconda3/envs/airflow_env/lib/python3.9/site-packages/airflow/example_dags/example_skip_dag.py for tasks to queue
[2025-01-03T11:41:44.170-0800] {logging_mixin.py:190} INFO - [2025-01-03T11:41:44.169-0800] {dagbag.py:588} INFO - Filling up the DagBag from /opt/anaconda3/envs/airflow_env/lib/python3.9/site-packages/airflow/example_dags/example_skip_dag.py
[2025-01-03T11:41:44.193-0800] {processor.py:925} INFO - DAG(s) 'example_skip_dag' retrieved from /opt/anaconda3/envs/airflow_env/lib/python3.9/site-packages/airflow/example_dags/example_skip_dag.py
[2025-01-03T11:41:44.431-0800] {logging_mixin.py:190} INFO - [2025-01-03T11:41:44.431-0800] {dag.py:3239} INFO - Sync 1 DAGs
[2025-01-03T11:41:44.465-0800] {logging_mixin.py:190} INFO - [2025-01-03T11:41:44.465-0800] {dag.py:4180} INFO - Setting next_dagrun for example_skip_dag to 2025-01-02 00:00:00+00:00, run_after=2025-01-03 00:00:00+00:00
[2025-01-03T11:41:44.493-0800] {processor.py:208} INFO - Processing /opt/anaconda3/envs/airflow_env/lib/python3.9/site-packages/airflow/example_dags/example_skip_dag.py took 0.334 seconds
[2025-01-03T11:46:37.165-0800] {processor.py:186} INFO - Started process (PID=50847) to work on /opt/anaconda3/envs/airflow_env/lib/python3.9/site-packages/airflow/example_dags/example_skip_dag.py
[2025-01-03T11:46:37.167-0800] {processor.py:914} INFO - Processing file /opt/anaconda3/envs/airflow_env/lib/python3.9/site-packages/airflow/example_dags/example_skip_dag.py for tasks to queue
[2025-01-03T11:46:37.168-0800] {logging_mixin.py:190} INFO - [2025-01-03T11:46:37.168-0800] {dagbag.py:588} INFO - Filling up the DagBag from /opt/anaconda3/envs/airflow_env/lib/python3.9/site-packages/airflow/example_dags/example_skip_dag.py
[2025-01-03T11:46:37.180-0800] {processor.py:925} INFO - DAG(s) 'example_skip_dag' retrieved from /opt/anaconda3/envs/airflow_env/lib/python3.9/site-packages/airflow/example_dags/example_skip_dag.py
[2025-01-03T11:46:37.949-0800] {logging_mixin.py:190} INFO - [2025-01-03T11:46:37.948-0800] {dag.py:3239} INFO - Sync 1 DAGs
[2025-01-03T11:46:38.010-0800] {logging_mixin.py:190} INFO - [2025-01-03T11:46:38.010-0800] {dag.py:4180} INFO - Setting next_dagrun for example_skip_dag to 2025-01-02 00:00:00+00:00, run_after=2025-01-03 00:00:00+00:00
[2025-01-03T11:46:38.062-0800] {processor.py:208} INFO - Processing /opt/anaconda3/envs/airflow_env/lib/python3.9/site-packages/airflow/example_dags/example_skip_dag.py took 0.902 seconds
[2025-01-03T11:50:48.546-0800] {processor.py:186} INFO - Started process (PID=51049) to work on /opt/anaconda3/envs/airflow_env/lib/python3.9/site-packages/airflow/example_dags/example_skip_dag.py
[2025-01-03T11:50:48.549-0800] {processor.py:914} INFO - Processing file /opt/anaconda3/envs/airflow_env/lib/python3.9/site-packages/airflow/example_dags/example_skip_dag.py for tasks to queue
[2025-01-03T11:50:48.551-0800] {logging_mixin.py:190} INFO - [2025-01-03T11:50:48.550-0800] {dagbag.py:588} INFO - Filling up the DagBag from /opt/anaconda3/envs/airflow_env/lib/python3.9/site-packages/airflow/example_dags/example_skip_dag.py
[2025-01-03T11:50:48.574-0800] {processor.py:925} INFO - DAG(s) 'example_skip_dag' retrieved from /opt/anaconda3/envs/airflow_env/lib/python3.9/site-packages/airflow/example_dags/example_skip_dag.py
[2025-01-03T11:50:48.827-0800] {logging_mixin.py:190} INFO - [2025-01-03T11:50:48.827-0800] {dag.py:3239} INFO - Sync 1 DAGs
[2025-01-03T11:50:48.866-0800] {logging_mixin.py:190} INFO - [2025-01-03T11:50:48.865-0800] {dag.py:4180} INFO - Setting next_dagrun for example_skip_dag to 2025-01-02 00:00:00+00:00, run_after=2025-01-03 00:00:00+00:00
[2025-01-03T11:50:48.900-0800] {processor.py:208} INFO - Processing /opt/anaconda3/envs/airflow_env/lib/python3.9/site-packages/airflow/example_dags/example_skip_dag.py took 0.364 seconds
