[2025-01-03T09:51:24.714-0800] {processor.py:186} INFO - Started process (PID=46340) to work on /opt/anaconda3/envs/airflow_env/lib/python3.9/site-packages/airflow/example_dags/example_bash_decorator.py
[2025-01-03T09:51:24.715-0800] {processor.py:914} INFO - Processing file /opt/anaconda3/envs/airflow_env/lib/python3.9/site-packages/airflow/example_dags/example_bash_decorator.py for tasks to queue
[2025-01-03T09:51:24.717-0800] {logging_mixin.py:190} INFO - [2025-01-03T09:51:24.716-0800] {dagbag.py:588} INFO - Filling up the DagBag from /opt/anaconda3/envs/airflow_env/lib/python3.9/site-packages/airflow/example_dags/example_bash_decorator.py
[2025-01-03T09:51:24.764-0800] {processor.py:925} INFO - DAG(s) 'example_bash_decorator' retrieved from /opt/anaconda3/envs/airflow_env/lib/python3.9/site-packages/airflow/example_dags/example_bash_decorator.py
[2025-01-03T09:51:24.990-0800] {logging_mixin.py:190} INFO - [2025-01-03T09:51:24.990-0800] {dag.py:3239} INFO - Sync 1 DAGs
[2025-01-03T09:51:25.002-0800] {logging_mixin.py:190} INFO - [2025-01-03T09:51:25.002-0800] {dag.py:4180} INFO - Setting next_dagrun for example_bash_decorator to None, run_after=None
[2025-01-03T09:51:25.025-0800] {processor.py:208} INFO - Processing /opt/anaconda3/envs/airflow_env/lib/python3.9/site-packages/airflow/example_dags/example_bash_decorator.py took 0.316 seconds
[2025-01-03T09:58:18.652-0800] {processor.py:186} INFO - Started process (PID=46575) to work on /opt/anaconda3/envs/airflow_env/lib/python3.9/site-packages/airflow/example_dags/example_bash_decorator.py
[2025-01-03T09:58:18.655-0800] {processor.py:914} INFO - Processing file /opt/anaconda3/envs/airflow_env/lib/python3.9/site-packages/airflow/example_dags/example_bash_decorator.py for tasks to queue
[2025-01-03T09:58:18.656-0800] {logging_mixin.py:190} INFO - [2025-01-03T09:58:18.656-0800] {dagbag.py:588} INFO - Filling up the DagBag from /opt/anaconda3/envs/airflow_env/lib/python3.9/site-packages/airflow/example_dags/example_bash_decorator.py
[2025-01-03T09:58:18.709-0800] {processor.py:925} INFO - DAG(s) 'example_bash_decorator' retrieved from /opt/anaconda3/envs/airflow_env/lib/python3.9/site-packages/airflow/example_dags/example_bash_decorator.py
[2025-01-03T09:58:19.187-0800] {logging_mixin.py:190} INFO - [2025-01-03T09:58:19.187-0800] {dag.py:3239} INFO - Sync 1 DAGs
[2025-01-03T09:58:19.203-0800] {logging_mixin.py:190} INFO - [2025-01-03T09:58:19.202-0800] {dag.py:4180} INFO - Setting next_dagrun for example_bash_decorator to None, run_after=None
[2025-01-03T09:58:19.231-0800] {processor.py:208} INFO - Processing /opt/anaconda3/envs/airflow_env/lib/python3.9/site-packages/airflow/example_dags/example_bash_decorator.py took 0.583 seconds
[2025-01-03T10:06:13.719-0800] {processor.py:186} INFO - Started process (PID=46841) to work on /opt/anaconda3/envs/airflow_env/lib/python3.9/site-packages/airflow/example_dags/example_bash_decorator.py
[2025-01-03T10:06:13.723-0800] {processor.py:914} INFO - Processing file /opt/anaconda3/envs/airflow_env/lib/python3.9/site-packages/airflow/example_dags/example_bash_decorator.py for tasks to queue
[2025-01-03T10:06:13.724-0800] {logging_mixin.py:190} INFO - [2025-01-03T10:06:13.724-0800] {dagbag.py:588} INFO - Filling up the DagBag from /opt/anaconda3/envs/airflow_env/lib/python3.9/site-packages/airflow/example_dags/example_bash_decorator.py
[2025-01-03T10:06:13.787-0800] {processor.py:925} INFO - DAG(s) 'example_bash_decorator' retrieved from /opt/anaconda3/envs/airflow_env/lib/python3.9/site-packages/airflow/example_dags/example_bash_decorator.py
[2025-01-03T10:06:14.321-0800] {logging_mixin.py:190} INFO - [2025-01-03T10:06:14.321-0800] {dag.py:3239} INFO - Sync 1 DAGs
[2025-01-03T10:06:14.334-0800] {logging_mixin.py:190} INFO - [2025-01-03T10:06:14.334-0800] {dag.py:4180} INFO - Setting next_dagrun for example_bash_decorator to None, run_after=None
[2025-01-03T10:06:14.363-0800] {processor.py:208} INFO - Processing /opt/anaconda3/envs/airflow_env/lib/python3.9/site-packages/airflow/example_dags/example_bash_decorator.py took 0.648 seconds
[2025-01-03T10:13:01.328-0800] {processor.py:186} INFO - Started process (PID=47065) to work on /opt/anaconda3/envs/airflow_env/lib/python3.9/site-packages/airflow/example_dags/example_bash_decorator.py
[2025-01-03T10:13:01.330-0800] {processor.py:914} INFO - Processing file /opt/anaconda3/envs/airflow_env/lib/python3.9/site-packages/airflow/example_dags/example_bash_decorator.py for tasks to queue
[2025-01-03T10:13:01.332-0800] {logging_mixin.py:190} INFO - [2025-01-03T10:13:01.331-0800] {dagbag.py:588} INFO - Filling up the DagBag from /opt/anaconda3/envs/airflow_env/lib/python3.9/site-packages/airflow/example_dags/example_bash_decorator.py
[2025-01-03T10:13:01.384-0800] {processor.py:925} INFO - DAG(s) 'example_bash_decorator' retrieved from /opt/anaconda3/envs/airflow_env/lib/python3.9/site-packages/airflow/example_dags/example_bash_decorator.py
[2025-01-03T10:13:01.878-0800] {logging_mixin.py:190} INFO - [2025-01-03T10:13:01.878-0800] {dag.py:3239} INFO - Sync 1 DAGs
[2025-01-03T10:13:01.891-0800] {logging_mixin.py:190} INFO - [2025-01-03T10:13:01.891-0800] {dag.py:4180} INFO - Setting next_dagrun for example_bash_decorator to None, run_after=None
[2025-01-03T10:13:01.915-0800] {processor.py:208} INFO - Processing /opt/anaconda3/envs/airflow_env/lib/python3.9/site-packages/airflow/example_dags/example_bash_decorator.py took 0.593 seconds
[2025-01-03T10:20:55.563-0800] {processor.py:186} INFO - Started process (PID=47473) to work on /opt/anaconda3/envs/airflow_env/lib/python3.9/site-packages/airflow/example_dags/example_bash_decorator.py
[2025-01-03T10:20:55.566-0800] {processor.py:914} INFO - Processing file /opt/anaconda3/envs/airflow_env/lib/python3.9/site-packages/airflow/example_dags/example_bash_decorator.py for tasks to queue
[2025-01-03T10:20:55.574-0800] {logging_mixin.py:190} INFO - [2025-01-03T10:20:55.570-0800] {dagbag.py:588} INFO - Filling up the DagBag from /opt/anaconda3/envs/airflow_env/lib/python3.9/site-packages/airflow/example_dags/example_bash_decorator.py
[2025-01-03T10:20:55.680-0800] {processor.py:925} INFO - DAG(s) 'example_bash_decorator' retrieved from /opt/anaconda3/envs/airflow_env/lib/python3.9/site-packages/airflow/example_dags/example_bash_decorator.py
[2025-01-03T10:20:56.190-0800] {logging_mixin.py:190} INFO - [2025-01-03T10:20:56.189-0800] {dag.py:3239} INFO - Sync 1 DAGs
[2025-01-03T10:20:56.202-0800] {logging_mixin.py:190} INFO - [2025-01-03T10:20:56.202-0800] {dag.py:4180} INFO - Setting next_dagrun for example_bash_decorator to None, run_after=None
[2025-01-03T10:20:56.230-0800] {processor.py:208} INFO - Processing /opt/anaconda3/envs/airflow_env/lib/python3.9/site-packages/airflow/example_dags/example_bash_decorator.py took 0.671 seconds
[2025-01-03T10:29:06.271-0800] {processor.py:186} INFO - Started process (PID=47762) to work on /opt/anaconda3/envs/airflow_env/lib/python3.9/site-packages/airflow/example_dags/example_bash_decorator.py
[2025-01-03T10:29:06.277-0800] {processor.py:914} INFO - Processing file /opt/anaconda3/envs/airflow_env/lib/python3.9/site-packages/airflow/example_dags/example_bash_decorator.py for tasks to queue
[2025-01-03T10:29:06.279-0800] {logging_mixin.py:190} INFO - [2025-01-03T10:29:06.279-0800] {dagbag.py:588} INFO - Filling up the DagBag from /opt/anaconda3/envs/airflow_env/lib/python3.9/site-packages/airflow/example_dags/example_bash_decorator.py
[2025-01-03T10:29:06.391-0800] {processor.py:925} INFO - DAG(s) 'example_bash_decorator' retrieved from /opt/anaconda3/envs/airflow_env/lib/python3.9/site-packages/airflow/example_dags/example_bash_decorator.py
[2025-01-03T10:29:07.081-0800] {logging_mixin.py:190} INFO - [2025-01-03T10:29:07.080-0800] {dag.py:3239} INFO - Sync 1 DAGs
[2025-01-03T10:29:07.104-0800] {logging_mixin.py:190} INFO - [2025-01-03T10:29:07.104-0800] {dag.py:4180} INFO - Setting next_dagrun for example_bash_decorator to None, run_after=None
[2025-01-03T10:29:07.135-0800] {processor.py:208} INFO - Processing /opt/anaconda3/envs/airflow_env/lib/python3.9/site-packages/airflow/example_dags/example_bash_decorator.py took 0.869 seconds
[2025-01-03T10:37:48.392-0800] {processor.py:186} INFO - Started process (PID=48033) to work on /opt/anaconda3/envs/airflow_env/lib/python3.9/site-packages/airflow/example_dags/example_bash_decorator.py
[2025-01-03T10:37:48.395-0800] {processor.py:914} INFO - Processing file /opt/anaconda3/envs/airflow_env/lib/python3.9/site-packages/airflow/example_dags/example_bash_decorator.py for tasks to queue
[2025-01-03T10:37:48.397-0800] {logging_mixin.py:190} INFO - [2025-01-03T10:37:48.397-0800] {dagbag.py:588} INFO - Filling up the DagBag from /opt/anaconda3/envs/airflow_env/lib/python3.9/site-packages/airflow/example_dags/example_bash_decorator.py
[2025-01-03T10:37:48.450-0800] {processor.py:925} INFO - DAG(s) 'example_bash_decorator' retrieved from /opt/anaconda3/envs/airflow_env/lib/python3.9/site-packages/airflow/example_dags/example_bash_decorator.py
[2025-01-03T10:37:48.938-0800] {logging_mixin.py:190} INFO - [2025-01-03T10:37:48.937-0800] {dag.py:3239} INFO - Sync 1 DAGs
[2025-01-03T10:37:48.951-0800] {logging_mixin.py:190} INFO - [2025-01-03T10:37:48.951-0800] {dag.py:4180} INFO - Setting next_dagrun for example_bash_decorator to None, run_after=None
[2025-01-03T10:37:48.979-0800] {processor.py:208} INFO - Processing /opt/anaconda3/envs/airflow_env/lib/python3.9/site-packages/airflow/example_dags/example_bash_decorator.py took 0.595 seconds
[2025-01-03T10:46:07.168-0800] {processor.py:186} INFO - Started process (PID=48283) to work on /opt/anaconda3/envs/airflow_env/lib/python3.9/site-packages/airflow/example_dags/example_bash_decorator.py
[2025-01-03T10:46:07.174-0800] {processor.py:914} INFO - Processing file /opt/anaconda3/envs/airflow_env/lib/python3.9/site-packages/airflow/example_dags/example_bash_decorator.py for tasks to queue
[2025-01-03T10:46:07.176-0800] {logging_mixin.py:190} INFO - [2025-01-03T10:46:07.176-0800] {dagbag.py:588} INFO - Filling up the DagBag from /opt/anaconda3/envs/airflow_env/lib/python3.9/site-packages/airflow/example_dags/example_bash_decorator.py
[2025-01-03T10:46:07.284-0800] {processor.py:925} INFO - DAG(s) 'example_bash_decorator' retrieved from /opt/anaconda3/envs/airflow_env/lib/python3.9/site-packages/airflow/example_dags/example_bash_decorator.py
[2025-01-03T10:46:07.912-0800] {logging_mixin.py:190} INFO - [2025-01-03T10:46:07.912-0800] {dag.py:3239} INFO - Sync 1 DAGs
[2025-01-03T10:46:07.929-0800] {logging_mixin.py:190} INFO - [2025-01-03T10:46:07.929-0800] {dag.py:4180} INFO - Setting next_dagrun for example_bash_decorator to None, run_after=None
[2025-01-03T10:46:07.966-0800] {processor.py:208} INFO - Processing /opt/anaconda3/envs/airflow_env/lib/python3.9/site-packages/airflow/example_dags/example_bash_decorator.py took 0.805 seconds
[2025-01-03T10:54:27.586-0800] {processor.py:186} INFO - Started process (PID=48637) to work on /opt/anaconda3/envs/airflow_env/lib/python3.9/site-packages/airflow/example_dags/example_bash_decorator.py
[2025-01-03T10:54:27.588-0800] {processor.py:914} INFO - Processing file /opt/anaconda3/envs/airflow_env/lib/python3.9/site-packages/airflow/example_dags/example_bash_decorator.py for tasks to queue
[2025-01-03T10:54:27.590-0800] {logging_mixin.py:190} INFO - [2025-01-03T10:54:27.589-0800] {dagbag.py:588} INFO - Filling up the DagBag from /opt/anaconda3/envs/airflow_env/lib/python3.9/site-packages/airflow/example_dags/example_bash_decorator.py
[2025-01-03T10:54:27.694-0800] {processor.py:925} INFO - DAG(s) 'example_bash_decorator' retrieved from /opt/anaconda3/envs/airflow_env/lib/python3.9/site-packages/airflow/example_dags/example_bash_decorator.py
[2025-01-03T10:54:28.198-0800] {logging_mixin.py:190} INFO - [2025-01-03T10:54:28.197-0800] {dag.py:3239} INFO - Sync 1 DAGs
[2025-01-03T10:54:28.211-0800] {logging_mixin.py:190} INFO - [2025-01-03T10:54:28.211-0800] {dag.py:4180} INFO - Setting next_dagrun for example_bash_decorator to None, run_after=None
[2025-01-03T10:54:28.241-0800] {processor.py:208} INFO - Processing /opt/anaconda3/envs/airflow_env/lib/python3.9/site-packages/airflow/example_dags/example_bash_decorator.py took 0.660 seconds
[2025-01-03T11:03:15.143-0800] {processor.py:186} INFO - Started process (PID=48998) to work on /opt/anaconda3/envs/airflow_env/lib/python3.9/site-packages/airflow/example_dags/example_bash_decorator.py
[2025-01-03T11:03:15.146-0800] {processor.py:914} INFO - Processing file /opt/anaconda3/envs/airflow_env/lib/python3.9/site-packages/airflow/example_dags/example_bash_decorator.py for tasks to queue
[2025-01-03T11:03:15.148-0800] {logging_mixin.py:190} INFO - [2025-01-03T11:03:15.147-0800] {dagbag.py:588} INFO - Filling up the DagBag from /opt/anaconda3/envs/airflow_env/lib/python3.9/site-packages/airflow/example_dags/example_bash_decorator.py
[2025-01-03T11:03:15.263-0800] {processor.py:925} INFO - DAG(s) 'example_bash_decorator' retrieved from /opt/anaconda3/envs/airflow_env/lib/python3.9/site-packages/airflow/example_dags/example_bash_decorator.py
[2025-01-03T11:03:15.808-0800] {logging_mixin.py:190} INFO - [2025-01-03T11:03:15.808-0800] {dag.py:3239} INFO - Sync 1 DAGs
[2025-01-03T11:03:15.823-0800] {logging_mixin.py:190} INFO - [2025-01-03T11:03:15.823-0800] {dag.py:4180} INFO - Setting next_dagrun for example_bash_decorator to None, run_after=None
[2025-01-03T11:03:15.855-0800] {processor.py:208} INFO - Processing /opt/anaconda3/envs/airflow_env/lib/python3.9/site-packages/airflow/example_dags/example_bash_decorator.py took 0.715 seconds
[2025-01-03T11:11:50.977-0800] {processor.py:186} INFO - Started process (PID=49353) to work on /opt/anaconda3/envs/airflow_env/lib/python3.9/site-packages/airflow/example_dags/example_bash_decorator.py
[2025-01-03T11:11:50.980-0800] {processor.py:914} INFO - Processing file /opt/anaconda3/envs/airflow_env/lib/python3.9/site-packages/airflow/example_dags/example_bash_decorator.py for tasks to queue
[2025-01-03T11:11:50.985-0800] {logging_mixin.py:190} INFO - [2025-01-03T11:11:50.985-0800] {dagbag.py:588} INFO - Filling up the DagBag from /opt/anaconda3/envs/airflow_env/lib/python3.9/site-packages/airflow/example_dags/example_bash_decorator.py
[2025-01-03T11:11:51.091-0800] {processor.py:925} INFO - DAG(s) 'example_bash_decorator' retrieved from /opt/anaconda3/envs/airflow_env/lib/python3.9/site-packages/airflow/example_dags/example_bash_decorator.py
[2025-01-03T11:11:51.575-0800] {logging_mixin.py:190} INFO - [2025-01-03T11:11:51.575-0800] {dag.py:3239} INFO - Sync 1 DAGs
[2025-01-03T11:11:51.589-0800] {logging_mixin.py:190} INFO - [2025-01-03T11:11:51.588-0800] {dag.py:4180} INFO - Setting next_dagrun for example_bash_decorator to None, run_after=None
[2025-01-03T11:11:51.617-0800] {processor.py:208} INFO - Processing /opt/anaconda3/envs/airflow_env/lib/python3.9/site-packages/airflow/example_dags/example_bash_decorator.py took 0.645 seconds
[2025-01-03T11:20:53.650-0800] {processor.py:186} INFO - Started process (PID=49845) to work on /opt/anaconda3/envs/airflow_env/lib/python3.9/site-packages/airflow/example_dags/example_bash_decorator.py
[2025-01-03T11:20:53.653-0800] {processor.py:914} INFO - Processing file /opt/anaconda3/envs/airflow_env/lib/python3.9/site-packages/airflow/example_dags/example_bash_decorator.py for tasks to queue
[2025-01-03T11:20:53.655-0800] {logging_mixin.py:190} INFO - [2025-01-03T11:20:53.655-0800] {dagbag.py:588} INFO - Filling up the DagBag from /opt/anaconda3/envs/airflow_env/lib/python3.9/site-packages/airflow/example_dags/example_bash_decorator.py
[2025-01-03T11:20:53.793-0800] {processor.py:925} INFO - DAG(s) 'example_bash_decorator' retrieved from /opt/anaconda3/envs/airflow_env/lib/python3.9/site-packages/airflow/example_dags/example_bash_decorator.py
[2025-01-03T11:20:54.280-0800] {logging_mixin.py:190} INFO - [2025-01-03T11:20:54.280-0800] {dag.py:3239} INFO - Sync 1 DAGs
[2025-01-03T11:20:54.295-0800] {logging_mixin.py:190} INFO - [2025-01-03T11:20:54.294-0800] {dag.py:4180} INFO - Setting next_dagrun for example_bash_decorator to None, run_after=None
[2025-01-03T11:20:54.321-0800] {processor.py:208} INFO - Processing /opt/anaconda3/envs/airflow_env/lib/python3.9/site-packages/airflow/example_dags/example_bash_decorator.py took 0.677 seconds
[2025-01-03T11:30:06.671-0800] {processor.py:186} INFO - Started process (PID=50207) to work on /opt/anaconda3/envs/airflow_env/lib/python3.9/site-packages/airflow/example_dags/example_bash_decorator.py
[2025-01-03T11:30:06.674-0800] {processor.py:914} INFO - Processing file /opt/anaconda3/envs/airflow_env/lib/python3.9/site-packages/airflow/example_dags/example_bash_decorator.py for tasks to queue
[2025-01-03T11:30:06.675-0800] {logging_mixin.py:190} INFO - [2025-01-03T11:30:06.675-0800] {dagbag.py:588} INFO - Filling up the DagBag from /opt/anaconda3/envs/airflow_env/lib/python3.9/site-packages/airflow/example_dags/example_bash_decorator.py
[2025-01-03T11:30:06.760-0800] {processor.py:925} INFO - DAG(s) 'example_bash_decorator' retrieved from /opt/anaconda3/envs/airflow_env/lib/python3.9/site-packages/airflow/example_dags/example_bash_decorator.py
[2025-01-03T11:30:07.322-0800] {logging_mixin.py:190} INFO - [2025-01-03T11:30:07.322-0800] {dag.py:3239} INFO - Sync 1 DAGs
[2025-01-03T11:30:07.337-0800] {logging_mixin.py:190} INFO - [2025-01-03T11:30:07.336-0800] {dag.py:4180} INFO - Setting next_dagrun for example_bash_decorator to None, run_after=None
[2025-01-03T11:30:07.361-0800] {processor.py:208} INFO - Processing /opt/anaconda3/envs/airflow_env/lib/python3.9/site-packages/airflow/example_dags/example_bash_decorator.py took 0.696 seconds
[2025-01-03T11:39:46.973-0800] {processor.py:186} INFO - Started process (PID=50603) to work on /opt/anaconda3/envs/airflow_env/lib/python3.9/site-packages/airflow/example_dags/example_bash_decorator.py
[2025-01-03T11:39:46.975-0800] {processor.py:914} INFO - Processing file /opt/anaconda3/envs/airflow_env/lib/python3.9/site-packages/airflow/example_dags/example_bash_decorator.py for tasks to queue
[2025-01-03T11:39:46.976-0800] {logging_mixin.py:190} INFO - [2025-01-03T11:39:46.976-0800] {dagbag.py:588} INFO - Filling up the DagBag from /opt/anaconda3/envs/airflow_env/lib/python3.9/site-packages/airflow/example_dags/example_bash_decorator.py
[2025-01-03T11:39:47.092-0800] {processor.py:925} INFO - DAG(s) 'example_bash_decorator' retrieved from /opt/anaconda3/envs/airflow_env/lib/python3.9/site-packages/airflow/example_dags/example_bash_decorator.py
[2025-01-03T11:39:47.581-0800] {logging_mixin.py:190} INFO - [2025-01-03T11:39:47.581-0800] {dag.py:3239} INFO - Sync 1 DAGs
[2025-01-03T11:39:47.597-0800] {logging_mixin.py:190} INFO - [2025-01-03T11:39:47.597-0800] {dag.py:4180} INFO - Setting next_dagrun for example_bash_decorator to None, run_after=None
[2025-01-03T11:39:47.624-0800] {processor.py:208} INFO - Processing /opt/anaconda3/envs/airflow_env/lib/python3.9/site-packages/airflow/example_dags/example_bash_decorator.py took 0.656 seconds
[2025-01-03T11:48:57.754-0800] {processor.py:186} INFO - Started process (PID=50952) to work on /opt/anaconda3/envs/airflow_env/lib/python3.9/site-packages/airflow/example_dags/example_bash_decorator.py
[2025-01-03T11:48:57.756-0800] {processor.py:914} INFO - Processing file /opt/anaconda3/envs/airflow_env/lib/python3.9/site-packages/airflow/example_dags/example_bash_decorator.py for tasks to queue
[2025-01-03T11:48:57.758-0800] {logging_mixin.py:190} INFO - [2025-01-03T11:48:57.757-0800] {dagbag.py:588} INFO - Filling up the DagBag from /opt/anaconda3/envs/airflow_env/lib/python3.9/site-packages/airflow/example_dags/example_bash_decorator.py
[2025-01-03T11:48:57.838-0800] {processor.py:925} INFO - DAG(s) 'example_bash_decorator' retrieved from /opt/anaconda3/envs/airflow_env/lib/python3.9/site-packages/airflow/example_dags/example_bash_decorator.py
[2025-01-03T11:48:58.318-0800] {logging_mixin.py:190} INFO - [2025-01-03T11:48:58.318-0800] {dag.py:3239} INFO - Sync 1 DAGs
[2025-01-03T11:48:58.334-0800] {logging_mixin.py:190} INFO - [2025-01-03T11:48:58.334-0800] {dag.py:4180} INFO - Setting next_dagrun for example_bash_decorator to None, run_after=None
[2025-01-03T11:48:58.362-0800] {processor.py:208} INFO - Processing /opt/anaconda3/envs/airflow_env/lib/python3.9/site-packages/airflow/example_dags/example_bash_decorator.py took 0.616 seconds
