[2025-01-03T09:51:01.981-0800] {processor.py:186} INFO - Started process (PID=46326) to work on /opt/anaconda3/envs/airflow_env/lib/python3.9/site-packages/airflow/example_dags/example_branch_python_dop_operator_3.py
[2025-01-03T09:51:01.982-0800] {processor.py:914} INFO - Processing file /opt/anaconda3/envs/airflow_env/lib/python3.9/site-packages/airflow/example_dags/example_branch_python_dop_operator_3.py for tasks to queue
[2025-01-03T09:51:01.983-0800] {logging_mixin.py:190} INFO - [2025-01-03T09:51:01.983-0800] {dagbag.py:588} INFO - Filling up the DagBag from /opt/anaconda3/envs/airflow_env/lib/python3.9/site-packages/airflow/example_dags/example_branch_python_dop_operator_3.py
[2025-01-03T09:51:02.025-0800] {processor.py:925} INFO - DAG(s) 'example_branch_dop_operator_v3' retrieved from /opt/anaconda3/envs/airflow_env/lib/python3.9/site-packages/airflow/example_dags/example_branch_python_dop_operator_3.py
[2025-01-03T09:51:02.145-0800] {logging_mixin.py:190} INFO - [2025-01-03T09:51:02.144-0800] {dag.py:3239} INFO - Sync 1 DAGs
[2025-01-03T09:51:02.171-0800] {logging_mixin.py:190} INFO - [2025-01-03T09:51:02.171-0800] {dag.py:4180} INFO - Setting next_dagrun for example_branch_dop_operator_v3 to 2025-01-03 17:50:00+00:00, run_after=2025-01-03 17:51:00+00:00
[2025-01-03T09:51:02.198-0800] {processor.py:208} INFO - Processing /opt/anaconda3/envs/airflow_env/lib/python3.9/site-packages/airflow/example_dags/example_branch_python_dop_operator_3.py took 0.221 seconds
[2025-01-03T09:57:50.610-0800] {processor.py:186} INFO - Started process (PID=46560) to work on /opt/anaconda3/envs/airflow_env/lib/python3.9/site-packages/airflow/example_dags/example_branch_python_dop_operator_3.py
[2025-01-03T09:57:50.613-0800] {processor.py:914} INFO - Processing file /opt/anaconda3/envs/airflow_env/lib/python3.9/site-packages/airflow/example_dags/example_branch_python_dop_operator_3.py for tasks to queue
[2025-01-03T09:57:50.614-0800] {logging_mixin.py:190} INFO - [2025-01-03T09:57:50.614-0800] {dagbag.py:588} INFO - Filling up the DagBag from /opt/anaconda3/envs/airflow_env/lib/python3.9/site-packages/airflow/example_dags/example_branch_python_dop_operator_3.py
[2025-01-03T09:57:50.668-0800] {processor.py:925} INFO - DAG(s) 'example_branch_dop_operator_v3' retrieved from /opt/anaconda3/envs/airflow_env/lib/python3.9/site-packages/airflow/example_dags/example_branch_python_dop_operator_3.py
[2025-01-03T09:57:50.843-0800] {logging_mixin.py:190} INFO - [2025-01-03T09:57:50.842-0800] {dag.py:3239} INFO - Sync 1 DAGs
[2025-01-03T09:57:50.876-0800] {logging_mixin.py:190} INFO - [2025-01-03T09:57:50.876-0800] {dag.py:4180} INFO - Setting next_dagrun for example_branch_dop_operator_v3 to 2025-01-03 17:56:00+00:00, run_after=2025-01-03 17:57:00+00:00
[2025-01-03T09:57:50.902-0800] {processor.py:208} INFO - Processing /opt/anaconda3/envs/airflow_env/lib/python3.9/site-packages/airflow/example_dags/example_branch_python_dop_operator_3.py took 0.296 seconds
[2025-01-03T10:05:46.178-0800] {processor.py:186} INFO - Started process (PID=46827) to work on /opt/anaconda3/envs/airflow_env/lib/python3.9/site-packages/airflow/example_dags/example_branch_python_dop_operator_3.py
[2025-01-03T10:05:46.192-0800] {processor.py:914} INFO - Processing file /opt/anaconda3/envs/airflow_env/lib/python3.9/site-packages/airflow/example_dags/example_branch_python_dop_operator_3.py for tasks to queue
[2025-01-03T10:05:46.194-0800] {logging_mixin.py:190} INFO - [2025-01-03T10:05:46.193-0800] {dagbag.py:588} INFO - Filling up the DagBag from /opt/anaconda3/envs/airflow_env/lib/python3.9/site-packages/airflow/example_dags/example_branch_python_dop_operator_3.py
[2025-01-03T10:05:46.304-0800] {processor.py:925} INFO - DAG(s) 'example_branch_dop_operator_v3' retrieved from /opt/anaconda3/envs/airflow_env/lib/python3.9/site-packages/airflow/example_dags/example_branch_python_dop_operator_3.py
[2025-01-03T10:05:46.506-0800] {logging_mixin.py:190} INFO - [2025-01-03T10:05:46.505-0800] {dag.py:3239} INFO - Sync 1 DAGs
[2025-01-03T10:05:46.534-0800] {logging_mixin.py:190} INFO - [2025-01-03T10:05:46.533-0800] {dag.py:4180} INFO - Setting next_dagrun for example_branch_dop_operator_v3 to 2025-01-03 18:04:00+00:00, run_after=2025-01-03 18:05:00+00:00
[2025-01-03T10:05:46.567-0800] {processor.py:208} INFO - Processing /opt/anaconda3/envs/airflow_env/lib/python3.9/site-packages/airflow/example_dags/example_branch_python_dop_operator_3.py took 0.394 seconds
[2025-01-03T10:12:33.917-0800] {processor.py:186} INFO - Started process (PID=47051) to work on /opt/anaconda3/envs/airflow_env/lib/python3.9/site-packages/airflow/example_dags/example_branch_python_dop_operator_3.py
[2025-01-03T10:12:33.920-0800] {processor.py:914} INFO - Processing file /opt/anaconda3/envs/airflow_env/lib/python3.9/site-packages/airflow/example_dags/example_branch_python_dop_operator_3.py for tasks to queue
[2025-01-03T10:12:33.921-0800] {logging_mixin.py:190} INFO - [2025-01-03T10:12:33.921-0800] {dagbag.py:588} INFO - Filling up the DagBag from /opt/anaconda3/envs/airflow_env/lib/python3.9/site-packages/airflow/example_dags/example_branch_python_dop_operator_3.py
[2025-01-03T10:12:33.975-0800] {processor.py:925} INFO - DAG(s) 'example_branch_dop_operator_v3' retrieved from /opt/anaconda3/envs/airflow_env/lib/python3.9/site-packages/airflow/example_dags/example_branch_python_dop_operator_3.py
[2025-01-03T10:12:34.131-0800] {logging_mixin.py:190} INFO - [2025-01-03T10:12:34.131-0800] {dag.py:3239} INFO - Sync 1 DAGs
[2025-01-03T10:12:34.172-0800] {logging_mixin.py:190} INFO - [2025-01-03T10:12:34.171-0800] {dag.py:4180} INFO - Setting next_dagrun for example_branch_dop_operator_v3 to 2025-01-03 18:11:00+00:00, run_after=2025-01-03 18:12:00+00:00
[2025-01-03T10:12:34.203-0800] {processor.py:208} INFO - Processing /opt/anaconda3/envs/airflow_env/lib/python3.9/site-packages/airflow/example_dags/example_branch_python_dop_operator_3.py took 0.289 seconds
[2025-01-03T10:20:25.905-0800] {processor.py:186} INFO - Started process (PID=47458) to work on /opt/anaconda3/envs/airflow_env/lib/python3.9/site-packages/airflow/example_dags/example_branch_python_dop_operator_3.py
[2025-01-03T10:20:25.908-0800] {processor.py:914} INFO - Processing file /opt/anaconda3/envs/airflow_env/lib/python3.9/site-packages/airflow/example_dags/example_branch_python_dop_operator_3.py for tasks to queue
[2025-01-03T10:20:25.910-0800] {logging_mixin.py:190} INFO - [2025-01-03T10:20:25.909-0800] {dagbag.py:588} INFO - Filling up the DagBag from /opt/anaconda3/envs/airflow_env/lib/python3.9/site-packages/airflow/example_dags/example_branch_python_dop_operator_3.py
[2025-01-03T10:20:26.004-0800] {processor.py:925} INFO - DAG(s) 'example_branch_dop_operator_v3' retrieved from /opt/anaconda3/envs/airflow_env/lib/python3.9/site-packages/airflow/example_dags/example_branch_python_dop_operator_3.py
[2025-01-03T10:20:26.369-0800] {logging_mixin.py:190} INFO - [2025-01-03T10:20:26.369-0800] {dag.py:3239} INFO - Sync 1 DAGs
[2025-01-03T10:20:26.428-0800] {logging_mixin.py:190} INFO - [2025-01-03T10:20:26.428-0800] {dag.py:4180} INFO - Setting next_dagrun for example_branch_dop_operator_v3 to 2025-01-03 18:19:00+00:00, run_after=2025-01-03 18:20:00+00:00
[2025-01-03T10:20:26.460-0800] {processor.py:208} INFO - Processing /opt/anaconda3/envs/airflow_env/lib/python3.9/site-packages/airflow/example_dags/example_branch_python_dop_operator_3.py took 0.561 seconds
[2025-01-03T10:24:54.613-0800] {processor.py:186} INFO - Started process (PID=47643) to work on /opt/anaconda3/envs/airflow_env/lib/python3.9/site-packages/airflow/example_dags/example_branch_python_dop_operator_3.py
[2025-01-03T10:24:54.615-0800] {processor.py:914} INFO - Processing file /opt/anaconda3/envs/airflow_env/lib/python3.9/site-packages/airflow/example_dags/example_branch_python_dop_operator_3.py for tasks to queue
[2025-01-03T10:24:54.617-0800] {logging_mixin.py:190} INFO - [2025-01-03T10:24:54.617-0800] {dagbag.py:588} INFO - Filling up the DagBag from /opt/anaconda3/envs/airflow_env/lib/python3.9/site-packages/airflow/example_dags/example_branch_python_dop_operator_3.py
[2025-01-03T10:24:54.717-0800] {processor.py:925} INFO - DAG(s) 'example_branch_dop_operator_v3' retrieved from /opt/anaconda3/envs/airflow_env/lib/python3.9/site-packages/airflow/example_dags/example_branch_python_dop_operator_3.py
[2025-01-03T10:24:54.940-0800] {logging_mixin.py:190} INFO - [2025-01-03T10:24:54.940-0800] {dag.py:3239} INFO - Sync 1 DAGs
[2025-01-03T10:24:54.980-0800] {logging_mixin.py:190} INFO - [2025-01-03T10:24:54.979-0800] {dag.py:4180} INFO - Setting next_dagrun for example_branch_dop_operator_v3 to 2025-01-03 18:23:00+00:00, run_after=2025-01-03 18:24:00+00:00
[2025-01-03T10:24:55.044-0800] {processor.py:208} INFO - Processing /opt/anaconda3/envs/airflow_env/lib/python3.9/site-packages/airflow/example_dags/example_branch_python_dop_operator_3.py took 0.436 seconds
[2025-01-03T10:33:35.013-0800] {processor.py:186} INFO - Started process (PID=47897) to work on /opt/anaconda3/envs/airflow_env/lib/python3.9/site-packages/airflow/example_dags/example_branch_python_dop_operator_3.py
[2025-01-03T10:33:35.015-0800] {processor.py:914} INFO - Processing file /opt/anaconda3/envs/airflow_env/lib/python3.9/site-packages/airflow/example_dags/example_branch_python_dop_operator_3.py for tasks to queue
[2025-01-03T10:33:35.019-0800] {logging_mixin.py:190} INFO - [2025-01-03T10:33:35.018-0800] {dagbag.py:588} INFO - Filling up the DagBag from /opt/anaconda3/envs/airflow_env/lib/python3.9/site-packages/airflow/example_dags/example_branch_python_dop_operator_3.py
[2025-01-03T10:33:35.185-0800] {processor.py:925} INFO - DAG(s) 'example_branch_dop_operator_v3' retrieved from /opt/anaconda3/envs/airflow_env/lib/python3.9/site-packages/airflow/example_dags/example_branch_python_dop_operator_3.py
[2025-01-03T10:33:35.513-0800] {logging_mixin.py:190} INFO - [2025-01-03T10:33:35.512-0800] {dag.py:3239} INFO - Sync 1 DAGs
[2025-01-03T10:33:35.560-0800] {logging_mixin.py:190} INFO - [2025-01-03T10:33:35.560-0800] {dag.py:4180} INFO - Setting next_dagrun for example_branch_dop_operator_v3 to 2025-01-03 18:32:00+00:00, run_after=2025-01-03 18:33:00+00:00
[2025-01-03T10:33:35.586-0800] {processor.py:208} INFO - Processing /opt/anaconda3/envs/airflow_env/lib/python3.9/site-packages/airflow/example_dags/example_branch_python_dop_operator_3.py took 0.578 seconds
[2025-01-03T10:42:09.307-0800] {processor.py:186} INFO - Started process (PID=48163) to work on /opt/anaconda3/envs/airflow_env/lib/python3.9/site-packages/airflow/example_dags/example_branch_python_dop_operator_3.py
[2025-01-03T10:42:09.309-0800] {processor.py:914} INFO - Processing file /opt/anaconda3/envs/airflow_env/lib/python3.9/site-packages/airflow/example_dags/example_branch_python_dop_operator_3.py for tasks to queue
[2025-01-03T10:42:09.312-0800] {logging_mixin.py:190} INFO - [2025-01-03T10:42:09.311-0800] {dagbag.py:588} INFO - Filling up the DagBag from /opt/anaconda3/envs/airflow_env/lib/python3.9/site-packages/airflow/example_dags/example_branch_python_dop_operator_3.py
[2025-01-03T10:42:09.457-0800] {processor.py:925} INFO - DAG(s) 'example_branch_dop_operator_v3' retrieved from /opt/anaconda3/envs/airflow_env/lib/python3.9/site-packages/airflow/example_dags/example_branch_python_dop_operator_3.py
[2025-01-03T10:42:09.712-0800] {logging_mixin.py:190} INFO - [2025-01-03T10:42:09.712-0800] {dag.py:3239} INFO - Sync 1 DAGs
[2025-01-03T10:42:09.740-0800] {logging_mixin.py:190} INFO - [2025-01-03T10:42:09.740-0800] {dag.py:4180} INFO - Setting next_dagrun for example_branch_dop_operator_v3 to 2025-01-03 18:41:00+00:00, run_after=2025-01-03 18:42:00+00:00
[2025-01-03T10:42:09.768-0800] {processor.py:208} INFO - Processing /opt/anaconda3/envs/airflow_env/lib/python3.9/site-packages/airflow/example_dags/example_branch_python_dop_operator_3.py took 0.467 seconds
[2025-01-03T10:49:59.247-0800] {processor.py:186} INFO - Started process (PID=48484) to work on /opt/anaconda3/envs/airflow_env/lib/python3.9/site-packages/airflow/example_dags/example_branch_python_dop_operator_3.py
[2025-01-03T10:49:59.250-0800] {processor.py:914} INFO - Processing file /opt/anaconda3/envs/airflow_env/lib/python3.9/site-packages/airflow/example_dags/example_branch_python_dop_operator_3.py for tasks to queue
[2025-01-03T10:49:59.256-0800] {logging_mixin.py:190} INFO - [2025-01-03T10:49:59.255-0800] {dagbag.py:588} INFO - Filling up the DagBag from /opt/anaconda3/envs/airflow_env/lib/python3.9/site-packages/airflow/example_dags/example_branch_python_dop_operator_3.py
[2025-01-03T10:49:59.325-0800] {processor.py:925} INFO - DAG(s) 'example_branch_dop_operator_v3' retrieved from /opt/anaconda3/envs/airflow_env/lib/python3.9/site-packages/airflow/example_dags/example_branch_python_dop_operator_3.py
[2025-01-03T10:49:59.675-0800] {logging_mixin.py:190} INFO - [2025-01-03T10:49:59.674-0800] {dag.py:3239} INFO - Sync 1 DAGs
[2025-01-03T10:49:59.714-0800] {logging_mixin.py:190} INFO - [2025-01-03T10:49:59.714-0800] {dag.py:4180} INFO - Setting next_dagrun for example_branch_dop_operator_v3 to 2025-01-03 18:48:00+00:00, run_after=2025-01-03 18:49:00+00:00
[2025-01-03T10:49:59.745-0800] {processor.py:208} INFO - Processing /opt/anaconda3/envs/airflow_env/lib/python3.9/site-packages/airflow/example_dags/example_branch_python_dop_operator_3.py took 0.503 seconds
[2025-01-03T10:58:27.872-0800] {processor.py:186} INFO - Started process (PID=48840) to work on /opt/anaconda3/envs/airflow_env/lib/python3.9/site-packages/airflow/example_dags/example_branch_python_dop_operator_3.py
[2025-01-03T10:58:27.874-0800] {processor.py:914} INFO - Processing file /opt/anaconda3/envs/airflow_env/lib/python3.9/site-packages/airflow/example_dags/example_branch_python_dop_operator_3.py for tasks to queue
[2025-01-03T10:58:27.876-0800] {logging_mixin.py:190} INFO - [2025-01-03T10:58:27.876-0800] {dagbag.py:588} INFO - Filling up the DagBag from /opt/anaconda3/envs/airflow_env/lib/python3.9/site-packages/airflow/example_dags/example_branch_python_dop_operator_3.py
[2025-01-03T10:58:27.934-0800] {processor.py:925} INFO - DAG(s) 'example_branch_dop_operator_v3' retrieved from /opt/anaconda3/envs/airflow_env/lib/python3.9/site-packages/airflow/example_dags/example_branch_python_dop_operator_3.py
[2025-01-03T10:58:28.081-0800] {logging_mixin.py:190} INFO - [2025-01-03T10:58:28.081-0800] {dag.py:3239} INFO - Sync 1 DAGs
[2025-01-03T10:58:28.118-0800] {logging_mixin.py:190} INFO - [2025-01-03T10:58:28.117-0800] {dag.py:4180} INFO - Setting next_dagrun for example_branch_dop_operator_v3 to 2025-01-03 18:57:00+00:00, run_after=2025-01-03 18:58:00+00:00
[2025-01-03T10:58:28.142-0800] {processor.py:208} INFO - Processing /opt/anaconda3/envs/airflow_env/lib/python3.9/site-packages/airflow/example_dags/example_branch_python_dop_operator_3.py took 0.275 seconds
[2025-01-03T11:07:22.710-0800] {processor.py:186} INFO - Started process (PID=49146) to work on /opt/anaconda3/envs/airflow_env/lib/python3.9/site-packages/airflow/example_dags/example_branch_python_dop_operator_3.py
[2025-01-03T11:07:22.713-0800] {processor.py:914} INFO - Processing file /opt/anaconda3/envs/airflow_env/lib/python3.9/site-packages/airflow/example_dags/example_branch_python_dop_operator_3.py for tasks to queue
[2025-01-03T11:07:22.714-0800] {logging_mixin.py:190} INFO - [2025-01-03T11:07:22.714-0800] {dagbag.py:588} INFO - Filling up the DagBag from /opt/anaconda3/envs/airflow_env/lib/python3.9/site-packages/airflow/example_dags/example_branch_python_dop_operator_3.py
[2025-01-03T11:07:22.775-0800] {processor.py:925} INFO - DAG(s) 'example_branch_dop_operator_v3' retrieved from /opt/anaconda3/envs/airflow_env/lib/python3.9/site-packages/airflow/example_dags/example_branch_python_dop_operator_3.py
[2025-01-03T11:07:22.934-0800] {logging_mixin.py:190} INFO - [2025-01-03T11:07:22.934-0800] {dag.py:3239} INFO - Sync 1 DAGs
[2025-01-03T11:07:22.963-0800] {logging_mixin.py:190} INFO - [2025-01-03T11:07:22.963-0800] {dag.py:4180} INFO - Setting next_dagrun for example_branch_dop_operator_v3 to 2025-01-03 19:06:00+00:00, run_after=2025-01-03 19:07:00+00:00
[2025-01-03T11:07:22.990-0800] {processor.py:208} INFO - Processing /opt/anaconda3/envs/airflow_env/lib/python3.9/site-packages/airflow/example_dags/example_branch_python_dop_operator_3.py took 0.284 seconds
[2025-01-03T11:16:23.063-0800] {processor.py:186} INFO - Started process (PID=49700) to work on /opt/anaconda3/envs/airflow_env/lib/python3.9/site-packages/airflow/example_dags/example_branch_python_dop_operator_3.py
[2025-01-03T11:16:23.066-0800] {processor.py:914} INFO - Processing file /opt/anaconda3/envs/airflow_env/lib/python3.9/site-packages/airflow/example_dags/example_branch_python_dop_operator_3.py for tasks to queue
[2025-01-03T11:16:23.069-0800] {logging_mixin.py:190} INFO - [2025-01-03T11:16:23.068-0800] {dagbag.py:588} INFO - Filling up the DagBag from /opt/anaconda3/envs/airflow_env/lib/python3.9/site-packages/airflow/example_dags/example_branch_python_dop_operator_3.py
[2025-01-03T11:16:23.114-0800] {processor.py:925} INFO - DAG(s) 'example_branch_dop_operator_v3' retrieved from /opt/anaconda3/envs/airflow_env/lib/python3.9/site-packages/airflow/example_dags/example_branch_python_dop_operator_3.py
[2025-01-03T11:16:23.260-0800] {logging_mixin.py:190} INFO - [2025-01-03T11:16:23.260-0800] {dag.py:3239} INFO - Sync 1 DAGs
[2025-01-03T11:16:23.294-0800] {logging_mixin.py:190} INFO - [2025-01-03T11:16:23.293-0800] {dag.py:4180} INFO - Setting next_dagrun for example_branch_dop_operator_v3 to 2025-01-03 19:15:00+00:00, run_after=2025-01-03 19:16:00+00:00
[2025-01-03T11:16:23.326-0800] {processor.py:208} INFO - Processing /opt/anaconda3/envs/airflow_env/lib/python3.9/site-packages/airflow/example_dags/example_branch_python_dop_operator_3.py took 0.268 seconds
[2025-01-03T11:25:15.272-0800] {processor.py:186} INFO - Started process (PID=49981) to work on /opt/anaconda3/envs/airflow_env/lib/python3.9/site-packages/airflow/example_dags/example_branch_python_dop_operator_3.py
[2025-01-03T11:25:15.275-0800] {processor.py:914} INFO - Processing file /opt/anaconda3/envs/airflow_env/lib/python3.9/site-packages/airflow/example_dags/example_branch_python_dop_operator_3.py for tasks to queue
[2025-01-03T11:25:15.277-0800] {logging_mixin.py:190} INFO - [2025-01-03T11:25:15.277-0800] {dagbag.py:588} INFO - Filling up the DagBag from /opt/anaconda3/envs/airflow_env/lib/python3.9/site-packages/airflow/example_dags/example_branch_python_dop_operator_3.py
[2025-01-03T11:25:15.376-0800] {processor.py:925} INFO - DAG(s) 'example_branch_dop_operator_v3' retrieved from /opt/anaconda3/envs/airflow_env/lib/python3.9/site-packages/airflow/example_dags/example_branch_python_dop_operator_3.py
[2025-01-03T11:25:15.666-0800] {logging_mixin.py:190} INFO - [2025-01-03T11:25:15.665-0800] {dag.py:3239} INFO - Sync 1 DAGs
[2025-01-03T11:25:15.733-0800] {logging_mixin.py:190} INFO - [2025-01-03T11:25:15.724-0800] {dag.py:4180} INFO - Setting next_dagrun for example_branch_dop_operator_v3 to 2025-01-03 19:24:00+00:00, run_after=2025-01-03 19:25:00+00:00
[2025-01-03T11:25:15.839-0800] {processor.py:208} INFO - Processing /opt/anaconda3/envs/airflow_env/lib/python3.9/site-packages/airflow/example_dags/example_branch_python_dop_operator_3.py took 0.572 seconds
[2025-01-03T11:34:57.145-0800] {processor.py:186} INFO - Started process (PID=50404) to work on /opt/anaconda3/envs/airflow_env/lib/python3.9/site-packages/airflow/example_dags/example_branch_python_dop_operator_3.py
[2025-01-03T11:34:57.153-0800] {processor.py:914} INFO - Processing file /opt/anaconda3/envs/airflow_env/lib/python3.9/site-packages/airflow/example_dags/example_branch_python_dop_operator_3.py for tasks to queue
[2025-01-03T11:34:57.154-0800] {logging_mixin.py:190} INFO - [2025-01-03T11:34:57.154-0800] {dagbag.py:588} INFO - Filling up the DagBag from /opt/anaconda3/envs/airflow_env/lib/python3.9/site-packages/airflow/example_dags/example_branch_python_dop_operator_3.py
[2025-01-03T11:34:57.458-0800] {processor.py:925} INFO - DAG(s) 'example_branch_dop_operator_v3' retrieved from /opt/anaconda3/envs/airflow_env/lib/python3.9/site-packages/airflow/example_dags/example_branch_python_dop_operator_3.py
[2025-01-03T11:34:58.046-0800] {logging_mixin.py:190} INFO - [2025-01-03T11:34:58.044-0800] {dag.py:3239} INFO - Sync 1 DAGs
[2025-01-03T11:34:58.119-0800] {logging_mixin.py:190} INFO - [2025-01-03T11:34:58.119-0800] {dag.py:4180} INFO - Setting next_dagrun for example_branch_dop_operator_v3 to 2025-01-03 19:33:00+00:00, run_after=2025-01-03 19:34:00+00:00
[2025-01-03T11:34:58.210-0800] {processor.py:208} INFO - Processing /opt/anaconda3/envs/airflow_env/lib/python3.9/site-packages/airflow/example_dags/example_branch_python_dop_operator_3.py took 1.073 seconds
[2025-01-03T11:43:59.629-0800] {processor.py:186} INFO - Started process (PID=50753) to work on /opt/anaconda3/envs/airflow_env/lib/python3.9/site-packages/airflow/example_dags/example_branch_python_dop_operator_3.py
[2025-01-03T11:43:59.632-0800] {processor.py:914} INFO - Processing file /opt/anaconda3/envs/airflow_env/lib/python3.9/site-packages/airflow/example_dags/example_branch_python_dop_operator_3.py for tasks to queue
[2025-01-03T11:43:59.633-0800] {logging_mixin.py:190} INFO - [2025-01-03T11:43:59.633-0800] {dagbag.py:588} INFO - Filling up the DagBag from /opt/anaconda3/envs/airflow_env/lib/python3.9/site-packages/airflow/example_dags/example_branch_python_dop_operator_3.py
[2025-01-03T11:43:59.682-0800] {processor.py:925} INFO - DAG(s) 'example_branch_dop_operator_v3' retrieved from /opt/anaconda3/envs/airflow_env/lib/python3.9/site-packages/airflow/example_dags/example_branch_python_dop_operator_3.py
[2025-01-03T11:43:59.827-0800] {logging_mixin.py:190} INFO - [2025-01-03T11:43:59.826-0800] {dag.py:3239} INFO - Sync 1 DAGs
[2025-01-03T11:43:59.859-0800] {logging_mixin.py:190} INFO - [2025-01-03T11:43:59.858-0800] {dag.py:4180} INFO - Setting next_dagrun for example_branch_dop_operator_v3 to 2025-01-03 19:42:00+00:00, run_after=2025-01-03 19:43:00+00:00
[2025-01-03T11:43:59.883-0800] {processor.py:208} INFO - Processing /opt/anaconda3/envs/airflow_env/lib/python3.9/site-packages/airflow/example_dags/example_branch_python_dop_operator_3.py took 0.258 seconds
