[2025-01-03T09:50:08.562-0800] {processor.py:186} INFO - Started process (PID=46295) to work on /opt/anaconda3/envs/airflow_env/lib/python3.9/site-packages/airflow/example_dags/example_nested_branch_dag.py
[2025-01-03T09:50:08.563-0800] {processor.py:914} INFO - Processing file /opt/anaconda3/envs/airflow_env/lib/python3.9/site-packages/airflow/example_dags/example_nested_branch_dag.py for tasks to queue
[2025-01-03T09:50:08.565-0800] {logging_mixin.py:190} INFO - [2025-01-03T09:50:08.564-0800] {dagbag.py:588} INFO - Filling up the DagBag from /opt/anaconda3/envs/airflow_env/lib/python3.9/site-packages/airflow/example_dags/example_nested_branch_dag.py
[2025-01-03T09:50:08.642-0800] {processor.py:925} INFO - DAG(s) 'example_nested_branch_dag' retrieved from /opt/anaconda3/envs/airflow_env/lib/python3.9/site-packages/airflow/example_dags/example_nested_branch_dag.py
[2025-01-03T09:50:08.781-0800] {logging_mixin.py:190} INFO - [2025-01-03T09:50:08.781-0800] {dag.py:3239} INFO - Sync 1 DAGs
[2025-01-03T09:50:08.804-0800] {logging_mixin.py:190} INFO - [2025-01-03T09:50:08.803-0800] {dag.py:4180} INFO - Setting next_dagrun for example_nested_branch_dag to 2025-01-02 00:00:00+00:00, run_after=2025-01-03 00:00:00+00:00
[2025-01-03T09:50:08.828-0800] {processor.py:208} INFO - Processing /opt/anaconda3/envs/airflow_env/lib/python3.9/site-packages/airflow/example_dags/example_nested_branch_dag.py took 0.272 seconds
[2025-01-03T09:53:28.741-0800] {processor.py:186} INFO - Started process (PID=46416) to work on /opt/anaconda3/envs/airflow_env/lib/python3.9/site-packages/airflow/example_dags/example_nested_branch_dag.py
[2025-01-03T09:53:28.744-0800] {processor.py:914} INFO - Processing file /opt/anaconda3/envs/airflow_env/lib/python3.9/site-packages/airflow/example_dags/example_nested_branch_dag.py for tasks to queue
[2025-01-03T09:53:28.745-0800] {logging_mixin.py:190} INFO - [2025-01-03T09:53:28.745-0800] {dagbag.py:588} INFO - Filling up the DagBag from /opt/anaconda3/envs/airflow_env/lib/python3.9/site-packages/airflow/example_dags/example_nested_branch_dag.py
[2025-01-03T09:53:28.788-0800] {processor.py:925} INFO - DAG(s) 'example_nested_branch_dag' retrieved from /opt/anaconda3/envs/airflow_env/lib/python3.9/site-packages/airflow/example_dags/example_nested_branch_dag.py
[2025-01-03T09:53:28.914-0800] {logging_mixin.py:190} INFO - [2025-01-03T09:53:28.914-0800] {dag.py:3239} INFO - Sync 1 DAGs
[2025-01-03T09:53:28.936-0800] {logging_mixin.py:190} INFO - [2025-01-03T09:53:28.936-0800] {dag.py:4180} INFO - Setting next_dagrun for example_nested_branch_dag to 2025-01-02 00:00:00+00:00, run_after=2025-01-03 00:00:00+00:00
[2025-01-03T09:53:28.959-0800] {processor.py:208} INFO - Processing /opt/anaconda3/envs/airflow_env/lib/python3.9/site-packages/airflow/example_dags/example_nested_branch_dag.py took 0.222 seconds
[2025-01-03T09:57:13.777-0800] {processor.py:186} INFO - Started process (PID=46541) to work on /opt/anaconda3/envs/airflow_env/lib/python3.9/site-packages/airflow/example_dags/example_nested_branch_dag.py
[2025-01-03T09:57:13.812-0800] {processor.py:914} INFO - Processing file /opt/anaconda3/envs/airflow_env/lib/python3.9/site-packages/airflow/example_dags/example_nested_branch_dag.py for tasks to queue
[2025-01-03T09:57:13.817-0800] {logging_mixin.py:190} INFO - [2025-01-03T09:57:13.816-0800] {dagbag.py:588} INFO - Filling up the DagBag from /opt/anaconda3/envs/airflow_env/lib/python3.9/site-packages/airflow/example_dags/example_nested_branch_dag.py
[2025-01-03T09:57:13.864-0800] {processor.py:925} INFO - DAG(s) 'example_nested_branch_dag' retrieved from /opt/anaconda3/envs/airflow_env/lib/python3.9/site-packages/airflow/example_dags/example_nested_branch_dag.py
[2025-01-03T09:57:14.010-0800] {logging_mixin.py:190} INFO - [2025-01-03T09:57:14.009-0800] {dag.py:3239} INFO - Sync 1 DAGs
[2025-01-03T09:57:14.035-0800] {logging_mixin.py:190} INFO - [2025-01-03T09:57:14.035-0800] {dag.py:4180} INFO - Setting next_dagrun for example_nested_branch_dag to 2025-01-02 00:00:00+00:00, run_after=2025-01-03 00:00:00+00:00
[2025-01-03T09:57:14.062-0800] {processor.py:208} INFO - Processing /opt/anaconda3/envs/airflow_env/lib/python3.9/site-packages/airflow/example_dags/example_nested_branch_dag.py took 0.290 seconds
[2025-01-03T10:01:13.137-0800] {processor.py:186} INFO - Started process (PID=46661) to work on /opt/anaconda3/envs/airflow_env/lib/python3.9/site-packages/airflow/example_dags/example_nested_branch_dag.py
[2025-01-03T10:01:13.140-0800] {processor.py:914} INFO - Processing file /opt/anaconda3/envs/airflow_env/lib/python3.9/site-packages/airflow/example_dags/example_nested_branch_dag.py for tasks to queue
[2025-01-03T10:01:13.141-0800] {logging_mixin.py:190} INFO - [2025-01-03T10:01:13.141-0800] {dagbag.py:588} INFO - Filling up the DagBag from /opt/anaconda3/envs/airflow_env/lib/python3.9/site-packages/airflow/example_dags/example_nested_branch_dag.py
[2025-01-03T10:01:13.185-0800] {processor.py:925} INFO - DAG(s) 'example_nested_branch_dag' retrieved from /opt/anaconda3/envs/airflow_env/lib/python3.9/site-packages/airflow/example_dags/example_nested_branch_dag.py
[2025-01-03T10:01:13.342-0800] {logging_mixin.py:190} INFO - [2025-01-03T10:01:13.341-0800] {dag.py:3239} INFO - Sync 1 DAGs
[2025-01-03T10:01:13.371-0800] {logging_mixin.py:190} INFO - [2025-01-03T10:01:13.371-0800] {dag.py:4180} INFO - Setting next_dagrun for example_nested_branch_dag to 2025-01-02 00:00:00+00:00, run_after=2025-01-03 00:00:00+00:00
[2025-01-03T10:01:13.397-0800] {processor.py:208} INFO - Processing /opt/anaconda3/envs/airflow_env/lib/python3.9/site-packages/airflow/example_dags/example_nested_branch_dag.py took 0.265 seconds
[2025-01-03T10:05:06.162-0800] {processor.py:186} INFO - Started process (PID=46807) to work on /opt/anaconda3/envs/airflow_env/lib/python3.9/site-packages/airflow/example_dags/example_nested_branch_dag.py
[2025-01-03T10:05:06.164-0800] {processor.py:914} INFO - Processing file /opt/anaconda3/envs/airflow_env/lib/python3.9/site-packages/airflow/example_dags/example_nested_branch_dag.py for tasks to queue
[2025-01-03T10:05:06.166-0800] {logging_mixin.py:190} INFO - [2025-01-03T10:05:06.165-0800] {dagbag.py:588} INFO - Filling up the DagBag from /opt/anaconda3/envs/airflow_env/lib/python3.9/site-packages/airflow/example_dags/example_nested_branch_dag.py
[2025-01-03T10:05:06.215-0800] {processor.py:925} INFO - DAG(s) 'example_nested_branch_dag' retrieved from /opt/anaconda3/envs/airflow_env/lib/python3.9/site-packages/airflow/example_dags/example_nested_branch_dag.py
[2025-01-03T10:05:06.366-0800] {logging_mixin.py:190} INFO - [2025-01-03T10:05:06.366-0800] {dag.py:3239} INFO - Sync 1 DAGs
[2025-01-03T10:05:06.400-0800] {logging_mixin.py:190} INFO - [2025-01-03T10:05:06.399-0800] {dag.py:4180} INFO - Setting next_dagrun for example_nested_branch_dag to 2025-01-02 00:00:00+00:00, run_after=2025-01-03 00:00:00+00:00
[2025-01-03T10:05:06.433-0800] {processor.py:208} INFO - Processing /opt/anaconda3/envs/airflow_env/lib/python3.9/site-packages/airflow/example_dags/example_nested_branch_dag.py took 0.276 seconds
[2025-01-03T10:08:41.329-0800] {processor.py:186} INFO - Started process (PID=46918) to work on /opt/anaconda3/envs/airflow_env/lib/python3.9/site-packages/airflow/example_dags/example_nested_branch_dag.py
[2025-01-03T10:08:41.331-0800] {processor.py:914} INFO - Processing file /opt/anaconda3/envs/airflow_env/lib/python3.9/site-packages/airflow/example_dags/example_nested_branch_dag.py for tasks to queue
[2025-01-03T10:08:41.334-0800] {logging_mixin.py:190} INFO - [2025-01-03T10:08:41.333-0800] {dagbag.py:588} INFO - Filling up the DagBag from /opt/anaconda3/envs/airflow_env/lib/python3.9/site-packages/airflow/example_dags/example_nested_branch_dag.py
[2025-01-03T10:08:41.379-0800] {processor.py:925} INFO - DAG(s) 'example_nested_branch_dag' retrieved from /opt/anaconda3/envs/airflow_env/lib/python3.9/site-packages/airflow/example_dags/example_nested_branch_dag.py
[2025-01-03T10:08:41.525-0800] {logging_mixin.py:190} INFO - [2025-01-03T10:08:41.524-0800] {dag.py:3239} INFO - Sync 1 DAGs
[2025-01-03T10:08:41.549-0800] {logging_mixin.py:190} INFO - [2025-01-03T10:08:41.549-0800] {dag.py:4180} INFO - Setting next_dagrun for example_nested_branch_dag to 2025-01-02 00:00:00+00:00, run_after=2025-01-03 00:00:00+00:00
[2025-01-03T10:08:41.582-0800] {processor.py:208} INFO - Processing /opt/anaconda3/envs/airflow_env/lib/python3.9/site-packages/airflow/example_dags/example_nested_branch_dag.py took 0.258 seconds
[2025-01-03T10:12:05.597-0800] {processor.py:186} INFO - Started process (PID=47028) to work on /opt/anaconda3/envs/airflow_env/lib/python3.9/site-packages/airflow/example_dags/example_nested_branch_dag.py
[2025-01-03T10:12:05.601-0800] {processor.py:914} INFO - Processing file /opt/anaconda3/envs/airflow_env/lib/python3.9/site-packages/airflow/example_dags/example_nested_branch_dag.py for tasks to queue
[2025-01-03T10:12:05.603-0800] {logging_mixin.py:190} INFO - [2025-01-03T10:12:05.602-0800] {dagbag.py:588} INFO - Filling up the DagBag from /opt/anaconda3/envs/airflow_env/lib/python3.9/site-packages/airflow/example_dags/example_nested_branch_dag.py
[2025-01-03T10:12:05.658-0800] {processor.py:925} INFO - DAG(s) 'example_nested_branch_dag' retrieved from /opt/anaconda3/envs/airflow_env/lib/python3.9/site-packages/airflow/example_dags/example_nested_branch_dag.py
[2025-01-03T10:12:05.801-0800] {logging_mixin.py:190} INFO - [2025-01-03T10:12:05.800-0800] {dag.py:3239} INFO - Sync 1 DAGs
[2025-01-03T10:12:05.823-0800] {logging_mixin.py:190} INFO - [2025-01-03T10:12:05.823-0800] {dag.py:4180} INFO - Setting next_dagrun for example_nested_branch_dag to 2025-01-02 00:00:00+00:00, run_after=2025-01-03 00:00:00+00:00
[2025-01-03T10:12:05.856-0800] {processor.py:208} INFO - Processing /opt/anaconda3/envs/airflow_env/lib/python3.9/site-packages/airflow/example_dags/example_nested_branch_dag.py took 0.266 seconds
[2025-01-03T10:15:39.035-0800] {processor.py:186} INFO - Started process (PID=47187) to work on /opt/anaconda3/envs/airflow_env/lib/python3.9/site-packages/airflow/example_dags/example_nested_branch_dag.py
[2025-01-03T10:15:39.038-0800] {processor.py:914} INFO - Processing file /opt/anaconda3/envs/airflow_env/lib/python3.9/site-packages/airflow/example_dags/example_nested_branch_dag.py for tasks to queue
[2025-01-03T10:15:39.039-0800] {logging_mixin.py:190} INFO - [2025-01-03T10:15:39.039-0800] {dagbag.py:588} INFO - Filling up the DagBag from /opt/anaconda3/envs/airflow_env/lib/python3.9/site-packages/airflow/example_dags/example_nested_branch_dag.py
[2025-01-03T10:15:39.104-0800] {processor.py:925} INFO - DAG(s) 'example_nested_branch_dag' retrieved from /opt/anaconda3/envs/airflow_env/lib/python3.9/site-packages/airflow/example_dags/example_nested_branch_dag.py
[2025-01-03T10:15:39.272-0800] {logging_mixin.py:190} INFO - [2025-01-03T10:15:39.271-0800] {dag.py:3239} INFO - Sync 1 DAGs
[2025-01-03T10:15:39.301-0800] {logging_mixin.py:190} INFO - [2025-01-03T10:15:39.301-0800] {dag.py:4180} INFO - Setting next_dagrun for example_nested_branch_dag to 2025-01-02 00:00:00+00:00, run_after=2025-01-03 00:00:00+00:00
[2025-01-03T10:15:39.346-0800] {processor.py:208} INFO - Processing /opt/anaconda3/envs/airflow_env/lib/python3.9/site-packages/airflow/example_dags/example_nested_branch_dag.py took 0.316 seconds
[2025-01-03T10:19:44.690-0800] {processor.py:186} INFO - Started process (PID=47438) to work on /opt/anaconda3/envs/airflow_env/lib/python3.9/site-packages/airflow/example_dags/example_nested_branch_dag.py
[2025-01-03T10:19:44.693-0800] {processor.py:914} INFO - Processing file /opt/anaconda3/envs/airflow_env/lib/python3.9/site-packages/airflow/example_dags/example_nested_branch_dag.py for tasks to queue
[2025-01-03T10:19:44.694-0800] {logging_mixin.py:190} INFO - [2025-01-03T10:19:44.694-0800] {dagbag.py:588} INFO - Filling up the DagBag from /opt/anaconda3/envs/airflow_env/lib/python3.9/site-packages/airflow/example_dags/example_nested_branch_dag.py
[2025-01-03T10:19:44.757-0800] {processor.py:925} INFO - DAG(s) 'example_nested_branch_dag' retrieved from /opt/anaconda3/envs/airflow_env/lib/python3.9/site-packages/airflow/example_dags/example_nested_branch_dag.py
[2025-01-03T10:19:45.012-0800] {logging_mixin.py:190} INFO - [2025-01-03T10:19:45.011-0800] {dag.py:3239} INFO - Sync 1 DAGs
[2025-01-03T10:19:45.039-0800] {logging_mixin.py:190} INFO - [2025-01-03T10:19:45.039-0800] {dag.py:4180} INFO - Setting next_dagrun for example_nested_branch_dag to 2025-01-02 00:00:00+00:00, run_after=2025-01-03 00:00:00+00:00
[2025-01-03T10:19:45.100-0800] {processor.py:208} INFO - Processing /opt/anaconda3/envs/airflow_env/lib/python3.9/site-packages/airflow/example_dags/example_nested_branch_dag.py took 0.414 seconds
[2025-01-03T10:23:44.358-0800] {processor.py:186} INFO - Started process (PID=47609) to work on /opt/anaconda3/envs/airflow_env/lib/python3.9/site-packages/airflow/example_dags/example_nested_branch_dag.py
[2025-01-03T10:23:44.360-0800] {processor.py:914} INFO - Processing file /opt/anaconda3/envs/airflow_env/lib/python3.9/site-packages/airflow/example_dags/example_nested_branch_dag.py for tasks to queue
[2025-01-03T10:23:44.362-0800] {logging_mixin.py:190} INFO - [2025-01-03T10:23:44.362-0800] {dagbag.py:588} INFO - Filling up the DagBag from /opt/anaconda3/envs/airflow_env/lib/python3.9/site-packages/airflow/example_dags/example_nested_branch_dag.py
[2025-01-03T10:23:44.409-0800] {processor.py:925} INFO - DAG(s) 'example_nested_branch_dag' retrieved from /opt/anaconda3/envs/airflow_env/lib/python3.9/site-packages/airflow/example_dags/example_nested_branch_dag.py
[2025-01-03T10:23:44.583-0800] {logging_mixin.py:190} INFO - [2025-01-03T10:23:44.583-0800] {dag.py:3239} INFO - Sync 1 DAGs
[2025-01-03T10:23:44.607-0800] {logging_mixin.py:190} INFO - [2025-01-03T10:23:44.606-0800] {dag.py:4180} INFO - Setting next_dagrun for example_nested_branch_dag to 2025-01-02 00:00:00+00:00, run_after=2025-01-03 00:00:00+00:00
[2025-01-03T10:23:44.633-0800] {processor.py:208} INFO - Processing /opt/anaconda3/envs/airflow_env/lib/python3.9/site-packages/airflow/example_dags/example_nested_branch_dag.py took 0.281 seconds
[2025-01-03T10:27:51.386-0800] {processor.py:186} INFO - Started process (PID=47727) to work on /opt/anaconda3/envs/airflow_env/lib/python3.9/site-packages/airflow/example_dags/example_nested_branch_dag.py
[2025-01-03T10:27:51.388-0800] {processor.py:914} INFO - Processing file /opt/anaconda3/envs/airflow_env/lib/python3.9/site-packages/airflow/example_dags/example_nested_branch_dag.py for tasks to queue
[2025-01-03T10:27:51.390-0800] {logging_mixin.py:190} INFO - [2025-01-03T10:27:51.390-0800] {dagbag.py:588} INFO - Filling up the DagBag from /opt/anaconda3/envs/airflow_env/lib/python3.9/site-packages/airflow/example_dags/example_nested_branch_dag.py
[2025-01-03T10:27:51.441-0800] {processor.py:925} INFO - DAG(s) 'example_nested_branch_dag' retrieved from /opt/anaconda3/envs/airflow_env/lib/python3.9/site-packages/airflow/example_dags/example_nested_branch_dag.py
[2025-01-03T10:27:51.585-0800] {logging_mixin.py:190} INFO - [2025-01-03T10:27:51.584-0800] {dag.py:3239} INFO - Sync 1 DAGs
[2025-01-03T10:27:51.614-0800] {logging_mixin.py:190} INFO - [2025-01-03T10:27:51.614-0800] {dag.py:4180} INFO - Setting next_dagrun for example_nested_branch_dag to 2025-01-02 00:00:00+00:00, run_after=2025-01-03 00:00:00+00:00
[2025-01-03T10:27:51.638-0800] {processor.py:208} INFO - Processing /opt/anaconda3/envs/airflow_env/lib/python3.9/site-packages/airflow/example_dags/example_nested_branch_dag.py took 0.256 seconds
[2025-01-03T10:32:16.766-0800] {processor.py:186} INFO - Started process (PID=47854) to work on /opt/anaconda3/envs/airflow_env/lib/python3.9/site-packages/airflow/example_dags/example_nested_branch_dag.py
[2025-01-03T10:32:16.769-0800] {processor.py:914} INFO - Processing file /opt/anaconda3/envs/airflow_env/lib/python3.9/site-packages/airflow/example_dags/example_nested_branch_dag.py for tasks to queue
[2025-01-03T10:32:16.771-0800] {logging_mixin.py:190} INFO - [2025-01-03T10:32:16.770-0800] {dagbag.py:588} INFO - Filling up the DagBag from /opt/anaconda3/envs/airflow_env/lib/python3.9/site-packages/airflow/example_dags/example_nested_branch_dag.py
[2025-01-03T10:32:16.834-0800] {processor.py:925} INFO - DAG(s) 'example_nested_branch_dag' retrieved from /opt/anaconda3/envs/airflow_env/lib/python3.9/site-packages/airflow/example_dags/example_nested_branch_dag.py
[2025-01-03T10:32:16.995-0800] {logging_mixin.py:190} INFO - [2025-01-03T10:32:16.995-0800] {dag.py:3239} INFO - Sync 1 DAGs
[2025-01-03T10:32:17.023-0800] {logging_mixin.py:190} INFO - [2025-01-03T10:32:17.022-0800] {dag.py:4180} INFO - Setting next_dagrun for example_nested_branch_dag to 2025-01-02 00:00:00+00:00, run_after=2025-01-03 00:00:00+00:00
[2025-01-03T10:32:17.052-0800] {processor.py:208} INFO - Processing /opt/anaconda3/envs/airflow_env/lib/python3.9/site-packages/airflow/example_dags/example_nested_branch_dag.py took 0.292 seconds
[2025-01-03T10:36:37.832-0800] {processor.py:186} INFO - Started process (PID=47996) to work on /opt/anaconda3/envs/airflow_env/lib/python3.9/site-packages/airflow/example_dags/example_nested_branch_dag.py
[2025-01-03T10:36:37.835-0800] {processor.py:914} INFO - Processing file /opt/anaconda3/envs/airflow_env/lib/python3.9/site-packages/airflow/example_dags/example_nested_branch_dag.py for tasks to queue
[2025-01-03T10:36:37.840-0800] {logging_mixin.py:190} INFO - [2025-01-03T10:36:37.840-0800] {dagbag.py:588} INFO - Filling up the DagBag from /opt/anaconda3/envs/airflow_env/lib/python3.9/site-packages/airflow/example_dags/example_nested_branch_dag.py
[2025-01-03T10:36:37.929-0800] {processor.py:925} INFO - DAG(s) 'example_nested_branch_dag' retrieved from /opt/anaconda3/envs/airflow_env/lib/python3.9/site-packages/airflow/example_dags/example_nested_branch_dag.py
[2025-01-03T10:36:38.110-0800] {logging_mixin.py:190} INFO - [2025-01-03T10:36:38.109-0800] {dag.py:3239} INFO - Sync 1 DAGs
[2025-01-03T10:36:38.140-0800] {logging_mixin.py:190} INFO - [2025-01-03T10:36:38.139-0800] {dag.py:4180} INFO - Setting next_dagrun for example_nested_branch_dag to 2025-01-02 00:00:00+00:00, run_after=2025-01-03 00:00:00+00:00
[2025-01-03T10:36:38.167-0800] {processor.py:208} INFO - Processing /opt/anaconda3/envs/airflow_env/lib/python3.9/site-packages/airflow/example_dags/example_nested_branch_dag.py took 0.348 seconds
[2025-01-03T10:40:58.496-0800] {processor.py:186} INFO - Started process (PID=48122) to work on /opt/anaconda3/envs/airflow_env/lib/python3.9/site-packages/airflow/example_dags/example_nested_branch_dag.py
[2025-01-03T10:40:58.498-0800] {processor.py:914} INFO - Processing file /opt/anaconda3/envs/airflow_env/lib/python3.9/site-packages/airflow/example_dags/example_nested_branch_dag.py for tasks to queue
[2025-01-03T10:40:58.500-0800] {logging_mixin.py:190} INFO - [2025-01-03T10:40:58.500-0800] {dagbag.py:588} INFO - Filling up the DagBag from /opt/anaconda3/envs/airflow_env/lib/python3.9/site-packages/airflow/example_dags/example_nested_branch_dag.py
[2025-01-03T10:40:58.545-0800] {processor.py:925} INFO - DAG(s) 'example_nested_branch_dag' retrieved from /opt/anaconda3/envs/airflow_env/lib/python3.9/site-packages/airflow/example_dags/example_nested_branch_dag.py
[2025-01-03T10:40:58.695-0800] {logging_mixin.py:190} INFO - [2025-01-03T10:40:58.694-0800] {dag.py:3239} INFO - Sync 1 DAGs
[2025-01-03T10:40:58.726-0800] {logging_mixin.py:190} INFO - [2025-01-03T10:40:58.725-0800] {dag.py:4180} INFO - Setting next_dagrun for example_nested_branch_dag to 2025-01-02 00:00:00+00:00, run_after=2025-01-03 00:00:00+00:00
[2025-01-03T10:40:58.759-0800] {processor.py:208} INFO - Processing /opt/anaconda3/envs/airflow_env/lib/python3.9/site-packages/airflow/example_dags/example_nested_branch_dag.py took 0.267 seconds
[2025-01-03T10:44:49.077-0800] {processor.py:186} INFO - Started process (PID=48242) to work on /opt/anaconda3/envs/airflow_env/lib/python3.9/site-packages/airflow/example_dags/example_nested_branch_dag.py
[2025-01-03T10:44:49.081-0800] {processor.py:914} INFO - Processing file /opt/anaconda3/envs/airflow_env/lib/python3.9/site-packages/airflow/example_dags/example_nested_branch_dag.py for tasks to queue
[2025-01-03T10:44:49.083-0800] {logging_mixin.py:190} INFO - [2025-01-03T10:44:49.082-0800] {dagbag.py:588} INFO - Filling up the DagBag from /opt/anaconda3/envs/airflow_env/lib/python3.9/site-packages/airflow/example_dags/example_nested_branch_dag.py
[2025-01-03T10:44:49.145-0800] {processor.py:925} INFO - DAG(s) 'example_nested_branch_dag' retrieved from /opt/anaconda3/envs/airflow_env/lib/python3.9/site-packages/airflow/example_dags/example_nested_branch_dag.py
[2025-01-03T10:44:49.313-0800] {logging_mixin.py:190} INFO - [2025-01-03T10:44:49.312-0800] {dag.py:3239} INFO - Sync 1 DAGs
[2025-01-03T10:44:49.346-0800] {logging_mixin.py:190} INFO - [2025-01-03T10:44:49.345-0800] {dag.py:4180} INFO - Setting next_dagrun for example_nested_branch_dag to 2025-01-02 00:00:00+00:00, run_after=2025-01-03 00:00:00+00:00
[2025-01-03T10:44:49.415-0800] {processor.py:208} INFO - Processing /opt/anaconda3/envs/airflow_env/lib/python3.9/site-packages/airflow/example_dags/example_nested_branch_dag.py took 0.344 seconds
[2025-01-03T10:48:46.271-0800] {processor.py:186} INFO - Started process (PID=48379) to work on /opt/anaconda3/envs/airflow_env/lib/python3.9/site-packages/airflow/example_dags/example_nested_branch_dag.py
[2025-01-03T10:48:46.278-0800] {processor.py:914} INFO - Processing file /opt/anaconda3/envs/airflow_env/lib/python3.9/site-packages/airflow/example_dags/example_nested_branch_dag.py for tasks to queue
[2025-01-03T10:48:46.280-0800] {logging_mixin.py:190} INFO - [2025-01-03T10:48:46.279-0800] {dagbag.py:588} INFO - Filling up the DagBag from /opt/anaconda3/envs/airflow_env/lib/python3.9/site-packages/airflow/example_dags/example_nested_branch_dag.py
[2025-01-03T10:48:46.376-0800] {processor.py:925} INFO - DAG(s) 'example_nested_branch_dag' retrieved from /opt/anaconda3/envs/airflow_env/lib/python3.9/site-packages/airflow/example_dags/example_nested_branch_dag.py
[2025-01-03T10:48:46.593-0800] {logging_mixin.py:190} INFO - [2025-01-03T10:48:46.593-0800] {dag.py:3239} INFO - Sync 1 DAGs
[2025-01-03T10:48:46.628-0800] {logging_mixin.py:190} INFO - [2025-01-03T10:48:46.627-0800] {dag.py:4180} INFO - Setting next_dagrun for example_nested_branch_dag to 2025-01-02 00:00:00+00:00, run_after=2025-01-03 00:00:00+00:00
[2025-01-03T10:48:46.655-0800] {processor.py:208} INFO - Processing /opt/anaconda3/envs/airflow_env/lib/python3.9/site-packages/airflow/example_dags/example_nested_branch_dag.py took 0.388 seconds
[2025-01-03T10:53:06.176-0800] {processor.py:186} INFO - Started process (PID=48585) to work on /opt/anaconda3/envs/airflow_env/lib/python3.9/site-packages/airflow/example_dags/example_nested_branch_dag.py
[2025-01-03T10:53:06.179-0800] {processor.py:914} INFO - Processing file /opt/anaconda3/envs/airflow_env/lib/python3.9/site-packages/airflow/example_dags/example_nested_branch_dag.py for tasks to queue
[2025-01-03T10:53:06.180-0800] {logging_mixin.py:190} INFO - [2025-01-03T10:53:06.180-0800] {dagbag.py:588} INFO - Filling up the DagBag from /opt/anaconda3/envs/airflow_env/lib/python3.9/site-packages/airflow/example_dags/example_nested_branch_dag.py
[2025-01-03T10:53:06.228-0800] {processor.py:925} INFO - DAG(s) 'example_nested_branch_dag' retrieved from /opt/anaconda3/envs/airflow_env/lib/python3.9/site-packages/airflow/example_dags/example_nested_branch_dag.py
[2025-01-03T10:53:06.416-0800] {logging_mixin.py:190} INFO - [2025-01-03T10:53:06.416-0800] {dag.py:3239} INFO - Sync 1 DAGs
[2025-01-03T10:53:06.447-0800] {logging_mixin.py:190} INFO - [2025-01-03T10:53:06.446-0800] {dag.py:4180} INFO - Setting next_dagrun for example_nested_branch_dag to 2025-01-02 00:00:00+00:00, run_after=2025-01-03 00:00:00+00:00
[2025-01-03T10:53:06.473-0800] {processor.py:208} INFO - Processing /opt/anaconda3/envs/airflow_env/lib/python3.9/site-packages/airflow/example_dags/example_nested_branch_dag.py took 0.305 seconds
[2025-01-03T10:57:15.768-0800] {processor.py:186} INFO - Started process (PID=48809) to work on /opt/anaconda3/envs/airflow_env/lib/python3.9/site-packages/airflow/example_dags/example_nested_branch_dag.py
[2025-01-03T10:57:15.771-0800] {processor.py:914} INFO - Processing file /opt/anaconda3/envs/airflow_env/lib/python3.9/site-packages/airflow/example_dags/example_nested_branch_dag.py for tasks to queue
[2025-01-03T10:57:15.772-0800] {logging_mixin.py:190} INFO - [2025-01-03T10:57:15.771-0800] {dagbag.py:588} INFO - Filling up the DagBag from /opt/anaconda3/envs/airflow_env/lib/python3.9/site-packages/airflow/example_dags/example_nested_branch_dag.py
[2025-01-03T10:57:15.840-0800] {processor.py:925} INFO - DAG(s) 'example_nested_branch_dag' retrieved from /opt/anaconda3/envs/airflow_env/lib/python3.9/site-packages/airflow/example_dags/example_nested_branch_dag.py
[2025-01-03T10:57:15.993-0800] {logging_mixin.py:190} INFO - [2025-01-03T10:57:15.992-0800] {dag.py:3239} INFO - Sync 1 DAGs
[2025-01-03T10:57:16.016-0800] {logging_mixin.py:190} INFO - [2025-01-03T10:57:16.016-0800] {dag.py:4180} INFO - Setting next_dagrun for example_nested_branch_dag to 2025-01-02 00:00:00+00:00, run_after=2025-01-03 00:00:00+00:00
[2025-01-03T10:57:16.040-0800] {processor.py:208} INFO - Processing /opt/anaconda3/envs/airflow_env/lib/python3.9/site-packages/airflow/example_dags/example_nested_branch_dag.py took 0.277 seconds
[2025-01-03T11:01:47.392-0800] {processor.py:186} INFO - Started process (PID=48925) to work on /opt/anaconda3/envs/airflow_env/lib/python3.9/site-packages/airflow/example_dags/example_nested_branch_dag.py
[2025-01-03T11:01:47.397-0800] {processor.py:914} INFO - Processing file /opt/anaconda3/envs/airflow_env/lib/python3.9/site-packages/airflow/example_dags/example_nested_branch_dag.py for tasks to queue
[2025-01-03T11:01:47.399-0800] {logging_mixin.py:190} INFO - [2025-01-03T11:01:47.398-0800] {dagbag.py:588} INFO - Filling up the DagBag from /opt/anaconda3/envs/airflow_env/lib/python3.9/site-packages/airflow/example_dags/example_nested_branch_dag.py
[2025-01-03T11:01:47.477-0800] {processor.py:925} INFO - DAG(s) 'example_nested_branch_dag' retrieved from /opt/anaconda3/envs/airflow_env/lib/python3.9/site-packages/airflow/example_dags/example_nested_branch_dag.py
[2025-01-03T11:01:47.748-0800] {logging_mixin.py:190} INFO - [2025-01-03T11:01:47.748-0800] {dag.py:3239} INFO - Sync 1 DAGs
[2025-01-03T11:01:47.771-0800] {logging_mixin.py:190} INFO - [2025-01-03T11:01:47.771-0800] {dag.py:4180} INFO - Setting next_dagrun for example_nested_branch_dag to 2025-01-02 00:00:00+00:00, run_after=2025-01-03 00:00:00+00:00
[2025-01-03T11:01:47.796-0800] {processor.py:208} INFO - Processing /opt/anaconda3/envs/airflow_env/lib/python3.9/site-packages/airflow/example_dags/example_nested_branch_dag.py took 0.408 seconds
[2025-01-03T11:06:23.170-0800] {processor.py:186} INFO - Started process (PID=49116) to work on /opt/anaconda3/envs/airflow_env/lib/python3.9/site-packages/airflow/example_dags/example_nested_branch_dag.py
[2025-01-03T11:06:23.172-0800] {processor.py:914} INFO - Processing file /opt/anaconda3/envs/airflow_env/lib/python3.9/site-packages/airflow/example_dags/example_nested_branch_dag.py for tasks to queue
[2025-01-03T11:06:23.174-0800] {logging_mixin.py:190} INFO - [2025-01-03T11:06:23.174-0800] {dagbag.py:588} INFO - Filling up the DagBag from /opt/anaconda3/envs/airflow_env/lib/python3.9/site-packages/airflow/example_dags/example_nested_branch_dag.py
[2025-01-03T11:06:23.226-0800] {processor.py:925} INFO - DAG(s) 'example_nested_branch_dag' retrieved from /opt/anaconda3/envs/airflow_env/lib/python3.9/site-packages/airflow/example_dags/example_nested_branch_dag.py
[2025-01-03T11:06:23.376-0800] {logging_mixin.py:190} INFO - [2025-01-03T11:06:23.376-0800] {dag.py:3239} INFO - Sync 1 DAGs
[2025-01-03T11:06:23.399-0800] {logging_mixin.py:190} INFO - [2025-01-03T11:06:23.399-0800] {dag.py:4180} INFO - Setting next_dagrun for example_nested_branch_dag to 2025-01-02 00:00:00+00:00, run_after=2025-01-03 00:00:00+00:00
[2025-01-03T11:06:23.425-0800] {processor.py:208} INFO - Processing /opt/anaconda3/envs/airflow_env/lib/python3.9/site-packages/airflow/example_dags/example_nested_branch_dag.py took 0.259 seconds
[2025-01-03T11:10:24.729-0800] {processor.py:186} INFO - Started process (PID=49283) to work on /opt/anaconda3/envs/airflow_env/lib/python3.9/site-packages/airflow/example_dags/example_nested_branch_dag.py
[2025-01-03T11:10:24.742-0800] {processor.py:914} INFO - Processing file /opt/anaconda3/envs/airflow_env/lib/python3.9/site-packages/airflow/example_dags/example_nested_branch_dag.py for tasks to queue
[2025-01-03T11:10:24.744-0800] {logging_mixin.py:190} INFO - [2025-01-03T11:10:24.743-0800] {dagbag.py:588} INFO - Filling up the DagBag from /opt/anaconda3/envs/airflow_env/lib/python3.9/site-packages/airflow/example_dags/example_nested_branch_dag.py
[2025-01-03T11:10:24.808-0800] {processor.py:925} INFO - DAG(s) 'example_nested_branch_dag' retrieved from /opt/anaconda3/envs/airflow_env/lib/python3.9/site-packages/airflow/example_dags/example_nested_branch_dag.py
[2025-01-03T11:10:24.969-0800] {logging_mixin.py:190} INFO - [2025-01-03T11:10:24.969-0800] {dag.py:3239} INFO - Sync 1 DAGs
[2025-01-03T11:10:24.999-0800] {logging_mixin.py:190} INFO - [2025-01-03T11:10:24.998-0800] {dag.py:4180} INFO - Setting next_dagrun for example_nested_branch_dag to 2025-01-02 00:00:00+00:00, run_after=2025-01-03 00:00:00+00:00
[2025-01-03T11:10:25.030-0800] {processor.py:208} INFO - Processing /opt/anaconda3/envs/airflow_env/lib/python3.9/site-packages/airflow/example_dags/example_nested_branch_dag.py took 0.312 seconds
[2025-01-03T11:15:14.563-0800] {processor.py:186} INFO - Started process (PID=49665) to work on /opt/anaconda3/envs/airflow_env/lib/python3.9/site-packages/airflow/example_dags/example_nested_branch_dag.py
[2025-01-03T11:15:14.570-0800] {processor.py:914} INFO - Processing file /opt/anaconda3/envs/airflow_env/lib/python3.9/site-packages/airflow/example_dags/example_nested_branch_dag.py for tasks to queue
[2025-01-03T11:15:14.573-0800] {logging_mixin.py:190} INFO - [2025-01-03T11:15:14.573-0800] {dagbag.py:588} INFO - Filling up the DagBag from /opt/anaconda3/envs/airflow_env/lib/python3.9/site-packages/airflow/example_dags/example_nested_branch_dag.py
[2025-01-03T11:15:14.693-0800] {processor.py:925} INFO - DAG(s) 'example_nested_branch_dag' retrieved from /opt/anaconda3/envs/airflow_env/lib/python3.9/site-packages/airflow/example_dags/example_nested_branch_dag.py
[2025-01-03T11:15:15.324-0800] {logging_mixin.py:190} INFO - [2025-01-03T11:15:15.321-0800] {dag.py:3239} INFO - Sync 1 DAGs
[2025-01-03T11:15:15.499-0800] {logging_mixin.py:190} INFO - [2025-01-03T11:15:15.499-0800] {dag.py:4180} INFO - Setting next_dagrun for example_nested_branch_dag to 2025-01-02 00:00:00+00:00, run_after=2025-01-03 00:00:00+00:00
[2025-01-03T11:15:15.635-0800] {processor.py:208} INFO - Processing /opt/anaconda3/envs/airflow_env/lib/python3.9/site-packages/airflow/example_dags/example_nested_branch_dag.py took 1.080 seconds
[2025-01-03T11:19:46.952-0800] {processor.py:186} INFO - Started process (PID=49806) to work on /opt/anaconda3/envs/airflow_env/lib/python3.9/site-packages/airflow/example_dags/example_nested_branch_dag.py
[2025-01-03T11:19:46.956-0800] {processor.py:914} INFO - Processing file /opt/anaconda3/envs/airflow_env/lib/python3.9/site-packages/airflow/example_dags/example_nested_branch_dag.py for tasks to queue
[2025-01-03T11:19:46.959-0800] {logging_mixin.py:190} INFO - [2025-01-03T11:19:46.958-0800] {dagbag.py:588} INFO - Filling up the DagBag from /opt/anaconda3/envs/airflow_env/lib/python3.9/site-packages/airflow/example_dags/example_nested_branch_dag.py
[2025-01-03T11:19:47.093-0800] {processor.py:925} INFO - DAG(s) 'example_nested_branch_dag' retrieved from /opt/anaconda3/envs/airflow_env/lib/python3.9/site-packages/airflow/example_dags/example_nested_branch_dag.py
[2025-01-03T11:19:47.262-0800] {logging_mixin.py:190} INFO - [2025-01-03T11:19:47.261-0800] {dag.py:3239} INFO - Sync 1 DAGs
[2025-01-03T11:19:47.315-0800] {logging_mixin.py:190} INFO - [2025-01-03T11:19:47.314-0800] {dag.py:4180} INFO - Setting next_dagrun for example_nested_branch_dag to 2025-01-02 00:00:00+00:00, run_after=2025-01-03 00:00:00+00:00
[2025-01-03T11:19:47.360-0800] {processor.py:208} INFO - Processing /opt/anaconda3/envs/airflow_env/lib/python3.9/site-packages/airflow/example_dags/example_nested_branch_dag.py took 0.416 seconds
[2025-01-03T11:24:01.927-0800] {processor.py:186} INFO - Started process (PID=49951) to work on /opt/anaconda3/envs/airflow_env/lib/python3.9/site-packages/airflow/example_dags/example_nested_branch_dag.py
[2025-01-03T11:24:01.934-0800] {processor.py:914} INFO - Processing file /opt/anaconda3/envs/airflow_env/lib/python3.9/site-packages/airflow/example_dags/example_nested_branch_dag.py for tasks to queue
[2025-01-03T11:24:01.939-0800] {logging_mixin.py:190} INFO - [2025-01-03T11:24:01.938-0800] {dagbag.py:588} INFO - Filling up the DagBag from /opt/anaconda3/envs/airflow_env/lib/python3.9/site-packages/airflow/example_dags/example_nested_branch_dag.py
[2025-01-03T11:24:02.077-0800] {processor.py:925} INFO - DAG(s) 'example_nested_branch_dag' retrieved from /opt/anaconda3/envs/airflow_env/lib/python3.9/site-packages/airflow/example_dags/example_nested_branch_dag.py
[2025-01-03T11:24:02.540-0800] {logging_mixin.py:190} INFO - [2025-01-03T11:24:02.539-0800] {dag.py:3239} INFO - Sync 1 DAGs
[2025-01-03T11:24:02.624-0800] {logging_mixin.py:190} INFO - [2025-01-03T11:24:02.623-0800] {dag.py:4180} INFO - Setting next_dagrun for example_nested_branch_dag to 2025-01-02 00:00:00+00:00, run_after=2025-01-03 00:00:00+00:00
[2025-01-03T11:24:02.689-0800] {processor.py:208} INFO - Processing /opt/anaconda3/envs/airflow_env/lib/python3.9/site-packages/airflow/example_dags/example_nested_branch_dag.py took 0.769 seconds
[2025-01-03T11:28:43.347-0800] {processor.py:186} INFO - Started process (PID=50149) to work on /opt/anaconda3/envs/airflow_env/lib/python3.9/site-packages/airflow/example_dags/example_nested_branch_dag.py
[2025-01-03T11:28:43.350-0800] {processor.py:914} INFO - Processing file /opt/anaconda3/envs/airflow_env/lib/python3.9/site-packages/airflow/example_dags/example_nested_branch_dag.py for tasks to queue
[2025-01-03T11:28:43.352-0800] {logging_mixin.py:190} INFO - [2025-01-03T11:28:43.351-0800] {dagbag.py:588} INFO - Filling up the DagBag from /opt/anaconda3/envs/airflow_env/lib/python3.9/site-packages/airflow/example_dags/example_nested_branch_dag.py
[2025-01-03T11:28:43.411-0800] {processor.py:925} INFO - DAG(s) 'example_nested_branch_dag' retrieved from /opt/anaconda3/envs/airflow_env/lib/python3.9/site-packages/airflow/example_dags/example_nested_branch_dag.py
[2025-01-03T11:28:43.611-0800] {logging_mixin.py:190} INFO - [2025-01-03T11:28:43.611-0800] {dag.py:3239} INFO - Sync 1 DAGs
[2025-01-03T11:28:43.637-0800] {logging_mixin.py:190} INFO - [2025-01-03T11:28:43.637-0800] {dag.py:4180} INFO - Setting next_dagrun for example_nested_branch_dag to 2025-01-02 00:00:00+00:00, run_after=2025-01-03 00:00:00+00:00
[2025-01-03T11:28:43.670-0800] {processor.py:208} INFO - Processing /opt/anaconda3/envs/airflow_env/lib/python3.9/site-packages/airflow/example_dags/example_nested_branch_dag.py took 0.327 seconds
[2025-01-03T11:33:25.442-0800] {processor.py:186} INFO - Started process (PID=50322) to work on /opt/anaconda3/envs/airflow_env/lib/python3.9/site-packages/airflow/example_dags/example_nested_branch_dag.py
[2025-01-03T11:33:25.449-0800] {processor.py:914} INFO - Processing file /opt/anaconda3/envs/airflow_env/lib/python3.9/site-packages/airflow/example_dags/example_nested_branch_dag.py for tasks to queue
[2025-01-03T11:33:25.454-0800] {logging_mixin.py:190} INFO - [2025-01-03T11:33:25.452-0800] {dagbag.py:588} INFO - Filling up the DagBag from /opt/anaconda3/envs/airflow_env/lib/python3.9/site-packages/airflow/example_dags/example_nested_branch_dag.py
[2025-01-03T11:33:25.623-0800] {processor.py:925} INFO - DAG(s) 'example_nested_branch_dag' retrieved from /opt/anaconda3/envs/airflow_env/lib/python3.9/site-packages/airflow/example_dags/example_nested_branch_dag.py
[2025-01-03T11:33:26.211-0800] {logging_mixin.py:190} INFO - [2025-01-03T11:33:26.210-0800] {dag.py:3239} INFO - Sync 1 DAGs
[2025-01-03T11:33:26.255-0800] {logging_mixin.py:190} INFO - [2025-01-03T11:33:26.255-0800] {dag.py:4180} INFO - Setting next_dagrun for example_nested_branch_dag to 2025-01-02 00:00:00+00:00, run_after=2025-01-03 00:00:00+00:00
[2025-01-03T11:33:26.291-0800] {processor.py:208} INFO - Processing /opt/anaconda3/envs/airflow_env/lib/python3.9/site-packages/airflow/example_dags/example_nested_branch_dag.py took 0.857 seconds
[2025-01-03T11:38:09.953-0800] {processor.py:186} INFO - Started process (PID=50519) to work on /opt/anaconda3/envs/airflow_env/lib/python3.9/site-packages/airflow/example_dags/example_nested_branch_dag.py
[2025-01-03T11:38:09.955-0800] {processor.py:914} INFO - Processing file /opt/anaconda3/envs/airflow_env/lib/python3.9/site-packages/airflow/example_dags/example_nested_branch_dag.py for tasks to queue
[2025-01-03T11:38:09.957-0800] {logging_mixin.py:190} INFO - [2025-01-03T11:38:09.957-0800] {dagbag.py:588} INFO - Filling up the DagBag from /opt/anaconda3/envs/airflow_env/lib/python3.9/site-packages/airflow/example_dags/example_nested_branch_dag.py
[2025-01-03T11:38:10.001-0800] {processor.py:925} INFO - DAG(s) 'example_nested_branch_dag' retrieved from /opt/anaconda3/envs/airflow_env/lib/python3.9/site-packages/airflow/example_dags/example_nested_branch_dag.py
[2025-01-03T11:38:10.144-0800] {logging_mixin.py:190} INFO - [2025-01-03T11:38:10.143-0800] {dag.py:3239} INFO - Sync 1 DAGs
[2025-01-03T11:38:10.172-0800] {logging_mixin.py:190} INFO - [2025-01-03T11:38:10.172-0800] {dag.py:4180} INFO - Setting next_dagrun for example_nested_branch_dag to 2025-01-02 00:00:00+00:00, run_after=2025-01-03 00:00:00+00:00
[2025-01-03T11:38:10.199-0800] {processor.py:208} INFO - Processing /opt/anaconda3/envs/airflow_env/lib/python3.9/site-packages/airflow/example_dags/example_nested_branch_dag.py took 0.251 seconds
[2025-01-03T11:42:40.865-0800] {processor.py:186} INFO - Started process (PID=50703) to work on /opt/anaconda3/envs/airflow_env/lib/python3.9/site-packages/airflow/example_dags/example_nested_branch_dag.py
[2025-01-03T11:42:40.867-0800] {processor.py:914} INFO - Processing file /opt/anaconda3/envs/airflow_env/lib/python3.9/site-packages/airflow/example_dags/example_nested_branch_dag.py for tasks to queue
[2025-01-03T11:42:40.869-0800] {logging_mixin.py:190} INFO - [2025-01-03T11:42:40.869-0800] {dagbag.py:588} INFO - Filling up the DagBag from /opt/anaconda3/envs/airflow_env/lib/python3.9/site-packages/airflow/example_dags/example_nested_branch_dag.py
[2025-01-03T11:42:40.931-0800] {processor.py:925} INFO - DAG(s) 'example_nested_branch_dag' retrieved from /opt/anaconda3/envs/airflow_env/lib/python3.9/site-packages/airflow/example_dags/example_nested_branch_dag.py
[2025-01-03T11:42:41.080-0800] {logging_mixin.py:190} INFO - [2025-01-03T11:42:41.079-0800] {dag.py:3239} INFO - Sync 1 DAGs
[2025-01-03T11:42:41.101-0800] {logging_mixin.py:190} INFO - [2025-01-03T11:42:41.101-0800] {dag.py:4180} INFO - Setting next_dagrun for example_nested_branch_dag to 2025-01-02 00:00:00+00:00, run_after=2025-01-03 00:00:00+00:00
[2025-01-03T11:42:41.127-0800] {processor.py:208} INFO - Processing /opt/anaconda3/envs/airflow_env/lib/python3.9/site-packages/airflow/example_dags/example_nested_branch_dag.py took 0.267 seconds
[2025-01-03T11:47:41.923-0800] {processor.py:186} INFO - Started process (PID=50900) to work on /opt/anaconda3/envs/airflow_env/lib/python3.9/site-packages/airflow/example_dags/example_nested_branch_dag.py
[2025-01-03T11:47:41.926-0800] {processor.py:914} INFO - Processing file /opt/anaconda3/envs/airflow_env/lib/python3.9/site-packages/airflow/example_dags/example_nested_branch_dag.py for tasks to queue
[2025-01-03T11:47:41.928-0800] {logging_mixin.py:190} INFO - [2025-01-03T11:47:41.927-0800] {dagbag.py:588} INFO - Filling up the DagBag from /opt/anaconda3/envs/airflow_env/lib/python3.9/site-packages/airflow/example_dags/example_nested_branch_dag.py
[2025-01-03T11:47:42.124-0800] {processor.py:925} INFO - DAG(s) 'example_nested_branch_dag' retrieved from /opt/anaconda3/envs/airflow_env/lib/python3.9/site-packages/airflow/example_dags/example_nested_branch_dag.py
[2025-01-03T11:47:42.370-0800] {logging_mixin.py:190} INFO - [2025-01-03T11:47:42.369-0800] {dag.py:3239} INFO - Sync 1 DAGs
[2025-01-03T11:47:42.392-0800] {logging_mixin.py:190} INFO - [2025-01-03T11:47:42.392-0800] {dag.py:4180} INFO - Setting next_dagrun for example_nested_branch_dag to 2025-01-02 00:00:00+00:00, run_after=2025-01-03 00:00:00+00:00
[2025-01-03T11:47:42.419-0800] {processor.py:208} INFO - Processing /opt/anaconda3/envs/airflow_env/lib/python3.9/site-packages/airflow/example_dags/example_nested_branch_dag.py took 0.501 seconds
