[2025-01-03T09:48:57.074-0800] {processor.py:186} INFO - Started process (PID=46238) to work on /opt/anaconda3/envs/airflow_env/lib/python3.9/site-packages/airflow/example_dags/example_time_delta_sensor_async.py
[2025-01-03T09:48:57.075-0800] {processor.py:914} INFO - Processing file /opt/anaconda3/envs/airflow_env/lib/python3.9/site-packages/airflow/example_dags/example_time_delta_sensor_async.py for tasks to queue
[2025-01-03T09:48:57.076-0800] {logging_mixin.py:190} INFO - [2025-01-03T09:48:57.076-0800] {dagbag.py:588} INFO - Filling up the DagBag from /opt/anaconda3/envs/airflow_env/lib/python3.9/site-packages/airflow/example_dags/example_time_delta_sensor_async.py
[2025-01-03T09:48:57.085-0800] {processor.py:925} INFO - DAG(s) 'example_time_delta_sensor_async' retrieved from /opt/anaconda3/envs/airflow_env/lib/python3.9/site-packages/airflow/example_dags/example_time_delta_sensor_async.py
[2025-01-03T09:48:58.028-0800] {logging_mixin.py:190} INFO - [2025-01-03T09:48:58.027-0800] {dag.py:3239} INFO - Sync 1 DAGs
[2025-01-03T09:48:58.044-0800] {logging_mixin.py:190} INFO - [2025-01-03T09:48:58.044-0800] {dag.py:4180} INFO - Setting next_dagrun for example_time_delta_sensor_async to None, run_after=None
[2025-01-03T09:48:58.074-0800] {processor.py:208} INFO - Processing /opt/anaconda3/envs/airflow_env/lib/python3.9/site-packages/airflow/example_dags/example_time_delta_sensor_async.py took 1.005 seconds
[2025-01-03T09:52:27.010-0800] {processor.py:186} INFO - Started process (PID=46378) to work on /opt/anaconda3/envs/airflow_env/lib/python3.9/site-packages/airflow/example_dags/example_time_delta_sensor_async.py
[2025-01-03T09:52:27.013-0800] {processor.py:914} INFO - Processing file /opt/anaconda3/envs/airflow_env/lib/python3.9/site-packages/airflow/example_dags/example_time_delta_sensor_async.py for tasks to queue
[2025-01-03T09:52:27.014-0800] {logging_mixin.py:190} INFO - [2025-01-03T09:52:27.014-0800] {dagbag.py:588} INFO - Filling up the DagBag from /opt/anaconda3/envs/airflow_env/lib/python3.9/site-packages/airflow/example_dags/example_time_delta_sensor_async.py
[2025-01-03T09:52:27.029-0800] {processor.py:925} INFO - DAG(s) 'example_time_delta_sensor_async' retrieved from /opt/anaconda3/envs/airflow_env/lib/python3.9/site-packages/airflow/example_dags/example_time_delta_sensor_async.py
[2025-01-03T09:52:27.875-0800] {logging_mixin.py:190} INFO - [2025-01-03T09:52:27.874-0800] {dag.py:3239} INFO - Sync 1 DAGs
[2025-01-03T09:52:27.892-0800] {logging_mixin.py:190} INFO - [2025-01-03T09:52:27.891-0800] {dag.py:4180} INFO - Setting next_dagrun for example_time_delta_sensor_async to None, run_after=None
[2025-01-03T09:52:27.914-0800] {processor.py:208} INFO - Processing /opt/anaconda3/envs/airflow_env/lib/python3.9/site-packages/airflow/example_dags/example_time_delta_sensor_async.py took 0.908 seconds
[2025-01-03T09:55:58.042-0800] {processor.py:186} INFO - Started process (PID=46502) to work on /opt/anaconda3/envs/airflow_env/lib/python3.9/site-packages/airflow/example_dags/example_time_delta_sensor_async.py
[2025-01-03T09:55:58.044-0800] {processor.py:914} INFO - Processing file /opt/anaconda3/envs/airflow_env/lib/python3.9/site-packages/airflow/example_dags/example_time_delta_sensor_async.py for tasks to queue
[2025-01-03T09:55:58.048-0800] {logging_mixin.py:190} INFO - [2025-01-03T09:55:58.047-0800] {dagbag.py:588} INFO - Filling up the DagBag from /opt/anaconda3/envs/airflow_env/lib/python3.9/site-packages/airflow/example_dags/example_time_delta_sensor_async.py
[2025-01-03T09:55:58.067-0800] {processor.py:925} INFO - DAG(s) 'example_time_delta_sensor_async' retrieved from /opt/anaconda3/envs/airflow_env/lib/python3.9/site-packages/airflow/example_dags/example_time_delta_sensor_async.py
[2025-01-03T09:55:59.639-0800] {logging_mixin.py:190} INFO - [2025-01-03T09:55:59.638-0800] {dag.py:3239} INFO - Sync 1 DAGs
[2025-01-03T09:55:59.651-0800] {logging_mixin.py:190} INFO - [2025-01-03T09:55:59.651-0800] {dag.py:4180} INFO - Setting next_dagrun for example_time_delta_sensor_async to None, run_after=None
[2025-01-03T09:55:59.677-0800] {processor.py:208} INFO - Processing /opt/anaconda3/envs/airflow_env/lib/python3.9/site-packages/airflow/example_dags/example_time_delta_sensor_async.py took 1.643 seconds
[2025-01-03T09:59:45.598-0800] {processor.py:186} INFO - Started process (PID=46616) to work on /opt/anaconda3/envs/airflow_env/lib/python3.9/site-packages/airflow/example_dags/example_time_delta_sensor_async.py
[2025-01-03T09:59:45.602-0800] {processor.py:914} INFO - Processing file /opt/anaconda3/envs/airflow_env/lib/python3.9/site-packages/airflow/example_dags/example_time_delta_sensor_async.py for tasks to queue
[2025-01-03T09:59:45.603-0800] {logging_mixin.py:190} INFO - [2025-01-03T09:59:45.603-0800] {dagbag.py:588} INFO - Filling up the DagBag from /opt/anaconda3/envs/airflow_env/lib/python3.9/site-packages/airflow/example_dags/example_time_delta_sensor_async.py
[2025-01-03T09:59:45.622-0800] {processor.py:925} INFO - DAG(s) 'example_time_delta_sensor_async' retrieved from /opt/anaconda3/envs/airflow_env/lib/python3.9/site-packages/airflow/example_dags/example_time_delta_sensor_async.py
[2025-01-03T09:59:46.801-0800] {logging_mixin.py:190} INFO - [2025-01-03T09:59:46.800-0800] {dag.py:3239} INFO - Sync 1 DAGs
[2025-01-03T09:59:46.825-0800] {logging_mixin.py:190} INFO - [2025-01-03T09:59:46.825-0800] {dag.py:4180} INFO - Setting next_dagrun for example_time_delta_sensor_async to None, run_after=None
[2025-01-03T09:59:46.855-0800] {processor.py:208} INFO - Processing /opt/anaconda3/envs/airflow_env/lib/python3.9/site-packages/airflow/example_dags/example_time_delta_sensor_async.py took 1.264 seconds
[2025-01-03T10:03:49.549-0800] {processor.py:186} INFO - Started process (PID=46762) to work on /opt/anaconda3/envs/airflow_env/lib/python3.9/site-packages/airflow/example_dags/example_time_delta_sensor_async.py
[2025-01-03T10:03:49.551-0800] {processor.py:914} INFO - Processing file /opt/anaconda3/envs/airflow_env/lib/python3.9/site-packages/airflow/example_dags/example_time_delta_sensor_async.py for tasks to queue
[2025-01-03T10:03:49.553-0800] {logging_mixin.py:190} INFO - [2025-01-03T10:03:49.552-0800] {dagbag.py:588} INFO - Filling up the DagBag from /opt/anaconda3/envs/airflow_env/lib/python3.9/site-packages/airflow/example_dags/example_time_delta_sensor_async.py
[2025-01-03T10:03:49.571-0800] {processor.py:925} INFO - DAG(s) 'example_time_delta_sensor_async' retrieved from /opt/anaconda3/envs/airflow_env/lib/python3.9/site-packages/airflow/example_dags/example_time_delta_sensor_async.py
[2025-01-03T10:03:51.122-0800] {logging_mixin.py:190} INFO - [2025-01-03T10:03:51.121-0800] {dag.py:3239} INFO - Sync 1 DAGs
[2025-01-03T10:03:51.138-0800] {logging_mixin.py:190} INFO - [2025-01-03T10:03:51.138-0800] {dag.py:4180} INFO - Setting next_dagrun for example_time_delta_sensor_async to None, run_after=None
[2025-01-03T10:03:51.166-0800] {processor.py:208} INFO - Processing /opt/anaconda3/envs/airflow_env/lib/python3.9/site-packages/airflow/example_dags/example_time_delta_sensor_async.py took 1.621 seconds
[2025-01-03T10:07:27.842-0800] {processor.py:186} INFO - Started process (PID=46880) to work on /opt/anaconda3/envs/airflow_env/lib/python3.9/site-packages/airflow/example_dags/example_time_delta_sensor_async.py
[2025-01-03T10:07:27.844-0800] {processor.py:914} INFO - Processing file /opt/anaconda3/envs/airflow_env/lib/python3.9/site-packages/airflow/example_dags/example_time_delta_sensor_async.py for tasks to queue
[2025-01-03T10:07:27.845-0800] {logging_mixin.py:190} INFO - [2025-01-03T10:07:27.845-0800] {dagbag.py:588} INFO - Filling up the DagBag from /opt/anaconda3/envs/airflow_env/lib/python3.9/site-packages/airflow/example_dags/example_time_delta_sensor_async.py
[2025-01-03T10:07:27.862-0800] {processor.py:925} INFO - DAG(s) 'example_time_delta_sensor_async' retrieved from /opt/anaconda3/envs/airflow_env/lib/python3.9/site-packages/airflow/example_dags/example_time_delta_sensor_async.py
[2025-01-03T10:07:29.128-0800] {logging_mixin.py:190} INFO - [2025-01-03T10:07:29.127-0800] {dag.py:3239} INFO - Sync 1 DAGs
[2025-01-03T10:07:29.147-0800] {logging_mixin.py:190} INFO - [2025-01-03T10:07:29.147-0800] {dag.py:4180} INFO - Setting next_dagrun for example_time_delta_sensor_async to None, run_after=None
[2025-01-03T10:07:29.187-0800] {processor.py:208} INFO - Processing /opt/anaconda3/envs/airflow_env/lib/python3.9/site-packages/airflow/example_dags/example_time_delta_sensor_async.py took 1.352 seconds
[2025-01-03T10:10:52.904-0800] {processor.py:186} INFO - Started process (PID=46991) to work on /opt/anaconda3/envs/airflow_env/lib/python3.9/site-packages/airflow/example_dags/example_time_delta_sensor_async.py
[2025-01-03T10:10:52.906-0800] {processor.py:914} INFO - Processing file /opt/anaconda3/envs/airflow_env/lib/python3.9/site-packages/airflow/example_dags/example_time_delta_sensor_async.py for tasks to queue
[2025-01-03T10:10:52.907-0800] {logging_mixin.py:190} INFO - [2025-01-03T10:10:52.907-0800] {dagbag.py:588} INFO - Filling up the DagBag from /opt/anaconda3/envs/airflow_env/lib/python3.9/site-packages/airflow/example_dags/example_time_delta_sensor_async.py
[2025-01-03T10:10:52.920-0800] {processor.py:925} INFO - DAG(s) 'example_time_delta_sensor_async' retrieved from /opt/anaconda3/envs/airflow_env/lib/python3.9/site-packages/airflow/example_dags/example_time_delta_sensor_async.py
[2025-01-03T10:10:54.044-0800] {logging_mixin.py:190} INFO - [2025-01-03T10:10:54.044-0800] {dag.py:3239} INFO - Sync 1 DAGs
[2025-01-03T10:10:54.058-0800] {logging_mixin.py:190} INFO - [2025-01-03T10:10:54.057-0800] {dag.py:4180} INFO - Setting next_dagrun for example_time_delta_sensor_async to None, run_after=None
[2025-01-03T10:10:54.080-0800] {processor.py:208} INFO - Processing /opt/anaconda3/envs/airflow_env/lib/python3.9/site-packages/airflow/example_dags/example_time_delta_sensor_async.py took 1.181 seconds
[2025-01-03T10:14:15.791-0800] {processor.py:186} INFO - Started process (PID=47113) to work on /opt/anaconda3/envs/airflow_env/lib/python3.9/site-packages/airflow/example_dags/example_time_delta_sensor_async.py
[2025-01-03T10:14:15.794-0800] {processor.py:914} INFO - Processing file /opt/anaconda3/envs/airflow_env/lib/python3.9/site-packages/airflow/example_dags/example_time_delta_sensor_async.py for tasks to queue
[2025-01-03T10:14:15.795-0800] {logging_mixin.py:190} INFO - [2025-01-03T10:14:15.795-0800] {dagbag.py:588} INFO - Filling up the DagBag from /opt/anaconda3/envs/airflow_env/lib/python3.9/site-packages/airflow/example_dags/example_time_delta_sensor_async.py
[2025-01-03T10:14:15.810-0800] {processor.py:925} INFO - DAG(s) 'example_time_delta_sensor_async' retrieved from /opt/anaconda3/envs/airflow_env/lib/python3.9/site-packages/airflow/example_dags/example_time_delta_sensor_async.py
[2025-01-03T10:14:16.845-0800] {logging_mixin.py:190} INFO - [2025-01-03T10:14:16.845-0800] {dag.py:3239} INFO - Sync 1 DAGs
[2025-01-03T10:14:16.874-0800] {logging_mixin.py:190} INFO - [2025-01-03T10:14:16.874-0800] {dag.py:4180} INFO - Setting next_dagrun for example_time_delta_sensor_async to None, run_after=None
[2025-01-03T10:14:16.903-0800] {processor.py:208} INFO - Processing /opt/anaconda3/envs/airflow_env/lib/python3.9/site-packages/airflow/example_dags/example_time_delta_sensor_async.py took 1.117 seconds
[2025-01-03T10:18:15.637-0800] {processor.py:186} INFO - Started process (PID=47399) to work on /opt/anaconda3/envs/airflow_env/lib/python3.9/site-packages/airflow/example_dags/example_time_delta_sensor_async.py
[2025-01-03T10:18:15.639-0800] {processor.py:914} INFO - Processing file /opt/anaconda3/envs/airflow_env/lib/python3.9/site-packages/airflow/example_dags/example_time_delta_sensor_async.py for tasks to queue
[2025-01-03T10:18:15.641-0800] {logging_mixin.py:190} INFO - [2025-01-03T10:18:15.640-0800] {dagbag.py:588} INFO - Filling up the DagBag from /opt/anaconda3/envs/airflow_env/lib/python3.9/site-packages/airflow/example_dags/example_time_delta_sensor_async.py
[2025-01-03T10:18:15.667-0800] {processor.py:925} INFO - DAG(s) 'example_time_delta_sensor_async' retrieved from /opt/anaconda3/envs/airflow_env/lib/python3.9/site-packages/airflow/example_dags/example_time_delta_sensor_async.py
[2025-01-03T10:18:17.371-0800] {logging_mixin.py:190} INFO - [2025-01-03T10:18:17.370-0800] {dag.py:3239} INFO - Sync 1 DAGs
[2025-01-03T10:18:17.401-0800] {logging_mixin.py:190} INFO - [2025-01-03T10:18:17.400-0800] {dag.py:4180} INFO - Setting next_dagrun for example_time_delta_sensor_async to None, run_after=None
[2025-01-03T10:18:17.435-0800] {processor.py:208} INFO - Processing /opt/anaconda3/envs/airflow_env/lib/python3.9/site-packages/airflow/example_dags/example_time_delta_sensor_async.py took 1.802 seconds
[2025-01-03T10:22:14.380-0800] {processor.py:186} INFO - Started process (PID=47513) to work on /opt/anaconda3/envs/airflow_env/lib/python3.9/site-packages/airflow/example_dags/example_time_delta_sensor_async.py
[2025-01-03T10:22:14.385-0800] {processor.py:914} INFO - Processing file /opt/anaconda3/envs/airflow_env/lib/python3.9/site-packages/airflow/example_dags/example_time_delta_sensor_async.py for tasks to queue
[2025-01-03T10:22:14.387-0800] {logging_mixin.py:190} INFO - [2025-01-03T10:22:14.387-0800] {dagbag.py:588} INFO - Filling up the DagBag from /opt/anaconda3/envs/airflow_env/lib/python3.9/site-packages/airflow/example_dags/example_time_delta_sensor_async.py
[2025-01-03T10:22:14.404-0800] {processor.py:925} INFO - DAG(s) 'example_time_delta_sensor_async' retrieved from /opt/anaconda3/envs/airflow_env/lib/python3.9/site-packages/airflow/example_dags/example_time_delta_sensor_async.py
[2025-01-03T10:22:15.787-0800] {logging_mixin.py:190} INFO - [2025-01-03T10:22:15.786-0800] {dag.py:3239} INFO - Sync 1 DAGs
[2025-01-03T10:22:15.812-0800] {logging_mixin.py:190} INFO - [2025-01-03T10:22:15.811-0800] {dag.py:4180} INFO - Setting next_dagrun for example_time_delta_sensor_async to None, run_after=None
[2025-01-03T10:22:15.836-0800] {processor.py:208} INFO - Processing /opt/anaconda3/envs/airflow_env/lib/python3.9/site-packages/airflow/example_dags/example_time_delta_sensor_async.py took 1.463 seconds
[2025-01-03T10:26:25.343-0800] {processor.py:186} INFO - Started process (PID=47691) to work on /opt/anaconda3/envs/airflow_env/lib/python3.9/site-packages/airflow/example_dags/example_time_delta_sensor_async.py
[2025-01-03T10:26:25.345-0800] {processor.py:914} INFO - Processing file /opt/anaconda3/envs/airflow_env/lib/python3.9/site-packages/airflow/example_dags/example_time_delta_sensor_async.py for tasks to queue
[2025-01-03T10:26:25.348-0800] {logging_mixin.py:190} INFO - [2025-01-03T10:26:25.347-0800] {dagbag.py:588} INFO - Filling up the DagBag from /opt/anaconda3/envs/airflow_env/lib/python3.9/site-packages/airflow/example_dags/example_time_delta_sensor_async.py
[2025-01-03T10:26:25.363-0800] {processor.py:925} INFO - DAG(s) 'example_time_delta_sensor_async' retrieved from /opt/anaconda3/envs/airflow_env/lib/python3.9/site-packages/airflow/example_dags/example_time_delta_sensor_async.py
[2025-01-03T10:26:27.408-0800] {logging_mixin.py:190} INFO - [2025-01-03T10:26:27.407-0800] {dag.py:3239} INFO - Sync 1 DAGs
[2025-01-03T10:26:27.436-0800] {logging_mixin.py:190} INFO - [2025-01-03T10:26:27.435-0800] {dag.py:4180} INFO - Setting next_dagrun for example_time_delta_sensor_async to None, run_after=None
[2025-01-03T10:26:27.465-0800] {processor.py:208} INFO - Processing /opt/anaconda3/envs/airflow_env/lib/python3.9/site-packages/airflow/example_dags/example_time_delta_sensor_async.py took 2.126 seconds
[2025-01-03T10:30:43.368-0800] {processor.py:186} INFO - Started process (PID=47816) to work on /opt/anaconda3/envs/airflow_env/lib/python3.9/site-packages/airflow/example_dags/example_time_delta_sensor_async.py
[2025-01-03T10:30:43.371-0800] {processor.py:914} INFO - Processing file /opt/anaconda3/envs/airflow_env/lib/python3.9/site-packages/airflow/example_dags/example_time_delta_sensor_async.py for tasks to queue
[2025-01-03T10:30:43.372-0800] {logging_mixin.py:190} INFO - [2025-01-03T10:30:43.372-0800] {dagbag.py:588} INFO - Filling up the DagBag from /opt/anaconda3/envs/airflow_env/lib/python3.9/site-packages/airflow/example_dags/example_time_delta_sensor_async.py
[2025-01-03T10:30:43.390-0800] {processor.py:925} INFO - DAG(s) 'example_time_delta_sensor_async' retrieved from /opt/anaconda3/envs/airflow_env/lib/python3.9/site-packages/airflow/example_dags/example_time_delta_sensor_async.py
[2025-01-03T10:30:44.965-0800] {logging_mixin.py:190} INFO - [2025-01-03T10:30:44.965-0800] {dag.py:3239} INFO - Sync 1 DAGs
[2025-01-03T10:30:44.987-0800] {logging_mixin.py:190} INFO - [2025-01-03T10:30:44.986-0800] {dag.py:4180} INFO - Setting next_dagrun for example_time_delta_sensor_async to None, run_after=None
[2025-01-03T10:30:45.013-0800] {processor.py:208} INFO - Processing /opt/anaconda3/envs/airflow_env/lib/python3.9/site-packages/airflow/example_dags/example_time_delta_sensor_async.py took 1.649 seconds
[2025-01-03T10:35:07.556-0800] {processor.py:186} INFO - Started process (PID=47955) to work on /opt/anaconda3/envs/airflow_env/lib/python3.9/site-packages/airflow/example_dags/example_time_delta_sensor_async.py
[2025-01-03T10:35:07.559-0800] {processor.py:914} INFO - Processing file /opt/anaconda3/envs/airflow_env/lib/python3.9/site-packages/airflow/example_dags/example_time_delta_sensor_async.py for tasks to queue
[2025-01-03T10:35:07.561-0800] {logging_mixin.py:190} INFO - [2025-01-03T10:35:07.561-0800] {dagbag.py:588} INFO - Filling up the DagBag from /opt/anaconda3/envs/airflow_env/lib/python3.9/site-packages/airflow/example_dags/example_time_delta_sensor_async.py
[2025-01-03T10:35:07.580-0800] {processor.py:925} INFO - DAG(s) 'example_time_delta_sensor_async' retrieved from /opt/anaconda3/envs/airflow_env/lib/python3.9/site-packages/airflow/example_dags/example_time_delta_sensor_async.py
[2025-01-03T10:35:09.329-0800] {logging_mixin.py:190} INFO - [2025-01-03T10:35:09.328-0800] {dag.py:3239} INFO - Sync 1 DAGs
[2025-01-03T10:35:09.342-0800] {logging_mixin.py:190} INFO - [2025-01-03T10:35:09.341-0800] {dag.py:4180} INFO - Setting next_dagrun for example_time_delta_sensor_async to None, run_after=None
[2025-01-03T10:35:09.368-0800] {processor.py:208} INFO - Processing /opt/anaconda3/envs/airflow_env/lib/python3.9/site-packages/airflow/example_dags/example_time_delta_sensor_async.py took 1.826 seconds
[2025-01-03T10:39:20.351-0800] {processor.py:186} INFO - Started process (PID=48074) to work on /opt/anaconda3/envs/airflow_env/lib/python3.9/site-packages/airflow/example_dags/example_time_delta_sensor_async.py
[2025-01-03T10:39:20.354-0800] {processor.py:914} INFO - Processing file /opt/anaconda3/envs/airflow_env/lib/python3.9/site-packages/airflow/example_dags/example_time_delta_sensor_async.py for tasks to queue
[2025-01-03T10:39:20.356-0800] {logging_mixin.py:190} INFO - [2025-01-03T10:39:20.355-0800] {dagbag.py:588} INFO - Filling up the DagBag from /opt/anaconda3/envs/airflow_env/lib/python3.9/site-packages/airflow/example_dags/example_time_delta_sensor_async.py
[2025-01-03T10:39:20.373-0800] {processor.py:925} INFO - DAG(s) 'example_time_delta_sensor_async' retrieved from /opt/anaconda3/envs/airflow_env/lib/python3.9/site-packages/airflow/example_dags/example_time_delta_sensor_async.py
[2025-01-03T10:39:22.278-0800] {logging_mixin.py:190} INFO - [2025-01-03T10:39:22.278-0800] {dag.py:3239} INFO - Sync 1 DAGs
[2025-01-03T10:39:22.292-0800] {logging_mixin.py:190} INFO - [2025-01-03T10:39:22.292-0800] {dag.py:4180} INFO - Setting next_dagrun for example_time_delta_sensor_async to None, run_after=None
[2025-01-03T10:39:22.316-0800] {processor.py:208} INFO - Processing /opt/anaconda3/envs/airflow_env/lib/python3.9/site-packages/airflow/example_dags/example_time_delta_sensor_async.py took 1.970 seconds
[2025-01-03T10:43:27.847-0800] {processor.py:186} INFO - Started process (PID=48202) to work on /opt/anaconda3/envs/airflow_env/lib/python3.9/site-packages/airflow/example_dags/example_time_delta_sensor_async.py
[2025-01-03T10:43:27.850-0800] {processor.py:914} INFO - Processing file /opt/anaconda3/envs/airflow_env/lib/python3.9/site-packages/airflow/example_dags/example_time_delta_sensor_async.py for tasks to queue
[2025-01-03T10:43:27.851-0800] {logging_mixin.py:190} INFO - [2025-01-03T10:43:27.851-0800] {dagbag.py:588} INFO - Filling up the DagBag from /opt/anaconda3/envs/airflow_env/lib/python3.9/site-packages/airflow/example_dags/example_time_delta_sensor_async.py
[2025-01-03T10:43:27.865-0800] {processor.py:925} INFO - DAG(s) 'example_time_delta_sensor_async' retrieved from /opt/anaconda3/envs/airflow_env/lib/python3.9/site-packages/airflow/example_dags/example_time_delta_sensor_async.py
[2025-01-03T10:43:29.270-0800] {logging_mixin.py:190} INFO - [2025-01-03T10:43:29.270-0800] {dag.py:3239} INFO - Sync 1 DAGs
[2025-01-03T10:43:29.292-0800] {logging_mixin.py:190} INFO - [2025-01-03T10:43:29.291-0800] {dag.py:4180} INFO - Setting next_dagrun for example_time_delta_sensor_async to None, run_after=None
[2025-01-03T10:43:29.324-0800] {processor.py:208} INFO - Processing /opt/anaconda3/envs/airflow_env/lib/python3.9/site-packages/airflow/example_dags/example_time_delta_sensor_async.py took 1.484 seconds
[2025-01-03T10:47:26.049-0800] {processor.py:186} INFO - Started process (PID=48341) to work on /opt/anaconda3/envs/airflow_env/lib/python3.9/site-packages/airflow/example_dags/example_time_delta_sensor_async.py
[2025-01-03T10:47:26.051-0800] {processor.py:914} INFO - Processing file /opt/anaconda3/envs/airflow_env/lib/python3.9/site-packages/airflow/example_dags/example_time_delta_sensor_async.py for tasks to queue
[2025-01-03T10:47:26.052-0800] {logging_mixin.py:190} INFO - [2025-01-03T10:47:26.052-0800] {dagbag.py:588} INFO - Filling up the DagBag from /opt/anaconda3/envs/airflow_env/lib/python3.9/site-packages/airflow/example_dags/example_time_delta_sensor_async.py
[2025-01-03T10:47:26.069-0800] {processor.py:925} INFO - DAG(s) 'example_time_delta_sensor_async' retrieved from /opt/anaconda3/envs/airflow_env/lib/python3.9/site-packages/airflow/example_dags/example_time_delta_sensor_async.py
[2025-01-03T10:47:27.704-0800] {logging_mixin.py:190} INFO - [2025-01-03T10:47:27.704-0800] {dag.py:3239} INFO - Sync 1 DAGs
[2025-01-03T10:47:27.718-0800] {logging_mixin.py:190} INFO - [2025-01-03T10:47:27.717-0800] {dag.py:4180} INFO - Setting next_dagrun for example_time_delta_sensor_async to None, run_after=None
[2025-01-03T10:47:27.744-0800] {processor.py:208} INFO - Processing /opt/anaconda3/envs/airflow_env/lib/python3.9/site-packages/airflow/example_dags/example_time_delta_sensor_async.py took 1.700 seconds
[2025-01-03T10:51:28.812-0800] {processor.py:186} INFO - Started process (PID=48536) to work on /opt/anaconda3/envs/airflow_env/lib/python3.9/site-packages/airflow/example_dags/example_time_delta_sensor_async.py
[2025-01-03T10:51:28.815-0800] {processor.py:914} INFO - Processing file /opt/anaconda3/envs/airflow_env/lib/python3.9/site-packages/airflow/example_dags/example_time_delta_sensor_async.py for tasks to queue
[2025-01-03T10:51:28.818-0800] {logging_mixin.py:190} INFO - [2025-01-03T10:51:28.818-0800] {dagbag.py:588} INFO - Filling up the DagBag from /opt/anaconda3/envs/airflow_env/lib/python3.9/site-packages/airflow/example_dags/example_time_delta_sensor_async.py
[2025-01-03T10:51:28.838-0800] {processor.py:925} INFO - DAG(s) 'example_time_delta_sensor_async' retrieved from /opt/anaconda3/envs/airflow_env/lib/python3.9/site-packages/airflow/example_dags/example_time_delta_sensor_async.py
[2025-01-03T10:51:30.469-0800] {logging_mixin.py:190} INFO - [2025-01-03T10:51:30.469-0800] {dag.py:3239} INFO - Sync 1 DAGs
[2025-01-03T10:51:30.483-0800] {logging_mixin.py:190} INFO - [2025-01-03T10:51:30.482-0800] {dag.py:4180} INFO - Setting next_dagrun for example_time_delta_sensor_async to None, run_after=None
[2025-01-03T10:51:30.514-0800] {processor.py:208} INFO - Processing /opt/anaconda3/envs/airflow_env/lib/python3.9/site-packages/airflow/example_dags/example_time_delta_sensor_async.py took 1.709 seconds
[2025-01-03T10:55:53.306-0800] {processor.py:186} INFO - Started process (PID=48700) to work on /opt/anaconda3/envs/airflow_env/lib/python3.9/site-packages/airflow/example_dags/example_time_delta_sensor_async.py
[2025-01-03T10:55:53.309-0800] {processor.py:914} INFO - Processing file /opt/anaconda3/envs/airflow_env/lib/python3.9/site-packages/airflow/example_dags/example_time_delta_sensor_async.py for tasks to queue
[2025-01-03T10:55:53.310-0800] {logging_mixin.py:190} INFO - [2025-01-03T10:55:53.310-0800] {dagbag.py:588} INFO - Filling up the DagBag from /opt/anaconda3/envs/airflow_env/lib/python3.9/site-packages/airflow/example_dags/example_time_delta_sensor_async.py
[2025-01-03T10:55:53.328-0800] {processor.py:925} INFO - DAG(s) 'example_time_delta_sensor_async' retrieved from /opt/anaconda3/envs/airflow_env/lib/python3.9/site-packages/airflow/example_dags/example_time_delta_sensor_async.py
[2025-01-03T10:55:54.949-0800] {logging_mixin.py:190} INFO - [2025-01-03T10:55:54.921-0800] {dag.py:3239} INFO - Sync 1 DAGs
[2025-01-03T10:55:54.969-0800] {logging_mixin.py:190} INFO - [2025-01-03T10:55:54.968-0800] {dag.py:4180} INFO - Setting next_dagrun for example_time_delta_sensor_async to None, run_after=None
[2025-01-03T10:55:55.019-0800] {processor.py:208} INFO - Processing /opt/anaconda3/envs/airflow_env/lib/python3.9/site-packages/airflow/example_dags/example_time_delta_sensor_async.py took 1.718 seconds
[2025-01-03T10:59:59.197-0800] {processor.py:186} INFO - Started process (PID=48881) to work on /opt/anaconda3/envs/airflow_env/lib/python3.9/site-packages/airflow/example_dags/example_time_delta_sensor_async.py
[2025-01-03T10:59:59.200-0800] {processor.py:914} INFO - Processing file /opt/anaconda3/envs/airflow_env/lib/python3.9/site-packages/airflow/example_dags/example_time_delta_sensor_async.py for tasks to queue
[2025-01-03T10:59:59.202-0800] {logging_mixin.py:190} INFO - [2025-01-03T10:59:59.202-0800] {dagbag.py:588} INFO - Filling up the DagBag from /opt/anaconda3/envs/airflow_env/lib/python3.9/site-packages/airflow/example_dags/example_time_delta_sensor_async.py
[2025-01-03T10:59:59.237-0800] {processor.py:925} INFO - DAG(s) 'example_time_delta_sensor_async' retrieved from /opt/anaconda3/envs/airflow_env/lib/python3.9/site-packages/airflow/example_dags/example_time_delta_sensor_async.py
[2025-01-03T11:00:01.580-0800] {logging_mixin.py:190} INFO - [2025-01-03T11:00:01.577-0800] {dag.py:3239} INFO - Sync 1 DAGs
[2025-01-03T11:00:01.615-0800] {logging_mixin.py:190} INFO - [2025-01-03T11:00:01.615-0800] {dag.py:4180} INFO - Setting next_dagrun for example_time_delta_sensor_async to None, run_after=None
[2025-01-03T11:00:01.656-0800] {processor.py:208} INFO - Processing /opt/anaconda3/envs/airflow_env/lib/python3.9/site-packages/airflow/example_dags/example_time_delta_sensor_async.py took 2.465 seconds
[2025-01-03T11:04:48.391-0800] {processor.py:186} INFO - Started process (PID=49069) to work on /opt/anaconda3/envs/airflow_env/lib/python3.9/site-packages/airflow/example_dags/example_time_delta_sensor_async.py
[2025-01-03T11:04:48.396-0800] {processor.py:914} INFO - Processing file /opt/anaconda3/envs/airflow_env/lib/python3.9/site-packages/airflow/example_dags/example_time_delta_sensor_async.py for tasks to queue
[2025-01-03T11:04:48.407-0800] {logging_mixin.py:190} INFO - [2025-01-03T11:04:48.399-0800] {dagbag.py:588} INFO - Filling up the DagBag from /opt/anaconda3/envs/airflow_env/lib/python3.9/site-packages/airflow/example_dags/example_time_delta_sensor_async.py
[2025-01-03T11:04:48.440-0800] {processor.py:925} INFO - DAG(s) 'example_time_delta_sensor_async' retrieved from /opt/anaconda3/envs/airflow_env/lib/python3.9/site-packages/airflow/example_dags/example_time_delta_sensor_async.py
[2025-01-03T11:04:50.419-0800] {logging_mixin.py:190} INFO - [2025-01-03T11:04:50.418-0800] {dag.py:3239} INFO - Sync 1 DAGs
[2025-01-03T11:04:50.433-0800] {logging_mixin.py:190} INFO - [2025-01-03T11:04:50.433-0800] {dag.py:4180} INFO - Setting next_dagrun for example_time_delta_sensor_async to None, run_after=None
[2025-01-03T11:04:50.464-0800] {processor.py:208} INFO - Processing /opt/anaconda3/envs/airflow_env/lib/python3.9/site-packages/airflow/example_dags/example_time_delta_sensor_async.py took 2.083 seconds
[2025-01-03T11:09:05.268-0800] {processor.py:186} INFO - Started process (PID=49187) to work on /opt/anaconda3/envs/airflow_env/lib/python3.9/site-packages/airflow/example_dags/example_time_delta_sensor_async.py
[2025-01-03T11:09:05.271-0800] {processor.py:914} INFO - Processing file /opt/anaconda3/envs/airflow_env/lib/python3.9/site-packages/airflow/example_dags/example_time_delta_sensor_async.py for tasks to queue
[2025-01-03T11:09:05.273-0800] {logging_mixin.py:190} INFO - [2025-01-03T11:09:05.272-0800] {dagbag.py:588} INFO - Filling up the DagBag from /opt/anaconda3/envs/airflow_env/lib/python3.9/site-packages/airflow/example_dags/example_time_delta_sensor_async.py
[2025-01-03T11:09:05.288-0800] {processor.py:925} INFO - DAG(s) 'example_time_delta_sensor_async' retrieved from /opt/anaconda3/envs/airflow_env/lib/python3.9/site-packages/airflow/example_dags/example_time_delta_sensor_async.py
[2025-01-03T11:09:06.628-0800] {logging_mixin.py:190} INFO - [2025-01-03T11:09:06.628-0800] {dag.py:3239} INFO - Sync 1 DAGs
[2025-01-03T11:09:06.643-0800] {logging_mixin.py:190} INFO - [2025-01-03T11:09:06.643-0800] {dag.py:4180} INFO - Setting next_dagrun for example_time_delta_sensor_async to None, run_after=None
[2025-01-03T11:09:06.670-0800] {processor.py:208} INFO - Processing /opt/anaconda3/envs/airflow_env/lib/python3.9/site-packages/airflow/example_dags/example_time_delta_sensor_async.py took 1.407 seconds
[2025-01-03T11:13:34.412-0800] {processor.py:186} INFO - Started process (PID=49514) to work on /opt/anaconda3/envs/airflow_env/lib/python3.9/site-packages/airflow/example_dags/example_time_delta_sensor_async.py
[2025-01-03T11:13:34.415-0800] {processor.py:914} INFO - Processing file /opt/anaconda3/envs/airflow_env/lib/python3.9/site-packages/airflow/example_dags/example_time_delta_sensor_async.py for tasks to queue
[2025-01-03T11:13:34.418-0800] {logging_mixin.py:190} INFO - [2025-01-03T11:13:34.417-0800] {dagbag.py:588} INFO - Filling up the DagBag from /opt/anaconda3/envs/airflow_env/lib/python3.9/site-packages/airflow/example_dags/example_time_delta_sensor_async.py
[2025-01-03T11:13:34.442-0800] {processor.py:925} INFO - DAG(s) 'example_time_delta_sensor_async' retrieved from /opt/anaconda3/envs/airflow_env/lib/python3.9/site-packages/airflow/example_dags/example_time_delta_sensor_async.py
[2025-01-03T11:13:36.291-0800] {logging_mixin.py:190} INFO - [2025-01-03T11:13:36.291-0800] {dag.py:3239} INFO - Sync 1 DAGs
[2025-01-03T11:13:36.304-0800] {logging_mixin.py:190} INFO - [2025-01-03T11:13:36.303-0800] {dag.py:4180} INFO - Setting next_dagrun for example_time_delta_sensor_async to None, run_after=None
[2025-01-03T11:13:36.327-0800] {processor.py:208} INFO - Processing /opt/anaconda3/envs/airflow_env/lib/python3.9/site-packages/airflow/example_dags/example_time_delta_sensor_async.py took 1.918 seconds
[2025-01-03T11:18:06.013-0800] {processor.py:186} INFO - Started process (PID=49754) to work on /opt/anaconda3/envs/airflow_env/lib/python3.9/site-packages/airflow/example_dags/example_time_delta_sensor_async.py
[2025-01-03T11:18:06.015-0800] {processor.py:914} INFO - Processing file /opt/anaconda3/envs/airflow_env/lib/python3.9/site-packages/airflow/example_dags/example_time_delta_sensor_async.py for tasks to queue
[2025-01-03T11:18:06.017-0800] {logging_mixin.py:190} INFO - [2025-01-03T11:18:06.017-0800] {dagbag.py:588} INFO - Filling up the DagBag from /opt/anaconda3/envs/airflow_env/lib/python3.9/site-packages/airflow/example_dags/example_time_delta_sensor_async.py
[2025-01-03T11:18:06.030-0800] {processor.py:925} INFO - DAG(s) 'example_time_delta_sensor_async' retrieved from /opt/anaconda3/envs/airflow_env/lib/python3.9/site-packages/airflow/example_dags/example_time_delta_sensor_async.py
[2025-01-03T11:18:07.709-0800] {logging_mixin.py:190} INFO - [2025-01-03T11:18:07.709-0800] {dag.py:3239} INFO - Sync 1 DAGs
[2025-01-03T11:18:07.757-0800] {logging_mixin.py:190} INFO - [2025-01-03T11:18:07.756-0800] {dag.py:4180} INFO - Setting next_dagrun for example_time_delta_sensor_async to None, run_after=None
[2025-01-03T11:18:07.812-0800] {processor.py:208} INFO - Processing /opt/anaconda3/envs/airflow_env/lib/python3.9/site-packages/airflow/example_dags/example_time_delta_sensor_async.py took 1.804 seconds
[2025-01-03T11:22:34.129-0800] {processor.py:186} INFO - Started process (PID=49909) to work on /opt/anaconda3/envs/airflow_env/lib/python3.9/site-packages/airflow/example_dags/example_time_delta_sensor_async.py
[2025-01-03T11:22:34.131-0800] {processor.py:914} INFO - Processing file /opt/anaconda3/envs/airflow_env/lib/python3.9/site-packages/airflow/example_dags/example_time_delta_sensor_async.py for tasks to queue
[2025-01-03T11:22:34.133-0800] {logging_mixin.py:190} INFO - [2025-01-03T11:22:34.132-0800] {dagbag.py:588} INFO - Filling up the DagBag from /opt/anaconda3/envs/airflow_env/lib/python3.9/site-packages/airflow/example_dags/example_time_delta_sensor_async.py
[2025-01-03T11:22:34.151-0800] {processor.py:925} INFO - DAG(s) 'example_time_delta_sensor_async' retrieved from /opt/anaconda3/envs/airflow_env/lib/python3.9/site-packages/airflow/example_dags/example_time_delta_sensor_async.py
[2025-01-03T11:22:35.731-0800] {logging_mixin.py:190} INFO - [2025-01-03T11:22:35.731-0800] {dag.py:3239} INFO - Sync 1 DAGs
[2025-01-03T11:22:35.744-0800] {logging_mixin.py:190} INFO - [2025-01-03T11:22:35.744-0800] {dag.py:4180} INFO - Setting next_dagrun for example_time_delta_sensor_async to None, run_after=None
[2025-01-03T11:22:35.766-0800] {processor.py:208} INFO - Processing /opt/anaconda3/envs/airflow_env/lib/python3.9/site-packages/airflow/example_dags/example_time_delta_sensor_async.py took 1.642 seconds
[2025-01-03T11:27:06.409-0800] {processor.py:186} INFO - Started process (PID=50030) to work on /opt/anaconda3/envs/airflow_env/lib/python3.9/site-packages/airflow/example_dags/example_time_delta_sensor_async.py
[2025-01-03T11:27:06.412-0800] {processor.py:914} INFO - Processing file /opt/anaconda3/envs/airflow_env/lib/python3.9/site-packages/airflow/example_dags/example_time_delta_sensor_async.py for tasks to queue
[2025-01-03T11:27:06.413-0800] {logging_mixin.py:190} INFO - [2025-01-03T11:27:06.413-0800] {dagbag.py:588} INFO - Filling up the DagBag from /opt/anaconda3/envs/airflow_env/lib/python3.9/site-packages/airflow/example_dags/example_time_delta_sensor_async.py
[2025-01-03T11:27:06.427-0800] {processor.py:925} INFO - DAG(s) 'example_time_delta_sensor_async' retrieved from /opt/anaconda3/envs/airflow_env/lib/python3.9/site-packages/airflow/example_dags/example_time_delta_sensor_async.py
[2025-01-03T11:27:07.896-0800] {logging_mixin.py:190} INFO - [2025-01-03T11:27:07.895-0800] {dag.py:3239} INFO - Sync 1 DAGs
[2025-01-03T11:27:07.926-0800] {logging_mixin.py:190} INFO - [2025-01-03T11:27:07.926-0800] {dag.py:4180} INFO - Setting next_dagrun for example_time_delta_sensor_async to None, run_after=None
[2025-01-03T11:27:08.029-0800] {processor.py:208} INFO - Processing /opt/anaconda3/envs/airflow_env/lib/python3.9/site-packages/airflow/example_dags/example_time_delta_sensor_async.py took 1.624 seconds
[2025-01-03T11:31:44.059-0800] {processor.py:186} INFO - Started process (PID=50267) to work on /opt/anaconda3/envs/airflow_env/lib/python3.9/site-packages/airflow/example_dags/example_time_delta_sensor_async.py
[2025-01-03T11:31:44.063-0800] {processor.py:914} INFO - Processing file /opt/anaconda3/envs/airflow_env/lib/python3.9/site-packages/airflow/example_dags/example_time_delta_sensor_async.py for tasks to queue
[2025-01-03T11:31:44.064-0800] {logging_mixin.py:190} INFO - [2025-01-03T11:31:44.064-0800] {dagbag.py:588} INFO - Filling up the DagBag from /opt/anaconda3/envs/airflow_env/lib/python3.9/site-packages/airflow/example_dags/example_time_delta_sensor_async.py
[2025-01-03T11:31:44.083-0800] {processor.py:925} INFO - DAG(s) 'example_time_delta_sensor_async' retrieved from /opt/anaconda3/envs/airflow_env/lib/python3.9/site-packages/airflow/example_dags/example_time_delta_sensor_async.py
[2025-01-03T11:31:45.817-0800] {logging_mixin.py:190} INFO - [2025-01-03T11:31:45.816-0800] {dag.py:3239} INFO - Sync 1 DAGs
[2025-01-03T11:31:45.841-0800] {logging_mixin.py:190} INFO - [2025-01-03T11:31:45.841-0800] {dag.py:4180} INFO - Setting next_dagrun for example_time_delta_sensor_async to None, run_after=None
[2025-01-03T11:31:45.880-0800] {processor.py:208} INFO - Processing /opt/anaconda3/envs/airflow_env/lib/python3.9/site-packages/airflow/example_dags/example_time_delta_sensor_async.py took 1.826 seconds
[2025-01-03T11:36:39.988-0800] {processor.py:186} INFO - Started process (PID=50466) to work on /opt/anaconda3/envs/airflow_env/lib/python3.9/site-packages/airflow/example_dags/example_time_delta_sensor_async.py
[2025-01-03T11:36:39.992-0800] {processor.py:914} INFO - Processing file /opt/anaconda3/envs/airflow_env/lib/python3.9/site-packages/airflow/example_dags/example_time_delta_sensor_async.py for tasks to queue
[2025-01-03T11:36:39.993-0800] {logging_mixin.py:190} INFO - [2025-01-03T11:36:39.993-0800] {dagbag.py:588} INFO - Filling up the DagBag from /opt/anaconda3/envs/airflow_env/lib/python3.9/site-packages/airflow/example_dags/example_time_delta_sensor_async.py
[2025-01-03T11:36:40.010-0800] {processor.py:925} INFO - DAG(s) 'example_time_delta_sensor_async' retrieved from /opt/anaconda3/envs/airflow_env/lib/python3.9/site-packages/airflow/example_dags/example_time_delta_sensor_async.py
[2025-01-03T11:36:41.517-0800] {logging_mixin.py:190} INFO - [2025-01-03T11:36:41.517-0800] {dag.py:3239} INFO - Sync 1 DAGs
[2025-01-03T11:36:41.536-0800] {logging_mixin.py:190} INFO - [2025-01-03T11:36:41.536-0800] {dag.py:4180} INFO - Setting next_dagrun for example_time_delta_sensor_async to None, run_after=None
[2025-01-03T11:36:41.576-0800] {processor.py:208} INFO - Processing /opt/anaconda3/envs/airflow_env/lib/python3.9/site-packages/airflow/example_dags/example_time_delta_sensor_async.py took 1.593 seconds
[2025-01-03T11:41:19.315-0800] {processor.py:186} INFO - Started process (PID=50651) to work on /opt/anaconda3/envs/airflow_env/lib/python3.9/site-packages/airflow/example_dags/example_time_delta_sensor_async.py
[2025-01-03T11:41:19.322-0800] {processor.py:914} INFO - Processing file /opt/anaconda3/envs/airflow_env/lib/python3.9/site-packages/airflow/example_dags/example_time_delta_sensor_async.py for tasks to queue
[2025-01-03T11:41:19.324-0800] {logging_mixin.py:190} INFO - [2025-01-03T11:41:19.323-0800] {dagbag.py:588} INFO - Filling up the DagBag from /opt/anaconda3/envs/airflow_env/lib/python3.9/site-packages/airflow/example_dags/example_time_delta_sensor_async.py
[2025-01-03T11:41:19.343-0800] {processor.py:925} INFO - DAG(s) 'example_time_delta_sensor_async' retrieved from /opt/anaconda3/envs/airflow_env/lib/python3.9/site-packages/airflow/example_dags/example_time_delta_sensor_async.py
[2025-01-03T11:41:21.653-0800] {logging_mixin.py:190} INFO - [2025-01-03T11:41:21.652-0800] {dag.py:3239} INFO - Sync 1 DAGs
[2025-01-03T11:41:21.671-0800] {logging_mixin.py:190} INFO - [2025-01-03T11:41:21.670-0800] {dag.py:4180} INFO - Setting next_dagrun for example_time_delta_sensor_async to None, run_after=None
[2025-01-03T11:41:21.701-0800] {processor.py:208} INFO - Processing /opt/anaconda3/envs/airflow_env/lib/python3.9/site-packages/airflow/example_dags/example_time_delta_sensor_async.py took 2.390 seconds
[2025-01-03T11:45:59.939-0800] {processor.py:186} INFO - Started process (PID=50825) to work on /opt/anaconda3/envs/airflow_env/lib/python3.9/site-packages/airflow/example_dags/example_time_delta_sensor_async.py
[2025-01-03T11:45:59.941-0800] {processor.py:914} INFO - Processing file /opt/anaconda3/envs/airflow_env/lib/python3.9/site-packages/airflow/example_dags/example_time_delta_sensor_async.py for tasks to queue
[2025-01-03T11:45:59.943-0800] {logging_mixin.py:190} INFO - [2025-01-03T11:45:59.942-0800] {dagbag.py:588} INFO - Filling up the DagBag from /opt/anaconda3/envs/airflow_env/lib/python3.9/site-packages/airflow/example_dags/example_time_delta_sensor_async.py
[2025-01-03T11:45:59.957-0800] {processor.py:925} INFO - DAG(s) 'example_time_delta_sensor_async' retrieved from /opt/anaconda3/envs/airflow_env/lib/python3.9/site-packages/airflow/example_dags/example_time_delta_sensor_async.py
[2025-01-03T11:46:01.803-0800] {logging_mixin.py:190} INFO - [2025-01-03T11:46:01.802-0800] {dag.py:3239} INFO - Sync 1 DAGs
[2025-01-03T11:46:01.836-0800] {logging_mixin.py:190} INFO - [2025-01-03T11:46:01.835-0800] {dag.py:4180} INFO - Setting next_dagrun for example_time_delta_sensor_async to None, run_after=None
[2025-01-03T11:46:01.911-0800] {processor.py:208} INFO - Processing /opt/anaconda3/envs/airflow_env/lib/python3.9/site-packages/airflow/example_dags/example_time_delta_sensor_async.py took 1.978 seconds
[2025-01-03T11:50:24.283-0800] {processor.py:186} INFO - Started process (PID=51032) to work on /opt/anaconda3/envs/airflow_env/lib/python3.9/site-packages/airflow/example_dags/example_time_delta_sensor_async.py
[2025-01-03T11:50:24.286-0800] {processor.py:914} INFO - Processing file /opt/anaconda3/envs/airflow_env/lib/python3.9/site-packages/airflow/example_dags/example_time_delta_sensor_async.py for tasks to queue
[2025-01-03T11:50:24.287-0800] {logging_mixin.py:190} INFO - [2025-01-03T11:50:24.287-0800] {dagbag.py:588} INFO - Filling up the DagBag from /opt/anaconda3/envs/airflow_env/lib/python3.9/site-packages/airflow/example_dags/example_time_delta_sensor_async.py
[2025-01-03T11:50:24.301-0800] {processor.py:925} INFO - DAG(s) 'example_time_delta_sensor_async' retrieved from /opt/anaconda3/envs/airflow_env/lib/python3.9/site-packages/airflow/example_dags/example_time_delta_sensor_async.py
[2025-01-03T11:50:25.856-0800] {logging_mixin.py:190} INFO - [2025-01-03T11:50:25.856-0800] {dag.py:3239} INFO - Sync 1 DAGs
[2025-01-03T11:50:25.872-0800] {logging_mixin.py:190} INFO - [2025-01-03T11:50:25.872-0800] {dag.py:4180} INFO - Setting next_dagrun for example_time_delta_sensor_async to None, run_after=None
[2025-01-03T11:50:25.899-0800] {processor.py:208} INFO - Processing /opt/anaconda3/envs/airflow_env/lib/python3.9/site-packages/airflow/example_dags/example_time_delta_sensor_async.py took 1.621 seconds
