[2025-01-03T09:48:45.479-0800] {processor.py:186} INFO - Started process (PID=46207) to work on /opt/anaconda3/envs/airflow_env/lib/python3.9/site-packages/airflow/example_dags/example_workday_timetable.py
[2025-01-03T09:48:45.480-0800] {processor.py:914} INFO - Processing file /opt/anaconda3/envs/airflow_env/lib/python3.9/site-packages/airflow/example_dags/example_workday_timetable.py for tasks to queue
[2025-01-03T09:48:45.482-0800] {logging_mixin.py:190} INFO - [2025-01-03T09:48:45.481-0800] {dagbag.py:588} INFO - Filling up the DagBag from /opt/anaconda3/envs/airflow_env/lib/python3.9/site-packages/airflow/example_dags/example_workday_timetable.py
[2025-01-03T09:48:46.132-0800] {processor.py:925} INFO - DAG(s) 'example_workday_timetable' retrieved from /opt/anaconda3/envs/airflow_env/lib/python3.9/site-packages/airflow/example_dags/example_workday_timetable.py
[2025-01-03T09:48:46.369-0800] {logging_mixin.py:190} INFO - [2025-01-03T09:48:46.368-0800] {dag.py:3239} INFO - Sync 1 DAGs
[2025-01-03T09:48:46.487-0800] {logging_mixin.py:190} INFO - [2025-01-03T09:48:46.486-0800] {dag.py:4180} INFO - Setting next_dagrun for example_workday_timetable to 2021-01-04 00:00:00+00:00, run_after=2021-01-05 00:00:00+00:00
[2025-01-03T09:48:46.510-0800] {processor.py:208} INFO - Processing /opt/anaconda3/envs/airflow_env/lib/python3.9/site-packages/airflow/example_dags/example_workday_timetable.py took 1.035 seconds
[2025-01-03T09:52:16.547-0800] {processor.py:186} INFO - Started process (PID=46372) to work on /opt/anaconda3/envs/airflow_env/lib/python3.9/site-packages/airflow/example_dags/example_workday_timetable.py
[2025-01-03T09:52:16.550-0800] {processor.py:914} INFO - Processing file /opt/anaconda3/envs/airflow_env/lib/python3.9/site-packages/airflow/example_dags/example_workday_timetable.py for tasks to queue
[2025-01-03T09:52:16.551-0800] {logging_mixin.py:190} INFO - [2025-01-03T09:52:16.551-0800] {dagbag.py:588} INFO - Filling up the DagBag from /opt/anaconda3/envs/airflow_env/lib/python3.9/site-packages/airflow/example_dags/example_workday_timetable.py
[2025-01-03T09:52:17.474-0800] {processor.py:925} INFO - DAG(s) 'example_workday_timetable' retrieved from /opt/anaconda3/envs/airflow_env/lib/python3.9/site-packages/airflow/example_dags/example_workday_timetable.py
[2025-01-03T09:52:17.693-0800] {logging_mixin.py:190} INFO - [2025-01-03T09:52:17.692-0800] {dag.py:3239} INFO - Sync 1 DAGs
[2025-01-03T09:52:17.766-0800] {logging_mixin.py:190} INFO - [2025-01-03T09:52:17.766-0800] {dag.py:4180} INFO - Setting next_dagrun for example_workday_timetable to 2021-01-04 00:00:00+00:00, run_after=2021-01-05 00:00:00+00:00
[2025-01-03T09:52:17.789-0800] {processor.py:208} INFO - Processing /opt/anaconda3/envs/airflow_env/lib/python3.9/site-packages/airflow/example_dags/example_workday_timetable.py took 1.245 seconds
[2025-01-03T09:55:44.944-0800] {processor.py:186} INFO - Started process (PID=46496) to work on /opt/anaconda3/envs/airflow_env/lib/python3.9/site-packages/airflow/example_dags/example_workday_timetable.py
[2025-01-03T09:55:44.947-0800] {processor.py:914} INFO - Processing file /opt/anaconda3/envs/airflow_env/lib/python3.9/site-packages/airflow/example_dags/example_workday_timetable.py for tasks to queue
[2025-01-03T09:55:44.954-0800] {logging_mixin.py:190} INFO - [2025-01-03T09:55:44.952-0800] {dagbag.py:588} INFO - Filling up the DagBag from /opt/anaconda3/envs/airflow_env/lib/python3.9/site-packages/airflow/example_dags/example_workday_timetable.py
[2025-01-03T09:55:46.586-0800] {processor.py:925} INFO - DAG(s) 'example_workday_timetable' retrieved from /opt/anaconda3/envs/airflow_env/lib/python3.9/site-packages/airflow/example_dags/example_workday_timetable.py
[2025-01-03T09:55:46.878-0800] {logging_mixin.py:190} INFO - [2025-01-03T09:55:46.877-0800] {dag.py:3239} INFO - Sync 1 DAGs
[2025-01-03T09:55:46.952-0800] {logging_mixin.py:190} INFO - [2025-01-03T09:55:46.952-0800] {dag.py:4180} INFO - Setting next_dagrun for example_workday_timetable to 2021-01-04 00:00:00+00:00, run_after=2021-01-05 00:00:00+00:00
[2025-01-03T09:55:46.980-0800] {processor.py:208} INFO - Processing /opt/anaconda3/envs/airflow_env/lib/python3.9/site-packages/airflow/example_dags/example_workday_timetable.py took 2.044 seconds
[2025-01-03T09:59:32.234-0800] {processor.py:186} INFO - Started process (PID=46608) to work on /opt/anaconda3/envs/airflow_env/lib/python3.9/site-packages/airflow/example_dags/example_workday_timetable.py
[2025-01-03T09:59:32.236-0800] {processor.py:914} INFO - Processing file /opt/anaconda3/envs/airflow_env/lib/python3.9/site-packages/airflow/example_dags/example_workday_timetable.py for tasks to queue
[2025-01-03T09:59:32.238-0800] {logging_mixin.py:190} INFO - [2025-01-03T09:59:32.238-0800] {dagbag.py:588} INFO - Filling up the DagBag from /opt/anaconda3/envs/airflow_env/lib/python3.9/site-packages/airflow/example_dags/example_workday_timetable.py
[2025-01-03T09:59:33.560-0800] {processor.py:925} INFO - DAG(s) 'example_workday_timetable' retrieved from /opt/anaconda3/envs/airflow_env/lib/python3.9/site-packages/airflow/example_dags/example_workday_timetable.py
[2025-01-03T09:59:33.851-0800] {logging_mixin.py:190} INFO - [2025-01-03T09:59:33.850-0800] {dag.py:3239} INFO - Sync 1 DAGs
[2025-01-03T09:59:33.929-0800] {logging_mixin.py:190} INFO - [2025-01-03T09:59:33.928-0800] {dag.py:4180} INFO - Setting next_dagrun for example_workday_timetable to 2021-01-04 00:00:00+00:00, run_after=2021-01-05 00:00:00+00:00
[2025-01-03T09:59:33.952-0800] {processor.py:208} INFO - Processing /opt/anaconda3/envs/airflow_env/lib/python3.9/site-packages/airflow/example_dags/example_workday_timetable.py took 1.723 seconds
[2025-01-03T10:03:36.145-0800] {processor.py:186} INFO - Started process (PID=46756) to work on /opt/anaconda3/envs/airflow_env/lib/python3.9/site-packages/airflow/example_dags/example_workday_timetable.py
[2025-01-03T10:03:36.149-0800] {processor.py:914} INFO - Processing file /opt/anaconda3/envs/airflow_env/lib/python3.9/site-packages/airflow/example_dags/example_workday_timetable.py for tasks to queue
[2025-01-03T10:03:36.150-0800] {logging_mixin.py:190} INFO - [2025-01-03T10:03:36.150-0800] {dagbag.py:588} INFO - Filling up the DagBag from /opt/anaconda3/envs/airflow_env/lib/python3.9/site-packages/airflow/example_dags/example_workday_timetable.py
[2025-01-03T10:03:37.510-0800] {processor.py:925} INFO - DAG(s) 'example_workday_timetable' retrieved from /opt/anaconda3/envs/airflow_env/lib/python3.9/site-packages/airflow/example_dags/example_workday_timetable.py
[2025-01-03T10:03:37.744-0800] {logging_mixin.py:190} INFO - [2025-01-03T10:03:37.744-0800] {dag.py:3239} INFO - Sync 1 DAGs
[2025-01-03T10:03:37.823-0800] {logging_mixin.py:190} INFO - [2025-01-03T10:03:37.823-0800] {dag.py:4180} INFO - Setting next_dagrun for example_workday_timetable to 2021-01-04 00:00:00+00:00, run_after=2021-01-05 00:00:00+00:00
[2025-01-03T10:03:37.848-0800] {processor.py:208} INFO - Processing /opt/anaconda3/envs/airflow_env/lib/python3.9/site-packages/airflow/example_dags/example_workday_timetable.py took 1.708 seconds
[2025-01-03T10:07:14.703-0800] {processor.py:186} INFO - Started process (PID=46873) to work on /opt/anaconda3/envs/airflow_env/lib/python3.9/site-packages/airflow/example_dags/example_workday_timetable.py
[2025-01-03T10:07:14.707-0800] {processor.py:914} INFO - Processing file /opt/anaconda3/envs/airflow_env/lib/python3.9/site-packages/airflow/example_dags/example_workday_timetable.py for tasks to queue
[2025-01-03T10:07:14.709-0800] {logging_mixin.py:190} INFO - [2025-01-03T10:07:14.709-0800] {dagbag.py:588} INFO - Filling up the DagBag from /opt/anaconda3/envs/airflow_env/lib/python3.9/site-packages/airflow/example_dags/example_workday_timetable.py
[2025-01-03T10:07:16.147-0800] {processor.py:925} INFO - DAG(s) 'example_workday_timetable' retrieved from /opt/anaconda3/envs/airflow_env/lib/python3.9/site-packages/airflow/example_dags/example_workday_timetable.py
[2025-01-03T10:07:16.448-0800] {logging_mixin.py:190} INFO - [2025-01-03T10:07:16.448-0800] {dag.py:3239} INFO - Sync 1 DAGs
[2025-01-03T10:07:16.522-0800] {logging_mixin.py:190} INFO - [2025-01-03T10:07:16.522-0800] {dag.py:4180} INFO - Setting next_dagrun for example_workday_timetable to 2021-01-04 00:00:00+00:00, run_after=2021-01-05 00:00:00+00:00
[2025-01-03T10:07:16.549-0800] {processor.py:208} INFO - Processing /opt/anaconda3/envs/airflow_env/lib/python3.9/site-packages/airflow/example_dags/example_workday_timetable.py took 1.856 seconds
[2025-01-03T10:10:40.230-0800] {processor.py:186} INFO - Started process (PID=46985) to work on /opt/anaconda3/envs/airflow_env/lib/python3.9/site-packages/airflow/example_dags/example_workday_timetable.py
[2025-01-03T10:10:40.233-0800] {processor.py:914} INFO - Processing file /opt/anaconda3/envs/airflow_env/lib/python3.9/site-packages/airflow/example_dags/example_workday_timetable.py for tasks to queue
[2025-01-03T10:10:40.234-0800] {logging_mixin.py:190} INFO - [2025-01-03T10:10:40.234-0800] {dagbag.py:588} INFO - Filling up the DagBag from /opt/anaconda3/envs/airflow_env/lib/python3.9/site-packages/airflow/example_dags/example_workday_timetable.py
[2025-01-03T10:10:41.101-0800] {processor.py:925} INFO - DAG(s) 'example_workday_timetable' retrieved from /opt/anaconda3/envs/airflow_env/lib/python3.9/site-packages/airflow/example_dags/example_workday_timetable.py
[2025-01-03T10:10:41.390-0800] {logging_mixin.py:190} INFO - [2025-01-03T10:10:41.389-0800] {dag.py:3239} INFO - Sync 1 DAGs
[2025-01-03T10:10:41.477-0800] {logging_mixin.py:190} INFO - [2025-01-03T10:10:41.477-0800] {dag.py:4180} INFO - Setting next_dagrun for example_workday_timetable to 2021-01-04 00:00:00+00:00, run_after=2021-01-05 00:00:00+00:00
[2025-01-03T10:10:41.508-0800] {processor.py:208} INFO - Processing /opt/anaconda3/envs/airflow_env/lib/python3.9/site-packages/airflow/example_dags/example_workday_timetable.py took 1.282 seconds
[2025-01-03T10:14:02.878-0800] {processor.py:186} INFO - Started process (PID=47107) to work on /opt/anaconda3/envs/airflow_env/lib/python3.9/site-packages/airflow/example_dags/example_workday_timetable.py
[2025-01-03T10:14:02.881-0800] {processor.py:914} INFO - Processing file /opt/anaconda3/envs/airflow_env/lib/python3.9/site-packages/airflow/example_dags/example_workday_timetable.py for tasks to queue
[2025-01-03T10:14:02.883-0800] {logging_mixin.py:190} INFO - [2025-01-03T10:14:02.883-0800] {dagbag.py:588} INFO - Filling up the DagBag from /opt/anaconda3/envs/airflow_env/lib/python3.9/site-packages/airflow/example_dags/example_workday_timetable.py
[2025-01-03T10:14:04.180-0800] {processor.py:925} INFO - DAG(s) 'example_workday_timetable' retrieved from /opt/anaconda3/envs/airflow_env/lib/python3.9/site-packages/airflow/example_dags/example_workday_timetable.py
[2025-01-03T10:14:04.418-0800] {logging_mixin.py:190} INFO - [2025-01-03T10:14:04.417-0800] {dag.py:3239} INFO - Sync 1 DAGs
[2025-01-03T10:14:04.489-0800] {logging_mixin.py:190} INFO - [2025-01-03T10:14:04.489-0800] {dag.py:4180} INFO - Setting next_dagrun for example_workday_timetable to 2021-01-04 00:00:00+00:00, run_after=2021-01-05 00:00:00+00:00
[2025-01-03T10:14:04.513-0800] {processor.py:208} INFO - Processing /opt/anaconda3/envs/airflow_env/lib/python3.9/site-packages/airflow/example_dags/example_workday_timetable.py took 1.640 seconds
[2025-01-03T10:18:01.166-0800] {processor.py:186} INFO - Started process (PID=47393) to work on /opt/anaconda3/envs/airflow_env/lib/python3.9/site-packages/airflow/example_dags/example_workday_timetable.py
[2025-01-03T10:18:01.168-0800] {processor.py:914} INFO - Processing file /opt/anaconda3/envs/airflow_env/lib/python3.9/site-packages/airflow/example_dags/example_workday_timetable.py for tasks to queue
[2025-01-03T10:18:01.171-0800] {logging_mixin.py:190} INFO - [2025-01-03T10:18:01.171-0800] {dagbag.py:588} INFO - Filling up the DagBag from /opt/anaconda3/envs/airflow_env/lib/python3.9/site-packages/airflow/example_dags/example_workday_timetable.py
[2025-01-03T10:18:02.637-0800] {processor.py:925} INFO - DAG(s) 'example_workday_timetable' retrieved from /opt/anaconda3/envs/airflow_env/lib/python3.9/site-packages/airflow/example_dags/example_workday_timetable.py
[2025-01-03T10:18:02.889-0800] {logging_mixin.py:190} INFO - [2025-01-03T10:18:02.889-0800] {dag.py:3239} INFO - Sync 1 DAGs
[2025-01-03T10:18:02.964-0800] {logging_mixin.py:190} INFO - [2025-01-03T10:18:02.964-0800] {dag.py:4180} INFO - Setting next_dagrun for example_workday_timetable to 2021-01-04 00:00:00+00:00, run_after=2021-01-05 00:00:00+00:00
[2025-01-03T10:18:03.007-0800] {processor.py:208} INFO - Processing /opt/anaconda3/envs/airflow_env/lib/python3.9/site-packages/airflow/example_dags/example_workday_timetable.py took 1.846 seconds
[2025-01-03T10:22:01.032-0800] {processor.py:186} INFO - Started process (PID=47506) to work on /opt/anaconda3/envs/airflow_env/lib/python3.9/site-packages/airflow/example_dags/example_workday_timetable.py
[2025-01-03T10:22:01.034-0800] {processor.py:914} INFO - Processing file /opt/anaconda3/envs/airflow_env/lib/python3.9/site-packages/airflow/example_dags/example_workday_timetable.py for tasks to queue
[2025-01-03T10:22:01.035-0800] {logging_mixin.py:190} INFO - [2025-01-03T10:22:01.035-0800] {dagbag.py:588} INFO - Filling up the DagBag from /opt/anaconda3/envs/airflow_env/lib/python3.9/site-packages/airflow/example_dags/example_workday_timetable.py
[2025-01-03T10:22:02.293-0800] {processor.py:925} INFO - DAG(s) 'example_workday_timetable' retrieved from /opt/anaconda3/envs/airflow_env/lib/python3.9/site-packages/airflow/example_dags/example_workday_timetable.py
[2025-01-03T10:22:02.524-0800] {logging_mixin.py:190} INFO - [2025-01-03T10:22:02.524-0800] {dag.py:3239} INFO - Sync 1 DAGs
[2025-01-03T10:22:02.602-0800] {logging_mixin.py:190} INFO - [2025-01-03T10:22:02.601-0800] {dag.py:4180} INFO - Setting next_dagrun for example_workday_timetable to 2021-01-04 00:00:00+00:00, run_after=2021-01-05 00:00:00+00:00
[2025-01-03T10:22:02.628-0800] {processor.py:208} INFO - Processing /opt/anaconda3/envs/airflow_env/lib/python3.9/site-packages/airflow/example_dags/example_workday_timetable.py took 1.601 seconds
[2025-01-03T10:26:11.910-0800] {processor.py:186} INFO - Started process (PID=47683) to work on /opt/anaconda3/envs/airflow_env/lib/python3.9/site-packages/airflow/example_dags/example_workday_timetable.py
[2025-01-03T10:26:11.914-0800] {processor.py:914} INFO - Processing file /opt/anaconda3/envs/airflow_env/lib/python3.9/site-packages/airflow/example_dags/example_workday_timetable.py for tasks to queue
[2025-01-03T10:26:11.916-0800] {logging_mixin.py:190} INFO - [2025-01-03T10:26:11.916-0800] {dagbag.py:588} INFO - Filling up the DagBag from /opt/anaconda3/envs/airflow_env/lib/python3.9/site-packages/airflow/example_dags/example_workday_timetable.py
[2025-01-03T10:26:13.304-0800] {processor.py:925} INFO - DAG(s) 'example_workday_timetable' retrieved from /opt/anaconda3/envs/airflow_env/lib/python3.9/site-packages/airflow/example_dags/example_workday_timetable.py
[2025-01-03T10:26:13.640-0800] {logging_mixin.py:190} INFO - [2025-01-03T10:26:13.640-0800] {dag.py:3239} INFO - Sync 1 DAGs
[2025-01-03T10:26:13.718-0800] {logging_mixin.py:190} INFO - [2025-01-03T10:26:13.718-0800] {dag.py:4180} INFO - Setting next_dagrun for example_workday_timetable to 2021-01-04 00:00:00+00:00, run_after=2021-01-05 00:00:00+00:00
[2025-01-03T10:26:13.745-0800] {processor.py:208} INFO - Processing /opt/anaconda3/envs/airflow_env/lib/python3.9/site-packages/airflow/example_dags/example_workday_timetable.py took 1.840 seconds
[2025-01-03T10:30:27.526-0800] {processor.py:186} INFO - Started process (PID=47808) to work on /opt/anaconda3/envs/airflow_env/lib/python3.9/site-packages/airflow/example_dags/example_workday_timetable.py
[2025-01-03T10:30:27.530-0800] {processor.py:914} INFO - Processing file /opt/anaconda3/envs/airflow_env/lib/python3.9/site-packages/airflow/example_dags/example_workday_timetable.py for tasks to queue
[2025-01-03T10:30:27.532-0800] {logging_mixin.py:190} INFO - [2025-01-03T10:30:27.531-0800] {dagbag.py:588} INFO - Filling up the DagBag from /opt/anaconda3/envs/airflow_env/lib/python3.9/site-packages/airflow/example_dags/example_workday_timetable.py
[2025-01-03T10:30:29.368-0800] {processor.py:925} INFO - DAG(s) 'example_workday_timetable' retrieved from /opt/anaconda3/envs/airflow_env/lib/python3.9/site-packages/airflow/example_dags/example_workday_timetable.py
[2025-01-03T10:30:30.003-0800] {logging_mixin.py:190} INFO - [2025-01-03T10:30:30.003-0800] {dag.py:3239} INFO - Sync 1 DAGs
[2025-01-03T10:30:30.133-0800] {logging_mixin.py:190} INFO - [2025-01-03T10:30:30.132-0800] {dag.py:4180} INFO - Setting next_dagrun for example_workday_timetable to 2021-01-04 00:00:00+00:00, run_after=2021-01-05 00:00:00+00:00
[2025-01-03T10:30:30.165-0800] {processor.py:208} INFO - Processing /opt/anaconda3/envs/airflow_env/lib/python3.9/site-packages/airflow/example_dags/example_workday_timetable.py took 2.644 seconds
[2025-01-03T10:34:53.292-0800] {processor.py:186} INFO - Started process (PID=47944) to work on /opt/anaconda3/envs/airflow_env/lib/python3.9/site-packages/airflow/example_dags/example_workday_timetable.py
[2025-01-03T10:34:53.295-0800] {processor.py:914} INFO - Processing file /opt/anaconda3/envs/airflow_env/lib/python3.9/site-packages/airflow/example_dags/example_workday_timetable.py for tasks to queue
[2025-01-03T10:34:53.297-0800] {logging_mixin.py:190} INFO - [2025-01-03T10:34:53.297-0800] {dagbag.py:588} INFO - Filling up the DagBag from /opt/anaconda3/envs/airflow_env/lib/python3.9/site-packages/airflow/example_dags/example_workday_timetable.py
[2025-01-03T10:34:54.729-0800] {processor.py:925} INFO - DAG(s) 'example_workday_timetable' retrieved from /opt/anaconda3/envs/airflow_env/lib/python3.9/site-packages/airflow/example_dags/example_workday_timetable.py
[2025-01-03T10:34:55.059-0800] {logging_mixin.py:190} INFO - [2025-01-03T10:34:55.059-0800] {dag.py:3239} INFO - Sync 1 DAGs
[2025-01-03T10:34:55.154-0800] {logging_mixin.py:190} INFO - [2025-01-03T10:34:55.153-0800] {dag.py:4180} INFO - Setting next_dagrun for example_workday_timetable to 2021-01-04 00:00:00+00:00, run_after=2021-01-05 00:00:00+00:00
[2025-01-03T10:34:55.193-0800] {processor.py:208} INFO - Processing /opt/anaconda3/envs/airflow_env/lib/python3.9/site-packages/airflow/example_dags/example_workday_timetable.py took 1.907 seconds
[2025-01-03T10:39:02.426-0800] {processor.py:186} INFO - Started process (PID=48067) to work on /opt/anaconda3/envs/airflow_env/lib/python3.9/site-packages/airflow/example_dags/example_workday_timetable.py
[2025-01-03T10:39:02.428-0800] {processor.py:914} INFO - Processing file /opt/anaconda3/envs/airflow_env/lib/python3.9/site-packages/airflow/example_dags/example_workday_timetable.py for tasks to queue
[2025-01-03T10:39:02.430-0800] {logging_mixin.py:190} INFO - [2025-01-03T10:39:02.430-0800] {dagbag.py:588} INFO - Filling up the DagBag from /opt/anaconda3/envs/airflow_env/lib/python3.9/site-packages/airflow/example_dags/example_workday_timetable.py
[2025-01-03T10:39:03.884-0800] {processor.py:925} INFO - DAG(s) 'example_workday_timetable' retrieved from /opt/anaconda3/envs/airflow_env/lib/python3.9/site-packages/airflow/example_dags/example_workday_timetable.py
[2025-01-03T10:39:04.207-0800] {logging_mixin.py:190} INFO - [2025-01-03T10:39:04.206-0800] {dag.py:3239} INFO - Sync 1 DAGs
[2025-01-03T10:39:04.288-0800] {logging_mixin.py:190} INFO - [2025-01-03T10:39:04.287-0800] {dag.py:4180} INFO - Setting next_dagrun for example_workday_timetable to 2021-01-04 00:00:00+00:00, run_after=2021-01-05 00:00:00+00:00
[2025-01-03T10:39:04.317-0800] {processor.py:208} INFO - Processing /opt/anaconda3/envs/airflow_env/lib/python3.9/site-packages/airflow/example_dags/example_workday_timetable.py took 1.896 seconds
[2025-01-03T10:43:13.895-0800] {processor.py:186} INFO - Started process (PID=48195) to work on /opt/anaconda3/envs/airflow_env/lib/python3.9/site-packages/airflow/example_dags/example_workday_timetable.py
[2025-01-03T10:43:13.898-0800] {processor.py:914} INFO - Processing file /opt/anaconda3/envs/airflow_env/lib/python3.9/site-packages/airflow/example_dags/example_workday_timetable.py for tasks to queue
[2025-01-03T10:43:13.901-0800] {logging_mixin.py:190} INFO - [2025-01-03T10:43:13.900-0800] {dagbag.py:588} INFO - Filling up the DagBag from /opt/anaconda3/envs/airflow_env/lib/python3.9/site-packages/airflow/example_dags/example_workday_timetable.py
[2025-01-03T10:43:14.913-0800] {processor.py:925} INFO - DAG(s) 'example_workday_timetable' retrieved from /opt/anaconda3/envs/airflow_env/lib/python3.9/site-packages/airflow/example_dags/example_workday_timetable.py
[2025-01-03T10:43:15.147-0800] {logging_mixin.py:190} INFO - [2025-01-03T10:43:15.147-0800] {dag.py:3239} INFO - Sync 1 DAGs
[2025-01-03T10:43:15.242-0800] {logging_mixin.py:190} INFO - [2025-01-03T10:43:15.241-0800] {dag.py:4180} INFO - Setting next_dagrun for example_workday_timetable to 2021-01-04 00:00:00+00:00, run_after=2021-01-05 00:00:00+00:00
[2025-01-03T10:43:15.265-0800] {processor.py:208} INFO - Processing /opt/anaconda3/envs/airflow_env/lib/python3.9/site-packages/airflow/example_dags/example_workday_timetable.py took 1.373 seconds
[2025-01-03T10:47:12.401-0800] {processor.py:186} INFO - Started process (PID=48333) to work on /opt/anaconda3/envs/airflow_env/lib/python3.9/site-packages/airflow/example_dags/example_workday_timetable.py
[2025-01-03T10:47:12.404-0800] {processor.py:914} INFO - Processing file /opt/anaconda3/envs/airflow_env/lib/python3.9/site-packages/airflow/example_dags/example_workday_timetable.py for tasks to queue
[2025-01-03T10:47:12.406-0800] {logging_mixin.py:190} INFO - [2025-01-03T10:47:12.405-0800] {dagbag.py:588} INFO - Filling up the DagBag from /opt/anaconda3/envs/airflow_env/lib/python3.9/site-packages/airflow/example_dags/example_workday_timetable.py
[2025-01-03T10:47:13.894-0800] {processor.py:925} INFO - DAG(s) 'example_workday_timetable' retrieved from /opt/anaconda3/envs/airflow_env/lib/python3.9/site-packages/airflow/example_dags/example_workday_timetable.py
[2025-01-03T10:47:14.208-0800] {logging_mixin.py:190} INFO - [2025-01-03T10:47:14.208-0800] {dag.py:3239} INFO - Sync 1 DAGs
[2025-01-03T10:47:14.296-0800] {logging_mixin.py:190} INFO - [2025-01-03T10:47:14.295-0800] {dag.py:4180} INFO - Setting next_dagrun for example_workday_timetable to 2021-01-04 00:00:00+00:00, run_after=2021-01-05 00:00:00+00:00
[2025-01-03T10:47:14.328-0800] {processor.py:208} INFO - Processing /opt/anaconda3/envs/airflow_env/lib/python3.9/site-packages/airflow/example_dags/example_workday_timetable.py took 1.933 seconds
[2025-01-03T10:51:14.618-0800] {processor.py:186} INFO - Started process (PID=48529) to work on /opt/anaconda3/envs/airflow_env/lib/python3.9/site-packages/airflow/example_dags/example_workday_timetable.py
[2025-01-03T10:51:14.621-0800] {processor.py:914} INFO - Processing file /opt/anaconda3/envs/airflow_env/lib/python3.9/site-packages/airflow/example_dags/example_workday_timetable.py for tasks to queue
[2025-01-03T10:51:14.627-0800] {logging_mixin.py:190} INFO - [2025-01-03T10:51:14.626-0800] {dagbag.py:588} INFO - Filling up the DagBag from /opt/anaconda3/envs/airflow_env/lib/python3.9/site-packages/airflow/example_dags/example_workday_timetable.py
[2025-01-03T10:51:15.945-0800] {processor.py:925} INFO - DAG(s) 'example_workday_timetable' retrieved from /opt/anaconda3/envs/airflow_env/lib/python3.9/site-packages/airflow/example_dags/example_workday_timetable.py
[2025-01-03T10:51:16.199-0800] {logging_mixin.py:190} INFO - [2025-01-03T10:51:16.197-0800] {dag.py:3239} INFO - Sync 1 DAGs
[2025-01-03T10:51:16.285-0800] {logging_mixin.py:190} INFO - [2025-01-03T10:51:16.285-0800] {dag.py:4180} INFO - Setting next_dagrun for example_workday_timetable to 2021-01-04 00:00:00+00:00, run_after=2021-01-05 00:00:00+00:00
[2025-01-03T10:51:16.332-0800] {processor.py:208} INFO - Processing /opt/anaconda3/envs/airflow_env/lib/python3.9/site-packages/airflow/example_dags/example_workday_timetable.py took 1.724 seconds
[2025-01-03T10:55:36.851-0800] {processor.py:186} INFO - Started process (PID=48694) to work on /opt/anaconda3/envs/airflow_env/lib/python3.9/site-packages/airflow/example_dags/example_workday_timetable.py
[2025-01-03T10:55:36.855-0800] {processor.py:914} INFO - Processing file /opt/anaconda3/envs/airflow_env/lib/python3.9/site-packages/airflow/example_dags/example_workday_timetable.py for tasks to queue
[2025-01-03T10:55:36.856-0800] {logging_mixin.py:190} INFO - [2025-01-03T10:55:36.856-0800] {dagbag.py:588} INFO - Filling up the DagBag from /opt/anaconda3/envs/airflow_env/lib/python3.9/site-packages/airflow/example_dags/example_workday_timetable.py
[2025-01-03T10:55:38.743-0800] {processor.py:925} INFO - DAG(s) 'example_workday_timetable' retrieved from /opt/anaconda3/envs/airflow_env/lib/python3.9/site-packages/airflow/example_dags/example_workday_timetable.py
[2025-01-03T10:55:39.175-0800] {logging_mixin.py:190} INFO - [2025-01-03T10:55:39.174-0800] {dag.py:3239} INFO - Sync 1 DAGs
[2025-01-03T10:55:39.317-0800] {logging_mixin.py:190} INFO - [2025-01-03T10:55:39.316-0800] {dag.py:4180} INFO - Setting next_dagrun for example_workday_timetable to 2021-01-04 00:00:00+00:00, run_after=2021-01-05 00:00:00+00:00
[2025-01-03T10:55:39.341-0800] {processor.py:208} INFO - Processing /opt/anaconda3/envs/airflow_env/lib/python3.9/site-packages/airflow/example_dags/example_workday_timetable.py took 2.496 seconds
[2025-01-03T10:59:39.693-0800] {processor.py:186} INFO - Started process (PID=48875) to work on /opt/anaconda3/envs/airflow_env/lib/python3.9/site-packages/airflow/example_dags/example_workday_timetable.py
[2025-01-03T10:59:39.706-0800] {processor.py:914} INFO - Processing file /opt/anaconda3/envs/airflow_env/lib/python3.9/site-packages/airflow/example_dags/example_workday_timetable.py for tasks to queue
[2025-01-03T10:59:39.708-0800] {logging_mixin.py:190} INFO - [2025-01-03T10:59:39.708-0800] {dagbag.py:588} INFO - Filling up the DagBag from /opt/anaconda3/envs/airflow_env/lib/python3.9/site-packages/airflow/example_dags/example_workday_timetable.py
[2025-01-03T10:59:41.363-0800] {processor.py:925} INFO - DAG(s) 'example_workday_timetable' retrieved from /opt/anaconda3/envs/airflow_env/lib/python3.9/site-packages/airflow/example_dags/example_workday_timetable.py
[2025-01-03T10:59:41.655-0800] {logging_mixin.py:190} INFO - [2025-01-03T10:59:41.654-0800] {dag.py:3239} INFO - Sync 1 DAGs
[2025-01-03T10:59:41.781-0800] {logging_mixin.py:190} INFO - [2025-01-03T10:59:41.781-0800] {dag.py:4180} INFO - Setting next_dagrun for example_workday_timetable to 2021-01-04 00:00:00+00:00, run_after=2021-01-05 00:00:00+00:00
[2025-01-03T10:59:41.814-0800] {processor.py:208} INFO - Processing /opt/anaconda3/envs/airflow_env/lib/python3.9/site-packages/airflow/example_dags/example_workday_timetable.py took 2.126 seconds
[2025-01-03T11:04:33.458-0800] {processor.py:186} INFO - Started process (PID=49030) to work on /opt/anaconda3/envs/airflow_env/lib/python3.9/site-packages/airflow/example_dags/example_workday_timetable.py
[2025-01-03T11:04:33.461-0800] {processor.py:914} INFO - Processing file /opt/anaconda3/envs/airflow_env/lib/python3.9/site-packages/airflow/example_dags/example_workday_timetable.py for tasks to queue
[2025-01-03T11:04:33.462-0800] {logging_mixin.py:190} INFO - [2025-01-03T11:04:33.462-0800] {dagbag.py:588} INFO - Filling up the DagBag from /opt/anaconda3/envs/airflow_env/lib/python3.9/site-packages/airflow/example_dags/example_workday_timetable.py
[2025-01-03T11:04:34.264-0800] {processor.py:925} INFO - DAG(s) 'example_workday_timetable' retrieved from /opt/anaconda3/envs/airflow_env/lib/python3.9/site-packages/airflow/example_dags/example_workday_timetable.py
[2025-01-03T11:04:34.659-0800] {logging_mixin.py:190} INFO - [2025-01-03T11:04:34.659-0800] {dag.py:3239} INFO - Sync 1 DAGs
[2025-01-03T11:04:34.795-0800] {logging_mixin.py:190} INFO - [2025-01-03T11:04:34.795-0800] {dag.py:4180} INFO - Setting next_dagrun for example_workday_timetable to 2021-01-04 00:00:00+00:00, run_after=2021-01-05 00:00:00+00:00
[2025-01-03T11:04:34.819-0800] {processor.py:208} INFO - Processing /opt/anaconda3/envs/airflow_env/lib/python3.9/site-packages/airflow/example_dags/example_workday_timetable.py took 1.366 seconds
[2025-01-03T11:08:46.991-0800] {processor.py:186} INFO - Started process (PID=49181) to work on /opt/anaconda3/envs/airflow_env/lib/python3.9/site-packages/airflow/example_dags/example_workday_timetable.py
[2025-01-03T11:08:47.007-0800] {processor.py:914} INFO - Processing file /opt/anaconda3/envs/airflow_env/lib/python3.9/site-packages/airflow/example_dags/example_workday_timetable.py for tasks to queue
[2025-01-03T11:08:47.008-0800] {logging_mixin.py:190} INFO - [2025-01-03T11:08:47.008-0800] {dagbag.py:588} INFO - Filling up the DagBag from /opt/anaconda3/envs/airflow_env/lib/python3.9/site-packages/airflow/example_dags/example_workday_timetable.py
[2025-01-03T11:08:48.677-0800] {processor.py:925} INFO - DAG(s) 'example_workday_timetable' retrieved from /opt/anaconda3/envs/airflow_env/lib/python3.9/site-packages/airflow/example_dags/example_workday_timetable.py
[2025-01-03T11:08:49.049-0800] {logging_mixin.py:190} INFO - [2025-01-03T11:08:49.048-0800] {dag.py:3239} INFO - Sync 1 DAGs
[2025-01-03T11:08:49.133-0800] {logging_mixin.py:190} INFO - [2025-01-03T11:08:49.132-0800] {dag.py:4180} INFO - Setting next_dagrun for example_workday_timetable to 2021-01-04 00:00:00+00:00, run_after=2021-01-05 00:00:00+00:00
[2025-01-03T11:08:49.165-0800] {processor.py:208} INFO - Processing /opt/anaconda3/envs/airflow_env/lib/python3.9/site-packages/airflow/example_dags/example_workday_timetable.py took 2.181 seconds
[2025-01-03T11:13:14.844-0800] {processor.py:186} INFO - Started process (PID=49487) to work on /opt/anaconda3/envs/airflow_env/lib/python3.9/site-packages/airflow/example_dags/example_workday_timetable.py
[2025-01-03T11:13:14.848-0800] {processor.py:914} INFO - Processing file /opt/anaconda3/envs/airflow_env/lib/python3.9/site-packages/airflow/example_dags/example_workday_timetable.py for tasks to queue
[2025-01-03T11:13:14.849-0800] {logging_mixin.py:190} INFO - [2025-01-03T11:13:14.849-0800] {dagbag.py:588} INFO - Filling up the DagBag from /opt/anaconda3/envs/airflow_env/lib/python3.9/site-packages/airflow/example_dags/example_workday_timetable.py
[2025-01-03T11:13:16.313-0800] {processor.py:925} INFO - DAG(s) 'example_workday_timetable' retrieved from /opt/anaconda3/envs/airflow_env/lib/python3.9/site-packages/airflow/example_dags/example_workday_timetable.py
[2025-01-03T11:13:16.709-0800] {logging_mixin.py:190} INFO - [2025-01-03T11:13:16.709-0800] {dag.py:3239} INFO - Sync 1 DAGs
[2025-01-03T11:13:16.980-0800] {logging_mixin.py:190} INFO - [2025-01-03T11:13:16.980-0800] {dag.py:4180} INFO - Setting next_dagrun for example_workday_timetable to 2021-01-04 00:00:00+00:00, run_after=2021-01-05 00:00:00+00:00
[2025-01-03T11:13:17.025-0800] {processor.py:208} INFO - Processing /opt/anaconda3/envs/airflow_env/lib/python3.9/site-packages/airflow/example_dags/example_workday_timetable.py took 2.188 seconds
[2025-01-03T11:17:46.858-0800] {processor.py:186} INFO - Started process (PID=49740) to work on /opt/anaconda3/envs/airflow_env/lib/python3.9/site-packages/airflow/example_dags/example_workday_timetable.py
[2025-01-03T11:17:46.863-0800] {processor.py:914} INFO - Processing file /opt/anaconda3/envs/airflow_env/lib/python3.9/site-packages/airflow/example_dags/example_workday_timetable.py for tasks to queue
[2025-01-03T11:17:46.865-0800] {logging_mixin.py:190} INFO - [2025-01-03T11:17:46.865-0800] {dagbag.py:588} INFO - Filling up the DagBag from /opt/anaconda3/envs/airflow_env/lib/python3.9/site-packages/airflow/example_dags/example_workday_timetable.py
[2025-01-03T11:17:48.776-0800] {processor.py:925} INFO - DAG(s) 'example_workday_timetable' retrieved from /opt/anaconda3/envs/airflow_env/lib/python3.9/site-packages/airflow/example_dags/example_workday_timetable.py
[2025-01-03T11:17:49.148-0800] {logging_mixin.py:190} INFO - [2025-01-03T11:17:49.148-0800] {dag.py:3239} INFO - Sync 1 DAGs
[2025-01-03T11:17:49.279-0800] {logging_mixin.py:190} INFO - [2025-01-03T11:17:49.278-0800] {dag.py:4180} INFO - Setting next_dagrun for example_workday_timetable to 2021-01-04 00:00:00+00:00, run_after=2021-01-05 00:00:00+00:00
[2025-01-03T11:17:49.306-0800] {processor.py:208} INFO - Processing /opt/anaconda3/envs/airflow_env/lib/python3.9/site-packages/airflow/example_dags/example_workday_timetable.py took 2.466 seconds
[2025-01-03T11:22:14.030-0800] {processor.py:186} INFO - Started process (PID=49891) to work on /opt/anaconda3/envs/airflow_env/lib/python3.9/site-packages/airflow/example_dags/example_workday_timetable.py
[2025-01-03T11:22:14.033-0800] {processor.py:914} INFO - Processing file /opt/anaconda3/envs/airflow_env/lib/python3.9/site-packages/airflow/example_dags/example_workday_timetable.py for tasks to queue
[2025-01-03T11:22:14.035-0800] {logging_mixin.py:190} INFO - [2025-01-03T11:22:14.034-0800] {dagbag.py:588} INFO - Filling up the DagBag from /opt/anaconda3/envs/airflow_env/lib/python3.9/site-packages/airflow/example_dags/example_workday_timetable.py
[2025-01-03T11:22:16.826-0800] {processor.py:925} INFO - DAG(s) 'example_workday_timetable' retrieved from /opt/anaconda3/envs/airflow_env/lib/python3.9/site-packages/airflow/example_dags/example_workday_timetable.py
[2025-01-03T11:22:17.577-0800] {logging_mixin.py:190} INFO - [2025-01-03T11:22:17.577-0800] {dag.py:3239} INFO - Sync 1 DAGs
[2025-01-03T11:22:17.864-0800] {logging_mixin.py:190} INFO - [2025-01-03T11:22:17.863-0800] {dag.py:4180} INFO - Setting next_dagrun for example_workday_timetable to 2021-01-04 00:00:00+00:00, run_after=2021-01-05 00:00:00+00:00
[2025-01-03T11:22:17.936-0800] {processor.py:208} INFO - Processing /opt/anaconda3/envs/airflow_env/lib/python3.9/site-packages/airflow/example_dags/example_workday_timetable.py took 3.913 seconds
[2025-01-03T11:26:45.797-0800] {processor.py:186} INFO - Started process (PID=50021) to work on /opt/anaconda3/envs/airflow_env/lib/python3.9/site-packages/airflow/example_dags/example_workday_timetable.py
[2025-01-03T11:26:45.800-0800] {processor.py:914} INFO - Processing file /opt/anaconda3/envs/airflow_env/lib/python3.9/site-packages/airflow/example_dags/example_workday_timetable.py for tasks to queue
[2025-01-03T11:26:45.802-0800] {logging_mixin.py:190} INFO - [2025-01-03T11:26:45.802-0800] {dagbag.py:588} INFO - Filling up the DagBag from /opt/anaconda3/envs/airflow_env/lib/python3.9/site-packages/airflow/example_dags/example_workday_timetable.py
[2025-01-03T11:26:48.738-0800] {processor.py:925} INFO - DAG(s) 'example_workday_timetable' retrieved from /opt/anaconda3/envs/airflow_env/lib/python3.9/site-packages/airflow/example_dags/example_workday_timetable.py
[2025-01-03T11:26:49.709-0800] {logging_mixin.py:190} INFO - [2025-01-03T11:26:49.708-0800] {dag.py:3239} INFO - Sync 1 DAGs
[2025-01-03T11:26:49.970-0800] {logging_mixin.py:190} INFO - [2025-01-03T11:26:49.969-0800] {dag.py:4180} INFO - Setting next_dagrun for example_workday_timetable to 2021-01-04 00:00:00+00:00, run_after=2021-01-05 00:00:00+00:00
[2025-01-03T11:26:50.043-0800] {processor.py:208} INFO - Processing /opt/anaconda3/envs/airflow_env/lib/python3.9/site-packages/airflow/example_dags/example_workday_timetable.py took 4.252 seconds
[2025-01-03T11:31:22.930-0800] {processor.py:186} INFO - Started process (PID=50256) to work on /opt/anaconda3/envs/airflow_env/lib/python3.9/site-packages/airflow/example_dags/example_workday_timetable.py
[2025-01-03T11:31:22.935-0800] {processor.py:914} INFO - Processing file /opt/anaconda3/envs/airflow_env/lib/python3.9/site-packages/airflow/example_dags/example_workday_timetable.py for tasks to queue
[2025-01-03T11:31:22.938-0800] {logging_mixin.py:190} INFO - [2025-01-03T11:31:22.937-0800] {dagbag.py:588} INFO - Filling up the DagBag from /opt/anaconda3/envs/airflow_env/lib/python3.9/site-packages/airflow/example_dags/example_workday_timetable.py
[2025-01-03T11:31:26.106-0800] {processor.py:925} INFO - DAG(s) 'example_workday_timetable' retrieved from /opt/anaconda3/envs/airflow_env/lib/python3.9/site-packages/airflow/example_dags/example_workday_timetable.py
[2025-01-03T11:31:26.557-0800] {logging_mixin.py:190} INFO - [2025-01-03T11:31:26.556-0800] {dag.py:3239} INFO - Sync 1 DAGs
[2025-01-03T11:31:26.670-0800] {logging_mixin.py:190} INFO - [2025-01-03T11:31:26.670-0800] {dag.py:4180} INFO - Setting next_dagrun for example_workday_timetable to 2021-01-04 00:00:00+00:00, run_after=2021-01-05 00:00:00+00:00
[2025-01-03T11:31:26.708-0800] {processor.py:208} INFO - Processing /opt/anaconda3/envs/airflow_env/lib/python3.9/site-packages/airflow/example_dags/example_workday_timetable.py took 3.786 seconds
[2025-01-03T11:36:24.797-0800] {processor.py:186} INFO - Started process (PID=50459) to work on /opt/anaconda3/envs/airflow_env/lib/python3.9/site-packages/airflow/example_dags/example_workday_timetable.py
[2025-01-03T11:36:24.802-0800] {processor.py:914} INFO - Processing file /opt/anaconda3/envs/airflow_env/lib/python3.9/site-packages/airflow/example_dags/example_workday_timetable.py for tasks to queue
[2025-01-03T11:36:24.804-0800] {logging_mixin.py:190} INFO - [2025-01-03T11:36:24.803-0800] {dagbag.py:588} INFO - Filling up the DagBag from /opt/anaconda3/envs/airflow_env/lib/python3.9/site-packages/airflow/example_dags/example_workday_timetable.py
[2025-01-03T11:36:26.352-0800] {processor.py:925} INFO - DAG(s) 'example_workday_timetable' retrieved from /opt/anaconda3/envs/airflow_env/lib/python3.9/site-packages/airflow/example_dags/example_workday_timetable.py
[2025-01-03T11:36:26.680-0800] {logging_mixin.py:190} INFO - [2025-01-03T11:36:26.679-0800] {dag.py:3239} INFO - Sync 1 DAGs
[2025-01-03T11:36:26.766-0800] {logging_mixin.py:190} INFO - [2025-01-03T11:36:26.766-0800] {dag.py:4180} INFO - Setting next_dagrun for example_workday_timetable to 2021-01-04 00:00:00+00:00, run_after=2021-01-05 00:00:00+00:00
[2025-01-03T11:36:26.792-0800] {processor.py:208} INFO - Processing /opt/anaconda3/envs/airflow_env/lib/python3.9/site-packages/airflow/example_dags/example_workday_timetable.py took 2.001 seconds
[2025-01-03T11:40:59.996-0800] {processor.py:186} INFO - Started process (PID=50643) to work on /opt/anaconda3/envs/airflow_env/lib/python3.9/site-packages/airflow/example_dags/example_workday_timetable.py
[2025-01-03T11:40:59.999-0800] {processor.py:914} INFO - Processing file /opt/anaconda3/envs/airflow_env/lib/python3.9/site-packages/airflow/example_dags/example_workday_timetable.py for tasks to queue
[2025-01-03T11:41:00.000-0800] {logging_mixin.py:190} INFO - [2025-01-03T11:40:59.999-0800] {dagbag.py:588} INFO - Filling up the DagBag from /opt/anaconda3/envs/airflow_env/lib/python3.9/site-packages/airflow/example_dags/example_workday_timetable.py
[2025-01-03T11:41:01.550-0800] {processor.py:925} INFO - DAG(s) 'example_workday_timetable' retrieved from /opt/anaconda3/envs/airflow_env/lib/python3.9/site-packages/airflow/example_dags/example_workday_timetable.py
[2025-01-03T11:41:01.877-0800] {logging_mixin.py:190} INFO - [2025-01-03T11:41:01.877-0800] {dag.py:3239} INFO - Sync 1 DAGs
[2025-01-03T11:41:02.063-0800] {logging_mixin.py:190} INFO - [2025-01-03T11:41:02.063-0800] {dag.py:4180} INFO - Setting next_dagrun for example_workday_timetable to 2021-01-04 00:00:00+00:00, run_after=2021-01-05 00:00:00+00:00
[2025-01-03T11:41:02.098-0800] {processor.py:208} INFO - Processing /opt/anaconda3/envs/airflow_env/lib/python3.9/site-packages/airflow/example_dags/example_workday_timetable.py took 2.107 seconds
[2025-01-03T11:45:37.510-0800] {processor.py:186} INFO - Started process (PID=50816) to work on /opt/anaconda3/envs/airflow_env/lib/python3.9/site-packages/airflow/example_dags/example_workday_timetable.py
[2025-01-03T11:45:37.513-0800] {processor.py:914} INFO - Processing file /opt/anaconda3/envs/airflow_env/lib/python3.9/site-packages/airflow/example_dags/example_workday_timetable.py for tasks to queue
[2025-01-03T11:45:37.515-0800] {logging_mixin.py:190} INFO - [2025-01-03T11:45:37.515-0800] {dagbag.py:588} INFO - Filling up the DagBag from /opt/anaconda3/envs/airflow_env/lib/python3.9/site-packages/airflow/example_dags/example_workday_timetable.py
[2025-01-03T11:45:39.484-0800] {processor.py:925} INFO - DAG(s) 'example_workday_timetable' retrieved from /opt/anaconda3/envs/airflow_env/lib/python3.9/site-packages/airflow/example_dags/example_workday_timetable.py
[2025-01-03T11:45:39.911-0800] {logging_mixin.py:190} INFO - [2025-01-03T11:45:39.908-0800] {dag.py:3239} INFO - Sync 1 DAGs
[2025-01-03T11:45:40.040-0800] {logging_mixin.py:190} INFO - [2025-01-03T11:45:40.040-0800] {dag.py:4180} INFO - Setting next_dagrun for example_workday_timetable to 2021-01-04 00:00:00+00:00, run_after=2021-01-05 00:00:00+00:00
[2025-01-03T11:45:40.102-0800] {processor.py:208} INFO - Processing /opt/anaconda3/envs/airflow_env/lib/python3.9/site-packages/airflow/example_dags/example_workday_timetable.py took 2.600 seconds
[2025-01-03T11:50:10.217-0800] {processor.py:186} INFO - Started process (PID=50987) to work on /opt/anaconda3/envs/airflow_env/lib/python3.9/site-packages/airflow/example_dags/example_workday_timetable.py
[2025-01-03T11:50:10.220-0800] {processor.py:914} INFO - Processing file /opt/anaconda3/envs/airflow_env/lib/python3.9/site-packages/airflow/example_dags/example_workday_timetable.py for tasks to queue
[2025-01-03T11:50:10.221-0800] {logging_mixin.py:190} INFO - [2025-01-03T11:50:10.221-0800] {dagbag.py:588} INFO - Filling up the DagBag from /opt/anaconda3/envs/airflow_env/lib/python3.9/site-packages/airflow/example_dags/example_workday_timetable.py
[2025-01-03T11:50:11.563-0800] {processor.py:925} INFO - DAG(s) 'example_workday_timetable' retrieved from /opt/anaconda3/envs/airflow_env/lib/python3.9/site-packages/airflow/example_dags/example_workday_timetable.py
[2025-01-03T11:50:11.803-0800] {logging_mixin.py:190} INFO - [2025-01-03T11:50:11.803-0800] {dag.py:3239} INFO - Sync 1 DAGs
[2025-01-03T11:50:11.877-0800] {logging_mixin.py:190} INFO - [2025-01-03T11:50:11.876-0800] {dag.py:4180} INFO - Setting next_dagrun for example_workday_timetable to 2021-01-04 00:00:00+00:00, run_after=2021-01-05 00:00:00+00:00
[2025-01-03T11:50:11.905-0800] {processor.py:208} INFO - Processing /opt/anaconda3/envs/airflow_env/lib/python3.9/site-packages/airflow/example_dags/example_workday_timetable.py took 1.693 seconds
[2025-01-03T11:57:09.745-0800] {processor.py:186} INFO - Started process (PID=51721) to work on /opt/anaconda3/envs/airflow_env/lib/python3.9/site-packages/airflow/example_dags/example_workday_timetable.py
[2025-01-03T11:57:09.750-0800] {processor.py:914} INFO - Processing file /opt/anaconda3/envs/airflow_env/lib/python3.9/site-packages/airflow/example_dags/example_workday_timetable.py for tasks to queue
[2025-01-03T11:57:09.751-0800] {logging_mixin.py:190} INFO - [2025-01-03T11:57:09.751-0800] {dagbag.py:588} INFO - Filling up the DagBag from /opt/anaconda3/envs/airflow_env/lib/python3.9/site-packages/airflow/example_dags/example_workday_timetable.py
[2025-01-03T11:57:11.346-0800] {processor.py:925} INFO - DAG(s) 'example_workday_timetable' retrieved from /opt/anaconda3/envs/airflow_env/lib/python3.9/site-packages/airflow/example_dags/example_workday_timetable.py
[2025-01-03T11:57:11.591-0800] {logging_mixin.py:190} INFO - [2025-01-03T11:57:11.590-0800] {dag.py:3239} INFO - Sync 1 DAGs
[2025-01-03T11:57:11.662-0800] {logging_mixin.py:190} INFO - [2025-01-03T11:57:11.662-0800] {dag.py:4180} INFO - Setting next_dagrun for example_workday_timetable to 2021-01-04 00:00:00+00:00, run_after=2021-01-05 00:00:00+00:00
[2025-01-03T11:57:11.688-0800] {processor.py:208} INFO - Processing /opt/anaconda3/envs/airflow_env/lib/python3.9/site-packages/airflow/example_dags/example_workday_timetable.py took 1.948 seconds
[2025-01-03T12:02:15.876-0800] {processor.py:186} INFO - Started process (PID=52234) to work on /opt/anaconda3/envs/airflow_env/lib/python3.9/site-packages/airflow/example_dags/example_workday_timetable.py
[2025-01-03T12:02:15.880-0800] {processor.py:914} INFO - Processing file /opt/anaconda3/envs/airflow_env/lib/python3.9/site-packages/airflow/example_dags/example_workday_timetable.py for tasks to queue
[2025-01-03T12:02:15.881-0800] {logging_mixin.py:190} INFO - [2025-01-03T12:02:15.881-0800] {dagbag.py:588} INFO - Filling up the DagBag from /opt/anaconda3/envs/airflow_env/lib/python3.9/site-packages/airflow/example_dags/example_workday_timetable.py
[2025-01-03T12:02:18.702-0800] {processor.py:925} INFO - DAG(s) 'example_workday_timetable' retrieved from /opt/anaconda3/envs/airflow_env/lib/python3.9/site-packages/airflow/example_dags/example_workday_timetable.py
[2025-01-03T12:02:19.468-0800] {logging_mixin.py:190} INFO - [2025-01-03T12:02:19.467-0800] {dag.py:3239} INFO - Sync 1 DAGs
[2025-01-03T12:02:19.681-0800] {logging_mixin.py:190} INFO - [2025-01-03T12:02:19.680-0800] {dag.py:4180} INFO - Setting next_dagrun for example_workday_timetable to 2021-01-04 00:00:00+00:00, run_after=2021-01-05 00:00:00+00:00
[2025-01-03T12:02:19.729-0800] {processor.py:208} INFO - Processing /opt/anaconda3/envs/airflow_env/lib/python3.9/site-packages/airflow/example_dags/example_workday_timetable.py took 3.859 seconds
[2025-01-03T12:08:15.356-0800] {processor.py:186} INFO - Started process (PID=52479) to work on /opt/anaconda3/envs/airflow_env/lib/python3.9/site-packages/airflow/example_dags/example_workday_timetable.py
[2025-01-03T12:08:15.361-0800] {processor.py:914} INFO - Processing file /opt/anaconda3/envs/airflow_env/lib/python3.9/site-packages/airflow/example_dags/example_workday_timetable.py for tasks to queue
[2025-01-03T12:08:15.363-0800] {logging_mixin.py:190} INFO - [2025-01-03T12:08:15.363-0800] {dagbag.py:588} INFO - Filling up the DagBag from /opt/anaconda3/envs/airflow_env/lib/python3.9/site-packages/airflow/example_dags/example_workday_timetable.py
[2025-01-03T12:08:16.693-0800] {processor.py:925} INFO - DAG(s) 'example_workday_timetable' retrieved from /opt/anaconda3/envs/airflow_env/lib/python3.9/site-packages/airflow/example_dags/example_workday_timetable.py
[2025-01-03T12:08:17.048-0800] {logging_mixin.py:190} INFO - [2025-01-03T12:08:17.047-0800] {dag.py:3239} INFO - Sync 1 DAGs
[2025-01-03T12:08:17.184-0800] {logging_mixin.py:190} INFO - [2025-01-03T12:08:17.184-0800] {dag.py:4180} INFO - Setting next_dagrun for example_workday_timetable to 2021-01-04 00:00:00+00:00, run_after=2021-01-05 00:00:00+00:00
[2025-01-03T12:08:17.248-0800] {processor.py:208} INFO - Processing /opt/anaconda3/envs/airflow_env/lib/python3.9/site-packages/airflow/example_dags/example_workday_timetable.py took 1.899 seconds
