[2025-01-03T09:50:29.101-0800] {processor.py:186} INFO - Started process (PID=46307) to work on /opt/anaconda3/envs/airflow_env/lib/python3.9/site-packages/airflow/example_dags/example_external_task_marker_dag.py
[2025-01-03T09:50:29.102-0800] {processor.py:914} INFO - Processing file /opt/anaconda3/envs/airflow_env/lib/python3.9/site-packages/airflow/example_dags/example_external_task_marker_dag.py for tasks to queue
[2025-01-03T09:50:29.103-0800] {logging_mixin.py:190} INFO - [2025-01-03T09:50:29.102-0800] {dagbag.py:588} INFO - Filling up the DagBag from /opt/anaconda3/envs/airflow_env/lib/python3.9/site-packages/airflow/example_dags/example_external_task_marker_dag.py
[2025-01-03T09:50:29.118-0800] {processor.py:925} INFO - DAG(s) 'example_external_task_marker_parent', 'example_external_task_marker_child' retrieved from /opt/anaconda3/envs/airflow_env/lib/python3.9/site-packages/airflow/example_dags/example_external_task_marker_dag.py
[2025-01-03T09:50:30.600-0800] {logging_mixin.py:190} INFO - [2025-01-03T09:50:30.600-0800] {dag.py:3239} INFO - Sync 2 DAGs
[2025-01-03T09:50:30.614-0800] {logging_mixin.py:190} INFO - [2025-01-03T09:50:30.614-0800] {dag.py:4180} INFO - Setting next_dagrun for example_external_task_marker_child to None, run_after=None
[2025-01-03T09:50:30.618-0800] {logging_mixin.py:190} INFO - [2025-01-03T09:50:30.618-0800] {dag.py:4180} INFO - Setting next_dagrun for example_external_task_marker_parent to None, run_after=None
[2025-01-03T09:50:30.638-0800] {processor.py:208} INFO - Processing /opt/anaconda3/envs/airflow_env/lib/python3.9/site-packages/airflow/example_dags/example_external_task_marker_dag.py took 1.542 seconds
[2025-01-03T09:53:50.325-0800] {processor.py:186} INFO - Started process (PID=46429) to work on /opt/anaconda3/envs/airflow_env/lib/python3.9/site-packages/airflow/example_dags/example_external_task_marker_dag.py
[2025-01-03T09:53:50.327-0800] {processor.py:914} INFO - Processing file /opt/anaconda3/envs/airflow_env/lib/python3.9/site-packages/airflow/example_dags/example_external_task_marker_dag.py for tasks to queue
[2025-01-03T09:53:50.329-0800] {logging_mixin.py:190} INFO - [2025-01-03T09:53:50.329-0800] {dagbag.py:588} INFO - Filling up the DagBag from /opt/anaconda3/envs/airflow_env/lib/python3.9/site-packages/airflow/example_dags/example_external_task_marker_dag.py
[2025-01-03T09:53:50.344-0800] {processor.py:925} INFO - DAG(s) 'example_external_task_marker_parent', 'example_external_task_marker_child' retrieved from /opt/anaconda3/envs/airflow_env/lib/python3.9/site-packages/airflow/example_dags/example_external_task_marker_dag.py
[2025-01-03T09:53:51.884-0800] {logging_mixin.py:190} INFO - [2025-01-03T09:53:51.883-0800] {dag.py:3239} INFO - Sync 2 DAGs
[2025-01-03T09:53:51.896-0800] {logging_mixin.py:190} INFO - [2025-01-03T09:53:51.896-0800] {dag.py:4180} INFO - Setting next_dagrun for example_external_task_marker_child to None, run_after=None
[2025-01-03T09:53:51.899-0800] {logging_mixin.py:190} INFO - [2025-01-03T09:53:51.899-0800] {dag.py:4180} INFO - Setting next_dagrun for example_external_task_marker_parent to None, run_after=None
[2025-01-03T09:53:51.919-0800] {processor.py:208} INFO - Processing /opt/anaconda3/envs/airflow_env/lib/python3.9/site-packages/airflow/example_dags/example_external_task_marker_dag.py took 1.598 seconds
[2025-01-03T09:57:37.466-0800] {processor.py:186} INFO - Started process (PID=46553) to work on /opt/anaconda3/envs/airflow_env/lib/python3.9/site-packages/airflow/example_dags/example_external_task_marker_dag.py
[2025-01-03T09:57:37.469-0800] {processor.py:914} INFO - Processing file /opt/anaconda3/envs/airflow_env/lib/python3.9/site-packages/airflow/example_dags/example_external_task_marker_dag.py for tasks to queue
[2025-01-03T09:57:37.471-0800] {logging_mixin.py:190} INFO - [2025-01-03T09:57:37.471-0800] {dagbag.py:588} INFO - Filling up the DagBag from /opt/anaconda3/envs/airflow_env/lib/python3.9/site-packages/airflow/example_dags/example_external_task_marker_dag.py
[2025-01-03T09:57:37.495-0800] {processor.py:925} INFO - DAG(s) 'example_external_task_marker_child', 'example_external_task_marker_parent' retrieved from /opt/anaconda3/envs/airflow_env/lib/python3.9/site-packages/airflow/example_dags/example_external_task_marker_dag.py
[2025-01-03T09:57:39.097-0800] {logging_mixin.py:190} INFO - [2025-01-03T09:57:39.097-0800] {dag.py:3239} INFO - Sync 2 DAGs
[2025-01-03T09:57:39.114-0800] {logging_mixin.py:190} INFO - [2025-01-03T09:57:39.114-0800] {dag.py:4180} INFO - Setting next_dagrun for example_external_task_marker_child to None, run_after=None
[2025-01-03T09:57:39.121-0800] {logging_mixin.py:190} INFO - [2025-01-03T09:57:39.120-0800] {dag.py:4180} INFO - Setting next_dagrun for example_external_task_marker_parent to None, run_after=None
[2025-01-03T09:57:39.145-0800] {processor.py:208} INFO - Processing /opt/anaconda3/envs/airflow_env/lib/python3.9/site-packages/airflow/example_dags/example_external_task_marker_dag.py took 1.683 seconds
[2025-01-03T10:01:40.537-0800] {processor.py:186} INFO - Started process (PID=46673) to work on /opt/anaconda3/envs/airflow_env/lib/python3.9/site-packages/airflow/example_dags/example_external_task_marker_dag.py
[2025-01-03T10:01:40.543-0800] {processor.py:914} INFO - Processing file /opt/anaconda3/envs/airflow_env/lib/python3.9/site-packages/airflow/example_dags/example_external_task_marker_dag.py for tasks to queue
[2025-01-03T10:01:40.545-0800] {logging_mixin.py:190} INFO - [2025-01-03T10:01:40.544-0800] {dagbag.py:588} INFO - Filling up the DagBag from /opt/anaconda3/envs/airflow_env/lib/python3.9/site-packages/airflow/example_dags/example_external_task_marker_dag.py
[2025-01-03T10:01:40.569-0800] {processor.py:925} INFO - DAG(s) 'example_external_task_marker_parent', 'example_external_task_marker_child' retrieved from /opt/anaconda3/envs/airflow_env/lib/python3.9/site-packages/airflow/example_dags/example_external_task_marker_dag.py
[2025-01-03T10:01:42.835-0800] {logging_mixin.py:190} INFO - [2025-01-03T10:01:42.835-0800] {dag.py:3239} INFO - Sync 2 DAGs
[2025-01-03T10:01:42.855-0800] {logging_mixin.py:190} INFO - [2025-01-03T10:01:42.855-0800] {dag.py:4180} INFO - Setting next_dagrun for example_external_task_marker_child to None, run_after=None
[2025-01-03T10:01:42.860-0800] {logging_mixin.py:190} INFO - [2025-01-03T10:01:42.860-0800] {dag.py:4180} INFO - Setting next_dagrun for example_external_task_marker_parent to None, run_after=None
[2025-01-03T10:01:42.888-0800] {processor.py:208} INFO - Processing /opt/anaconda3/envs/airflow_env/lib/python3.9/site-packages/airflow/example_dags/example_external_task_marker_dag.py took 2.358 seconds
[2025-01-03T10:05:29.595-0800] {processor.py:186} INFO - Started process (PID=46819) to work on /opt/anaconda3/envs/airflow_env/lib/python3.9/site-packages/airflow/example_dags/example_external_task_marker_dag.py
[2025-01-03T10:05:29.597-0800] {processor.py:914} INFO - Processing file /opt/anaconda3/envs/airflow_env/lib/python3.9/site-packages/airflow/example_dags/example_external_task_marker_dag.py for tasks to queue
[2025-01-03T10:05:29.600-0800] {logging_mixin.py:190} INFO - [2025-01-03T10:05:29.599-0800] {dagbag.py:588} INFO - Filling up the DagBag from /opt/anaconda3/envs/airflow_env/lib/python3.9/site-packages/airflow/example_dags/example_external_task_marker_dag.py
[2025-01-03T10:05:29.617-0800] {processor.py:925} INFO - DAG(s) 'example_external_task_marker_child', 'example_external_task_marker_parent' retrieved from /opt/anaconda3/envs/airflow_env/lib/python3.9/site-packages/airflow/example_dags/example_external_task_marker_dag.py
[2025-01-03T10:05:31.276-0800] {logging_mixin.py:190} INFO - [2025-01-03T10:05:31.275-0800] {dag.py:3239} INFO - Sync 2 DAGs
[2025-01-03T10:05:31.311-0800] {logging_mixin.py:190} INFO - [2025-01-03T10:05:31.311-0800] {dag.py:4180} INFO - Setting next_dagrun for example_external_task_marker_child to None, run_after=None
[2025-01-03T10:05:31.320-0800] {logging_mixin.py:190} INFO - [2025-01-03T10:05:31.319-0800] {dag.py:4180} INFO - Setting next_dagrun for example_external_task_marker_parent to None, run_after=None
[2025-01-03T10:05:31.346-0800] {processor.py:208} INFO - Processing /opt/anaconda3/envs/airflow_env/lib/python3.9/site-packages/airflow/example_dags/example_external_task_marker_dag.py took 1.765 seconds
[2025-01-03T10:09:05.097-0800] {processor.py:186} INFO - Started process (PID=46930) to work on /opt/anaconda3/envs/airflow_env/lib/python3.9/site-packages/airflow/example_dags/example_external_task_marker_dag.py
[2025-01-03T10:09:05.099-0800] {processor.py:914} INFO - Processing file /opt/anaconda3/envs/airflow_env/lib/python3.9/site-packages/airflow/example_dags/example_external_task_marker_dag.py for tasks to queue
[2025-01-03T10:09:05.101-0800] {logging_mixin.py:190} INFO - [2025-01-03T10:09:05.101-0800] {dagbag.py:588} INFO - Filling up the DagBag from /opt/anaconda3/envs/airflow_env/lib/python3.9/site-packages/airflow/example_dags/example_external_task_marker_dag.py
[2025-01-03T10:09:05.117-0800] {processor.py:925} INFO - DAG(s) 'example_external_task_marker_parent', 'example_external_task_marker_child' retrieved from /opt/anaconda3/envs/airflow_env/lib/python3.9/site-packages/airflow/example_dags/example_external_task_marker_dag.py
[2025-01-03T10:09:06.691-0800] {logging_mixin.py:190} INFO - [2025-01-03T10:09:06.690-0800] {dag.py:3239} INFO - Sync 2 DAGs
[2025-01-03T10:09:06.716-0800] {logging_mixin.py:190} INFO - [2025-01-03T10:09:06.714-0800] {dag.py:4180} INFO - Setting next_dagrun for example_external_task_marker_child to None, run_after=None
[2025-01-03T10:09:06.721-0800] {logging_mixin.py:190} INFO - [2025-01-03T10:09:06.721-0800] {dag.py:4180} INFO - Setting next_dagrun for example_external_task_marker_parent to None, run_after=None
[2025-01-03T10:09:06.745-0800] {processor.py:208} INFO - Processing /opt/anaconda3/envs/airflow_env/lib/python3.9/site-packages/airflow/example_dags/example_external_task_marker_dag.py took 1.652 seconds
[2025-01-03T10:12:28.648-0800] {processor.py:186} INFO - Started process (PID=47048) to work on /opt/anaconda3/envs/airflow_env/lib/python3.9/site-packages/airflow/example_dags/example_external_task_marker_dag.py
[2025-01-03T10:12:28.651-0800] {processor.py:914} INFO - Processing file /opt/anaconda3/envs/airflow_env/lib/python3.9/site-packages/airflow/example_dags/example_external_task_marker_dag.py for tasks to queue
[2025-01-03T10:12:28.652-0800] {logging_mixin.py:190} INFO - [2025-01-03T10:12:28.652-0800] {dagbag.py:588} INFO - Filling up the DagBag from /opt/anaconda3/envs/airflow_env/lib/python3.9/site-packages/airflow/example_dags/example_external_task_marker_dag.py
[2025-01-03T10:12:28.676-0800] {processor.py:925} INFO - DAG(s) 'example_external_task_marker_child', 'example_external_task_marker_parent' retrieved from /opt/anaconda3/envs/airflow_env/lib/python3.9/site-packages/airflow/example_dags/example_external_task_marker_dag.py
[2025-01-03T10:12:30.200-0800] {logging_mixin.py:190} INFO - [2025-01-03T10:12:30.200-0800] {dag.py:3239} INFO - Sync 2 DAGs
[2025-01-03T10:12:30.215-0800] {logging_mixin.py:190} INFO - [2025-01-03T10:12:30.215-0800] {dag.py:4180} INFO - Setting next_dagrun for example_external_task_marker_child to None, run_after=None
[2025-01-03T10:12:30.220-0800] {logging_mixin.py:190} INFO - [2025-01-03T10:12:30.219-0800] {dag.py:4180} INFO - Setting next_dagrun for example_external_task_marker_parent to None, run_after=None
[2025-01-03T10:12:30.243-0800] {processor.py:208} INFO - Processing /opt/anaconda3/envs/airflow_env/lib/python3.9/site-packages/airflow/example_dags/example_external_task_marker_dag.py took 1.600 seconds
[2025-01-03T10:16:10.730-0800] {processor.py:186} INFO - Started process (PID=47200) to work on /opt/anaconda3/envs/airflow_env/lib/python3.9/site-packages/airflow/example_dags/example_external_task_marker_dag.py
[2025-01-03T10:16:10.735-0800] {processor.py:914} INFO - Processing file /opt/anaconda3/envs/airflow_env/lib/python3.9/site-packages/airflow/example_dags/example_external_task_marker_dag.py for tasks to queue
[2025-01-03T10:16:10.740-0800] {logging_mixin.py:190} INFO - [2025-01-03T10:16:10.739-0800] {dagbag.py:588} INFO - Filling up the DagBag from /opt/anaconda3/envs/airflow_env/lib/python3.9/site-packages/airflow/example_dags/example_external_task_marker_dag.py
[2025-01-03T10:16:10.775-0800] {processor.py:925} INFO - DAG(s) 'example_external_task_marker_child', 'example_external_task_marker_parent' retrieved from /opt/anaconda3/envs/airflow_env/lib/python3.9/site-packages/airflow/example_dags/example_external_task_marker_dag.py
[2025-01-03T10:16:13.407-0800] {logging_mixin.py:190} INFO - [2025-01-03T10:16:13.406-0800] {dag.py:3239} INFO - Sync 2 DAGs
[2025-01-03T10:16:13.424-0800] {logging_mixin.py:190} INFO - [2025-01-03T10:16:13.424-0800] {dag.py:4180} INFO - Setting next_dagrun for example_external_task_marker_child to None, run_after=None
[2025-01-03T10:16:13.433-0800] {logging_mixin.py:190} INFO - [2025-01-03T10:16:13.433-0800] {dag.py:4180} INFO - Setting next_dagrun for example_external_task_marker_parent to None, run_after=None
[2025-01-03T10:16:13.465-0800] {processor.py:208} INFO - Processing /opt/anaconda3/envs/airflow_env/lib/python3.9/site-packages/airflow/example_dags/example_external_task_marker_dag.py took 2.745 seconds
[2025-01-03T10:20:09.165-0800] {processor.py:186} INFO - Started process (PID=47452) to work on /opt/anaconda3/envs/airflow_env/lib/python3.9/site-packages/airflow/example_dags/example_external_task_marker_dag.py
[2025-01-03T10:20:09.167-0800] {processor.py:914} INFO - Processing file /opt/anaconda3/envs/airflow_env/lib/python3.9/site-packages/airflow/example_dags/example_external_task_marker_dag.py for tasks to queue
[2025-01-03T10:20:09.169-0800] {logging_mixin.py:190} INFO - [2025-01-03T10:20:09.169-0800] {dagbag.py:588} INFO - Filling up the DagBag from /opt/anaconda3/envs/airflow_env/lib/python3.9/site-packages/airflow/example_dags/example_external_task_marker_dag.py
[2025-01-03T10:20:09.186-0800] {processor.py:925} INFO - DAG(s) 'example_external_task_marker_child', 'example_external_task_marker_parent' retrieved from /opt/anaconda3/envs/airflow_env/lib/python3.9/site-packages/airflow/example_dags/example_external_task_marker_dag.py
[2025-01-03T10:20:10.942-0800] {logging_mixin.py:190} INFO - [2025-01-03T10:20:10.941-0800] {dag.py:3239} INFO - Sync 2 DAGs
[2025-01-03T10:20:10.958-0800] {logging_mixin.py:190} INFO - [2025-01-03T10:20:10.958-0800] {dag.py:4180} INFO - Setting next_dagrun for example_external_task_marker_child to None, run_after=None
[2025-01-03T10:20:10.963-0800] {logging_mixin.py:190} INFO - [2025-01-03T10:20:10.963-0800] {dag.py:4180} INFO - Setting next_dagrun for example_external_task_marker_parent to None, run_after=None
[2025-01-03T10:20:10.987-0800] {processor.py:208} INFO - Processing /opt/anaconda3/envs/airflow_env/lib/python3.9/site-packages/airflow/example_dags/example_external_task_marker_dag.py took 1.826 seconds
[2025-01-03T10:24:09.292-0800] {processor.py:186} INFO - Started process (PID=47621) to work on /opt/anaconda3/envs/airflow_env/lib/python3.9/site-packages/airflow/example_dags/example_external_task_marker_dag.py
[2025-01-03T10:24:09.295-0800] {processor.py:914} INFO - Processing file /opt/anaconda3/envs/airflow_env/lib/python3.9/site-packages/airflow/example_dags/example_external_task_marker_dag.py for tasks to queue
[2025-01-03T10:24:09.297-0800] {logging_mixin.py:190} INFO - [2025-01-03T10:24:09.296-0800] {dagbag.py:588} INFO - Filling up the DagBag from /opt/anaconda3/envs/airflow_env/lib/python3.9/site-packages/airflow/example_dags/example_external_task_marker_dag.py
[2025-01-03T10:24:09.322-0800] {processor.py:925} INFO - DAG(s) 'example_external_task_marker_parent', 'example_external_task_marker_child' retrieved from /opt/anaconda3/envs/airflow_env/lib/python3.9/site-packages/airflow/example_dags/example_external_task_marker_dag.py
[2025-01-03T10:24:11.090-0800] {logging_mixin.py:190} INFO - [2025-01-03T10:24:11.089-0800] {dag.py:3239} INFO - Sync 2 DAGs
[2025-01-03T10:24:11.103-0800] {logging_mixin.py:190} INFO - [2025-01-03T10:24:11.102-0800] {dag.py:4180} INFO - Setting next_dagrun for example_external_task_marker_child to None, run_after=None
[2025-01-03T10:24:11.106-0800] {logging_mixin.py:190} INFO - [2025-01-03T10:24:11.106-0800] {dag.py:4180} INFO - Setting next_dagrun for example_external_task_marker_parent to None, run_after=None
[2025-01-03T10:24:11.127-0800] {processor.py:208} INFO - Processing /opt/anaconda3/envs/airflow_env/lib/python3.9/site-packages/airflow/example_dags/example_external_task_marker_dag.py took 1.840 seconds
[2025-01-03T10:28:20.437-0800] {processor.py:186} INFO - Started process (PID=47739) to work on /opt/anaconda3/envs/airflow_env/lib/python3.9/site-packages/airflow/example_dags/example_external_task_marker_dag.py
[2025-01-03T10:28:20.439-0800] {processor.py:914} INFO - Processing file /opt/anaconda3/envs/airflow_env/lib/python3.9/site-packages/airflow/example_dags/example_external_task_marker_dag.py for tasks to queue
[2025-01-03T10:28:20.441-0800] {logging_mixin.py:190} INFO - [2025-01-03T10:28:20.440-0800] {dagbag.py:588} INFO - Filling up the DagBag from /opt/anaconda3/envs/airflow_env/lib/python3.9/site-packages/airflow/example_dags/example_external_task_marker_dag.py
[2025-01-03T10:28:20.457-0800] {processor.py:925} INFO - DAG(s) 'example_external_task_marker_parent', 'example_external_task_marker_child' retrieved from /opt/anaconda3/envs/airflow_env/lib/python3.9/site-packages/airflow/example_dags/example_external_task_marker_dag.py
[2025-01-03T10:28:22.353-0800] {logging_mixin.py:190} INFO - [2025-01-03T10:28:22.352-0800] {dag.py:3239} INFO - Sync 2 DAGs
[2025-01-03T10:28:22.374-0800] {logging_mixin.py:190} INFO - [2025-01-03T10:28:22.374-0800] {dag.py:4180} INFO - Setting next_dagrun for example_external_task_marker_child to None, run_after=None
[2025-01-03T10:28:22.380-0800] {logging_mixin.py:190} INFO - [2025-01-03T10:28:22.379-0800] {dag.py:4180} INFO - Setting next_dagrun for example_external_task_marker_parent to None, run_after=None
[2025-01-03T10:28:22.409-0800] {processor.py:208} INFO - Processing /opt/anaconda3/envs/airflow_env/lib/python3.9/site-packages/airflow/example_dags/example_external_task_marker_dag.py took 1.976 seconds
[2025-01-03T10:32:44.929-0800] {processor.py:186} INFO - Started process (PID=47873) to work on /opt/anaconda3/envs/airflow_env/lib/python3.9/site-packages/airflow/example_dags/example_external_task_marker_dag.py
[2025-01-03T10:32:44.932-0800] {processor.py:914} INFO - Processing file /opt/anaconda3/envs/airflow_env/lib/python3.9/site-packages/airflow/example_dags/example_external_task_marker_dag.py for tasks to queue
[2025-01-03T10:32:44.934-0800] {logging_mixin.py:190} INFO - [2025-01-03T10:32:44.933-0800] {dagbag.py:588} INFO - Filling up the DagBag from /opt/anaconda3/envs/airflow_env/lib/python3.9/site-packages/airflow/example_dags/example_external_task_marker_dag.py
[2025-01-03T10:32:44.950-0800] {processor.py:925} INFO - DAG(s) 'example_external_task_marker_child', 'example_external_task_marker_parent' retrieved from /opt/anaconda3/envs/airflow_env/lib/python3.9/site-packages/airflow/example_dags/example_external_task_marker_dag.py
[2025-01-03T10:32:47.083-0800] {logging_mixin.py:190} INFO - [2025-01-03T10:32:47.083-0800] {dag.py:3239} INFO - Sync 2 DAGs
[2025-01-03T10:32:47.096-0800] {logging_mixin.py:190} INFO - [2025-01-03T10:32:47.095-0800] {dag.py:4180} INFO - Setting next_dagrun for example_external_task_marker_child to None, run_after=None
[2025-01-03T10:32:47.099-0800] {logging_mixin.py:190} INFO - [2025-01-03T10:32:47.099-0800] {dag.py:4180} INFO - Setting next_dagrun for example_external_task_marker_parent to None, run_after=None
[2025-01-03T10:32:47.120-0800] {processor.py:208} INFO - Processing /opt/anaconda3/envs/airflow_env/lib/python3.9/site-packages/airflow/example_dags/example_external_task_marker_dag.py took 2.195 seconds
[2025-01-03T10:37:02.778-0800] {processor.py:186} INFO - Started process (PID=48011) to work on /opt/anaconda3/envs/airflow_env/lib/python3.9/site-packages/airflow/example_dags/example_external_task_marker_dag.py
[2025-01-03T10:37:02.783-0800] {processor.py:914} INFO - Processing file /opt/anaconda3/envs/airflow_env/lib/python3.9/site-packages/airflow/example_dags/example_external_task_marker_dag.py for tasks to queue
[2025-01-03T10:37:02.785-0800] {logging_mixin.py:190} INFO - [2025-01-03T10:37:02.785-0800] {dagbag.py:588} INFO - Filling up the DagBag from /opt/anaconda3/envs/airflow_env/lib/python3.9/site-packages/airflow/example_dags/example_external_task_marker_dag.py
[2025-01-03T10:37:02.809-0800] {processor.py:925} INFO - DAG(s) 'example_external_task_marker_parent', 'example_external_task_marker_child' retrieved from /opt/anaconda3/envs/airflow_env/lib/python3.9/site-packages/airflow/example_dags/example_external_task_marker_dag.py
[2025-01-03T10:37:04.380-0800] {logging_mixin.py:190} INFO - [2025-01-03T10:37:04.380-0800] {dag.py:3239} INFO - Sync 2 DAGs
[2025-01-03T10:37:04.393-0800] {logging_mixin.py:190} INFO - [2025-01-03T10:37:04.393-0800] {dag.py:4180} INFO - Setting next_dagrun for example_external_task_marker_child to None, run_after=None
[2025-01-03T10:37:04.397-0800] {logging_mixin.py:190} INFO - [2025-01-03T10:37:04.397-0800] {dag.py:4180} INFO - Setting next_dagrun for example_external_task_marker_parent to None, run_after=None
[2025-01-03T10:37:04.417-0800] {processor.py:208} INFO - Processing /opt/anaconda3/envs/airflow_env/lib/python3.9/site-packages/airflow/example_dags/example_external_task_marker_dag.py took 1.645 seconds
[2025-01-03T10:41:23.986-0800] {processor.py:186} INFO - Started process (PID=48134) to work on /opt/anaconda3/envs/airflow_env/lib/python3.9/site-packages/airflow/example_dags/example_external_task_marker_dag.py
[2025-01-03T10:41:23.989-0800] {processor.py:914} INFO - Processing file /opt/anaconda3/envs/airflow_env/lib/python3.9/site-packages/airflow/example_dags/example_external_task_marker_dag.py for tasks to queue
[2025-01-03T10:41:23.991-0800] {logging_mixin.py:190} INFO - [2025-01-03T10:41:23.990-0800] {dagbag.py:588} INFO - Filling up the DagBag from /opt/anaconda3/envs/airflow_env/lib/python3.9/site-packages/airflow/example_dags/example_external_task_marker_dag.py
[2025-01-03T10:41:24.030-0800] {processor.py:925} INFO - DAG(s) 'example_external_task_marker_child', 'example_external_task_marker_parent' retrieved from /opt/anaconda3/envs/airflow_env/lib/python3.9/site-packages/airflow/example_dags/example_external_task_marker_dag.py
[2025-01-03T10:41:26.065-0800] {logging_mixin.py:190} INFO - [2025-01-03T10:41:26.064-0800] {dag.py:3239} INFO - Sync 2 DAGs
[2025-01-03T10:41:26.083-0800] {logging_mixin.py:190} INFO - [2025-01-03T10:41:26.083-0800] {dag.py:4180} INFO - Setting next_dagrun for example_external_task_marker_child to None, run_after=None
[2025-01-03T10:41:26.089-0800] {logging_mixin.py:190} INFO - [2025-01-03T10:41:26.088-0800] {dag.py:4180} INFO - Setting next_dagrun for example_external_task_marker_parent to None, run_after=None
[2025-01-03T10:41:26.121-0800] {processor.py:208} INFO - Processing /opt/anaconda3/envs/airflow_env/lib/python3.9/site-packages/airflow/example_dags/example_external_task_marker_dag.py took 2.139 seconds
[2025-01-03T10:45:13.749-0800] {processor.py:186} INFO - Started process (PID=48256) to work on /opt/anaconda3/envs/airflow_env/lib/python3.9/site-packages/airflow/example_dags/example_external_task_marker_dag.py
[2025-01-03T10:45:13.752-0800] {processor.py:914} INFO - Processing file /opt/anaconda3/envs/airflow_env/lib/python3.9/site-packages/airflow/example_dags/example_external_task_marker_dag.py for tasks to queue
[2025-01-03T10:45:13.753-0800] {logging_mixin.py:190} INFO - [2025-01-03T10:45:13.753-0800] {dagbag.py:588} INFO - Filling up the DagBag from /opt/anaconda3/envs/airflow_env/lib/python3.9/site-packages/airflow/example_dags/example_external_task_marker_dag.py
[2025-01-03T10:45:13.775-0800] {processor.py:925} INFO - DAG(s) 'example_external_task_marker_child', 'example_external_task_marker_parent' retrieved from /opt/anaconda3/envs/airflow_env/lib/python3.9/site-packages/airflow/example_dags/example_external_task_marker_dag.py
[2025-01-03T10:45:15.383-0800] {logging_mixin.py:190} INFO - [2025-01-03T10:45:15.382-0800] {dag.py:3239} INFO - Sync 2 DAGs
[2025-01-03T10:45:15.397-0800] {logging_mixin.py:190} INFO - [2025-01-03T10:45:15.397-0800] {dag.py:4180} INFO - Setting next_dagrun for example_external_task_marker_child to None, run_after=None
[2025-01-03T10:45:15.401-0800] {logging_mixin.py:190} INFO - [2025-01-03T10:45:15.401-0800] {dag.py:4180} INFO - Setting next_dagrun for example_external_task_marker_parent to None, run_after=None
[2025-01-03T10:45:15.444-0800] {processor.py:208} INFO - Processing /opt/anaconda3/envs/airflow_env/lib/python3.9/site-packages/airflow/example_dags/example_external_task_marker_dag.py took 1.703 seconds
[2025-01-03T10:49:17.094-0800] {processor.py:186} INFO - Started process (PID=48392) to work on /opt/anaconda3/envs/airflow_env/lib/python3.9/site-packages/airflow/example_dags/example_external_task_marker_dag.py
[2025-01-03T10:49:17.099-0800] {processor.py:914} INFO - Processing file /opt/anaconda3/envs/airflow_env/lib/python3.9/site-packages/airflow/example_dags/example_external_task_marker_dag.py for tasks to queue
[2025-01-03T10:49:17.102-0800] {logging_mixin.py:190} INFO - [2025-01-03T10:49:17.101-0800] {dagbag.py:588} INFO - Filling up the DagBag from /opt/anaconda3/envs/airflow_env/lib/python3.9/site-packages/airflow/example_dags/example_external_task_marker_dag.py
[2025-01-03T10:49:17.138-0800] {processor.py:925} INFO - DAG(s) 'example_external_task_marker_child', 'example_external_task_marker_parent' retrieved from /opt/anaconda3/envs/airflow_env/lib/python3.9/site-packages/airflow/example_dags/example_external_task_marker_dag.py
[2025-01-03T10:49:18.931-0800] {logging_mixin.py:190} INFO - [2025-01-03T10:49:18.930-0800] {dag.py:3239} INFO - Sync 2 DAGs
[2025-01-03T10:49:18.962-0800] {logging_mixin.py:190} INFO - [2025-01-03T10:49:18.962-0800] {dag.py:4180} INFO - Setting next_dagrun for example_external_task_marker_child to None, run_after=None
[2025-01-03T10:49:18.970-0800] {logging_mixin.py:190} INFO - [2025-01-03T10:49:18.969-0800] {dag.py:4180} INFO - Setting next_dagrun for example_external_task_marker_parent to None, run_after=None
[2025-01-03T10:49:18.996-0800] {processor.py:208} INFO - Processing /opt/anaconda3/envs/airflow_env/lib/python3.9/site-packages/airflow/example_dags/example_external_task_marker_dag.py took 1.906 seconds
[2025-01-03T10:53:35.860-0800] {processor.py:186} INFO - Started process (PID=48600) to work on /opt/anaconda3/envs/airflow_env/lib/python3.9/site-packages/airflow/example_dags/example_external_task_marker_dag.py
[2025-01-03T10:53:35.864-0800] {processor.py:914} INFO - Processing file /opt/anaconda3/envs/airflow_env/lib/python3.9/site-packages/airflow/example_dags/example_external_task_marker_dag.py for tasks to queue
[2025-01-03T10:53:35.866-0800] {logging_mixin.py:190} INFO - [2025-01-03T10:53:35.865-0800] {dagbag.py:588} INFO - Filling up the DagBag from /opt/anaconda3/envs/airflow_env/lib/python3.9/site-packages/airflow/example_dags/example_external_task_marker_dag.py
[2025-01-03T10:53:35.896-0800] {processor.py:925} INFO - DAG(s) 'example_external_task_marker_parent', 'example_external_task_marker_child' retrieved from /opt/anaconda3/envs/airflow_env/lib/python3.9/site-packages/airflow/example_dags/example_external_task_marker_dag.py
[2025-01-03T10:53:37.849-0800] {logging_mixin.py:190} INFO - [2025-01-03T10:53:37.848-0800] {dag.py:3239} INFO - Sync 2 DAGs
[2025-01-03T10:53:37.871-0800] {logging_mixin.py:190} INFO - [2025-01-03T10:53:37.871-0800] {dag.py:4180} INFO - Setting next_dagrun for example_external_task_marker_child to None, run_after=None
[2025-01-03T10:53:37.880-0800] {logging_mixin.py:190} INFO - [2025-01-03T10:53:37.880-0800] {dag.py:4180} INFO - Setting next_dagrun for example_external_task_marker_parent to None, run_after=None
[2025-01-03T10:53:37.913-0800] {processor.py:208} INFO - Processing /opt/anaconda3/envs/airflow_env/lib/python3.9/site-packages/airflow/example_dags/example_external_task_marker_dag.py took 2.060 seconds
[2025-01-03T10:57:43.157-0800] {processor.py:186} INFO - Started process (PID=48822) to work on /opt/anaconda3/envs/airflow_env/lib/python3.9/site-packages/airflow/example_dags/example_external_task_marker_dag.py
[2025-01-03T10:57:43.160-0800] {processor.py:914} INFO - Processing file /opt/anaconda3/envs/airflow_env/lib/python3.9/site-packages/airflow/example_dags/example_external_task_marker_dag.py for tasks to queue
[2025-01-03T10:57:43.163-0800] {logging_mixin.py:190} INFO - [2025-01-03T10:57:43.162-0800] {dagbag.py:588} INFO - Filling up the DagBag from /opt/anaconda3/envs/airflow_env/lib/python3.9/site-packages/airflow/example_dags/example_external_task_marker_dag.py
[2025-01-03T10:57:43.196-0800] {processor.py:925} INFO - DAG(s) 'example_external_task_marker_parent', 'example_external_task_marker_child' retrieved from /opt/anaconda3/envs/airflow_env/lib/python3.9/site-packages/airflow/example_dags/example_external_task_marker_dag.py
[2025-01-03T10:57:45.571-0800] {logging_mixin.py:190} INFO - [2025-01-03T10:57:45.570-0800] {dag.py:3239} INFO - Sync 2 DAGs
[2025-01-03T10:57:45.590-0800] {logging_mixin.py:190} INFO - [2025-01-03T10:57:45.590-0800] {dag.py:4180} INFO - Setting next_dagrun for example_external_task_marker_child to None, run_after=None
[2025-01-03T10:57:45.594-0800] {logging_mixin.py:190} INFO - [2025-01-03T10:57:45.594-0800] {dag.py:4180} INFO - Setting next_dagrun for example_external_task_marker_parent to None, run_after=None
[2025-01-03T10:57:45.618-0800] {processor.py:208} INFO - Processing /opt/anaconda3/envs/airflow_env/lib/python3.9/site-packages/airflow/example_dags/example_external_task_marker_dag.py took 2.472 seconds
[2025-01-03T11:02:31.339-0800] {processor.py:186} INFO - Started process (PID=48942) to work on /opt/anaconda3/envs/airflow_env/lib/python3.9/site-packages/airflow/example_dags/example_external_task_marker_dag.py
[2025-01-03T11:02:31.393-0800] {processor.py:914} INFO - Processing file /opt/anaconda3/envs/airflow_env/lib/python3.9/site-packages/airflow/example_dags/example_external_task_marker_dag.py for tasks to queue
[2025-01-03T11:02:31.399-0800] {logging_mixin.py:190} INFO - [2025-01-03T11:02:31.397-0800] {dagbag.py:588} INFO - Filling up the DagBag from /opt/anaconda3/envs/airflow_env/lib/python3.9/site-packages/airflow/example_dags/example_external_task_marker_dag.py
[2025-01-03T11:02:31.474-0800] {processor.py:925} INFO - DAG(s) 'example_external_task_marker_parent', 'example_external_task_marker_child' retrieved from /opt/anaconda3/envs/airflow_env/lib/python3.9/site-packages/airflow/example_dags/example_external_task_marker_dag.py
[2025-01-03T11:02:33.604-0800] {logging_mixin.py:190} INFO - [2025-01-03T11:02:33.604-0800] {dag.py:3239} INFO - Sync 2 DAGs
[2025-01-03T11:02:33.618-0800] {logging_mixin.py:190} INFO - [2025-01-03T11:02:33.618-0800] {dag.py:4180} INFO - Setting next_dagrun for example_external_task_marker_child to None, run_after=None
[2025-01-03T11:02:33.621-0800] {logging_mixin.py:190} INFO - [2025-01-03T11:02:33.621-0800] {dag.py:4180} INFO - Setting next_dagrun for example_external_task_marker_parent to None, run_after=None
[2025-01-03T11:02:33.643-0800] {processor.py:208} INFO - Processing /opt/anaconda3/envs/airflow_env/lib/python3.9/site-packages/airflow/example_dags/example_external_task_marker_dag.py took 2.310 seconds
[2025-01-03T11:06:48.105-0800] {processor.py:186} INFO - Started process (PID=49128) to work on /opt/anaconda3/envs/airflow_env/lib/python3.9/site-packages/airflow/example_dags/example_external_task_marker_dag.py
[2025-01-03T11:06:48.108-0800] {processor.py:914} INFO - Processing file /opt/anaconda3/envs/airflow_env/lib/python3.9/site-packages/airflow/example_dags/example_external_task_marker_dag.py for tasks to queue
[2025-01-03T11:06:48.109-0800] {logging_mixin.py:190} INFO - [2025-01-03T11:06:48.109-0800] {dagbag.py:588} INFO - Filling up the DagBag from /opt/anaconda3/envs/airflow_env/lib/python3.9/site-packages/airflow/example_dags/example_external_task_marker_dag.py
[2025-01-03T11:06:48.127-0800] {processor.py:925} INFO - DAG(s) 'example_external_task_marker_parent', 'example_external_task_marker_child' retrieved from /opt/anaconda3/envs/airflow_env/lib/python3.9/site-packages/airflow/example_dags/example_external_task_marker_dag.py
[2025-01-03T11:06:49.931-0800] {logging_mixin.py:190} INFO - [2025-01-03T11:06:49.930-0800] {dag.py:3239} INFO - Sync 2 DAGs
[2025-01-03T11:06:49.956-0800] {logging_mixin.py:190} INFO - [2025-01-03T11:06:49.955-0800] {dag.py:4180} INFO - Setting next_dagrun for example_external_task_marker_child to None, run_after=None
[2025-01-03T11:06:49.961-0800] {logging_mixin.py:190} INFO - [2025-01-03T11:06:49.961-0800] {dag.py:4180} INFO - Setting next_dagrun for example_external_task_marker_parent to None, run_after=None
[2025-01-03T11:06:49.989-0800] {processor.py:208} INFO - Processing /opt/anaconda3/envs/airflow_env/lib/python3.9/site-packages/airflow/example_dags/example_external_task_marker_dag.py took 1.888 seconds
[2025-01-03T11:10:54.638-0800] {processor.py:186} INFO - Started process (PID=49320) to work on /opt/anaconda3/envs/airflow_env/lib/python3.9/site-packages/airflow/example_dags/example_external_task_marker_dag.py
[2025-01-03T11:10:54.641-0800] {processor.py:914} INFO - Processing file /opt/anaconda3/envs/airflow_env/lib/python3.9/site-packages/airflow/example_dags/example_external_task_marker_dag.py for tasks to queue
[2025-01-03T11:10:54.648-0800] {logging_mixin.py:190} INFO - [2025-01-03T11:10:54.648-0800] {dagbag.py:588} INFO - Filling up the DagBag from /opt/anaconda3/envs/airflow_env/lib/python3.9/site-packages/airflow/example_dags/example_external_task_marker_dag.py
[2025-01-03T11:10:54.718-0800] {processor.py:925} INFO - DAG(s) 'example_external_task_marker_child', 'example_external_task_marker_parent' retrieved from /opt/anaconda3/envs/airflow_env/lib/python3.9/site-packages/airflow/example_dags/example_external_task_marker_dag.py
[2025-01-03T11:10:56.927-0800] {logging_mixin.py:190} INFO - [2025-01-03T11:10:56.927-0800] {dag.py:3239} INFO - Sync 2 DAGs
[2025-01-03T11:10:56.941-0800] {logging_mixin.py:190} INFO - [2025-01-03T11:10:56.940-0800] {dag.py:4180} INFO - Setting next_dagrun for example_external_task_marker_child to None, run_after=None
[2025-01-03T11:10:56.947-0800] {logging_mixin.py:190} INFO - [2025-01-03T11:10:56.947-0800] {dag.py:4180} INFO - Setting next_dagrun for example_external_task_marker_parent to None, run_after=None
[2025-01-03T11:10:56.980-0800] {processor.py:208} INFO - Processing /opt/anaconda3/envs/airflow_env/lib/python3.9/site-packages/airflow/example_dags/example_external_task_marker_dag.py took 2.359 seconds
[2025-01-03T11:15:41.461-0800] {processor.py:186} INFO - Started process (PID=49681) to work on /opt/anaconda3/envs/airflow_env/lib/python3.9/site-packages/airflow/example_dags/example_external_task_marker_dag.py
[2025-01-03T11:15:41.463-0800] {processor.py:914} INFO - Processing file /opt/anaconda3/envs/airflow_env/lib/python3.9/site-packages/airflow/example_dags/example_external_task_marker_dag.py for tasks to queue
[2025-01-03T11:15:41.465-0800] {logging_mixin.py:190} INFO - [2025-01-03T11:15:41.464-0800] {dagbag.py:588} INFO - Filling up the DagBag from /opt/anaconda3/envs/airflow_env/lib/python3.9/site-packages/airflow/example_dags/example_external_task_marker_dag.py
[2025-01-03T11:15:41.494-0800] {processor.py:925} INFO - DAG(s) 'example_external_task_marker_child', 'example_external_task_marker_parent' retrieved from /opt/anaconda3/envs/airflow_env/lib/python3.9/site-packages/airflow/example_dags/example_external_task_marker_dag.py
[2025-01-03T11:15:43.183-0800] {logging_mixin.py:190} INFO - [2025-01-03T11:15:43.182-0800] {dag.py:3239} INFO - Sync 2 DAGs
[2025-01-03T11:15:43.204-0800] {logging_mixin.py:190} INFO - [2025-01-03T11:15:43.204-0800] {dag.py:4180} INFO - Setting next_dagrun for example_external_task_marker_child to None, run_after=None
[2025-01-03T11:15:43.210-0800] {logging_mixin.py:190} INFO - [2025-01-03T11:15:43.210-0800] {dag.py:4180} INFO - Setting next_dagrun for example_external_task_marker_parent to None, run_after=None
[2025-01-03T11:15:43.244-0800] {processor.py:208} INFO - Processing /opt/anaconda3/envs/airflow_env/lib/python3.9/site-packages/airflow/example_dags/example_external_task_marker_dag.py took 1.793 seconds
[2025-01-03T11:20:12.983-0800] {processor.py:186} INFO - Started process (PID=49821) to work on /opt/anaconda3/envs/airflow_env/lib/python3.9/site-packages/airflow/example_dags/example_external_task_marker_dag.py
[2025-01-03T11:20:12.986-0800] {processor.py:914} INFO - Processing file /opt/anaconda3/envs/airflow_env/lib/python3.9/site-packages/airflow/example_dags/example_external_task_marker_dag.py for tasks to queue
[2025-01-03T11:20:12.988-0800] {logging_mixin.py:190} INFO - [2025-01-03T11:20:12.987-0800] {dagbag.py:588} INFO - Filling up the DagBag from /opt/anaconda3/envs/airflow_env/lib/python3.9/site-packages/airflow/example_dags/example_external_task_marker_dag.py
[2025-01-03T11:20:13.004-0800] {processor.py:925} INFO - DAG(s) 'example_external_task_marker_child', 'example_external_task_marker_parent' retrieved from /opt/anaconda3/envs/airflow_env/lib/python3.9/site-packages/airflow/example_dags/example_external_task_marker_dag.py
[2025-01-03T11:20:15.350-0800] {logging_mixin.py:190} INFO - [2025-01-03T11:20:15.350-0800] {dag.py:3239} INFO - Sync 2 DAGs
[2025-01-03T11:20:15.366-0800] {logging_mixin.py:190} INFO - [2025-01-03T11:20:15.366-0800] {dag.py:4180} INFO - Setting next_dagrun for example_external_task_marker_child to None, run_after=None
[2025-01-03T11:20:15.370-0800] {logging_mixin.py:190} INFO - [2025-01-03T11:20:15.370-0800] {dag.py:4180} INFO - Setting next_dagrun for example_external_task_marker_parent to None, run_after=None
[2025-01-03T11:20:15.393-0800] {processor.py:208} INFO - Processing /opt/anaconda3/envs/airflow_env/lib/python3.9/site-packages/airflow/example_dags/example_external_task_marker_dag.py took 2.413 seconds
[2025-01-03T11:24:35.244-0800] {processor.py:186} INFO - Started process (PID=49964) to work on /opt/anaconda3/envs/airflow_env/lib/python3.9/site-packages/airflow/example_dags/example_external_task_marker_dag.py
[2025-01-03T11:24:35.246-0800] {processor.py:914} INFO - Processing file /opt/anaconda3/envs/airflow_env/lib/python3.9/site-packages/airflow/example_dags/example_external_task_marker_dag.py for tasks to queue
[2025-01-03T11:24:35.248-0800] {logging_mixin.py:190} INFO - [2025-01-03T11:24:35.247-0800] {dagbag.py:588} INFO - Filling up the DagBag from /opt/anaconda3/envs/airflow_env/lib/python3.9/site-packages/airflow/example_dags/example_external_task_marker_dag.py
[2025-01-03T11:24:35.264-0800] {processor.py:925} INFO - DAG(s) 'example_external_task_marker_child', 'example_external_task_marker_parent' retrieved from /opt/anaconda3/envs/airflow_env/lib/python3.9/site-packages/airflow/example_dags/example_external_task_marker_dag.py
[2025-01-03T11:24:37.323-0800] {logging_mixin.py:190} INFO - [2025-01-03T11:24:37.322-0800] {dag.py:3239} INFO - Sync 2 DAGs
[2025-01-03T11:24:37.339-0800] {logging_mixin.py:190} INFO - [2025-01-03T11:24:37.338-0800] {dag.py:4180} INFO - Setting next_dagrun for example_external_task_marker_child to None, run_after=None
[2025-01-03T11:24:37.343-0800] {logging_mixin.py:190} INFO - [2025-01-03T11:24:37.343-0800] {dag.py:4180} INFO - Setting next_dagrun for example_external_task_marker_parent to None, run_after=None
[2025-01-03T11:24:37.385-0800] {processor.py:208} INFO - Processing /opt/anaconda3/envs/airflow_env/lib/python3.9/site-packages/airflow/example_dags/example_external_task_marker_dag.py took 2.146 seconds
[2025-01-03T11:29:17.414-0800] {processor.py:186} INFO - Started process (PID=50173) to work on /opt/anaconda3/envs/airflow_env/lib/python3.9/site-packages/airflow/example_dags/example_external_task_marker_dag.py
[2025-01-03T11:29:17.421-0800] {processor.py:914} INFO - Processing file /opt/anaconda3/envs/airflow_env/lib/python3.9/site-packages/airflow/example_dags/example_external_task_marker_dag.py for tasks to queue
[2025-01-03T11:29:17.422-0800] {logging_mixin.py:190} INFO - [2025-01-03T11:29:17.422-0800] {dagbag.py:588} INFO - Filling up the DagBag from /opt/anaconda3/envs/airflow_env/lib/python3.9/site-packages/airflow/example_dags/example_external_task_marker_dag.py
[2025-01-03T11:29:17.462-0800] {processor.py:925} INFO - DAG(s) 'example_external_task_marker_parent', 'example_external_task_marker_child' retrieved from /opt/anaconda3/envs/airflow_env/lib/python3.9/site-packages/airflow/example_dags/example_external_task_marker_dag.py
[2025-01-03T11:29:20.282-0800] {logging_mixin.py:190} INFO - [2025-01-03T11:29:20.281-0800] {dag.py:3239} INFO - Sync 2 DAGs
[2025-01-03T11:29:20.302-0800] {logging_mixin.py:190} INFO - [2025-01-03T11:29:20.301-0800] {dag.py:4180} INFO - Setting next_dagrun for example_external_task_marker_child to None, run_after=None
[2025-01-03T11:29:20.306-0800] {logging_mixin.py:190} INFO - [2025-01-03T11:29:20.306-0800] {dag.py:4180} INFO - Setting next_dagrun for example_external_task_marker_parent to None, run_after=None
[2025-01-03T11:29:20.333-0800] {processor.py:208} INFO - Processing /opt/anaconda3/envs/airflow_env/lib/python3.9/site-packages/airflow/example_dags/example_external_task_marker_dag.py took 2.941 seconds
[2025-01-03T11:34:05.210-0800] {processor.py:186} INFO - Started process (PID=50361) to work on /opt/anaconda3/envs/airflow_env/lib/python3.9/site-packages/airflow/example_dags/example_external_task_marker_dag.py
[2025-01-03T11:34:05.219-0800] {processor.py:914} INFO - Processing file /opt/anaconda3/envs/airflow_env/lib/python3.9/site-packages/airflow/example_dags/example_external_task_marker_dag.py for tasks to queue
[2025-01-03T11:34:05.221-0800] {logging_mixin.py:190} INFO - [2025-01-03T11:34:05.221-0800] {dagbag.py:588} INFO - Filling up the DagBag from /opt/anaconda3/envs/airflow_env/lib/python3.9/site-packages/airflow/example_dags/example_external_task_marker_dag.py
[2025-01-03T11:34:05.255-0800] {processor.py:925} INFO - DAG(s) 'example_external_task_marker_child', 'example_external_task_marker_parent' retrieved from /opt/anaconda3/envs/airflow_env/lib/python3.9/site-packages/airflow/example_dags/example_external_task_marker_dag.py
[2025-01-03T11:34:08.548-0800] {logging_mixin.py:190} INFO - [2025-01-03T11:34:08.548-0800] {dag.py:3239} INFO - Sync 2 DAGs
[2025-01-03T11:34:08.563-0800] {logging_mixin.py:190} INFO - [2025-01-03T11:34:08.562-0800] {dag.py:4180} INFO - Setting next_dagrun for example_external_task_marker_child to None, run_after=None
[2025-01-03T11:34:08.566-0800] {logging_mixin.py:190} INFO - [2025-01-03T11:34:08.566-0800] {dag.py:4180} INFO - Setting next_dagrun for example_external_task_marker_parent to None, run_after=None
[2025-01-03T11:34:08.608-0800] {processor.py:208} INFO - Processing /opt/anaconda3/envs/airflow_env/lib/python3.9/site-packages/airflow/example_dags/example_external_task_marker_dag.py took 3.408 seconds
[2025-01-03T11:38:45.336-0800] {processor.py:186} INFO - Started process (PID=50542) to work on /opt/anaconda3/envs/airflow_env/lib/python3.9/site-packages/airflow/example_dags/example_external_task_marker_dag.py
[2025-01-03T11:38:45.340-0800] {processor.py:914} INFO - Processing file /opt/anaconda3/envs/airflow_env/lib/python3.9/site-packages/airflow/example_dags/example_external_task_marker_dag.py for tasks to queue
[2025-01-03T11:38:45.341-0800] {logging_mixin.py:190} INFO - [2025-01-03T11:38:45.341-0800] {dagbag.py:588} INFO - Filling up the DagBag from /opt/anaconda3/envs/airflow_env/lib/python3.9/site-packages/airflow/example_dags/example_external_task_marker_dag.py
[2025-01-03T11:38:45.397-0800] {processor.py:925} INFO - DAG(s) 'example_external_task_marker_child', 'example_external_task_marker_parent' retrieved from /opt/anaconda3/envs/airflow_env/lib/python3.9/site-packages/airflow/example_dags/example_external_task_marker_dag.py
[2025-01-03T11:38:49.557-0800] {logging_mixin.py:190} INFO - [2025-01-03T11:38:49.555-0800] {dag.py:3239} INFO - Sync 2 DAGs
[2025-01-03T11:38:49.766-0800] {logging_mixin.py:190} INFO - [2025-01-03T11:38:49.765-0800] {dag.py:4180} INFO - Setting next_dagrun for example_external_task_marker_child to None, run_after=None
[2025-01-03T11:38:49.777-0800] {logging_mixin.py:190} INFO - [2025-01-03T11:38:49.776-0800] {dag.py:4180} INFO - Setting next_dagrun for example_external_task_marker_parent to None, run_after=None
[2025-01-03T11:38:49.887-0800] {processor.py:208} INFO - Processing /opt/anaconda3/envs/airflow_env/lib/python3.9/site-packages/airflow/example_dags/example_external_task_marker_dag.py took 4.555 seconds
[2025-01-03T11:43:17.484-0800] {processor.py:186} INFO - Started process (PID=50723) to work on /opt/anaconda3/envs/airflow_env/lib/python3.9/site-packages/airflow/example_dags/example_external_task_marker_dag.py
[2025-01-03T11:43:17.495-0800] {processor.py:914} INFO - Processing file /opt/anaconda3/envs/airflow_env/lib/python3.9/site-packages/airflow/example_dags/example_external_task_marker_dag.py for tasks to queue
[2025-01-03T11:43:17.497-0800] {logging_mixin.py:190} INFO - [2025-01-03T11:43:17.496-0800] {dagbag.py:588} INFO - Filling up the DagBag from /opt/anaconda3/envs/airflow_env/lib/python3.9/site-packages/airflow/example_dags/example_external_task_marker_dag.py
[2025-01-03T11:43:17.572-0800] {processor.py:925} INFO - DAG(s) 'example_external_task_marker_child', 'example_external_task_marker_parent' retrieved from /opt/anaconda3/envs/airflow_env/lib/python3.9/site-packages/airflow/example_dags/example_external_task_marker_dag.py
[2025-01-03T11:43:20.248-0800] {logging_mixin.py:190} INFO - [2025-01-03T11:43:20.246-0800] {dag.py:3239} INFO - Sync 2 DAGs
[2025-01-03T11:43:20.334-0800] {logging_mixin.py:190} INFO - [2025-01-03T11:43:20.333-0800] {dag.py:4180} INFO - Setting next_dagrun for example_external_task_marker_child to None, run_after=None
[2025-01-03T11:43:20.346-0800] {logging_mixin.py:190} INFO - [2025-01-03T11:43:20.345-0800] {dag.py:4180} INFO - Setting next_dagrun for example_external_task_marker_parent to None, run_after=None
[2025-01-03T11:43:20.406-0800] {processor.py:208} INFO - Processing /opt/anaconda3/envs/airflow_env/lib/python3.9/site-packages/airflow/example_dags/example_external_task_marker_dag.py took 2.928 seconds
[2025-01-03T11:48:07.748-0800] {processor.py:186} INFO - Started process (PID=50929) to work on /opt/anaconda3/envs/airflow_env/lib/python3.9/site-packages/airflow/example_dags/example_external_task_marker_dag.py
[2025-01-03T11:48:07.752-0800] {processor.py:914} INFO - Processing file /opt/anaconda3/envs/airflow_env/lib/python3.9/site-packages/airflow/example_dags/example_external_task_marker_dag.py for tasks to queue
[2025-01-03T11:48:07.754-0800] {logging_mixin.py:190} INFO - [2025-01-03T11:48:07.754-0800] {dagbag.py:588} INFO - Filling up the DagBag from /opt/anaconda3/envs/airflow_env/lib/python3.9/site-packages/airflow/example_dags/example_external_task_marker_dag.py
[2025-01-03T11:48:07.773-0800] {processor.py:925} INFO - DAG(s) 'example_external_task_marker_parent', 'example_external_task_marker_child' retrieved from /opt/anaconda3/envs/airflow_env/lib/python3.9/site-packages/airflow/example_dags/example_external_task_marker_dag.py
[2025-01-03T11:48:09.661-0800] {logging_mixin.py:190} INFO - [2025-01-03T11:48:09.660-0800] {dag.py:3239} INFO - Sync 2 DAGs
[2025-01-03T11:48:09.678-0800] {logging_mixin.py:190} INFO - [2025-01-03T11:48:09.678-0800] {dag.py:4180} INFO - Setting next_dagrun for example_external_task_marker_child to None, run_after=None
[2025-01-03T11:48:09.682-0800] {logging_mixin.py:190} INFO - [2025-01-03T11:48:09.682-0800] {dag.py:4180} INFO - Setting next_dagrun for example_external_task_marker_parent to None, run_after=None
[2025-01-03T11:48:09.706-0800] {processor.py:208} INFO - Processing /opt/anaconda3/envs/airflow_env/lib/python3.9/site-packages/airflow/example_dags/example_external_task_marker_dag.py took 1.964 seconds
[2025-01-03T11:59:30.338-0800] {processor.py:186} INFO - Started process (PID=51982) to work on /opt/anaconda3/envs/airflow_env/lib/python3.9/site-packages/airflow/example_dags/example_external_task_marker_dag.py
[2025-01-03T11:59:30.342-0800] {processor.py:914} INFO - Processing file /opt/anaconda3/envs/airflow_env/lib/python3.9/site-packages/airflow/example_dags/example_external_task_marker_dag.py for tasks to queue
[2025-01-03T11:59:30.344-0800] {logging_mixin.py:190} INFO - [2025-01-03T11:59:30.343-0800] {dagbag.py:588} INFO - Filling up the DagBag from /opt/anaconda3/envs/airflow_env/lib/python3.9/site-packages/airflow/example_dags/example_external_task_marker_dag.py
[2025-01-03T11:59:30.390-0800] {processor.py:925} INFO - DAG(s) 'example_external_task_marker_child', 'example_external_task_marker_parent' retrieved from /opt/anaconda3/envs/airflow_env/lib/python3.9/site-packages/airflow/example_dags/example_external_task_marker_dag.py
[2025-01-03T11:59:32.460-0800] {logging_mixin.py:190} INFO - [2025-01-03T11:59:32.460-0800] {dag.py:3239} INFO - Sync 2 DAGs
[2025-01-03T11:59:32.475-0800] {logging_mixin.py:190} INFO - [2025-01-03T11:59:32.475-0800] {dag.py:4180} INFO - Setting next_dagrun for example_external_task_marker_child to None, run_after=None
[2025-01-03T11:59:32.481-0800] {logging_mixin.py:190} INFO - [2025-01-03T11:59:32.480-0800] {dag.py:4180} INFO - Setting next_dagrun for example_external_task_marker_parent to None, run_after=None
[2025-01-03T11:59:32.503-0800] {processor.py:208} INFO - Processing /opt/anaconda3/envs/airflow_env/lib/python3.9/site-packages/airflow/example_dags/example_external_task_marker_dag.py took 2.210 seconds
[2025-01-03T12:05:32.525-0800] {processor.py:186} INFO - Started process (PID=52341) to work on /opt/anaconda3/envs/airflow_env/lib/python3.9/site-packages/airflow/example_dags/example_external_task_marker_dag.py
[2025-01-03T12:05:32.530-0800] {processor.py:914} INFO - Processing file /opt/anaconda3/envs/airflow_env/lib/python3.9/site-packages/airflow/example_dags/example_external_task_marker_dag.py for tasks to queue
[2025-01-03T12:05:32.531-0800] {logging_mixin.py:190} INFO - [2025-01-03T12:05:32.531-0800] {dagbag.py:588} INFO - Filling up the DagBag from /opt/anaconda3/envs/airflow_env/lib/python3.9/site-packages/airflow/example_dags/example_external_task_marker_dag.py
[2025-01-03T12:05:32.572-0800] {processor.py:925} INFO - DAG(s) 'example_external_task_marker_child', 'example_external_task_marker_parent' retrieved from /opt/anaconda3/envs/airflow_env/lib/python3.9/site-packages/airflow/example_dags/example_external_task_marker_dag.py
[2025-01-03T12:05:34.460-0800] {logging_mixin.py:190} INFO - [2025-01-03T12:05:34.459-0800] {dag.py:3239} INFO - Sync 2 DAGs
[2025-01-03T12:05:34.489-0800] {logging_mixin.py:190} INFO - [2025-01-03T12:05:34.488-0800] {dag.py:4180} INFO - Setting next_dagrun for example_external_task_marker_child to None, run_after=None
[2025-01-03T12:05:34.495-0800] {logging_mixin.py:190} INFO - [2025-01-03T12:05:34.494-0800] {dag.py:4180} INFO - Setting next_dagrun for example_external_task_marker_parent to None, run_after=None
[2025-01-03T12:05:34.536-0800] {processor.py:208} INFO - Processing /opt/anaconda3/envs/airflow_env/lib/python3.9/site-packages/airflow/example_dags/example_external_task_marker_dag.py took 2.018 seconds
[2025-01-03T12:10:47.078-0800] {processor.py:186} INFO - Started process (PID=52753) to work on /opt/anaconda3/envs/airflow_env/lib/python3.9/site-packages/airflow/example_dags/example_external_task_marker_dag.py
[2025-01-03T12:10:47.093-0800] {processor.py:914} INFO - Processing file /opt/anaconda3/envs/airflow_env/lib/python3.9/site-packages/airflow/example_dags/example_external_task_marker_dag.py for tasks to queue
[2025-01-03T12:10:47.097-0800] {logging_mixin.py:190} INFO - [2025-01-03T12:10:47.097-0800] {dagbag.py:588} INFO - Filling up the DagBag from /opt/anaconda3/envs/airflow_env/lib/python3.9/site-packages/airflow/example_dags/example_external_task_marker_dag.py
[2025-01-03T12:10:47.134-0800] {processor.py:925} INFO - DAG(s) 'example_external_task_marker_parent', 'example_external_task_marker_child' retrieved from /opt/anaconda3/envs/airflow_env/lib/python3.9/site-packages/airflow/example_dags/example_external_task_marker_dag.py
[2025-01-03T12:10:48.093-0800] {logging_mixin.py:190} INFO - [2025-01-03T12:10:48.092-0800] {dag.py:3239} INFO - Sync 2 DAGs
[2025-01-03T12:10:48.174-0800] {logging_mixin.py:190} INFO - [2025-01-03T12:10:48.173-0800] {dag.py:4180} INFO - Setting next_dagrun for example_external_task_marker_child to None, run_after=None
[2025-01-03T12:10:48.180-0800] {logging_mixin.py:190} INFO - [2025-01-03T12:10:48.180-0800] {dag.py:4180} INFO - Setting next_dagrun for example_external_task_marker_parent to None, run_after=None
[2025-01-03T12:10:48.226-0800] {processor.py:208} INFO - Processing /opt/anaconda3/envs/airflow_env/lib/python3.9/site-packages/airflow/example_dags/example_external_task_marker_dag.py took 1.153 seconds
