[2025-01-03T09:49:18.347-0800] {processor.py:186} INFO - Started process (PID=46263) to work on /opt/anaconda3/envs/airflow_env/lib/python3.9/site-packages/airflow/example_dags/example_sla_dag.py
[2025-01-03T09:49:18.348-0800] {processor.py:914} INFO - Processing file /opt/anaconda3/envs/airflow_env/lib/python3.9/site-packages/airflow/example_dags/example_sla_dag.py for tasks to queue
[2025-01-03T09:49:18.349-0800] {logging_mixin.py:190} INFO - [2025-01-03T09:49:18.349-0800] {dagbag.py:588} INFO - Filling up the DagBag from /opt/anaconda3/envs/airflow_env/lib/python3.9/site-packages/airflow/example_dags/example_sla_dag.py
[2025-01-03T09:49:18.454-0800] {processor.py:925} INFO - DAG(s) 'example_sla_dag' retrieved from /opt/anaconda3/envs/airflow_env/lib/python3.9/site-packages/airflow/example_dags/example_sla_dag.py
[2025-01-03T09:49:18.602-0800] {logging_mixin.py:190} INFO - [2025-01-03T09:49:18.602-0800] {dag.py:3239} INFO - Sync 1 DAGs
[2025-01-03T09:49:18.636-0800] {logging_mixin.py:190} INFO - [2025-01-03T09:49:18.635-0800] {dag.py:4180} INFO - Setting next_dagrun for example_sla_dag to 2025-01-03 17:46:00+00:00, run_after=2025-01-03 17:48:00+00:00
[2025-01-03T09:49:18.672-0800] {processor.py:208} INFO - Processing /opt/anaconda3/envs/airflow_env/lib/python3.9/site-packages/airflow/example_dags/example_sla_dag.py took 0.330 seconds
[2025-01-03T09:52:42.104-0800] {processor.py:186} INFO - Started process (PID=46387) to work on /opt/anaconda3/envs/airflow_env/lib/python3.9/site-packages/airflow/example_dags/example_sla_dag.py
[2025-01-03T09:52:42.108-0800] {processor.py:914} INFO - Processing file /opt/anaconda3/envs/airflow_env/lib/python3.9/site-packages/airflow/example_dags/example_sla_dag.py for tasks to queue
[2025-01-03T09:52:42.109-0800] {logging_mixin.py:190} INFO - [2025-01-03T09:52:42.109-0800] {dagbag.py:588} INFO - Filling up the DagBag from /opt/anaconda3/envs/airflow_env/lib/python3.9/site-packages/airflow/example_dags/example_sla_dag.py
[2025-01-03T09:52:42.155-0800] {processor.py:925} INFO - DAG(s) 'example_sla_dag' retrieved from /opt/anaconda3/envs/airflow_env/lib/python3.9/site-packages/airflow/example_dags/example_sla_dag.py
[2025-01-03T09:52:42.343-0800] {logging_mixin.py:190} INFO - [2025-01-03T09:52:42.342-0800] {dag.py:3239} INFO - Sync 1 DAGs
[2025-01-03T09:52:42.369-0800] {logging_mixin.py:190} INFO - [2025-01-03T09:52:42.369-0800] {dag.py:4180} INFO - Setting next_dagrun for example_sla_dag to 2025-01-03 17:50:00+00:00, run_after=2025-01-03 17:52:00+00:00
[2025-01-03T09:52:42.394-0800] {processor.py:208} INFO - Processing /opt/anaconda3/envs/airflow_env/lib/python3.9/site-packages/airflow/example_dags/example_sla_dag.py took 0.294 seconds
[2025-01-03T09:56:15.049-0800] {processor.py:186} INFO - Started process (PID=46511) to work on /opt/anaconda3/envs/airflow_env/lib/python3.9/site-packages/airflow/example_dags/example_sla_dag.py
[2025-01-03T09:56:15.051-0800] {processor.py:914} INFO - Processing file /opt/anaconda3/envs/airflow_env/lib/python3.9/site-packages/airflow/example_dags/example_sla_dag.py for tasks to queue
[2025-01-03T09:56:15.053-0800] {logging_mixin.py:190} INFO - [2025-01-03T09:56:15.052-0800] {dagbag.py:588} INFO - Filling up the DagBag from /opt/anaconda3/envs/airflow_env/lib/python3.9/site-packages/airflow/example_dags/example_sla_dag.py
[2025-01-03T09:56:15.097-0800] {processor.py:925} INFO - DAG(s) 'example_sla_dag' retrieved from /opt/anaconda3/envs/airflow_env/lib/python3.9/site-packages/airflow/example_dags/example_sla_dag.py
[2025-01-03T09:56:15.240-0800] {logging_mixin.py:190} INFO - [2025-01-03T09:56:15.239-0800] {dag.py:3239} INFO - Sync 1 DAGs
[2025-01-03T09:56:15.272-0800] {logging_mixin.py:190} INFO - [2025-01-03T09:56:15.271-0800] {dag.py:4180} INFO - Setting next_dagrun for example_sla_dag to 2025-01-03 17:54:00+00:00, run_after=2025-01-03 17:56:00+00:00
[2025-01-03T09:56:15.300-0800] {processor.py:208} INFO - Processing /opt/anaconda3/envs/airflow_env/lib/python3.9/site-packages/airflow/example_dags/example_sla_dag.py took 0.258 seconds
[2025-01-03T10:00:03.006-0800] {processor.py:186} INFO - Started process (PID=46624) to work on /opt/anaconda3/envs/airflow_env/lib/python3.9/site-packages/airflow/example_dags/example_sla_dag.py
[2025-01-03T10:00:03.011-0800] {processor.py:914} INFO - Processing file /opt/anaconda3/envs/airflow_env/lib/python3.9/site-packages/airflow/example_dags/example_sla_dag.py for tasks to queue
[2025-01-03T10:00:03.018-0800] {logging_mixin.py:190} INFO - [2025-01-03T10:00:03.018-0800] {dagbag.py:588} INFO - Filling up the DagBag from /opt/anaconda3/envs/airflow_env/lib/python3.9/site-packages/airflow/example_dags/example_sla_dag.py
[2025-01-03T10:00:03.112-0800] {processor.py:925} INFO - DAG(s) 'example_sla_dag' retrieved from /opt/anaconda3/envs/airflow_env/lib/python3.9/site-packages/airflow/example_dags/example_sla_dag.py
[2025-01-03T10:00:03.261-0800] {logging_mixin.py:190} INFO - [2025-01-03T10:00:03.261-0800] {dag.py:3239} INFO - Sync 1 DAGs
[2025-01-03T10:00:03.294-0800] {logging_mixin.py:190} INFO - [2025-01-03T10:00:03.293-0800] {dag.py:4180} INFO - Setting next_dagrun for example_sla_dag to 2025-01-03 17:58:00+00:00, run_after=2025-01-03 18:00:00+00:00
[2025-01-03T10:00:03.322-0800] {processor.py:208} INFO - Processing /opt/anaconda3/envs/airflow_env/lib/python3.9/site-packages/airflow/example_dags/example_sla_dag.py took 0.330 seconds
[2025-01-03T10:04:08.246-0800] {processor.py:186} INFO - Started process (PID=46770) to work on /opt/anaconda3/envs/airflow_env/lib/python3.9/site-packages/airflow/example_dags/example_sla_dag.py
[2025-01-03T10:04:08.249-0800] {processor.py:914} INFO - Processing file /opt/anaconda3/envs/airflow_env/lib/python3.9/site-packages/airflow/example_dags/example_sla_dag.py for tasks to queue
[2025-01-03T10:04:08.250-0800] {logging_mixin.py:190} INFO - [2025-01-03T10:04:08.250-0800] {dagbag.py:588} INFO - Filling up the DagBag from /opt/anaconda3/envs/airflow_env/lib/python3.9/site-packages/airflow/example_dags/example_sla_dag.py
[2025-01-03T10:04:08.344-0800] {processor.py:925} INFO - DAG(s) 'example_sla_dag' retrieved from /opt/anaconda3/envs/airflow_env/lib/python3.9/site-packages/airflow/example_dags/example_sla_dag.py
[2025-01-03T10:04:08.565-0800] {logging_mixin.py:190} INFO - [2025-01-03T10:04:08.565-0800] {dag.py:3239} INFO - Sync 1 DAGs
[2025-01-03T10:04:08.598-0800] {logging_mixin.py:190} INFO - [2025-01-03T10:04:08.597-0800] {dag.py:4180} INFO - Setting next_dagrun for example_sla_dag to 2025-01-03 18:02:00+00:00, run_after=2025-01-03 18:04:00+00:00
[2025-01-03T10:04:08.626-0800] {processor.py:208} INFO - Processing /opt/anaconda3/envs/airflow_env/lib/python3.9/site-packages/airflow/example_dags/example_sla_dag.py took 0.384 seconds
[2025-01-03T10:07:44.879-0800] {processor.py:186} INFO - Started process (PID=46888) to work on /opt/anaconda3/envs/airflow_env/lib/python3.9/site-packages/airflow/example_dags/example_sla_dag.py
[2025-01-03T10:07:44.881-0800] {processor.py:914} INFO - Processing file /opt/anaconda3/envs/airflow_env/lib/python3.9/site-packages/airflow/example_dags/example_sla_dag.py for tasks to queue
[2025-01-03T10:07:44.883-0800] {logging_mixin.py:190} INFO - [2025-01-03T10:07:44.882-0800] {dagbag.py:588} INFO - Filling up the DagBag from /opt/anaconda3/envs/airflow_env/lib/python3.9/site-packages/airflow/example_dags/example_sla_dag.py
[2025-01-03T10:07:44.936-0800] {processor.py:925} INFO - DAG(s) 'example_sla_dag' retrieved from /opt/anaconda3/envs/airflow_env/lib/python3.9/site-packages/airflow/example_dags/example_sla_dag.py
[2025-01-03T10:07:45.073-0800] {logging_mixin.py:190} INFO - [2025-01-03T10:07:45.073-0800] {dag.py:3239} INFO - Sync 1 DAGs
[2025-01-03T10:07:45.099-0800] {logging_mixin.py:190} INFO - [2025-01-03T10:07:45.099-0800] {dag.py:4180} INFO - Setting next_dagrun for example_sla_dag to 2025-01-03 18:04:00+00:00, run_after=2025-01-03 18:06:00+00:00
[2025-01-03T10:07:45.123-0800] {processor.py:208} INFO - Processing /opt/anaconda3/envs/airflow_env/lib/python3.9/site-packages/airflow/example_dags/example_sla_dag.py took 0.248 seconds
[2025-01-03T10:11:09.530-0800] {processor.py:186} INFO - Started process (PID=46999) to work on /opt/anaconda3/envs/airflow_env/lib/python3.9/site-packages/airflow/example_dags/example_sla_dag.py
[2025-01-03T10:11:09.533-0800] {processor.py:914} INFO - Processing file /opt/anaconda3/envs/airflow_env/lib/python3.9/site-packages/airflow/example_dags/example_sla_dag.py for tasks to queue
[2025-01-03T10:11:09.535-0800] {logging_mixin.py:190} INFO - [2025-01-03T10:11:09.535-0800] {dagbag.py:588} INFO - Filling up the DagBag from /opt/anaconda3/envs/airflow_env/lib/python3.9/site-packages/airflow/example_dags/example_sla_dag.py
[2025-01-03T10:11:09.585-0800] {processor.py:925} INFO - DAG(s) 'example_sla_dag' retrieved from /opt/anaconda3/envs/airflow_env/lib/python3.9/site-packages/airflow/example_dags/example_sla_dag.py
[2025-01-03T10:11:09.726-0800] {logging_mixin.py:190} INFO - [2025-01-03T10:11:09.726-0800] {dag.py:3239} INFO - Sync 1 DAGs
[2025-01-03T10:11:09.764-0800] {logging_mixin.py:190} INFO - [2025-01-03T10:11:09.763-0800] {dag.py:4180} INFO - Setting next_dagrun for example_sla_dag to 2025-01-03 18:08:00+00:00, run_after=2025-01-03 18:10:00+00:00
[2025-01-03T10:11:09.794-0800] {processor.py:208} INFO - Processing /opt/anaconda3/envs/airflow_env/lib/python3.9/site-packages/airflow/example_dags/example_sla_dag.py took 0.268 seconds
[2025-01-03T10:14:35.690-0800] {processor.py:186} INFO - Started process (PID=47126) to work on /opt/anaconda3/envs/airflow_env/lib/python3.9/site-packages/airflow/example_dags/example_sla_dag.py
[2025-01-03T10:14:35.695-0800] {processor.py:914} INFO - Processing file /opt/anaconda3/envs/airflow_env/lib/python3.9/site-packages/airflow/example_dags/example_sla_dag.py for tasks to queue
[2025-01-03T10:14:35.697-0800] {logging_mixin.py:190} INFO - [2025-01-03T10:14:35.696-0800] {dagbag.py:588} INFO - Filling up the DagBag from /opt/anaconda3/envs/airflow_env/lib/python3.9/site-packages/airflow/example_dags/example_sla_dag.py
[2025-01-03T10:14:35.758-0800] {processor.py:925} INFO - DAG(s) 'example_sla_dag' retrieved from /opt/anaconda3/envs/airflow_env/lib/python3.9/site-packages/airflow/example_dags/example_sla_dag.py
[2025-01-03T10:14:35.898-0800] {logging_mixin.py:190} INFO - [2025-01-03T10:14:35.898-0800] {dag.py:3239} INFO - Sync 1 DAGs
[2025-01-03T10:14:35.938-0800] {logging_mixin.py:190} INFO - [2025-01-03T10:14:35.938-0800] {dag.py:4180} INFO - Setting next_dagrun for example_sla_dag to 2025-01-03 18:12:00+00:00, run_after=2025-01-03 18:14:00+00:00
[2025-01-03T10:14:35.970-0800] {processor.py:208} INFO - Processing /opt/anaconda3/envs/airflow_env/lib/python3.9/site-packages/airflow/example_dags/example_sla_dag.py took 0.284 seconds
[2025-01-03T10:18:40.545-0800] {processor.py:186} INFO - Started process (PID=47408) to work on /opt/anaconda3/envs/airflow_env/lib/python3.9/site-packages/airflow/example_dags/example_sla_dag.py
[2025-01-03T10:18:40.553-0800] {processor.py:914} INFO - Processing file /opt/anaconda3/envs/airflow_env/lib/python3.9/site-packages/airflow/example_dags/example_sla_dag.py for tasks to queue
[2025-01-03T10:18:40.557-0800] {logging_mixin.py:190} INFO - [2025-01-03T10:18:40.555-0800] {dagbag.py:588} INFO - Filling up the DagBag from /opt/anaconda3/envs/airflow_env/lib/python3.9/site-packages/airflow/example_dags/example_sla_dag.py
[2025-01-03T10:18:40.652-0800] {processor.py:925} INFO - DAG(s) 'example_sla_dag' retrieved from /opt/anaconda3/envs/airflow_env/lib/python3.9/site-packages/airflow/example_dags/example_sla_dag.py
[2025-01-03T10:18:40.803-0800] {logging_mixin.py:190} INFO - [2025-01-03T10:18:40.803-0800] {dag.py:3239} INFO - Sync 1 DAGs
[2025-01-03T10:18:40.833-0800] {logging_mixin.py:190} INFO - [2025-01-03T10:18:40.832-0800] {dag.py:4180} INFO - Setting next_dagrun for example_sla_dag to 2025-01-03 18:16:00+00:00, run_after=2025-01-03 18:18:00+00:00
[2025-01-03T10:18:40.857-0800] {processor.py:208} INFO - Processing /opt/anaconda3/envs/airflow_env/lib/python3.9/site-packages/airflow/example_dags/example_sla_dag.py took 0.321 seconds
[2025-01-03T10:22:36.418-0800] {processor.py:186} INFO - Started process (PID=47558) to work on /opt/anaconda3/envs/airflow_env/lib/python3.9/site-packages/airflow/example_dags/example_sla_dag.py
[2025-01-03T10:22:36.420-0800] {processor.py:914} INFO - Processing file /opt/anaconda3/envs/airflow_env/lib/python3.9/site-packages/airflow/example_dags/example_sla_dag.py for tasks to queue
[2025-01-03T10:22:36.421-0800] {logging_mixin.py:190} INFO - [2025-01-03T10:22:36.421-0800] {dagbag.py:588} INFO - Filling up the DagBag from /opt/anaconda3/envs/airflow_env/lib/python3.9/site-packages/airflow/example_dags/example_sla_dag.py
[2025-01-03T10:22:36.541-0800] {processor.py:925} INFO - DAG(s) 'example_sla_dag' retrieved from /opt/anaconda3/envs/airflow_env/lib/python3.9/site-packages/airflow/example_dags/example_sla_dag.py
[2025-01-03T10:22:36.731-0800] {logging_mixin.py:190} INFO - [2025-01-03T10:22:36.731-0800] {dag.py:3239} INFO - Sync 1 DAGs
[2025-01-03T10:22:36.770-0800] {logging_mixin.py:190} INFO - [2025-01-03T10:22:36.769-0800] {dag.py:4180} INFO - Setting next_dagrun for example_sla_dag to 2025-01-03 18:20:00+00:00, run_after=2025-01-03 18:22:00+00:00
[2025-01-03T10:22:36.801-0800] {processor.py:208} INFO - Processing /opt/anaconda3/envs/airflow_env/lib/python3.9/site-packages/airflow/example_dags/example_sla_dag.py took 0.393 seconds
[2025-01-03T10:26:45.765-0800] {processor.py:186} INFO - Started process (PID=47699) to work on /opt/anaconda3/envs/airflow_env/lib/python3.9/site-packages/airflow/example_dags/example_sla_dag.py
[2025-01-03T10:26:45.769-0800] {processor.py:914} INFO - Processing file /opt/anaconda3/envs/airflow_env/lib/python3.9/site-packages/airflow/example_dags/example_sla_dag.py for tasks to queue
[2025-01-03T10:26:45.771-0800] {logging_mixin.py:190} INFO - [2025-01-03T10:26:45.770-0800] {dagbag.py:588} INFO - Filling up the DagBag from /opt/anaconda3/envs/airflow_env/lib/python3.9/site-packages/airflow/example_dags/example_sla_dag.py
[2025-01-03T10:26:45.866-0800] {processor.py:925} INFO - DAG(s) 'example_sla_dag' retrieved from /opt/anaconda3/envs/airflow_env/lib/python3.9/site-packages/airflow/example_dags/example_sla_dag.py
[2025-01-03T10:26:45.999-0800] {logging_mixin.py:190} INFO - [2025-01-03T10:26:45.999-0800] {dag.py:3239} INFO - Sync 1 DAGs
[2025-01-03T10:26:46.026-0800] {logging_mixin.py:190} INFO - [2025-01-03T10:26:46.026-0800] {dag.py:4180} INFO - Setting next_dagrun for example_sla_dag to 2025-01-03 18:24:00+00:00, run_after=2025-01-03 18:26:00+00:00
[2025-01-03T10:26:46.053-0800] {processor.py:208} INFO - Processing /opt/anaconda3/envs/airflow_env/lib/python3.9/site-packages/airflow/example_dags/example_sla_dag.py took 0.293 seconds
[2025-01-03T10:31:05.310-0800] {processor.py:186} INFO - Started process (PID=47824) to work on /opt/anaconda3/envs/airflow_env/lib/python3.9/site-packages/airflow/example_dags/example_sla_dag.py
[2025-01-03T10:31:05.314-0800] {processor.py:914} INFO - Processing file /opt/anaconda3/envs/airflow_env/lib/python3.9/site-packages/airflow/example_dags/example_sla_dag.py for tasks to queue
[2025-01-03T10:31:05.315-0800] {logging_mixin.py:190} INFO - [2025-01-03T10:31:05.315-0800] {dagbag.py:588} INFO - Filling up the DagBag from /opt/anaconda3/envs/airflow_env/lib/python3.9/site-packages/airflow/example_dags/example_sla_dag.py
[2025-01-03T10:31:05.417-0800] {processor.py:925} INFO - DAG(s) 'example_sla_dag' retrieved from /opt/anaconda3/envs/airflow_env/lib/python3.9/site-packages/airflow/example_dags/example_sla_dag.py
[2025-01-03T10:31:05.607-0800] {logging_mixin.py:190} INFO - [2025-01-03T10:31:05.606-0800] {dag.py:3239} INFO - Sync 1 DAGs
[2025-01-03T10:31:05.636-0800] {logging_mixin.py:190} INFO - [2025-01-03T10:31:05.636-0800] {dag.py:4180} INFO - Setting next_dagrun for example_sla_dag to 2025-01-03 18:28:00+00:00, run_after=2025-01-03 18:30:00+00:00
[2025-01-03T10:31:05.664-0800] {processor.py:208} INFO - Processing /opt/anaconda3/envs/airflow_env/lib/python3.9/site-packages/airflow/example_dags/example_sla_dag.py took 0.358 seconds
[2025-01-03T10:35:29.602-0800] {processor.py:186} INFO - Started process (PID=47963) to work on /opt/anaconda3/envs/airflow_env/lib/python3.9/site-packages/airflow/example_dags/example_sla_dag.py
[2025-01-03T10:35:29.606-0800] {processor.py:914} INFO - Processing file /opt/anaconda3/envs/airflow_env/lib/python3.9/site-packages/airflow/example_dags/example_sla_dag.py for tasks to queue
[2025-01-03T10:35:29.609-0800] {logging_mixin.py:190} INFO - [2025-01-03T10:35:29.608-0800] {dagbag.py:588} INFO - Filling up the DagBag from /opt/anaconda3/envs/airflow_env/lib/python3.9/site-packages/airflow/example_dags/example_sla_dag.py
[2025-01-03T10:35:29.763-0800] {processor.py:925} INFO - DAG(s) 'example_sla_dag' retrieved from /opt/anaconda3/envs/airflow_env/lib/python3.9/site-packages/airflow/example_dags/example_sla_dag.py
[2025-01-03T10:35:30.084-0800] {logging_mixin.py:190} INFO - [2025-01-03T10:35:30.084-0800] {dag.py:3239} INFO - Sync 1 DAGs
[2025-01-03T10:35:30.122-0800] {logging_mixin.py:190} INFO - [2025-01-03T10:35:30.122-0800] {dag.py:4180} INFO - Setting next_dagrun for example_sla_dag to 2025-01-03 18:32:00+00:00, run_after=2025-01-03 18:34:00+00:00
[2025-01-03T10:35:30.160-0800] {processor.py:208} INFO - Processing /opt/anaconda3/envs/airflow_env/lib/python3.9/site-packages/airflow/example_dags/example_sla_dag.py took 0.566 seconds
[2025-01-03T10:39:41.979-0800] {processor.py:186} INFO - Started process (PID=48082) to work on /opt/anaconda3/envs/airflow_env/lib/python3.9/site-packages/airflow/example_dags/example_sla_dag.py
[2025-01-03T10:39:41.981-0800] {processor.py:914} INFO - Processing file /opt/anaconda3/envs/airflow_env/lib/python3.9/site-packages/airflow/example_dags/example_sla_dag.py for tasks to queue
[2025-01-03T10:39:41.983-0800] {logging_mixin.py:190} INFO - [2025-01-03T10:39:41.983-0800] {dagbag.py:588} INFO - Filling up the DagBag from /opt/anaconda3/envs/airflow_env/lib/python3.9/site-packages/airflow/example_dags/example_sla_dag.py
[2025-01-03T10:39:42.079-0800] {processor.py:925} INFO - DAG(s) 'example_sla_dag' retrieved from /opt/anaconda3/envs/airflow_env/lib/python3.9/site-packages/airflow/example_dags/example_sla_dag.py
[2025-01-03T10:39:42.240-0800] {logging_mixin.py:190} INFO - [2025-01-03T10:39:42.240-0800] {dag.py:3239} INFO - Sync 1 DAGs
[2025-01-03T10:39:42.321-0800] {logging_mixin.py:190} INFO - [2025-01-03T10:39:42.321-0800] {dag.py:4180} INFO - Setting next_dagrun for example_sla_dag to 2025-01-03 18:36:00+00:00, run_after=2025-01-03 18:38:00+00:00
[2025-01-03T10:39:42.357-0800] {processor.py:208} INFO - Processing /opt/anaconda3/envs/airflow_env/lib/python3.9/site-packages/airflow/example_dags/example_sla_dag.py took 0.383 seconds
[2025-01-03T10:43:47.268-0800] {processor.py:186} INFO - Started process (PID=48210) to work on /opt/anaconda3/envs/airflow_env/lib/python3.9/site-packages/airflow/example_dags/example_sla_dag.py
[2025-01-03T10:43:47.271-0800] {processor.py:914} INFO - Processing file /opt/anaconda3/envs/airflow_env/lib/python3.9/site-packages/airflow/example_dags/example_sla_dag.py for tasks to queue
[2025-01-03T10:43:47.273-0800] {logging_mixin.py:190} INFO - [2025-01-03T10:43:47.273-0800] {dagbag.py:588} INFO - Filling up the DagBag from /opt/anaconda3/envs/airflow_env/lib/python3.9/site-packages/airflow/example_dags/example_sla_dag.py
[2025-01-03T10:43:47.344-0800] {processor.py:925} INFO - DAG(s) 'example_sla_dag' retrieved from /opt/anaconda3/envs/airflow_env/lib/python3.9/site-packages/airflow/example_dags/example_sla_dag.py
[2025-01-03T10:43:47.566-0800] {logging_mixin.py:190} INFO - [2025-01-03T10:43:47.566-0800] {dag.py:3239} INFO - Sync 1 DAGs
[2025-01-03T10:43:47.606-0800] {logging_mixin.py:190} INFO - [2025-01-03T10:43:47.605-0800] {dag.py:4180} INFO - Setting next_dagrun for example_sla_dag to 2025-01-03 18:40:00+00:00, run_after=2025-01-03 18:42:00+00:00
[2025-01-03T10:43:47.638-0800] {processor.py:208} INFO - Processing /opt/anaconda3/envs/airflow_env/lib/python3.9/site-packages/airflow/example_dags/example_sla_dag.py took 0.375 seconds
[2025-01-03T10:47:45.704-0800] {processor.py:186} INFO - Started process (PID=48349) to work on /opt/anaconda3/envs/airflow_env/lib/python3.9/site-packages/airflow/example_dags/example_sla_dag.py
[2025-01-03T10:47:45.709-0800] {processor.py:914} INFO - Processing file /opt/anaconda3/envs/airflow_env/lib/python3.9/site-packages/airflow/example_dags/example_sla_dag.py for tasks to queue
[2025-01-03T10:47:45.711-0800] {logging_mixin.py:190} INFO - [2025-01-03T10:47:45.711-0800] {dagbag.py:588} INFO - Filling up the DagBag from /opt/anaconda3/envs/airflow_env/lib/python3.9/site-packages/airflow/example_dags/example_sla_dag.py
[2025-01-03T10:47:45.810-0800] {processor.py:925} INFO - DAG(s) 'example_sla_dag' retrieved from /opt/anaconda3/envs/airflow_env/lib/python3.9/site-packages/airflow/example_dags/example_sla_dag.py
[2025-01-03T10:47:45.951-0800] {logging_mixin.py:190} INFO - [2025-01-03T10:47:45.951-0800] {dag.py:3239} INFO - Sync 1 DAGs
[2025-01-03T10:47:45.978-0800] {logging_mixin.py:190} INFO - [2025-01-03T10:47:45.978-0800] {dag.py:4180} INFO - Setting next_dagrun for example_sla_dag to 2025-01-03 18:44:00+00:00, run_after=2025-01-03 18:46:00+00:00
[2025-01-03T10:47:46.009-0800] {processor.py:208} INFO - Processing /opt/anaconda3/envs/airflow_env/lib/python3.9/site-packages/airflow/example_dags/example_sla_dag.py took 0.309 seconds
[2025-01-03T10:51:53.010-0800] {processor.py:186} INFO - Started process (PID=48547) to work on /opt/anaconda3/envs/airflow_env/lib/python3.9/site-packages/airflow/example_dags/example_sla_dag.py
[2025-01-03T10:51:53.015-0800] {processor.py:914} INFO - Processing file /opt/anaconda3/envs/airflow_env/lib/python3.9/site-packages/airflow/example_dags/example_sla_dag.py for tasks to queue
[2025-01-03T10:51:53.016-0800] {logging_mixin.py:190} INFO - [2025-01-03T10:51:53.016-0800] {dagbag.py:588} INFO - Filling up the DagBag from /opt/anaconda3/envs/airflow_env/lib/python3.9/site-packages/airflow/example_dags/example_sla_dag.py
[2025-01-03T10:51:53.168-0800] {processor.py:925} INFO - DAG(s) 'example_sla_dag' retrieved from /opt/anaconda3/envs/airflow_env/lib/python3.9/site-packages/airflow/example_dags/example_sla_dag.py
[2025-01-03T10:51:53.463-0800] {logging_mixin.py:190} INFO - [2025-01-03T10:51:53.463-0800] {dag.py:3239} INFO - Sync 1 DAGs
[2025-01-03T10:51:53.511-0800] {logging_mixin.py:190} INFO - [2025-01-03T10:51:53.511-0800] {dag.py:4180} INFO - Setting next_dagrun for example_sla_dag to 2025-01-03 18:48:00+00:00, run_after=2025-01-03 18:50:00+00:00
[2025-01-03T10:51:53.632-0800] {processor.py:208} INFO - Processing /opt/anaconda3/envs/airflow_env/lib/python3.9/site-packages/airflow/example_dags/example_sla_dag.py took 0.628 seconds
[2025-01-03T10:56:12.944-0800] {processor.py:186} INFO - Started process (PID=48708) to work on /opt/anaconda3/envs/airflow_env/lib/python3.9/site-packages/airflow/example_dags/example_sla_dag.py
[2025-01-03T10:56:12.947-0800] {processor.py:914} INFO - Processing file /opt/anaconda3/envs/airflow_env/lib/python3.9/site-packages/airflow/example_dags/example_sla_dag.py for tasks to queue
[2025-01-03T10:56:12.948-0800] {logging_mixin.py:190} INFO - [2025-01-03T10:56:12.948-0800] {dagbag.py:588} INFO - Filling up the DagBag from /opt/anaconda3/envs/airflow_env/lib/python3.9/site-packages/airflow/example_dags/example_sla_dag.py
[2025-01-03T10:56:13.054-0800] {processor.py:925} INFO - DAG(s) 'example_sla_dag' retrieved from /opt/anaconda3/envs/airflow_env/lib/python3.9/site-packages/airflow/example_dags/example_sla_dag.py
[2025-01-03T10:56:13.217-0800] {logging_mixin.py:190} INFO - [2025-01-03T10:56:13.216-0800] {dag.py:3239} INFO - Sync 1 DAGs
[2025-01-03T10:56:13.252-0800] {logging_mixin.py:190} INFO - [2025-01-03T10:56:13.251-0800] {dag.py:4180} INFO - Setting next_dagrun for example_sla_dag to 2025-01-03 18:54:00+00:00, run_after=2025-01-03 18:56:00+00:00
[2025-01-03T10:56:13.282-0800] {processor.py:208} INFO - Processing /opt/anaconda3/envs/airflow_env/lib/python3.9/site-packages/airflow/example_dags/example_sla_dag.py took 0.345 seconds
[2025-01-03T11:00:25.230-0800] {processor.py:186} INFO - Started process (PID=48893) to work on /opt/anaconda3/envs/airflow_env/lib/python3.9/site-packages/airflow/example_dags/example_sla_dag.py
[2025-01-03T11:00:25.235-0800] {processor.py:914} INFO - Processing file /opt/anaconda3/envs/airflow_env/lib/python3.9/site-packages/airflow/example_dags/example_sla_dag.py for tasks to queue
[2025-01-03T11:00:25.236-0800] {logging_mixin.py:190} INFO - [2025-01-03T11:00:25.236-0800] {dagbag.py:588} INFO - Filling up the DagBag from /opt/anaconda3/envs/airflow_env/lib/python3.9/site-packages/airflow/example_dags/example_sla_dag.py
[2025-01-03T11:00:25.347-0800] {processor.py:925} INFO - DAG(s) 'example_sla_dag' retrieved from /opt/anaconda3/envs/airflow_env/lib/python3.9/site-packages/airflow/example_dags/example_sla_dag.py
[2025-01-03T11:00:25.708-0800] {logging_mixin.py:190} INFO - [2025-01-03T11:00:25.707-0800] {dag.py:3239} INFO - Sync 1 DAGs
[2025-01-03T11:00:26.176-0800] {logging_mixin.py:190} INFO - [2025-01-03T11:00:26.176-0800] {dag.py:4180} INFO - Setting next_dagrun for example_sla_dag to 2025-01-03 18:58:00+00:00, run_after=2025-01-03 19:00:00+00:00
[2025-01-03T11:00:26.214-0800] {processor.py:208} INFO - Processing /opt/anaconda3/envs/airflow_env/lib/python3.9/site-packages/airflow/example_dags/example_sla_dag.py took 0.989 seconds
[2025-01-03T11:05:09.678-0800] {processor.py:186} INFO - Started process (PID=49083) to work on /opt/anaconda3/envs/airflow_env/lib/python3.9/site-packages/airflow/example_dags/example_sla_dag.py
[2025-01-03T11:05:09.680-0800] {processor.py:914} INFO - Processing file /opt/anaconda3/envs/airflow_env/lib/python3.9/site-packages/airflow/example_dags/example_sla_dag.py for tasks to queue
[2025-01-03T11:05:09.682-0800] {logging_mixin.py:190} INFO - [2025-01-03T11:05:09.682-0800] {dagbag.py:588} INFO - Filling up the DagBag from /opt/anaconda3/envs/airflow_env/lib/python3.9/site-packages/airflow/example_dags/example_sla_dag.py
[2025-01-03T11:05:09.777-0800] {processor.py:925} INFO - DAG(s) 'example_sla_dag' retrieved from /opt/anaconda3/envs/airflow_env/lib/python3.9/site-packages/airflow/example_dags/example_sla_dag.py
[2025-01-03T11:05:09.922-0800] {logging_mixin.py:190} INFO - [2025-01-03T11:05:09.921-0800] {dag.py:3239} INFO - Sync 1 DAGs
[2025-01-03T11:05:09.956-0800] {logging_mixin.py:190} INFO - [2025-01-03T11:05:09.956-0800] {dag.py:4180} INFO - Setting next_dagrun for example_sla_dag to 2025-01-03 19:02:00+00:00, run_after=2025-01-03 19:04:00+00:00
[2025-01-03T11:05:09.986-0800] {processor.py:208} INFO - Processing /opt/anaconda3/envs/airflow_env/lib/python3.9/site-packages/airflow/example_dags/example_sla_dag.py took 0.314 seconds
[2025-01-03T11:09:24.358-0800] {processor.py:186} INFO - Started process (PID=49213) to work on /opt/anaconda3/envs/airflow_env/lib/python3.9/site-packages/airflow/example_dags/example_sla_dag.py
[2025-01-03T11:09:24.360-0800] {processor.py:914} INFO - Processing file /opt/anaconda3/envs/airflow_env/lib/python3.9/site-packages/airflow/example_dags/example_sla_dag.py for tasks to queue
[2025-01-03T11:09:24.362-0800] {logging_mixin.py:190} INFO - [2025-01-03T11:09:24.361-0800] {dagbag.py:588} INFO - Filling up the DagBag from /opt/anaconda3/envs/airflow_env/lib/python3.9/site-packages/airflow/example_dags/example_sla_dag.py
[2025-01-03T11:09:24.416-0800] {processor.py:925} INFO - DAG(s) 'example_sla_dag' retrieved from /opt/anaconda3/envs/airflow_env/lib/python3.9/site-packages/airflow/example_dags/example_sla_dag.py
[2025-01-03T11:09:24.647-0800] {logging_mixin.py:190} INFO - [2025-01-03T11:09:24.646-0800] {dag.py:3239} INFO - Sync 1 DAGs
[2025-01-03T11:09:24.683-0800] {logging_mixin.py:190} INFO - [2025-01-03T11:09:24.683-0800] {dag.py:4180} INFO - Setting next_dagrun for example_sla_dag to 2025-01-03 19:06:00+00:00, run_after=2025-01-03 19:08:00+00:00
[2025-01-03T11:09:24.708-0800] {processor.py:208} INFO - Processing /opt/anaconda3/envs/airflow_env/lib/python3.9/site-packages/airflow/example_dags/example_sla_dag.py took 0.354 seconds
[2025-01-03T11:13:55.921-0800] {processor.py:186} INFO - Started process (PID=49541) to work on /opt/anaconda3/envs/airflow_env/lib/python3.9/site-packages/airflow/example_dags/example_sla_dag.py
[2025-01-03T11:13:55.924-0800] {processor.py:914} INFO - Processing file /opt/anaconda3/envs/airflow_env/lib/python3.9/site-packages/airflow/example_dags/example_sla_dag.py for tasks to queue
[2025-01-03T11:13:55.926-0800] {logging_mixin.py:190} INFO - [2025-01-03T11:13:55.925-0800] {dagbag.py:588} INFO - Filling up the DagBag from /opt/anaconda3/envs/airflow_env/lib/python3.9/site-packages/airflow/example_dags/example_sla_dag.py
[2025-01-03T11:13:56.026-0800] {processor.py:925} INFO - DAG(s) 'example_sla_dag' retrieved from /opt/anaconda3/envs/airflow_env/lib/python3.9/site-packages/airflow/example_dags/example_sla_dag.py
[2025-01-03T11:13:56.183-0800] {logging_mixin.py:190} INFO - [2025-01-03T11:13:56.183-0800] {dag.py:3239} INFO - Sync 1 DAGs
[2025-01-03T11:13:56.232-0800] {logging_mixin.py:190} INFO - [2025-01-03T11:13:56.232-0800] {dag.py:4180} INFO - Setting next_dagrun for example_sla_dag to 2025-01-03 19:10:00+00:00, run_after=2025-01-03 19:12:00+00:00
[2025-01-03T11:13:56.263-0800] {processor.py:208} INFO - Processing /opt/anaconda3/envs/airflow_env/lib/python3.9/site-packages/airflow/example_dags/example_sla_dag.py took 0.347 seconds
[2025-01-03T11:18:28.661-0800] {processor.py:186} INFO - Started process (PID=49762) to work on /opt/anaconda3/envs/airflow_env/lib/python3.9/site-packages/airflow/example_dags/example_sla_dag.py
[2025-01-03T11:18:28.667-0800] {processor.py:914} INFO - Processing file /opt/anaconda3/envs/airflow_env/lib/python3.9/site-packages/airflow/example_dags/example_sla_dag.py for tasks to queue
[2025-01-03T11:18:28.671-0800] {logging_mixin.py:190} INFO - [2025-01-03T11:18:28.671-0800] {dagbag.py:588} INFO - Filling up the DagBag from /opt/anaconda3/envs/airflow_env/lib/python3.9/site-packages/airflow/example_dags/example_sla_dag.py
[2025-01-03T11:18:28.806-0800] {processor.py:925} INFO - DAG(s) 'example_sla_dag' retrieved from /opt/anaconda3/envs/airflow_env/lib/python3.9/site-packages/airflow/example_dags/example_sla_dag.py
[2025-01-03T11:18:28.956-0800] {logging_mixin.py:190} INFO - [2025-01-03T11:18:28.955-0800] {dag.py:3239} INFO - Sync 1 DAGs
[2025-01-03T11:18:28.981-0800] {logging_mixin.py:190} INFO - [2025-01-03T11:18:28.981-0800] {dag.py:4180} INFO - Setting next_dagrun for example_sla_dag to 2025-01-03 19:16:00+00:00, run_after=2025-01-03 19:18:00+00:00
[2025-01-03T11:18:29.009-0800] {processor.py:208} INFO - Processing /opt/anaconda3/envs/airflow_env/lib/python3.9/site-packages/airflow/example_dags/example_sla_dag.py took 0.354 seconds
[2025-01-03T11:22:54.363-0800] {processor.py:186} INFO - Started process (PID=49918) to work on /opt/anaconda3/envs/airflow_env/lib/python3.9/site-packages/airflow/example_dags/example_sla_dag.py
[2025-01-03T11:22:54.365-0800] {processor.py:914} INFO - Processing file /opt/anaconda3/envs/airflow_env/lib/python3.9/site-packages/airflow/example_dags/example_sla_dag.py for tasks to queue
[2025-01-03T11:22:54.367-0800] {logging_mixin.py:190} INFO - [2025-01-03T11:22:54.367-0800] {dagbag.py:588} INFO - Filling up the DagBag from /opt/anaconda3/envs/airflow_env/lib/python3.9/site-packages/airflow/example_dags/example_sla_dag.py
[2025-01-03T11:22:54.464-0800] {processor.py:925} INFO - DAG(s) 'example_sla_dag' retrieved from /opt/anaconda3/envs/airflow_env/lib/python3.9/site-packages/airflow/example_dags/example_sla_dag.py
[2025-01-03T11:22:54.648-0800] {logging_mixin.py:190} INFO - [2025-01-03T11:22:54.647-0800] {dag.py:3239} INFO - Sync 1 DAGs
[2025-01-03T11:22:54.676-0800] {logging_mixin.py:190} INFO - [2025-01-03T11:22:54.676-0800] {dag.py:4180} INFO - Setting next_dagrun for example_sla_dag to 2025-01-03 19:20:00+00:00, run_after=2025-01-03 19:22:00+00:00
[2025-01-03T11:22:54.701-0800] {processor.py:208} INFO - Processing /opt/anaconda3/envs/airflow_env/lib/python3.9/site-packages/airflow/example_dags/example_sla_dag.py took 0.344 seconds
[2025-01-03T11:27:28.760-0800] {processor.py:186} INFO - Started process (PID=50038) to work on /opt/anaconda3/envs/airflow_env/lib/python3.9/site-packages/airflow/example_dags/example_sla_dag.py
[2025-01-03T11:27:28.764-0800] {processor.py:914} INFO - Processing file /opt/anaconda3/envs/airflow_env/lib/python3.9/site-packages/airflow/example_dags/example_sla_dag.py for tasks to queue
[2025-01-03T11:27:28.766-0800] {logging_mixin.py:190} INFO - [2025-01-03T11:27:28.766-0800] {dagbag.py:588} INFO - Filling up the DagBag from /opt/anaconda3/envs/airflow_env/lib/python3.9/site-packages/airflow/example_dags/example_sla_dag.py
[2025-01-03T11:27:28.989-0800] {processor.py:925} INFO - DAG(s) 'example_sla_dag' retrieved from /opt/anaconda3/envs/airflow_env/lib/python3.9/site-packages/airflow/example_dags/example_sla_dag.py
[2025-01-03T11:27:29.353-0800] {logging_mixin.py:190} INFO - [2025-01-03T11:27:29.353-0800] {dag.py:3239} INFO - Sync 1 DAGs
[2025-01-03T11:27:29.469-0800] {logging_mixin.py:190} INFO - [2025-01-03T11:27:29.468-0800] {dag.py:4180} INFO - Setting next_dagrun for example_sla_dag to 2025-01-03 19:24:00+00:00, run_after=2025-01-03 19:26:00+00:00
[2025-01-03T11:27:29.540-0800] {processor.py:208} INFO - Processing /opt/anaconda3/envs/airflow_env/lib/python3.9/site-packages/airflow/example_dags/example_sla_dag.py took 0.786 seconds
[2025-01-03T11:32:11.174-0800] {processor.py:186} INFO - Started process (PID=50279) to work on /opt/anaconda3/envs/airflow_env/lib/python3.9/site-packages/airflow/example_dags/example_sla_dag.py
[2025-01-03T11:32:11.180-0800] {processor.py:914} INFO - Processing file /opt/anaconda3/envs/airflow_env/lib/python3.9/site-packages/airflow/example_dags/example_sla_dag.py for tasks to queue
[2025-01-03T11:32:11.181-0800] {logging_mixin.py:190} INFO - [2025-01-03T11:32:11.181-0800] {dagbag.py:588} INFO - Filling up the DagBag from /opt/anaconda3/envs/airflow_env/lib/python3.9/site-packages/airflow/example_dags/example_sla_dag.py
[2025-01-03T11:32:11.302-0800] {processor.py:925} INFO - DAG(s) 'example_sla_dag' retrieved from /opt/anaconda3/envs/airflow_env/lib/python3.9/site-packages/airflow/example_dags/example_sla_dag.py
[2025-01-03T11:32:11.523-0800] {logging_mixin.py:190} INFO - [2025-01-03T11:32:11.523-0800] {dag.py:3239} INFO - Sync 1 DAGs
[2025-01-03T11:32:11.561-0800] {logging_mixin.py:190} INFO - [2025-01-03T11:32:11.560-0800] {dag.py:4180} INFO - Setting next_dagrun for example_sla_dag to 2025-01-03 19:30:00+00:00, run_after=2025-01-03 19:32:00+00:00
[2025-01-03T11:32:11.587-0800] {processor.py:208} INFO - Processing /opt/anaconda3/envs/airflow_env/lib/python3.9/site-packages/airflow/example_dags/example_sla_dag.py took 0.423 seconds
[2025-01-03T11:37:02.261-0800] {processor.py:186} INFO - Started process (PID=50481) to work on /opt/anaconda3/envs/airflow_env/lib/python3.9/site-packages/airflow/example_dags/example_sla_dag.py
[2025-01-03T11:37:02.263-0800] {processor.py:914} INFO - Processing file /opt/anaconda3/envs/airflow_env/lib/python3.9/site-packages/airflow/example_dags/example_sla_dag.py for tasks to queue
[2025-01-03T11:37:02.264-0800] {logging_mixin.py:190} INFO - [2025-01-03T11:37:02.264-0800] {dagbag.py:588} INFO - Filling up the DagBag from /opt/anaconda3/envs/airflow_env/lib/python3.9/site-packages/airflow/example_dags/example_sla_dag.py
[2025-01-03T11:37:02.389-0800] {processor.py:925} INFO - DAG(s) 'example_sla_dag' retrieved from /opt/anaconda3/envs/airflow_env/lib/python3.9/site-packages/airflow/example_dags/example_sla_dag.py
[2025-01-03T11:37:02.565-0800] {logging_mixin.py:190} INFO - [2025-01-03T11:37:02.565-0800] {dag.py:3239} INFO - Sync 1 DAGs
[2025-01-03T11:37:02.595-0800] {logging_mixin.py:190} INFO - [2025-01-03T11:37:02.595-0800] {dag.py:4180} INFO - Setting next_dagrun for example_sla_dag to 2025-01-03 19:34:00+00:00, run_after=2025-01-03 19:36:00+00:00
[2025-01-03T11:37:02.620-0800] {processor.py:208} INFO - Processing /opt/anaconda3/envs/airflow_env/lib/python3.9/site-packages/airflow/example_dags/example_sla_dag.py took 0.365 seconds
[2025-01-03T11:41:40.170-0800] {processor.py:186} INFO - Started process (PID=50663) to work on /opt/anaconda3/envs/airflow_env/lib/python3.9/site-packages/airflow/example_dags/example_sla_dag.py
[2025-01-03T11:41:40.172-0800] {processor.py:914} INFO - Processing file /opt/anaconda3/envs/airflow_env/lib/python3.9/site-packages/airflow/example_dags/example_sla_dag.py for tasks to queue
[2025-01-03T11:41:40.173-0800] {logging_mixin.py:190} INFO - [2025-01-03T11:41:40.173-0800] {dagbag.py:588} INFO - Filling up the DagBag from /opt/anaconda3/envs/airflow_env/lib/python3.9/site-packages/airflow/example_dags/example_sla_dag.py
[2025-01-03T11:41:40.269-0800] {processor.py:925} INFO - DAG(s) 'example_sla_dag' retrieved from /opt/anaconda3/envs/airflow_env/lib/python3.9/site-packages/airflow/example_dags/example_sla_dag.py
[2025-01-03T11:41:40.424-0800] {logging_mixin.py:190} INFO - [2025-01-03T11:41:40.423-0800] {dag.py:3239} INFO - Sync 1 DAGs
[2025-01-03T11:41:40.451-0800] {logging_mixin.py:190} INFO - [2025-01-03T11:41:40.451-0800] {dag.py:4180} INFO - Setting next_dagrun for example_sla_dag to 2025-01-03 19:38:00+00:00, run_after=2025-01-03 19:40:00+00:00
[2025-01-03T11:41:40.479-0800] {processor.py:208} INFO - Processing /opt/anaconda3/envs/airflow_env/lib/python3.9/site-packages/airflow/example_dags/example_sla_dag.py took 0.316 seconds
[2025-01-03T11:46:31.695-0800] {processor.py:186} INFO - Started process (PID=50840) to work on /opt/anaconda3/envs/airflow_env/lib/python3.9/site-packages/airflow/example_dags/example_sla_dag.py
[2025-01-03T11:46:31.700-0800] {processor.py:914} INFO - Processing file /opt/anaconda3/envs/airflow_env/lib/python3.9/site-packages/airflow/example_dags/example_sla_dag.py for tasks to queue
[2025-01-03T11:46:31.702-0800] {logging_mixin.py:190} INFO - [2025-01-03T11:46:31.701-0800] {dagbag.py:588} INFO - Filling up the DagBag from /opt/anaconda3/envs/airflow_env/lib/python3.9/site-packages/airflow/example_dags/example_sla_dag.py
[2025-01-03T11:46:31.866-0800] {processor.py:925} INFO - DAG(s) 'example_sla_dag' retrieved from /opt/anaconda3/envs/airflow_env/lib/python3.9/site-packages/airflow/example_dags/example_sla_dag.py
[2025-01-03T11:46:32.349-0800] {logging_mixin.py:190} INFO - [2025-01-03T11:46:32.348-0800] {dag.py:3239} INFO - Sync 1 DAGs
[2025-01-03T11:46:32.426-0800] {logging_mixin.py:190} INFO - [2025-01-03T11:46:32.425-0800] {dag.py:4180} INFO - Setting next_dagrun for example_sla_dag to 2025-01-03 19:44:00+00:00, run_after=2025-01-03 19:46:00+00:00
[2025-01-03T11:46:32.512-0800] {processor.py:208} INFO - Processing /opt/anaconda3/envs/airflow_env/lib/python3.9/site-packages/airflow/example_dags/example_sla_dag.py took 0.825 seconds
[2025-01-03T11:50:45.222-0800] {processor.py:186} INFO - Started process (PID=51047) to work on /opt/anaconda3/envs/airflow_env/lib/python3.9/site-packages/airflow/example_dags/example_sla_dag.py
[2025-01-03T11:50:45.229-0800] {processor.py:914} INFO - Processing file /opt/anaconda3/envs/airflow_env/lib/python3.9/site-packages/airflow/example_dags/example_sla_dag.py for tasks to queue
[2025-01-03T11:50:45.233-0800] {logging_mixin.py:190} INFO - [2025-01-03T11:50:45.232-0800] {dagbag.py:588} INFO - Filling up the DagBag from /opt/anaconda3/envs/airflow_env/lib/python3.9/site-packages/airflow/example_dags/example_sla_dag.py
[2025-01-03T11:50:45.330-0800] {processor.py:925} INFO - DAG(s) 'example_sla_dag' retrieved from /opt/anaconda3/envs/airflow_env/lib/python3.9/site-packages/airflow/example_dags/example_sla_dag.py
[2025-01-03T11:50:45.511-0800] {logging_mixin.py:190} INFO - [2025-01-03T11:50:45.511-0800] {dag.py:3239} INFO - Sync 1 DAGs
[2025-01-03T11:50:45.541-0800] {logging_mixin.py:190} INFO - [2025-01-03T11:50:45.540-0800] {dag.py:4180} INFO - Setting next_dagrun for example_sla_dag to 2025-01-03 19:48:00+00:00, run_after=2025-01-03 19:50:00+00:00
[2025-01-03T11:50:45.567-0800] {processor.py:208} INFO - Processing /opt/anaconda3/envs/airflow_env/lib/python3.9/site-packages/airflow/example_dags/example_sla_dag.py took 0.371 seconds
[2025-01-03T11:57:43.311-0800] {processor.py:186} INFO - Started process (PID=51769) to work on /opt/anaconda3/envs/airflow_env/lib/python3.9/site-packages/airflow/example_dags/example_sla_dag.py
[2025-01-03T11:57:43.314-0800] {processor.py:914} INFO - Processing file /opt/anaconda3/envs/airflow_env/lib/python3.9/site-packages/airflow/example_dags/example_sla_dag.py for tasks to queue
[2025-01-03T11:57:43.318-0800] {logging_mixin.py:190} INFO - [2025-01-03T11:57:43.317-0800] {dagbag.py:588} INFO - Filling up the DagBag from /opt/anaconda3/envs/airflow_env/lib/python3.9/site-packages/airflow/example_dags/example_sla_dag.py
[2025-01-03T11:57:43.398-0800] {processor.py:925} INFO - DAG(s) 'example_sla_dag' retrieved from /opt/anaconda3/envs/airflow_env/lib/python3.9/site-packages/airflow/example_dags/example_sla_dag.py
[2025-01-03T11:57:43.585-0800] {logging_mixin.py:190} INFO - [2025-01-03T11:57:43.584-0800] {dag.py:3239} INFO - Sync 1 DAGs
[2025-01-03T11:57:43.616-0800] {logging_mixin.py:190} INFO - [2025-01-03T11:57:43.616-0800] {dag.py:4180} INFO - Setting next_dagrun for example_sla_dag to 2025-01-03 19:54:00+00:00, run_after=2025-01-03 19:56:00+00:00
[2025-01-03T11:57:43.646-0800] {processor.py:208} INFO - Processing /opt/anaconda3/envs/airflow_env/lib/python3.9/site-packages/airflow/example_dags/example_sla_dag.py took 0.343 seconds
[2025-01-03T12:03:42.849-0800] {processor.py:186} INFO - Started process (PID=52282) to work on /opt/anaconda3/envs/airflow_env/lib/python3.9/site-packages/airflow/example_dags/example_sla_dag.py
[2025-01-03T12:03:42.854-0800] {processor.py:914} INFO - Processing file /opt/anaconda3/envs/airflow_env/lib/python3.9/site-packages/airflow/example_dags/example_sla_dag.py for tasks to queue
[2025-01-03T12:03:42.856-0800] {logging_mixin.py:190} INFO - [2025-01-03T12:03:42.856-0800] {dagbag.py:588} INFO - Filling up the DagBag from /opt/anaconda3/envs/airflow_env/lib/python3.9/site-packages/airflow/example_dags/example_sla_dag.py
[2025-01-03T12:03:42.976-0800] {processor.py:925} INFO - DAG(s) 'example_sla_dag' retrieved from /opt/anaconda3/envs/airflow_env/lib/python3.9/site-packages/airflow/example_dags/example_sla_dag.py
[2025-01-03T12:03:43.278-0800] {logging_mixin.py:190} INFO - [2025-01-03T12:03:43.278-0800] {dag.py:3239} INFO - Sync 1 DAGs
[2025-01-03T12:03:43.389-0800] {logging_mixin.py:190} INFO - [2025-01-03T12:03:43.388-0800] {dag.py:4180} INFO - Setting next_dagrun for example_sla_dag to 2025-01-03 20:00:00+00:00, run_after=2025-01-03 20:02:00+00:00
[2025-01-03T12:03:43.486-0800] {processor.py:208} INFO - Processing /opt/anaconda3/envs/airflow_env/lib/python3.9/site-packages/airflow/example_dags/example_sla_dag.py took 0.646 seconds
[2025-01-03T12:08:58.206-0800] {processor.py:186} INFO - Started process (PID=52546) to work on /opt/anaconda3/envs/airflow_env/lib/python3.9/site-packages/airflow/example_dags/example_sla_dag.py
[2025-01-03T12:08:58.209-0800] {processor.py:914} INFO - Processing file /opt/anaconda3/envs/airflow_env/lib/python3.9/site-packages/airflow/example_dags/example_sla_dag.py for tasks to queue
[2025-01-03T12:08:58.210-0800] {logging_mixin.py:190} INFO - [2025-01-03T12:08:58.210-0800] {dagbag.py:588} INFO - Filling up the DagBag from /opt/anaconda3/envs/airflow_env/lib/python3.9/site-packages/airflow/example_dags/example_sla_dag.py
[2025-01-03T12:08:58.350-0800] {processor.py:925} INFO - DAG(s) 'example_sla_dag' retrieved from /opt/anaconda3/envs/airflow_env/lib/python3.9/site-packages/airflow/example_dags/example_sla_dag.py
[2025-01-03T12:08:58.704-0800] {logging_mixin.py:190} INFO - [2025-01-03T12:08:58.703-0800] {dag.py:3239} INFO - Sync 1 DAGs
[2025-01-03T12:08:58.737-0800] {logging_mixin.py:190} INFO - [2025-01-03T12:08:58.737-0800] {dag.py:4180} INFO - Setting next_dagrun for example_sla_dag to 2025-01-03 20:06:00+00:00, run_after=2025-01-03 20:08:00+00:00
[2025-01-03T12:08:58.760-0800] {processor.py:208} INFO - Processing /opt/anaconda3/envs/airflow_env/lib/python3.9/site-packages/airflow/example_dags/example_sla_dag.py took 0.565 seconds
