[2025-01-03T09:49:34.858-0800] {processor.py:186} INFO - Started process (PID=46273) to work on /opt/anaconda3/envs/airflow_env/lib/python3.9/site-packages/airflow/example_dags/example_setup_teardown.py
[2025-01-03T09:49:34.860-0800] {processor.py:914} INFO - Processing file /opt/anaconda3/envs/airflow_env/lib/python3.9/site-packages/airflow/example_dags/example_setup_teardown.py for tasks to queue
[2025-01-03T09:49:34.861-0800] {logging_mixin.py:190} INFO - [2025-01-03T09:49:34.861-0800] {dagbag.py:588} INFO - Filling up the DagBag from /opt/anaconda3/envs/airflow_env/lib/python3.9/site-packages/airflow/example_dags/example_setup_teardown.py
[2025-01-03T09:49:34.873-0800] {processor.py:925} INFO - DAG(s) 'example_setup_teardown' retrieved from /opt/anaconda3/envs/airflow_env/lib/python3.9/site-packages/airflow/example_dags/example_setup_teardown.py
[2025-01-03T09:49:35.038-0800] {logging_mixin.py:190} INFO - [2025-01-03T09:49:35.037-0800] {dag.py:3239} INFO - Sync 1 DAGs
[2025-01-03T09:49:35.052-0800] {logging_mixin.py:190} INFO - [2025-01-03T09:49:35.051-0800] {dag.py:4180} INFO - Setting next_dagrun for example_setup_teardown to None, run_after=None
[2025-01-03T09:49:35.073-0800] {processor.py:208} INFO - Processing /opt/anaconda3/envs/airflow_env/lib/python3.9/site-packages/airflow/example_dags/example_setup_teardown.py took 0.219 seconds
[2025-01-03T09:52:57.963-0800] {processor.py:186} INFO - Started process (PID=46397) to work on /opt/anaconda3/envs/airflow_env/lib/python3.9/site-packages/airflow/example_dags/example_setup_teardown.py
[2025-01-03T09:52:57.965-0800] {processor.py:914} INFO - Processing file /opt/anaconda3/envs/airflow_env/lib/python3.9/site-packages/airflow/example_dags/example_setup_teardown.py for tasks to queue
[2025-01-03T09:52:57.967-0800] {logging_mixin.py:190} INFO - [2025-01-03T09:52:57.966-0800] {dagbag.py:588} INFO - Filling up the DagBag from /opt/anaconda3/envs/airflow_env/lib/python3.9/site-packages/airflow/example_dags/example_setup_teardown.py
[2025-01-03T09:52:57.978-0800] {processor.py:925} INFO - DAG(s) 'example_setup_teardown' retrieved from /opt/anaconda3/envs/airflow_env/lib/python3.9/site-packages/airflow/example_dags/example_setup_teardown.py
[2025-01-03T09:52:58.124-0800] {logging_mixin.py:190} INFO - [2025-01-03T09:52:58.124-0800] {dag.py:3239} INFO - Sync 1 DAGs
[2025-01-03T09:52:58.139-0800] {logging_mixin.py:190} INFO - [2025-01-03T09:52:58.139-0800] {dag.py:4180} INFO - Setting next_dagrun for example_setup_teardown to None, run_after=None
[2025-01-03T09:52:58.166-0800] {processor.py:208} INFO - Processing /opt/anaconda3/envs/airflow_env/lib/python3.9/site-packages/airflow/example_dags/example_setup_teardown.py took 0.208 seconds
[2025-01-03T09:56:35.198-0800] {processor.py:186} INFO - Started process (PID=46522) to work on /opt/anaconda3/envs/airflow_env/lib/python3.9/site-packages/airflow/example_dags/example_setup_teardown.py
[2025-01-03T09:56:35.201-0800] {processor.py:914} INFO - Processing file /opt/anaconda3/envs/airflow_env/lib/python3.9/site-packages/airflow/example_dags/example_setup_teardown.py for tasks to queue
[2025-01-03T09:56:35.202-0800] {logging_mixin.py:190} INFO - [2025-01-03T09:56:35.202-0800] {dagbag.py:588} INFO - Filling up the DagBag from /opt/anaconda3/envs/airflow_env/lib/python3.9/site-packages/airflow/example_dags/example_setup_teardown.py
[2025-01-03T09:56:35.216-0800] {processor.py:925} INFO - DAG(s) 'example_setup_teardown' retrieved from /opt/anaconda3/envs/airflow_env/lib/python3.9/site-packages/airflow/example_dags/example_setup_teardown.py
[2025-01-03T09:56:35.382-0800] {logging_mixin.py:190} INFO - [2025-01-03T09:56:35.382-0800] {dag.py:3239} INFO - Sync 1 DAGs
[2025-01-03T09:56:35.398-0800] {logging_mixin.py:190} INFO - [2025-01-03T09:56:35.398-0800] {dag.py:4180} INFO - Setting next_dagrun for example_setup_teardown to None, run_after=None
[2025-01-03T09:56:35.432-0800] {processor.py:208} INFO - Processing /opt/anaconda3/envs/airflow_env/lib/python3.9/site-packages/airflow/example_dags/example_setup_teardown.py took 0.239 seconds
[2025-01-03T10:00:22.870-0800] {processor.py:186} INFO - Started process (PID=46634) to work on /opt/anaconda3/envs/airflow_env/lib/python3.9/site-packages/airflow/example_dags/example_setup_teardown.py
[2025-01-03T10:00:22.873-0800] {processor.py:914} INFO - Processing file /opt/anaconda3/envs/airflow_env/lib/python3.9/site-packages/airflow/example_dags/example_setup_teardown.py for tasks to queue
[2025-01-03T10:00:22.874-0800] {logging_mixin.py:190} INFO - [2025-01-03T10:00:22.874-0800] {dagbag.py:588} INFO - Filling up the DagBag from /opt/anaconda3/envs/airflow_env/lib/python3.9/site-packages/airflow/example_dags/example_setup_teardown.py
[2025-01-03T10:00:22.885-0800] {processor.py:925} INFO - DAG(s) 'example_setup_teardown' retrieved from /opt/anaconda3/envs/airflow_env/lib/python3.9/site-packages/airflow/example_dags/example_setup_teardown.py
[2025-01-03T10:00:23.057-0800] {logging_mixin.py:190} INFO - [2025-01-03T10:00:23.056-0800] {dag.py:3239} INFO - Sync 1 DAGs
[2025-01-03T10:00:23.082-0800] {logging_mixin.py:190} INFO - [2025-01-03T10:00:23.081-0800] {dag.py:4180} INFO - Setting next_dagrun for example_setup_teardown to None, run_after=None
[2025-01-03T10:00:23.114-0800] {processor.py:208} INFO - Processing /opt/anaconda3/envs/airflow_env/lib/python3.9/site-packages/airflow/example_dags/example_setup_teardown.py took 0.249 seconds
[2025-01-03T10:04:27.711-0800] {processor.py:186} INFO - Started process (PID=46780) to work on /opt/anaconda3/envs/airflow_env/lib/python3.9/site-packages/airflow/example_dags/example_setup_teardown.py
[2025-01-03T10:04:27.713-0800] {processor.py:914} INFO - Processing file /opt/anaconda3/envs/airflow_env/lib/python3.9/site-packages/airflow/example_dags/example_setup_teardown.py for tasks to queue
[2025-01-03T10:04:27.715-0800] {logging_mixin.py:190} INFO - [2025-01-03T10:04:27.715-0800] {dagbag.py:588} INFO - Filling up the DagBag from /opt/anaconda3/envs/airflow_env/lib/python3.9/site-packages/airflow/example_dags/example_setup_teardown.py
[2025-01-03T10:04:27.739-0800] {processor.py:925} INFO - DAG(s) 'example_setup_teardown' retrieved from /opt/anaconda3/envs/airflow_env/lib/python3.9/site-packages/airflow/example_dags/example_setup_teardown.py
[2025-01-03T10:04:27.887-0800] {logging_mixin.py:190} INFO - [2025-01-03T10:04:27.887-0800] {dag.py:3239} INFO - Sync 1 DAGs
[2025-01-03T10:04:27.905-0800] {logging_mixin.py:190} INFO - [2025-01-03T10:04:27.904-0800] {dag.py:4180} INFO - Setting next_dagrun for example_setup_teardown to None, run_after=None
[2025-01-03T10:04:27.931-0800] {processor.py:208} INFO - Processing /opt/anaconda3/envs/airflow_env/lib/python3.9/site-packages/airflow/example_dags/example_setup_teardown.py took 0.225 seconds
[2025-01-03T10:08:04.776-0800] {processor.py:186} INFO - Started process (PID=46898) to work on /opt/anaconda3/envs/airflow_env/lib/python3.9/site-packages/airflow/example_dags/example_setup_teardown.py
[2025-01-03T10:08:04.778-0800] {processor.py:914} INFO - Processing file /opt/anaconda3/envs/airflow_env/lib/python3.9/site-packages/airflow/example_dags/example_setup_teardown.py for tasks to queue
[2025-01-03T10:08:04.780-0800] {logging_mixin.py:190} INFO - [2025-01-03T10:08:04.779-0800] {dagbag.py:588} INFO - Filling up the DagBag from /opt/anaconda3/envs/airflow_env/lib/python3.9/site-packages/airflow/example_dags/example_setup_teardown.py
[2025-01-03T10:08:04.794-0800] {processor.py:925} INFO - DAG(s) 'example_setup_teardown' retrieved from /opt/anaconda3/envs/airflow_env/lib/python3.9/site-packages/airflow/example_dags/example_setup_teardown.py
[2025-01-03T10:08:04.966-0800] {logging_mixin.py:190} INFO - [2025-01-03T10:08:04.965-0800] {dag.py:3239} INFO - Sync 1 DAGs
[2025-01-03T10:08:04.982-0800] {logging_mixin.py:190} INFO - [2025-01-03T10:08:04.982-0800] {dag.py:4180} INFO - Setting next_dagrun for example_setup_teardown to None, run_after=None
[2025-01-03T10:08:05.004-0800] {processor.py:208} INFO - Processing /opt/anaconda3/envs/airflow_env/lib/python3.9/site-packages/airflow/example_dags/example_setup_teardown.py took 0.234 seconds
[2025-01-03T10:11:29.460-0800] {processor.py:186} INFO - Started process (PID=47010) to work on /opt/anaconda3/envs/airflow_env/lib/python3.9/site-packages/airflow/example_dags/example_setup_teardown.py
[2025-01-03T10:11:29.463-0800] {processor.py:914} INFO - Processing file /opt/anaconda3/envs/airflow_env/lib/python3.9/site-packages/airflow/example_dags/example_setup_teardown.py for tasks to queue
[2025-01-03T10:11:29.465-0800] {logging_mixin.py:190} INFO - [2025-01-03T10:11:29.464-0800] {dagbag.py:588} INFO - Filling up the DagBag from /opt/anaconda3/envs/airflow_env/lib/python3.9/site-packages/airflow/example_dags/example_setup_teardown.py
[2025-01-03T10:11:29.482-0800] {processor.py:925} INFO - DAG(s) 'example_setup_teardown' retrieved from /opt/anaconda3/envs/airflow_env/lib/python3.9/site-packages/airflow/example_dags/example_setup_teardown.py
[2025-01-03T10:11:29.656-0800] {logging_mixin.py:190} INFO - [2025-01-03T10:11:29.656-0800] {dag.py:3239} INFO - Sync 1 DAGs
[2025-01-03T10:11:29.671-0800] {logging_mixin.py:190} INFO - [2025-01-03T10:11:29.670-0800] {dag.py:4180} INFO - Setting next_dagrun for example_setup_teardown to None, run_after=None
[2025-01-03T10:11:29.697-0800] {processor.py:208} INFO - Processing /opt/anaconda3/envs/airflow_env/lib/python3.9/site-packages/airflow/example_dags/example_setup_teardown.py took 0.245 seconds
[2025-01-03T10:14:59.717-0800] {processor.py:186} INFO - Started process (PID=47139) to work on /opt/anaconda3/envs/airflow_env/lib/python3.9/site-packages/airflow/example_dags/example_setup_teardown.py
[2025-01-03T10:14:59.722-0800] {processor.py:914} INFO - Processing file /opt/anaconda3/envs/airflow_env/lib/python3.9/site-packages/airflow/example_dags/example_setup_teardown.py for tasks to queue
[2025-01-03T10:14:59.727-0800] {logging_mixin.py:190} INFO - [2025-01-03T10:14:59.727-0800] {dagbag.py:588} INFO - Filling up the DagBag from /opt/anaconda3/envs/airflow_env/lib/python3.9/site-packages/airflow/example_dags/example_setup_teardown.py
[2025-01-03T10:14:59.746-0800] {processor.py:925} INFO - DAG(s) 'example_setup_teardown' retrieved from /opt/anaconda3/envs/airflow_env/lib/python3.9/site-packages/airflow/example_dags/example_setup_teardown.py
[2025-01-03T10:15:00.031-0800] {logging_mixin.py:190} INFO - [2025-01-03T10:15:00.030-0800] {dag.py:3239} INFO - Sync 1 DAGs
[2025-01-03T10:15:00.061-0800] {logging_mixin.py:190} INFO - [2025-01-03T10:15:00.061-0800] {dag.py:4180} INFO - Setting next_dagrun for example_setup_teardown to None, run_after=None
[2025-01-03T10:15:00.149-0800] {processor.py:208} INFO - Processing /opt/anaconda3/envs/airflow_env/lib/python3.9/site-packages/airflow/example_dags/example_setup_teardown.py took 0.437 seconds
[2025-01-03T10:19:02.515-0800] {processor.py:186} INFO - Started process (PID=47419) to work on /opt/anaconda3/envs/airflow_env/lib/python3.9/site-packages/airflow/example_dags/example_setup_teardown.py
[2025-01-03T10:19:02.518-0800] {processor.py:914} INFO - Processing file /opt/anaconda3/envs/airflow_env/lib/python3.9/site-packages/airflow/example_dags/example_setup_teardown.py for tasks to queue
[2025-01-03T10:19:02.520-0800] {logging_mixin.py:190} INFO - [2025-01-03T10:19:02.519-0800] {dagbag.py:588} INFO - Filling up the DagBag from /opt/anaconda3/envs/airflow_env/lib/python3.9/site-packages/airflow/example_dags/example_setup_teardown.py
[2025-01-03T10:19:02.537-0800] {processor.py:925} INFO - DAG(s) 'example_setup_teardown' retrieved from /opt/anaconda3/envs/airflow_env/lib/python3.9/site-packages/airflow/example_dags/example_setup_teardown.py
[2025-01-03T10:19:02.730-0800] {logging_mixin.py:190} INFO - [2025-01-03T10:19:02.729-0800] {dag.py:3239} INFO - Sync 1 DAGs
[2025-01-03T10:19:02.744-0800] {logging_mixin.py:190} INFO - [2025-01-03T10:19:02.744-0800] {dag.py:4180} INFO - Setting next_dagrun for example_setup_teardown to None, run_after=None
[2025-01-03T10:19:02.768-0800] {processor.py:208} INFO - Processing /opt/anaconda3/envs/airflow_env/lib/python3.9/site-packages/airflow/example_dags/example_setup_teardown.py took 0.257 seconds
[2025-01-03T10:22:59.637-0800] {processor.py:186} INFO - Started process (PID=47584) to work on /opt/anaconda3/envs/airflow_env/lib/python3.9/site-packages/airflow/example_dags/example_setup_teardown.py
[2025-01-03T10:22:59.641-0800] {processor.py:914} INFO - Processing file /opt/anaconda3/envs/airflow_env/lib/python3.9/site-packages/airflow/example_dags/example_setup_teardown.py for tasks to queue
[2025-01-03T10:22:59.642-0800] {logging_mixin.py:190} INFO - [2025-01-03T10:22:59.642-0800] {dagbag.py:588} INFO - Filling up the DagBag from /opt/anaconda3/envs/airflow_env/lib/python3.9/site-packages/airflow/example_dags/example_setup_teardown.py
[2025-01-03T10:22:59.660-0800] {processor.py:925} INFO - DAG(s) 'example_setup_teardown' retrieved from /opt/anaconda3/envs/airflow_env/lib/python3.9/site-packages/airflow/example_dags/example_setup_teardown.py
[2025-01-03T10:22:59.834-0800] {logging_mixin.py:190} INFO - [2025-01-03T10:22:59.833-0800] {dag.py:3239} INFO - Sync 1 DAGs
[2025-01-03T10:22:59.861-0800] {logging_mixin.py:190} INFO - [2025-01-03T10:22:59.861-0800] {dag.py:4180} INFO - Setting next_dagrun for example_setup_teardown to None, run_after=None
[2025-01-03T10:22:59.884-0800] {processor.py:208} INFO - Processing /opt/anaconda3/envs/airflow_env/lib/python3.9/site-packages/airflow/example_dags/example_setup_teardown.py took 0.256 seconds
[2025-01-03T10:27:07.249-0800] {processor.py:186} INFO - Started process (PID=47709) to work on /opt/anaconda3/envs/airflow_env/lib/python3.9/site-packages/airflow/example_dags/example_setup_teardown.py
[2025-01-03T10:27:07.251-0800] {processor.py:914} INFO - Processing file /opt/anaconda3/envs/airflow_env/lib/python3.9/site-packages/airflow/example_dags/example_setup_teardown.py for tasks to queue
[2025-01-03T10:27:07.253-0800] {logging_mixin.py:190} INFO - [2025-01-03T10:27:07.252-0800] {dagbag.py:588} INFO - Filling up the DagBag from /opt/anaconda3/envs/airflow_env/lib/python3.9/site-packages/airflow/example_dags/example_setup_teardown.py
[2025-01-03T10:27:07.265-0800] {processor.py:925} INFO - DAG(s) 'example_setup_teardown' retrieved from /opt/anaconda3/envs/airflow_env/lib/python3.9/site-packages/airflow/example_dags/example_setup_teardown.py
[2025-01-03T10:27:07.405-0800] {logging_mixin.py:190} INFO - [2025-01-03T10:27:07.405-0800] {dag.py:3239} INFO - Sync 1 DAGs
[2025-01-03T10:27:07.419-0800] {logging_mixin.py:190} INFO - [2025-01-03T10:27:07.419-0800] {dag.py:4180} INFO - Setting next_dagrun for example_setup_teardown to None, run_after=None
[2025-01-03T10:27:07.450-0800] {processor.py:208} INFO - Processing /opt/anaconda3/envs/airflow_env/lib/python3.9/site-packages/airflow/example_dags/example_setup_teardown.py took 0.207 seconds
[2025-01-03T10:31:28.487-0800] {processor.py:186} INFO - Started process (PID=47834) to work on /opt/anaconda3/envs/airflow_env/lib/python3.9/site-packages/airflow/example_dags/example_setup_teardown.py
[2025-01-03T10:31:28.503-0800] {processor.py:914} INFO - Processing file /opt/anaconda3/envs/airflow_env/lib/python3.9/site-packages/airflow/example_dags/example_setup_teardown.py for tasks to queue
[2025-01-03T10:31:28.505-0800] {logging_mixin.py:190} INFO - [2025-01-03T10:31:28.504-0800] {dagbag.py:588} INFO - Filling up the DagBag from /opt/anaconda3/envs/airflow_env/lib/python3.9/site-packages/airflow/example_dags/example_setup_teardown.py
[2025-01-03T10:31:28.534-0800] {processor.py:925} INFO - DAG(s) 'example_setup_teardown' retrieved from /opt/anaconda3/envs/airflow_env/lib/python3.9/site-packages/airflow/example_dags/example_setup_teardown.py
[2025-01-03T10:31:28.889-0800] {logging_mixin.py:190} INFO - [2025-01-03T10:31:28.888-0800] {dag.py:3239} INFO - Sync 1 DAGs
[2025-01-03T10:31:28.928-0800] {logging_mixin.py:190} INFO - [2025-01-03T10:31:28.928-0800] {dag.py:4180} INFO - Setting next_dagrun for example_setup_teardown to None, run_after=None
[2025-01-03T10:31:28.984-0800] {processor.py:208} INFO - Processing /opt/anaconda3/envs/airflow_env/lib/python3.9/site-packages/airflow/example_dags/example_setup_teardown.py took 0.527 seconds
[2025-01-03T10:35:54.185-0800] {processor.py:186} INFO - Started process (PID=47974) to work on /opt/anaconda3/envs/airflow_env/lib/python3.9/site-packages/airflow/example_dags/example_setup_teardown.py
[2025-01-03T10:35:54.187-0800] {processor.py:914} INFO - Processing file /opt/anaconda3/envs/airflow_env/lib/python3.9/site-packages/airflow/example_dags/example_setup_teardown.py for tasks to queue
[2025-01-03T10:35:54.189-0800] {logging_mixin.py:190} INFO - [2025-01-03T10:35:54.189-0800] {dagbag.py:588} INFO - Filling up the DagBag from /opt/anaconda3/envs/airflow_env/lib/python3.9/site-packages/airflow/example_dags/example_setup_teardown.py
[2025-01-03T10:35:54.201-0800] {processor.py:925} INFO - DAG(s) 'example_setup_teardown' retrieved from /opt/anaconda3/envs/airflow_env/lib/python3.9/site-packages/airflow/example_dags/example_setup_teardown.py
[2025-01-03T10:35:54.358-0800] {logging_mixin.py:190} INFO - [2025-01-03T10:35:54.358-0800] {dag.py:3239} INFO - Sync 1 DAGs
[2025-01-03T10:35:54.373-0800] {logging_mixin.py:190} INFO - [2025-01-03T10:35:54.372-0800] {dag.py:4180} INFO - Setting next_dagrun for example_setup_teardown to None, run_after=None
[2025-01-03T10:35:54.403-0800] {processor.py:208} INFO - Processing /opt/anaconda3/envs/airflow_env/lib/python3.9/site-packages/airflow/example_dags/example_setup_teardown.py took 0.225 seconds
[2025-01-03T10:40:05.333-0800] {processor.py:186} INFO - Started process (PID=48098) to work on /opt/anaconda3/envs/airflow_env/lib/python3.9/site-packages/airflow/example_dags/example_setup_teardown.py
[2025-01-03T10:40:05.336-0800] {processor.py:914} INFO - Processing file /opt/anaconda3/envs/airflow_env/lib/python3.9/site-packages/airflow/example_dags/example_setup_teardown.py for tasks to queue
[2025-01-03T10:40:05.338-0800] {logging_mixin.py:190} INFO - [2025-01-03T10:40:05.338-0800] {dagbag.py:588} INFO - Filling up the DagBag from /opt/anaconda3/envs/airflow_env/lib/python3.9/site-packages/airflow/example_dags/example_setup_teardown.py
[2025-01-03T10:40:05.357-0800] {processor.py:925} INFO - DAG(s) 'example_setup_teardown' retrieved from /opt/anaconda3/envs/airflow_env/lib/python3.9/site-packages/airflow/example_dags/example_setup_teardown.py
[2025-01-03T10:40:05.614-0800] {logging_mixin.py:190} INFO - [2025-01-03T10:40:05.614-0800] {dag.py:3239} INFO - Sync 1 DAGs
[2025-01-03T10:40:05.645-0800] {logging_mixin.py:190} INFO - [2025-01-03T10:40:05.645-0800] {dag.py:4180} INFO - Setting next_dagrun for example_setup_teardown to None, run_after=None
[2025-01-03T10:40:05.693-0800] {processor.py:208} INFO - Processing /opt/anaconda3/envs/airflow_env/lib/python3.9/site-packages/airflow/example_dags/example_setup_teardown.py took 0.365 seconds
[2025-01-03T10:44:08.480-0800] {processor.py:186} INFO - Started process (PID=48220) to work on /opt/anaconda3/envs/airflow_env/lib/python3.9/site-packages/airflow/example_dags/example_setup_teardown.py
[2025-01-03T10:44:08.482-0800] {processor.py:914} INFO - Processing file /opt/anaconda3/envs/airflow_env/lib/python3.9/site-packages/airflow/example_dags/example_setup_teardown.py for tasks to queue
[2025-01-03T10:44:08.484-0800] {logging_mixin.py:190} INFO - [2025-01-03T10:44:08.483-0800] {dagbag.py:588} INFO - Filling up the DagBag from /opt/anaconda3/envs/airflow_env/lib/python3.9/site-packages/airflow/example_dags/example_setup_teardown.py
[2025-01-03T10:44:08.495-0800] {processor.py:925} INFO - DAG(s) 'example_setup_teardown' retrieved from /opt/anaconda3/envs/airflow_env/lib/python3.9/site-packages/airflow/example_dags/example_setup_teardown.py
[2025-01-03T10:44:08.642-0800] {logging_mixin.py:190} INFO - [2025-01-03T10:44:08.642-0800] {dag.py:3239} INFO - Sync 1 DAGs
[2025-01-03T10:44:08.661-0800] {logging_mixin.py:190} INFO - [2025-01-03T10:44:08.660-0800] {dag.py:4180} INFO - Setting next_dagrun for example_setup_teardown to None, run_after=None
[2025-01-03T10:44:08.689-0800] {processor.py:208} INFO - Processing /opt/anaconda3/envs/airflow_env/lib/python3.9/site-packages/airflow/example_dags/example_setup_teardown.py took 0.214 seconds
[2025-01-03T10:48:06.224-0800] {processor.py:186} INFO - Started process (PID=48359) to work on /opt/anaconda3/envs/airflow_env/lib/python3.9/site-packages/airflow/example_dags/example_setup_teardown.py
[2025-01-03T10:48:06.227-0800] {processor.py:914} INFO - Processing file /opt/anaconda3/envs/airflow_env/lib/python3.9/site-packages/airflow/example_dags/example_setup_teardown.py for tasks to queue
[2025-01-03T10:48:06.229-0800] {logging_mixin.py:190} INFO - [2025-01-03T10:48:06.229-0800] {dagbag.py:588} INFO - Filling up the DagBag from /opt/anaconda3/envs/airflow_env/lib/python3.9/site-packages/airflow/example_dags/example_setup_teardown.py
[2025-01-03T10:48:06.243-0800] {processor.py:925} INFO - DAG(s) 'example_setup_teardown' retrieved from /opt/anaconda3/envs/airflow_env/lib/python3.9/site-packages/airflow/example_dags/example_setup_teardown.py
[2025-01-03T10:48:06.426-0800] {logging_mixin.py:190} INFO - [2025-01-03T10:48:06.425-0800] {dag.py:3239} INFO - Sync 1 DAGs
[2025-01-03T10:48:06.443-0800] {logging_mixin.py:190} INFO - [2025-01-03T10:48:06.443-0800] {dag.py:4180} INFO - Setting next_dagrun for example_setup_teardown to None, run_after=None
[2025-01-03T10:48:06.470-0800] {processor.py:208} INFO - Processing /opt/anaconda3/envs/airflow_env/lib/python3.9/site-packages/airflow/example_dags/example_setup_teardown.py took 0.250 seconds
[2025-01-03T10:52:16.050-0800] {processor.py:186} INFO - Started process (PID=48565) to work on /opt/anaconda3/envs/airflow_env/lib/python3.9/site-packages/airflow/example_dags/example_setup_teardown.py
[2025-01-03T10:52:16.053-0800] {processor.py:914} INFO - Processing file /opt/anaconda3/envs/airflow_env/lib/python3.9/site-packages/airflow/example_dags/example_setup_teardown.py for tasks to queue
[2025-01-03T10:52:16.054-0800] {logging_mixin.py:190} INFO - [2025-01-03T10:52:16.054-0800] {dagbag.py:588} INFO - Filling up the DagBag from /opt/anaconda3/envs/airflow_env/lib/python3.9/site-packages/airflow/example_dags/example_setup_teardown.py
[2025-01-03T10:52:16.066-0800] {processor.py:925} INFO - DAG(s) 'example_setup_teardown' retrieved from /opt/anaconda3/envs/airflow_env/lib/python3.9/site-packages/airflow/example_dags/example_setup_teardown.py
[2025-01-03T10:52:16.218-0800] {logging_mixin.py:190} INFO - [2025-01-03T10:52:16.218-0800] {dag.py:3239} INFO - Sync 1 DAGs
[2025-01-03T10:52:16.234-0800] {logging_mixin.py:190} INFO - [2025-01-03T10:52:16.233-0800] {dag.py:4180} INFO - Setting next_dagrun for example_setup_teardown to None, run_after=None
[2025-01-03T10:52:16.261-0800] {processor.py:208} INFO - Processing /opt/anaconda3/envs/airflow_env/lib/python3.9/site-packages/airflow/example_dags/example_setup_teardown.py took 0.220 seconds
[2025-01-03T10:56:34.631-0800] {processor.py:186} INFO - Started process (PID=48760) to work on /opt/anaconda3/envs/airflow_env/lib/python3.9/site-packages/airflow/example_dags/example_setup_teardown.py
[2025-01-03T10:56:34.633-0800] {processor.py:914} INFO - Processing file /opt/anaconda3/envs/airflow_env/lib/python3.9/site-packages/airflow/example_dags/example_setup_teardown.py for tasks to queue
[2025-01-03T10:56:34.635-0800] {logging_mixin.py:190} INFO - [2025-01-03T10:56:34.634-0800] {dagbag.py:588} INFO - Filling up the DagBag from /opt/anaconda3/envs/airflow_env/lib/python3.9/site-packages/airflow/example_dags/example_setup_teardown.py
[2025-01-03T10:56:34.649-0800] {processor.py:925} INFO - DAG(s) 'example_setup_teardown' retrieved from /opt/anaconda3/envs/airflow_env/lib/python3.9/site-packages/airflow/example_dags/example_setup_teardown.py
[2025-01-03T10:56:34.816-0800] {logging_mixin.py:190} INFO - [2025-01-03T10:56:34.816-0800] {dag.py:3239} INFO - Sync 1 DAGs
[2025-01-03T10:56:34.837-0800] {logging_mixin.py:190} INFO - [2025-01-03T10:56:34.837-0800] {dag.py:4180} INFO - Setting next_dagrun for example_setup_teardown to None, run_after=None
[2025-01-03T10:56:34.864-0800] {processor.py:208} INFO - Processing /opt/anaconda3/envs/airflow_env/lib/python3.9/site-packages/airflow/example_dags/example_setup_teardown.py took 0.238 seconds
[2025-01-03T11:00:51.026-0800] {processor.py:186} INFO - Started process (PID=48904) to work on /opt/anaconda3/envs/airflow_env/lib/python3.9/site-packages/airflow/example_dags/example_setup_teardown.py
[2025-01-03T11:00:51.028-0800] {processor.py:914} INFO - Processing file /opt/anaconda3/envs/airflow_env/lib/python3.9/site-packages/airflow/example_dags/example_setup_teardown.py for tasks to queue
[2025-01-03T11:00:51.029-0800] {logging_mixin.py:190} INFO - [2025-01-03T11:00:51.029-0800] {dagbag.py:588} INFO - Filling up the DagBag from /opt/anaconda3/envs/airflow_env/lib/python3.9/site-packages/airflow/example_dags/example_setup_teardown.py
[2025-01-03T11:00:51.042-0800] {processor.py:925} INFO - DAG(s) 'example_setup_teardown' retrieved from /opt/anaconda3/envs/airflow_env/lib/python3.9/site-packages/airflow/example_dags/example_setup_teardown.py
[2025-01-03T11:00:51.245-0800] {logging_mixin.py:190} INFO - [2025-01-03T11:00:51.245-0800] {dag.py:3239} INFO - Sync 1 DAGs
[2025-01-03T11:00:51.264-0800] {logging_mixin.py:190} INFO - [2025-01-03T11:00:51.263-0800] {dag.py:4180} INFO - Setting next_dagrun for example_setup_teardown to None, run_after=None
[2025-01-03T11:00:51.299-0800] {processor.py:208} INFO - Processing /opt/anaconda3/envs/airflow_env/lib/python3.9/site-packages/airflow/example_dags/example_setup_teardown.py took 0.277 seconds
[2025-01-03T11:05:33.889-0800] {processor.py:186} INFO - Started process (PID=49093) to work on /opt/anaconda3/envs/airflow_env/lib/python3.9/site-packages/airflow/example_dags/example_setup_teardown.py
[2025-01-03T11:05:33.892-0800] {processor.py:914} INFO - Processing file /opt/anaconda3/envs/airflow_env/lib/python3.9/site-packages/airflow/example_dags/example_setup_teardown.py for tasks to queue
[2025-01-03T11:05:33.893-0800] {logging_mixin.py:190} INFO - [2025-01-03T11:05:33.893-0800] {dagbag.py:588} INFO - Filling up the DagBag from /opt/anaconda3/envs/airflow_env/lib/python3.9/site-packages/airflow/example_dags/example_setup_teardown.py
[2025-01-03T11:05:33.907-0800] {processor.py:925} INFO - DAG(s) 'example_setup_teardown' retrieved from /opt/anaconda3/envs/airflow_env/lib/python3.9/site-packages/airflow/example_dags/example_setup_teardown.py
[2025-01-03T11:05:34.608-0800] {logging_mixin.py:190} INFO - [2025-01-03T11:05:34.608-0800] {dag.py:3239} INFO - Sync 1 DAGs
[2025-01-03T11:05:34.625-0800] {logging_mixin.py:190} INFO - [2025-01-03T11:05:34.624-0800] {dag.py:4180} INFO - Setting next_dagrun for example_setup_teardown to None, run_after=None
[2025-01-03T11:05:34.656-0800] {processor.py:208} INFO - Processing /opt/anaconda3/envs/airflow_env/lib/python3.9/site-packages/airflow/example_dags/example_setup_teardown.py took 0.773 seconds
[2025-01-03T11:09:44.698-0800] {processor.py:186} INFO - Started process (PID=49225) to work on /opt/anaconda3/envs/airflow_env/lib/python3.9/site-packages/airflow/example_dags/example_setup_teardown.py
[2025-01-03T11:09:44.702-0800] {processor.py:914} INFO - Processing file /opt/anaconda3/envs/airflow_env/lib/python3.9/site-packages/airflow/example_dags/example_setup_teardown.py for tasks to queue
[2025-01-03T11:09:44.703-0800] {logging_mixin.py:190} INFO - [2025-01-03T11:09:44.703-0800] {dagbag.py:588} INFO - Filling up the DagBag from /opt/anaconda3/envs/airflow_env/lib/python3.9/site-packages/airflow/example_dags/example_setup_teardown.py
[2025-01-03T11:09:44.715-0800] {processor.py:925} INFO - DAG(s) 'example_setup_teardown' retrieved from /opt/anaconda3/envs/airflow_env/lib/python3.9/site-packages/airflow/example_dags/example_setup_teardown.py
[2025-01-03T11:09:44.911-0800] {logging_mixin.py:190} INFO - [2025-01-03T11:09:44.911-0800] {dag.py:3239} INFO - Sync 1 DAGs
[2025-01-03T11:09:44.957-0800] {logging_mixin.py:190} INFO - [2025-01-03T11:09:44.957-0800] {dag.py:4180} INFO - Setting next_dagrun for example_setup_teardown to None, run_after=None
[2025-01-03T11:09:45.015-0800] {processor.py:208} INFO - Processing /opt/anaconda3/envs/airflow_env/lib/python3.9/site-packages/airflow/example_dags/example_setup_teardown.py took 0.324 seconds
[2025-01-03T11:14:24.687-0800] {processor.py:186} INFO - Started process (PID=49600) to work on /opt/anaconda3/envs/airflow_env/lib/python3.9/site-packages/airflow/example_dags/example_setup_teardown.py
[2025-01-03T11:14:24.698-0800] {processor.py:914} INFO - Processing file /opt/anaconda3/envs/airflow_env/lib/python3.9/site-packages/airflow/example_dags/example_setup_teardown.py for tasks to queue
[2025-01-03T11:14:24.700-0800] {logging_mixin.py:190} INFO - [2025-01-03T11:14:24.700-0800] {dagbag.py:588} INFO - Filling up the DagBag from /opt/anaconda3/envs/airflow_env/lib/python3.9/site-packages/airflow/example_dags/example_setup_teardown.py
[2025-01-03T11:14:24.735-0800] {processor.py:925} INFO - DAG(s) 'example_setup_teardown' retrieved from /opt/anaconda3/envs/airflow_env/lib/python3.9/site-packages/airflow/example_dags/example_setup_teardown.py
[2025-01-03T11:14:25.916-0800] {logging_mixin.py:190} INFO - [2025-01-03T11:14:25.916-0800] {dag.py:3239} INFO - Sync 1 DAGs
[2025-01-03T11:14:25.990-0800] {logging_mixin.py:190} INFO - [2025-01-03T11:14:25.973-0800] {dag.py:4180} INFO - Setting next_dagrun for example_setup_teardown to None, run_after=None
[2025-01-03T11:14:26.050-0800] {processor.py:208} INFO - Processing /opt/anaconda3/envs/airflow_env/lib/python3.9/site-packages/airflow/example_dags/example_setup_teardown.py took 1.380 seconds
[2025-01-03T11:18:51.287-0800] {processor.py:186} INFO - Started process (PID=49774) to work on /opt/anaconda3/envs/airflow_env/lib/python3.9/site-packages/airflow/example_dags/example_setup_teardown.py
[2025-01-03T11:18:51.290-0800] {processor.py:914} INFO - Processing file /opt/anaconda3/envs/airflow_env/lib/python3.9/site-packages/airflow/example_dags/example_setup_teardown.py for tasks to queue
[2025-01-03T11:18:51.291-0800] {logging_mixin.py:190} INFO - [2025-01-03T11:18:51.291-0800] {dagbag.py:588} INFO - Filling up the DagBag from /opt/anaconda3/envs/airflow_env/lib/python3.9/site-packages/airflow/example_dags/example_setup_teardown.py
[2025-01-03T11:18:51.304-0800] {processor.py:925} INFO - DAG(s) 'example_setup_teardown' retrieved from /opt/anaconda3/envs/airflow_env/lib/python3.9/site-packages/airflow/example_dags/example_setup_teardown.py
[2025-01-03T11:18:51.507-0800] {logging_mixin.py:190} INFO - [2025-01-03T11:18:51.507-0800] {dag.py:3239} INFO - Sync 1 DAGs
[2025-01-03T11:18:51.530-0800] {logging_mixin.py:190} INFO - [2025-01-03T11:18:51.530-0800] {dag.py:4180} INFO - Setting next_dagrun for example_setup_teardown to None, run_after=None
[2025-01-03T11:18:51.576-0800] {processor.py:208} INFO - Processing /opt/anaconda3/envs/airflow_env/lib/python3.9/site-packages/airflow/example_dags/example_setup_teardown.py took 0.293 seconds
[2025-01-03T11:23:17.412-0800] {processor.py:186} INFO - Started process (PID=49931) to work on /opt/anaconda3/envs/airflow_env/lib/python3.9/site-packages/airflow/example_dags/example_setup_teardown.py
[2025-01-03T11:23:17.414-0800] {processor.py:914} INFO - Processing file /opt/anaconda3/envs/airflow_env/lib/python3.9/site-packages/airflow/example_dags/example_setup_teardown.py for tasks to queue
[2025-01-03T11:23:17.416-0800] {logging_mixin.py:190} INFO - [2025-01-03T11:23:17.415-0800] {dagbag.py:588} INFO - Filling up the DagBag from /opt/anaconda3/envs/airflow_env/lib/python3.9/site-packages/airflow/example_dags/example_setup_teardown.py
[2025-01-03T11:23:17.428-0800] {processor.py:925} INFO - DAG(s) 'example_setup_teardown' retrieved from /opt/anaconda3/envs/airflow_env/lib/python3.9/site-packages/airflow/example_dags/example_setup_teardown.py
[2025-01-03T11:23:17.590-0800] {logging_mixin.py:190} INFO - [2025-01-03T11:23:17.590-0800] {dag.py:3239} INFO - Sync 1 DAGs
[2025-01-03T11:23:17.607-0800] {logging_mixin.py:190} INFO - [2025-01-03T11:23:17.606-0800] {dag.py:4180} INFO - Setting next_dagrun for example_setup_teardown to None, run_after=None
[2025-01-03T11:23:17.635-0800] {processor.py:208} INFO - Processing /opt/anaconda3/envs/airflow_env/lib/python3.9/site-packages/airflow/example_dags/example_setup_teardown.py took 0.229 seconds
[2025-01-03T11:27:52.765-0800] {processor.py:186} INFO - Started process (PID=50048) to work on /opt/anaconda3/envs/airflow_env/lib/python3.9/site-packages/airflow/example_dags/example_setup_teardown.py
[2025-01-03T11:27:52.768-0800] {processor.py:914} INFO - Processing file /opt/anaconda3/envs/airflow_env/lib/python3.9/site-packages/airflow/example_dags/example_setup_teardown.py for tasks to queue
[2025-01-03T11:27:52.769-0800] {logging_mixin.py:190} INFO - [2025-01-03T11:27:52.769-0800] {dagbag.py:588} INFO - Filling up the DagBag from /opt/anaconda3/envs/airflow_env/lib/python3.9/site-packages/airflow/example_dags/example_setup_teardown.py
[2025-01-03T11:27:52.780-0800] {processor.py:925} INFO - DAG(s) 'example_setup_teardown' retrieved from /opt/anaconda3/envs/airflow_env/lib/python3.9/site-packages/airflow/example_dags/example_setup_teardown.py
[2025-01-03T11:27:53.134-0800] {logging_mixin.py:190} INFO - [2025-01-03T11:27:53.133-0800] {dag.py:3239} INFO - Sync 1 DAGs
[2025-01-03T11:27:53.172-0800] {logging_mixin.py:190} INFO - [2025-01-03T11:27:53.172-0800] {dag.py:4180} INFO - Setting next_dagrun for example_setup_teardown to None, run_after=None
[2025-01-03T11:27:53.212-0800] {processor.py:208} INFO - Processing /opt/anaconda3/envs/airflow_env/lib/python3.9/site-packages/airflow/example_dags/example_setup_teardown.py took 0.452 seconds
[2025-01-03T11:32:35.790-0800] {processor.py:186} INFO - Started process (PID=50295) to work on /opt/anaconda3/envs/airflow_env/lib/python3.9/site-packages/airflow/example_dags/example_setup_teardown.py
[2025-01-03T11:32:35.793-0800] {processor.py:914} INFO - Processing file /opt/anaconda3/envs/airflow_env/lib/python3.9/site-packages/airflow/example_dags/example_setup_teardown.py for tasks to queue
[2025-01-03T11:32:35.794-0800] {logging_mixin.py:190} INFO - [2025-01-03T11:32:35.794-0800] {dagbag.py:588} INFO - Filling up the DagBag from /opt/anaconda3/envs/airflow_env/lib/python3.9/site-packages/airflow/example_dags/example_setup_teardown.py
[2025-01-03T11:32:35.807-0800] {processor.py:925} INFO - DAG(s) 'example_setup_teardown' retrieved from /opt/anaconda3/envs/airflow_env/lib/python3.9/site-packages/airflow/example_dags/example_setup_teardown.py
[2025-01-03T11:32:35.954-0800] {logging_mixin.py:190} INFO - [2025-01-03T11:32:35.953-0800] {dag.py:3239} INFO - Sync 1 DAGs
[2025-01-03T11:32:35.973-0800] {logging_mixin.py:190} INFO - [2025-01-03T11:32:35.972-0800] {dag.py:4180} INFO - Setting next_dagrun for example_setup_teardown to None, run_after=None
[2025-01-03T11:32:36.000-0800] {processor.py:208} INFO - Processing /opt/anaconda3/envs/airflow_env/lib/python3.9/site-packages/airflow/example_dags/example_setup_teardown.py took 0.214 seconds
[2025-01-03T11:37:24.530-0800] {processor.py:186} INFO - Started process (PID=50494) to work on /opt/anaconda3/envs/airflow_env/lib/python3.9/site-packages/airflow/example_dags/example_setup_teardown.py
[2025-01-03T11:37:24.533-0800] {processor.py:914} INFO - Processing file /opt/anaconda3/envs/airflow_env/lib/python3.9/site-packages/airflow/example_dags/example_setup_teardown.py for tasks to queue
[2025-01-03T11:37:24.534-0800] {logging_mixin.py:190} INFO - [2025-01-03T11:37:24.534-0800] {dagbag.py:588} INFO - Filling up the DagBag from /opt/anaconda3/envs/airflow_env/lib/python3.9/site-packages/airflow/example_dags/example_setup_teardown.py
[2025-01-03T11:37:24.556-0800] {processor.py:925} INFO - DAG(s) 'example_setup_teardown' retrieved from /opt/anaconda3/envs/airflow_env/lib/python3.9/site-packages/airflow/example_dags/example_setup_teardown.py
[2025-01-03T11:37:24.729-0800] {logging_mixin.py:190} INFO - [2025-01-03T11:37:24.728-0800] {dag.py:3239} INFO - Sync 1 DAGs
[2025-01-03T11:37:24.748-0800] {logging_mixin.py:190} INFO - [2025-01-03T11:37:24.748-0800] {dag.py:4180} INFO - Setting next_dagrun for example_setup_teardown to None, run_after=None
[2025-01-03T11:37:24.778-0800] {processor.py:208} INFO - Processing /opt/anaconda3/envs/airflow_env/lib/python3.9/site-packages/airflow/example_dags/example_setup_teardown.py took 0.255 seconds
[2025-01-03T11:42:00.426-0800] {processor.py:186} INFO - Started process (PID=50675) to work on /opt/anaconda3/envs/airflow_env/lib/python3.9/site-packages/airflow/example_dags/example_setup_teardown.py
[2025-01-03T11:42:00.429-0800] {processor.py:914} INFO - Processing file /opt/anaconda3/envs/airflow_env/lib/python3.9/site-packages/airflow/example_dags/example_setup_teardown.py for tasks to queue
[2025-01-03T11:42:00.431-0800] {logging_mixin.py:190} INFO - [2025-01-03T11:42:00.431-0800] {dagbag.py:588} INFO - Filling up the DagBag from /opt/anaconda3/envs/airflow_env/lib/python3.9/site-packages/airflow/example_dags/example_setup_teardown.py
[2025-01-03T11:42:00.443-0800] {processor.py:925} INFO - DAG(s) 'example_setup_teardown' retrieved from /opt/anaconda3/envs/airflow_env/lib/python3.9/site-packages/airflow/example_dags/example_setup_teardown.py
[2025-01-03T11:42:00.591-0800] {logging_mixin.py:190} INFO - [2025-01-03T11:42:00.591-0800] {dag.py:3239} INFO - Sync 1 DAGs
[2025-01-03T11:42:00.607-0800] {logging_mixin.py:190} INFO - [2025-01-03T11:42:00.606-0800] {dag.py:4180} INFO - Setting next_dagrun for example_setup_teardown to None, run_after=None
[2025-01-03T11:42:00.635-0800] {processor.py:208} INFO - Processing /opt/anaconda3/envs/airflow_env/lib/python3.9/site-packages/airflow/example_dags/example_setup_teardown.py took 0.213 seconds
[2025-01-03T11:47:00.230-0800] {processor.py:186} INFO - Started process (PID=50880) to work on /opt/anaconda3/envs/airflow_env/lib/python3.9/site-packages/airflow/example_dags/example_setup_teardown.py
[2025-01-03T11:47:00.233-0800] {processor.py:914} INFO - Processing file /opt/anaconda3/envs/airflow_env/lib/python3.9/site-packages/airflow/example_dags/example_setup_teardown.py for tasks to queue
[2025-01-03T11:47:00.235-0800] {logging_mixin.py:190} INFO - [2025-01-03T11:47:00.235-0800] {dagbag.py:588} INFO - Filling up the DagBag from /opt/anaconda3/envs/airflow_env/lib/python3.9/site-packages/airflow/example_dags/example_setup_teardown.py
[2025-01-03T11:47:00.246-0800] {processor.py:925} INFO - DAG(s) 'example_setup_teardown' retrieved from /opt/anaconda3/envs/airflow_env/lib/python3.9/site-packages/airflow/example_dags/example_setup_teardown.py
[2025-01-03T11:47:00.402-0800] {logging_mixin.py:190} INFO - [2025-01-03T11:47:00.401-0800] {dag.py:3239} INFO - Sync 1 DAGs
[2025-01-03T11:47:00.418-0800] {logging_mixin.py:190} INFO - [2025-01-03T11:47:00.418-0800] {dag.py:4180} INFO - Setting next_dagrun for example_setup_teardown to None, run_after=None
[2025-01-03T11:47:00.443-0800] {processor.py:208} INFO - Processing /opt/anaconda3/envs/airflow_env/lib/python3.9/site-packages/airflow/example_dags/example_setup_teardown.py took 0.219 seconds
