[2025-01-03T09:49:57.500-0800] {processor.py:186} INFO - Started process (PID=46289) to work on /opt/anaconda3/envs/airflow_env/lib/python3.9/site-packages/airflow/example_dags/example_params_ui_tutorial.py
[2025-01-03T09:49:57.502-0800] {processor.py:914} INFO - Processing file /opt/anaconda3/envs/airflow_env/lib/python3.9/site-packages/airflow/example_dags/example_params_ui_tutorial.py for tasks to queue
[2025-01-03T09:49:57.504-0800] {logging_mixin.py:190} INFO - [2025-01-03T09:49:57.503-0800] {dagbag.py:588} INFO - Filling up the DagBag from /opt/anaconda3/envs/airflow_env/lib/python3.9/site-packages/airflow/example_dags/example_params_ui_tutorial.py
[2025-01-03T09:49:57.545-0800] {processor.py:925} INFO - DAG(s) 'example_params_ui_tutorial' retrieved from /opt/anaconda3/envs/airflow_env/lib/python3.9/site-packages/airflow/example_dags/example_params_ui_tutorial.py
[2025-01-03T09:49:58.108-0800] {logging_mixin.py:190} INFO - [2025-01-03T09:49:58.108-0800] {dag.py:3239} INFO - Sync 1 DAGs
[2025-01-03T09:49:58.121-0800] {logging_mixin.py:190} INFO - [2025-01-03T09:49:58.121-0800] {dag.py:4180} INFO - Setting next_dagrun for example_params_ui_tutorial to None, run_after=None
[2025-01-03T09:49:58.147-0800] {processor.py:208} INFO - Processing /opt/anaconda3/envs/airflow_env/lib/python3.9/site-packages/airflow/example_dags/example_params_ui_tutorial.py took 0.651 seconds
[2025-01-03T09:53:19.162-0800] {processor.py:186} INFO - Started process (PID=46410) to work on /opt/anaconda3/envs/airflow_env/lib/python3.9/site-packages/airflow/example_dags/example_params_ui_tutorial.py
[2025-01-03T09:53:19.164-0800] {processor.py:914} INFO - Processing file /opt/anaconda3/envs/airflow_env/lib/python3.9/site-packages/airflow/example_dags/example_params_ui_tutorial.py for tasks to queue
[2025-01-03T09:53:19.166-0800] {logging_mixin.py:190} INFO - [2025-01-03T09:53:19.165-0800] {dagbag.py:588} INFO - Filling up the DagBag from /opt/anaconda3/envs/airflow_env/lib/python3.9/site-packages/airflow/example_dags/example_params_ui_tutorial.py
[2025-01-03T09:53:19.235-0800] {processor.py:925} INFO - DAG(s) 'example_params_ui_tutorial' retrieved from /opt/anaconda3/envs/airflow_env/lib/python3.9/site-packages/airflow/example_dags/example_params_ui_tutorial.py
[2025-01-03T09:53:19.398-0800] {logging_mixin.py:190} INFO - [2025-01-03T09:53:19.397-0800] {dag.py:3239} INFO - Sync 1 DAGs
[2025-01-03T09:53:19.410-0800] {logging_mixin.py:190} INFO - [2025-01-03T09:53:19.410-0800] {dag.py:4180} INFO - Setting next_dagrun for example_params_ui_tutorial to None, run_after=None
[2025-01-03T09:53:19.438-0800] {processor.py:208} INFO - Processing /opt/anaconda3/envs/airflow_env/lib/python3.9/site-packages/airflow/example_dags/example_params_ui_tutorial.py took 0.281 seconds
[2025-01-03T09:57:01.590-0800] {processor.py:186} INFO - Started process (PID=46534) to work on /opt/anaconda3/envs/airflow_env/lib/python3.9/site-packages/airflow/example_dags/example_params_ui_tutorial.py
[2025-01-03T09:57:01.592-0800] {processor.py:914} INFO - Processing file /opt/anaconda3/envs/airflow_env/lib/python3.9/site-packages/airflow/example_dags/example_params_ui_tutorial.py for tasks to queue
[2025-01-03T09:57:01.594-0800] {logging_mixin.py:190} INFO - [2025-01-03T09:57:01.593-0800] {dagbag.py:588} INFO - Filling up the DagBag from /opt/anaconda3/envs/airflow_env/lib/python3.9/site-packages/airflow/example_dags/example_params_ui_tutorial.py
[2025-01-03T09:57:01.645-0800] {processor.py:925} INFO - DAG(s) 'example_params_ui_tutorial' retrieved from /opt/anaconda3/envs/airflow_env/lib/python3.9/site-packages/airflow/example_dags/example_params_ui_tutorial.py
[2025-01-03T09:57:01.879-0800] {logging_mixin.py:190} INFO - [2025-01-03T09:57:01.878-0800] {dag.py:3239} INFO - Sync 1 DAGs
[2025-01-03T09:57:01.897-0800] {logging_mixin.py:190} INFO - [2025-01-03T09:57:01.897-0800] {dag.py:4180} INFO - Setting next_dagrun for example_params_ui_tutorial to None, run_after=None
[2025-01-03T09:57:01.926-0800] {processor.py:208} INFO - Processing /opt/anaconda3/envs/airflow_env/lib/python3.9/site-packages/airflow/example_dags/example_params_ui_tutorial.py took 0.340 seconds
[2025-01-03T10:00:51.667-0800] {processor.py:186} INFO - Started process (PID=46647) to work on /opt/anaconda3/envs/airflow_env/lib/python3.9/site-packages/airflow/example_dags/example_params_ui_tutorial.py
[2025-01-03T10:00:51.671-0800] {processor.py:914} INFO - Processing file /opt/anaconda3/envs/airflow_env/lib/python3.9/site-packages/airflow/example_dags/example_params_ui_tutorial.py for tasks to queue
[2025-01-03T10:00:51.676-0800] {logging_mixin.py:190} INFO - [2025-01-03T10:00:51.676-0800] {dagbag.py:588} INFO - Filling up the DagBag from /opt/anaconda3/envs/airflow_env/lib/python3.9/site-packages/airflow/example_dags/example_params_ui_tutorial.py
[2025-01-03T10:00:51.748-0800] {processor.py:925} INFO - DAG(s) 'example_params_ui_tutorial' retrieved from /opt/anaconda3/envs/airflow_env/lib/python3.9/site-packages/airflow/example_dags/example_params_ui_tutorial.py
[2025-01-03T10:00:52.000-0800] {logging_mixin.py:190} INFO - [2025-01-03T10:00:51.999-0800] {dag.py:3239} INFO - Sync 1 DAGs
[2025-01-03T10:00:52.026-0800] {logging_mixin.py:190} INFO - [2025-01-03T10:00:52.026-0800] {dag.py:4180} INFO - Setting next_dagrun for example_params_ui_tutorial to None, run_after=None
[2025-01-03T10:00:52.057-0800] {processor.py:208} INFO - Processing /opt/anaconda3/envs/airflow_env/lib/python3.9/site-packages/airflow/example_dags/example_params_ui_tutorial.py took 0.398 seconds
[2025-01-03T10:04:54.285-0800] {processor.py:186} INFO - Started process (PID=46801) to work on /opt/anaconda3/envs/airflow_env/lib/python3.9/site-packages/airflow/example_dags/example_params_ui_tutorial.py
[2025-01-03T10:04:54.287-0800] {processor.py:914} INFO - Processing file /opt/anaconda3/envs/airflow_env/lib/python3.9/site-packages/airflow/example_dags/example_params_ui_tutorial.py for tasks to queue
[2025-01-03T10:04:54.289-0800] {logging_mixin.py:190} INFO - [2025-01-03T10:04:54.288-0800] {dagbag.py:588} INFO - Filling up the DagBag from /opt/anaconda3/envs/airflow_env/lib/python3.9/site-packages/airflow/example_dags/example_params_ui_tutorial.py
[2025-01-03T10:04:54.345-0800] {processor.py:925} INFO - DAG(s) 'example_params_ui_tutorial' retrieved from /opt/anaconda3/envs/airflow_env/lib/python3.9/site-packages/airflow/example_dags/example_params_ui_tutorial.py
[2025-01-03T10:04:54.567-0800] {logging_mixin.py:190} INFO - [2025-01-03T10:04:54.566-0800] {dag.py:3239} INFO - Sync 1 DAGs
[2025-01-03T10:04:54.590-0800] {logging_mixin.py:190} INFO - [2025-01-03T10:04:54.590-0800] {dag.py:4180} INFO - Setting next_dagrun for example_params_ui_tutorial to None, run_after=None
[2025-01-03T10:04:54.614-0800] {processor.py:208} INFO - Processing /opt/anaconda3/envs/airflow_env/lib/python3.9/site-packages/airflow/example_dags/example_params_ui_tutorial.py took 0.334 seconds
[2025-01-03T10:08:29.405-0800] {processor.py:186} INFO - Started process (PID=46911) to work on /opt/anaconda3/envs/airflow_env/lib/python3.9/site-packages/airflow/example_dags/example_params_ui_tutorial.py
[2025-01-03T10:08:29.408-0800] {processor.py:914} INFO - Processing file /opt/anaconda3/envs/airflow_env/lib/python3.9/site-packages/airflow/example_dags/example_params_ui_tutorial.py for tasks to queue
[2025-01-03T10:08:29.409-0800] {logging_mixin.py:190} INFO - [2025-01-03T10:08:29.409-0800] {dagbag.py:588} INFO - Filling up the DagBag from /opt/anaconda3/envs/airflow_env/lib/python3.9/site-packages/airflow/example_dags/example_params_ui_tutorial.py
[2025-01-03T10:08:29.457-0800] {processor.py:925} INFO - DAG(s) 'example_params_ui_tutorial' retrieved from /opt/anaconda3/envs/airflow_env/lib/python3.9/site-packages/airflow/example_dags/example_params_ui_tutorial.py
[2025-01-03T10:08:29.636-0800] {logging_mixin.py:190} INFO - [2025-01-03T10:08:29.636-0800] {dag.py:3239} INFO - Sync 1 DAGs
[2025-01-03T10:08:29.650-0800] {logging_mixin.py:190} INFO - [2025-01-03T10:08:29.649-0800] {dag.py:4180} INFO - Setting next_dagrun for example_params_ui_tutorial to None, run_after=None
[2025-01-03T10:08:29.681-0800] {processor.py:208} INFO - Processing /opt/anaconda3/envs/airflow_env/lib/python3.9/site-packages/airflow/example_dags/example_params_ui_tutorial.py took 0.280 seconds
[2025-01-03T10:11:53.675-0800] {processor.py:186} INFO - Started process (PID=47022) to work on /opt/anaconda3/envs/airflow_env/lib/python3.9/site-packages/airflow/example_dags/example_params_ui_tutorial.py
[2025-01-03T10:11:53.677-0800] {processor.py:914} INFO - Processing file /opt/anaconda3/envs/airflow_env/lib/python3.9/site-packages/airflow/example_dags/example_params_ui_tutorial.py for tasks to queue
[2025-01-03T10:11:53.679-0800] {logging_mixin.py:190} INFO - [2025-01-03T10:11:53.678-0800] {dagbag.py:588} INFO - Filling up the DagBag from /opt/anaconda3/envs/airflow_env/lib/python3.9/site-packages/airflow/example_dags/example_params_ui_tutorial.py
[2025-01-03T10:11:53.729-0800] {processor.py:925} INFO - DAG(s) 'example_params_ui_tutorial' retrieved from /opt/anaconda3/envs/airflow_env/lib/python3.9/site-packages/airflow/example_dags/example_params_ui_tutorial.py
[2025-01-03T10:11:53.901-0800] {logging_mixin.py:190} INFO - [2025-01-03T10:11:53.901-0800] {dag.py:3239} INFO - Sync 1 DAGs
[2025-01-03T10:11:53.915-0800] {logging_mixin.py:190} INFO - [2025-01-03T10:11:53.915-0800] {dag.py:4180} INFO - Setting next_dagrun for example_params_ui_tutorial to None, run_after=None
[2025-01-03T10:11:53.942-0800] {processor.py:208} INFO - Processing /opt/anaconda3/envs/airflow_env/lib/python3.9/site-packages/airflow/example_dags/example_params_ui_tutorial.py took 0.274 seconds
[2025-01-03T10:15:26.593-0800] {processor.py:186} INFO - Started process (PID=47181) to work on /opt/anaconda3/envs/airflow_env/lib/python3.9/site-packages/airflow/example_dags/example_params_ui_tutorial.py
[2025-01-03T10:15:26.596-0800] {processor.py:914} INFO - Processing file /opt/anaconda3/envs/airflow_env/lib/python3.9/site-packages/airflow/example_dags/example_params_ui_tutorial.py for tasks to queue
[2025-01-03T10:15:26.597-0800] {logging_mixin.py:190} INFO - [2025-01-03T10:15:26.597-0800] {dagbag.py:588} INFO - Filling up the DagBag from /opt/anaconda3/envs/airflow_env/lib/python3.9/site-packages/airflow/example_dags/example_params_ui_tutorial.py
[2025-01-03T10:15:26.645-0800] {processor.py:925} INFO - DAG(s) 'example_params_ui_tutorial' retrieved from /opt/anaconda3/envs/airflow_env/lib/python3.9/site-packages/airflow/example_dags/example_params_ui_tutorial.py
[2025-01-03T10:15:26.833-0800] {logging_mixin.py:190} INFO - [2025-01-03T10:15:26.832-0800] {dag.py:3239} INFO - Sync 1 DAGs
[2025-01-03T10:15:26.848-0800] {logging_mixin.py:190} INFO - [2025-01-03T10:15:26.847-0800] {dag.py:4180} INFO - Setting next_dagrun for example_params_ui_tutorial to None, run_after=None
[2025-01-03T10:15:26.881-0800] {processor.py:208} INFO - Processing /opt/anaconda3/envs/airflow_env/lib/python3.9/site-packages/airflow/example_dags/example_params_ui_tutorial.py took 0.295 seconds
[2025-01-03T10:19:30.237-0800] {processor.py:186} INFO - Started process (PID=47431) to work on /opt/anaconda3/envs/airflow_env/lib/python3.9/site-packages/airflow/example_dags/example_params_ui_tutorial.py
[2025-01-03T10:19:30.240-0800] {processor.py:914} INFO - Processing file /opt/anaconda3/envs/airflow_env/lib/python3.9/site-packages/airflow/example_dags/example_params_ui_tutorial.py for tasks to queue
[2025-01-03T10:19:30.262-0800] {logging_mixin.py:190} INFO - [2025-01-03T10:19:30.260-0800] {dagbag.py:588} INFO - Filling up the DagBag from /opt/anaconda3/envs/airflow_env/lib/python3.9/site-packages/airflow/example_dags/example_params_ui_tutorial.py
[2025-01-03T10:19:30.403-0800] {processor.py:925} INFO - DAG(s) 'example_params_ui_tutorial' retrieved from /opt/anaconda3/envs/airflow_env/lib/python3.9/site-packages/airflow/example_dags/example_params_ui_tutorial.py
[2025-01-03T10:19:30.710-0800] {logging_mixin.py:190} INFO - [2025-01-03T10:19:30.702-0800] {dag.py:3239} INFO - Sync 1 DAGs
[2025-01-03T10:19:30.735-0800] {logging_mixin.py:190} INFO - [2025-01-03T10:19:30.735-0800] {dag.py:4180} INFO - Setting next_dagrun for example_params_ui_tutorial to None, run_after=None
[2025-01-03T10:19:30.792-0800] {processor.py:208} INFO - Processing /opt/anaconda3/envs/airflow_env/lib/python3.9/site-packages/airflow/example_dags/example_params_ui_tutorial.py took 0.565 seconds
[2025-01-03T10:23:31.722-0800] {processor.py:186} INFO - Started process (PID=47600) to work on /opt/anaconda3/envs/airflow_env/lib/python3.9/site-packages/airflow/example_dags/example_params_ui_tutorial.py
[2025-01-03T10:23:31.726-0800] {processor.py:914} INFO - Processing file /opt/anaconda3/envs/airflow_env/lib/python3.9/site-packages/airflow/example_dags/example_params_ui_tutorial.py for tasks to queue
[2025-01-03T10:23:31.729-0800] {logging_mixin.py:190} INFO - [2025-01-03T10:23:31.729-0800] {dagbag.py:588} INFO - Filling up the DagBag from /opt/anaconda3/envs/airflow_env/lib/python3.9/site-packages/airflow/example_dags/example_params_ui_tutorial.py
[2025-01-03T10:23:31.810-0800] {processor.py:925} INFO - DAG(s) 'example_params_ui_tutorial' retrieved from /opt/anaconda3/envs/airflow_env/lib/python3.9/site-packages/airflow/example_dags/example_params_ui_tutorial.py
[2025-01-03T10:23:32.270-0800] {logging_mixin.py:190} INFO - [2025-01-03T10:23:32.270-0800] {dag.py:3239} INFO - Sync 1 DAGs
[2025-01-03T10:23:32.284-0800] {logging_mixin.py:190} INFO - [2025-01-03T10:23:32.283-0800] {dag.py:4180} INFO - Setting next_dagrun for example_params_ui_tutorial to None, run_after=None
[2025-01-03T10:23:32.310-0800] {processor.py:208} INFO - Processing /opt/anaconda3/envs/airflow_env/lib/python3.9/site-packages/airflow/example_dags/example_params_ui_tutorial.py took 0.596 seconds
[2025-01-03T10:27:38.850-0800] {processor.py:186} INFO - Started process (PID=47721) to work on /opt/anaconda3/envs/airflow_env/lib/python3.9/site-packages/airflow/example_dags/example_params_ui_tutorial.py
[2025-01-03T10:27:38.853-0800] {processor.py:914} INFO - Processing file /opt/anaconda3/envs/airflow_env/lib/python3.9/site-packages/airflow/example_dags/example_params_ui_tutorial.py for tasks to queue
[2025-01-03T10:27:38.855-0800] {logging_mixin.py:190} INFO - [2025-01-03T10:27:38.855-0800] {dagbag.py:588} INFO - Filling up the DagBag from /opt/anaconda3/envs/airflow_env/lib/python3.9/site-packages/airflow/example_dags/example_params_ui_tutorial.py
[2025-01-03T10:27:38.949-0800] {processor.py:925} INFO - DAG(s) 'example_params_ui_tutorial' retrieved from /opt/anaconda3/envs/airflow_env/lib/python3.9/site-packages/airflow/example_dags/example_params_ui_tutorial.py
[2025-01-03T10:27:39.140-0800] {logging_mixin.py:190} INFO - [2025-01-03T10:27:39.140-0800] {dag.py:3239} INFO - Sync 1 DAGs
[2025-01-03T10:27:39.157-0800] {logging_mixin.py:190} INFO - [2025-01-03T10:27:39.157-0800] {dag.py:4180} INFO - Setting next_dagrun for example_params_ui_tutorial to None, run_after=None
[2025-01-03T10:27:39.181-0800] {processor.py:208} INFO - Processing /opt/anaconda3/envs/airflow_env/lib/python3.9/site-packages/airflow/example_dags/example_params_ui_tutorial.py took 0.335 seconds
[2025-01-03T10:32:02.460-0800] {processor.py:186} INFO - Started process (PID=47847) to work on /opt/anaconda3/envs/airflow_env/lib/python3.9/site-packages/airflow/example_dags/example_params_ui_tutorial.py
[2025-01-03T10:32:02.464-0800] {processor.py:914} INFO - Processing file /opt/anaconda3/envs/airflow_env/lib/python3.9/site-packages/airflow/example_dags/example_params_ui_tutorial.py for tasks to queue
[2025-01-03T10:32:02.466-0800] {logging_mixin.py:190} INFO - [2025-01-03T10:32:02.465-0800] {dagbag.py:588} INFO - Filling up the DagBag from /opt/anaconda3/envs/airflow_env/lib/python3.9/site-packages/airflow/example_dags/example_params_ui_tutorial.py
[2025-01-03T10:32:02.513-0800] {processor.py:925} INFO - DAG(s) 'example_params_ui_tutorial' retrieved from /opt/anaconda3/envs/airflow_env/lib/python3.9/site-packages/airflow/example_dags/example_params_ui_tutorial.py
[2025-01-03T10:32:02.824-0800] {logging_mixin.py:190} INFO - [2025-01-03T10:32:02.824-0800] {dag.py:3239} INFO - Sync 1 DAGs
[2025-01-03T10:32:02.840-0800] {logging_mixin.py:190} INFO - [2025-01-03T10:32:02.840-0800] {dag.py:4180} INFO - Setting next_dagrun for example_params_ui_tutorial to None, run_after=None
[2025-01-03T10:32:02.873-0800] {processor.py:208} INFO - Processing /opt/anaconda3/envs/airflow_env/lib/python3.9/site-packages/airflow/example_dags/example_params_ui_tutorial.py took 0.419 seconds
[2025-01-03T10:36:25.994-0800] {processor.py:186} INFO - Started process (PID=47987) to work on /opt/anaconda3/envs/airflow_env/lib/python3.9/site-packages/airflow/example_dags/example_params_ui_tutorial.py
[2025-01-03T10:36:25.997-0800] {processor.py:914} INFO - Processing file /opt/anaconda3/envs/airflow_env/lib/python3.9/site-packages/airflow/example_dags/example_params_ui_tutorial.py for tasks to queue
[2025-01-03T10:36:25.998-0800] {logging_mixin.py:190} INFO - [2025-01-03T10:36:25.998-0800] {dagbag.py:588} INFO - Filling up the DagBag from /opt/anaconda3/envs/airflow_env/lib/python3.9/site-packages/airflow/example_dags/example_params_ui_tutorial.py
[2025-01-03T10:36:26.043-0800] {processor.py:925} INFO - DAG(s) 'example_params_ui_tutorial' retrieved from /opt/anaconda3/envs/airflow_env/lib/python3.9/site-packages/airflow/example_dags/example_params_ui_tutorial.py
[2025-01-03T10:36:26.413-0800] {logging_mixin.py:190} INFO - [2025-01-03T10:36:26.412-0800] {dag.py:3239} INFO - Sync 1 DAGs
[2025-01-03T10:36:26.430-0800] {logging_mixin.py:190} INFO - [2025-01-03T10:36:26.429-0800] {dag.py:4180} INFO - Setting next_dagrun for example_params_ui_tutorial to None, run_after=None
[2025-01-03T10:36:26.467-0800] {processor.py:208} INFO - Processing /opt/anaconda3/envs/airflow_env/lib/python3.9/site-packages/airflow/example_dags/example_params_ui_tutorial.py took 0.477 seconds
[2025-01-03T10:40:45.189-0800] {processor.py:186} INFO - Started process (PID=48116) to work on /opt/anaconda3/envs/airflow_env/lib/python3.9/site-packages/airflow/example_dags/example_params_ui_tutorial.py
[2025-01-03T10:40:45.192-0800] {processor.py:914} INFO - Processing file /opt/anaconda3/envs/airflow_env/lib/python3.9/site-packages/airflow/example_dags/example_params_ui_tutorial.py for tasks to queue
[2025-01-03T10:40:45.195-0800] {logging_mixin.py:190} INFO - [2025-01-03T10:40:45.194-0800] {dagbag.py:588} INFO - Filling up the DagBag from /opt/anaconda3/envs/airflow_env/lib/python3.9/site-packages/airflow/example_dags/example_params_ui_tutorial.py
[2025-01-03T10:40:45.290-0800] {processor.py:925} INFO - DAG(s) 'example_params_ui_tutorial' retrieved from /opt/anaconda3/envs/airflow_env/lib/python3.9/site-packages/airflow/example_dags/example_params_ui_tutorial.py
[2025-01-03T10:40:45.582-0800] {logging_mixin.py:190} INFO - [2025-01-03T10:40:45.582-0800] {dag.py:3239} INFO - Sync 1 DAGs
[2025-01-03T10:40:45.596-0800] {logging_mixin.py:190} INFO - [2025-01-03T10:40:45.596-0800] {dag.py:4180} INFO - Setting next_dagrun for example_params_ui_tutorial to None, run_after=None
[2025-01-03T10:40:45.625-0800] {processor.py:208} INFO - Processing /opt/anaconda3/envs/airflow_env/lib/python3.9/site-packages/airflow/example_dags/example_params_ui_tutorial.py took 0.446 seconds
[2025-01-03T10:44:35.713-0800] {processor.py:186} INFO - Started process (PID=48236) to work on /opt/anaconda3/envs/airflow_env/lib/python3.9/site-packages/airflow/example_dags/example_params_ui_tutorial.py
[2025-01-03T10:44:35.717-0800] {processor.py:914} INFO - Processing file /opt/anaconda3/envs/airflow_env/lib/python3.9/site-packages/airflow/example_dags/example_params_ui_tutorial.py for tasks to queue
[2025-01-03T10:44:35.719-0800] {logging_mixin.py:190} INFO - [2025-01-03T10:44:35.719-0800] {dagbag.py:588} INFO - Filling up the DagBag from /opt/anaconda3/envs/airflow_env/lib/python3.9/site-packages/airflow/example_dags/example_params_ui_tutorial.py
[2025-01-03T10:44:35.769-0800] {processor.py:925} INFO - DAG(s) 'example_params_ui_tutorial' retrieved from /opt/anaconda3/envs/airflow_env/lib/python3.9/site-packages/airflow/example_dags/example_params_ui_tutorial.py
[2025-01-03T10:44:35.951-0800] {logging_mixin.py:190} INFO - [2025-01-03T10:44:35.951-0800] {dag.py:3239} INFO - Sync 1 DAGs
[2025-01-03T10:44:35.968-0800] {logging_mixin.py:190} INFO - [2025-01-03T10:44:35.967-0800] {dag.py:4180} INFO - Setting next_dagrun for example_params_ui_tutorial to None, run_after=None
[2025-01-03T10:44:35.992-0800] {processor.py:208} INFO - Processing /opt/anaconda3/envs/airflow_env/lib/python3.9/site-packages/airflow/example_dags/example_params_ui_tutorial.py took 0.285 seconds
[2025-01-03T10:48:32.956-0800] {processor.py:186} INFO - Started process (PID=48372) to work on /opt/anaconda3/envs/airflow_env/lib/python3.9/site-packages/airflow/example_dags/example_params_ui_tutorial.py
[2025-01-03T10:48:32.959-0800] {processor.py:914} INFO - Processing file /opt/anaconda3/envs/airflow_env/lib/python3.9/site-packages/airflow/example_dags/example_params_ui_tutorial.py for tasks to queue
[2025-01-03T10:48:32.960-0800] {logging_mixin.py:190} INFO - [2025-01-03T10:48:32.960-0800] {dagbag.py:588} INFO - Filling up the DagBag from /opt/anaconda3/envs/airflow_env/lib/python3.9/site-packages/airflow/example_dags/example_params_ui_tutorial.py
[2025-01-03T10:48:33.019-0800] {processor.py:925} INFO - DAG(s) 'example_params_ui_tutorial' retrieved from /opt/anaconda3/envs/airflow_env/lib/python3.9/site-packages/airflow/example_dags/example_params_ui_tutorial.py
[2025-01-03T10:48:33.245-0800] {logging_mixin.py:190} INFO - [2025-01-03T10:48:33.245-0800] {dag.py:3239} INFO - Sync 1 DAGs
[2025-01-03T10:48:33.258-0800] {logging_mixin.py:190} INFO - [2025-01-03T10:48:33.258-0800] {dag.py:4180} INFO - Setting next_dagrun for example_params_ui_tutorial to None, run_after=None
[2025-01-03T10:48:33.286-0800] {processor.py:208} INFO - Processing /opt/anaconda3/envs/airflow_env/lib/python3.9/site-packages/airflow/example_dags/example_params_ui_tutorial.py took 0.336 seconds
[2025-01-03T10:52:52.052-0800] {processor.py:186} INFO - Started process (PID=48579) to work on /opt/anaconda3/envs/airflow_env/lib/python3.9/site-packages/airflow/example_dags/example_params_ui_tutorial.py
[2025-01-03T10:52:52.056-0800] {processor.py:914} INFO - Processing file /opt/anaconda3/envs/airflow_env/lib/python3.9/site-packages/airflow/example_dags/example_params_ui_tutorial.py for tasks to queue
[2025-01-03T10:52:52.062-0800] {logging_mixin.py:190} INFO - [2025-01-03T10:52:52.061-0800] {dagbag.py:588} INFO - Filling up the DagBag from /opt/anaconda3/envs/airflow_env/lib/python3.9/site-packages/airflow/example_dags/example_params_ui_tutorial.py
[2025-01-03T10:52:52.129-0800] {processor.py:925} INFO - DAG(s) 'example_params_ui_tutorial' retrieved from /opt/anaconda3/envs/airflow_env/lib/python3.9/site-packages/airflow/example_dags/example_params_ui_tutorial.py
[2025-01-03T10:52:52.362-0800] {logging_mixin.py:190} INFO - [2025-01-03T10:52:52.362-0800] {dag.py:3239} INFO - Sync 1 DAGs
[2025-01-03T10:52:52.388-0800] {logging_mixin.py:190} INFO - [2025-01-03T10:52:52.387-0800] {dag.py:4180} INFO - Setting next_dagrun for example_params_ui_tutorial to None, run_after=None
[2025-01-03T10:52:52.445-0800] {processor.py:208} INFO - Processing /opt/anaconda3/envs/airflow_env/lib/python3.9/site-packages/airflow/example_dags/example_params_ui_tutorial.py took 0.399 seconds
[2025-01-03T10:57:03.713-0800] {processor.py:186} INFO - Started process (PID=48802) to work on /opt/anaconda3/envs/airflow_env/lib/python3.9/site-packages/airflow/example_dags/example_params_ui_tutorial.py
[2025-01-03T10:57:03.716-0800] {processor.py:914} INFO - Processing file /opt/anaconda3/envs/airflow_env/lib/python3.9/site-packages/airflow/example_dags/example_params_ui_tutorial.py for tasks to queue
[2025-01-03T10:57:03.717-0800] {logging_mixin.py:190} INFO - [2025-01-03T10:57:03.717-0800] {dagbag.py:588} INFO - Filling up the DagBag from /opt/anaconda3/envs/airflow_env/lib/python3.9/site-packages/airflow/example_dags/example_params_ui_tutorial.py
[2025-01-03T10:57:03.769-0800] {processor.py:925} INFO - DAG(s) 'example_params_ui_tutorial' retrieved from /opt/anaconda3/envs/airflow_env/lib/python3.9/site-packages/airflow/example_dags/example_params_ui_tutorial.py
[2025-01-03T10:57:03.960-0800] {logging_mixin.py:190} INFO - [2025-01-03T10:57:03.959-0800] {dag.py:3239} INFO - Sync 1 DAGs
[2025-01-03T10:57:03.973-0800] {logging_mixin.py:190} INFO - [2025-01-03T10:57:03.973-0800] {dag.py:4180} INFO - Setting next_dagrun for example_params_ui_tutorial to None, run_after=None
[2025-01-03T10:57:04.000-0800] {processor.py:208} INFO - Processing /opt/anaconda3/envs/airflow_env/lib/python3.9/site-packages/airflow/example_dags/example_params_ui_tutorial.py took 0.292 seconds
[2025-01-03T11:01:27.688-0800] {processor.py:186} INFO - Started process (PID=48919) to work on /opt/anaconda3/envs/airflow_env/lib/python3.9/site-packages/airflow/example_dags/example_params_ui_tutorial.py
[2025-01-03T11:01:27.693-0800] {processor.py:914} INFO - Processing file /opt/anaconda3/envs/airflow_env/lib/python3.9/site-packages/airflow/example_dags/example_params_ui_tutorial.py for tasks to queue
[2025-01-03T11:01:27.694-0800] {logging_mixin.py:190} INFO - [2025-01-03T11:01:27.694-0800] {dagbag.py:588} INFO - Filling up the DagBag from /opt/anaconda3/envs/airflow_env/lib/python3.9/site-packages/airflow/example_dags/example_params_ui_tutorial.py
[2025-01-03T11:01:27.745-0800] {processor.py:925} INFO - DAG(s) 'example_params_ui_tutorial' retrieved from /opt/anaconda3/envs/airflow_env/lib/python3.9/site-packages/airflow/example_dags/example_params_ui_tutorial.py
[2025-01-03T11:01:28.252-0800] {logging_mixin.py:190} INFO - [2025-01-03T11:01:28.250-0800] {dag.py:3239} INFO - Sync 1 DAGs
[2025-01-03T11:01:28.275-0800] {logging_mixin.py:190} INFO - [2025-01-03T11:01:28.274-0800] {dag.py:4180} INFO - Setting next_dagrun for example_params_ui_tutorial to None, run_after=None
[2025-01-03T11:01:28.317-0800] {processor.py:208} INFO - Processing /opt/anaconda3/envs/airflow_env/lib/python3.9/site-packages/airflow/example_dags/example_params_ui_tutorial.py took 0.633 seconds
[2025-01-03T11:06:08.977-0800] {processor.py:186} INFO - Started process (PID=49106) to work on /opt/anaconda3/envs/airflow_env/lib/python3.9/site-packages/airflow/example_dags/example_params_ui_tutorial.py
[2025-01-03T11:06:08.983-0800] {processor.py:914} INFO - Processing file /opt/anaconda3/envs/airflow_env/lib/python3.9/site-packages/airflow/example_dags/example_params_ui_tutorial.py for tasks to queue
[2025-01-03T11:06:08.985-0800] {logging_mixin.py:190} INFO - [2025-01-03T11:06:08.985-0800] {dagbag.py:588} INFO - Filling up the DagBag from /opt/anaconda3/envs/airflow_env/lib/python3.9/site-packages/airflow/example_dags/example_params_ui_tutorial.py
[2025-01-03T11:06:09.088-0800] {processor.py:925} INFO - DAG(s) 'example_params_ui_tutorial' retrieved from /opt/anaconda3/envs/airflow_env/lib/python3.9/site-packages/airflow/example_dags/example_params_ui_tutorial.py
[2025-01-03T11:06:09.425-0800] {logging_mixin.py:190} INFO - [2025-01-03T11:06:09.422-0800] {dag.py:3239} INFO - Sync 1 DAGs
[2025-01-03T11:06:09.449-0800] {logging_mixin.py:190} INFO - [2025-01-03T11:06:09.448-0800] {dag.py:4180} INFO - Setting next_dagrun for example_params_ui_tutorial to None, run_after=None
[2025-01-03T11:06:09.491-0800] {processor.py:208} INFO - Processing /opt/anaconda3/envs/airflow_env/lib/python3.9/site-packages/airflow/example_dags/example_params_ui_tutorial.py took 0.521 seconds
[2025-01-03T11:10:11.758-0800] {processor.py:186} INFO - Started process (PID=49250) to work on /opt/anaconda3/envs/airflow_env/lib/python3.9/site-packages/airflow/example_dags/example_params_ui_tutorial.py
[2025-01-03T11:10:11.761-0800] {processor.py:914} INFO - Processing file /opt/anaconda3/envs/airflow_env/lib/python3.9/site-packages/airflow/example_dags/example_params_ui_tutorial.py for tasks to queue
[2025-01-03T11:10:11.763-0800] {logging_mixin.py:190} INFO - [2025-01-03T11:10:11.763-0800] {dagbag.py:588} INFO - Filling up the DagBag from /opt/anaconda3/envs/airflow_env/lib/python3.9/site-packages/airflow/example_dags/example_params_ui_tutorial.py
[2025-01-03T11:10:11.822-0800] {processor.py:925} INFO - DAG(s) 'example_params_ui_tutorial' retrieved from /opt/anaconda3/envs/airflow_env/lib/python3.9/site-packages/airflow/example_dags/example_params_ui_tutorial.py
[2025-01-03T11:10:12.007-0800] {logging_mixin.py:190} INFO - [2025-01-03T11:10:12.007-0800] {dag.py:3239} INFO - Sync 1 DAGs
[2025-01-03T11:10:12.021-0800] {logging_mixin.py:190} INFO - [2025-01-03T11:10:12.020-0800] {dag.py:4180} INFO - Setting next_dagrun for example_params_ui_tutorial to None, run_after=None
[2025-01-03T11:10:12.052-0800] {processor.py:208} INFO - Processing /opt/anaconda3/envs/airflow_env/lib/python3.9/site-packages/airflow/example_dags/example_params_ui_tutorial.py took 0.297 seconds
[2025-01-03T11:14:57.080-0800] {processor.py:186} INFO - Started process (PID=49627) to work on /opt/anaconda3/envs/airflow_env/lib/python3.9/site-packages/airflow/example_dags/example_params_ui_tutorial.py
[2025-01-03T11:14:57.083-0800] {processor.py:914} INFO - Processing file /opt/anaconda3/envs/airflow_env/lib/python3.9/site-packages/airflow/example_dags/example_params_ui_tutorial.py for tasks to queue
[2025-01-03T11:14:57.084-0800] {logging_mixin.py:190} INFO - [2025-01-03T11:14:57.084-0800] {dagbag.py:588} INFO - Filling up the DagBag from /opt/anaconda3/envs/airflow_env/lib/python3.9/site-packages/airflow/example_dags/example_params_ui_tutorial.py
[2025-01-03T11:14:57.135-0800] {processor.py:925} INFO - DAG(s) 'example_params_ui_tutorial' retrieved from /opt/anaconda3/envs/airflow_env/lib/python3.9/site-packages/airflow/example_dags/example_params_ui_tutorial.py
[2025-01-03T11:14:57.329-0800] {logging_mixin.py:190} INFO - [2025-01-03T11:14:57.329-0800] {dag.py:3239} INFO - Sync 1 DAGs
[2025-01-03T11:14:57.345-0800] {logging_mixin.py:190} INFO - [2025-01-03T11:14:57.345-0800] {dag.py:4180} INFO - Setting next_dagrun for example_params_ui_tutorial to None, run_after=None
[2025-01-03T11:14:57.369-0800] {processor.py:208} INFO - Processing /opt/anaconda3/envs/airflow_env/lib/python3.9/site-packages/airflow/example_dags/example_params_ui_tutorial.py took 0.294 seconds
[2025-01-03T11:19:30.169-0800] {processor.py:186} INFO - Started process (PID=49794) to work on /opt/anaconda3/envs/airflow_env/lib/python3.9/site-packages/airflow/example_dags/example_params_ui_tutorial.py
[2025-01-03T11:19:30.173-0800] {processor.py:914} INFO - Processing file /opt/anaconda3/envs/airflow_env/lib/python3.9/site-packages/airflow/example_dags/example_params_ui_tutorial.py for tasks to queue
[2025-01-03T11:19:30.174-0800] {logging_mixin.py:190} INFO - [2025-01-03T11:19:30.174-0800] {dagbag.py:588} INFO - Filling up the DagBag from /opt/anaconda3/envs/airflow_env/lib/python3.9/site-packages/airflow/example_dags/example_params_ui_tutorial.py
[2025-01-03T11:19:30.230-0800] {processor.py:925} INFO - DAG(s) 'example_params_ui_tutorial' retrieved from /opt/anaconda3/envs/airflow_env/lib/python3.9/site-packages/airflow/example_dags/example_params_ui_tutorial.py
[2025-01-03T11:19:30.435-0800] {logging_mixin.py:190} INFO - [2025-01-03T11:19:30.435-0800] {dag.py:3239} INFO - Sync 1 DAGs
[2025-01-03T11:19:30.450-0800] {logging_mixin.py:190} INFO - [2025-01-03T11:19:30.450-0800] {dag.py:4180} INFO - Setting next_dagrun for example_params_ui_tutorial to None, run_after=None
[2025-01-03T11:19:30.476-0800] {processor.py:208} INFO - Processing /opt/anaconda3/envs/airflow_env/lib/python3.9/site-packages/airflow/example_dags/example_params_ui_tutorial.py took 0.313 seconds
[2025-01-03T11:23:47.225-0800] {processor.py:186} INFO - Started process (PID=49945) to work on /opt/anaconda3/envs/airflow_env/lib/python3.9/site-packages/airflow/example_dags/example_params_ui_tutorial.py
[2025-01-03T11:23:47.228-0800] {processor.py:914} INFO - Processing file /opt/anaconda3/envs/airflow_env/lib/python3.9/site-packages/airflow/example_dags/example_params_ui_tutorial.py for tasks to queue
[2025-01-03T11:23:47.230-0800] {logging_mixin.py:190} INFO - [2025-01-03T11:23:47.229-0800] {dagbag.py:588} INFO - Filling up the DagBag from /opt/anaconda3/envs/airflow_env/lib/python3.9/site-packages/airflow/example_dags/example_params_ui_tutorial.py
[2025-01-03T11:23:47.297-0800] {processor.py:925} INFO - DAG(s) 'example_params_ui_tutorial' retrieved from /opt/anaconda3/envs/airflow_env/lib/python3.9/site-packages/airflow/example_dags/example_params_ui_tutorial.py
[2025-01-03T11:23:47.575-0800] {logging_mixin.py:190} INFO - [2025-01-03T11:23:47.574-0800] {dag.py:3239} INFO - Sync 1 DAGs
[2025-01-03T11:23:47.588-0800] {logging_mixin.py:190} INFO - [2025-01-03T11:23:47.588-0800] {dag.py:4180} INFO - Setting next_dagrun for example_params_ui_tutorial to None, run_after=None
[2025-01-03T11:23:47.619-0800] {processor.py:208} INFO - Processing /opt/anaconda3/envs/airflow_env/lib/python3.9/site-packages/airflow/example_dags/example_params_ui_tutorial.py took 0.399 seconds
[2025-01-03T11:28:29.044-0800] {processor.py:186} INFO - Started process (PID=50108) to work on /opt/anaconda3/envs/airflow_env/lib/python3.9/site-packages/airflow/example_dags/example_params_ui_tutorial.py
[2025-01-03T11:28:29.046-0800] {processor.py:914} INFO - Processing file /opt/anaconda3/envs/airflow_env/lib/python3.9/site-packages/airflow/example_dags/example_params_ui_tutorial.py for tasks to queue
[2025-01-03T11:28:29.048-0800] {logging_mixin.py:190} INFO - [2025-01-03T11:28:29.047-0800] {dagbag.py:588} INFO - Filling up the DagBag from /opt/anaconda3/envs/airflow_env/lib/python3.9/site-packages/airflow/example_dags/example_params_ui_tutorial.py
[2025-01-03T11:28:29.096-0800] {processor.py:925} INFO - DAG(s) 'example_params_ui_tutorial' retrieved from /opt/anaconda3/envs/airflow_env/lib/python3.9/site-packages/airflow/example_dags/example_params_ui_tutorial.py
[2025-01-03T11:28:29.292-0800] {logging_mixin.py:190} INFO - [2025-01-03T11:28:29.291-0800] {dag.py:3239} INFO - Sync 1 DAGs
[2025-01-03T11:28:29.304-0800] {logging_mixin.py:190} INFO - [2025-01-03T11:28:29.304-0800] {dag.py:4180} INFO - Setting next_dagrun for example_params_ui_tutorial to None, run_after=None
[2025-01-03T11:28:29.328-0800] {processor.py:208} INFO - Processing /opt/anaconda3/envs/airflow_env/lib/python3.9/site-packages/airflow/example_dags/example_params_ui_tutorial.py took 0.288 seconds
[2025-01-03T11:33:08.756-0800] {processor.py:186} INFO - Started process (PID=50310) to work on /opt/anaconda3/envs/airflow_env/lib/python3.9/site-packages/airflow/example_dags/example_params_ui_tutorial.py
[2025-01-03T11:33:08.758-0800] {processor.py:914} INFO - Processing file /opt/anaconda3/envs/airflow_env/lib/python3.9/site-packages/airflow/example_dags/example_params_ui_tutorial.py for tasks to queue
[2025-01-03T11:33:08.760-0800] {logging_mixin.py:190} INFO - [2025-01-03T11:33:08.760-0800] {dagbag.py:588} INFO - Filling up the DagBag from /opt/anaconda3/envs/airflow_env/lib/python3.9/site-packages/airflow/example_dags/example_params_ui_tutorial.py
[2025-01-03T11:33:08.856-0800] {processor.py:925} INFO - DAG(s) 'example_params_ui_tutorial' retrieved from /opt/anaconda3/envs/airflow_env/lib/python3.9/site-packages/airflow/example_dags/example_params_ui_tutorial.py
[2025-01-03T11:33:09.733-0800] {logging_mixin.py:190} INFO - [2025-01-03T11:33:09.733-0800] {dag.py:3239} INFO - Sync 1 DAGs
[2025-01-03T11:33:09.828-0800] {logging_mixin.py:190} INFO - [2025-01-03T11:33:09.828-0800] {dag.py:4180} INFO - Setting next_dagrun for example_params_ui_tutorial to None, run_after=None
[2025-01-03T11:33:09.888-0800] {processor.py:208} INFO - Processing /opt/anaconda3/envs/airflow_env/lib/python3.9/site-packages/airflow/example_dags/example_params_ui_tutorial.py took 1.138 seconds
[2025-01-03T11:37:56.966-0800] {processor.py:186} INFO - Started process (PID=50512) to work on /opt/anaconda3/envs/airflow_env/lib/python3.9/site-packages/airflow/example_dags/example_params_ui_tutorial.py
[2025-01-03T11:37:56.971-0800] {processor.py:914} INFO - Processing file /opt/anaconda3/envs/airflow_env/lib/python3.9/site-packages/airflow/example_dags/example_params_ui_tutorial.py for tasks to queue
[2025-01-03T11:37:56.972-0800] {logging_mixin.py:190} INFO - [2025-01-03T11:37:56.972-0800] {dagbag.py:588} INFO - Filling up the DagBag from /opt/anaconda3/envs/airflow_env/lib/python3.9/site-packages/airflow/example_dags/example_params_ui_tutorial.py
[2025-01-03T11:37:57.017-0800] {processor.py:925} INFO - DAG(s) 'example_params_ui_tutorial' retrieved from /opt/anaconda3/envs/airflow_env/lib/python3.9/site-packages/airflow/example_dags/example_params_ui_tutorial.py
[2025-01-03T11:37:57.234-0800] {logging_mixin.py:190} INFO - [2025-01-03T11:37:57.233-0800] {dag.py:3239} INFO - Sync 1 DAGs
[2025-01-03T11:37:57.248-0800] {logging_mixin.py:190} INFO - [2025-01-03T11:37:57.247-0800] {dag.py:4180} INFO - Setting next_dagrun for example_params_ui_tutorial to None, run_after=None
[2025-01-03T11:37:57.270-0800] {processor.py:208} INFO - Processing /opt/anaconda3/envs/airflow_env/lib/python3.9/site-packages/airflow/example_dags/example_params_ui_tutorial.py took 0.309 seconds
[2025-01-03T11:42:28.058-0800] {processor.py:186} INFO - Started process (PID=50696) to work on /opt/anaconda3/envs/airflow_env/lib/python3.9/site-packages/airflow/example_dags/example_params_ui_tutorial.py
[2025-01-03T11:42:28.061-0800] {processor.py:914} INFO - Processing file /opt/anaconda3/envs/airflow_env/lib/python3.9/site-packages/airflow/example_dags/example_params_ui_tutorial.py for tasks to queue
[2025-01-03T11:42:28.064-0800] {logging_mixin.py:190} INFO - [2025-01-03T11:42:28.063-0800] {dagbag.py:588} INFO - Filling up the DagBag from /opt/anaconda3/envs/airflow_env/lib/python3.9/site-packages/airflow/example_dags/example_params_ui_tutorial.py
[2025-01-03T11:42:28.111-0800] {processor.py:925} INFO - DAG(s) 'example_params_ui_tutorial' retrieved from /opt/anaconda3/envs/airflow_env/lib/python3.9/site-packages/airflow/example_dags/example_params_ui_tutorial.py
[2025-01-03T11:42:28.308-0800] {logging_mixin.py:190} INFO - [2025-01-03T11:42:28.307-0800] {dag.py:3239} INFO - Sync 1 DAGs
[2025-01-03T11:42:28.321-0800] {logging_mixin.py:190} INFO - [2025-01-03T11:42:28.321-0800] {dag.py:4180} INFO - Setting next_dagrun for example_params_ui_tutorial to None, run_after=None
[2025-01-03T11:42:28.343-0800] {processor.py:208} INFO - Processing /opt/anaconda3/envs/airflow_env/lib/python3.9/site-packages/airflow/example_dags/example_params_ui_tutorial.py took 0.290 seconds
[2025-01-03T11:47:27.018-0800] {processor.py:186} INFO - Started process (PID=50893) to work on /opt/anaconda3/envs/airflow_env/lib/python3.9/site-packages/airflow/example_dags/example_params_ui_tutorial.py
[2025-01-03T11:47:27.021-0800] {processor.py:914} INFO - Processing file /opt/anaconda3/envs/airflow_env/lib/python3.9/site-packages/airflow/example_dags/example_params_ui_tutorial.py for tasks to queue
[2025-01-03T11:47:27.023-0800] {logging_mixin.py:190} INFO - [2025-01-03T11:47:27.022-0800] {dagbag.py:588} INFO - Filling up the DagBag from /opt/anaconda3/envs/airflow_env/lib/python3.9/site-packages/airflow/example_dags/example_params_ui_tutorial.py
[2025-01-03T11:47:27.110-0800] {processor.py:925} INFO - DAG(s) 'example_params_ui_tutorial' retrieved from /opt/anaconda3/envs/airflow_env/lib/python3.9/site-packages/airflow/example_dags/example_params_ui_tutorial.py
[2025-01-03T11:47:27.323-0800] {logging_mixin.py:190} INFO - [2025-01-03T11:47:27.323-0800] {dag.py:3239} INFO - Sync 1 DAGs
[2025-01-03T11:47:27.339-0800] {logging_mixin.py:190} INFO - [2025-01-03T11:47:27.339-0800] {dag.py:4180} INFO - Setting next_dagrun for example_params_ui_tutorial to None, run_after=None
[2025-01-03T11:47:27.365-0800] {processor.py:208} INFO - Processing /opt/anaconda3/envs/airflow_env/lib/python3.9/site-packages/airflow/example_dags/example_params_ui_tutorial.py took 0.351 seconds
[2025-01-03T11:58:40.223-0800] {processor.py:186} INFO - Started process (PID=51879) to work on /opt/anaconda3/envs/airflow_env/lib/python3.9/site-packages/airflow/example_dags/example_params_ui_tutorial.py
[2025-01-03T11:58:40.226-0800] {processor.py:914} INFO - Processing file /opt/anaconda3/envs/airflow_env/lib/python3.9/site-packages/airflow/example_dags/example_params_ui_tutorial.py for tasks to queue
[2025-01-03T11:58:40.227-0800] {logging_mixin.py:190} INFO - [2025-01-03T11:58:40.227-0800] {dagbag.py:588} INFO - Filling up the DagBag from /opt/anaconda3/envs/airflow_env/lib/python3.9/site-packages/airflow/example_dags/example_params_ui_tutorial.py
[2025-01-03T11:58:40.298-0800] {processor.py:925} INFO - DAG(s) 'example_params_ui_tutorial' retrieved from /opt/anaconda3/envs/airflow_env/lib/python3.9/site-packages/airflow/example_dags/example_params_ui_tutorial.py
[2025-01-03T11:58:40.660-0800] {logging_mixin.py:190} INFO - [2025-01-03T11:58:40.660-0800] {dag.py:3239} INFO - Sync 1 DAGs
[2025-01-03T11:58:40.692-0800] {logging_mixin.py:190} INFO - [2025-01-03T11:58:40.691-0800] {dag.py:4180} INFO - Setting next_dagrun for example_params_ui_tutorial to None, run_after=None
[2025-01-03T11:58:40.736-0800] {processor.py:208} INFO - Processing /opt/anaconda3/envs/airflow_env/lib/python3.9/site-packages/airflow/example_dags/example_params_ui_tutorial.py took 0.518 seconds
[2025-01-03T12:04:41.421-0800] {processor.py:186} INFO - Started process (PID=52322) to work on /opt/anaconda3/envs/airflow_env/lib/python3.9/site-packages/airflow/example_dags/example_params_ui_tutorial.py
[2025-01-03T12:04:41.425-0800] {processor.py:914} INFO - Processing file /opt/anaconda3/envs/airflow_env/lib/python3.9/site-packages/airflow/example_dags/example_params_ui_tutorial.py for tasks to queue
[2025-01-03T12:04:41.427-0800] {logging_mixin.py:190} INFO - [2025-01-03T12:04:41.427-0800] {dagbag.py:588} INFO - Filling up the DagBag from /opt/anaconda3/envs/airflow_env/lib/python3.9/site-packages/airflow/example_dags/example_params_ui_tutorial.py
[2025-01-03T12:04:41.486-0800] {processor.py:925} INFO - DAG(s) 'example_params_ui_tutorial' retrieved from /opt/anaconda3/envs/airflow_env/lib/python3.9/site-packages/airflow/example_dags/example_params_ui_tutorial.py
[2025-01-03T12:04:41.840-0800] {logging_mixin.py:190} INFO - [2025-01-03T12:04:41.840-0800] {dag.py:3239} INFO - Sync 1 DAGs
[2025-01-03T12:04:41.860-0800] {logging_mixin.py:190} INFO - [2025-01-03T12:04:41.859-0800] {dag.py:4180} INFO - Setting next_dagrun for example_params_ui_tutorial to None, run_after=None
[2025-01-03T12:04:41.901-0800] {processor.py:208} INFO - Processing /opt/anaconda3/envs/airflow_env/lib/python3.9/site-packages/airflow/example_dags/example_params_ui_tutorial.py took 0.484 seconds
[2025-01-03T12:10:00.687-0800] {processor.py:186} INFO - Started process (PID=52649) to work on /opt/anaconda3/envs/airflow_env/lib/python3.9/site-packages/airflow/example_dags/example_params_ui_tutorial.py
[2025-01-03T12:10:00.714-0800] {processor.py:914} INFO - Processing file /opt/anaconda3/envs/airflow_env/lib/python3.9/site-packages/airflow/example_dags/example_params_ui_tutorial.py for tasks to queue
[2025-01-03T12:10:00.716-0800] {logging_mixin.py:190} INFO - [2025-01-03T12:10:00.716-0800] {dagbag.py:588} INFO - Filling up the DagBag from /opt/anaconda3/envs/airflow_env/lib/python3.9/site-packages/airflow/example_dags/example_params_ui_tutorial.py
[2025-01-03T12:10:00.808-0800] {processor.py:925} INFO - DAG(s) 'example_params_ui_tutorial' retrieved from /opt/anaconda3/envs/airflow_env/lib/python3.9/site-packages/airflow/example_dags/example_params_ui_tutorial.py
[2025-01-03T12:10:01.235-0800] {logging_mixin.py:190} INFO - [2025-01-03T12:10:01.235-0800] {dag.py:3239} INFO - Sync 1 DAGs
[2025-01-03T12:10:01.273-0800] {logging_mixin.py:190} INFO - [2025-01-03T12:10:01.273-0800] {dag.py:4180} INFO - Setting next_dagrun for example_params_ui_tutorial to None, run_after=None
[2025-01-03T12:10:01.308-0800] {processor.py:208} INFO - Processing /opt/anaconda3/envs/airflow_env/lib/python3.9/site-packages/airflow/example_dags/example_params_ui_tutorial.py took 0.628 seconds
