[2025-01-03T09:46:59.059-0800] {processor.py:186} INFO - Started process (PID=45940) to work on /opt/anaconda3/envs/airflow_env/lib/python3.9/site-packages/airflow/example_dags/tutorial_taskflow_templates.py
[2025-01-03T09:46:59.061-0800] {processor.py:914} INFO - Processing file /opt/anaconda3/envs/airflow_env/lib/python3.9/site-packages/airflow/example_dags/tutorial_taskflow_templates.py for tasks to queue
[2025-01-03T09:46:59.062-0800] {logging_mixin.py:190} INFO - [2025-01-03T09:46:59.062-0800] {dagbag.py:588} INFO - Filling up the DagBag from /opt/anaconda3/envs/airflow_env/lib/python3.9/site-packages/airflow/example_dags/tutorial_taskflow_templates.py
[2025-01-03T09:46:59.112-0800] {processor.py:925} INFO - DAG(s) 'tutorial_taskflow_templates' retrieved from /opt/anaconda3/envs/airflow_env/lib/python3.9/site-packages/airflow/example_dags/tutorial_taskflow_templates.py
[2025-01-03T09:46:59.247-0800] {logging_mixin.py:190} INFO - [2025-01-03T09:46:59.247-0800] {dag.py:3239} INFO - Sync 1 DAGs
[2025-01-03T09:46:59.270-0800] {logging_mixin.py:190} INFO - [2025-01-03T09:46:59.270-0800] {dag.py:4180} INFO - Setting next_dagrun for tutorial_taskflow_templates to 2025-01-02 00:00:00+00:00, run_after=2025-01-03 00:00:00+00:00
[2025-01-03T09:46:59.298-0800] {processor.py:208} INFO - Processing /opt/anaconda3/envs/airflow_env/lib/python3.9/site-packages/airflow/example_dags/tutorial_taskflow_templates.py took 0.243 seconds
[2025-01-03T09:51:48.953-0800] {processor.py:186} INFO - Started process (PID=46354) to work on /opt/anaconda3/envs/airflow_env/lib/python3.9/site-packages/airflow/example_dags/tutorial_taskflow_templates.py
[2025-01-03T09:51:48.955-0800] {processor.py:914} INFO - Processing file /opt/anaconda3/envs/airflow_env/lib/python3.9/site-packages/airflow/example_dags/tutorial_taskflow_templates.py for tasks to queue
[2025-01-03T09:51:48.957-0800] {logging_mixin.py:190} INFO - [2025-01-03T09:51:48.956-0800] {dagbag.py:588} INFO - Filling up the DagBag from /opt/anaconda3/envs/airflow_env/lib/python3.9/site-packages/airflow/example_dags/tutorial_taskflow_templates.py
[2025-01-03T09:51:49.001-0800] {processor.py:925} INFO - DAG(s) 'tutorial_taskflow_templates' retrieved from /opt/anaconda3/envs/airflow_env/lib/python3.9/site-packages/airflow/example_dags/tutorial_taskflow_templates.py
[2025-01-03T09:51:49.124-0800] {logging_mixin.py:190} INFO - [2025-01-03T09:51:49.124-0800] {dag.py:3239} INFO - Sync 1 DAGs
[2025-01-03T09:51:49.145-0800] {logging_mixin.py:190} INFO - [2025-01-03T09:51:49.145-0800] {dag.py:4180} INFO - Setting next_dagrun for tutorial_taskflow_templates to 2025-01-02 00:00:00+00:00, run_after=2025-01-03 00:00:00+00:00
[2025-01-03T09:51:49.168-0800] {processor.py:208} INFO - Processing /opt/anaconda3/envs/airflow_env/lib/python3.9/site-packages/airflow/example_dags/tutorial_taskflow_templates.py took 0.219 seconds
[2025-01-03T09:55:03.750-0800] {processor.py:186} INFO - Started process (PID=46479) to work on /opt/anaconda3/envs/airflow_env/lib/python3.9/site-packages/airflow/example_dags/tutorial_taskflow_templates.py
[2025-01-03T09:55:03.755-0800] {processor.py:914} INFO - Processing file /opt/anaconda3/envs/airflow_env/lib/python3.9/site-packages/airflow/example_dags/tutorial_taskflow_templates.py for tasks to queue
[2025-01-03T09:55:03.757-0800] {logging_mixin.py:190} INFO - [2025-01-03T09:55:03.756-0800] {dagbag.py:588} INFO - Filling up the DagBag from /opt/anaconda3/envs/airflow_env/lib/python3.9/site-packages/airflow/example_dags/tutorial_taskflow_templates.py
[2025-01-03T09:55:03.918-0800] {processor.py:925} INFO - DAG(s) 'tutorial_taskflow_templates' retrieved from /opt/anaconda3/envs/airflow_env/lib/python3.9/site-packages/airflow/example_dags/tutorial_taskflow_templates.py
[2025-01-03T09:55:04.178-0800] {logging_mixin.py:190} INFO - [2025-01-03T09:55:04.177-0800] {dag.py:3239} INFO - Sync 1 DAGs
[2025-01-03T09:55:04.225-0800] {logging_mixin.py:190} INFO - [2025-01-03T09:55:04.225-0800] {dag.py:4180} INFO - Setting next_dagrun for tutorial_taskflow_templates to 2025-01-02 00:00:00+00:00, run_after=2025-01-03 00:00:00+00:00
[2025-01-03T09:55:04.253-0800] {processor.py:208} INFO - Processing /opt/anaconda3/envs/airflow_env/lib/python3.9/site-packages/airflow/example_dags/tutorial_taskflow_templates.py took 0.509 seconds
[2025-01-03T09:58:49.692-0800] {processor.py:186} INFO - Started process (PID=46590) to work on /opt/anaconda3/envs/airflow_env/lib/python3.9/site-packages/airflow/example_dags/tutorial_taskflow_templates.py
[2025-01-03T09:58:49.695-0800] {processor.py:914} INFO - Processing file /opt/anaconda3/envs/airflow_env/lib/python3.9/site-packages/airflow/example_dags/tutorial_taskflow_templates.py for tasks to queue
[2025-01-03T09:58:49.696-0800] {logging_mixin.py:190} INFO - [2025-01-03T09:58:49.696-0800] {dagbag.py:588} INFO - Filling up the DagBag from /opt/anaconda3/envs/airflow_env/lib/python3.9/site-packages/airflow/example_dags/tutorial_taskflow_templates.py
[2025-01-03T09:58:49.812-0800] {processor.py:925} INFO - DAG(s) 'tutorial_taskflow_templates' retrieved from /opt/anaconda3/envs/airflow_env/lib/python3.9/site-packages/airflow/example_dags/tutorial_taskflow_templates.py
[2025-01-03T09:58:50.001-0800] {logging_mixin.py:190} INFO - [2025-01-03T09:58:50.001-0800] {dag.py:3239} INFO - Sync 1 DAGs
[2025-01-03T09:58:50.025-0800] {logging_mixin.py:190} INFO - [2025-01-03T09:58:50.025-0800] {dag.py:4180} INFO - Setting next_dagrun for tutorial_taskflow_templates to 2025-01-02 00:00:00+00:00, run_after=2025-01-03 00:00:00+00:00
[2025-01-03T09:58:50.055-0800] {processor.py:208} INFO - Processing /opt/anaconda3/envs/airflow_env/lib/python3.9/site-packages/airflow/example_dags/tutorial_taskflow_templates.py took 0.367 seconds
[2025-01-03T10:03:04.520-0800] {processor.py:186} INFO - Started process (PID=46739) to work on /opt/anaconda3/envs/airflow_env/lib/python3.9/site-packages/airflow/example_dags/tutorial_taskflow_templates.py
[2025-01-03T10:03:04.522-0800] {processor.py:914} INFO - Processing file /opt/anaconda3/envs/airflow_env/lib/python3.9/site-packages/airflow/example_dags/tutorial_taskflow_templates.py for tasks to queue
[2025-01-03T10:03:04.524-0800] {logging_mixin.py:190} INFO - [2025-01-03T10:03:04.524-0800] {dagbag.py:588} INFO - Filling up the DagBag from /opt/anaconda3/envs/airflow_env/lib/python3.9/site-packages/airflow/example_dags/tutorial_taskflow_templates.py
[2025-01-03T10:03:04.648-0800] {processor.py:925} INFO - DAG(s) 'tutorial_taskflow_templates' retrieved from /opt/anaconda3/envs/airflow_env/lib/python3.9/site-packages/airflow/example_dags/tutorial_taskflow_templates.py
[2025-01-03T10:03:04.848-0800] {logging_mixin.py:190} INFO - [2025-01-03T10:03:04.847-0800] {dag.py:3239} INFO - Sync 1 DAGs
[2025-01-03T10:03:04.870-0800] {logging_mixin.py:190} INFO - [2025-01-03T10:03:04.870-0800] {dag.py:4180} INFO - Setting next_dagrun for tutorial_taskflow_templates to 2025-01-02 00:00:00+00:00, run_after=2025-01-03 00:00:00+00:00
[2025-01-03T10:03:04.900-0800] {processor.py:208} INFO - Processing /opt/anaconda3/envs/airflow_env/lib/python3.9/site-packages/airflow/example_dags/tutorial_taskflow_templates.py took 0.387 seconds
[2025-01-03T10:06:43.235-0800] {processor.py:186} INFO - Started process (PID=46856) to work on /opt/anaconda3/envs/airflow_env/lib/python3.9/site-packages/airflow/example_dags/tutorial_taskflow_templates.py
[2025-01-03T10:06:43.238-0800] {processor.py:914} INFO - Processing file /opt/anaconda3/envs/airflow_env/lib/python3.9/site-packages/airflow/example_dags/tutorial_taskflow_templates.py for tasks to queue
[2025-01-03T10:06:43.239-0800] {logging_mixin.py:190} INFO - [2025-01-03T10:06:43.239-0800] {dagbag.py:588} INFO - Filling up the DagBag from /opt/anaconda3/envs/airflow_env/lib/python3.9/site-packages/airflow/example_dags/tutorial_taskflow_templates.py
[2025-01-03T10:06:43.339-0800] {processor.py:925} INFO - DAG(s) 'tutorial_taskflow_templates' retrieved from /opt/anaconda3/envs/airflow_env/lib/python3.9/site-packages/airflow/example_dags/tutorial_taskflow_templates.py
[2025-01-03T10:06:43.482-0800] {logging_mixin.py:190} INFO - [2025-01-03T10:06:43.482-0800] {dag.py:3239} INFO - Sync 1 DAGs
[2025-01-03T10:06:43.505-0800] {logging_mixin.py:190} INFO - [2025-01-03T10:06:43.504-0800] {dag.py:4180} INFO - Setting next_dagrun for tutorial_taskflow_templates to 2025-01-02 00:00:00+00:00, run_after=2025-01-03 00:00:00+00:00
[2025-01-03T10:06:43.529-0800] {processor.py:208} INFO - Processing /opt/anaconda3/envs/airflow_env/lib/python3.9/site-packages/airflow/example_dags/tutorial_taskflow_templates.py took 0.299 seconds
[2025-01-03T10:10:09.024-0800] {processor.py:186} INFO - Started process (PID=46966) to work on /opt/anaconda3/envs/airflow_env/lib/python3.9/site-packages/airflow/example_dags/tutorial_taskflow_templates.py
[2025-01-03T10:10:09.026-0800] {processor.py:914} INFO - Processing file /opt/anaconda3/envs/airflow_env/lib/python3.9/site-packages/airflow/example_dags/tutorial_taskflow_templates.py for tasks to queue
[2025-01-03T10:10:09.028-0800] {logging_mixin.py:190} INFO - [2025-01-03T10:10:09.027-0800] {dagbag.py:588} INFO - Filling up the DagBag from /opt/anaconda3/envs/airflow_env/lib/python3.9/site-packages/airflow/example_dags/tutorial_taskflow_templates.py
[2025-01-03T10:10:09.100-0800] {processor.py:925} INFO - DAG(s) 'tutorial_taskflow_templates' retrieved from /opt/anaconda3/envs/airflow_env/lib/python3.9/site-packages/airflow/example_dags/tutorial_taskflow_templates.py
[2025-01-03T10:10:09.244-0800] {logging_mixin.py:190} INFO - [2025-01-03T10:10:09.244-0800] {dag.py:3239} INFO - Sync 1 DAGs
[2025-01-03T10:10:09.269-0800] {logging_mixin.py:190} INFO - [2025-01-03T10:10:09.268-0800] {dag.py:4180} INFO - Setting next_dagrun for tutorial_taskflow_templates to 2025-01-02 00:00:00+00:00, run_after=2025-01-03 00:00:00+00:00
[2025-01-03T10:10:09.295-0800] {processor.py:208} INFO - Processing /opt/anaconda3/envs/airflow_env/lib/python3.9/site-packages/airflow/example_dags/tutorial_taskflow_templates.py took 0.276 seconds
[2025-01-03T10:13:30.904-0800] {processor.py:186} INFO - Started process (PID=47084) to work on /opt/anaconda3/envs/airflow_env/lib/python3.9/site-packages/airflow/example_dags/tutorial_taskflow_templates.py
[2025-01-03T10:13:30.907-0800] {processor.py:914} INFO - Processing file /opt/anaconda3/envs/airflow_env/lib/python3.9/site-packages/airflow/example_dags/tutorial_taskflow_templates.py for tasks to queue
[2025-01-03T10:13:30.909-0800] {logging_mixin.py:190} INFO - [2025-01-03T10:13:30.908-0800] {dagbag.py:588} INFO - Filling up the DagBag from /opt/anaconda3/envs/airflow_env/lib/python3.9/site-packages/airflow/example_dags/tutorial_taskflow_templates.py
[2025-01-03T10:13:31.022-0800] {processor.py:925} INFO - DAG(s) 'tutorial_taskflow_templates' retrieved from /opt/anaconda3/envs/airflow_env/lib/python3.9/site-packages/airflow/example_dags/tutorial_taskflow_templates.py
[2025-01-03T10:13:31.184-0800] {logging_mixin.py:190} INFO - [2025-01-03T10:13:31.184-0800] {dag.py:3239} INFO - Sync 1 DAGs
[2025-01-03T10:13:31.206-0800] {logging_mixin.py:190} INFO - [2025-01-03T10:13:31.205-0800] {dag.py:4180} INFO - Setting next_dagrun for tutorial_taskflow_templates to 2025-01-02 00:00:00+00:00, run_after=2025-01-03 00:00:00+00:00
[2025-01-03T10:13:31.235-0800] {processor.py:208} INFO - Processing /opt/anaconda3/envs/airflow_env/lib/python3.9/site-packages/airflow/example_dags/tutorial_taskflow_templates.py took 0.336 seconds
[2025-01-03T10:17:28.101-0800] {processor.py:186} INFO - Started process (PID=47377) to work on /opt/anaconda3/envs/airflow_env/lib/python3.9/site-packages/airflow/example_dags/tutorial_taskflow_templates.py
[2025-01-03T10:17:28.104-0800] {processor.py:914} INFO - Processing file /opt/anaconda3/envs/airflow_env/lib/python3.9/site-packages/airflow/example_dags/tutorial_taskflow_templates.py for tasks to queue
[2025-01-03T10:17:28.106-0800] {logging_mixin.py:190} INFO - [2025-01-03T10:17:28.106-0800] {dagbag.py:588} INFO - Filling up the DagBag from /opt/anaconda3/envs/airflow_env/lib/python3.9/site-packages/airflow/example_dags/tutorial_taskflow_templates.py
[2025-01-03T10:17:28.231-0800] {processor.py:925} INFO - DAG(s) 'tutorial_taskflow_templates' retrieved from /opt/anaconda3/envs/airflow_env/lib/python3.9/site-packages/airflow/example_dags/tutorial_taskflow_templates.py
[2025-01-03T10:17:28.442-0800] {logging_mixin.py:190} INFO - [2025-01-03T10:17:28.442-0800] {dag.py:3239} INFO - Sync 1 DAGs
[2025-01-03T10:17:28.467-0800] {logging_mixin.py:190} INFO - [2025-01-03T10:17:28.466-0800] {dag.py:4180} INFO - Setting next_dagrun for tutorial_taskflow_templates to 2025-01-02 00:00:00+00:00, run_after=2025-01-03 00:00:00+00:00
[2025-01-03T10:17:28.521-0800] {processor.py:208} INFO - Processing /opt/anaconda3/envs/airflow_env/lib/python3.9/site-packages/airflow/example_dags/tutorial_taskflow_templates.py took 0.424 seconds
[2025-01-03T10:21:29.553-0800] {processor.py:186} INFO - Started process (PID=47489) to work on /opt/anaconda3/envs/airflow_env/lib/python3.9/site-packages/airflow/example_dags/tutorial_taskflow_templates.py
[2025-01-03T10:21:29.557-0800] {processor.py:914} INFO - Processing file /opt/anaconda3/envs/airflow_env/lib/python3.9/site-packages/airflow/example_dags/tutorial_taskflow_templates.py for tasks to queue
[2025-01-03T10:21:29.560-0800] {logging_mixin.py:190} INFO - [2025-01-03T10:21:29.559-0800] {dagbag.py:588} INFO - Filling up the DagBag from /opt/anaconda3/envs/airflow_env/lib/python3.9/site-packages/airflow/example_dags/tutorial_taskflow_templates.py
[2025-01-03T10:21:29.764-0800] {processor.py:925} INFO - DAG(s) 'tutorial_taskflow_templates' retrieved from /opt/anaconda3/envs/airflow_env/lib/python3.9/site-packages/airflow/example_dags/tutorial_taskflow_templates.py
[2025-01-03T10:21:29.931-0800] {logging_mixin.py:190} INFO - [2025-01-03T10:21:29.931-0800] {dag.py:3239} INFO - Sync 1 DAGs
[2025-01-03T10:21:29.956-0800] {logging_mixin.py:190} INFO - [2025-01-03T10:21:29.956-0800] {dag.py:4180} INFO - Setting next_dagrun for tutorial_taskflow_templates to 2025-01-02 00:00:00+00:00, run_after=2025-01-03 00:00:00+00:00
[2025-01-03T10:21:29.985-0800] {processor.py:208} INFO - Processing /opt/anaconda3/envs/airflow_env/lib/python3.9/site-packages/airflow/example_dags/tutorial_taskflow_templates.py took 0.439 seconds
[2025-01-03T10:25:30.217-0800] {processor.py:186} INFO - Started process (PID=47662) to work on /opt/anaconda3/envs/airflow_env/lib/python3.9/site-packages/airflow/example_dags/tutorial_taskflow_templates.py
[2025-01-03T10:25:30.221-0800] {processor.py:914} INFO - Processing file /opt/anaconda3/envs/airflow_env/lib/python3.9/site-packages/airflow/example_dags/tutorial_taskflow_templates.py for tasks to queue
[2025-01-03T10:25:30.238-0800] {logging_mixin.py:190} INFO - [2025-01-03T10:25:30.237-0800] {dagbag.py:588} INFO - Filling up the DagBag from /opt/anaconda3/envs/airflow_env/lib/python3.9/site-packages/airflow/example_dags/tutorial_taskflow_templates.py
[2025-01-03T10:25:30.399-0800] {processor.py:925} INFO - DAG(s) 'tutorial_taskflow_templates' retrieved from /opt/anaconda3/envs/airflow_env/lib/python3.9/site-packages/airflow/example_dags/tutorial_taskflow_templates.py
[2025-01-03T10:25:30.692-0800] {logging_mixin.py:190} INFO - [2025-01-03T10:25:30.691-0800] {dag.py:3239} INFO - Sync 1 DAGs
[2025-01-03T10:25:30.721-0800] {logging_mixin.py:190} INFO - [2025-01-03T10:25:30.721-0800] {dag.py:4180} INFO - Setting next_dagrun for tutorial_taskflow_templates to 2025-01-02 00:00:00+00:00, run_after=2025-01-03 00:00:00+00:00
[2025-01-03T10:25:30.774-0800] {processor.py:208} INFO - Processing /opt/anaconda3/envs/airflow_env/lib/python3.9/site-packages/airflow/example_dags/tutorial_taskflow_templates.py took 0.569 seconds
[2025-01-03T10:29:52.530-0800] {processor.py:186} INFO - Started process (PID=47789) to work on /opt/anaconda3/envs/airflow_env/lib/python3.9/site-packages/airflow/example_dags/tutorial_taskflow_templates.py
[2025-01-03T10:29:52.534-0800] {processor.py:914} INFO - Processing file /opt/anaconda3/envs/airflow_env/lib/python3.9/site-packages/airflow/example_dags/tutorial_taskflow_templates.py for tasks to queue
[2025-01-03T10:29:52.535-0800] {logging_mixin.py:190} INFO - [2025-01-03T10:29:52.535-0800] {dagbag.py:588} INFO - Filling up the DagBag from /opt/anaconda3/envs/airflow_env/lib/python3.9/site-packages/airflow/example_dags/tutorial_taskflow_templates.py
[2025-01-03T10:29:52.657-0800] {processor.py:925} INFO - DAG(s) 'tutorial_taskflow_templates' retrieved from /opt/anaconda3/envs/airflow_env/lib/python3.9/site-packages/airflow/example_dags/tutorial_taskflow_templates.py
[2025-01-03T10:29:52.865-0800] {logging_mixin.py:190} INFO - [2025-01-03T10:29:52.865-0800] {dag.py:3239} INFO - Sync 1 DAGs
[2025-01-03T10:29:52.895-0800] {logging_mixin.py:190} INFO - [2025-01-03T10:29:52.895-0800] {dag.py:4180} INFO - Setting next_dagrun for tutorial_taskflow_templates to 2025-01-02 00:00:00+00:00, run_after=2025-01-03 00:00:00+00:00
[2025-01-03T10:29:52.934-0800] {processor.py:208} INFO - Processing /opt/anaconda3/envs/airflow_env/lib/python3.9/site-packages/airflow/example_dags/tutorial_taskflow_templates.py took 0.408 seconds
[2025-01-03T10:34:17.376-0800] {processor.py:186} INFO - Started process (PID=47919) to work on /opt/anaconda3/envs/airflow_env/lib/python3.9/site-packages/airflow/example_dags/tutorial_taskflow_templates.py
[2025-01-03T10:34:17.380-0800] {processor.py:914} INFO - Processing file /opt/anaconda3/envs/airflow_env/lib/python3.9/site-packages/airflow/example_dags/tutorial_taskflow_templates.py for tasks to queue
[2025-01-03T10:34:17.382-0800] {logging_mixin.py:190} INFO - [2025-01-03T10:34:17.382-0800] {dagbag.py:588} INFO - Filling up the DagBag from /opt/anaconda3/envs/airflow_env/lib/python3.9/site-packages/airflow/example_dags/tutorial_taskflow_templates.py
[2025-01-03T10:34:17.582-0800] {processor.py:925} INFO - DAG(s) 'tutorial_taskflow_templates' retrieved from /opt/anaconda3/envs/airflow_env/lib/python3.9/site-packages/airflow/example_dags/tutorial_taskflow_templates.py
[2025-01-03T10:34:17.912-0800] {logging_mixin.py:190} INFO - [2025-01-03T10:34:17.912-0800] {dag.py:3239} INFO - Sync 1 DAGs
[2025-01-03T10:34:17.949-0800] {logging_mixin.py:190} INFO - [2025-01-03T10:34:17.949-0800] {dag.py:4180} INFO - Setting next_dagrun for tutorial_taskflow_templates to 2025-01-02 00:00:00+00:00, run_after=2025-01-03 00:00:00+00:00
[2025-01-03T10:34:17.983-0800] {processor.py:208} INFO - Processing /opt/anaconda3/envs/airflow_env/lib/python3.9/site-packages/airflow/example_dags/tutorial_taskflow_templates.py took 0.614 seconds
[2025-01-03T10:38:23.427-0800] {processor.py:186} INFO - Started process (PID=48049) to work on /opt/anaconda3/envs/airflow_env/lib/python3.9/site-packages/airflow/example_dags/tutorial_taskflow_templates.py
[2025-01-03T10:38:23.430-0800] {processor.py:914} INFO - Processing file /opt/anaconda3/envs/airflow_env/lib/python3.9/site-packages/airflow/example_dags/tutorial_taskflow_templates.py for tasks to queue
[2025-01-03T10:38:23.433-0800] {logging_mixin.py:190} INFO - [2025-01-03T10:38:23.433-0800] {dagbag.py:588} INFO - Filling up the DagBag from /opt/anaconda3/envs/airflow_env/lib/python3.9/site-packages/airflow/example_dags/tutorial_taskflow_templates.py
[2025-01-03T10:38:23.568-0800] {processor.py:925} INFO - DAG(s) 'tutorial_taskflow_templates' retrieved from /opt/anaconda3/envs/airflow_env/lib/python3.9/site-packages/airflow/example_dags/tutorial_taskflow_templates.py
[2025-01-03T10:38:23.792-0800] {logging_mixin.py:190} INFO - [2025-01-03T10:38:23.786-0800] {dag.py:3239} INFO - Sync 1 DAGs
[2025-01-03T10:38:23.816-0800] {logging_mixin.py:190} INFO - [2025-01-03T10:38:23.816-0800] {dag.py:4180} INFO - Setting next_dagrun for tutorial_taskflow_templates to 2025-01-02 00:00:00+00:00, run_after=2025-01-03 00:00:00+00:00
[2025-01-03T10:38:23.848-0800] {processor.py:208} INFO - Processing /opt/anaconda3/envs/airflow_env/lib/python3.9/site-packages/airflow/example_dags/tutorial_taskflow_templates.py took 0.429 seconds
[2025-01-03T10:42:39.868-0800] {processor.py:186} INFO - Started process (PID=48179) to work on /opt/anaconda3/envs/airflow_env/lib/python3.9/site-packages/airflow/example_dags/tutorial_taskflow_templates.py
[2025-01-03T10:42:39.872-0800] {processor.py:914} INFO - Processing file /opt/anaconda3/envs/airflow_env/lib/python3.9/site-packages/airflow/example_dags/tutorial_taskflow_templates.py for tasks to queue
[2025-01-03T10:42:39.873-0800] {logging_mixin.py:190} INFO - [2025-01-03T10:42:39.873-0800] {dagbag.py:588} INFO - Filling up the DagBag from /opt/anaconda3/envs/airflow_env/lib/python3.9/site-packages/airflow/example_dags/tutorial_taskflow_templates.py
[2025-01-03T10:42:39.927-0800] {processor.py:925} INFO - DAG(s) 'tutorial_taskflow_templates' retrieved from /opt/anaconda3/envs/airflow_env/lib/python3.9/site-packages/airflow/example_dags/tutorial_taskflow_templates.py
[2025-01-03T10:42:40.076-0800] {logging_mixin.py:190} INFO - [2025-01-03T10:42:40.076-0800] {dag.py:3239} INFO - Sync 1 DAGs
[2025-01-03T10:42:40.102-0800] {logging_mixin.py:190} INFO - [2025-01-03T10:42:40.102-0800] {dag.py:4180} INFO - Setting next_dagrun for tutorial_taskflow_templates to 2025-01-02 00:00:00+00:00, run_after=2025-01-03 00:00:00+00:00
[2025-01-03T10:42:40.127-0800] {processor.py:208} INFO - Processing /opt/anaconda3/envs/airflow_env/lib/python3.9/site-packages/airflow/example_dags/tutorial_taskflow_templates.py took 0.263 seconds
[2025-01-03T10:46:39.758-0800] {processor.py:186} INFO - Started process (PID=48299) to work on /opt/anaconda3/envs/airflow_env/lib/python3.9/site-packages/airflow/example_dags/tutorial_taskflow_templates.py
[2025-01-03T10:46:39.760-0800] {processor.py:914} INFO - Processing file /opt/anaconda3/envs/airflow_env/lib/python3.9/site-packages/airflow/example_dags/tutorial_taskflow_templates.py for tasks to queue
[2025-01-03T10:46:39.762-0800] {logging_mixin.py:190} INFO - [2025-01-03T10:46:39.762-0800] {dagbag.py:588} INFO - Filling up the DagBag from /opt/anaconda3/envs/airflow_env/lib/python3.9/site-packages/airflow/example_dags/tutorial_taskflow_templates.py
[2025-01-03T10:46:39.888-0800] {processor.py:925} INFO - DAG(s) 'tutorial_taskflow_templates' retrieved from /opt/anaconda3/envs/airflow_env/lib/python3.9/site-packages/airflow/example_dags/tutorial_taskflow_templates.py
[2025-01-03T10:46:40.059-0800] {logging_mixin.py:190} INFO - [2025-01-03T10:46:40.059-0800] {dag.py:3239} INFO - Sync 1 DAGs
[2025-01-03T10:46:40.089-0800] {logging_mixin.py:190} INFO - [2025-01-03T10:46:40.088-0800] {dag.py:4180} INFO - Setting next_dagrun for tutorial_taskflow_templates to 2025-01-02 00:00:00+00:00, run_after=2025-01-03 00:00:00+00:00
[2025-01-03T10:46:40.117-0800] {processor.py:208} INFO - Processing /opt/anaconda3/envs/airflow_env/lib/python3.9/site-packages/airflow/example_dags/tutorial_taskflow_templates.py took 0.365 seconds
[2025-01-03T10:50:34.023-0800] {processor.py:186} INFO - Started process (PID=48512) to work on /opt/anaconda3/envs/airflow_env/lib/python3.9/site-packages/airflow/example_dags/tutorial_taskflow_templates.py
[2025-01-03T10:50:34.028-0800] {processor.py:914} INFO - Processing file /opt/anaconda3/envs/airflow_env/lib/python3.9/site-packages/airflow/example_dags/tutorial_taskflow_templates.py for tasks to queue
[2025-01-03T10:50:34.030-0800] {logging_mixin.py:190} INFO - [2025-01-03T10:50:34.029-0800] {dagbag.py:588} INFO - Filling up the DagBag from /opt/anaconda3/envs/airflow_env/lib/python3.9/site-packages/airflow/example_dags/tutorial_taskflow_templates.py
[2025-01-03T10:50:34.176-0800] {processor.py:925} INFO - DAG(s) 'tutorial_taskflow_templates' retrieved from /opt/anaconda3/envs/airflow_env/lib/python3.9/site-packages/airflow/example_dags/tutorial_taskflow_templates.py
[2025-01-03T10:50:34.531-0800] {logging_mixin.py:190} INFO - [2025-01-03T10:50:34.530-0800] {dag.py:3239} INFO - Sync 1 DAGs
[2025-01-03T10:50:34.559-0800] {logging_mixin.py:190} INFO - [2025-01-03T10:50:34.558-0800] {dag.py:4180} INFO - Setting next_dagrun for tutorial_taskflow_templates to 2025-01-02 00:00:00+00:00, run_after=2025-01-03 00:00:00+00:00
[2025-01-03T10:50:34.593-0800] {processor.py:208} INFO - Processing /opt/anaconda3/envs/airflow_env/lib/python3.9/site-packages/airflow/example_dags/tutorial_taskflow_templates.py took 0.574 seconds
[2025-01-03T10:54:59.439-0800] {processor.py:186} INFO - Started process (PID=48674) to work on /opt/anaconda3/envs/airflow_env/lib/python3.9/site-packages/airflow/example_dags/tutorial_taskflow_templates.py
[2025-01-03T10:54:59.447-0800] {processor.py:914} INFO - Processing file /opt/anaconda3/envs/airflow_env/lib/python3.9/site-packages/airflow/example_dags/tutorial_taskflow_templates.py for tasks to queue
[2025-01-03T10:54:59.448-0800] {logging_mixin.py:190} INFO - [2025-01-03T10:54:59.448-0800] {dagbag.py:588} INFO - Filling up the DagBag from /opt/anaconda3/envs/airflow_env/lib/python3.9/site-packages/airflow/example_dags/tutorial_taskflow_templates.py
[2025-01-03T10:54:59.574-0800] {processor.py:925} INFO - DAG(s) 'tutorial_taskflow_templates' retrieved from /opt/anaconda3/envs/airflow_env/lib/python3.9/site-packages/airflow/example_dags/tutorial_taskflow_templates.py
[2025-01-03T10:54:59.754-0800] {logging_mixin.py:190} INFO - [2025-01-03T10:54:59.754-0800] {dag.py:3239} INFO - Sync 1 DAGs
[2025-01-03T10:54:59.776-0800] {logging_mixin.py:190} INFO - [2025-01-03T10:54:59.776-0800] {dag.py:4180} INFO - Setting next_dagrun for tutorial_taskflow_templates to 2025-01-02 00:00:00+00:00, run_after=2025-01-03 00:00:00+00:00
[2025-01-03T10:54:59.809-0800] {processor.py:208} INFO - Processing /opt/anaconda3/envs/airflow_env/lib/python3.9/site-packages/airflow/example_dags/tutorial_taskflow_templates.py took 0.376 seconds
[2025-01-03T10:59:01.918-0800] {processor.py:186} INFO - Started process (PID=48857) to work on /opt/anaconda3/envs/airflow_env/lib/python3.9/site-packages/airflow/example_dags/tutorial_taskflow_templates.py
[2025-01-03T10:59:01.921-0800] {processor.py:914} INFO - Processing file /opt/anaconda3/envs/airflow_env/lib/python3.9/site-packages/airflow/example_dags/tutorial_taskflow_templates.py for tasks to queue
[2025-01-03T10:59:01.926-0800] {logging_mixin.py:190} INFO - [2025-01-03T10:59:01.926-0800] {dagbag.py:588} INFO - Filling up the DagBag from /opt/anaconda3/envs/airflow_env/lib/python3.9/site-packages/airflow/example_dags/tutorial_taskflow_templates.py
[2025-01-03T10:59:02.083-0800] {processor.py:925} INFO - DAG(s) 'tutorial_taskflow_templates' retrieved from /opt/anaconda3/envs/airflow_env/lib/python3.9/site-packages/airflow/example_dags/tutorial_taskflow_templates.py
[2025-01-03T10:59:02.300-0800] {logging_mixin.py:190} INFO - [2025-01-03T10:59:02.299-0800] {dag.py:3239} INFO - Sync 1 DAGs
[2025-01-03T10:59:02.330-0800] {logging_mixin.py:190} INFO - [2025-01-03T10:59:02.330-0800] {dag.py:4180} INFO - Setting next_dagrun for tutorial_taskflow_templates to 2025-01-02 00:00:00+00:00, run_after=2025-01-03 00:00:00+00:00
[2025-01-03T10:59:02.362-0800] {processor.py:208} INFO - Processing /opt/anaconda3/envs/airflow_env/lib/python3.9/site-packages/airflow/example_dags/tutorial_taskflow_templates.py took 0.450 seconds
[2025-01-03T11:03:52.816-0800] {processor.py:186} INFO - Started process (PID=49012) to work on /opt/anaconda3/envs/airflow_env/lib/python3.9/site-packages/airflow/example_dags/tutorial_taskflow_templates.py
[2025-01-03T11:03:52.819-0800] {processor.py:914} INFO - Processing file /opt/anaconda3/envs/airflow_env/lib/python3.9/site-packages/airflow/example_dags/tutorial_taskflow_templates.py for tasks to queue
[2025-01-03T11:03:52.821-0800] {logging_mixin.py:190} INFO - [2025-01-03T11:03:52.820-0800] {dagbag.py:588} INFO - Filling up the DagBag from /opt/anaconda3/envs/airflow_env/lib/python3.9/site-packages/airflow/example_dags/tutorial_taskflow_templates.py
[2025-01-03T11:03:52.868-0800] {processor.py:925} INFO - DAG(s) 'tutorial_taskflow_templates' retrieved from /opt/anaconda3/envs/airflow_env/lib/python3.9/site-packages/airflow/example_dags/tutorial_taskflow_templates.py
[2025-01-03T11:03:53.125-0800] {logging_mixin.py:190} INFO - [2025-01-03T11:03:53.125-0800] {dag.py:3239} INFO - Sync 1 DAGs
[2025-01-03T11:03:53.191-0800] {logging_mixin.py:190} INFO - [2025-01-03T11:03:53.190-0800] {dag.py:4180} INFO - Setting next_dagrun for tutorial_taskflow_templates to 2025-01-02 00:00:00+00:00, run_after=2025-01-03 00:00:00+00:00
[2025-01-03T11:03:53.314-0800] {processor.py:208} INFO - Processing /opt/anaconda3/envs/airflow_env/lib/python3.9/site-packages/airflow/example_dags/tutorial_taskflow_templates.py took 0.503 seconds
[2025-01-03T11:08:03.963-0800] {processor.py:186} INFO - Started process (PID=49162) to work on /opt/anaconda3/envs/airflow_env/lib/python3.9/site-packages/airflow/example_dags/tutorial_taskflow_templates.py
[2025-01-03T11:08:03.966-0800] {processor.py:914} INFO - Processing file /opt/anaconda3/envs/airflow_env/lib/python3.9/site-packages/airflow/example_dags/tutorial_taskflow_templates.py for tasks to queue
[2025-01-03T11:08:03.968-0800] {logging_mixin.py:190} INFO - [2025-01-03T11:08:03.967-0800] {dagbag.py:588} INFO - Filling up the DagBag from /opt/anaconda3/envs/airflow_env/lib/python3.9/site-packages/airflow/example_dags/tutorial_taskflow_templates.py
[2025-01-03T11:08:04.096-0800] {processor.py:925} INFO - DAG(s) 'tutorial_taskflow_templates' retrieved from /opt/anaconda3/envs/airflow_env/lib/python3.9/site-packages/airflow/example_dags/tutorial_taskflow_templates.py
[2025-01-03T11:08:04.285-0800] {logging_mixin.py:190} INFO - [2025-01-03T11:08:04.285-0800] {dag.py:3239} INFO - Sync 1 DAGs
[2025-01-03T11:08:04.341-0800] {logging_mixin.py:190} INFO - [2025-01-03T11:08:04.340-0800] {dag.py:4180} INFO - Setting next_dagrun for tutorial_taskflow_templates to 2025-01-02 00:00:00+00:00, run_after=2025-01-03 00:00:00+00:00
[2025-01-03T11:08:04.383-0800] {processor.py:208} INFO - Processing /opt/anaconda3/envs/airflow_env/lib/python3.9/site-packages/airflow/example_dags/tutorial_taskflow_templates.py took 0.426 seconds
[2025-01-03T11:12:32.823-0800] {processor.py:186} INFO - Started process (PID=49377) to work on /opt/anaconda3/envs/airflow_env/lib/python3.9/site-packages/airflow/example_dags/tutorial_taskflow_templates.py
[2025-01-03T11:12:32.826-0800] {processor.py:914} INFO - Processing file /opt/anaconda3/envs/airflow_env/lib/python3.9/site-packages/airflow/example_dags/tutorial_taskflow_templates.py for tasks to queue
[2025-01-03T11:12:32.827-0800] {logging_mixin.py:190} INFO - [2025-01-03T11:12:32.827-0800] {dagbag.py:588} INFO - Filling up the DagBag from /opt/anaconda3/envs/airflow_env/lib/python3.9/site-packages/airflow/example_dags/tutorial_taskflow_templates.py
[2025-01-03T11:12:32.948-0800] {processor.py:925} INFO - DAG(s) 'tutorial_taskflow_templates' retrieved from /opt/anaconda3/envs/airflow_env/lib/python3.9/site-packages/airflow/example_dags/tutorial_taskflow_templates.py
[2025-01-03T11:12:33.190-0800] {logging_mixin.py:190} INFO - [2025-01-03T11:12:33.189-0800] {dag.py:3239} INFO - Sync 1 DAGs
[2025-01-03T11:12:33.231-0800] {logging_mixin.py:190} INFO - [2025-01-03T11:12:33.231-0800] {dag.py:4180} INFO - Setting next_dagrun for tutorial_taskflow_templates to 2025-01-02 00:00:00+00:00, run_after=2025-01-03 00:00:00+00:00
[2025-01-03T11:12:33.264-0800] {processor.py:208} INFO - Processing /opt/anaconda3/envs/airflow_env/lib/python3.9/site-packages/airflow/example_dags/tutorial_taskflow_templates.py took 0.446 seconds
[2025-01-03T11:16:59.918-0800] {processor.py:186} INFO - Started process (PID=49717) to work on /opt/anaconda3/envs/airflow_env/lib/python3.9/site-packages/airflow/example_dags/tutorial_taskflow_templates.py
[2025-01-03T11:16:59.921-0800] {processor.py:914} INFO - Processing file /opt/anaconda3/envs/airflow_env/lib/python3.9/site-packages/airflow/example_dags/tutorial_taskflow_templates.py for tasks to queue
[2025-01-03T11:16:59.925-0800] {logging_mixin.py:190} INFO - [2025-01-03T11:16:59.925-0800] {dagbag.py:588} INFO - Filling up the DagBag from /opt/anaconda3/envs/airflow_env/lib/python3.9/site-packages/airflow/example_dags/tutorial_taskflow_templates.py
[2025-01-03T11:17:00.043-0800] {processor.py:925} INFO - DAG(s) 'tutorial_taskflow_templates' retrieved from /opt/anaconda3/envs/airflow_env/lib/python3.9/site-packages/airflow/example_dags/tutorial_taskflow_templates.py
[2025-01-03T11:17:00.226-0800] {logging_mixin.py:190} INFO - [2025-01-03T11:17:00.225-0800] {dag.py:3239} INFO - Sync 1 DAGs
[2025-01-03T11:17:00.251-0800] {logging_mixin.py:190} INFO - [2025-01-03T11:17:00.251-0800] {dag.py:4180} INFO - Setting next_dagrun for tutorial_taskflow_templates to 2025-01-02 00:00:00+00:00, run_after=2025-01-03 00:00:00+00:00
[2025-01-03T11:17:00.280-0800] {processor.py:208} INFO - Processing /opt/anaconda3/envs/airflow_env/lib/python3.9/site-packages/airflow/example_dags/tutorial_taskflow_templates.py took 0.374 seconds
[2025-01-03T11:21:34.650-0800] {processor.py:186} INFO - Started process (PID=49865) to work on /opt/anaconda3/envs/airflow_env/lib/python3.9/site-packages/airflow/example_dags/tutorial_taskflow_templates.py
[2025-01-03T11:21:34.655-0800] {processor.py:914} INFO - Processing file /opt/anaconda3/envs/airflow_env/lib/python3.9/site-packages/airflow/example_dags/tutorial_taskflow_templates.py for tasks to queue
[2025-01-03T11:21:34.658-0800] {logging_mixin.py:190} INFO - [2025-01-03T11:21:34.658-0800] {dagbag.py:588} INFO - Filling up the DagBag from /opt/anaconda3/envs/airflow_env/lib/python3.9/site-packages/airflow/example_dags/tutorial_taskflow_templates.py
[2025-01-03T11:21:34.784-0800] {processor.py:925} INFO - DAG(s) 'tutorial_taskflow_templates' retrieved from /opt/anaconda3/envs/airflow_env/lib/python3.9/site-packages/airflow/example_dags/tutorial_taskflow_templates.py
[2025-01-03T11:21:34.994-0800] {logging_mixin.py:190} INFO - [2025-01-03T11:21:34.993-0800] {dag.py:3239} INFO - Sync 1 DAGs
[2025-01-03T11:21:35.040-0800] {logging_mixin.py:190} INFO - [2025-01-03T11:21:35.040-0800] {dag.py:4180} INFO - Setting next_dagrun for tutorial_taskflow_templates to 2025-01-02 00:00:00+00:00, run_after=2025-01-03 00:00:00+00:00
[2025-01-03T11:21:35.128-0800] {processor.py:208} INFO - Processing /opt/anaconda3/envs/airflow_env/lib/python3.9/site-packages/airflow/example_dags/tutorial_taskflow_templates.py took 0.483 seconds
[2025-01-03T11:26:05.033-0800] {processor.py:186} INFO - Started process (PID=50003) to work on /opt/anaconda3/envs/airflow_env/lib/python3.9/site-packages/airflow/example_dags/tutorial_taskflow_templates.py
[2025-01-03T11:26:05.037-0800] {processor.py:914} INFO - Processing file /opt/anaconda3/envs/airflow_env/lib/python3.9/site-packages/airflow/example_dags/tutorial_taskflow_templates.py for tasks to queue
[2025-01-03T11:26:05.038-0800] {logging_mixin.py:190} INFO - [2025-01-03T11:26:05.038-0800] {dagbag.py:588} INFO - Filling up the DagBag from /opt/anaconda3/envs/airflow_env/lib/python3.9/site-packages/airflow/example_dags/tutorial_taskflow_templates.py
[2025-01-03T11:26:05.340-0800] {processor.py:925} INFO - DAG(s) 'tutorial_taskflow_templates' retrieved from /opt/anaconda3/envs/airflow_env/lib/python3.9/site-packages/airflow/example_dags/tutorial_taskflow_templates.py
[2025-01-03T11:26:05.834-0800] {logging_mixin.py:190} INFO - [2025-01-03T11:26:05.833-0800] {dag.py:3239} INFO - Sync 1 DAGs
[2025-01-03T11:26:05.889-0800] {logging_mixin.py:190} INFO - [2025-01-03T11:26:05.889-0800] {dag.py:4180} INFO - Setting next_dagrun for tutorial_taskflow_templates to 2025-01-02 00:00:00+00:00, run_after=2025-01-03 00:00:00+00:00
[2025-01-03T11:26:05.939-0800] {processor.py:208} INFO - Processing /opt/anaconda3/envs/airflow_env/lib/python3.9/site-packages/airflow/example_dags/tutorial_taskflow_templates.py took 0.912 seconds
[2025-01-03T11:30:44.814-0800] {processor.py:186} INFO - Started process (PID=50229) to work on /opt/anaconda3/envs/airflow_env/lib/python3.9/site-packages/airflow/example_dags/tutorial_taskflow_templates.py
[2025-01-03T11:30:44.817-0800] {processor.py:914} INFO - Processing file /opt/anaconda3/envs/airflow_env/lib/python3.9/site-packages/airflow/example_dags/tutorial_taskflow_templates.py for tasks to queue
[2025-01-03T11:30:44.818-0800] {logging_mixin.py:190} INFO - [2025-01-03T11:30:44.818-0800] {dagbag.py:588} INFO - Filling up the DagBag from /opt/anaconda3/envs/airflow_env/lib/python3.9/site-packages/airflow/example_dags/tutorial_taskflow_templates.py
[2025-01-03T11:30:44.935-0800] {processor.py:925} INFO - DAG(s) 'tutorial_taskflow_templates' retrieved from /opt/anaconda3/envs/airflow_env/lib/python3.9/site-packages/airflow/example_dags/tutorial_taskflow_templates.py
[2025-01-03T11:30:45.113-0800] {logging_mixin.py:190} INFO - [2025-01-03T11:30:45.113-0800] {dag.py:3239} INFO - Sync 1 DAGs
[2025-01-03T11:30:45.153-0800] {logging_mixin.py:190} INFO - [2025-01-03T11:30:45.153-0800] {dag.py:4180} INFO - Setting next_dagrun for tutorial_taskflow_templates to 2025-01-02 00:00:00+00:00, run_after=2025-01-03 00:00:00+00:00
[2025-01-03T11:30:45.184-0800] {processor.py:208} INFO - Processing /opt/anaconda3/envs/airflow_env/lib/python3.9/site-packages/airflow/example_dags/tutorial_taskflow_templates.py took 0.374 seconds
[2025-01-03T11:35:44.742-0800] {processor.py:186} INFO - Started process (PID=50439) to work on /opt/anaconda3/envs/airflow_env/lib/python3.9/site-packages/airflow/example_dags/tutorial_taskflow_templates.py
[2025-01-03T11:35:44.745-0800] {processor.py:914} INFO - Processing file /opt/anaconda3/envs/airflow_env/lib/python3.9/site-packages/airflow/example_dags/tutorial_taskflow_templates.py for tasks to queue
[2025-01-03T11:35:44.747-0800] {logging_mixin.py:190} INFO - [2025-01-03T11:35:44.747-0800] {dagbag.py:588} INFO - Filling up the DagBag from /opt/anaconda3/envs/airflow_env/lib/python3.9/site-packages/airflow/example_dags/tutorial_taskflow_templates.py
[2025-01-03T11:35:44.870-0800] {processor.py:925} INFO - DAG(s) 'tutorial_taskflow_templates' retrieved from /opt/anaconda3/envs/airflow_env/lib/python3.9/site-packages/airflow/example_dags/tutorial_taskflow_templates.py
[2025-01-03T11:35:45.031-0800] {logging_mixin.py:190} INFO - [2025-01-03T11:35:45.031-0800] {dag.py:3239} INFO - Sync 1 DAGs
[2025-01-03T11:35:45.054-0800] {logging_mixin.py:190} INFO - [2025-01-03T11:35:45.054-0800] {dag.py:4180} INFO - Setting next_dagrun for tutorial_taskflow_templates to 2025-01-02 00:00:00+00:00, run_after=2025-01-03 00:00:00+00:00
[2025-01-03T11:35:45.079-0800] {processor.py:208} INFO - Processing /opt/anaconda3/envs/airflow_env/lib/python3.9/site-packages/airflow/example_dags/tutorial_taskflow_templates.py took 0.343 seconds
[2025-01-03T11:40:25.931-0800] {processor.py:186} INFO - Started process (PID=50623) to work on /opt/anaconda3/envs/airflow_env/lib/python3.9/site-packages/airflow/example_dags/tutorial_taskflow_templates.py
[2025-01-03T11:40:25.934-0800] {processor.py:914} INFO - Processing file /opt/anaconda3/envs/airflow_env/lib/python3.9/site-packages/airflow/example_dags/tutorial_taskflow_templates.py for tasks to queue
[2025-01-03T11:40:25.936-0800] {logging_mixin.py:190} INFO - [2025-01-03T11:40:25.936-0800] {dagbag.py:588} INFO - Filling up the DagBag from /opt/anaconda3/envs/airflow_env/lib/python3.9/site-packages/airflow/example_dags/tutorial_taskflow_templates.py
[2025-01-03T11:40:26.097-0800] {processor.py:925} INFO - DAG(s) 'tutorial_taskflow_templates' retrieved from /opt/anaconda3/envs/airflow_env/lib/python3.9/site-packages/airflow/example_dags/tutorial_taskflow_templates.py
[2025-01-03T11:40:26.309-0800] {logging_mixin.py:190} INFO - [2025-01-03T11:40:26.308-0800] {dag.py:3239} INFO - Sync 1 DAGs
[2025-01-03T11:40:26.341-0800] {logging_mixin.py:190} INFO - [2025-01-03T11:40:26.341-0800] {dag.py:4180} INFO - Setting next_dagrun for tutorial_taskflow_templates to 2025-01-02 00:00:00+00:00, run_after=2025-01-03 00:00:00+00:00
[2025-01-03T11:40:26.370-0800] {processor.py:208} INFO - Processing /opt/anaconda3/envs/airflow_env/lib/python3.9/site-packages/airflow/example_dags/tutorial_taskflow_templates.py took 0.444 seconds
[2025-01-03T11:44:54.736-0800] {processor.py:186} INFO - Started process (PID=50794) to work on /opt/anaconda3/envs/airflow_env/lib/python3.9/site-packages/airflow/example_dags/tutorial_taskflow_templates.py
[2025-01-03T11:44:54.745-0800] {processor.py:914} INFO - Processing file /opt/anaconda3/envs/airflow_env/lib/python3.9/site-packages/airflow/example_dags/tutorial_taskflow_templates.py for tasks to queue
[2025-01-03T11:44:54.748-0800] {logging_mixin.py:190} INFO - [2025-01-03T11:44:54.747-0800] {dagbag.py:588} INFO - Filling up the DagBag from /opt/anaconda3/envs/airflow_env/lib/python3.9/site-packages/airflow/example_dags/tutorial_taskflow_templates.py
[2025-01-03T11:44:55.021-0800] {processor.py:925} INFO - DAG(s) 'tutorial_taskflow_templates' retrieved from /opt/anaconda3/envs/airflow_env/lib/python3.9/site-packages/airflow/example_dags/tutorial_taskflow_templates.py
[2025-01-03T11:44:55.502-0800] {logging_mixin.py:190} INFO - [2025-01-03T11:44:55.502-0800] {dag.py:3239} INFO - Sync 1 DAGs
[2025-01-03T11:44:55.613-0800] {logging_mixin.py:190} INFO - [2025-01-03T11:44:55.612-0800] {dag.py:4180} INFO - Setting next_dagrun for tutorial_taskflow_templates to 2025-01-02 00:00:00+00:00, run_after=2025-01-03 00:00:00+00:00
[2025-01-03T11:44:55.663-0800] {processor.py:208} INFO - Processing /opt/anaconda3/envs/airflow_env/lib/python3.9/site-packages/airflow/example_dags/tutorial_taskflow_templates.py took 0.948 seconds
[2025-01-03T11:49:35.780-0800] {processor.py:186} INFO - Started process (PID=50971) to work on /opt/anaconda3/envs/airflow_env/lib/python3.9/site-packages/airflow/example_dags/tutorial_taskflow_templates.py
[2025-01-03T11:49:35.782-0800] {processor.py:914} INFO - Processing file /opt/anaconda3/envs/airflow_env/lib/python3.9/site-packages/airflow/example_dags/tutorial_taskflow_templates.py for tasks to queue
[2025-01-03T11:49:35.784-0800] {logging_mixin.py:190} INFO - [2025-01-03T11:49:35.783-0800] {dagbag.py:588} INFO - Filling up the DagBag from /opt/anaconda3/envs/airflow_env/lib/python3.9/site-packages/airflow/example_dags/tutorial_taskflow_templates.py
[2025-01-03T11:49:35.856-0800] {processor.py:925} INFO - DAG(s) 'tutorial_taskflow_templates' retrieved from /opt/anaconda3/envs/airflow_env/lib/python3.9/site-packages/airflow/example_dags/tutorial_taskflow_templates.py
[2025-01-03T11:49:36.032-0800] {logging_mixin.py:190} INFO - [2025-01-03T11:49:36.031-0800] {dag.py:3239} INFO - Sync 1 DAGs
[2025-01-03T11:49:36.054-0800] {logging_mixin.py:190} INFO - [2025-01-03T11:49:36.053-0800] {dag.py:4180} INFO - Setting next_dagrun for tutorial_taskflow_templates to 2025-01-02 00:00:00+00:00, run_after=2025-01-03 00:00:00+00:00
[2025-01-03T11:49:36.080-0800] {processor.py:208} INFO - Processing /opt/anaconda3/envs/airflow_env/lib/python3.9/site-packages/airflow/example_dags/tutorial_taskflow_templates.py took 0.306 seconds
[2025-01-03T11:56:33.099-0800] {processor.py:186} INFO - Started process (PID=51705) to work on /opt/anaconda3/envs/airflow_env/lib/python3.9/site-packages/airflow/example_dags/tutorial_taskflow_templates.py
[2025-01-03T11:56:33.102-0800] {processor.py:914} INFO - Processing file /opt/anaconda3/envs/airflow_env/lib/python3.9/site-packages/airflow/example_dags/tutorial_taskflow_templates.py for tasks to queue
[2025-01-03T11:56:33.104-0800] {logging_mixin.py:190} INFO - [2025-01-03T11:56:33.103-0800] {dagbag.py:588} INFO - Filling up the DagBag from /opt/anaconda3/envs/airflow_env/lib/python3.9/site-packages/airflow/example_dags/tutorial_taskflow_templates.py
[2025-01-03T11:56:33.234-0800] {processor.py:925} INFO - DAG(s) 'tutorial_taskflow_templates' retrieved from /opt/anaconda3/envs/airflow_env/lib/python3.9/site-packages/airflow/example_dags/tutorial_taskflow_templates.py
[2025-01-03T11:56:33.548-0800] {logging_mixin.py:190} INFO - [2025-01-03T11:56:33.548-0800] {dag.py:3239} INFO - Sync 1 DAGs
[2025-01-03T11:56:33.592-0800] {logging_mixin.py:190} INFO - [2025-01-03T11:56:33.592-0800] {dag.py:4180} INFO - Setting next_dagrun for tutorial_taskflow_templates to 2025-01-02 00:00:00+00:00, run_after=2025-01-03 00:00:00+00:00
[2025-01-03T11:56:33.649-0800] {processor.py:208} INFO - Processing /opt/anaconda3/envs/airflow_env/lib/python3.9/site-packages/airflow/example_dags/tutorial_taskflow_templates.py took 0.557 seconds
[2025-01-03T12:01:34.619-0800] {processor.py:186} INFO - Started process (PID=52190) to work on /opt/anaconda3/envs/airflow_env/lib/python3.9/site-packages/airflow/example_dags/tutorial_taskflow_templates.py
[2025-01-03T12:01:34.621-0800] {processor.py:914} INFO - Processing file /opt/anaconda3/envs/airflow_env/lib/python3.9/site-packages/airflow/example_dags/tutorial_taskflow_templates.py for tasks to queue
[2025-01-03T12:01:34.623-0800] {logging_mixin.py:190} INFO - [2025-01-03T12:01:34.622-0800] {dagbag.py:588} INFO - Filling up the DagBag from /opt/anaconda3/envs/airflow_env/lib/python3.9/site-packages/airflow/example_dags/tutorial_taskflow_templates.py
[2025-01-03T12:01:34.766-0800] {processor.py:925} INFO - DAG(s) 'tutorial_taskflow_templates' retrieved from /opt/anaconda3/envs/airflow_env/lib/python3.9/site-packages/airflow/example_dags/tutorial_taskflow_templates.py
[2025-01-03T12:01:35.188-0800] {logging_mixin.py:190} INFO - [2025-01-03T12:01:35.186-0800] {dag.py:3239} INFO - Sync 1 DAGs
[2025-01-03T12:01:35.313-0800] {logging_mixin.py:190} INFO - [2025-01-03T12:01:35.312-0800] {dag.py:4180} INFO - Setting next_dagrun for tutorial_taskflow_templates to 2025-01-02 00:00:00+00:00, run_after=2025-01-03 00:00:00+00:00
[2025-01-03T12:01:35.367-0800] {processor.py:208} INFO - Processing /opt/anaconda3/envs/airflow_env/lib/python3.9/site-packages/airflow/example_dags/tutorial_taskflow_templates.py took 0.754 seconds
[2025-01-03T12:07:15.479-0800] {processor.py:186} INFO - Started process (PID=52386) to work on /opt/anaconda3/envs/airflow_env/lib/python3.9/site-packages/airflow/example_dags/tutorial_taskflow_templates.py
[2025-01-03T12:07:15.482-0800] {processor.py:914} INFO - Processing file /opt/anaconda3/envs/airflow_env/lib/python3.9/site-packages/airflow/example_dags/tutorial_taskflow_templates.py for tasks to queue
[2025-01-03T12:07:15.503-0800] {logging_mixin.py:190} INFO - [2025-01-03T12:07:15.503-0800] {dagbag.py:588} INFO - Filling up the DagBag from /opt/anaconda3/envs/airflow_env/lib/python3.9/site-packages/airflow/example_dags/tutorial_taskflow_templates.py
[2025-01-03T12:07:15.660-0800] {processor.py:925} INFO - DAG(s) 'tutorial_taskflow_templates' retrieved from /opt/anaconda3/envs/airflow_env/lib/python3.9/site-packages/airflow/example_dags/tutorial_taskflow_templates.py
[2025-01-03T12:07:15.986-0800] {logging_mixin.py:190} INFO - [2025-01-03T12:07:15.986-0800] {dag.py:3239} INFO - Sync 1 DAGs
[2025-01-03T12:07:16.045-0800] {logging_mixin.py:190} INFO - [2025-01-03T12:07:16.045-0800] {dag.py:4180} INFO - Setting next_dagrun for tutorial_taskflow_templates to 2025-01-02 00:00:00+00:00, run_after=2025-01-03 00:00:00+00:00
[2025-01-03T12:07:16.127-0800] {processor.py:208} INFO - Processing /opt/anaconda3/envs/airflow_env/lib/python3.9/site-packages/airflow/example_dags/tutorial_taskflow_templates.py took 0.653 seconds
[2025-01-03T12:12:22.471-0800] {processor.py:186} INFO - Started process (PID=52871) to work on /opt/anaconda3/envs/airflow_env/lib/python3.9/site-packages/airflow/example_dags/tutorial_taskflow_templates.py
[2025-01-03T12:12:22.474-0800] {processor.py:914} INFO - Processing file /opt/anaconda3/envs/airflow_env/lib/python3.9/site-packages/airflow/example_dags/tutorial_taskflow_templates.py for tasks to queue
[2025-01-03T12:12:22.476-0800] {logging_mixin.py:190} INFO - [2025-01-03T12:12:22.475-0800] {dagbag.py:588} INFO - Filling up the DagBag from /opt/anaconda3/envs/airflow_env/lib/python3.9/site-packages/airflow/example_dags/tutorial_taskflow_templates.py
[2025-01-03T12:12:22.625-0800] {processor.py:925} INFO - DAG(s) 'tutorial_taskflow_templates' retrieved from /opt/anaconda3/envs/airflow_env/lib/python3.9/site-packages/airflow/example_dags/tutorial_taskflow_templates.py
[2025-01-03T12:12:23.072-0800] {logging_mixin.py:190} INFO - [2025-01-03T12:12:23.072-0800] {dag.py:3239} INFO - Sync 1 DAGs
[2025-01-03T12:12:23.124-0800] {logging_mixin.py:190} INFO - [2025-01-03T12:12:23.123-0800] {dag.py:4180} INFO - Setting next_dagrun for tutorial_taskflow_templates to 2025-01-02 00:00:00+00:00, run_after=2025-01-03 00:00:00+00:00
[2025-01-03T12:12:23.164-0800] {processor.py:208} INFO - Processing /opt/anaconda3/envs/airflow_env/lib/python3.9/site-packages/airflow/example_dags/tutorial_taskflow_templates.py took 0.699 seconds
