[2025-01-03T09:48:34.780-0800] {processor.py:186} INFO - Started process (PID=46183) to work on /opt/anaconda3/envs/airflow_env/lib/python3.9/site-packages/airflow/example_dags/tutorial.py
[2025-01-03T09:48:34.781-0800] {processor.py:914} INFO - Processing file /opt/anaconda3/envs/airflow_env/lib/python3.9/site-packages/airflow/example_dags/tutorial.py for tasks to queue
[2025-01-03T09:48:34.782-0800] {logging_mixin.py:190} INFO - [2025-01-03T09:48:34.782-0800] {dagbag.py:588} INFO - Filling up the DagBag from /opt/anaconda3/envs/airflow_env/lib/python3.9/site-packages/airflow/example_dags/tutorial.py
[2025-01-03T09:48:34.792-0800] {processor.py:925} INFO - DAG(s) 'tutorial' retrieved from /opt/anaconda3/envs/airflow_env/lib/python3.9/site-packages/airflow/example_dags/tutorial.py
[2025-01-03T09:48:34.926-0800] {logging_mixin.py:190} INFO - [2025-01-03T09:48:34.925-0800] {dag.py:3239} INFO - Sync 1 DAGs
[2025-01-03T09:48:34.949-0800] {logging_mixin.py:190} INFO - [2025-01-03T09:48:34.949-0800] {dag.py:4180} INFO - Setting next_dagrun for tutorial to 2025-01-02 00:00:00+00:00, run_after=2025-01-03 00:00:00+00:00
[2025-01-03T09:48:34.971-0800] {processor.py:208} INFO - Processing /opt/anaconda3/envs/airflow_env/lib/python3.9/site-packages/airflow/example_dags/tutorial.py took 0.196 seconds
[2025-01-03T09:52:06.153-0800] {processor.py:186} INFO - Started process (PID=46366) to work on /opt/anaconda3/envs/airflow_env/lib/python3.9/site-packages/airflow/example_dags/tutorial.py
[2025-01-03T09:52:06.156-0800] {processor.py:914} INFO - Processing file /opt/anaconda3/envs/airflow_env/lib/python3.9/site-packages/airflow/example_dags/tutorial.py for tasks to queue
[2025-01-03T09:52:06.157-0800] {logging_mixin.py:190} INFO - [2025-01-03T09:52:06.157-0800] {dagbag.py:588} INFO - Filling up the DagBag from /opt/anaconda3/envs/airflow_env/lib/python3.9/site-packages/airflow/example_dags/tutorial.py
[2025-01-03T09:52:06.172-0800] {processor.py:925} INFO - DAG(s) 'tutorial' retrieved from /opt/anaconda3/envs/airflow_env/lib/python3.9/site-packages/airflow/example_dags/tutorial.py
[2025-01-03T09:52:06.304-0800] {logging_mixin.py:190} INFO - [2025-01-03T09:52:06.304-0800] {dag.py:3239} INFO - Sync 1 DAGs
[2025-01-03T09:52:06.327-0800] {logging_mixin.py:190} INFO - [2025-01-03T09:52:06.327-0800] {dag.py:4180} INFO - Setting next_dagrun for tutorial to 2025-01-02 00:00:00+00:00, run_after=2025-01-03 00:00:00+00:00
[2025-01-03T09:52:06.350-0800] {processor.py:208} INFO - Processing /opt/anaconda3/envs/airflow_env/lib/python3.9/site-packages/airflow/example_dags/tutorial.py took 0.201 seconds
[2025-01-03T09:55:33.718-0800] {processor.py:186} INFO - Started process (PID=46490) to work on /opt/anaconda3/envs/airflow_env/lib/python3.9/site-packages/airflow/example_dags/tutorial.py
[2025-01-03T09:55:33.728-0800] {processor.py:914} INFO - Processing file /opt/anaconda3/envs/airflow_env/lib/python3.9/site-packages/airflow/example_dags/tutorial.py for tasks to queue
[2025-01-03T09:55:33.729-0800] {logging_mixin.py:190} INFO - [2025-01-03T09:55:33.729-0800] {dagbag.py:588} INFO - Filling up the DagBag from /opt/anaconda3/envs/airflow_env/lib/python3.9/site-packages/airflow/example_dags/tutorial.py
[2025-01-03T09:55:33.749-0800] {processor.py:925} INFO - DAG(s) 'tutorial' retrieved from /opt/anaconda3/envs/airflow_env/lib/python3.9/site-packages/airflow/example_dags/tutorial.py
[2025-01-03T09:55:33.905-0800] {logging_mixin.py:190} INFO - [2025-01-03T09:55:33.905-0800] {dag.py:3239} INFO - Sync 1 DAGs
[2025-01-03T09:55:33.934-0800] {logging_mixin.py:190} INFO - [2025-01-03T09:55:33.934-0800] {dag.py:4180} INFO - Setting next_dagrun for tutorial to 2025-01-02 00:00:00+00:00, run_after=2025-01-03 00:00:00+00:00
[2025-01-03T09:55:33.960-0800] {processor.py:208} INFO - Processing /opt/anaconda3/envs/airflow_env/lib/python3.9/site-packages/airflow/example_dags/tutorial.py took 0.248 seconds
[2025-01-03T09:59:20.563-0800] {processor.py:186} INFO - Started process (PID=46602) to work on /opt/anaconda3/envs/airflow_env/lib/python3.9/site-packages/airflow/example_dags/tutorial.py
[2025-01-03T09:59:20.566-0800] {processor.py:914} INFO - Processing file /opt/anaconda3/envs/airflow_env/lib/python3.9/site-packages/airflow/example_dags/tutorial.py for tasks to queue
[2025-01-03T09:59:20.567-0800] {logging_mixin.py:190} INFO - [2025-01-03T09:59:20.567-0800] {dagbag.py:588} INFO - Filling up the DagBag from /opt/anaconda3/envs/airflow_env/lib/python3.9/site-packages/airflow/example_dags/tutorial.py
[2025-01-03T09:59:20.579-0800] {processor.py:925} INFO - DAG(s) 'tutorial' retrieved from /opt/anaconda3/envs/airflow_env/lib/python3.9/site-packages/airflow/example_dags/tutorial.py
[2025-01-03T09:59:20.966-0800] {logging_mixin.py:190} INFO - [2025-01-03T09:59:20.966-0800] {dag.py:3239} INFO - Sync 1 DAGs
[2025-01-03T09:59:21.031-0800] {logging_mixin.py:190} INFO - [2025-01-03T09:59:21.029-0800] {dag.py:4180} INFO - Setting next_dagrun for tutorial to 2025-01-02 00:00:00+00:00, run_after=2025-01-03 00:00:00+00:00
[2025-01-03T09:59:21.087-0800] {processor.py:208} INFO - Processing /opt/anaconda3/envs/airflow_env/lib/python3.9/site-packages/airflow/example_dags/tutorial.py took 0.529 seconds
[2025-01-03T10:03:24.059-0800] {processor.py:186} INFO - Started process (PID=46750) to work on /opt/anaconda3/envs/airflow_env/lib/python3.9/site-packages/airflow/example_dags/tutorial.py
[2025-01-03T10:03:24.062-0800] {processor.py:914} INFO - Processing file /opt/anaconda3/envs/airflow_env/lib/python3.9/site-packages/airflow/example_dags/tutorial.py for tasks to queue
[2025-01-03T10:03:24.064-0800] {logging_mixin.py:190} INFO - [2025-01-03T10:03:24.063-0800] {dagbag.py:588} INFO - Filling up the DagBag from /opt/anaconda3/envs/airflow_env/lib/python3.9/site-packages/airflow/example_dags/tutorial.py
[2025-01-03T10:03:24.077-0800] {processor.py:925} INFO - DAG(s) 'tutorial' retrieved from /opt/anaconda3/envs/airflow_env/lib/python3.9/site-packages/airflow/example_dags/tutorial.py
[2025-01-03T10:03:24.256-0800] {logging_mixin.py:190} INFO - [2025-01-03T10:03:24.256-0800] {dag.py:3239} INFO - Sync 1 DAGs
[2025-01-03T10:03:24.294-0800] {logging_mixin.py:190} INFO - [2025-01-03T10:03:24.293-0800] {dag.py:4180} INFO - Setting next_dagrun for tutorial to 2025-01-02 00:00:00+00:00, run_after=2025-01-03 00:00:00+00:00
[2025-01-03T10:03:24.321-0800] {processor.py:208} INFO - Processing /opt/anaconda3/envs/airflow_env/lib/python3.9/site-packages/airflow/example_dags/tutorial.py took 0.269 seconds
[2025-01-03T10:07:02.858-0800] {processor.py:186} INFO - Started process (PID=46866) to work on /opt/anaconda3/envs/airflow_env/lib/python3.9/site-packages/airflow/example_dags/tutorial.py
[2025-01-03T10:07:02.861-0800] {processor.py:914} INFO - Processing file /opt/anaconda3/envs/airflow_env/lib/python3.9/site-packages/airflow/example_dags/tutorial.py for tasks to queue
[2025-01-03T10:07:02.863-0800] {logging_mixin.py:190} INFO - [2025-01-03T10:07:02.862-0800] {dagbag.py:588} INFO - Filling up the DagBag from /opt/anaconda3/envs/airflow_env/lib/python3.9/site-packages/airflow/example_dags/tutorial.py
[2025-01-03T10:07:02.873-0800] {processor.py:925} INFO - DAG(s) 'tutorial' retrieved from /opt/anaconda3/envs/airflow_env/lib/python3.9/site-packages/airflow/example_dags/tutorial.py
[2025-01-03T10:07:03.013-0800] {logging_mixin.py:190} INFO - [2025-01-03T10:07:03.012-0800] {dag.py:3239} INFO - Sync 1 DAGs
[2025-01-03T10:07:03.036-0800] {logging_mixin.py:190} INFO - [2025-01-03T10:07:03.035-0800] {dag.py:4180} INFO - Setting next_dagrun for tutorial to 2025-01-02 00:00:00+00:00, run_after=2025-01-03 00:00:00+00:00
[2025-01-03T10:07:03.062-0800] {processor.py:208} INFO - Processing /opt/anaconda3/envs/airflow_env/lib/python3.9/site-packages/airflow/example_dags/tutorial.py took 0.209 seconds
[2025-01-03T10:10:28.319-0800] {processor.py:186} INFO - Started process (PID=46978) to work on /opt/anaconda3/envs/airflow_env/lib/python3.9/site-packages/airflow/example_dags/tutorial.py
[2025-01-03T10:10:28.322-0800] {processor.py:914} INFO - Processing file /opt/anaconda3/envs/airflow_env/lib/python3.9/site-packages/airflow/example_dags/tutorial.py for tasks to queue
[2025-01-03T10:10:28.323-0800] {logging_mixin.py:190} INFO - [2025-01-03T10:10:28.323-0800] {dagbag.py:588} INFO - Filling up the DagBag from /opt/anaconda3/envs/airflow_env/lib/python3.9/site-packages/airflow/example_dags/tutorial.py
[2025-01-03T10:10:28.333-0800] {processor.py:925} INFO - DAG(s) 'tutorial' retrieved from /opt/anaconda3/envs/airflow_env/lib/python3.9/site-packages/airflow/example_dags/tutorial.py
[2025-01-03T10:10:28.487-0800] {logging_mixin.py:190} INFO - [2025-01-03T10:10:28.487-0800] {dag.py:3239} INFO - Sync 1 DAGs
[2025-01-03T10:10:28.538-0800] {logging_mixin.py:190} INFO - [2025-01-03T10:10:28.535-0800] {dag.py:4180} INFO - Setting next_dagrun for tutorial to 2025-01-02 00:00:00+00:00, run_after=2025-01-03 00:00:00+00:00
[2025-01-03T10:10:28.573-0800] {processor.py:208} INFO - Processing /opt/anaconda3/envs/airflow_env/lib/python3.9/site-packages/airflow/example_dags/tutorial.py took 0.258 seconds
[2025-01-03T10:13:51.186-0800] {processor.py:186} INFO - Started process (PID=47101) to work on /opt/anaconda3/envs/airflow_env/lib/python3.9/site-packages/airflow/example_dags/tutorial.py
[2025-01-03T10:13:51.188-0800] {processor.py:914} INFO - Processing file /opt/anaconda3/envs/airflow_env/lib/python3.9/site-packages/airflow/example_dags/tutorial.py for tasks to queue
[2025-01-03T10:13:51.190-0800] {logging_mixin.py:190} INFO - [2025-01-03T10:13:51.189-0800] {dagbag.py:588} INFO - Filling up the DagBag from /opt/anaconda3/envs/airflow_env/lib/python3.9/site-packages/airflow/example_dags/tutorial.py
[2025-01-03T10:13:51.201-0800] {processor.py:925} INFO - DAG(s) 'tutorial' retrieved from /opt/anaconda3/envs/airflow_env/lib/python3.9/site-packages/airflow/example_dags/tutorial.py
[2025-01-03T10:13:51.379-0800] {logging_mixin.py:190} INFO - [2025-01-03T10:13:51.379-0800] {dag.py:3239} INFO - Sync 1 DAGs
[2025-01-03T10:13:51.411-0800] {logging_mixin.py:190} INFO - [2025-01-03T10:13:51.410-0800] {dag.py:4180} INFO - Setting next_dagrun for tutorial to 2025-01-02 00:00:00+00:00, run_after=2025-01-03 00:00:00+00:00
[2025-01-03T10:13:51.437-0800] {processor.py:208} INFO - Processing /opt/anaconda3/envs/airflow_env/lib/python3.9/site-packages/airflow/example_dags/tutorial.py took 0.256 seconds
[2025-01-03T10:17:47.691-0800] {processor.py:186} INFO - Started process (PID=47387) to work on /opt/anaconda3/envs/airflow_env/lib/python3.9/site-packages/airflow/example_dags/tutorial.py
[2025-01-03T10:17:47.694-0800] {processor.py:914} INFO - Processing file /opt/anaconda3/envs/airflow_env/lib/python3.9/site-packages/airflow/example_dags/tutorial.py for tasks to queue
[2025-01-03T10:17:47.695-0800] {logging_mixin.py:190} INFO - [2025-01-03T10:17:47.695-0800] {dagbag.py:588} INFO - Filling up the DagBag from /opt/anaconda3/envs/airflow_env/lib/python3.9/site-packages/airflow/example_dags/tutorial.py
[2025-01-03T10:17:47.712-0800] {processor.py:925} INFO - DAG(s) 'tutorial' retrieved from /opt/anaconda3/envs/airflow_env/lib/python3.9/site-packages/airflow/example_dags/tutorial.py
[2025-01-03T10:17:47.865-0800] {logging_mixin.py:190} INFO - [2025-01-03T10:17:47.865-0800] {dag.py:3239} INFO - Sync 1 DAGs
[2025-01-03T10:17:47.894-0800] {logging_mixin.py:190} INFO - [2025-01-03T10:17:47.893-0800] {dag.py:4180} INFO - Setting next_dagrun for tutorial to 2025-01-02 00:00:00+00:00, run_after=2025-01-03 00:00:00+00:00
[2025-01-03T10:17:47.917-0800] {processor.py:208} INFO - Processing /opt/anaconda3/envs/airflow_env/lib/python3.9/site-packages/airflow/example_dags/tutorial.py took 0.232 seconds
[2025-01-03T10:21:49.468-0800] {processor.py:186} INFO - Started process (PID=47500) to work on /opt/anaconda3/envs/airflow_env/lib/python3.9/site-packages/airflow/example_dags/tutorial.py
[2025-01-03T10:21:49.471-0800] {processor.py:914} INFO - Processing file /opt/anaconda3/envs/airflow_env/lib/python3.9/site-packages/airflow/example_dags/tutorial.py for tasks to queue
[2025-01-03T10:21:49.473-0800] {logging_mixin.py:190} INFO - [2025-01-03T10:21:49.473-0800] {dagbag.py:588} INFO - Filling up the DagBag from /opt/anaconda3/envs/airflow_env/lib/python3.9/site-packages/airflow/example_dags/tutorial.py
[2025-01-03T10:21:49.483-0800] {processor.py:925} INFO - DAG(s) 'tutorial' retrieved from /opt/anaconda3/envs/airflow_env/lib/python3.9/site-packages/airflow/example_dags/tutorial.py
[2025-01-03T10:21:49.632-0800] {logging_mixin.py:190} INFO - [2025-01-03T10:21:49.631-0800] {dag.py:3239} INFO - Sync 1 DAGs
[2025-01-03T10:21:49.662-0800] {logging_mixin.py:190} INFO - [2025-01-03T10:21:49.662-0800] {dag.py:4180} INFO - Setting next_dagrun for tutorial to 2025-01-02 00:00:00+00:00, run_after=2025-01-03 00:00:00+00:00
[2025-01-03T10:21:49.692-0800] {processor.py:208} INFO - Processing /opt/anaconda3/envs/airflow_env/lib/python3.9/site-packages/airflow/example_dags/tutorial.py took 0.228 seconds
[2025-01-03T10:25:56.718-0800] {processor.py:186} INFO - Started process (PID=47672) to work on /opt/anaconda3/envs/airflow_env/lib/python3.9/site-packages/airflow/example_dags/tutorial.py
[2025-01-03T10:25:56.721-0800] {processor.py:914} INFO - Processing file /opt/anaconda3/envs/airflow_env/lib/python3.9/site-packages/airflow/example_dags/tutorial.py for tasks to queue
[2025-01-03T10:25:56.723-0800] {logging_mixin.py:190} INFO - [2025-01-03T10:25:56.723-0800] {dagbag.py:588} INFO - Filling up the DagBag from /opt/anaconda3/envs/airflow_env/lib/python3.9/site-packages/airflow/example_dags/tutorial.py
[2025-01-03T10:25:56.740-0800] {processor.py:925} INFO - DAG(s) 'tutorial' retrieved from /opt/anaconda3/envs/airflow_env/lib/python3.9/site-packages/airflow/example_dags/tutorial.py
[2025-01-03T10:25:56.971-0800] {logging_mixin.py:190} INFO - [2025-01-03T10:25:56.971-0800] {dag.py:3239} INFO - Sync 1 DAGs
[2025-01-03T10:25:57.011-0800] {logging_mixin.py:190} INFO - [2025-01-03T10:25:57.011-0800] {dag.py:4180} INFO - Setting next_dagrun for tutorial to 2025-01-02 00:00:00+00:00, run_after=2025-01-03 00:00:00+00:00
[2025-01-03T10:25:57.048-0800] {processor.py:208} INFO - Processing /opt/anaconda3/envs/airflow_env/lib/python3.9/site-packages/airflow/example_dags/tutorial.py took 0.338 seconds
[2025-01-03T10:30:15.038-0800] {processor.py:186} INFO - Started process (PID=47801) to work on /opt/anaconda3/envs/airflow_env/lib/python3.9/site-packages/airflow/example_dags/tutorial.py
[2025-01-03T10:30:15.041-0800] {processor.py:914} INFO - Processing file /opt/anaconda3/envs/airflow_env/lib/python3.9/site-packages/airflow/example_dags/tutorial.py for tasks to queue
[2025-01-03T10:30:15.042-0800] {logging_mixin.py:190} INFO - [2025-01-03T10:30:15.042-0800] {dagbag.py:588} INFO - Filling up the DagBag from /opt/anaconda3/envs/airflow_env/lib/python3.9/site-packages/airflow/example_dags/tutorial.py
[2025-01-03T10:30:15.052-0800] {processor.py:925} INFO - DAG(s) 'tutorial' retrieved from /opt/anaconda3/envs/airflow_env/lib/python3.9/site-packages/airflow/example_dags/tutorial.py
[2025-01-03T10:30:15.201-0800] {logging_mixin.py:190} INFO - [2025-01-03T10:30:15.201-0800] {dag.py:3239} INFO - Sync 1 DAGs
[2025-01-03T10:30:15.235-0800] {logging_mixin.py:190} INFO - [2025-01-03T10:30:15.235-0800] {dag.py:4180} INFO - Setting next_dagrun for tutorial to 2025-01-02 00:00:00+00:00, run_after=2025-01-03 00:00:00+00:00
[2025-01-03T10:30:15.259-0800] {processor.py:208} INFO - Processing /opt/anaconda3/envs/airflow_env/lib/python3.9/site-packages/airflow/example_dags/tutorial.py took 0.227 seconds
[2025-01-03T10:34:40.084-0800] {processor.py:186} INFO - Started process (PID=47933) to work on /opt/anaconda3/envs/airflow_env/lib/python3.9/site-packages/airflow/example_dags/tutorial.py
[2025-01-03T10:34:40.087-0800] {processor.py:914} INFO - Processing file /opt/anaconda3/envs/airflow_env/lib/python3.9/site-packages/airflow/example_dags/tutorial.py for tasks to queue
[2025-01-03T10:34:40.088-0800] {logging_mixin.py:190} INFO - [2025-01-03T10:34:40.088-0800] {dagbag.py:588} INFO - Filling up the DagBag from /opt/anaconda3/envs/airflow_env/lib/python3.9/site-packages/airflow/example_dags/tutorial.py
[2025-01-03T10:34:40.100-0800] {processor.py:925} INFO - DAG(s) 'tutorial' retrieved from /opt/anaconda3/envs/airflow_env/lib/python3.9/site-packages/airflow/example_dags/tutorial.py
[2025-01-03T10:34:40.258-0800] {logging_mixin.py:190} INFO - [2025-01-03T10:34:40.258-0800] {dag.py:3239} INFO - Sync 1 DAGs
[2025-01-03T10:34:40.289-0800] {logging_mixin.py:190} INFO - [2025-01-03T10:34:40.288-0800] {dag.py:4180} INFO - Setting next_dagrun for tutorial to 2025-01-02 00:00:00+00:00, run_after=2025-01-03 00:00:00+00:00
[2025-01-03T10:34:40.316-0800] {processor.py:208} INFO - Processing /opt/anaconda3/envs/airflow_env/lib/python3.9/site-packages/airflow/example_dags/tutorial.py took 0.239 seconds
[2025-01-03T10:38:49.707-0800] {processor.py:186} INFO - Started process (PID=48060) to work on /opt/anaconda3/envs/airflow_env/lib/python3.9/site-packages/airflow/example_dags/tutorial.py
[2025-01-03T10:38:49.710-0800] {processor.py:914} INFO - Processing file /opt/anaconda3/envs/airflow_env/lib/python3.9/site-packages/airflow/example_dags/tutorial.py for tasks to queue
[2025-01-03T10:38:49.714-0800] {logging_mixin.py:190} INFO - [2025-01-03T10:38:49.714-0800] {dagbag.py:588} INFO - Filling up the DagBag from /opt/anaconda3/envs/airflow_env/lib/python3.9/site-packages/airflow/example_dags/tutorial.py
[2025-01-03T10:38:49.726-0800] {processor.py:925} INFO - DAG(s) 'tutorial' retrieved from /opt/anaconda3/envs/airflow_env/lib/python3.9/site-packages/airflow/example_dags/tutorial.py
[2025-01-03T10:38:49.926-0800] {logging_mixin.py:190} INFO - [2025-01-03T10:38:49.925-0800] {dag.py:3239} INFO - Sync 1 DAGs
[2025-01-03T10:38:49.959-0800] {logging_mixin.py:190} INFO - [2025-01-03T10:38:49.959-0800] {dag.py:4180} INFO - Setting next_dagrun for tutorial to 2025-01-02 00:00:00+00:00, run_after=2025-01-03 00:00:00+00:00
[2025-01-03T10:38:49.983-0800] {processor.py:208} INFO - Processing /opt/anaconda3/envs/airflow_env/lib/python3.9/site-packages/airflow/example_dags/tutorial.py took 0.291 seconds
[2025-01-03T10:43:00.608-0800] {processor.py:186} INFO - Started process (PID=48189) to work on /opt/anaconda3/envs/airflow_env/lib/python3.9/site-packages/airflow/example_dags/tutorial.py
[2025-01-03T10:43:00.612-0800] {processor.py:914} INFO - Processing file /opt/anaconda3/envs/airflow_env/lib/python3.9/site-packages/airflow/example_dags/tutorial.py for tasks to queue
[2025-01-03T10:43:00.613-0800] {logging_mixin.py:190} INFO - [2025-01-03T10:43:00.613-0800] {dagbag.py:588} INFO - Filling up the DagBag from /opt/anaconda3/envs/airflow_env/lib/python3.9/site-packages/airflow/example_dags/tutorial.py
[2025-01-03T10:43:00.647-0800] {processor.py:925} INFO - DAG(s) 'tutorial' retrieved from /opt/anaconda3/envs/airflow_env/lib/python3.9/site-packages/airflow/example_dags/tutorial.py
[2025-01-03T10:43:01.243-0800] {logging_mixin.py:190} INFO - [2025-01-03T10:43:01.243-0800] {dag.py:3239} INFO - Sync 1 DAGs
[2025-01-03T10:43:01.320-0800] {logging_mixin.py:190} INFO - [2025-01-03T10:43:01.320-0800] {dag.py:4180} INFO - Setting next_dagrun for tutorial to 2025-01-02 00:00:00+00:00, run_after=2025-01-03 00:00:00+00:00
[2025-01-03T10:43:01.365-0800] {processor.py:208} INFO - Processing /opt/anaconda3/envs/airflow_env/lib/python3.9/site-packages/airflow/example_dags/tutorial.py took 0.772 seconds
[2025-01-03T10:47:00.995-0800] {processor.py:186} INFO - Started process (PID=48326) to work on /opt/anaconda3/envs/airflow_env/lib/python3.9/site-packages/airflow/example_dags/tutorial.py
[2025-01-03T10:47:00.997-0800] {processor.py:914} INFO - Processing file /opt/anaconda3/envs/airflow_env/lib/python3.9/site-packages/airflow/example_dags/tutorial.py for tasks to queue
[2025-01-03T10:47:00.999-0800] {logging_mixin.py:190} INFO - [2025-01-03T10:47:00.998-0800] {dagbag.py:588} INFO - Filling up the DagBag from /opt/anaconda3/envs/airflow_env/lib/python3.9/site-packages/airflow/example_dags/tutorial.py
[2025-01-03T10:47:01.014-0800] {processor.py:925} INFO - DAG(s) 'tutorial' retrieved from /opt/anaconda3/envs/airflow_env/lib/python3.9/site-packages/airflow/example_dags/tutorial.py
[2025-01-03T10:47:01.179-0800] {logging_mixin.py:190} INFO - [2025-01-03T10:47:01.178-0800] {dag.py:3239} INFO - Sync 1 DAGs
[2025-01-03T10:47:01.204-0800] {logging_mixin.py:190} INFO - [2025-01-03T10:47:01.204-0800] {dag.py:4180} INFO - Setting next_dagrun for tutorial to 2025-01-02 00:00:00+00:00, run_after=2025-01-03 00:00:00+00:00
[2025-01-03T10:47:01.231-0800] {processor.py:208} INFO - Processing /opt/anaconda3/envs/airflow_env/lib/python3.9/site-packages/airflow/example_dags/tutorial.py took 0.240 seconds
[2025-01-03T10:51:02.014-0800] {processor.py:186} INFO - Started process (PID=48523) to work on /opt/anaconda3/envs/airflow_env/lib/python3.9/site-packages/airflow/example_dags/tutorial.py
[2025-01-03T10:51:02.019-0800] {processor.py:914} INFO - Processing file /opt/anaconda3/envs/airflow_env/lib/python3.9/site-packages/airflow/example_dags/tutorial.py for tasks to queue
[2025-01-03T10:51:02.021-0800] {logging_mixin.py:190} INFO - [2025-01-03T10:51:02.020-0800] {dagbag.py:588} INFO - Filling up the DagBag from /opt/anaconda3/envs/airflow_env/lib/python3.9/site-packages/airflow/example_dags/tutorial.py
[2025-01-03T10:51:02.037-0800] {processor.py:925} INFO - DAG(s) 'tutorial' retrieved from /opt/anaconda3/envs/airflow_env/lib/python3.9/site-packages/airflow/example_dags/tutorial.py
[2025-01-03T10:51:02.210-0800] {logging_mixin.py:190} INFO - [2025-01-03T10:51:02.209-0800] {dag.py:3239} INFO - Sync 1 DAGs
[2025-01-03T10:51:02.239-0800] {logging_mixin.py:190} INFO - [2025-01-03T10:51:02.239-0800] {dag.py:4180} INFO - Setting next_dagrun for tutorial to 2025-01-02 00:00:00+00:00, run_after=2025-01-03 00:00:00+00:00
[2025-01-03T10:51:02.273-0800] {processor.py:208} INFO - Processing /opt/anaconda3/envs/airflow_env/lib/python3.9/site-packages/airflow/example_dags/tutorial.py took 0.267 seconds
[2025-01-03T10:55:22.606-0800] {processor.py:186} INFO - Started process (PID=48686) to work on /opt/anaconda3/envs/airflow_env/lib/python3.9/site-packages/airflow/example_dags/tutorial.py
[2025-01-03T10:55:22.608-0800] {processor.py:914} INFO - Processing file /opt/anaconda3/envs/airflow_env/lib/python3.9/site-packages/airflow/example_dags/tutorial.py for tasks to queue
[2025-01-03T10:55:22.610-0800] {logging_mixin.py:190} INFO - [2025-01-03T10:55:22.610-0800] {dagbag.py:588} INFO - Filling up the DagBag from /opt/anaconda3/envs/airflow_env/lib/python3.9/site-packages/airflow/example_dags/tutorial.py
[2025-01-03T10:55:22.629-0800] {processor.py:925} INFO - DAG(s) 'tutorial' retrieved from /opt/anaconda3/envs/airflow_env/lib/python3.9/site-packages/airflow/example_dags/tutorial.py
[2025-01-03T10:55:22.803-0800] {logging_mixin.py:190} INFO - [2025-01-03T10:55:22.801-0800] {dag.py:3239} INFO - Sync 1 DAGs
[2025-01-03T10:55:22.863-0800] {logging_mixin.py:190} INFO - [2025-01-03T10:55:22.863-0800] {dag.py:4180} INFO - Setting next_dagrun for tutorial to 2025-01-02 00:00:00+00:00, run_after=2025-01-03 00:00:00+00:00
[2025-01-03T10:55:22.907-0800] {processor.py:208} INFO - Processing /opt/anaconda3/envs/airflow_env/lib/python3.9/site-packages/airflow/example_dags/tutorial.py took 0.306 seconds
[2025-01-03T10:59:23.198-0800] {processor.py:186} INFO - Started process (PID=48868) to work on /opt/anaconda3/envs/airflow_env/lib/python3.9/site-packages/airflow/example_dags/tutorial.py
[2025-01-03T10:59:23.201-0800] {processor.py:914} INFO - Processing file /opt/anaconda3/envs/airflow_env/lib/python3.9/site-packages/airflow/example_dags/tutorial.py for tasks to queue
[2025-01-03T10:59:23.202-0800] {logging_mixin.py:190} INFO - [2025-01-03T10:59:23.202-0800] {dagbag.py:588} INFO - Filling up the DagBag from /opt/anaconda3/envs/airflow_env/lib/python3.9/site-packages/airflow/example_dags/tutorial.py
[2025-01-03T10:59:23.217-0800] {processor.py:925} INFO - DAG(s) 'tutorial' retrieved from /opt/anaconda3/envs/airflow_env/lib/python3.9/site-packages/airflow/example_dags/tutorial.py
[2025-01-03T10:59:23.368-0800] {logging_mixin.py:190} INFO - [2025-01-03T10:59:23.367-0800] {dag.py:3239} INFO - Sync 1 DAGs
[2025-01-03T10:59:23.406-0800] {logging_mixin.py:190} INFO - [2025-01-03T10:59:23.405-0800] {dag.py:4180} INFO - Setting next_dagrun for tutorial to 2025-01-02 00:00:00+00:00, run_after=2025-01-03 00:00:00+00:00
[2025-01-03T10:59:23.432-0800] {processor.py:208} INFO - Processing /opt/anaconda3/envs/airflow_env/lib/python3.9/site-packages/airflow/example_dags/tutorial.py took 0.239 seconds
[2025-01-03T11:04:20.671-0800] {processor.py:186} INFO - Started process (PID=49024) to work on /opt/anaconda3/envs/airflow_env/lib/python3.9/site-packages/airflow/example_dags/tutorial.py
[2025-01-03T11:04:20.674-0800] {processor.py:914} INFO - Processing file /opt/anaconda3/envs/airflow_env/lib/python3.9/site-packages/airflow/example_dags/tutorial.py for tasks to queue
[2025-01-03T11:04:20.675-0800] {logging_mixin.py:190} INFO - [2025-01-03T11:04:20.675-0800] {dagbag.py:588} INFO - Filling up the DagBag from /opt/anaconda3/envs/airflow_env/lib/python3.9/site-packages/airflow/example_dags/tutorial.py
[2025-01-03T11:04:20.688-0800] {processor.py:925} INFO - DAG(s) 'tutorial' retrieved from /opt/anaconda3/envs/airflow_env/lib/python3.9/site-packages/airflow/example_dags/tutorial.py
[2025-01-03T11:04:20.888-0800] {logging_mixin.py:190} INFO - [2025-01-03T11:04:20.888-0800] {dag.py:3239} INFO - Sync 1 DAGs
[2025-01-03T11:04:20.910-0800] {logging_mixin.py:190} INFO - [2025-01-03T11:04:20.910-0800] {dag.py:4180} INFO - Setting next_dagrun for tutorial to 2025-01-02 00:00:00+00:00, run_after=2025-01-03 00:00:00+00:00
[2025-01-03T11:04:20.933-0800] {processor.py:208} INFO - Processing /opt/anaconda3/envs/airflow_env/lib/python3.9/site-packages/airflow/example_dags/tutorial.py took 0.268 seconds
[2025-01-03T11:08:30.587-0800] {processor.py:186} INFO - Started process (PID=49174) to work on /opt/anaconda3/envs/airflow_env/lib/python3.9/site-packages/airflow/example_dags/tutorial.py
[2025-01-03T11:08:30.590-0800] {processor.py:914} INFO - Processing file /opt/anaconda3/envs/airflow_env/lib/python3.9/site-packages/airflow/example_dags/tutorial.py for tasks to queue
[2025-01-03T11:08:30.591-0800] {logging_mixin.py:190} INFO - [2025-01-03T11:08:30.591-0800] {dagbag.py:588} INFO - Filling up the DagBag from /opt/anaconda3/envs/airflow_env/lib/python3.9/site-packages/airflow/example_dags/tutorial.py
[2025-01-03T11:08:30.608-0800] {processor.py:925} INFO - DAG(s) 'tutorial' retrieved from /opt/anaconda3/envs/airflow_env/lib/python3.9/site-packages/airflow/example_dags/tutorial.py
[2025-01-03T11:08:30.781-0800] {logging_mixin.py:190} INFO - [2025-01-03T11:08:30.781-0800] {dag.py:3239} INFO - Sync 1 DAGs
[2025-01-03T11:08:30.811-0800] {logging_mixin.py:190} INFO - [2025-01-03T11:08:30.811-0800] {dag.py:4180} INFO - Setting next_dagrun for tutorial to 2025-01-02 00:00:00+00:00, run_after=2025-01-03 00:00:00+00:00
[2025-01-03T11:08:30.834-0800] {processor.py:208} INFO - Processing /opt/anaconda3/envs/airflow_env/lib/python3.9/site-packages/airflow/example_dags/tutorial.py took 0.253 seconds
[2025-01-03T11:12:54.926-0800] {processor.py:186} INFO - Started process (PID=49443) to work on /opt/anaconda3/envs/airflow_env/lib/python3.9/site-packages/airflow/example_dags/tutorial.py
[2025-01-03T11:12:54.931-0800] {processor.py:914} INFO - Processing file /opt/anaconda3/envs/airflow_env/lib/python3.9/site-packages/airflow/example_dags/tutorial.py for tasks to queue
[2025-01-03T11:12:54.934-0800] {logging_mixin.py:190} INFO - [2025-01-03T11:12:54.933-0800] {dagbag.py:588} INFO - Filling up the DagBag from /opt/anaconda3/envs/airflow_env/lib/python3.9/site-packages/airflow/example_dags/tutorial.py
[2025-01-03T11:12:54.983-0800] {processor.py:925} INFO - DAG(s) 'tutorial' retrieved from /opt/anaconda3/envs/airflow_env/lib/python3.9/site-packages/airflow/example_dags/tutorial.py
[2025-01-03T11:12:55.617-0800] {logging_mixin.py:190} INFO - [2025-01-03T11:12:55.616-0800] {dag.py:3239} INFO - Sync 1 DAGs
[2025-01-03T11:12:55.681-0800] {logging_mixin.py:190} INFO - [2025-01-03T11:12:55.676-0800] {dag.py:4180} INFO - Setting next_dagrun for tutorial to 2025-01-02 00:00:00+00:00, run_after=2025-01-03 00:00:00+00:00
[2025-01-03T11:12:55.746-0800] {processor.py:208} INFO - Processing /opt/anaconda3/envs/airflow_env/lib/python3.9/site-packages/airflow/example_dags/tutorial.py took 0.837 seconds
[2025-01-03T11:17:29.240-0800] {processor.py:186} INFO - Started process (PID=49728) to work on /opt/anaconda3/envs/airflow_env/lib/python3.9/site-packages/airflow/example_dags/tutorial.py
[2025-01-03T11:17:29.242-0800] {processor.py:914} INFO - Processing file /opt/anaconda3/envs/airflow_env/lib/python3.9/site-packages/airflow/example_dags/tutorial.py for tasks to queue
[2025-01-03T11:17:29.244-0800] {logging_mixin.py:190} INFO - [2025-01-03T11:17:29.243-0800] {dagbag.py:588} INFO - Filling up the DagBag from /opt/anaconda3/envs/airflow_env/lib/python3.9/site-packages/airflow/example_dags/tutorial.py
[2025-01-03T11:17:29.257-0800] {processor.py:925} INFO - DAG(s) 'tutorial' retrieved from /opt/anaconda3/envs/airflow_env/lib/python3.9/site-packages/airflow/example_dags/tutorial.py
[2025-01-03T11:17:29.421-0800] {logging_mixin.py:190} INFO - [2025-01-03T11:17:29.420-0800] {dag.py:3239} INFO - Sync 1 DAGs
[2025-01-03T11:17:29.452-0800] {logging_mixin.py:190} INFO - [2025-01-03T11:17:29.452-0800] {dag.py:4180} INFO - Setting next_dagrun for tutorial to 2025-01-02 00:00:00+00:00, run_after=2025-01-03 00:00:00+00:00
[2025-01-03T11:17:29.498-0800] {processor.py:208} INFO - Processing /opt/anaconda3/envs/airflow_env/lib/python3.9/site-packages/airflow/example_dags/tutorial.py took 0.262 seconds
[2025-01-03T11:22:00.153-0800] {processor.py:186} INFO - Started process (PID=49885) to work on /opt/anaconda3/envs/airflow_env/lib/python3.9/site-packages/airflow/example_dags/tutorial.py
[2025-01-03T11:22:00.156-0800] {processor.py:914} INFO - Processing file /opt/anaconda3/envs/airflow_env/lib/python3.9/site-packages/airflow/example_dags/tutorial.py for tasks to queue
[2025-01-03T11:22:00.158-0800] {logging_mixin.py:190} INFO - [2025-01-03T11:22:00.158-0800] {dagbag.py:588} INFO - Filling up the DagBag from /opt/anaconda3/envs/airflow_env/lib/python3.9/site-packages/airflow/example_dags/tutorial.py
[2025-01-03T11:22:00.176-0800] {processor.py:925} INFO - DAG(s) 'tutorial' retrieved from /opt/anaconda3/envs/airflow_env/lib/python3.9/site-packages/airflow/example_dags/tutorial.py
[2025-01-03T11:22:00.462-0800] {logging_mixin.py:190} INFO - [2025-01-03T11:22:00.462-0800] {dag.py:3239} INFO - Sync 1 DAGs
[2025-01-03T11:22:00.504-0800] {logging_mixin.py:190} INFO - [2025-01-03T11:22:00.504-0800] {dag.py:4180} INFO - Setting next_dagrun for tutorial to 2025-01-02 00:00:00+00:00, run_after=2025-01-03 00:00:00+00:00
[2025-01-03T11:22:00.546-0800] {processor.py:208} INFO - Processing /opt/anaconda3/envs/airflow_env/lib/python3.9/site-packages/airflow/example_dags/tutorial.py took 0.400 seconds
[2025-01-03T11:26:31.058-0800] {processor.py:186} INFO - Started process (PID=50014) to work on /opt/anaconda3/envs/airflow_env/lib/python3.9/site-packages/airflow/example_dags/tutorial.py
[2025-01-03T11:26:31.062-0800] {processor.py:914} INFO - Processing file /opt/anaconda3/envs/airflow_env/lib/python3.9/site-packages/airflow/example_dags/tutorial.py for tasks to queue
[2025-01-03T11:26:31.063-0800] {logging_mixin.py:190} INFO - [2025-01-03T11:26:31.063-0800] {dagbag.py:588} INFO - Filling up the DagBag from /opt/anaconda3/envs/airflow_env/lib/python3.9/site-packages/airflow/example_dags/tutorial.py
[2025-01-03T11:26:31.076-0800] {processor.py:925} INFO - DAG(s) 'tutorial' retrieved from /opt/anaconda3/envs/airflow_env/lib/python3.9/site-packages/airflow/example_dags/tutorial.py
[2025-01-03T11:26:31.504-0800] {logging_mixin.py:190} INFO - [2025-01-03T11:26:31.503-0800] {dag.py:3239} INFO - Sync 1 DAGs
[2025-01-03T11:26:31.540-0800] {logging_mixin.py:190} INFO - [2025-01-03T11:26:31.540-0800] {dag.py:4180} INFO - Setting next_dagrun for tutorial to 2025-01-02 00:00:00+00:00, run_after=2025-01-03 00:00:00+00:00
[2025-01-03T11:26:31.578-0800] {processor.py:208} INFO - Processing /opt/anaconda3/envs/airflow_env/lib/python3.9/site-packages/airflow/example_dags/tutorial.py took 0.525 seconds
[2025-01-03T11:31:06.908-0800] {processor.py:186} INFO - Started process (PID=50244) to work on /opt/anaconda3/envs/airflow_env/lib/python3.9/site-packages/airflow/example_dags/tutorial.py
[2025-01-03T11:31:06.911-0800] {processor.py:914} INFO - Processing file /opt/anaconda3/envs/airflow_env/lib/python3.9/site-packages/airflow/example_dags/tutorial.py for tasks to queue
[2025-01-03T11:31:06.913-0800] {logging_mixin.py:190} INFO - [2025-01-03T11:31:06.912-0800] {dagbag.py:588} INFO - Filling up the DagBag from /opt/anaconda3/envs/airflow_env/lib/python3.9/site-packages/airflow/example_dags/tutorial.py
[2025-01-03T11:31:06.932-0800] {processor.py:925} INFO - DAG(s) 'tutorial' retrieved from /opt/anaconda3/envs/airflow_env/lib/python3.9/site-packages/airflow/example_dags/tutorial.py
[2025-01-03T11:31:07.116-0800] {logging_mixin.py:190} INFO - [2025-01-03T11:31:07.115-0800] {dag.py:3239} INFO - Sync 1 DAGs
[2025-01-03T11:31:07.159-0800] {logging_mixin.py:190} INFO - [2025-01-03T11:31:07.159-0800] {dag.py:4180} INFO - Setting next_dagrun for tutorial to 2025-01-02 00:00:00+00:00, run_after=2025-01-03 00:00:00+00:00
[2025-01-03T11:31:07.206-0800] {processor.py:208} INFO - Processing /opt/anaconda3/envs/airflow_env/lib/python3.9/site-packages/airflow/example_dags/tutorial.py took 0.310 seconds
[2025-01-03T11:36:10.752-0800] {processor.py:186} INFO - Started process (PID=50449) to work on /opt/anaconda3/envs/airflow_env/lib/python3.9/site-packages/airflow/example_dags/tutorial.py
[2025-01-03T11:36:10.755-0800] {processor.py:914} INFO - Processing file /opt/anaconda3/envs/airflow_env/lib/python3.9/site-packages/airflow/example_dags/tutorial.py for tasks to queue
[2025-01-03T11:36:10.757-0800] {logging_mixin.py:190} INFO - [2025-01-03T11:36:10.756-0800] {dagbag.py:588} INFO - Filling up the DagBag from /opt/anaconda3/envs/airflow_env/lib/python3.9/site-packages/airflow/example_dags/tutorial.py
[2025-01-03T11:36:10.775-0800] {processor.py:925} INFO - DAG(s) 'tutorial' retrieved from /opt/anaconda3/envs/airflow_env/lib/python3.9/site-packages/airflow/example_dags/tutorial.py
[2025-01-03T11:36:11.116-0800] {logging_mixin.py:190} INFO - [2025-01-03T11:36:11.115-0800] {dag.py:3239} INFO - Sync 1 DAGs
[2025-01-03T11:36:11.171-0800] {logging_mixin.py:190} INFO - [2025-01-03T11:36:11.170-0800] {dag.py:4180} INFO - Setting next_dagrun for tutorial to 2025-01-02 00:00:00+00:00, run_after=2025-01-03 00:00:00+00:00
[2025-01-03T11:36:11.211-0800] {processor.py:208} INFO - Processing /opt/anaconda3/envs/airflow_env/lib/python3.9/site-packages/airflow/example_dags/tutorial.py took 0.464 seconds
[2025-01-03T11:40:47.023-0800] {processor.py:186} INFO - Started process (PID=50636) to work on /opt/anaconda3/envs/airflow_env/lib/python3.9/site-packages/airflow/example_dags/tutorial.py
[2025-01-03T11:40:47.026-0800] {processor.py:914} INFO - Processing file /opt/anaconda3/envs/airflow_env/lib/python3.9/site-packages/airflow/example_dags/tutorial.py for tasks to queue
[2025-01-03T11:40:47.027-0800] {logging_mixin.py:190} INFO - [2025-01-03T11:40:47.027-0800] {dagbag.py:588} INFO - Filling up the DagBag from /opt/anaconda3/envs/airflow_env/lib/python3.9/site-packages/airflow/example_dags/tutorial.py
[2025-01-03T11:40:47.036-0800] {processor.py:925} INFO - DAG(s) 'tutorial' retrieved from /opt/anaconda3/envs/airflow_env/lib/python3.9/site-packages/airflow/example_dags/tutorial.py
[2025-01-03T11:40:47.177-0800] {logging_mixin.py:190} INFO - [2025-01-03T11:40:47.177-0800] {dag.py:3239} INFO - Sync 1 DAGs
[2025-01-03T11:40:47.208-0800] {logging_mixin.py:190} INFO - [2025-01-03T11:40:47.207-0800] {dag.py:4180} INFO - Setting next_dagrun for tutorial to 2025-01-02 00:00:00+00:00, run_after=2025-01-03 00:00:00+00:00
[2025-01-03T11:40:47.235-0800] {processor.py:208} INFO - Processing /opt/anaconda3/envs/airflow_env/lib/python3.9/site-packages/airflow/example_dags/tutorial.py took 0.216 seconds
[2025-01-03T11:45:23.534-0800] {processor.py:186} INFO - Started process (PID=50805) to work on /opt/anaconda3/envs/airflow_env/lib/python3.9/site-packages/airflow/example_dags/tutorial.py
[2025-01-03T11:45:23.543-0800] {processor.py:914} INFO - Processing file /opt/anaconda3/envs/airflow_env/lib/python3.9/site-packages/airflow/example_dags/tutorial.py for tasks to queue
[2025-01-03T11:45:23.547-0800] {logging_mixin.py:190} INFO - [2025-01-03T11:45:23.544-0800] {dagbag.py:588} INFO - Filling up the DagBag from /opt/anaconda3/envs/airflow_env/lib/python3.9/site-packages/airflow/example_dags/tutorial.py
[2025-01-03T11:45:23.572-0800] {processor.py:925} INFO - DAG(s) 'tutorial' retrieved from /opt/anaconda3/envs/airflow_env/lib/python3.9/site-packages/airflow/example_dags/tutorial.py
[2025-01-03T11:45:23.913-0800] {logging_mixin.py:190} INFO - [2025-01-03T11:45:23.913-0800] {dag.py:3239} INFO - Sync 1 DAGs
[2025-01-03T11:45:24.010-0800] {logging_mixin.py:190} INFO - [2025-01-03T11:45:24.010-0800] {dag.py:4180} INFO - Setting next_dagrun for tutorial to 2025-01-02 00:00:00+00:00, run_after=2025-01-03 00:00:00+00:00
[2025-01-03T11:45:24.057-0800] {processor.py:208} INFO - Processing /opt/anaconda3/envs/airflow_env/lib/python3.9/site-packages/airflow/example_dags/tutorial.py took 0.537 seconds
[2025-01-03T11:49:56.014-0800] {processor.py:186} INFO - Started process (PID=50981) to work on /opt/anaconda3/envs/airflow_env/lib/python3.9/site-packages/airflow/example_dags/tutorial.py
[2025-01-03T11:49:56.018-0800] {processor.py:914} INFO - Processing file /opt/anaconda3/envs/airflow_env/lib/python3.9/site-packages/airflow/example_dags/tutorial.py for tasks to queue
[2025-01-03T11:49:56.019-0800] {logging_mixin.py:190} INFO - [2025-01-03T11:49:56.019-0800] {dagbag.py:588} INFO - Filling up the DagBag from /opt/anaconda3/envs/airflow_env/lib/python3.9/site-packages/airflow/example_dags/tutorial.py
[2025-01-03T11:49:56.035-0800] {processor.py:925} INFO - DAG(s) 'tutorial' retrieved from /opt/anaconda3/envs/airflow_env/lib/python3.9/site-packages/airflow/example_dags/tutorial.py
[2025-01-03T11:49:56.229-0800] {logging_mixin.py:190} INFO - [2025-01-03T11:49:56.229-0800] {dag.py:3239} INFO - Sync 1 DAGs
[2025-01-03T11:49:56.262-0800] {logging_mixin.py:190} INFO - [2025-01-03T11:49:56.262-0800] {dag.py:4180} INFO - Setting next_dagrun for tutorial to 2025-01-02 00:00:00+00:00, run_after=2025-01-03 00:00:00+00:00
[2025-01-03T11:49:56.292-0800] {processor.py:208} INFO - Processing /opt/anaconda3/envs/airflow_env/lib/python3.9/site-packages/airflow/example_dags/tutorial.py took 0.284 seconds
