[2025-01-08T15:34:34.868-0800] {local_task_job_runner.py:123} INFO - ::group::Pre task execution logs
[2025-01-08T15:34:34.890-0800] {taskinstance.py:2613} INFO - Dependencies all met for dep_context=non-requeueable deps ti=<TaskInstance: CovidE2EPipeDag.stage_raw_data manual__2025-01-08T23:30:30.286826+00:00 [queued]>
[2025-01-08T15:34:34.903-0800] {taskinstance.py:2613} INFO - Dependencies all met for dep_context=requeueable deps ti=<TaskInstance: CovidE2EPipeDag.stage_raw_data manual__2025-01-08T23:30:30.286826+00:00 [queued]>
[2025-01-08T15:34:34.904-0800] {taskinstance.py:2866} INFO - Starting attempt 1 of 2
[2025-01-08T15:34:34.926-0800] {taskinstance.py:2889} INFO - Executing <Task(BashOperator): stage_raw_data> on 2025-01-08 23:30:30.286826+00:00
[2025-01-08T15:34:34.932-0800] {standard_task_runner.py:72} INFO - Started process 16004 to run task
[2025-01-08T15:34:34.952-0800] {standard_task_runner.py:104} INFO - Running: ['airflow', 'tasks', 'run', 'CovidE2EPipeDag', 'stage_raw_data', 'manual__2025-01-08T23:30:30.286826+00:00', '--job-id', '1489', '--raw', '--subdir', 'DAGS_FOLDER/CovidE2EPipeDag.py', '--cfg-path', '/var/folders/vm/rn9v1g1j739_mq8j5pfl1yxm0000gn/T/tmp0do4_ijs']
[2025-01-08T15:34:34.958-0800] {standard_task_runner.py:105} INFO - Job 1489: Subtask stage_raw_data
[2025-01-08T15:34:35.025-0800] {task_command.py:467} INFO - Running <TaskInstance: CovidE2EPipeDag.stage_raw_data manual__2025-01-08T23:30:30.286826+00:00 [running]> on host Matthews-MacBook-Air.local
[2025-01-08T15:34:35.159-0800] {taskinstance.py:3132} INFO - Exporting env vars: AIRFLOW_CTX_DAG_OWNER='Matthew Horn' AIRFLOW_CTX_DAG_ID='CovidE2EPipeDag' AIRFLOW_CTX_TASK_ID='stage_raw_data' AIRFLOW_CTX_EXECUTION_DATE='2025-01-08T23:30:30.286826+00:00' AIRFLOW_CTX_TRY_NUMBER='1' AIRFLOW_CTX_DAG_RUN_ID='manual__2025-01-08T23:30:30.286826+00:00'
[2025-01-08T15:34:35.160-0800] {taskinstance.py:731} INFO - ::endgroup::
[2025-01-08T15:34:35.238-0800] {subprocess.py:78} INFO - Tmp dir root location: /var/folders/vm/rn9v1g1j739_mq8j5pfl1yxm0000gn/T
[2025-01-08T15:34:35.241-0800] {subprocess.py:88} INFO - Running command: ['/bin/bash', '-c', 'snow stage copy /Users/matthewmac/airflow/data/raw/industrial_production_2025-01-08.csv @CovidE2EPipeDatabase.raw_data.raw_data_stage']
[2025-01-08T15:34:35.252-0800] {subprocess.py:99} INFO - Output:
[2025-01-08T15:34:44.830-0800] {subprocess.py:106} INFO - +---------------------------------------------+
[2025-01-08T15:34:44.832-0800] {subprocess.py:106} INFO - |     |     |     |     |     | ta |     |    |
[2025-01-08T15:34:44.833-0800] {subprocess.py:106} INFO - |     |     |     |     |     | rg |     |    |
[2025-01-08T15:34:44.834-0800] {subprocess.py:106} INFO - |     |     |     |     |     | et |     |    |
[2025-01-08T15:34:44.835-0800] {subprocess.py:106} INFO - |     |     |     |     | sou | _c |     |    |
[2025-01-08T15:34:44.837-0800] {subprocess.py:106} INFO - |     |     |     |     | rce | om |     |    |
[2025-01-08T15:34:44.838-0800] {subprocess.py:106} INFO - |     |     | sou | tar | _co | pr |     | me |
[2025-01-08T15:34:44.840-0800] {subprocess.py:106} INFO - |     |     | rce | get | mpr | es |     | ss |
[2025-01-08T15:34:44.842-0800] {subprocess.py:106} INFO - | sou | tar | _si | _si | ess | si | sta | ag |
[2025-01-08T15:34:44.843-0800] {subprocess.py:106} INFO - | rce | get | ze  | ze  | ion | on | tus | e  |
[2025-01-08T15:34:44.844-0800] {subprocess.py:106} INFO - |-----+-----+-----+-----+-----+----+-----+----|
[2025-01-08T15:34:44.845-0800] {subprocess.py:106} INFO - | ind | ind | 571 | 571 | NON | NO | UPL |    |
[2025-01-08T15:34:44.848-0800] {subprocess.py:106} INFO - | ust | ust | 21  | 36  | E   | NE | OAD |    |
[2025-01-08T15:34:44.850-0800] {subprocess.py:106} INFO - | ria | ria |     |     |     |    | ED  |    |
[2025-01-08T15:34:44.852-0800] {subprocess.py:106} INFO - | l_p | l_p |     |     |     |    |     |    |
[2025-01-08T15:34:44.853-0800] {subprocess.py:106} INFO - | rod | rod |     |     |     |    |     |    |
[2025-01-08T15:34:44.854-0800] {subprocess.py:106} INFO - | uct | uct |     |     |     |    |     |    |
[2025-01-08T15:34:44.856-0800] {subprocess.py:106} INFO - | ion | ion |     |     |     |    |     |    |
[2025-01-08T15:34:44.857-0800] {subprocess.py:106} INFO - | _20 | _20 |     |     |     |    |     |    |
[2025-01-08T15:34:44.858-0800] {subprocess.py:106} INFO - | 25- | 25- |     |     |     |    |     |    |
[2025-01-08T15:34:44.859-0800] {subprocess.py:106} INFO - | 01- | 01- |     |     |     |    |     |    |
[2025-01-08T15:34:44.860-0800] {subprocess.py:106} INFO - | 08. | 08. |     |     |     |    |     |    |
[2025-01-08T15:34:44.860-0800] {subprocess.py:106} INFO - | csv | csv |     |     |     |    |     |    |
[2025-01-08T15:34:44.861-0800] {subprocess.py:106} INFO - +---------------------------------------------+
[2025-01-08T15:34:45.394-0800] {subprocess.py:110} INFO - Command exited with return code 0
[2025-01-08T15:34:45.442-0800] {taskinstance.py:340} INFO - ::group::Post task execution logs
[2025-01-08T15:34:45.455-0800] {taskinstance.py:352} INFO - Marking task as SUCCESS. dag_id=CovidE2EPipeDag, task_id=stage_raw_data, run_id=manual__2025-01-08T23:30:30.286826+00:00, execution_date=20250108T233030, start_date=20250108T233434, end_date=20250108T233445
[2025-01-08T15:34:45.564-0800] {local_task_job_runner.py:266} INFO - Task exited with return code 0
[2025-01-08T15:34:45.643-0800] {taskinstance.py:3895} INFO - 0 downstream tasks scheduled from follow-on schedule check
[2025-01-08T15:34:45.649-0800] {local_task_job_runner.py:245} INFO - ::endgroup::
