[2025-01-04T11:47:02.107-0800] {local_task_job_runner.py:123} INFO - ::group::Pre task execution logs
[2025-01-04T11:47:02.153-0800] {taskinstance.py:2613} INFO - Dependencies all met for dep_context=non-requeueable deps ti=<TaskInstance: CovidE2EPipeDag.archive_raw_data manual__2025-01-04T19:37:51.570305+00:00 [queued]>
[2025-01-04T11:47:02.218-0800] {taskinstance.py:2613} INFO - Dependencies all met for dep_context=requeueable deps ti=<TaskInstance: CovidE2EPipeDag.archive_raw_data manual__2025-01-04T19:37:51.570305+00:00 [queued]>
[2025-01-04T11:47:02.220-0800] {taskinstance.py:2866} INFO - Starting attempt 1 of 2
[2025-01-04T11:47:02.295-0800] {taskinstance.py:2889} INFO - Executing <Task(BashOperator): archive_raw_data> on 2025-01-04 19:37:51.570305+00:00
[2025-01-04T11:47:02.300-0800] {standard_task_runner.py:72} INFO - Started process 81176 to run task
[2025-01-04T11:47:02.317-0800] {standard_task_runner.py:104} INFO - Running: ['airflow', 'tasks', 'run', 'CovidE2EPipeDag', 'archive_raw_data', 'manual__2025-01-04T19:37:51.570305+00:00', '--job-id', '960', '--raw', '--subdir', 'DAGS_FOLDER/CovidE2EPipeDag.py', '--cfg-path', '/var/folders/vm/rn9v1g1j739_mq8j5pfl1yxm0000gn/T/tmpa5wh1lr4']
[2025-01-04T11:47:02.322-0800] {standard_task_runner.py:105} INFO - Job 960: Subtask archive_raw_data
[2025-01-04T11:47:02.445-0800] {task_command.py:467} INFO - Running <TaskInstance: CovidE2EPipeDag.archive_raw_data manual__2025-01-04T19:37:51.570305+00:00 [running]> on host Matthews-MacBook-Air.local
[2025-01-04T11:47:02.619-0800] {taskinstance.py:3132} INFO - Exporting env vars: AIRFLOW_CTX_DAG_OWNER='Matthew Horn' AIRFLOW_CTX_DAG_ID='CovidE2EPipeDag' AIRFLOW_CTX_TASK_ID='archive_raw_data' AIRFLOW_CTX_EXECUTION_DATE='2025-01-04T19:37:51.570305+00:00' AIRFLOW_CTX_TRY_NUMBER='1' AIRFLOW_CTX_DAG_RUN_ID='manual__2025-01-04T19:37:51.570305+00:00'
[2025-01-04T11:47:02.629-0800] {taskinstance.py:731} INFO - ::endgroup::
[2025-01-04T11:47:02.695-0800] {subprocess.py:78} INFO - Tmp dir root location: /var/folders/vm/rn9v1g1j739_mq8j5pfl1yxm0000gn/T
[2025-01-04T11:47:02.697-0800] {subprocess.py:88} INFO - Running command: ['/bin/bash', '-c', 'cd /Users/matthewmac/airflow/data/raw && zip raw_data_2025-01-04.zip *.csv                     && mv raw_data_2025-01-04.zip archived/']
[2025-01-04T11:47:02.717-0800] {subprocess.py:99} INFO - Output:
[2025-01-04T11:47:02.760-0800] {subprocess.py:106} INFO -   adding: 30yr_mortage_2025-01-02.csv (deflated 82%)
[2025-01-04T11:47:02.762-0800] {subprocess.py:106} INFO -   adding: GDP_2025-01-02.csv (deflated 77%)
[2025-01-04T11:47:02.767-0800] {subprocess.py:106} INFO -   adding: US_CPI_2025-01-02.csv (deflated 81%)
[2025-01-04T11:47:02.771-0800] {subprocess.py:106} INFO -   adding: exchanges_2025-01-02.csv (deflated 41%)
[2025-01-04T11:47:02.776-0800] {subprocess.py:106} INFO -   adding: industrial_production_2025-01-02.csv (deflated 80%)
[2025-01-04T11:47:02.778-0800] {subprocess.py:106} INFO -   adding: industrial_production_2025-01-03.csv (deflated 80%)
[2025-01-04T11:47:02.783-0800] {subprocess.py:106} INFO -   adding: industrial_production_2025-01-04.csv (deflated 80%)
[2025-01-04T11:47:02.786-0800] {subprocess.py:106} INFO -   adding: stocks_eod_2025-01-02.csv (deflated 72%)
[2025-01-04T11:47:02.787-0800] {subprocess.py:106} INFO -   adding: trade_balance_2025-01-02.csv (deflated 79%)
[2025-01-04T11:47:02.791-0800] {subprocess.py:106} INFO -   adding: unemployment_rate_2025-01-02.csv (deflated 84%)
[2025-01-04T11:47:02.802-0800] {subprocess.py:110} INFO - Command exited with return code 0
[2025-01-04T11:47:02.838-0800] {taskinstance.py:340} INFO - ::group::Post task execution logs
[2025-01-04T11:47:02.842-0800] {taskinstance.py:352} INFO - Marking task as SUCCESS. dag_id=CovidE2EPipeDag, task_id=archive_raw_data, run_id=manual__2025-01-04T19:37:51.570305+00:00, execution_date=20250104T193751, start_date=20250104T194702, end_date=20250104T194702
[2025-01-04T11:47:02.885-0800] {local_task_job_runner.py:266} INFO - Task exited with return code 0
[2025-01-04T11:47:02.939-0800] {taskinstance.py:3895} INFO - 0 downstream tasks scheduled from follow-on schedule check
[2025-01-04T11:47:02.942-0800] {local_task_job_runner.py:245} INFO - ::endgroup::
