[2025-01-03T21:41:41.684-0800] {local_task_job_runner.py:123} INFO - ::group::Pre task execution logs
[2025-01-03T21:41:41.716-0800] {taskinstance.py:2613} INFO - Dependencies all met for dep_context=non-requeueable deps ti=<TaskInstance: CovidE2EPipeDag.create_load_sql_file scheduled__2025-01-01T00:35:00+00:00 [queued]>
[2025-01-03T21:41:41.729-0800] {taskinstance.py:2613} INFO - Dependencies all met for dep_context=requeueable deps ti=<TaskInstance: CovidE2EPipeDag.create_load_sql_file scheduled__2025-01-01T00:35:00+00:00 [queued]>
[2025-01-03T21:41:41.729-0800] {taskinstance.py:2866} INFO - Starting attempt 1 of 2
[2025-01-03T21:41:41.784-0800] {taskinstance.py:2889} INFO - Executing <Task(BashOperator): create_load_sql_file> on 2025-01-01 00:35:00+00:00
[2025-01-03T21:41:41.789-0800] {standard_task_runner.py:72} INFO - Started process 70698 to run task
[2025-01-03T21:41:41.802-0800] {standard_task_runner.py:104} INFO - Running: ['airflow', 'tasks', 'run', 'CovidE2EPipeDag', 'create_load_sql_file', 'scheduled__2025-01-01T00:35:00+00:00', '--job-id', '603', '--raw', '--subdir', 'DAGS_FOLDER/CovidE2EPipeDag.py', '--cfg-path', '/var/folders/vm/rn9v1g1j739_mq8j5pfl1yxm0000gn/T/tmpa7erlgi1']
[2025-01-03T21:41:41.805-0800] {standard_task_runner.py:105} INFO - Job 603: Subtask create_load_sql_file
[2025-01-03T21:41:41.884-0800] {task_command.py:467} INFO - Running <TaskInstance: CovidE2EPipeDag.create_load_sql_file scheduled__2025-01-01T00:35:00+00:00 [running]> on host Matthews-MacBook-Air.local
[2025-01-03T21:41:41.988-0800] {taskinstance.py:3132} INFO - Exporting env vars: AIRFLOW_CTX_DAG_OWNER='Matthew Horn' AIRFLOW_CTX_DAG_ID='CovidE2EPipeDag' AIRFLOW_CTX_TASK_ID='create_load_sql_file' AIRFLOW_CTX_EXECUTION_DATE='2025-01-01T00:35:00+00:00' AIRFLOW_CTX_TRY_NUMBER='1' AIRFLOW_CTX_DAG_RUN_ID='scheduled__2025-01-01T00:35:00+00:00'
[2025-01-03T21:41:41.989-0800] {logging_mixin.py:190} INFO - Task instance is in running state
[2025-01-03T21:41:41.990-0800] {logging_mixin.py:190} INFO -  Previous state of the Task instance: queued
[2025-01-03T21:41:41.991-0800] {logging_mixin.py:190} INFO - Current task name:create_load_sql_file state:running start_date:2025-01-04 05:41:41.716943+00:00
[2025-01-03T21:41:41.991-0800] {logging_mixin.py:190} INFO - Dag name:CovidE2EPipeDag and current dag run status:running
[2025-01-03T21:41:41.993-0800] {taskinstance.py:731} INFO - ::endgroup::
[2025-01-03T21:41:41.995-0800] {subprocess.py:78} INFO - Tmp dir root location: /var/folders/vm/rn9v1g1j739_mq8j5pfl1yxm0000gn/T
[2025-01-03T21:41:41.997-0800] {subprocess.py:88} INFO - Running command: ['/bin/bash', '-c', 'echo "COPY INTO CovidE2EPipeDatabase.raw_data.industrial_production\n    FROM @raw_data_stage\n    FILES = (\'~/airflow/data/raw/industrial_production_2025-01-03.csv\')\n    FILE_FORMAT = ( TYPE=\'CSV\' )\n    ON_ERROR = \'CONTINUE\';\n    " > ~/airflow/helper_scripts/load_staged_data_2025-01-03.sql']
[2025-01-03T21:41:42.008-0800] {subprocess.py:99} INFO - Output:
[2025-01-03T21:41:42.015-0800] {subprocess.py:110} INFO - Command exited with return code 0
[2025-01-03T21:41:42.046-0800] {taskinstance.py:340} INFO - ::group::Post task execution logs
[2025-01-03T21:41:42.049-0800] {taskinstance.py:352} INFO - Marking task as SUCCESS. dag_id=CovidE2EPipeDag, task_id=create_load_sql_file, run_id=scheduled__2025-01-01T00:35:00+00:00, execution_date=20250101T003500, start_date=20250104T054141, end_date=20250104T054142
[2025-01-03T21:41:42.070-0800] {logging_mixin.py:190} INFO - Task instance in success state
[2025-01-03T21:41:42.072-0800] {logging_mixin.py:190} INFO -  Previous state of the Task instance: running
[2025-01-03T21:41:42.075-0800] {logging_mixin.py:190} INFO - Dag name:CovidE2EPipeDag queued_at:2025-01-04 05:39:56.542371+00:00
[2025-01-03T21:41:42.076-0800] {logging_mixin.py:190} INFO - Task hostname:Matthews-MacBook-Air.local operator:BashOperator
[2025-01-03T21:41:42.122-0800] {local_task_job_runner.py:266} INFO - Task exited with return code 0
[2025-01-03T21:41:42.167-0800] {taskinstance.py:3895} INFO - 0 downstream tasks scheduled from follow-on schedule check
[2025-01-03T21:41:42.168-0800] {local_task_job_runner.py:245} INFO - ::endgroup::
