[2025-01-10T12:01:45.005-0800] {local_task_job_runner.py:123} INFO - ::group::Pre task execution logs
[2025-01-10T12:01:45.017-0800] {taskinstance.py:2613} INFO - Dependencies all met for dep_context=non-requeueable deps ti=<TaskInstance: CovidE2EPipeDag.stage_sql scheduled__2025-01-09T20:00:00+00:00 [queued]>
[2025-01-10T12:01:45.033-0800] {taskinstance.py:2613} INFO - Dependencies all met for dep_context=requeueable deps ti=<TaskInstance: CovidE2EPipeDag.stage_sql scheduled__2025-01-09T20:00:00+00:00 [queued]>
[2025-01-10T12:01:45.034-0800] {taskinstance.py:2866} INFO - Starting attempt 1 of 2
[2025-01-10T12:01:45.051-0800] {taskinstance.py:2889} INFO - Executing <Task(BashOperator): stage_sql> on 2025-01-09 20:00:00+00:00
[2025-01-10T12:01:45.061-0800] {standard_task_runner.py:72} INFO - Started process 26160 to run task
[2025-01-10T12:01:45.068-0800] {standard_task_runner.py:104} INFO - Running: ['airflow', 'tasks', 'run', 'CovidE2EPipeDag', 'stage_sql', 'scheduled__2025-01-09T20:00:00+00:00', '--job-id', '1791', '--raw', '--subdir', 'DAGS_FOLDER/CovidE2EPipeDag.py', '--cfg-path', '/var/folders/vm/rn9v1g1j739_mq8j5pfl1yxm0000gn/T/tmpzuek5egy']
[2025-01-10T12:01:45.071-0800] {standard_task_runner.py:105} INFO - Job 1791: Subtask stage_sql
[2025-01-10T12:01:45.135-0800] {task_command.py:467} INFO - Running <TaskInstance: CovidE2EPipeDag.stage_sql scheduled__2025-01-09T20:00:00+00:00 [running]> on host Matthews-MacBook-Air.local
[2025-01-10T12:01:45.251-0800] {taskinstance.py:3132} INFO - Exporting env vars: AIRFLOW_CTX_DAG_OWNER='Matthew Horn' AIRFLOW_CTX_DAG_ID='CovidE2EPipeDag' AIRFLOW_CTX_TASK_ID='stage_sql' AIRFLOW_CTX_EXECUTION_DATE='2025-01-09T20:00:00+00:00' AIRFLOW_CTX_TRY_NUMBER='1' AIRFLOW_CTX_DAG_RUN_ID='scheduled__2025-01-09T20:00:00+00:00'
[2025-01-10T12:01:45.252-0800] {taskinstance.py:731} INFO - ::endgroup::
[2025-01-10T12:01:45.296-0800] {subprocess.py:78} INFO - Tmp dir root location: /var/folders/vm/rn9v1g1j739_mq8j5pfl1yxm0000gn/T
[2025-01-10T12:01:45.297-0800] {subprocess.py:88} INFO - Running command: ['/bin/bash', '-c', 'snow stage copy /Users/matthewmac/airflow/helper_scripts/load_staged_data_2025-01-10.sql @CovidE2EPipeDatabase.raw_data.raw_data_stage']
[2025-01-10T12:01:45.304-0800] {subprocess.py:99} INFO - Output:
[2025-01-10T12:01:51.796-0800] {subprocess.py:106} INFO - +--------------------------------------------------------------------------------------------------------------------------+
[2025-01-10T12:01:51.798-0800] {subprocess.py:106} INFO - |                  |                  |             |             | source_compressi | target_compress |         |         |
[2025-01-10T12:01:51.799-0800] {subprocess.py:106} INFO - | source           | target           | source_size | target_size | on               | ion             | status  | message |
[2025-01-10T12:01:51.801-0800] {subprocess.py:106} INFO - |------------------+------------------+-------------+-------------+------------------+-----------------+---------+---------|
[2025-01-10T12:01:51.802-0800] {subprocess.py:106} INFO - | load_staged_data | load_staged_data | 2141        | 0           | NONE             | NONE            | SKIPPED |         |
[2025-01-10T12:01:51.804-0800] {subprocess.py:106} INFO - | _2025-01-10.sql  | _2025-01-10.sql  |             |             |                  |                 |         |         |
[2025-01-10T12:01:51.806-0800] {subprocess.py:106} INFO - +--------------------------------------------------------------------------------------------------------------------------+
[2025-01-10T12:01:52.348-0800] {subprocess.py:110} INFO - Command exited with return code 0
[2025-01-10T12:01:52.372-0800] {taskinstance.py:340} INFO - ::group::Post task execution logs
[2025-01-10T12:01:52.373-0800] {taskinstance.py:352} INFO - Marking task as SUCCESS. dag_id=CovidE2EPipeDag, task_id=stage_sql, run_id=scheduled__2025-01-09T20:00:00+00:00, execution_date=20250109T200000, start_date=20250110T200145, end_date=20250110T200152
[2025-01-10T12:01:52.435-0800] {local_task_job_runner.py:266} INFO - Task exited with return code 0
[2025-01-10T12:01:52.478-0800] {taskinstance.py:3895} INFO - 1 downstream tasks scheduled from follow-on schedule check
[2025-01-10T12:01:52.482-0800] {local_task_job_runner.py:245} INFO - ::endgroup::
