[2025-01-10T12:03:31.559-0800] {local_task_job_runner.py:123} INFO - ::group::Pre task execution logs
[2025-01-10T12:03:31.578-0800] {taskinstance.py:2613} INFO - Dependencies all met for dep_context=non-requeueable deps ti=<TaskInstance: CovidE2EPipeDag.clean_up_sql_exe scheduled__2025-01-09T20:00:00+00:00 [queued]>
[2025-01-10T12:03:31.594-0800] {taskinstance.py:2613} INFO - Dependencies all met for dep_context=requeueable deps ti=<TaskInstance: CovidE2EPipeDag.clean_up_sql_exe scheduled__2025-01-09T20:00:00+00:00 [queued]>
[2025-01-10T12:03:31.595-0800] {taskinstance.py:2866} INFO - Starting attempt 1 of 2
[2025-01-10T12:03:31.620-0800] {taskinstance.py:2889} INFO - Executing <Task(BashOperator): clean_up_sql_exe> on 2025-01-09 20:00:00+00:00
[2025-01-10T12:03:31.627-0800] {standard_task_runner.py:72} INFO - Started process 26363 to run task
[2025-01-10T12:03:31.654-0800] {standard_task_runner.py:104} INFO - Running: ['airflow', 'tasks', 'run', 'CovidE2EPipeDag', 'clean_up_sql_exe', 'scheduled__2025-01-09T20:00:00+00:00', '--job-id', '1795', '--raw', '--subdir', 'DAGS_FOLDER/CovidE2EPipeDag.py', '--cfg-path', '/var/folders/vm/rn9v1g1j739_mq8j5pfl1yxm0000gn/T/tmpeyuqi_tu']
[2025-01-10T12:03:31.660-0800] {standard_task_runner.py:105} INFO - Job 1795: Subtask clean_up_sql_exe
[2025-01-10T12:03:31.734-0800] {task_command.py:467} INFO - Running <TaskInstance: CovidE2EPipeDag.clean_up_sql_exe scheduled__2025-01-09T20:00:00+00:00 [running]> on host Matthews-MacBook-Air.local
[2025-01-10T12:03:31.938-0800] {taskinstance.py:3132} INFO - Exporting env vars: AIRFLOW_CTX_DAG_OWNER='Matthew Horn' AIRFLOW_CTX_DAG_ID='CovidE2EPipeDag' AIRFLOW_CTX_TASK_ID='clean_up_sql_exe' AIRFLOW_CTX_EXECUTION_DATE='2025-01-09T20:00:00+00:00' AIRFLOW_CTX_TRY_NUMBER='1' AIRFLOW_CTX_DAG_RUN_ID='scheduled__2025-01-09T20:00:00+00:00'
[2025-01-10T12:03:31.940-0800] {taskinstance.py:731} INFO - ::endgroup::
[2025-01-10T12:03:32.003-0800] {subprocess.py:78} INFO - Tmp dir root location: /var/folders/vm/rn9v1g1j739_mq8j5pfl1yxm0000gn/T
[2025-01-10T12:03:32.004-0800] {subprocess.py:88} INFO - Running command: ['/bin/bash', '-c', 'snow stage remove @CovidE2EPipeDatabase.raw_data.raw_data_stage/load_staged_data_2025-01-10.sql || true;                   rm /Users/matthewmac/airflow/helper_scripts/load_staged_data_2025-01-10.sql']
[2025-01-10T12:03:32.013-0800] {subprocess.py:99} INFO - Output:
[2025-01-10T12:03:36.492-0800] {subprocess.py:106} INFO - ╭─ Error ──────────────────────────────────────────────────────────────────────────────────────────────────────────────────╮
[2025-01-10T12:03:36.493-0800] {subprocess.py:106} INFO - │ Specified name '@CovidE2EPipeDatabase.raw_data.raw_data_stage/load_staged_data_2025-01-10.sql' is not valid name.        │
[2025-01-10T12:03:36.494-0800] {subprocess.py:106} INFO - ╰──────────────────────────────────────────────────────────────────────────────────────────────────────────────────────────╯
[2025-01-10T12:03:36.855-0800] {subprocess.py:110} INFO - Command exited with return code 0
[2025-01-10T12:03:36.978-0800] {taskinstance.py:340} INFO - ::group::Post task execution logs
[2025-01-10T12:03:36.985-0800] {taskinstance.py:352} INFO - Marking task as SUCCESS. dag_id=CovidE2EPipeDag, task_id=clean_up_sql_exe, run_id=scheduled__2025-01-09T20:00:00+00:00, execution_date=20250109T200000, start_date=20250110T200331, end_date=20250110T200336
[2025-01-10T12:03:37.061-0800] {local_task_job_runner.py:266} INFO - Task exited with return code 0
[2025-01-10T12:03:37.079-0800] {taskinstance.py:3895} INFO - 0 downstream tasks scheduled from follow-on schedule check
[2025-01-10T12:03:37.080-0800] {local_task_job_runner.py:245} INFO - ::endgroup::
