[2025-01-08T16:51:25.284-0800] {local_task_job_runner.py:123} INFO - ::group::Pre task execution logs
[2025-01-08T16:51:25.297-0800] {taskinstance.py:2613} INFO - Dependencies all met for dep_context=non-requeueable deps ti=<TaskInstance: CovidE2EPipeDag.fetch_raw scheduled__2025-01-01T05:00:00+00:00 [queued]>
[2025-01-08T16:51:25.304-0800] {taskinstance.py:2613} INFO - Dependencies all met for dep_context=requeueable deps ti=<TaskInstance: CovidE2EPipeDag.fetch_raw scheduled__2025-01-01T05:00:00+00:00 [queued]>
[2025-01-08T16:51:25.304-0800] {taskinstance.py:2866} INFO - Starting attempt 1 of 2
[2025-01-08T16:51:25.319-0800] {taskinstance.py:2889} INFO - Executing <Task(PythonOperator): fetch_raw> on 2025-01-01 05:00:00+00:00
[2025-01-08T16:51:25.323-0800] {standard_task_runner.py:72} INFO - Started process 17724 to run task
[2025-01-08T16:51:25.333-0800] {standard_task_runner.py:104} INFO - Running: ['airflow', 'tasks', 'run', 'CovidE2EPipeDag', 'fetch_raw', 'scheduled__2025-01-01T05:00:00+00:00', '--job-id', '1536', '--raw', '--subdir', 'DAGS_FOLDER/CovidE2EPipeDag.py', '--cfg-path', '/var/folders/vm/rn9v1g1j739_mq8j5pfl1yxm0000gn/T/tmpp0ie6qnj']
[2025-01-08T16:51:25.336-0800] {standard_task_runner.py:105} INFO - Job 1536: Subtask fetch_raw
[2025-01-08T16:51:25.392-0800] {task_command.py:467} INFO - Running <TaskInstance: CovidE2EPipeDag.fetch_raw scheduled__2025-01-01T05:00:00+00:00 [running]> on host Matthews-MacBook-Air.local
[2025-01-08T16:51:25.470-0800] {taskinstance.py:3132} INFO - Exporting env vars: AIRFLOW_CTX_DAG_OWNER='Matthew Horn' AIRFLOW_CTX_DAG_ID='CovidE2EPipeDag' AIRFLOW_CTX_TASK_ID='fetch_raw' AIRFLOW_CTX_EXECUTION_DATE='2025-01-01T05:00:00+00:00' AIRFLOW_CTX_TRY_NUMBER='1' AIRFLOW_CTX_DAG_RUN_ID='scheduled__2025-01-01T05:00:00+00:00'
[2025-01-08T16:51:25.472-0800] {taskinstance.py:731} INFO - ::endgroup::
[2025-01-08T16:51:25.831-0800] {logging_mixin.py:190} INFO - 30yr_mortage data was saved to /Users/matthewmac/airflow/data/raw/30yr_mortage_2025-01-08.csv
[2025-01-08T16:51:25.850-0800] {logging_mixin.py:190} INFO -   realtime_start  ... value
0     2025-01-02  ...  7.33
1     2025-01-02  ...  7.31
2     2025-01-02  ...  7.31
3     2025-01-02  ...  7.31
4     2025-01-02  ...  7.29

[5 rows x 4 columns]
[2025-01-08T16:51:26.097-0800] {logging_mixin.py:190} INFO - unemployment_rate data was saved to /Users/matthewmac/airflow/data/raw/unemployment_rate_2025-01-08.csv
[2025-01-08T16:51:26.112-0800] {logging_mixin.py:190} INFO -   realtime_start  ... value
0     2024-12-12  ...   3.4
1     2024-12-12  ...   3.8
2     2024-12-12  ...   4.0
3     2024-12-12  ...   3.9
4     2024-12-12  ...   3.5

[5 rows x 4 columns]
[2025-01-08T16:51:26.348-0800] {logging_mixin.py:190} INFO - GDP data was saved to /Users/matthewmac/airflow/data/raw/GDP_2025-01-08.csv
[2025-01-08T16:51:26.359-0800] {logging_mixin.py:190} INFO -   realtime_start  ...    value
0     2024-12-19  ...        .
1     2024-12-19  ...        .
2     2024-12-19  ...        .
3     2024-12-19  ...        .
4     2024-12-19  ...  243.164

[5 rows x 4 columns]
[2025-01-08T16:51:26.596-0800] {logging_mixin.py:190} INFO - US_CPI data was saved to /Users/matthewmac/airflow/data/raw/US_CPI_2025-01-08.csv
[2025-01-08T16:51:26.607-0800] {logging_mixin.py:190} INFO -   realtime_start  ...  value
0     2024-12-12  ...  21.48
1     2024-12-12  ...  21.62
2     2024-12-12  ...   22.0
3     2024-12-12  ...   22.0
4     2024-12-12  ...  21.95

[5 rows x 4 columns]
[2025-01-08T16:51:26.868-0800] {logging_mixin.py:190} INFO - trade_balance data was saved to /Users/matthewmac/airflow/data/raw/trade_balance_2025-01-08.csv
[2025-01-08T16:51:26.880-0800] {logging_mixin.py:190} INFO -   realtime_start  ...   value
0     2024-12-24  ...       .
1     2024-12-24  ...       .
2     2024-12-24  ...       .
3     2024-12-24  ...       .
4     2024-12-24  ...  10.875

[5 rows x 4 columns]
[2025-01-08T16:51:27.103-0800] {logging_mixin.py:190} INFO - industrial_production data was saved to /Users/matthewmac/airflow/data/raw/industrial_production_2025-01-08.csv
[2025-01-08T16:51:27.115-0800] {logging_mixin.py:190} INFO -   realtime_start  ...   value
0     2024-12-17  ...  4.8654
1     2024-12-17  ...  4.6504
2     2024-12-17  ...   4.516
3     2024-12-17  ...  4.5966
4     2024-12-17  ...  4.6235

[5 rows x 4 columns]
[2025-01-08T16:51:27.116-0800] {python.py:240} INFO - Done. Returned value was: None
[2025-01-08T16:51:27.123-0800] {taskinstance.py:340} INFO - ::group::Post task execution logs
[2025-01-08T16:51:27.124-0800] {taskinstance.py:352} INFO - Marking task as SUCCESS. dag_id=CovidE2EPipeDag, task_id=fetch_raw, run_id=scheduled__2025-01-01T05:00:00+00:00, execution_date=20250101T050000, start_date=20250109T005125, end_date=20250109T005127
[2025-01-08T16:51:27.147-0800] {local_task_job_runner.py:266} INFO - Task exited with return code 0
[2025-01-08T16:51:27.180-0800] {taskinstance.py:3895} INFO - 2 downstream tasks scheduled from follow-on schedule check
[2025-01-08T16:51:27.183-0800] {local_task_job_runner.py:245} INFO - ::endgroup::
