[2025-01-01T17:53:44.331-0800] {local_task_job_runner.py:123} INFO - ::group::Pre task execution logs
[2025-01-01T17:53:44.343-0800] {taskinstance.py:2613} INFO - Dependencies all met for dep_context=non-requeueable deps ti=<TaskInstance: CovidE2EPipeDag.echo1 scheduled__2025-01-01T18:11:00+00:00 [queued]>
[2025-01-01T17:53:44.349-0800] {taskinstance.py:2613} INFO - Dependencies all met for dep_context=requeueable deps ti=<TaskInstance: CovidE2EPipeDag.echo1 scheduled__2025-01-01T18:11:00+00:00 [queued]>
[2025-01-01T17:53:44.350-0800] {taskinstance.py:2866} INFO - Starting attempt 1 of 2
[2025-01-01T17:53:44.364-0800] {taskinstance.py:2889} INFO - Executing <Task(BashOperator): echo1> on 2025-01-01 18:11:00+00:00
[2025-01-01T17:53:44.367-0800] {standard_task_runner.py:72} INFO - Started process 30574 to run task
[2025-01-01T17:53:44.377-0800] {standard_task_runner.py:104} INFO - Running: ['airflow', 'tasks', 'run', 'CovidE2EPipeDag', 'echo1', 'scheduled__2025-01-01T18:11:00+00:00', '--job-id', '73', '--raw', '--subdir', 'DAGS_FOLDER/test_dag.py', '--cfg-path', '/var/folders/vm/rn9v1g1j739_mq8j5pfl1yxm0000gn/T/tmpx8rxsi23']
[2025-01-01T17:53:44.380-0800] {standard_task_runner.py:105} INFO - Job 73: Subtask echo1
[2025-01-01T17:53:44.432-0800] {task_command.py:467} INFO - Running <TaskInstance: CovidE2EPipeDag.echo1 scheduled__2025-01-01T18:11:00+00:00 [running]> on host Matthews-MacBook-Air.local
[2025-01-01T17:53:44.510-0800] {taskinstance.py:3132} INFO - Exporting env vars: AIRFLOW_CTX_DAG_OWNER='Matthew Horn' AIRFLOW_CTX_DAG_ID='CovidE2EPipeDag' AIRFLOW_CTX_TASK_ID='echo1' AIRFLOW_CTX_EXECUTION_DATE='2025-01-01T18:11:00+00:00' AIRFLOW_CTX_TRY_NUMBER='1' AIRFLOW_CTX_DAG_RUN_ID='scheduled__2025-01-01T18:11:00+00:00'
[2025-01-01T17:53:44.512-0800] {logging_mixin.py:190} INFO - Task instance is in running state
[2025-01-01T17:53:44.512-0800] {logging_mixin.py:190} INFO -  Previous state of the Task instance: queued
[2025-01-01T17:53:44.513-0800] {logging_mixin.py:190} INFO - Current task name:echo1 state:running start_date:2025-01-02 01:53:44.343635+00:00
[2025-01-01T17:53:44.514-0800] {logging_mixin.py:190} INFO - Dag name:CovidE2EPipeDag and current dag run status:running
[2025-01-01T17:53:44.514-0800] {taskinstance.py:731} INFO - ::endgroup::
[2025-01-01T17:53:44.516-0800] {subprocess.py:78} INFO - Tmp dir root location: /var/folders/vm/rn9v1g1j739_mq8j5pfl1yxm0000gn/T
[2025-01-01T17:53:44.517-0800] {subprocess.py:88} INFO - Running command: ['/bin/bash', '-c', 'echo One']
[2025-01-01T17:53:44.524-0800] {subprocess.py:99} INFO - Output:
[2025-01-01T17:53:44.528-0800] {subprocess.py:106} INFO - One
[2025-01-01T17:53:44.529-0800] {subprocess.py:110} INFO - Command exited with return code 0
[2025-01-01T17:53:44.551-0800] {taskinstance.py:340} INFO - ::group::Post task execution logs
[2025-01-01T17:53:44.553-0800] {taskinstance.py:352} INFO - Marking task as SUCCESS. dag_id=CovidE2EPipeDag, task_id=echo1, run_id=scheduled__2025-01-01T18:11:00+00:00, execution_date=20250101T181100, start_date=20250102T015344, end_date=20250102T015344
[2025-01-01T17:53:44.564-0800] {logging_mixin.py:190} INFO - Task instance in success state
[2025-01-01T17:53:44.565-0800] {logging_mixin.py:190} INFO -  Previous state of the Task instance: running
[2025-01-01T17:53:44.566-0800] {logging_mixin.py:190} INFO - Dag name:CovidE2EPipeDag queued_at:2025-01-02 01:53:35.739628+00:00
[2025-01-01T17:53:44.566-0800] {logging_mixin.py:190} INFO - Task hostname:Matthews-MacBook-Air.local operator:BashOperator
[2025-01-01T17:53:44.587-0800] {local_task_job_runner.py:266} INFO - Task exited with return code 0
[2025-01-01T17:53:44.615-0800] {taskinstance.py:3895} INFO - 1 downstream tasks scheduled from follow-on schedule check
[2025-01-01T17:53:44.618-0800] {local_task_job_runner.py:245} INFO - ::endgroup::
