[2025-01-08T17:02:12.335-0800] {local_task_job_runner.py:123} INFO - ::group::Pre task execution logs
[2025-01-08T17:02:12.387-0800] {taskinstance.py:2613} INFO - Dependencies all met for dep_context=non-requeueable deps ti=<TaskInstance: CovidE2EPipeDag.create_load_sql_file scheduled__2025-01-01T09:00:00+00:00 [queued]>
[2025-01-08T17:02:12.413-0800] {taskinstance.py:2613} INFO - Dependencies all met for dep_context=requeueable deps ti=<TaskInstance: CovidE2EPipeDag.create_load_sql_file scheduled__2025-01-01T09:00:00+00:00 [queued]>
[2025-01-08T17:02:12.414-0800] {taskinstance.py:2866} INFO - Starting attempt 1 of 2
[2025-01-08T17:02:12.451-0800] {taskinstance.py:2889} INFO - Executing <Task(BashOperator): create_load_sql_file> on 2025-01-01 09:00:00+00:00
[2025-01-08T17:02:12.458-0800] {standard_task_runner.py:72} INFO - Started process 1669 to run task
[2025-01-08T17:02:12.474-0800] {standard_task_runner.py:104} INFO - Running: ['airflow', 'tasks', 'run', 'CovidE2EPipeDag', 'create_load_sql_file', 'scheduled__2025-01-01T09:00:00+00:00', '--job-id', '1560', '--raw', '--subdir', 'DAGS_FOLDER/CovidE2EPipeDag.py', '--cfg-path', '/var/folders/vm/rn9v1g1j739_mq8j5pfl1yxm0000gn/T/tmpc944gtlw']
[2025-01-08T17:02:12.479-0800] {standard_task_runner.py:105} INFO - Job 1560: Subtask create_load_sql_file
[2025-01-08T17:02:12.638-0800] {task_command.py:467} INFO - Running <TaskInstance: CovidE2EPipeDag.create_load_sql_file scheduled__2025-01-01T09:00:00+00:00 [running]> on host Matthews-MacBook-Air.local
[2025-01-08T17:02:12.846-0800] {taskinstance.py:3132} INFO - Exporting env vars: AIRFLOW_CTX_DAG_OWNER='Matthew Horn' AIRFLOW_CTX_DAG_ID='CovidE2EPipeDag' AIRFLOW_CTX_TASK_ID='create_load_sql_file' AIRFLOW_CTX_EXECUTION_DATE='2025-01-01T09:00:00+00:00' AIRFLOW_CTX_TRY_NUMBER='1' AIRFLOW_CTX_DAG_RUN_ID='scheduled__2025-01-01T09:00:00+00:00'
[2025-01-08T17:02:12.848-0800] {taskinstance.py:731} INFO - ::endgroup::
[2025-01-08T17:02:12.892-0800] {subprocess.py:78} INFO - Tmp dir root location: /var/folders/vm/rn9v1g1j739_mq8j5pfl1yxm0000gn/T
[2025-01-08T17:02:12.893-0800] {subprocess.py:88} INFO - Running command: ['/bin/bash', '-c', 'echo "COPY INTO CovidE2EPipeDatabase.raw_data.industrial_production\n    FROM @CovidE2EPipeDatabase.raw_data.raw_data_stage/industrial_production_2025-01-08.csv\n    FILE_FORMAT = ( TYPE=\'CSV\' )\n    ON_ERROR = \'CONTINUE\';\n\n    COPY INTO CovidE2EPipeDatabase.raw_data.stocks_eod\n    FROM @CovidE2EPipeDatabase.raw_data.raw_data_stage/stocks_eod_2025-01-08.csv\n    FILE_FORMAT = ( TYPE=\'CSV\' )\n    ON_ERROR = \'CONTINUE\';\n\n    COPY INTO CovidE2EPipeDatabase.raw_data.currency_exchanges\n    FROM @CovidE2EPipeDatabase.raw_data.raw_data_stage/currency_exchanges_2025-01-08.csv\n    FILE_FORMAT = ( TYPE=\'CSV\' )\n    ON_ERROR = \'CONTINUE\';\n\n    COPY INTO CovidE2EPipeDatabase.raw_data.gdp\n    FROM @CovidE2EPipeDatabase.raw_data.raw_data_stage/gdp_2025-01-08.csv\n    FILE_FORMAT = ( TYPE=\'CSV\' )\n    ON_ERROR = \'CONTINUE\';\n\n    COPY INTO CovidE2EPipeDatabase.raw_data.us_cpi\n    FROM @CovidE2EPipeDatabase.raw_data.raw_data_stage/us_cpi_2025-01-08.csv\n    FILE_FORMAT = ( TYPE=\'CSV\' )\n    ON_ERROR = \'CONTINUE\';\n\n    COPY INTO CovidE2EPipeDatabase.raw_data.unemployment_rate\n    FROM @CovidE2EPipeDatabase.raw_data.raw_data_stage/unemployment_rate_2025-01-08.csv\n    FILE_FORMAT = ( TYPE=\'CSV\' )\n    ON_ERROR = \'CONTINUE\';\n\n    COPY INTO CovidE2EPipeDatabase.raw_data.thirty_yr_mortgage\n    FROM @CovidE2EPipeDatabase.raw_data.raw_data_stage/thirty_yr_mortage_2025-01-08.csv\n    FILE_FORMAT = ( TYPE=\'CSV\' )\n    ON_ERROR = \'CONTINUE\';\n\n    COPY INTO CovidE2EPipeDatabase.raw_data.trade_balance\n    FROM @CovidE2EPipeDatabase.raw_data.raw_data_stage/trade_balance_2025-01-08.csv\n    FILE_FORMAT = ( TYPE=\'CSV\' )\n    ON_ERROR = \'CONTINUE\';\n    " > /Users/matthewmac/airflow/helper_scripts/load_staged_data_2025-01-08.sql']
[2025-01-08T17:02:12.906-0800] {subprocess.py:99} INFO - Output:
[2025-01-08T17:02:12.913-0800] {subprocess.py:110} INFO - Command exited with return code 0
[2025-01-08T17:02:12.945-0800] {taskinstance.py:340} INFO - ::group::Post task execution logs
[2025-01-08T17:02:12.946-0800] {taskinstance.py:352} INFO - Marking task as SUCCESS. dag_id=CovidE2EPipeDag, task_id=create_load_sql_file, run_id=scheduled__2025-01-01T09:00:00+00:00, execution_date=20250101T090000, start_date=20250109T010212, end_date=20250109T010212
[2025-01-08T17:02:12.989-0800] {local_task_job_runner.py:266} INFO - Task exited with return code 0
[2025-01-08T17:02:13.024-0800] {taskinstance.py:3895} INFO - 0 downstream tasks scheduled from follow-on schedule check
[2025-01-08T17:02:13.025-0800] {local_task_job_runner.py:245} INFO - ::endgroup::
