[2025-01-09T10:00:49.720-0800] {local_task_job_runner.py:123} INFO - ::group::Pre task execution logs
[2025-01-09T10:00:49.737-0800] {taskinstance.py:2613} INFO - Dependencies all met for dep_context=non-requeueable deps ti=<TaskInstance: CovidE2EPipeDag.stage_raw_data manual__2025-01-09T17:59:36.996002+00:00 [queued]>
[2025-01-09T10:00:49.753-0800] {taskinstance.py:2613} INFO - Dependencies all met for dep_context=requeueable deps ti=<TaskInstance: CovidE2EPipeDag.stage_raw_data manual__2025-01-09T17:59:36.996002+00:00 [queued]>
[2025-01-09T10:00:49.753-0800] {taskinstance.py:2866} INFO - Starting attempt 1 of 2
[2025-01-09T10:00:49.782-0800] {taskinstance.py:2889} INFO - Executing <Task(BashOperator): stage_raw_data> on 2025-01-09 17:59:36.996002+00:00
[2025-01-09T10:00:49.788-0800] {standard_task_runner.py:72} INFO - Started process 14296 to run task
[2025-01-09T10:00:49.800-0800] {standard_task_runner.py:104} INFO - Running: ['airflow', 'tasks', 'run', 'CovidE2EPipeDag', 'stage_raw_data', 'manual__2025-01-09T17:59:36.996002+00:00', '--job-id', '1716', '--raw', '--subdir', 'DAGS_FOLDER/CovidE2EPipeDag.py', '--cfg-path', '/var/folders/vm/rn9v1g1j739_mq8j5pfl1yxm0000gn/T/tmpx_dij1aw']
[2025-01-09T10:00:49.804-0800] {standard_task_runner.py:105} INFO - Job 1716: Subtask stage_raw_data
[2025-01-09T10:00:49.881-0800] {task_command.py:467} INFO - Running <TaskInstance: CovidE2EPipeDag.stage_raw_data manual__2025-01-09T17:59:36.996002+00:00 [running]> on host Matthews-MacBook-Air.local
[2025-01-09T10:00:50.025-0800] {taskinstance.py:3132} INFO - Exporting env vars: AIRFLOW_CTX_DAG_OWNER='Matthew Horn' AIRFLOW_CTX_DAG_ID='CovidE2EPipeDag' AIRFLOW_CTX_TASK_ID='stage_raw_data' AIRFLOW_CTX_EXECUTION_DATE='2025-01-09T17:59:36.996002+00:00' AIRFLOW_CTX_TRY_NUMBER='1' AIRFLOW_CTX_DAG_RUN_ID='manual__2025-01-09T17:59:36.996002+00:00'
[2025-01-09T10:00:50.027-0800] {taskinstance.py:731} INFO - ::endgroup::
[2025-01-09T10:00:50.078-0800] {subprocess.py:78} INFO - Tmp dir root location: /var/folders/vm/rn9v1g1j739_mq8j5pfl1yxm0000gn/T
[2025-01-09T10:00:50.080-0800] {subprocess.py:88} INFO - Running command: ['/bin/bash', '-c', 'snow stage copy /Users/matthewmac/airflow/data/raw/industrial_production_2025-01-09.csv @CovidE2EPipeDatabase.raw_data.raw_data_stage']
[2025-01-09T10:00:50.088-0800] {subprocess.py:99} INFO - Output:
[2025-01-09T10:01:01.040-0800] {subprocess.py:106} INFO - +----------------------------------------------------------------+
[2025-01-09T10:01:01.041-0800] {subprocess.py:106} INFO - |       |       |       |       | sourc | targe |       |        |
[2025-01-09T10:01:01.044-0800] {subprocess.py:106} INFO - |       |       | sourc | targe | e_com | t_com |       |        |
[2025-01-09T10:01:01.045-0800] {subprocess.py:106} INFO - | sourc | targe | e_siz | t_siz | press | press | statu | messag |
[2025-01-09T10:01:01.045-0800] {subprocess.py:106} INFO - | e     | t     | e     | e     | ion   | ion   | s     | e      |
[2025-01-09T10:01:01.046-0800] {subprocess.py:106} INFO - |-------+-------+-------+-------+-------+-------+-------+--------|
[2025-01-09T10:01:01.047-0800] {subprocess.py:106} INFO - | indus | indus | 57121 | 57136 | NONE  | NONE  | UPLOA |        |
[2025-01-09T10:01:01.048-0800] {subprocess.py:106} INFO - | trial | trial |       |       |       |       | DED   |        |
[2025-01-09T10:01:01.049-0800] {subprocess.py:106} INFO - | _prod | _prod |       |       |       |       |       |        |
[2025-01-09T10:01:01.050-0800] {subprocess.py:106} INFO - | uctio | uctio |       |       |       |       |       |        |
[2025-01-09T10:01:01.051-0800] {subprocess.py:106} INFO - | n_202 | n_202 |       |       |       |       |       |        |
[2025-01-09T10:01:01.052-0800] {subprocess.py:106} INFO - | 5-01- | 5-01- |       |       |       |       |       |        |
[2025-01-09T10:01:01.053-0800] {subprocess.py:106} INFO - | 09.cs | 09.cs |       |       |       |       |       |        |
[2025-01-09T10:01:01.054-0800] {subprocess.py:106} INFO - | v     | v     |       |       |       |       |       |        |
[2025-01-09T10:01:01.054-0800] {subprocess.py:106} INFO - +----------------------------------------------------------------+
[2025-01-09T10:01:01.638-0800] {subprocess.py:110} INFO - Command exited with return code 0
[2025-01-09T10:01:01.678-0800] {taskinstance.py:340} INFO - ::group::Post task execution logs
[2025-01-09T10:01:01.679-0800] {taskinstance.py:352} INFO - Marking task as SUCCESS. dag_id=CovidE2EPipeDag, task_id=stage_raw_data, run_id=manual__2025-01-09T17:59:36.996002+00:00, execution_date=20250109T175936, start_date=20250109T180049, end_date=20250109T180101
[2025-01-09T10:01:01.727-0800] {local_task_job_runner.py:266} INFO - Task exited with return code 0
[2025-01-09T10:01:01.763-0800] {taskinstance.py:3895} INFO - 0 downstream tasks scheduled from follow-on schedule check
[2025-01-09T10:01:01.763-0800] {local_task_job_runner.py:245} INFO - ::endgroup::
