[2025-01-04T11:12:03.851-0800] {local_task_job_runner.py:123} INFO - ::group::Pre task execution logs
[2025-01-04T11:12:03.866-0800] {taskinstance.py:2613} INFO - Dependencies all met for dep_context=non-requeueable deps ti=<TaskInstance: CovidE2EPipeDag.stage_raw_data manual__2025-01-04T18:59:13.585984+00:00 [queued]>
[2025-01-04T11:12:03.877-0800] {taskinstance.py:2613} INFO - Dependencies all met for dep_context=requeueable deps ti=<TaskInstance: CovidE2EPipeDag.stage_raw_data manual__2025-01-04T18:59:13.585984+00:00 [queued]>
[2025-01-04T11:12:03.878-0800] {taskinstance.py:2866} INFO - Starting attempt 2 of 2
[2025-01-04T11:12:03.897-0800] {taskinstance.py:2889} INFO - Executing <Task(BashOperator): stage_raw_data> on 2025-01-04 18:59:13.585984+00:00
[2025-01-04T11:12:03.901-0800] {standard_task_runner.py:72} INFO - Started process 76487 to run task
[2025-01-04T11:12:03.910-0800] {standard_task_runner.py:104} INFO - Running: ['airflow', 'tasks', 'run', 'CovidE2EPipeDag', 'stage_raw_data', 'manual__2025-01-04T18:59:13.585984+00:00', '--job-id', '846', '--raw', '--subdir', 'DAGS_FOLDER/CovidE2EPipeDag.py', '--cfg-path', '/var/folders/vm/rn9v1g1j739_mq8j5pfl1yxm0000gn/T/tmp1f376xqg']
[2025-01-04T11:12:03.913-0800] {standard_task_runner.py:105} INFO - Job 846: Subtask stage_raw_data
[2025-01-04T11:12:03.985-0800] {task_command.py:467} INFO - Running <TaskInstance: CovidE2EPipeDag.stage_raw_data manual__2025-01-04T18:59:13.585984+00:00 [running]> on host Matthews-MacBook-Air.local
[2025-01-04T11:12:04.116-0800] {taskinstance.py:3132} INFO - Exporting env vars: AIRFLOW_CTX_DAG_OWNER='Matthew Horn' AIRFLOW_CTX_DAG_ID='CovidE2EPipeDag' AIRFLOW_CTX_TASK_ID='stage_raw_data' AIRFLOW_CTX_EXECUTION_DATE='2025-01-04T18:59:13.585984+00:00' AIRFLOW_CTX_TRY_NUMBER='2' AIRFLOW_CTX_DAG_RUN_ID='manual__2025-01-04T18:59:13.585984+00:00'
[2025-01-04T11:12:04.118-0800] {taskinstance.py:731} INFO - ::endgroup::
[2025-01-04T11:12:04.169-0800] {subprocess.py:78} INFO - Tmp dir root location: /var/folders/vm/rn9v1g1j739_mq8j5pfl1yxm0000gn/T
[2025-01-04T11:12:04.170-0800] {subprocess.py:88} INFO - Running command: ['/bin/bash', '-c', 'snow stage copy /Users/matthewmac/airflow/data/raw/industrial_production_{ ds }.csv @CovidE2EPipeline.raw_data.raw_data_stage']
[2025-01-04T11:12:04.181-0800] {subprocess.py:99} INFO - Output:
[2025-01-04T11:12:11.807-0800] {subprocess.py:106} INFO - Usage: snow stage copy
[2025-01-04T11:12:11.810-0800] {subprocess.py:106} INFO - [OPTIONS] SOURCE_PATH
[2025-01-04T11:12:11.811-0800] {subprocess.py:106} INFO - DESTINATION_PATH
[2025-01-04T11:12:11.812-0800] {subprocess.py:106} INFO - Try 'snow stage copy --help'
[2025-01-04T11:12:11.812-0800] {subprocess.py:106} INFO - for help.
[2025-01-04T11:12:11.813-0800] {subprocess.py:106} INFO - ╭─ Error ───────────────────╮
[2025-01-04T11:12:11.814-0800] {subprocess.py:106} INFO - │ Got unexpected extra      │
[2025-01-04T11:12:11.815-0800] {subprocess.py:106} INFO - │ arguments (}.csv          │
[2025-01-04T11:12:11.816-0800] {subprocess.py:106} INFO - │ @CovidE2EPipeline.raw_dat │
[2025-01-04T11:12:11.817-0800] {subprocess.py:106} INFO - │ a.raw_data_stage)         │
[2025-01-04T11:12:11.819-0800] {subprocess.py:106} INFO - ╰───────────────────────────╯
[2025-01-04T11:12:12.379-0800] {subprocess.py:110} INFO - Command exited with return code 2
[2025-01-04T11:12:12.394-0800] {taskinstance.py:3311} ERROR - Task failed with exception
Traceback (most recent call last):
  File "/opt/anaconda3/envs/airflow_env/lib/python3.9/site-packages/airflow/models/taskinstance.py", line 767, in _execute_task
    result = _execute_callable(context=context, **execute_callable_kwargs)
  File "/opt/anaconda3/envs/airflow_env/lib/python3.9/site-packages/airflow/models/taskinstance.py", line 733, in _execute_callable
    return ExecutionCallableRunner(
  File "/opt/anaconda3/envs/airflow_env/lib/python3.9/site-packages/airflow/utils/operator_helpers.py", line 252, in run
    return self.func(*args, **kwargs)
  File "/opt/anaconda3/envs/airflow_env/lib/python3.9/site-packages/airflow/models/baseoperator.py", line 422, in wrapper
    return func(self, *args, **kwargs)
  File "/opt/anaconda3/envs/airflow_env/lib/python3.9/site-packages/airflow/operators/bash.py", line 276, in execute
    raise AirflowException(
airflow.exceptions.AirflowException: Bash command failed. The command returned a non-zero exit code 2.
[2025-01-04T11:12:12.414-0800] {taskinstance.py:1225} INFO - Marking task as FAILED. dag_id=CovidE2EPipeDag, task_id=stage_raw_data, run_id=manual__2025-01-04T18:59:13.585984+00:00, execution_date=20250104T185913, start_date=20250104T191203, end_date=20250104T191212
[2025-01-04T11:12:12.437-0800] {taskinstance.py:340} INFO - ::group::Post task execution logs
[2025-01-04T11:12:12.438-0800] {standard_task_runner.py:124} ERROR - Failed to execute job 846 for task stage_raw_data (Bash command failed. The command returned a non-zero exit code 2.; 76487)
Traceback (most recent call last):
  File "/opt/anaconda3/envs/airflow_env/lib/python3.9/site-packages/airflow/task/task_runner/standard_task_runner.py", line 117, in _start_by_fork
    ret = args.func(args, dag=self.dag)
  File "/opt/anaconda3/envs/airflow_env/lib/python3.9/site-packages/airflow/cli/cli_config.py", line 49, in command
    return func(*args, **kwargs)
  File "/opt/anaconda3/envs/airflow_env/lib/python3.9/site-packages/airflow/utils/cli.py", line 116, in wrapper
    return f(*args, **kwargs)
  File "/opt/anaconda3/envs/airflow_env/lib/python3.9/site-packages/airflow/cli/commands/task_command.py", line 483, in task_run
    task_return_code = _run_task_by_selected_method(args, _dag, ti)
  File "/opt/anaconda3/envs/airflow_env/lib/python3.9/site-packages/airflow/cli/commands/task_command.py", line 256, in _run_task_by_selected_method
    return _run_raw_task(args, ti)
  File "/opt/anaconda3/envs/airflow_env/lib/python3.9/site-packages/airflow/cli/commands/task_command.py", line 341, in _run_raw_task
    return ti._run_raw_task(
  File "/opt/anaconda3/envs/airflow_env/lib/python3.9/site-packages/airflow/utils/session.py", line 97, in wrapper
    return func(*args, session=session, **kwargs)
  File "/opt/anaconda3/envs/airflow_env/lib/python3.9/site-packages/airflow/models/taskinstance.py", line 3005, in _run_raw_task
    return _run_raw_task(
  File "/opt/anaconda3/envs/airflow_env/lib/python3.9/site-packages/airflow/models/taskinstance.py", line 273, in _run_raw_task
    TaskInstance._execute_task_with_callbacks(
  File "/opt/anaconda3/envs/airflow_env/lib/python3.9/site-packages/airflow/models/taskinstance.py", line 3159, in _execute_task_with_callbacks
    result = self._execute_task(context, task_orig)
  File "/opt/anaconda3/envs/airflow_env/lib/python3.9/site-packages/airflow/models/taskinstance.py", line 3183, in _execute_task
    return _execute_task(self, context, task_orig)
  File "/opt/anaconda3/envs/airflow_env/lib/python3.9/site-packages/airflow/models/taskinstance.py", line 767, in _execute_task
    result = _execute_callable(context=context, **execute_callable_kwargs)
  File "/opt/anaconda3/envs/airflow_env/lib/python3.9/site-packages/airflow/models/taskinstance.py", line 733, in _execute_callable
    return ExecutionCallableRunner(
  File "/opt/anaconda3/envs/airflow_env/lib/python3.9/site-packages/airflow/utils/operator_helpers.py", line 252, in run
    return self.func(*args, **kwargs)
  File "/opt/anaconda3/envs/airflow_env/lib/python3.9/site-packages/airflow/models/baseoperator.py", line 422, in wrapper
    return func(self, *args, **kwargs)
  File "/opt/anaconda3/envs/airflow_env/lib/python3.9/site-packages/airflow/operators/bash.py", line 276, in execute
    raise AirflowException(
airflow.exceptions.AirflowException: Bash command failed. The command returned a non-zero exit code 2.
[2025-01-04T11:12:12.468-0800] {local_task_job_runner.py:266} INFO - Task exited with return code 1
[2025-01-04T11:12:12.501-0800] {taskinstance.py:3895} INFO - 0 downstream tasks scheduled from follow-on schedule check
[2025-01-04T11:12:12.502-0800] {local_task_job_runner.py:245} INFO - ::endgroup::
