[2025-01-09T20:22:19.780-0800] {local_task_job_runner.py:123} INFO - ::group::Pre task execution logs
[2025-01-09T20:22:19.795-0800] {taskinstance.py:2613} INFO - Dependencies all met for dep_context=non-requeueable deps ti=<TaskInstance: CovidE2EPipeDag.stage_sql manual__2025-01-10T04:19:43.843651+00:00 [queued]>
[2025-01-09T20:22:19.805-0800] {taskinstance.py:2613} INFO - Dependencies all met for dep_context=requeueable deps ti=<TaskInstance: CovidE2EPipeDag.stage_sql manual__2025-01-10T04:19:43.843651+00:00 [queued]>
[2025-01-09T20:22:19.805-0800] {taskinstance.py:2866} INFO - Starting attempt 1 of 2
[2025-01-09T20:22:19.826-0800] {taskinstance.py:2889} INFO - Executing <Task(BashOperator): stage_sql> on 2025-01-10 04:19:43.843651+00:00
[2025-01-09T20:22:19.832-0800] {standard_task_runner.py:72} INFO - Started process 21306 to run task
[2025-01-09T20:22:19.840-0800] {standard_task_runner.py:104} INFO - Running: ['airflow', 'tasks', 'run', 'CovidE2EPipeDag', 'stage_sql', 'manual__2025-01-10T04:19:43.843651+00:00', '--job-id', '1761', '--raw', '--subdir', 'DAGS_FOLDER/CovidE2EPipeDag.py', '--cfg-path', '/var/folders/vm/rn9v1g1j739_mq8j5pfl1yxm0000gn/T/tmpis2pvrxe']
[2025-01-09T20:22:19.843-0800] {standard_task_runner.py:105} INFO - Job 1761: Subtask stage_sql
[2025-01-09T20:22:19.906-0800] {task_command.py:467} INFO - Running <TaskInstance: CovidE2EPipeDag.stage_sql manual__2025-01-10T04:19:43.843651+00:00 [running]> on host Matthews-MacBook-Air.local
[2025-01-09T20:22:20.012-0800] {taskinstance.py:3132} INFO - Exporting env vars: AIRFLOW_CTX_DAG_OWNER='Matthew Horn' AIRFLOW_CTX_DAG_ID='CovidE2EPipeDag' AIRFLOW_CTX_TASK_ID='stage_sql' AIRFLOW_CTX_EXECUTION_DATE='2025-01-10T04:19:43.843651+00:00' AIRFLOW_CTX_TRY_NUMBER='1' AIRFLOW_CTX_DAG_RUN_ID='manual__2025-01-10T04:19:43.843651+00:00'
[2025-01-09T20:22:20.014-0800] {taskinstance.py:731} INFO - ::endgroup::
[2025-01-09T20:22:20.036-0800] {subprocess.py:78} INFO - Tmp dir root location: /var/folders/vm/rn9v1g1j739_mq8j5pfl1yxm0000gn/T
[2025-01-09T20:22:20.038-0800] {subprocess.py:88} INFO - Running command: ['/bin/bash', '-c', 'snow stage copy /Users/matthewmac/airflow/helper_scripts/load_staged_data_2025-01-09.sql @CovidE2EPipeDatabase.raw_data.raw_data_stage']
[2025-01-09T20:22:20.048-0800] {subprocess.py:99} INFO - Output:
[2025-01-09T20:22:28.329-0800] {subprocess.py:106} INFO - +----------------------------+
[2025-01-09T20:22:28.332-0800] {subprocess.py:106} INFO - |   |   |   |  | s |  |   |  |
[2025-01-09T20:22:28.333-0800] {subprocess.py:106} INFO - |   |   |   |  | o |  |   |  |
[2025-01-09T20:22:28.334-0800] {subprocess.py:106} INFO - |   |   |   |  | u |  |   |  |
[2025-01-09T20:22:28.335-0800] {subprocess.py:106} INFO - |   |   |   |  | r |  |   |  |
[2025-01-09T20:22:28.337-0800] {subprocess.py:106} INFO - |   |   |   |  | c |  |   |  |
[2025-01-09T20:22:28.339-0800] {subprocess.py:106} INFO - |   |   |   |  | e |  |   |  |
[2025-01-09T20:22:28.340-0800] {subprocess.py:106} INFO - |   |   |   |  | _ |  |   |  |
[2025-01-09T20:22:28.342-0800] {subprocess.py:106} INFO - |   |   | s |  | c |  |   |  |
[2025-01-09T20:22:28.342-0800] {subprocess.py:106} INFO - |   |   | o |  | o |  |   |  |
[2025-01-09T20:22:28.343-0800] {subprocess.py:106} INFO - |   |   | u |  | m |  |   |  |
[2025-01-09T20:22:28.344-0800] {subprocess.py:106} INFO - |   |   | r |  | p |  |   |  |
[2025-01-09T20:22:28.345-0800] {subprocess.py:106} INFO - |   |   | c |  | r |  |   |  |
[2025-01-09T20:22:28.345-0800] {subprocess.py:106} INFO - | s | t | e |  | e |  | s |  |
[2025-01-09T20:22:28.346-0800] {subprocess.py:106} INFO - | o | a | _ |  | s |  | t |  |
[2025-01-09T20:22:28.346-0800] {subprocess.py:106} INFO - | u | r | s |  | s |  | a |  |
[2025-01-09T20:22:28.347-0800] {subprocess.py:106} INFO - | r | g | i |  | i |  | t |  |
[2025-01-09T20:22:28.347-0800] {subprocess.py:106} INFO - | c | e | z |  | o |  | u |  |
[2025-01-09T20:22:28.348-0800] {subprocess.py:106} INFO - | e | t | e |  | n |  | s |  |
[2025-01-09T20:22:28.349-0800] {subprocess.py:106} INFO - |---+---+---+--+---+--+---+--|
[2025-01-09T20:22:28.349-0800] {subprocess.py:106} INFO - | l | l | 1 |  | N |  | S |  |
[2025-01-09T20:22:28.350-0800] {subprocess.py:106} INFO - | o | o | 6 |  | O |  | K |  |
[2025-01-09T20:22:28.350-0800] {subprocess.py:106} INFO - | a | a | 2 |  | N |  | I |  |
[2025-01-09T20:22:28.351-0800] {subprocess.py:106} INFO - | d | d | 7 |  | E |  | P |  |
[2025-01-09T20:22:28.351-0800] {subprocess.py:106} INFO - | _ | _ |   |  |   |  | P |  |
[2025-01-09T20:22:28.352-0800] {subprocess.py:106} INFO - | s | s |   |  |   |  | E |  |
[2025-01-09T20:22:28.352-0800] {subprocess.py:106} INFO - | t | t |   |  |   |  | D |  |
[2025-01-09T20:22:28.354-0800] {subprocess.py:106} INFO - | a | a |   |  |   |  |   |  |
[2025-01-09T20:22:28.355-0800] {subprocess.py:106} INFO - | g | g |   |  |   |  |   |  |
[2025-01-09T20:22:28.355-0800] {subprocess.py:106} INFO - | e | e |   |  |   |  |   |  |
[2025-01-09T20:22:28.356-0800] {subprocess.py:106} INFO - | d | d |   |  |   |  |   |  |
[2025-01-09T20:22:28.357-0800] {subprocess.py:106} INFO - | _ | _ |   |  |   |  |   |  |
[2025-01-09T20:22:28.357-0800] {subprocess.py:106} INFO - | d | d |   |  |   |  |   |  |
[2025-01-09T20:22:28.358-0800] {subprocess.py:106} INFO - | a | a |   |  |   |  |   |  |
[2025-01-09T20:22:28.358-0800] {subprocess.py:106} INFO - | t | t |   |  |   |  |   |  |
[2025-01-09T20:22:28.359-0800] {subprocess.py:106} INFO - | a | a |   |  |   |  |   |  |
[2025-01-09T20:22:28.359-0800] {subprocess.py:106} INFO - | _ | _ |   |  |   |  |   |  |
[2025-01-09T20:22:28.360-0800] {subprocess.py:106} INFO - | 2 | 2 |   |  |   |  |   |  |
[2025-01-09T20:22:28.361-0800] {subprocess.py:106} INFO - | 0 | 0 |   |  |   |  |   |  |
[2025-01-09T20:22:28.362-0800] {subprocess.py:106} INFO - | 2 | 2 |   |  |   |  |   |  |
[2025-01-09T20:22:28.363-0800] {subprocess.py:106} INFO - | 5 | 5 |   |  |   |  |   |  |
[2025-01-09T20:22:28.364-0800] {subprocess.py:106} INFO - | - | - |   |  |   |  |   |  |
[2025-01-09T20:22:28.365-0800] {subprocess.py:106} INFO - | 0 | 0 |   |  |   |  |   |  |
[2025-01-09T20:22:28.366-0800] {subprocess.py:106} INFO - | 1 | 1 |   |  |   |  |   |  |
[2025-01-09T20:22:28.366-0800] {subprocess.py:106} INFO - | - | - |   |  |   |  |   |  |
[2025-01-09T20:22:28.367-0800] {subprocess.py:106} INFO - | 0 | 0 |   |  |   |  |   |  |
[2025-01-09T20:22:28.368-0800] {subprocess.py:106} INFO - | 9 | 9 |   |  |   |  |   |  |
[2025-01-09T20:22:28.368-0800] {subprocess.py:106} INFO - | . | . |   |  |   |  |   |  |
[2025-01-09T20:22:28.369-0800] {subprocess.py:106} INFO - | s | s |   |  |   |  |   |  |
[2025-01-09T20:22:28.369-0800] {subprocess.py:106} INFO - | q | q |   |  |   |  |   |  |
[2025-01-09T20:22:28.370-0800] {subprocess.py:106} INFO - | l | l |   |  |   |  |   |  |
[2025-01-09T20:22:28.370-0800] {subprocess.py:106} INFO - +----------------------------+
[2025-01-09T20:22:28.902-0800] {subprocess.py:110} INFO - Command exited with return code 0
[2025-01-09T20:22:28.938-0800] {taskinstance.py:340} INFO - ::group::Post task execution logs
[2025-01-09T20:22:28.940-0800] {taskinstance.py:352} INFO - Marking task as SUCCESS. dag_id=CovidE2EPipeDag, task_id=stage_sql, run_id=manual__2025-01-10T04:19:43.843651+00:00, execution_date=20250110T041943, start_date=20250110T042219, end_date=20250110T042228
[2025-01-09T20:22:28.978-0800] {local_task_job_runner.py:266} INFO - Task exited with return code 0
[2025-01-09T20:22:29.022-0800] {taskinstance.py:3895} INFO - 1 downstream tasks scheduled from follow-on schedule check
[2025-01-09T20:22:29.026-0800] {local_task_job_runner.py:245} INFO - ::endgroup::
