[2025-01-04T11:46:21.747-0800] {local_task_job_runner.py:123} INFO - ::group::Pre task execution logs
[2025-01-04T11:46:21.762-0800] {taskinstance.py:2613} INFO - Dependencies all met for dep_context=non-requeueable deps ti=<TaskInstance: CovidE2EPipeDag.clean_up_sql_exe manual__2025-01-04T19:37:51.570305+00:00 [queued]>
[2025-01-04T11:46:21.773-0800] {taskinstance.py:2613} INFO - Dependencies all met for dep_context=requeueable deps ti=<TaskInstance: CovidE2EPipeDag.clean_up_sql_exe manual__2025-01-04T19:37:51.570305+00:00 [queued]>
[2025-01-04T11:46:21.774-0800] {taskinstance.py:2866} INFO - Starting attempt 1 of 2
[2025-01-04T11:46:21.798-0800] {taskinstance.py:2889} INFO - Executing <Task(BashOperator): clean_up_sql_exe> on 2025-01-04 19:37:51.570305+00:00
[2025-01-04T11:46:21.802-0800] {standard_task_runner.py:72} INFO - Started process 81099 to run task
[2025-01-04T11:46:21.811-0800] {standard_task_runner.py:104} INFO - Running: ['airflow', 'tasks', 'run', 'CovidE2EPipeDag', 'clean_up_sql_exe', 'manual__2025-01-04T19:37:51.570305+00:00', '--job-id', '959', '--raw', '--subdir', 'DAGS_FOLDER/CovidE2EPipeDag.py', '--cfg-path', '/var/folders/vm/rn9v1g1j739_mq8j5pfl1yxm0000gn/T/tmp4vm0urut']
[2025-01-04T11:46:21.815-0800] {standard_task_runner.py:105} INFO - Job 959: Subtask clean_up_sql_exe
[2025-01-04T11:46:21.886-0800] {task_command.py:467} INFO - Running <TaskInstance: CovidE2EPipeDag.clean_up_sql_exe manual__2025-01-04T19:37:51.570305+00:00 [running]> on host Matthews-MacBook-Air.local
[2025-01-04T11:46:22.010-0800] {taskinstance.py:3132} INFO - Exporting env vars: AIRFLOW_CTX_DAG_OWNER='Matthew Horn' AIRFLOW_CTX_DAG_ID='CovidE2EPipeDag' AIRFLOW_CTX_TASK_ID='clean_up_sql_exe' AIRFLOW_CTX_EXECUTION_DATE='2025-01-04T19:37:51.570305+00:00' AIRFLOW_CTX_TRY_NUMBER='1' AIRFLOW_CTX_DAG_RUN_ID='manual__2025-01-04T19:37:51.570305+00:00'
[2025-01-04T11:46:22.013-0800] {taskinstance.py:731} INFO - ::endgroup::
[2025-01-04T11:46:22.065-0800] {subprocess.py:78} INFO - Tmp dir root location: /var/folders/vm/rn9v1g1j739_mq8j5pfl1yxm0000gn/T
[2025-01-04T11:46:22.067-0800] {subprocess.py:88} INFO - Running command: ['/bin/bash', '-c', 'snow stage remove @raw_data_stage/load_staged_data_2025-01-04.sql;                   rm /Users/matthewmac/airflow/helper_scripts/load_staged_data_2025-01-04.sql']
[2025-01-04T11:46:22.076-0800] {subprocess.py:99} INFO - Output:
[2025-01-04T11:46:28.963-0800] {subprocess.py:106} INFO - ╭─ Error ──────────────────────────────────────────────────────────────────────────────────────────────────────────────────────────────────────────────╮
[2025-01-04T11:46:28.967-0800] {subprocess.py:106} INFO - │ Specified name '@raw_data_stage/load_staged_data_2025-01-04.sql' is not valid name.                                                                  │
[2025-01-04T11:46:28.970-0800] {subprocess.py:106} INFO - ╰──────────────────────────────────────────────────────────────────────────────────────────────────────────────────────────────────────────────────────╯
[2025-01-04T11:46:29.316-0800] {subprocess.py:110} INFO - Command exited with return code 0
[2025-01-04T11:46:29.341-0800] {taskinstance.py:340} INFO - ::group::Post task execution logs
[2025-01-04T11:46:29.343-0800] {taskinstance.py:352} INFO - Marking task as SUCCESS. dag_id=CovidE2EPipeDag, task_id=clean_up_sql_exe, run_id=manual__2025-01-04T19:37:51.570305+00:00, execution_date=20250104T193751, start_date=20250104T194621, end_date=20250104T194629
[2025-01-04T11:46:29.400-0800] {local_task_job_runner.py:266} INFO - Task exited with return code 0
[2025-01-04T11:46:29.427-0800] {taskinstance.py:3895} INFO - 0 downstream tasks scheduled from follow-on schedule check
[2025-01-04T11:46:29.429-0800] {local_task_job_runner.py:245} INFO - ::endgroup::
