[2025-01-03T22:33:39.878-0800] {local_task_job_runner.py:123} INFO - ::group::Pre task execution logs
[2025-01-03T22:33:39.902-0800] {taskinstance.py:2613} INFO - Dependencies all met for dep_context=non-requeueable deps ti=<TaskInstance: CovidE2EPipeDag.archive_raw_data scheduled__2025-01-01T00:39:00+00:00 [queued]>
[2025-01-03T22:33:39.917-0800] {taskinstance.py:2613} INFO - Dependencies all met for dep_context=requeueable deps ti=<TaskInstance: CovidE2EPipeDag.archive_raw_data scheduled__2025-01-01T00:39:00+00:00 [queued]>
[2025-01-03T22:33:39.918-0800] {taskinstance.py:2866} INFO - Starting attempt 1 of 2
[2025-01-03T22:33:39.943-0800] {taskinstance.py:2889} INFO - Executing <Task(BashOperator): archive_raw_data> on 2025-01-01 00:39:00+00:00
[2025-01-03T22:33:39.947-0800] {standard_task_runner.py:72} INFO - Started process 71870 to run task
[2025-01-03T22:33:39.955-0800] {standard_task_runner.py:104} INFO - Running: ['airflow', 'tasks', 'run', 'CovidE2EPipeDag', 'archive_raw_data', 'scheduled__2025-01-01T00:39:00+00:00', '--job-id', '647', '--raw', '--subdir', 'DAGS_FOLDER/CovidE2EPipeDag.py', '--cfg-path', '/var/folders/vm/rn9v1g1j739_mq8j5pfl1yxm0000gn/T/tmpprdqfq49']
[2025-01-03T22:33:39.958-0800] {standard_task_runner.py:105} INFO - Job 647: Subtask archive_raw_data
[2025-01-03T22:33:40.017-0800] {task_command.py:467} INFO - Running <TaskInstance: CovidE2EPipeDag.archive_raw_data scheduled__2025-01-01T00:39:00+00:00 [running]> on host Matthews-MacBook-Air.local
[2025-01-03T22:33:40.094-0800] {taskinstance.py:3132} INFO - Exporting env vars: AIRFLOW_CTX_DAG_OWNER='Matthew Horn' AIRFLOW_CTX_DAG_ID='CovidE2EPipeDag' AIRFLOW_CTX_TASK_ID='archive_raw_data' AIRFLOW_CTX_EXECUTION_DATE='2025-01-01T00:39:00+00:00' AIRFLOW_CTX_TRY_NUMBER='1' AIRFLOW_CTX_DAG_RUN_ID='scheduled__2025-01-01T00:39:00+00:00'
[2025-01-03T22:33:40.096-0800] {logging_mixin.py:190} INFO - Task instance is in running state
[2025-01-03T22:33:40.096-0800] {logging_mixin.py:190} INFO -  Previous state of the Task instance: queued
[2025-01-03T22:33:40.097-0800] {logging_mixin.py:190} INFO - Current task name:archive_raw_data state:running start_date:2025-01-04 06:33:39.903448+00:00
[2025-01-03T22:33:40.098-0800] {logging_mixin.py:190} INFO - Dag name:CovidE2EPipeDag and current dag run status:running
[2025-01-03T22:33:40.099-0800] {taskinstance.py:731} INFO - ::endgroup::
[2025-01-03T22:33:40.101-0800] {subprocess.py:78} INFO - Tmp dir root location: /var/folders/vm/rn9v1g1j739_mq8j5pfl1yxm0000gn/T
[2025-01-03T22:33:40.102-0800] {subprocess.py:88} INFO - Running command: ['/bin/bash', '-c', 'cd ~/airflow/data/raw && zip raw_data_2025-01-03.zip *.csv                     && mv raw_data_2025-01-03.zip archived/']
[2025-01-03T22:33:40.111-0800] {subprocess.py:99} INFO - Output:
[2025-01-03T22:33:40.138-0800] {subprocess.py:106} INFO -   adding: 30yr_mortage_2025-01-02.csv (deflated 82%)
[2025-01-03T22:33:40.140-0800] {subprocess.py:106} INFO -   adding: GDP_2025-01-02.csv (deflated 77%)
[2025-01-03T22:33:40.143-0800] {subprocess.py:106} INFO -   adding: US_CPI_2025-01-02.csv (deflated 81%)
[2025-01-03T22:33:40.145-0800] {subprocess.py:106} INFO -   adding: exchanges_2025-01-02.csv (deflated 41%)
[2025-01-03T22:33:40.148-0800] {subprocess.py:106} INFO -   adding: industrial_production_2025-01-02.csv (deflated 80%)
[2025-01-03T22:33:40.150-0800] {subprocess.py:106} INFO -   adding: industrial_production_2025-01-03.csv (deflated 80%)
[2025-01-03T22:33:40.151-0800] {subprocess.py:106} INFO -   adding: stocks_eod_2025-01-02.csv (deflated 72%)
[2025-01-03T22:33:40.153-0800] {subprocess.py:106} INFO -   adding: trade_balance_2025-01-02.csv (deflated 79%)
[2025-01-03T22:33:40.156-0800] {subprocess.py:106} INFO -   adding: unemployment_rate_2025-01-02.csv (deflated 84%)
[2025-01-03T22:33:40.164-0800] {subprocess.py:110} INFO - Command exited with return code 0
[2025-01-03T22:33:40.186-0800] {taskinstance.py:340} INFO - ::group::Post task execution logs
[2025-01-03T22:33:40.188-0800] {taskinstance.py:352} INFO - Marking task as SUCCESS. dag_id=CovidE2EPipeDag, task_id=archive_raw_data, run_id=scheduled__2025-01-01T00:39:00+00:00, execution_date=20250101T003900, start_date=20250104T063339, end_date=20250104T063340
[2025-01-03T22:33:40.198-0800] {logging_mixin.py:190} INFO - Task instance in success state
[2025-01-03T22:33:40.199-0800] {logging_mixin.py:190} INFO -  Previous state of the Task instance: running
[2025-01-03T22:33:40.200-0800] {logging_mixin.py:190} INFO - Dag name:CovidE2EPipeDag queued_at:2025-01-04 05:52:28.350262+00:00
[2025-01-03T22:33:40.200-0800] {logging_mixin.py:190} INFO - Task hostname:Matthews-MacBook-Air.local operator:BashOperator
[2025-01-03T22:33:40.219-0800] {local_task_job_runner.py:266} INFO - Task exited with return code 0
[2025-01-03T22:33:40.248-0800] {taskinstance.py:3895} INFO - 0 downstream tasks scheduled from follow-on schedule check
[2025-01-03T22:33:40.249-0800] {local_task_job_runner.py:245} INFO - ::endgroup::
