[2025-01-08T19:34:22.552-0800] {local_task_job_runner.py:123} INFO - ::group::Pre task execution logs
[2025-01-08T19:34:22.564-0800] {taskinstance.py:2613} INFO - Dependencies all met for dep_context=non-requeueable deps ti=<TaskInstance: CovidE2EPipeDag.stage_raw_data manual__2025-01-09T03:33:28.747517+00:00 [queued]>
[2025-01-08T19:34:22.573-0800] {taskinstance.py:2613} INFO - Dependencies all met for dep_context=requeueable deps ti=<TaskInstance: CovidE2EPipeDag.stage_raw_data manual__2025-01-09T03:33:28.747517+00:00 [queued]>
[2025-01-08T19:34:22.573-0800] {taskinstance.py:2866} INFO - Starting attempt 1 of 2
[2025-01-08T19:34:22.591-0800] {taskinstance.py:2889} INFO - Executing <Task(BashOperator): stage_raw_data> on 2025-01-09 03:33:28.747517+00:00
[2025-01-08T19:34:22.595-0800] {standard_task_runner.py:72} INFO - Started process 9518 to run task
[2025-01-08T19:34:22.604-0800] {standard_task_runner.py:104} INFO - Running: ['airflow', 'tasks', 'run', 'CovidE2EPipeDag', 'stage_raw_data', 'manual__2025-01-09T03:33:28.747517+00:00', '--job-id', '1680', '--raw', '--subdir', 'DAGS_FOLDER/CovidE2EPipeDag.py', '--cfg-path', '/var/folders/vm/rn9v1g1j739_mq8j5pfl1yxm0000gn/T/tmpybgcmv00']
[2025-01-08T19:34:22.607-0800] {standard_task_runner.py:105} INFO - Job 1680: Subtask stage_raw_data
[2025-01-08T19:34:22.660-0800] {task_command.py:467} INFO - Running <TaskInstance: CovidE2EPipeDag.stage_raw_data manual__2025-01-09T03:33:28.747517+00:00 [running]> on host Matthews-MacBook-Air.local
[2025-01-08T19:34:22.777-0800] {taskinstance.py:3132} INFO - Exporting env vars: AIRFLOW_CTX_DAG_OWNER='Matthew Horn' AIRFLOW_CTX_DAG_ID='CovidE2EPipeDag' AIRFLOW_CTX_TASK_ID='stage_raw_data' AIRFLOW_CTX_EXECUTION_DATE='2025-01-09T03:33:28.747517+00:00' AIRFLOW_CTX_TRY_NUMBER='1' AIRFLOW_CTX_DAG_RUN_ID='manual__2025-01-09T03:33:28.747517+00:00'
[2025-01-08T19:34:22.778-0800] {taskinstance.py:731} INFO - ::endgroup::
[2025-01-08T19:34:22.828-0800] {subprocess.py:78} INFO - Tmp dir root location: /var/folders/vm/rn9v1g1j739_mq8j5pfl1yxm0000gn/T
[2025-01-08T19:34:22.829-0800] {subprocess.py:88} INFO - Running command: ['/bin/bash', '-c', 'snow stage copy /Users/matthewmac/airflow/data/raw/industrial_production_2025-01-08.csv @CovidE2EPipeDatabase.raw_data.raw_data_stage']
[2025-01-08T19:34:22.839-0800] {subprocess.py:99} INFO - Output:
[2025-01-08T19:34:30.864-0800] {subprocess.py:106} INFO - +---------------------------------------------------+
[2025-01-08T19:34:30.866-0800] {subprocess.py:106} INFO - |     |      |     |      | sou |      |     |      |
[2025-01-08T19:34:30.866-0800] {subprocess.py:106} INFO - |     |      |     |      | rce | targ |     |      |
[2025-01-08T19:34:30.867-0800] {subprocess.py:106} INFO - |     |      | sou |      | _co | et_c |     |      |
[2025-01-08T19:34:30.870-0800] {subprocess.py:106} INFO - |     |      | rce | targ | mpr | ompr |     |      |
[2025-01-08T19:34:30.871-0800] {subprocess.py:106} INFO - | sou | targ | _si | et_s | ess | essi | sta | mess |
[2025-01-08T19:34:30.872-0800] {subprocess.py:106} INFO - | rce | et   | ze  | ize  | ion | on   | tus | age  |
[2025-01-08T19:34:30.873-0800] {subprocess.py:106} INFO - |-----+------+-----+------+-----+------+-----+------|
[2025-01-08T19:34:30.873-0800] {subprocess.py:106} INFO - | ind | indu | 571 | 0    | NON | NONE | SKI |      |
[2025-01-08T19:34:30.874-0800] {subprocess.py:106} INFO - | ust | stri | 21  |      | E   |      | PPE |      |
[2025-01-08T19:34:30.874-0800] {subprocess.py:106} INFO - | ria | al_p |     |      |     |      | D   |      |
[2025-01-08T19:34:30.875-0800] {subprocess.py:106} INFO - | l_p | rodu |     |      |     |      |     |      |
[2025-01-08T19:34:30.875-0800] {subprocess.py:106} INFO - | rod | ctio |     |      |     |      |     |      |
[2025-01-08T19:34:30.876-0800] {subprocess.py:106} INFO - | uct | n_20 |     |      |     |      |     |      |
[2025-01-08T19:34:30.877-0800] {subprocess.py:106} INFO - | ion | 25-0 |     |      |     |      |     |      |
[2025-01-08T19:34:30.878-0800] {subprocess.py:106} INFO - | _20 | 1-08 |     |      |     |      |     |      |
[2025-01-08T19:34:30.878-0800] {subprocess.py:106} INFO - | 25- | .csv |     |      |     |      |     |      |
[2025-01-08T19:34:30.879-0800] {subprocess.py:106} INFO - | 01- |      |     |      |     |      |     |      |
[2025-01-08T19:34:30.880-0800] {subprocess.py:106} INFO - | 08. |      |     |      |     |      |     |      |
[2025-01-08T19:34:30.880-0800] {subprocess.py:106} INFO - | csv |      |     |      |     |      |     |      |
[2025-01-08T19:34:30.881-0800] {subprocess.py:106} INFO - +---------------------------------------------------+
[2025-01-08T19:34:31.353-0800] {subprocess.py:110} INFO - Command exited with return code 0
[2025-01-08T19:34:31.379-0800] {taskinstance.py:340} INFO - ::group::Post task execution logs
[2025-01-08T19:34:31.380-0800] {taskinstance.py:352} INFO - Marking task as SUCCESS. dag_id=CovidE2EPipeDag, task_id=stage_raw_data, run_id=manual__2025-01-09T03:33:28.747517+00:00, execution_date=20250109T033328, start_date=20250109T033422, end_date=20250109T033431
[2025-01-08T19:34:31.402-0800] {local_task_job_runner.py:266} INFO - Task exited with return code 0
[2025-01-08T19:34:31.430-0800] {taskinstance.py:3895} INFO - 0 downstream tasks scheduled from follow-on schedule check
[2025-01-08T19:34:31.431-0800] {local_task_job_runner.py:245} INFO - ::endgroup::
