[2025-01-01T16:11:57.806-0800] {processor.py:186} INFO - Started process (PID=26591) to work on /opt/anaconda3/envs/airflow_env/lib/python3.9/site-packages/airflow/example_dags/example_outlet_event_extra.py
[2025-01-01T16:11:57.808-0800] {processor.py:914} INFO - Processing file /opt/anaconda3/envs/airflow_env/lib/python3.9/site-packages/airflow/example_dags/example_outlet_event_extra.py for tasks to queue
[2025-01-01T16:11:57.809-0800] {logging_mixin.py:190} INFO - [2025-01-01T16:11:57.809-0800] {dagbag.py:588} INFO - Filling up the DagBag from /opt/anaconda3/envs/airflow_env/lib/python3.9/site-packages/airflow/example_dags/example_outlet_event_extra.py
[2025-01-01T16:11:58.003-0800] {processor.py:925} INFO - DAG(s) 'dataset_with_extra_by_yield', 'dataset_with_extra_from_classic_operator', 'dataset_with_extra_by_context' retrieved from /opt/anaconda3/envs/airflow_env/lib/python3.9/site-packages/airflow/example_dags/example_outlet_event_extra.py
[2025-01-01T16:11:58.155-0800] {logging_mixin.py:190} INFO - [2025-01-01T16:11:58.155-0800] {dag.py:3239} INFO - Sync 3 DAGs
[2025-01-01T16:11:58.182-0800] {logging_mixin.py:190} INFO - [2025-01-01T16:11:58.182-0800] {dag.py:4180} INFO - Setting next_dagrun for dataset_with_extra_by_context to 2025-01-01 00:00:00+00:00, run_after=2025-01-02 00:00:00+00:00
[2025-01-01T16:11:58.187-0800] {logging_mixin.py:190} INFO - [2025-01-01T16:11:58.187-0800] {dag.py:4180} INFO - Setting next_dagrun for dataset_with_extra_by_yield to 2025-01-01 00:00:00+00:00, run_after=2025-01-02 00:00:00+00:00
[2025-01-01T16:11:58.190-0800] {logging_mixin.py:190} INFO - [2025-01-01T16:11:58.190-0800] {dag.py:4180} INFO - Setting next_dagrun for dataset_with_extra_from_classic_operator to 2025-01-01 00:00:00+00:00, run_after=2025-01-02 00:00:00+00:00
[2025-01-01T16:11:58.227-0800] {processor.py:208} INFO - Processing /opt/anaconda3/envs/airflow_env/lib/python3.9/site-packages/airflow/example_dags/example_outlet_event_extra.py took 0.426 seconds
[2025-01-01T16:15:43.080-0800] {processor.py:186} INFO - Started process (PID=26837) to work on /opt/anaconda3/envs/airflow_env/lib/python3.9/site-packages/airflow/example_dags/example_outlet_event_extra.py
[2025-01-01T16:15:43.082-0800] {processor.py:914} INFO - Processing file /opt/anaconda3/envs/airflow_env/lib/python3.9/site-packages/airflow/example_dags/example_outlet_event_extra.py for tasks to queue
[2025-01-01T16:15:43.084-0800] {logging_mixin.py:190} INFO - [2025-01-01T16:15:43.083-0800] {dagbag.py:588} INFO - Filling up the DagBag from /opt/anaconda3/envs/airflow_env/lib/python3.9/site-packages/airflow/example_dags/example_outlet_event_extra.py
[2025-01-01T16:15:43.253-0800] {processor.py:925} INFO - DAG(s) 'dataset_with_extra_by_context', 'dataset_with_extra_from_classic_operator', 'dataset_with_extra_by_yield' retrieved from /opt/anaconda3/envs/airflow_env/lib/python3.9/site-packages/airflow/example_dags/example_outlet_event_extra.py
[2025-01-01T16:15:43.427-0800] {logging_mixin.py:190} INFO - [2025-01-01T16:15:43.427-0800] {dag.py:3239} INFO - Sync 3 DAGs
[2025-01-01T16:15:43.462-0800] {logging_mixin.py:190} INFO - [2025-01-01T16:15:43.462-0800] {dag.py:4180} INFO - Setting next_dagrun for dataset_with_extra_by_context to 2025-01-01 00:00:00+00:00, run_after=2025-01-02 00:00:00+00:00
[2025-01-01T16:15:43.473-0800] {logging_mixin.py:190} INFO - [2025-01-01T16:15:43.472-0800] {dag.py:4180} INFO - Setting next_dagrun for dataset_with_extra_by_yield to 2025-01-01 00:00:00+00:00, run_after=2025-01-02 00:00:00+00:00
[2025-01-01T16:15:43.477-0800] {logging_mixin.py:190} INFO - [2025-01-01T16:15:43.477-0800] {dag.py:4180} INFO - Setting next_dagrun for dataset_with_extra_from_classic_operator to 2025-01-01 00:00:00+00:00, run_after=2025-01-02 00:00:00+00:00
[2025-01-01T16:15:43.509-0800] {processor.py:208} INFO - Processing /opt/anaconda3/envs/airflow_env/lib/python3.9/site-packages/airflow/example_dags/example_outlet_event_extra.py took 0.435 seconds
[2025-01-01T16:19:33.817-0800] {processor.py:186} INFO - Started process (PID=27061) to work on /opt/anaconda3/envs/airflow_env/lib/python3.9/site-packages/airflow/example_dags/example_outlet_event_extra.py
[2025-01-01T16:19:33.820-0800] {processor.py:914} INFO - Processing file /opt/anaconda3/envs/airflow_env/lib/python3.9/site-packages/airflow/example_dags/example_outlet_event_extra.py for tasks to queue
[2025-01-01T16:19:33.821-0800] {logging_mixin.py:190} INFO - [2025-01-01T16:19:33.821-0800] {dagbag.py:588} INFO - Filling up the DagBag from /opt/anaconda3/envs/airflow_env/lib/python3.9/site-packages/airflow/example_dags/example_outlet_event_extra.py
[2025-01-01T16:19:34.024-0800] {processor.py:925} INFO - DAG(s) 'dataset_with_extra_from_classic_operator', 'dataset_with_extra_by_yield', 'dataset_with_extra_by_context' retrieved from /opt/anaconda3/envs/airflow_env/lib/python3.9/site-packages/airflow/example_dags/example_outlet_event_extra.py
[2025-01-01T16:19:34.222-0800] {logging_mixin.py:190} INFO - [2025-01-01T16:19:34.222-0800] {dag.py:3239} INFO - Sync 3 DAGs
[2025-01-01T16:19:34.258-0800] {logging_mixin.py:190} INFO - [2025-01-01T16:19:34.257-0800] {dag.py:4180} INFO - Setting next_dagrun for dataset_with_extra_by_context to 2025-01-01 00:00:00+00:00, run_after=2025-01-02 00:00:00+00:00
[2025-01-01T16:19:34.265-0800] {logging_mixin.py:190} INFO - [2025-01-01T16:19:34.265-0800] {dag.py:4180} INFO - Setting next_dagrun for dataset_with_extra_by_yield to 2025-01-01 00:00:00+00:00, run_after=2025-01-02 00:00:00+00:00
[2025-01-01T16:19:34.270-0800] {logging_mixin.py:190} INFO - [2025-01-01T16:19:34.270-0800] {dag.py:4180} INFO - Setting next_dagrun for dataset_with_extra_from_classic_operator to 2025-01-01 00:00:00+00:00, run_after=2025-01-02 00:00:00+00:00
[2025-01-01T16:19:34.301-0800] {processor.py:208} INFO - Processing /opt/anaconda3/envs/airflow_env/lib/python3.9/site-packages/airflow/example_dags/example_outlet_event_extra.py took 0.488 seconds
[2025-01-01T16:22:58.930-0800] {processor.py:186} INFO - Started process (PID=27215) to work on /opt/anaconda3/envs/airflow_env/lib/python3.9/site-packages/airflow/example_dags/example_outlet_event_extra.py
[2025-01-01T16:22:58.932-0800] {processor.py:914} INFO - Processing file /opt/anaconda3/envs/airflow_env/lib/python3.9/site-packages/airflow/example_dags/example_outlet_event_extra.py for tasks to queue
[2025-01-01T16:22:58.933-0800] {logging_mixin.py:190} INFO - [2025-01-01T16:22:58.933-0800] {dagbag.py:588} INFO - Filling up the DagBag from /opt/anaconda3/envs/airflow_env/lib/python3.9/site-packages/airflow/example_dags/example_outlet_event_extra.py
[2025-01-01T16:22:59.097-0800] {processor.py:925} INFO - DAG(s) 'dataset_with_extra_from_classic_operator', 'dataset_with_extra_by_yield', 'dataset_with_extra_by_context' retrieved from /opt/anaconda3/envs/airflow_env/lib/python3.9/site-packages/airflow/example_dags/example_outlet_event_extra.py
[2025-01-01T16:22:59.238-0800] {logging_mixin.py:190} INFO - [2025-01-01T16:22:59.237-0800] {dag.py:3239} INFO - Sync 3 DAGs
[2025-01-01T16:22:59.261-0800] {logging_mixin.py:190} INFO - [2025-01-01T16:22:59.261-0800] {dag.py:4180} INFO - Setting next_dagrun for dataset_with_extra_by_context to 2025-01-01 00:00:00+00:00, run_after=2025-01-02 00:00:00+00:00
[2025-01-01T16:22:59.266-0800] {logging_mixin.py:190} INFO - [2025-01-01T16:22:59.266-0800] {dag.py:4180} INFO - Setting next_dagrun for dataset_with_extra_by_yield to 2025-01-01 00:00:00+00:00, run_after=2025-01-02 00:00:00+00:00
[2025-01-01T16:22:59.269-0800] {logging_mixin.py:190} INFO - [2025-01-01T16:22:59.269-0800] {dag.py:4180} INFO - Setting next_dagrun for dataset_with_extra_from_classic_operator to 2025-01-01 00:00:00+00:00, run_after=2025-01-02 00:00:00+00:00
[2025-01-01T16:22:59.293-0800] {processor.py:208} INFO - Processing /opt/anaconda3/envs/airflow_env/lib/python3.9/site-packages/airflow/example_dags/example_outlet_event_extra.py took 0.367 seconds
[2025-01-01T16:25:57.877-0800] {processor.py:186} INFO - Started process (PID=27327) to work on /opt/anaconda3/envs/airflow_env/lib/python3.9/site-packages/airflow/example_dags/example_outlet_event_extra.py
[2025-01-01T16:25:57.880-0800] {processor.py:914} INFO - Processing file /opt/anaconda3/envs/airflow_env/lib/python3.9/site-packages/airflow/example_dags/example_outlet_event_extra.py for tasks to queue
[2025-01-01T16:25:57.881-0800] {logging_mixin.py:190} INFO - [2025-01-01T16:25:57.881-0800] {dagbag.py:588} INFO - Filling up the DagBag from /opt/anaconda3/envs/airflow_env/lib/python3.9/site-packages/airflow/example_dags/example_outlet_event_extra.py
[2025-01-01T16:25:58.064-0800] {processor.py:925} INFO - DAG(s) 'dataset_with_extra_from_classic_operator', 'dataset_with_extra_by_context', 'dataset_with_extra_by_yield' retrieved from /opt/anaconda3/envs/airflow_env/lib/python3.9/site-packages/airflow/example_dags/example_outlet_event_extra.py
[2025-01-01T16:25:58.216-0800] {logging_mixin.py:190} INFO - [2025-01-01T16:25:58.216-0800] {dag.py:3239} INFO - Sync 3 DAGs
[2025-01-01T16:25:58.241-0800] {logging_mixin.py:190} INFO - [2025-01-01T16:25:58.240-0800] {dag.py:4180} INFO - Setting next_dagrun for dataset_with_extra_by_context to 2025-01-01 00:00:00+00:00, run_after=2025-01-02 00:00:00+00:00
[2025-01-01T16:25:58.247-0800] {logging_mixin.py:190} INFO - [2025-01-01T16:25:58.246-0800] {dag.py:4180} INFO - Setting next_dagrun for dataset_with_extra_by_yield to 2025-01-01 00:00:00+00:00, run_after=2025-01-02 00:00:00+00:00
[2025-01-01T16:25:58.250-0800] {logging_mixin.py:190} INFO - [2025-01-01T16:25:58.250-0800] {dag.py:4180} INFO - Setting next_dagrun for dataset_with_extra_from_classic_operator to 2025-01-01 00:00:00+00:00, run_after=2025-01-02 00:00:00+00:00
[2025-01-01T16:25:58.275-0800] {processor.py:208} INFO - Processing /opt/anaconda3/envs/airflow_env/lib/python3.9/site-packages/airflow/example_dags/example_outlet_event_extra.py took 0.402 seconds
[2025-01-01T16:28:50.692-0800] {processor.py:186} INFO - Started process (PID=27430) to work on /opt/anaconda3/envs/airflow_env/lib/python3.9/site-packages/airflow/example_dags/example_outlet_event_extra.py
[2025-01-01T16:28:50.695-0800] {processor.py:914} INFO - Processing file /opt/anaconda3/envs/airflow_env/lib/python3.9/site-packages/airflow/example_dags/example_outlet_event_extra.py for tasks to queue
[2025-01-01T16:28:50.696-0800] {logging_mixin.py:190} INFO - [2025-01-01T16:28:50.696-0800] {dagbag.py:588} INFO - Filling up the DagBag from /opt/anaconda3/envs/airflow_env/lib/python3.9/site-packages/airflow/example_dags/example_outlet_event_extra.py
[2025-01-01T16:28:50.850-0800] {processor.py:925} INFO - DAG(s) 'dataset_with_extra_from_classic_operator', 'dataset_with_extra_by_yield', 'dataset_with_extra_by_context' retrieved from /opt/anaconda3/envs/airflow_env/lib/python3.9/site-packages/airflow/example_dags/example_outlet_event_extra.py
[2025-01-01T16:28:50.976-0800] {logging_mixin.py:190} INFO - [2025-01-01T16:28:50.976-0800] {dag.py:3239} INFO - Sync 3 DAGs
[2025-01-01T16:28:50.999-0800] {logging_mixin.py:190} INFO - [2025-01-01T16:28:50.999-0800] {dag.py:4180} INFO - Setting next_dagrun for dataset_with_extra_by_context to 2025-01-01 00:00:00+00:00, run_after=2025-01-02 00:00:00+00:00
[2025-01-01T16:28:51.005-0800] {logging_mixin.py:190} INFO - [2025-01-01T16:28:51.004-0800] {dag.py:4180} INFO - Setting next_dagrun for dataset_with_extra_by_yield to 2025-01-01 00:00:00+00:00, run_after=2025-01-02 00:00:00+00:00
[2025-01-01T16:28:51.007-0800] {logging_mixin.py:190} INFO - [2025-01-01T16:28:51.007-0800] {dag.py:4180} INFO - Setting next_dagrun for dataset_with_extra_from_classic_operator to 2025-01-01 00:00:00+00:00, run_after=2025-01-02 00:00:00+00:00
[2025-01-01T16:28:51.037-0800] {processor.py:208} INFO - Processing /opt/anaconda3/envs/airflow_env/lib/python3.9/site-packages/airflow/example_dags/example_outlet_event_extra.py took 0.349 seconds
[2025-01-01T16:31:43.728-0800] {processor.py:186} INFO - Started process (PID=27533) to work on /opt/anaconda3/envs/airflow_env/lib/python3.9/site-packages/airflow/example_dags/example_outlet_event_extra.py
[2025-01-01T16:31:43.732-0800] {processor.py:914} INFO - Processing file /opt/anaconda3/envs/airflow_env/lib/python3.9/site-packages/airflow/example_dags/example_outlet_event_extra.py for tasks to queue
[2025-01-01T16:31:43.734-0800] {logging_mixin.py:190} INFO - [2025-01-01T16:31:43.734-0800] {dagbag.py:588} INFO - Filling up the DagBag from /opt/anaconda3/envs/airflow_env/lib/python3.9/site-packages/airflow/example_dags/example_outlet_event_extra.py
[2025-01-01T16:31:44.089-0800] {processor.py:925} INFO - DAG(s) 'dataset_with_extra_from_classic_operator', 'dataset_with_extra_by_context', 'dataset_with_extra_by_yield' retrieved from /opt/anaconda3/envs/airflow_env/lib/python3.9/site-packages/airflow/example_dags/example_outlet_event_extra.py
[2025-01-01T16:31:44.223-0800] {logging_mixin.py:190} INFO - [2025-01-01T16:31:44.223-0800] {dag.py:3239} INFO - Sync 3 DAGs
[2025-01-01T16:31:44.251-0800] {logging_mixin.py:190} INFO - [2025-01-01T16:31:44.250-0800] {dag.py:4180} INFO - Setting next_dagrun for dataset_with_extra_by_context to 2025-01-01 00:00:00+00:00, run_after=2025-01-02 00:00:00+00:00
[2025-01-01T16:31:44.256-0800] {logging_mixin.py:190} INFO - [2025-01-01T16:31:44.256-0800] {dag.py:4180} INFO - Setting next_dagrun for dataset_with_extra_by_yield to 2025-01-01 00:00:00+00:00, run_after=2025-01-02 00:00:00+00:00
[2025-01-01T16:31:44.259-0800] {logging_mixin.py:190} INFO - [2025-01-01T16:31:44.258-0800] {dag.py:4180} INFO - Setting next_dagrun for dataset_with_extra_from_classic_operator to 2025-01-01 00:00:00+00:00, run_after=2025-01-02 00:00:00+00:00
[2025-01-01T16:31:44.287-0800] {processor.py:208} INFO - Processing /opt/anaconda3/envs/airflow_env/lib/python3.9/site-packages/airflow/example_dags/example_outlet_event_extra.py took 0.566 seconds
[2025-01-01T17:08:30.387-0800] {processor.py:186} INFO - Started process (PID=27779) to work on /opt/anaconda3/envs/airflow_env/lib/python3.9/site-packages/airflow/example_dags/example_outlet_event_extra.py
[2025-01-01T17:08:30.389-0800] {processor.py:914} INFO - Processing file /opt/anaconda3/envs/airflow_env/lib/python3.9/site-packages/airflow/example_dags/example_outlet_event_extra.py for tasks to queue
[2025-01-01T17:08:30.390-0800] {logging_mixin.py:190} INFO - [2025-01-01T17:08:30.390-0800] {dagbag.py:588} INFO - Filling up the DagBag from /opt/anaconda3/envs/airflow_env/lib/python3.9/site-packages/airflow/example_dags/example_outlet_event_extra.py
[2025-01-01T17:08:30.586-0800] {processor.py:925} INFO - DAG(s) 'dataset_with_extra_by_context', 'dataset_with_extra_from_classic_operator', 'dataset_with_extra_by_yield' retrieved from /opt/anaconda3/envs/airflow_env/lib/python3.9/site-packages/airflow/example_dags/example_outlet_event_extra.py
[2025-01-01T17:08:30.737-0800] {logging_mixin.py:190} INFO - [2025-01-01T17:08:30.737-0800] {dag.py:3239} INFO - Sync 3 DAGs
[2025-01-01T17:08:30.764-0800] {logging_mixin.py:190} INFO - [2025-01-01T17:08:30.764-0800] {dag.py:4180} INFO - Setting next_dagrun for dataset_with_extra_by_context to 2025-01-01 00:00:00+00:00, run_after=2025-01-02 00:00:00+00:00
[2025-01-01T17:08:30.770-0800] {logging_mixin.py:190} INFO - [2025-01-01T17:08:30.770-0800] {dag.py:4180} INFO - Setting next_dagrun for dataset_with_extra_by_yield to 2025-01-01 00:00:00+00:00, run_after=2025-01-02 00:00:00+00:00
[2025-01-01T17:08:30.773-0800] {logging_mixin.py:190} INFO - [2025-01-01T17:08:30.773-0800] {dag.py:4180} INFO - Setting next_dagrun for dataset_with_extra_from_classic_operator to 2025-01-01 00:00:00+00:00, run_after=2025-01-02 00:00:00+00:00
[2025-01-01T17:08:30.801-0800] {processor.py:208} INFO - Processing /opt/anaconda3/envs/airflow_env/lib/python3.9/site-packages/airflow/example_dags/example_outlet_event_extra.py took 0.419 seconds
[2025-01-01T17:12:35.417-0800] {processor.py:186} INFO - Started process (PID=27923) to work on /opt/anaconda3/envs/airflow_env/lib/python3.9/site-packages/airflow/example_dags/example_outlet_event_extra.py
[2025-01-01T17:12:35.420-0800] {processor.py:914} INFO - Processing file /opt/anaconda3/envs/airflow_env/lib/python3.9/site-packages/airflow/example_dags/example_outlet_event_extra.py for tasks to queue
[2025-01-01T17:12:35.422-0800] {logging_mixin.py:190} INFO - [2025-01-01T17:12:35.421-0800] {dagbag.py:588} INFO - Filling up the DagBag from /opt/anaconda3/envs/airflow_env/lib/python3.9/site-packages/airflow/example_dags/example_outlet_event_extra.py
[2025-01-01T17:12:35.668-0800] {processor.py:925} INFO - DAG(s) 'dataset_with_extra_from_classic_operator', 'dataset_with_extra_by_yield', 'dataset_with_extra_by_context' retrieved from /opt/anaconda3/envs/airflow_env/lib/python3.9/site-packages/airflow/example_dags/example_outlet_event_extra.py
[2025-01-01T17:12:35.930-0800] {logging_mixin.py:190} INFO - [2025-01-01T17:12:35.929-0800] {dag.py:3239} INFO - Sync 3 DAGs
[2025-01-01T17:12:35.972-0800] {logging_mixin.py:190} INFO - [2025-01-01T17:12:35.972-0800] {dag.py:4180} INFO - Setting next_dagrun for dataset_with_extra_by_context to 2025-01-01 00:00:00+00:00, run_after=2025-01-02 00:00:00+00:00
[2025-01-01T17:12:35.985-0800] {logging_mixin.py:190} INFO - [2025-01-01T17:12:35.985-0800] {dag.py:4180} INFO - Setting next_dagrun for dataset_with_extra_by_yield to 2025-01-01 00:00:00+00:00, run_after=2025-01-02 00:00:00+00:00
[2025-01-01T17:12:35.990-0800] {logging_mixin.py:190} INFO - [2025-01-01T17:12:35.990-0800] {dag.py:4180} INFO - Setting next_dagrun for dataset_with_extra_from_classic_operator to 2025-01-01 00:00:00+00:00, run_after=2025-01-02 00:00:00+00:00
[2025-01-01T17:12:36.026-0800] {processor.py:208} INFO - Processing /opt/anaconda3/envs/airflow_env/lib/python3.9/site-packages/airflow/example_dags/example_outlet_event_extra.py took 0.614 seconds
[2025-01-01T17:16:08.350-0800] {processor.py:186} INFO - Started process (PID=28070) to work on /opt/anaconda3/envs/airflow_env/lib/python3.9/site-packages/airflow/example_dags/example_outlet_event_extra.py
[2025-01-01T17:16:08.354-0800] {processor.py:914} INFO - Processing file /opt/anaconda3/envs/airflow_env/lib/python3.9/site-packages/airflow/example_dags/example_outlet_event_extra.py for tasks to queue
[2025-01-01T17:16:08.356-0800] {logging_mixin.py:190} INFO - [2025-01-01T17:16:08.355-0800] {dagbag.py:588} INFO - Filling up the DagBag from /opt/anaconda3/envs/airflow_env/lib/python3.9/site-packages/airflow/example_dags/example_outlet_event_extra.py
[2025-01-01T17:16:08.567-0800] {processor.py:925} INFO - DAG(s) 'dataset_with_extra_by_context', 'dataset_with_extra_from_classic_operator', 'dataset_with_extra_by_yield' retrieved from /opt/anaconda3/envs/airflow_env/lib/python3.9/site-packages/airflow/example_dags/example_outlet_event_extra.py
[2025-01-01T17:16:08.755-0800] {logging_mixin.py:190} INFO - [2025-01-01T17:16:08.754-0800] {dag.py:3239} INFO - Sync 3 DAGs
[2025-01-01T17:16:08.817-0800] {logging_mixin.py:190} INFO - [2025-01-01T17:16:08.817-0800] {dag.py:4180} INFO - Setting next_dagrun for dataset_with_extra_by_context to 2025-01-01 00:00:00+00:00, run_after=2025-01-02 00:00:00+00:00
[2025-01-01T17:16:08.824-0800] {logging_mixin.py:190} INFO - [2025-01-01T17:16:08.824-0800] {dag.py:4180} INFO - Setting next_dagrun for dataset_with_extra_by_yield to 2025-01-01 00:00:00+00:00, run_after=2025-01-02 00:00:00+00:00
[2025-01-01T17:16:08.828-0800] {logging_mixin.py:190} INFO - [2025-01-01T17:16:08.828-0800] {dag.py:4180} INFO - Setting next_dagrun for dataset_with_extra_from_classic_operator to 2025-01-01 00:00:00+00:00, run_after=2025-01-02 00:00:00+00:00
[2025-01-01T17:16:08.875-0800] {processor.py:208} INFO - Processing /opt/anaconda3/envs/airflow_env/lib/python3.9/site-packages/airflow/example_dags/example_outlet_event_extra.py took 0.531 seconds
[2025-01-01T17:20:03.149-0800] {processor.py:186} INFO - Started process (PID=28262) to work on /opt/anaconda3/envs/airflow_env/lib/python3.9/site-packages/airflow/example_dags/example_outlet_event_extra.py
[2025-01-01T17:20:03.152-0800] {processor.py:914} INFO - Processing file /opt/anaconda3/envs/airflow_env/lib/python3.9/site-packages/airflow/example_dags/example_outlet_event_extra.py for tasks to queue
[2025-01-01T17:20:03.154-0800] {logging_mixin.py:190} INFO - [2025-01-01T17:20:03.153-0800] {dagbag.py:588} INFO - Filling up the DagBag from /opt/anaconda3/envs/airflow_env/lib/python3.9/site-packages/airflow/example_dags/example_outlet_event_extra.py
[2025-01-01T17:20:03.364-0800] {processor.py:925} INFO - DAG(s) 'dataset_with_extra_by_context', 'dataset_with_extra_from_classic_operator', 'dataset_with_extra_by_yield' retrieved from /opt/anaconda3/envs/airflow_env/lib/python3.9/site-packages/airflow/example_dags/example_outlet_event_extra.py
[2025-01-01T17:20:03.576-0800] {logging_mixin.py:190} INFO - [2025-01-01T17:20:03.576-0800] {dag.py:3239} INFO - Sync 3 DAGs
[2025-01-01T17:20:03.607-0800] {logging_mixin.py:190} INFO - [2025-01-01T17:20:03.607-0800] {dag.py:4180} INFO - Setting next_dagrun for dataset_with_extra_by_context to 2025-01-01 00:00:00+00:00, run_after=2025-01-02 00:00:00+00:00
[2025-01-01T17:20:03.613-0800] {logging_mixin.py:190} INFO - [2025-01-01T17:20:03.613-0800] {dag.py:4180} INFO - Setting next_dagrun for dataset_with_extra_by_yield to 2025-01-01 00:00:00+00:00, run_after=2025-01-02 00:00:00+00:00
[2025-01-01T17:20:03.617-0800] {logging_mixin.py:190} INFO - [2025-01-01T17:20:03.616-0800] {dag.py:4180} INFO - Setting next_dagrun for dataset_with_extra_from_classic_operator to 2025-01-01 00:00:00+00:00, run_after=2025-01-02 00:00:00+00:00
[2025-01-01T17:20:03.650-0800] {processor.py:208} INFO - Processing /opt/anaconda3/envs/airflow_env/lib/python3.9/site-packages/airflow/example_dags/example_outlet_event_extra.py took 0.505 seconds
[2025-01-01T17:23:53.106-0800] {processor.py:186} INFO - Started process (PID=28447) to work on /opt/anaconda3/envs/airflow_env/lib/python3.9/site-packages/airflow/example_dags/example_outlet_event_extra.py
[2025-01-01T17:23:53.111-0800] {processor.py:914} INFO - Processing file /opt/anaconda3/envs/airflow_env/lib/python3.9/site-packages/airflow/example_dags/example_outlet_event_extra.py for tasks to queue
[2025-01-01T17:23:53.112-0800] {logging_mixin.py:190} INFO - [2025-01-01T17:23:53.112-0800] {dagbag.py:588} INFO - Filling up the DagBag from /opt/anaconda3/envs/airflow_env/lib/python3.9/site-packages/airflow/example_dags/example_outlet_event_extra.py
[2025-01-01T17:23:53.369-0800] {processor.py:925} INFO - DAG(s) 'dataset_with_extra_from_classic_operator', 'dataset_with_extra_by_context', 'dataset_with_extra_by_yield' retrieved from /opt/anaconda3/envs/airflow_env/lib/python3.9/site-packages/airflow/example_dags/example_outlet_event_extra.py
[2025-01-01T17:23:53.525-0800] {logging_mixin.py:190} INFO - [2025-01-01T17:23:53.525-0800] {dag.py:3239} INFO - Sync 3 DAGs
[2025-01-01T17:23:53.550-0800] {logging_mixin.py:190} INFO - [2025-01-01T17:23:53.550-0800] {dag.py:4180} INFO - Setting next_dagrun for dataset_with_extra_by_context to 2025-01-01 00:00:00+00:00, run_after=2025-01-02 00:00:00+00:00
[2025-01-01T17:23:53.555-0800] {logging_mixin.py:190} INFO - [2025-01-01T17:23:53.555-0800] {dag.py:4180} INFO - Setting next_dagrun for dataset_with_extra_by_yield to 2025-01-01 00:00:00+00:00, run_after=2025-01-02 00:00:00+00:00
[2025-01-01T17:23:53.559-0800] {logging_mixin.py:190} INFO - [2025-01-01T17:23:53.559-0800] {dag.py:4180} INFO - Setting next_dagrun for dataset_with_extra_from_classic_operator to 2025-01-01 00:00:00+00:00, run_after=2025-01-02 00:00:00+00:00
[2025-01-01T17:23:53.586-0800] {processor.py:208} INFO - Processing /opt/anaconda3/envs/airflow_env/lib/python3.9/site-packages/airflow/example_dags/example_outlet_event_extra.py took 0.485 seconds
[2025-01-01T17:32:39.208-0800] {processor.py:186} INFO - Started process (PID=29057) to work on /opt/anaconda3/envs/airflow_env/lib/python3.9/site-packages/airflow/example_dags/example_outlet_event_extra.py
[2025-01-01T17:32:39.210-0800] {processor.py:914} INFO - Processing file /opt/anaconda3/envs/airflow_env/lib/python3.9/site-packages/airflow/example_dags/example_outlet_event_extra.py for tasks to queue
[2025-01-01T17:32:39.212-0800] {logging_mixin.py:190} INFO - [2025-01-01T17:32:39.212-0800] {dagbag.py:588} INFO - Filling up the DagBag from /opt/anaconda3/envs/airflow_env/lib/python3.9/site-packages/airflow/example_dags/example_outlet_event_extra.py
[2025-01-01T17:32:39.433-0800] {processor.py:925} INFO - DAG(s) 'dataset_with_extra_from_classic_operator', 'dataset_with_extra_by_context', 'dataset_with_extra_by_yield' retrieved from /opt/anaconda3/envs/airflow_env/lib/python3.9/site-packages/airflow/example_dags/example_outlet_event_extra.py
[2025-01-01T17:32:39.575-0800] {logging_mixin.py:190} INFO - [2025-01-01T17:32:39.574-0800] {dag.py:3239} INFO - Sync 3 DAGs
[2025-01-01T17:32:39.618-0800] {logging_mixin.py:190} INFO - [2025-01-01T17:32:39.617-0800] {dag.py:4180} INFO - Setting next_dagrun for dataset_with_extra_by_context to 2025-01-01 00:00:00+00:00, run_after=2025-01-02 00:00:00+00:00
[2025-01-01T17:32:39.626-0800] {logging_mixin.py:190} INFO - [2025-01-01T17:32:39.626-0800] {dag.py:4180} INFO - Setting next_dagrun for dataset_with_extra_by_yield to 2025-01-01 00:00:00+00:00, run_after=2025-01-02 00:00:00+00:00
[2025-01-01T17:32:39.630-0800] {logging_mixin.py:190} INFO - [2025-01-01T17:32:39.630-0800] {dag.py:4180} INFO - Setting next_dagrun for dataset_with_extra_from_classic_operator to 2025-01-01 00:00:00+00:00, run_after=2025-01-02 00:00:00+00:00
[2025-01-01T17:32:39.656-0800] {processor.py:208} INFO - Processing /opt/anaconda3/envs/airflow_env/lib/python3.9/site-packages/airflow/example_dags/example_outlet_event_extra.py took 0.452 seconds
[2025-01-01T17:36:34.904-0800] {processor.py:186} INFO - Started process (PID=29341) to work on /opt/anaconda3/envs/airflow_env/lib/python3.9/site-packages/airflow/example_dags/example_outlet_event_extra.py
[2025-01-01T17:36:34.906-0800] {processor.py:914} INFO - Processing file /opt/anaconda3/envs/airflow_env/lib/python3.9/site-packages/airflow/example_dags/example_outlet_event_extra.py for tasks to queue
[2025-01-01T17:36:34.908-0800] {logging_mixin.py:190} INFO - [2025-01-01T17:36:34.907-0800] {dagbag.py:588} INFO - Filling up the DagBag from /opt/anaconda3/envs/airflow_env/lib/python3.9/site-packages/airflow/example_dags/example_outlet_event_extra.py
[2025-01-01T17:36:35.125-0800] {processor.py:925} INFO - DAG(s) 'dataset_with_extra_from_classic_operator', 'dataset_with_extra_by_yield', 'dataset_with_extra_by_context' retrieved from /opt/anaconda3/envs/airflow_env/lib/python3.9/site-packages/airflow/example_dags/example_outlet_event_extra.py
[2025-01-01T17:36:35.266-0800] {logging_mixin.py:190} INFO - [2025-01-01T17:36:35.266-0800] {dag.py:3239} INFO - Sync 3 DAGs
[2025-01-01T17:36:35.295-0800] {logging_mixin.py:190} INFO - [2025-01-01T17:36:35.295-0800] {dag.py:4180} INFO - Setting next_dagrun for dataset_with_extra_by_context to 2025-01-01 00:00:00+00:00, run_after=2025-01-02 00:00:00+00:00
[2025-01-01T17:36:35.300-0800] {logging_mixin.py:190} INFO - [2025-01-01T17:36:35.300-0800] {dag.py:4180} INFO - Setting next_dagrun for dataset_with_extra_by_yield to 2025-01-01 00:00:00+00:00, run_after=2025-01-02 00:00:00+00:00
[2025-01-01T17:36:35.303-0800] {logging_mixin.py:190} INFO - [2025-01-01T17:36:35.303-0800] {dag.py:4180} INFO - Setting next_dagrun for dataset_with_extra_from_classic_operator to 2025-01-01 00:00:00+00:00, run_after=2025-01-02 00:00:00+00:00
[2025-01-01T17:36:35.329-0800] {processor.py:208} INFO - Processing /opt/anaconda3/envs/airflow_env/lib/python3.9/site-packages/airflow/example_dags/example_outlet_event_extra.py took 0.431 seconds
[2025-01-01T17:42:53.471-0800] {processor.py:186} INFO - Started process (PID=29910) to work on /opt/anaconda3/envs/airflow_env/lib/python3.9/site-packages/airflow/example_dags/example_outlet_event_extra.py
[2025-01-01T17:42:53.477-0800] {processor.py:914} INFO - Processing file /opt/anaconda3/envs/airflow_env/lib/python3.9/site-packages/airflow/example_dags/example_outlet_event_extra.py for tasks to queue
[2025-01-01T17:42:53.479-0800] {logging_mixin.py:190} INFO - [2025-01-01T17:42:53.478-0800] {dagbag.py:588} INFO - Filling up the DagBag from /opt/anaconda3/envs/airflow_env/lib/python3.9/site-packages/airflow/example_dags/example_outlet_event_extra.py
[2025-01-01T17:42:53.612-0800] {processor.py:925} INFO - DAG(s) 'dataset_with_extra_by_yield', 'dataset_with_extra_by_context', 'dataset_with_extra_from_classic_operator' retrieved from /opt/anaconda3/envs/airflow_env/lib/python3.9/site-packages/airflow/example_dags/example_outlet_event_extra.py
[2025-01-01T17:42:53.766-0800] {logging_mixin.py:190} INFO - [2025-01-01T17:42:53.765-0800] {dag.py:3239} INFO - Sync 3 DAGs
[2025-01-01T17:42:53.792-0800] {logging_mixin.py:190} INFO - [2025-01-01T17:42:53.791-0800] {dag.py:4180} INFO - Setting next_dagrun for dataset_with_extra_by_context to 2025-01-01 00:00:00+00:00, run_after=2025-01-02 00:00:00+00:00
[2025-01-01T17:42:53.797-0800] {logging_mixin.py:190} INFO - [2025-01-01T17:42:53.797-0800] {dag.py:4180} INFO - Setting next_dagrun for dataset_with_extra_by_yield to 2025-01-01 00:00:00+00:00, run_after=2025-01-02 00:00:00+00:00
[2025-01-01T17:42:53.800-0800] {logging_mixin.py:190} INFO - [2025-01-01T17:42:53.800-0800] {dag.py:4180} INFO - Setting next_dagrun for dataset_with_extra_from_classic_operator to 2025-01-01 00:00:00+00:00, run_after=2025-01-02 00:00:00+00:00
[2025-01-01T17:42:53.829-0800] {processor.py:208} INFO - Processing /opt/anaconda3/envs/airflow_env/lib/python3.9/site-packages/airflow/example_dags/example_outlet_event_extra.py took 0.362 seconds
[2025-01-01T17:55:20.940-0800] {processor.py:186} INFO - Started process (PID=30741) to work on /opt/anaconda3/envs/airflow_env/lib/python3.9/site-packages/airflow/example_dags/example_outlet_event_extra.py
[2025-01-01T17:55:20.942-0800] {processor.py:914} INFO - Processing file /opt/anaconda3/envs/airflow_env/lib/python3.9/site-packages/airflow/example_dags/example_outlet_event_extra.py for tasks to queue
[2025-01-01T17:55:20.944-0800] {logging_mixin.py:190} INFO - [2025-01-01T17:55:20.944-0800] {dagbag.py:588} INFO - Filling up the DagBag from /opt/anaconda3/envs/airflow_env/lib/python3.9/site-packages/airflow/example_dags/example_outlet_event_extra.py
[2025-01-01T17:55:21.149-0800] {processor.py:925} INFO - DAG(s) 'dataset_with_extra_by_yield', 'dataset_with_extra_from_classic_operator', 'dataset_with_extra_by_context' retrieved from /opt/anaconda3/envs/airflow_env/lib/python3.9/site-packages/airflow/example_dags/example_outlet_event_extra.py
[2025-01-01T17:55:21.340-0800] {logging_mixin.py:190} INFO - [2025-01-01T17:55:21.339-0800] {dag.py:3239} INFO - Sync 3 DAGs
[2025-01-01T17:55:21.370-0800] {logging_mixin.py:190} INFO - [2025-01-01T17:55:21.370-0800] {dag.py:4180} INFO - Setting next_dagrun for dataset_with_extra_by_context to 2025-01-01 00:00:00+00:00, run_after=2025-01-02 00:00:00+00:00
[2025-01-01T17:55:21.380-0800] {logging_mixin.py:190} INFO - [2025-01-01T17:55:21.380-0800] {dag.py:4180} INFO - Setting next_dagrun for dataset_with_extra_by_yield to 2025-01-01 00:00:00+00:00, run_after=2025-01-02 00:00:00+00:00
[2025-01-01T17:55:21.384-0800] {logging_mixin.py:190} INFO - [2025-01-01T17:55:21.384-0800] {dag.py:4180} INFO - Setting next_dagrun for dataset_with_extra_from_classic_operator to 2025-01-01 00:00:00+00:00, run_after=2025-01-02 00:00:00+00:00
[2025-01-01T17:55:21.417-0800] {processor.py:208} INFO - Processing /opt/anaconda3/envs/airflow_env/lib/python3.9/site-packages/airflow/example_dags/example_outlet_event_extra.py took 0.483 seconds
[2025-01-01T18:07:57.444-0800] {processor.py:186} INFO - Started process (PID=31977) to work on /opt/anaconda3/envs/airflow_env/lib/python3.9/site-packages/airflow/example_dags/example_outlet_event_extra.py
[2025-01-01T18:07:57.448-0800] {processor.py:914} INFO - Processing file /opt/anaconda3/envs/airflow_env/lib/python3.9/site-packages/airflow/example_dags/example_outlet_event_extra.py for tasks to queue
[2025-01-01T18:07:57.449-0800] {logging_mixin.py:190} INFO - [2025-01-01T18:07:57.449-0800] {dagbag.py:588} INFO - Filling up the DagBag from /opt/anaconda3/envs/airflow_env/lib/python3.9/site-packages/airflow/example_dags/example_outlet_event_extra.py
[2025-01-01T18:07:57.582-0800] {processor.py:925} INFO - DAG(s) 'dataset_with_extra_from_classic_operator', 'dataset_with_extra_by_context', 'dataset_with_extra_by_yield' retrieved from /opt/anaconda3/envs/airflow_env/lib/python3.9/site-packages/airflow/example_dags/example_outlet_event_extra.py
[2025-01-01T18:07:57.810-0800] {logging_mixin.py:190} INFO - [2025-01-01T18:07:57.809-0800] {dag.py:3239} INFO - Sync 3 DAGs
[2025-01-01T18:07:57.854-0800] {logging_mixin.py:190} INFO - [2025-01-01T18:07:57.854-0800] {dag.py:4180} INFO - Setting next_dagrun for dataset_with_extra_by_context to 2025-01-01 00:00:00+00:00, run_after=2025-01-02 00:00:00+00:00
[2025-01-01T18:07:57.864-0800] {logging_mixin.py:190} INFO - [2025-01-01T18:07:57.864-0800] {dag.py:4180} INFO - Setting next_dagrun for dataset_with_extra_by_yield to 2025-01-01 00:00:00+00:00, run_after=2025-01-02 00:00:00+00:00
[2025-01-01T18:07:57.869-0800] {logging_mixin.py:190} INFO - [2025-01-01T18:07:57.868-0800] {dag.py:4180} INFO - Setting next_dagrun for dataset_with_extra_from_classic_operator to 2025-01-01 00:00:00+00:00, run_after=2025-01-02 00:00:00+00:00
[2025-01-01T18:07:57.913-0800] {processor.py:208} INFO - Processing /opt/anaconda3/envs/airflow_env/lib/python3.9/site-packages/airflow/example_dags/example_outlet_event_extra.py took 0.475 seconds
[2025-01-01T18:13:43.748-0800] {processor.py:186} INFO - Started process (PID=32398) to work on /opt/anaconda3/envs/airflow_env/lib/python3.9/site-packages/airflow/example_dags/example_outlet_event_extra.py
[2025-01-01T18:13:43.751-0800] {processor.py:914} INFO - Processing file /opt/anaconda3/envs/airflow_env/lib/python3.9/site-packages/airflow/example_dags/example_outlet_event_extra.py for tasks to queue
[2025-01-01T18:13:43.754-0800] {logging_mixin.py:190} INFO - [2025-01-01T18:13:43.753-0800] {dagbag.py:588} INFO - Filling up the DagBag from /opt/anaconda3/envs/airflow_env/lib/python3.9/site-packages/airflow/example_dags/example_outlet_event_extra.py
[2025-01-01T18:13:43.959-0800] {processor.py:925} INFO - DAG(s) 'dataset_with_extra_by_yield', 'dataset_with_extra_from_classic_operator', 'dataset_with_extra_by_context' retrieved from /opt/anaconda3/envs/airflow_env/lib/python3.9/site-packages/airflow/example_dags/example_outlet_event_extra.py
[2025-01-01T18:13:44.152-0800] {logging_mixin.py:190} INFO - [2025-01-01T18:13:44.152-0800] {dag.py:3239} INFO - Sync 3 DAGs
[2025-01-01T18:13:44.183-0800] {logging_mixin.py:190} INFO - [2025-01-01T18:13:44.183-0800] {dag.py:4180} INFO - Setting next_dagrun for dataset_with_extra_by_context to 2025-01-01 00:00:00+00:00, run_after=2025-01-02 00:00:00+00:00
[2025-01-01T18:13:44.220-0800] {logging_mixin.py:190} INFO - [2025-01-01T18:13:44.220-0800] {dag.py:4180} INFO - Setting next_dagrun for dataset_with_extra_by_yield to 2025-01-01 00:00:00+00:00, run_after=2025-01-02 00:00:00+00:00
[2025-01-01T18:13:44.233-0800] {logging_mixin.py:190} INFO - [2025-01-01T18:13:44.232-0800] {dag.py:4180} INFO - Setting next_dagrun for dataset_with_extra_from_classic_operator to 2025-01-01 00:00:00+00:00, run_after=2025-01-02 00:00:00+00:00
[2025-01-01T18:13:44.272-0800] {processor.py:208} INFO - Processing /opt/anaconda3/envs/airflow_env/lib/python3.9/site-packages/airflow/example_dags/example_outlet_event_extra.py took 0.532 seconds
[2025-01-01T18:18:02.420-0800] {processor.py:186} INFO - Started process (PID=32531) to work on /opt/anaconda3/envs/airflow_env/lib/python3.9/site-packages/airflow/example_dags/example_outlet_event_extra.py
[2025-01-01T18:18:02.423-0800] {processor.py:914} INFO - Processing file /opt/anaconda3/envs/airflow_env/lib/python3.9/site-packages/airflow/example_dags/example_outlet_event_extra.py for tasks to queue
[2025-01-01T18:18:02.425-0800] {logging_mixin.py:190} INFO - [2025-01-01T18:18:02.425-0800] {dagbag.py:588} INFO - Filling up the DagBag from /opt/anaconda3/envs/airflow_env/lib/python3.9/site-packages/airflow/example_dags/example_outlet_event_extra.py
[2025-01-01T18:18:02.636-0800] {processor.py:925} INFO - DAG(s) 'dataset_with_extra_from_classic_operator', 'dataset_with_extra_by_yield', 'dataset_with_extra_by_context' retrieved from /opt/anaconda3/envs/airflow_env/lib/python3.9/site-packages/airflow/example_dags/example_outlet_event_extra.py
[2025-01-01T18:18:02.803-0800] {logging_mixin.py:190} INFO - [2025-01-01T18:18:02.803-0800] {dag.py:3239} INFO - Sync 3 DAGs
[2025-01-01T18:18:02.830-0800] {logging_mixin.py:190} INFO - [2025-01-01T18:18:02.830-0800] {dag.py:4180} INFO - Setting next_dagrun for dataset_with_extra_by_context to 2025-01-01 00:00:00+00:00, run_after=2025-01-02 00:00:00+00:00
[2025-01-01T18:18:02.836-0800] {logging_mixin.py:190} INFO - [2025-01-01T18:18:02.835-0800] {dag.py:4180} INFO - Setting next_dagrun for dataset_with_extra_by_yield to 2025-01-01 00:00:00+00:00, run_after=2025-01-02 00:00:00+00:00
[2025-01-01T18:18:02.839-0800] {logging_mixin.py:190} INFO - [2025-01-01T18:18:02.838-0800] {dag.py:4180} INFO - Setting next_dagrun for dataset_with_extra_from_classic_operator to 2025-01-01 00:00:00+00:00, run_after=2025-01-02 00:00:00+00:00
[2025-01-01T18:18:02.869-0800] {processor.py:208} INFO - Processing /opt/anaconda3/envs/airflow_env/lib/python3.9/site-packages/airflow/example_dags/example_outlet_event_extra.py took 0.454 seconds
[2025-01-01T18:21:56.602-0800] {processor.py:186} INFO - Started process (PID=32712) to work on /opt/anaconda3/envs/airflow_env/lib/python3.9/site-packages/airflow/example_dags/example_outlet_event_extra.py
[2025-01-01T18:21:56.605-0800] {processor.py:914} INFO - Processing file /opt/anaconda3/envs/airflow_env/lib/python3.9/site-packages/airflow/example_dags/example_outlet_event_extra.py for tasks to queue
[2025-01-01T18:21:56.606-0800] {logging_mixin.py:190} INFO - [2025-01-01T18:21:56.606-0800] {dagbag.py:588} INFO - Filling up the DagBag from /opt/anaconda3/envs/airflow_env/lib/python3.9/site-packages/airflow/example_dags/example_outlet_event_extra.py
[2025-01-01T18:21:56.804-0800] {processor.py:925} INFO - DAG(s) 'dataset_with_extra_by_context', 'dataset_with_extra_by_yield', 'dataset_with_extra_from_classic_operator' retrieved from /opt/anaconda3/envs/airflow_env/lib/python3.9/site-packages/airflow/example_dags/example_outlet_event_extra.py
[2025-01-01T18:21:56.969-0800] {logging_mixin.py:190} INFO - [2025-01-01T18:21:56.969-0800] {dag.py:3239} INFO - Sync 3 DAGs
[2025-01-01T18:21:56.996-0800] {logging_mixin.py:190} INFO - [2025-01-01T18:21:56.996-0800] {dag.py:4180} INFO - Setting next_dagrun for dataset_with_extra_by_context to 2025-01-01 00:00:00+00:00, run_after=2025-01-02 00:00:00+00:00
[2025-01-01T18:21:57.002-0800] {logging_mixin.py:190} INFO - [2025-01-01T18:21:57.002-0800] {dag.py:4180} INFO - Setting next_dagrun for dataset_with_extra_by_yield to 2025-01-01 00:00:00+00:00, run_after=2025-01-02 00:00:00+00:00
[2025-01-01T18:21:57.006-0800] {logging_mixin.py:190} INFO - [2025-01-01T18:21:57.005-0800] {dag.py:4180} INFO - Setting next_dagrun for dataset_with_extra_from_classic_operator to 2025-01-01 00:00:00+00:00, run_after=2025-01-02 00:00:00+00:00
[2025-01-01T18:21:57.040-0800] {processor.py:208} INFO - Processing /opt/anaconda3/envs/airflow_env/lib/python3.9/site-packages/airflow/example_dags/example_outlet_event_extra.py took 0.442 seconds
[2025-01-01T18:25:32.431-0800] {processor.py:186} INFO - Started process (PID=32925) to work on /opt/anaconda3/envs/airflow_env/lib/python3.9/site-packages/airflow/example_dags/example_outlet_event_extra.py
[2025-01-01T18:25:32.444-0800] {processor.py:914} INFO - Processing file /opt/anaconda3/envs/airflow_env/lib/python3.9/site-packages/airflow/example_dags/example_outlet_event_extra.py for tasks to queue
[2025-01-01T18:25:32.446-0800] {logging_mixin.py:190} INFO - [2025-01-01T18:25:32.445-0800] {dagbag.py:588} INFO - Filling up the DagBag from /opt/anaconda3/envs/airflow_env/lib/python3.9/site-packages/airflow/example_dags/example_outlet_event_extra.py
[2025-01-01T18:25:32.685-0800] {processor.py:925} INFO - DAG(s) 'dataset_with_extra_by_context', 'dataset_with_extra_from_classic_operator', 'dataset_with_extra_by_yield' retrieved from /opt/anaconda3/envs/airflow_env/lib/python3.9/site-packages/airflow/example_dags/example_outlet_event_extra.py
[2025-01-01T18:25:32.912-0800] {logging_mixin.py:190} INFO - [2025-01-01T18:25:32.911-0800] {dag.py:3239} INFO - Sync 3 DAGs
[2025-01-01T18:25:32.947-0800] {logging_mixin.py:190} INFO - [2025-01-01T18:25:32.947-0800] {dag.py:4180} INFO - Setting next_dagrun for dataset_with_extra_by_context to 2025-01-01 00:00:00+00:00, run_after=2025-01-02 00:00:00+00:00
[2025-01-01T18:25:32.953-0800] {logging_mixin.py:190} INFO - [2025-01-01T18:25:32.952-0800] {dag.py:4180} INFO - Setting next_dagrun for dataset_with_extra_by_yield to 2025-01-01 00:00:00+00:00, run_after=2025-01-02 00:00:00+00:00
[2025-01-01T18:25:32.956-0800] {logging_mixin.py:190} INFO - [2025-01-01T18:25:32.955-0800] {dag.py:4180} INFO - Setting next_dagrun for dataset_with_extra_from_classic_operator to 2025-01-01 00:00:00+00:00, run_after=2025-01-02 00:00:00+00:00
[2025-01-01T18:25:33.004-0800] {processor.py:208} INFO - Processing /opt/anaconda3/envs/airflow_env/lib/python3.9/site-packages/airflow/example_dags/example_outlet_event_extra.py took 0.577 seconds
[2025-01-01T18:29:02.558-0800] {processor.py:186} INFO - Started process (PID=33199) to work on /opt/anaconda3/envs/airflow_env/lib/python3.9/site-packages/airflow/example_dags/example_outlet_event_extra.py
[2025-01-01T18:29:02.560-0800] {processor.py:914} INFO - Processing file /opt/anaconda3/envs/airflow_env/lib/python3.9/site-packages/airflow/example_dags/example_outlet_event_extra.py for tasks to queue
[2025-01-01T18:29:02.561-0800] {logging_mixin.py:190} INFO - [2025-01-01T18:29:02.561-0800] {dagbag.py:588} INFO - Filling up the DagBag from /opt/anaconda3/envs/airflow_env/lib/python3.9/site-packages/airflow/example_dags/example_outlet_event_extra.py
[2025-01-01T18:29:02.921-0800] {processor.py:925} INFO - DAG(s) 'dataset_with_extra_from_classic_operator', 'dataset_with_extra_by_yield', 'dataset_with_extra_by_context' retrieved from /opt/anaconda3/envs/airflow_env/lib/python3.9/site-packages/airflow/example_dags/example_outlet_event_extra.py
[2025-01-01T18:29:03.105-0800] {logging_mixin.py:190} INFO - [2025-01-01T18:29:03.105-0800] {dag.py:3239} INFO - Sync 3 DAGs
[2025-01-01T18:29:03.138-0800] {logging_mixin.py:190} INFO - [2025-01-01T18:29:03.138-0800] {dag.py:4180} INFO - Setting next_dagrun for dataset_with_extra_by_context to 2025-01-01 00:00:00+00:00, run_after=2025-01-02 00:00:00+00:00
[2025-01-01T18:29:03.143-0800] {logging_mixin.py:190} INFO - [2025-01-01T18:29:03.143-0800] {dag.py:4180} INFO - Setting next_dagrun for dataset_with_extra_by_yield to 2025-01-01 00:00:00+00:00, run_after=2025-01-02 00:00:00+00:00
[2025-01-01T18:29:03.147-0800] {logging_mixin.py:190} INFO - [2025-01-01T18:29:03.146-0800] {dag.py:4180} INFO - Setting next_dagrun for dataset_with_extra_from_classic_operator to 2025-01-01 00:00:00+00:00, run_after=2025-01-02 00:00:00+00:00
[2025-01-01T18:29:03.175-0800] {processor.py:208} INFO - Processing /opt/anaconda3/envs/airflow_env/lib/python3.9/site-packages/airflow/example_dags/example_outlet_event_extra.py took 0.622 seconds
[2025-01-01T18:32:45.376-0800] {processor.py:186} INFO - Started process (PID=33415) to work on /opt/anaconda3/envs/airflow_env/lib/python3.9/site-packages/airflow/example_dags/example_outlet_event_extra.py
[2025-01-01T18:32:45.378-0800] {processor.py:914} INFO - Processing file /opt/anaconda3/envs/airflow_env/lib/python3.9/site-packages/airflow/example_dags/example_outlet_event_extra.py for tasks to queue
[2025-01-01T18:32:45.380-0800] {logging_mixin.py:190} INFO - [2025-01-01T18:32:45.379-0800] {dagbag.py:588} INFO - Filling up the DagBag from /opt/anaconda3/envs/airflow_env/lib/python3.9/site-packages/airflow/example_dags/example_outlet_event_extra.py
[2025-01-01T18:32:45.576-0800] {processor.py:925} INFO - DAG(s) 'dataset_with_extra_by_yield', 'dataset_with_extra_from_classic_operator', 'dataset_with_extra_by_context' retrieved from /opt/anaconda3/envs/airflow_env/lib/python3.9/site-packages/airflow/example_dags/example_outlet_event_extra.py
[2025-01-01T18:32:45.720-0800] {logging_mixin.py:190} INFO - [2025-01-01T18:32:45.719-0800] {dag.py:3239} INFO - Sync 3 DAGs
[2025-01-01T18:32:45.743-0800] {logging_mixin.py:190} INFO - [2025-01-01T18:32:45.743-0800] {dag.py:4180} INFO - Setting next_dagrun for dataset_with_extra_by_context to 2025-01-01 00:00:00+00:00, run_after=2025-01-02 00:00:00+00:00
[2025-01-01T18:32:45.748-0800] {logging_mixin.py:190} INFO - [2025-01-01T18:32:45.748-0800] {dag.py:4180} INFO - Setting next_dagrun for dataset_with_extra_by_yield to 2025-01-01 00:00:00+00:00, run_after=2025-01-02 00:00:00+00:00
[2025-01-01T18:32:45.751-0800] {logging_mixin.py:190} INFO - [2025-01-01T18:32:45.751-0800] {dag.py:4180} INFO - Setting next_dagrun for dataset_with_extra_from_classic_operator to 2025-01-01 00:00:00+00:00, run_after=2025-01-02 00:00:00+00:00
[2025-01-01T18:32:45.782-0800] {processor.py:208} INFO - Processing /opt/anaconda3/envs/airflow_env/lib/python3.9/site-packages/airflow/example_dags/example_outlet_event_extra.py took 0.410 seconds
[2025-01-01T18:38:25.608-0800] {processor.py:186} INFO - Started process (PID=33730) to work on /opt/anaconda3/envs/airflow_env/lib/python3.9/site-packages/airflow/example_dags/example_outlet_event_extra.py
[2025-01-01T18:38:25.611-0800] {processor.py:914} INFO - Processing file /opt/anaconda3/envs/airflow_env/lib/python3.9/site-packages/airflow/example_dags/example_outlet_event_extra.py for tasks to queue
[2025-01-01T18:38:25.617-0800] {logging_mixin.py:190} INFO - [2025-01-01T18:38:25.616-0800] {dagbag.py:588} INFO - Filling up the DagBag from /opt/anaconda3/envs/airflow_env/lib/python3.9/site-packages/airflow/example_dags/example_outlet_event_extra.py
[2025-01-01T18:38:25.921-0800] {processor.py:925} INFO - DAG(s) 'dataset_with_extra_from_classic_operator', 'dataset_with_extra_by_yield', 'dataset_with_extra_by_context' retrieved from /opt/anaconda3/envs/airflow_env/lib/python3.9/site-packages/airflow/example_dags/example_outlet_event_extra.py
[2025-01-01T18:38:26.221-0800] {logging_mixin.py:190} INFO - [2025-01-01T18:38:26.221-0800] {dag.py:3239} INFO - Sync 3 DAGs
[2025-01-01T18:38:26.337-0800] {logging_mixin.py:190} INFO - [2025-01-01T18:38:26.337-0800] {dag.py:4180} INFO - Setting next_dagrun for dataset_with_extra_by_context to 2025-01-01 00:00:00+00:00, run_after=2025-01-02 00:00:00+00:00
[2025-01-01T18:38:26.348-0800] {logging_mixin.py:190} INFO - [2025-01-01T18:38:26.347-0800] {dag.py:4180} INFO - Setting next_dagrun for dataset_with_extra_by_yield to 2025-01-01 00:00:00+00:00, run_after=2025-01-02 00:00:00+00:00
[2025-01-01T18:38:26.352-0800] {logging_mixin.py:190} INFO - [2025-01-01T18:38:26.351-0800] {dag.py:4180} INFO - Setting next_dagrun for dataset_with_extra_from_classic_operator to 2025-01-01 00:00:00+00:00, run_after=2025-01-02 00:00:00+00:00
[2025-01-01T18:38:26.392-0800] {processor.py:208} INFO - Processing /opt/anaconda3/envs/airflow_env/lib/python3.9/site-packages/airflow/example_dags/example_outlet_event_extra.py took 0.798 seconds
