[2025-01-01T16:16:47.594-0800] {processor.py:186} INFO - Started process (PID=26903) to work on /opt/anaconda3/envs/airflow_env/lib/python3.9/site-packages/airflow/example_dags/example_branch_datetime_operator.py
[2025-01-01T16:16:47.597-0800] {processor.py:914} INFO - Processing file /opt/anaconda3/envs/airflow_env/lib/python3.9/site-packages/airflow/example_dags/example_branch_datetime_operator.py for tasks to queue
[2025-01-01T16:16:47.598-0800] {logging_mixin.py:190} INFO - [2025-01-01T16:16:47.598-0800] {dagbag.py:588} INFO - Filling up the DagBag from /opt/anaconda3/envs/airflow_env/lib/python3.9/site-packages/airflow/example_dags/example_branch_datetime_operator.py
[2025-01-01T16:16:47.625-0800] {processor.py:925} INFO - DAG(s) 'example_branch_datetime_operator_3', 'example_branch_datetime_operator_2', 'example_branch_datetime_operator' retrieved from /opt/anaconda3/envs/airflow_env/lib/python3.9/site-packages/airflow/example_dags/example_branch_datetime_operator.py
[2025-01-01T16:16:47.826-0800] {logging_mixin.py:190} INFO - [2025-01-01T16:16:47.826-0800] {dag.py:3239} INFO - Sync 3 DAGs
[2025-01-01T16:16:47.879-0800] {logging_mixin.py:190} INFO - [2025-01-01T16:16:47.879-0800] {dag.py:4180} INFO - Setting next_dagrun for example_branch_datetime_operator to 2025-01-01 00:00:00+00:00, run_after=2025-01-02 00:00:00+00:00
[2025-01-01T16:16:47.887-0800] {logging_mixin.py:190} INFO - [2025-01-01T16:16:47.886-0800] {dag.py:4180} INFO - Setting next_dagrun for example_branch_datetime_operator_2 to 2025-01-01 00:00:00+00:00, run_after=2025-01-02 00:00:00+00:00
[2025-01-01T16:16:47.890-0800] {logging_mixin.py:190} INFO - [2025-01-01T16:16:47.890-0800] {dag.py:4180} INFO - Setting next_dagrun for example_branch_datetime_operator_3 to 2025-01-01 00:00:00+00:00, run_after=2025-01-02 00:00:00+00:00
[2025-01-01T16:16:47.919-0800] {processor.py:208} INFO - Processing /opt/anaconda3/envs/airflow_env/lib/python3.9/site-packages/airflow/example_dags/example_branch_datetime_operator.py took 0.330 seconds
[2025-01-01T16:23:50.668-0800] {processor.py:186} INFO - Started process (PID=27245) to work on /opt/anaconda3/envs/airflow_env/lib/python3.9/site-packages/airflow/example_dags/example_branch_datetime_operator.py
[2025-01-01T16:23:50.671-0800] {processor.py:914} INFO - Processing file /opt/anaconda3/envs/airflow_env/lib/python3.9/site-packages/airflow/example_dags/example_branch_datetime_operator.py for tasks to queue
[2025-01-01T16:23:50.673-0800] {logging_mixin.py:190} INFO - [2025-01-01T16:23:50.672-0800] {dagbag.py:588} INFO - Filling up the DagBag from /opt/anaconda3/envs/airflow_env/lib/python3.9/site-packages/airflow/example_dags/example_branch_datetime_operator.py
[2025-01-01T16:23:50.692-0800] {processor.py:925} INFO - DAG(s) 'example_branch_datetime_operator_2', 'example_branch_datetime_operator', 'example_branch_datetime_operator_3' retrieved from /opt/anaconda3/envs/airflow_env/lib/python3.9/site-packages/airflow/example_dags/example_branch_datetime_operator.py
[2025-01-01T16:23:50.839-0800] {logging_mixin.py:190} INFO - [2025-01-01T16:23:50.838-0800] {dag.py:3239} INFO - Sync 3 DAGs
[2025-01-01T16:23:50.878-0800] {logging_mixin.py:190} INFO - [2025-01-01T16:23:50.878-0800] {dag.py:4180} INFO - Setting next_dagrun for example_branch_datetime_operator to 2025-01-01 00:00:00+00:00, run_after=2025-01-02 00:00:00+00:00
[2025-01-01T16:23:50.883-0800] {logging_mixin.py:190} INFO - [2025-01-01T16:23:50.883-0800] {dag.py:4180} INFO - Setting next_dagrun for example_branch_datetime_operator_2 to 2025-01-01 00:00:00+00:00, run_after=2025-01-02 00:00:00+00:00
[2025-01-01T16:23:50.886-0800] {logging_mixin.py:190} INFO - [2025-01-01T16:23:50.886-0800] {dag.py:4180} INFO - Setting next_dagrun for example_branch_datetime_operator_3 to 2025-01-01 00:00:00+00:00, run_after=2025-01-02 00:00:00+00:00
[2025-01-01T16:23:50.906-0800] {processor.py:208} INFO - Processing /opt/anaconda3/envs/airflow_env/lib/python3.9/site-packages/airflow/example_dags/example_branch_datetime_operator.py took 0.244 seconds
[2025-01-01T16:29:32.325-0800] {processor.py:186} INFO - Started process (PID=27454) to work on /opt/anaconda3/envs/airflow_env/lib/python3.9/site-packages/airflow/example_dags/example_branch_datetime_operator.py
[2025-01-01T16:29:32.327-0800] {processor.py:914} INFO - Processing file /opt/anaconda3/envs/airflow_env/lib/python3.9/site-packages/airflow/example_dags/example_branch_datetime_operator.py for tasks to queue
[2025-01-01T16:29:32.329-0800] {logging_mixin.py:190} INFO - [2025-01-01T16:29:32.328-0800] {dagbag.py:588} INFO - Filling up the DagBag from /opt/anaconda3/envs/airflow_env/lib/python3.9/site-packages/airflow/example_dags/example_branch_datetime_operator.py
[2025-01-01T16:29:32.353-0800] {processor.py:925} INFO - DAG(s) 'example_branch_datetime_operator', 'example_branch_datetime_operator_3', 'example_branch_datetime_operator_2' retrieved from /opt/anaconda3/envs/airflow_env/lib/python3.9/site-packages/airflow/example_dags/example_branch_datetime_operator.py
[2025-01-01T16:29:32.483-0800] {logging_mixin.py:190} INFO - [2025-01-01T16:29:32.483-0800] {dag.py:3239} INFO - Sync 3 DAGs
[2025-01-01T16:29:32.506-0800] {logging_mixin.py:190} INFO - [2025-01-01T16:29:32.506-0800] {dag.py:4180} INFO - Setting next_dagrun for example_branch_datetime_operator to 2025-01-01 00:00:00+00:00, run_after=2025-01-02 00:00:00+00:00
[2025-01-01T16:29:32.512-0800] {logging_mixin.py:190} INFO - [2025-01-01T16:29:32.511-0800] {dag.py:4180} INFO - Setting next_dagrun for example_branch_datetime_operator_2 to 2025-01-01 00:00:00+00:00, run_after=2025-01-02 00:00:00+00:00
[2025-01-01T16:29:32.514-0800] {logging_mixin.py:190} INFO - [2025-01-01T16:29:32.514-0800] {dag.py:4180} INFO - Setting next_dagrun for example_branch_datetime_operator_3 to 2025-01-01 00:00:00+00:00, run_after=2025-01-02 00:00:00+00:00
[2025-01-01T16:29:32.538-0800] {processor.py:208} INFO - Processing /opt/anaconda3/envs/airflow_env/lib/python3.9/site-packages/airflow/example_dags/example_branch_datetime_operator.py took 0.218 seconds
[2025-01-01T17:09:47.700-0800] {processor.py:186} INFO - Started process (PID=27828) to work on /opt/anaconda3/envs/airflow_env/lib/python3.9/site-packages/airflow/example_dags/example_branch_datetime_operator.py
[2025-01-01T17:09:47.703-0800] {processor.py:914} INFO - Processing file /opt/anaconda3/envs/airflow_env/lib/python3.9/site-packages/airflow/example_dags/example_branch_datetime_operator.py for tasks to queue
[2025-01-01T17:09:47.704-0800] {logging_mixin.py:190} INFO - [2025-01-01T17:09:47.704-0800] {dagbag.py:588} INFO - Filling up the DagBag from /opt/anaconda3/envs/airflow_env/lib/python3.9/site-packages/airflow/example_dags/example_branch_datetime_operator.py
[2025-01-01T17:09:47.728-0800] {processor.py:925} INFO - DAG(s) 'example_branch_datetime_operator', 'example_branch_datetime_operator_3', 'example_branch_datetime_operator_2' retrieved from /opt/anaconda3/envs/airflow_env/lib/python3.9/site-packages/airflow/example_dags/example_branch_datetime_operator.py
[2025-01-01T17:09:47.924-0800] {logging_mixin.py:190} INFO - [2025-01-01T17:09:47.924-0800] {dag.py:3239} INFO - Sync 3 DAGs
[2025-01-01T17:09:47.976-0800] {logging_mixin.py:190} INFO - [2025-01-01T17:09:47.976-0800] {dag.py:4180} INFO - Setting next_dagrun for example_branch_datetime_operator to 2025-01-01 00:00:00+00:00, run_after=2025-01-02 00:00:00+00:00
[2025-01-01T17:09:47.981-0800] {logging_mixin.py:190} INFO - [2025-01-01T17:09:47.981-0800] {dag.py:4180} INFO - Setting next_dagrun for example_branch_datetime_operator_2 to 2025-01-01 00:00:00+00:00, run_after=2025-01-02 00:00:00+00:00
[2025-01-01T17:09:47.985-0800] {logging_mixin.py:190} INFO - [2025-01-01T17:09:47.984-0800] {dag.py:4180} INFO - Setting next_dagrun for example_branch_datetime_operator_3 to 2025-01-01 00:00:00+00:00, run_after=2025-01-02 00:00:00+00:00
[2025-01-01T17:09:48.016-0800] {processor.py:208} INFO - Processing /opt/anaconda3/envs/airflow_env/lib/python3.9/site-packages/airflow/example_dags/example_branch_datetime_operator.py took 0.320 seconds
[2025-01-01T17:17:13.650-0800] {processor.py:186} INFO - Started process (PID=28122) to work on /opt/anaconda3/envs/airflow_env/lib/python3.9/site-packages/airflow/example_dags/example_branch_datetime_operator.py
[2025-01-01T17:17:13.652-0800] {processor.py:914} INFO - Processing file /opt/anaconda3/envs/airflow_env/lib/python3.9/site-packages/airflow/example_dags/example_branch_datetime_operator.py for tasks to queue
[2025-01-01T17:17:13.654-0800] {logging_mixin.py:190} INFO - [2025-01-01T17:17:13.654-0800] {dagbag.py:588} INFO - Filling up the DagBag from /opt/anaconda3/envs/airflow_env/lib/python3.9/site-packages/airflow/example_dags/example_branch_datetime_operator.py
[2025-01-01T17:17:13.670-0800] {processor.py:925} INFO - DAG(s) 'example_branch_datetime_operator', 'example_branch_datetime_operator_3', 'example_branch_datetime_operator_2' retrieved from /opt/anaconda3/envs/airflow_env/lib/python3.9/site-packages/airflow/example_dags/example_branch_datetime_operator.py
[2025-01-01T17:17:13.823-0800] {logging_mixin.py:190} INFO - [2025-01-01T17:17:13.823-0800] {dag.py:3239} INFO - Sync 3 DAGs
[2025-01-01T17:17:13.862-0800] {logging_mixin.py:190} INFO - [2025-01-01T17:17:13.862-0800] {dag.py:4180} INFO - Setting next_dagrun for example_branch_datetime_operator to 2025-01-01 00:00:00+00:00, run_after=2025-01-02 00:00:00+00:00
[2025-01-01T17:17:13.868-0800] {logging_mixin.py:190} INFO - [2025-01-01T17:17:13.867-0800] {dag.py:4180} INFO - Setting next_dagrun for example_branch_datetime_operator_2 to 2025-01-01 00:00:00+00:00, run_after=2025-01-02 00:00:00+00:00
[2025-01-01T17:17:13.871-0800] {logging_mixin.py:190} INFO - [2025-01-01T17:17:13.871-0800] {dag.py:4180} INFO - Setting next_dagrun for example_branch_datetime_operator_3 to 2025-01-01 00:00:00+00:00, run_after=2025-01-02 00:00:00+00:00
[2025-01-01T17:17:13.894-0800] {processor.py:208} INFO - Processing /opt/anaconda3/envs/airflow_env/lib/python3.9/site-packages/airflow/example_dags/example_branch_datetime_operator.py took 0.249 seconds
[2025-01-01T17:24:41.431-0800] {processor.py:186} INFO - Started process (PID=28477) to work on /opt/anaconda3/envs/airflow_env/lib/python3.9/site-packages/airflow/example_dags/example_branch_datetime_operator.py
[2025-01-01T17:24:41.434-0800] {processor.py:914} INFO - Processing file /opt/anaconda3/envs/airflow_env/lib/python3.9/site-packages/airflow/example_dags/example_branch_datetime_operator.py for tasks to queue
[2025-01-01T17:24:41.435-0800] {logging_mixin.py:190} INFO - [2025-01-01T17:24:41.435-0800] {dagbag.py:588} INFO - Filling up the DagBag from /opt/anaconda3/envs/airflow_env/lib/python3.9/site-packages/airflow/example_dags/example_branch_datetime_operator.py
[2025-01-01T17:24:41.454-0800] {processor.py:925} INFO - DAG(s) 'example_branch_datetime_operator_3', 'example_branch_datetime_operator', 'example_branch_datetime_operator_2' retrieved from /opt/anaconda3/envs/airflow_env/lib/python3.9/site-packages/airflow/example_dags/example_branch_datetime_operator.py
[2025-01-01T17:24:41.593-0800] {logging_mixin.py:190} INFO - [2025-01-01T17:24:41.593-0800] {dag.py:3239} INFO - Sync 3 DAGs
[2025-01-01T17:24:41.620-0800] {logging_mixin.py:190} INFO - [2025-01-01T17:24:41.620-0800] {dag.py:4180} INFO - Setting next_dagrun for example_branch_datetime_operator to 2025-01-01 00:00:00+00:00, run_after=2025-01-02 00:00:00+00:00
[2025-01-01T17:24:41.626-0800] {logging_mixin.py:190} INFO - [2025-01-01T17:24:41.626-0800] {dag.py:4180} INFO - Setting next_dagrun for example_branch_datetime_operator_2 to 2025-01-01 00:00:00+00:00, run_after=2025-01-02 00:00:00+00:00
[2025-01-01T17:24:41.629-0800] {logging_mixin.py:190} INFO - [2025-01-01T17:24:41.629-0800] {dag.py:4180} INFO - Setting next_dagrun for example_branch_datetime_operator_3 to 2025-01-01 00:00:00+00:00, run_after=2025-01-02 00:00:00+00:00
[2025-01-01T17:24:41.648-0800] {processor.py:208} INFO - Processing /opt/anaconda3/envs/airflow_env/lib/python3.9/site-packages/airflow/example_dags/example_branch_datetime_operator.py took 0.221 seconds
[2025-01-01T17:34:02.195-0800] {processor.py:186} INFO - Started process (PID=29148) to work on /opt/anaconda3/envs/airflow_env/lib/python3.9/site-packages/airflow/example_dags/example_branch_datetime_operator.py
[2025-01-01T17:34:02.197-0800] {processor.py:914} INFO - Processing file /opt/anaconda3/envs/airflow_env/lib/python3.9/site-packages/airflow/example_dags/example_branch_datetime_operator.py for tasks to queue
[2025-01-01T17:34:02.198-0800] {logging_mixin.py:190} INFO - [2025-01-01T17:34:02.198-0800] {dagbag.py:588} INFO - Filling up the DagBag from /opt/anaconda3/envs/airflow_env/lib/python3.9/site-packages/airflow/example_dags/example_branch_datetime_operator.py
[2025-01-01T17:34:02.217-0800] {processor.py:925} INFO - DAG(s) 'example_branch_datetime_operator', 'example_branch_datetime_operator_2', 'example_branch_datetime_operator_3' retrieved from /opt/anaconda3/envs/airflow_env/lib/python3.9/site-packages/airflow/example_dags/example_branch_datetime_operator.py
[2025-01-01T17:34:02.393-0800] {logging_mixin.py:190} INFO - [2025-01-01T17:34:02.392-0800] {dag.py:3239} INFO - Sync 3 DAGs
[2025-01-01T17:34:02.433-0800] {logging_mixin.py:190} INFO - [2025-01-01T17:34:02.433-0800] {dag.py:4180} INFO - Setting next_dagrun for example_branch_datetime_operator to 2025-01-01 00:00:00+00:00, run_after=2025-01-02 00:00:00+00:00
[2025-01-01T17:34:02.443-0800] {logging_mixin.py:190} INFO - [2025-01-01T17:34:02.442-0800] {dag.py:4180} INFO - Setting next_dagrun for example_branch_datetime_operator_2 to 2025-01-01 00:00:00+00:00, run_after=2025-01-02 00:00:00+00:00
[2025-01-01T17:34:02.450-0800] {logging_mixin.py:190} INFO - [2025-01-01T17:34:02.450-0800] {dag.py:4180} INFO - Setting next_dagrun for example_branch_datetime_operator_3 to 2025-01-01 00:00:00+00:00, run_after=2025-01-02 00:00:00+00:00
[2025-01-01T17:34:02.479-0800] {processor.py:208} INFO - Processing /opt/anaconda3/envs/airflow_env/lib/python3.9/site-packages/airflow/example_dags/example_branch_datetime_operator.py took 0.291 seconds
[2025-01-01T17:45:57.573-0800] {processor.py:186} INFO - Started process (PID=30165) to work on /opt/anaconda3/envs/airflow_env/lib/python3.9/site-packages/airflow/example_dags/example_branch_datetime_operator.py
[2025-01-01T17:45:57.575-0800] {processor.py:914} INFO - Processing file /opt/anaconda3/envs/airflow_env/lib/python3.9/site-packages/airflow/example_dags/example_branch_datetime_operator.py for tasks to queue
[2025-01-01T17:45:57.577-0800] {logging_mixin.py:190} INFO - [2025-01-01T17:45:57.577-0800] {dagbag.py:588} INFO - Filling up the DagBag from /opt/anaconda3/envs/airflow_env/lib/python3.9/site-packages/airflow/example_dags/example_branch_datetime_operator.py
[2025-01-01T17:45:57.592-0800] {processor.py:925} INFO - DAG(s) 'example_branch_datetime_operator_2', 'example_branch_datetime_operator', 'example_branch_datetime_operator_3' retrieved from /opt/anaconda3/envs/airflow_env/lib/python3.9/site-packages/airflow/example_dags/example_branch_datetime_operator.py
[2025-01-01T17:45:57.733-0800] {logging_mixin.py:190} INFO - [2025-01-01T17:45:57.733-0800] {dag.py:3239} INFO - Sync 3 DAGs
[2025-01-01T17:45:57.759-0800] {logging_mixin.py:190} INFO - [2025-01-01T17:45:57.759-0800] {dag.py:4180} INFO - Setting next_dagrun for example_branch_datetime_operator to 2025-01-01 00:00:00+00:00, run_after=2025-01-02 00:00:00+00:00
[2025-01-01T17:45:57.771-0800] {logging_mixin.py:190} INFO - [2025-01-01T17:45:57.771-0800] {dag.py:4180} INFO - Setting next_dagrun for example_branch_datetime_operator_2 to 2025-01-01 00:00:00+00:00, run_after=2025-01-02 00:00:00+00:00
[2025-01-01T17:45:57.777-0800] {logging_mixin.py:190} INFO - [2025-01-01T17:45:57.777-0800] {dag.py:4180} INFO - Setting next_dagrun for example_branch_datetime_operator_3 to 2025-01-01 00:00:00+00:00, run_after=2025-01-02 00:00:00+00:00
[2025-01-01T17:45:57.798-0800] {processor.py:208} INFO - Processing /opt/anaconda3/envs/airflow_env/lib/python3.9/site-packages/airflow/example_dags/example_branch_datetime_operator.py took 0.229 seconds
[2025-01-01T18:01:22.984-0800] {processor.py:186} INFO - Started process (PID=31299) to work on /opt/anaconda3/envs/airflow_env/lib/python3.9/site-packages/airflow/example_dags/example_branch_datetime_operator.py
[2025-01-01T18:01:22.988-0800] {processor.py:914} INFO - Processing file /opt/anaconda3/envs/airflow_env/lib/python3.9/site-packages/airflow/example_dags/example_branch_datetime_operator.py for tasks to queue
[2025-01-01T18:01:22.989-0800] {logging_mixin.py:190} INFO - [2025-01-01T18:01:22.989-0800] {dagbag.py:588} INFO - Filling up the DagBag from /opt/anaconda3/envs/airflow_env/lib/python3.9/site-packages/airflow/example_dags/example_branch_datetime_operator.py
[2025-01-01T18:01:23.006-0800] {processor.py:925} INFO - DAG(s) 'example_branch_datetime_operator', 'example_branch_datetime_operator_3', 'example_branch_datetime_operator_2' retrieved from /opt/anaconda3/envs/airflow_env/lib/python3.9/site-packages/airflow/example_dags/example_branch_datetime_operator.py
[2025-01-01T18:01:23.148-0800] {logging_mixin.py:190} INFO - [2025-01-01T18:01:23.148-0800] {dag.py:3239} INFO - Sync 3 DAGs
[2025-01-01T18:01:23.172-0800] {logging_mixin.py:190} INFO - [2025-01-01T18:01:23.172-0800] {dag.py:4180} INFO - Setting next_dagrun for example_branch_datetime_operator to 2025-01-01 00:00:00+00:00, run_after=2025-01-02 00:00:00+00:00
[2025-01-01T18:01:23.178-0800] {logging_mixin.py:190} INFO - [2025-01-01T18:01:23.178-0800] {dag.py:4180} INFO - Setting next_dagrun for example_branch_datetime_operator_2 to 2025-01-01 00:00:00+00:00, run_after=2025-01-02 00:00:00+00:00
[2025-01-01T18:01:23.181-0800] {logging_mixin.py:190} INFO - [2025-01-01T18:01:23.181-0800] {dag.py:4180} INFO - Setting next_dagrun for example_branch_datetime_operator_3 to 2025-01-01 00:00:00+00:00, run_after=2025-01-02 00:00:00+00:00
[2025-01-01T18:01:23.201-0800] {processor.py:208} INFO - Processing /opt/anaconda3/envs/airflow_env/lib/python3.9/site-packages/airflow/example_dags/example_branch_datetime_operator.py took 0.221 seconds
[2025-01-01T18:15:11.231-0800] {processor.py:186} INFO - Started process (PID=32450) to work on /opt/anaconda3/envs/airflow_env/lib/python3.9/site-packages/airflow/example_dags/example_branch_datetime_operator.py
[2025-01-01T18:15:11.233-0800] {processor.py:914} INFO - Processing file /opt/anaconda3/envs/airflow_env/lib/python3.9/site-packages/airflow/example_dags/example_branch_datetime_operator.py for tasks to queue
[2025-01-01T18:15:11.235-0800] {logging_mixin.py:190} INFO - [2025-01-01T18:15:11.234-0800] {dagbag.py:588} INFO - Filling up the DagBag from /opt/anaconda3/envs/airflow_env/lib/python3.9/site-packages/airflow/example_dags/example_branch_datetime_operator.py
[2025-01-01T18:15:11.257-0800] {processor.py:925} INFO - DAG(s) 'example_branch_datetime_operator_3', 'example_branch_datetime_operator_2', 'example_branch_datetime_operator' retrieved from /opt/anaconda3/envs/airflow_env/lib/python3.9/site-packages/airflow/example_dags/example_branch_datetime_operator.py
[2025-01-01T18:15:11.454-0800] {logging_mixin.py:190} INFO - [2025-01-01T18:15:11.453-0800] {dag.py:3239} INFO - Sync 3 DAGs
[2025-01-01T18:15:11.491-0800] {logging_mixin.py:190} INFO - [2025-01-01T18:15:11.491-0800] {dag.py:4180} INFO - Setting next_dagrun for example_branch_datetime_operator to 2025-01-01 00:00:00+00:00, run_after=2025-01-02 00:00:00+00:00
[2025-01-01T18:15:11.501-0800] {logging_mixin.py:190} INFO - [2025-01-01T18:15:11.501-0800] {dag.py:4180} INFO - Setting next_dagrun for example_branch_datetime_operator_2 to 2025-01-01 00:00:00+00:00, run_after=2025-01-02 00:00:00+00:00
[2025-01-01T18:15:11.504-0800] {logging_mixin.py:190} INFO - [2025-01-01T18:15:11.504-0800] {dag.py:4180} INFO - Setting next_dagrun for example_branch_datetime_operator_3 to 2025-01-01 00:00:00+00:00, run_after=2025-01-02 00:00:00+00:00
[2025-01-01T18:15:11.530-0800] {processor.py:208} INFO - Processing /opt/anaconda3/envs/airflow_env/lib/python3.9/site-packages/airflow/example_dags/example_branch_datetime_operator.py took 0.306 seconds
[2025-01-01T18:23:03.827-0800] {processor.py:186} INFO - Started process (PID=32803) to work on /opt/anaconda3/envs/airflow_env/lib/python3.9/site-packages/airflow/example_dags/example_branch_datetime_operator.py
[2025-01-01T18:23:03.831-0800] {processor.py:914} INFO - Processing file /opt/anaconda3/envs/airflow_env/lib/python3.9/site-packages/airflow/example_dags/example_branch_datetime_operator.py for tasks to queue
[2025-01-01T18:23:03.832-0800] {logging_mixin.py:190} INFO - [2025-01-01T18:23:03.832-0800] {dagbag.py:588} INFO - Filling up the DagBag from /opt/anaconda3/envs/airflow_env/lib/python3.9/site-packages/airflow/example_dags/example_branch_datetime_operator.py
[2025-01-01T18:23:03.857-0800] {processor.py:925} INFO - DAG(s) 'example_branch_datetime_operator', 'example_branch_datetime_operator_3', 'example_branch_datetime_operator_2' retrieved from /opt/anaconda3/envs/airflow_env/lib/python3.9/site-packages/airflow/example_dags/example_branch_datetime_operator.py
[2025-01-01T18:23:04.101-0800] {logging_mixin.py:190} INFO - [2025-01-01T18:23:04.101-0800] {dag.py:3239} INFO - Sync 3 DAGs
[2025-01-01T18:23:04.128-0800] {logging_mixin.py:190} INFO - [2025-01-01T18:23:04.127-0800] {dag.py:4180} INFO - Setting next_dagrun for example_branch_datetime_operator to 2025-01-01 00:00:00+00:00, run_after=2025-01-02 00:00:00+00:00
[2025-01-01T18:23:04.134-0800] {logging_mixin.py:190} INFO - [2025-01-01T18:23:04.133-0800] {dag.py:4180} INFO - Setting next_dagrun for example_branch_datetime_operator_2 to 2025-01-01 00:00:00+00:00, run_after=2025-01-02 00:00:00+00:00
[2025-01-01T18:23:04.137-0800] {logging_mixin.py:190} INFO - [2025-01-01T18:23:04.137-0800] {dag.py:4180} INFO - Setting next_dagrun for example_branch_datetime_operator_3 to 2025-01-01 00:00:00+00:00, run_after=2025-01-02 00:00:00+00:00
[2025-01-01T18:23:04.160-0800] {processor.py:208} INFO - Processing /opt/anaconda3/envs/airflow_env/lib/python3.9/site-packages/airflow/example_dags/example_branch_datetime_operator.py took 0.341 seconds
[2025-01-01T18:30:18.601-0800] {processor.py:186} INFO - Started process (PID=33260) to work on /opt/anaconda3/envs/airflow_env/lib/python3.9/site-packages/airflow/example_dags/example_branch_datetime_operator.py
[2025-01-01T18:30:18.604-0800] {processor.py:914} INFO - Processing file /opt/anaconda3/envs/airflow_env/lib/python3.9/site-packages/airflow/example_dags/example_branch_datetime_operator.py for tasks to queue
[2025-01-01T18:30:18.607-0800] {logging_mixin.py:190} INFO - [2025-01-01T18:30:18.606-0800] {dagbag.py:588} INFO - Filling up the DagBag from /opt/anaconda3/envs/airflow_env/lib/python3.9/site-packages/airflow/example_dags/example_branch_datetime_operator.py
[2025-01-01T18:30:18.642-0800] {processor.py:925} INFO - DAG(s) 'example_branch_datetime_operator', 'example_branch_datetime_operator_3', 'example_branch_datetime_operator_2' retrieved from /opt/anaconda3/envs/airflow_env/lib/python3.9/site-packages/airflow/example_dags/example_branch_datetime_operator.py
[2025-01-01T18:30:18.799-0800] {logging_mixin.py:190} INFO - [2025-01-01T18:30:18.798-0800] {dag.py:3239} INFO - Sync 3 DAGs
[2025-01-01T18:30:18.824-0800] {logging_mixin.py:190} INFO - [2025-01-01T18:30:18.824-0800] {dag.py:4180} INFO - Setting next_dagrun for example_branch_datetime_operator to 2025-01-01 00:00:00+00:00, run_after=2025-01-02 00:00:00+00:00
[2025-01-01T18:30:18.833-0800] {logging_mixin.py:190} INFO - [2025-01-01T18:30:18.832-0800] {dag.py:4180} INFO - Setting next_dagrun for example_branch_datetime_operator_2 to 2025-01-01 00:00:00+00:00, run_after=2025-01-02 00:00:00+00:00
[2025-01-01T18:30:18.836-0800] {logging_mixin.py:190} INFO - [2025-01-01T18:30:18.836-0800] {dag.py:4180} INFO - Setting next_dagrun for example_branch_datetime_operator_3 to 2025-01-01 00:00:00+00:00, run_after=2025-01-02 00:00:00+00:00
[2025-01-01T18:30:18.861-0800] {processor.py:208} INFO - Processing /opt/anaconda3/envs/airflow_env/lib/python3.9/site-packages/airflow/example_dags/example_branch_datetime_operator.py took 0.265 seconds
[2025-01-01T18:40:03.505-0800] {processor.py:186} INFO - Started process (PID=33857) to work on /opt/anaconda3/envs/airflow_env/lib/python3.9/site-packages/airflow/example_dags/example_branch_datetime_operator.py
[2025-01-01T18:40:03.508-0800] {processor.py:914} INFO - Processing file /opt/anaconda3/envs/airflow_env/lib/python3.9/site-packages/airflow/example_dags/example_branch_datetime_operator.py for tasks to queue
[2025-01-01T18:40:03.509-0800] {logging_mixin.py:190} INFO - [2025-01-01T18:40:03.509-0800] {dagbag.py:588} INFO - Filling up the DagBag from /opt/anaconda3/envs/airflow_env/lib/python3.9/site-packages/airflow/example_dags/example_branch_datetime_operator.py
[2025-01-01T18:40:03.537-0800] {processor.py:925} INFO - DAG(s) 'example_branch_datetime_operator_3', 'example_branch_datetime_operator', 'example_branch_datetime_operator_2' retrieved from /opt/anaconda3/envs/airflow_env/lib/python3.9/site-packages/airflow/example_dags/example_branch_datetime_operator.py
[2025-01-01T18:40:03.875-0800] {logging_mixin.py:190} INFO - [2025-01-01T18:40:03.874-0800] {dag.py:3239} INFO - Sync 3 DAGs
[2025-01-01T18:40:04.192-0800] {logging_mixin.py:190} INFO - [2025-01-01T18:40:04.191-0800] {dag.py:4180} INFO - Setting next_dagrun for example_branch_datetime_operator to 2025-01-01 00:00:00+00:00, run_after=2025-01-02 00:00:00+00:00
[2025-01-01T18:40:04.214-0800] {logging_mixin.py:190} INFO - [2025-01-01T18:40:04.213-0800] {dag.py:4180} INFO - Setting next_dagrun for example_branch_datetime_operator_2 to 2025-01-01 00:00:00+00:00, run_after=2025-01-02 00:00:00+00:00
[2025-01-01T18:40:04.225-0800] {logging_mixin.py:190} INFO - [2025-01-01T18:40:04.224-0800] {dag.py:4180} INFO - Setting next_dagrun for example_branch_datetime_operator_3 to 2025-01-01 00:00:00+00:00, run_after=2025-01-02 00:00:00+00:00
[2025-01-01T18:40:04.261-0800] {processor.py:208} INFO - Processing /opt/anaconda3/envs/airflow_env/lib/python3.9/site-packages/airflow/example_dags/example_branch_datetime_operator.py took 0.762 seconds
