[2025-01-01T16:12:41.847-0800] {processor.py:186} INFO - Started process (PID=26641) to work on /opt/anaconda3/envs/airflow_env/lib/python3.9/site-packages/airflow/example_dags/example_datasets.py
[2025-01-01T16:12:41.849-0800] {processor.py:914} INFO - Processing file /opt/anaconda3/envs/airflow_env/lib/python3.9/site-packages/airflow/example_dags/example_datasets.py for tasks to queue
[2025-01-01T16:12:41.850-0800] {logging_mixin.py:190} INFO - [2025-01-01T16:12:41.849-0800] {dagbag.py:588} INFO - Filling up the DagBag from /opt/anaconda3/envs/airflow_env/lib/python3.9/site-packages/airflow/example_dags/example_datasets.py
[2025-01-01T16:12:41.974-0800] {processor.py:925} INFO - DAG(s) 'consume_1_and_2_with_dataset_expressions', 'consume_1_or_2_with_dataset_expressions', 'dataset_consumes_1', 'dataset_produces_1', 'consume_1_or_both_2_and_3_with_dataset_expressions', 'dataset_produces_2', 'dataset_consumes_1_never_scheduled', 'dataset_consumes_unknown_never_scheduled', 'dataset_consumes_1_and_2', 'conditional_dataset_and_time_based_timetable' retrieved from /opt/anaconda3/envs/airflow_env/lib/python3.9/site-packages/airflow/example_dags/example_datasets.py
[2025-01-01T16:12:42.122-0800] {logging_mixin.py:190} INFO - [2025-01-01T16:12:42.122-0800] {dag.py:3239} INFO - Sync 10 DAGs
[2025-01-01T16:12:42.148-0800] {logging_mixin.py:190} INFO - [2025-01-01T16:12:42.148-0800] {dag.py:4180} INFO - Setting next_dagrun for conditional_dataset_and_time_based_timetable to 2025-01-01 01:00:00+00:00, run_after=2025-01-01 01:00:00+00:00
[2025-01-01T16:12:42.153-0800] {logging_mixin.py:190} INFO - [2025-01-01T16:12:42.153-0800] {dag.py:4180} INFO - Setting next_dagrun for consume_1_and_2_with_dataset_expressions to None, run_after=None
[2025-01-01T16:12:42.154-0800] {logging_mixin.py:190} INFO - [2025-01-01T16:12:42.154-0800] {dag.py:4180} INFO - Setting next_dagrun for consume_1_or_2_with_dataset_expressions to None, run_after=None
[2025-01-01T16:12:42.155-0800] {logging_mixin.py:190} INFO - [2025-01-01T16:12:42.155-0800] {dag.py:4180} INFO - Setting next_dagrun for consume_1_or_both_2_and_3_with_dataset_expressions to None, run_after=None
[2025-01-01T16:12:42.157-0800] {logging_mixin.py:190} INFO - [2025-01-01T16:12:42.156-0800] {dag.py:4180} INFO - Setting next_dagrun for dataset_consumes_1 to None, run_after=None
[2025-01-01T16:12:42.158-0800] {logging_mixin.py:190} INFO - [2025-01-01T16:12:42.158-0800] {dag.py:4180} INFO - Setting next_dagrun for dataset_consumes_1_and_2 to None, run_after=None
[2025-01-01T16:12:42.159-0800] {logging_mixin.py:190} INFO - [2025-01-01T16:12:42.159-0800] {dag.py:4180} INFO - Setting next_dagrun for dataset_consumes_1_never_scheduled to None, run_after=None
[2025-01-01T16:12:42.160-0800] {logging_mixin.py:190} INFO - [2025-01-01T16:12:42.160-0800] {dag.py:4180} INFO - Setting next_dagrun for dataset_consumes_unknown_never_scheduled to None, run_after=None
[2025-01-01T16:12:42.163-0800] {logging_mixin.py:190} INFO - [2025-01-01T16:12:42.163-0800] {dag.py:4180} INFO - Setting next_dagrun for dataset_produces_1 to 2025-01-01 00:00:00+00:00, run_after=2025-01-02 00:00:00+00:00
[2025-01-01T16:12:42.164-0800] {logging_mixin.py:190} INFO - [2025-01-01T16:12:42.164-0800] {dag.py:4180} INFO - Setting next_dagrun for dataset_produces_2 to None, run_after=None
[2025-01-01T16:12:42.209-0800] {processor.py:208} INFO - Processing /opt/anaconda3/envs/airflow_env/lib/python3.9/site-packages/airflow/example_dags/example_datasets.py took 0.366 seconds
[2025-01-01T16:20:27.112-0800] {processor.py:186} INFO - Started process (PID=27111) to work on /opt/anaconda3/envs/airflow_env/lib/python3.9/site-packages/airflow/example_dags/example_datasets.py
[2025-01-01T16:20:27.118-0800] {processor.py:914} INFO - Processing file /opt/anaconda3/envs/airflow_env/lib/python3.9/site-packages/airflow/example_dags/example_datasets.py for tasks to queue
[2025-01-01T16:20:27.120-0800] {logging_mixin.py:190} INFO - [2025-01-01T16:20:27.120-0800] {dagbag.py:588} INFO - Filling up the DagBag from /opt/anaconda3/envs/airflow_env/lib/python3.9/site-packages/airflow/example_dags/example_datasets.py
[2025-01-01T16:20:27.233-0800] {processor.py:925} INFO - DAG(s) 'consume_1_and_2_with_dataset_expressions', 'consume_1_or_both_2_and_3_with_dataset_expressions', 'conditional_dataset_and_time_based_timetable', 'dataset_consumes_1_never_scheduled', 'dataset_produces_1', 'dataset_consumes_1_and_2', 'dataset_consumes_unknown_never_scheduled', 'dataset_consumes_1', 'consume_1_or_2_with_dataset_expressions', 'dataset_produces_2' retrieved from /opt/anaconda3/envs/airflow_env/lib/python3.9/site-packages/airflow/example_dags/example_datasets.py
[2025-01-01T16:20:27.422-0800] {logging_mixin.py:190} INFO - [2025-01-01T16:20:27.421-0800] {dag.py:3239} INFO - Sync 10 DAGs
[2025-01-01T16:20:27.449-0800] {logging_mixin.py:190} INFO - [2025-01-01T16:20:27.448-0800] {dag.py:4180} INFO - Setting next_dagrun for conditional_dataset_and_time_based_timetable to 2025-01-01 01:00:00+00:00, run_after=2025-01-01 01:00:00+00:00
[2025-01-01T16:20:27.452-0800] {logging_mixin.py:190} INFO - [2025-01-01T16:20:27.452-0800] {dag.py:4180} INFO - Setting next_dagrun for consume_1_and_2_with_dataset_expressions to None, run_after=None
[2025-01-01T16:20:27.453-0800] {logging_mixin.py:190} INFO - [2025-01-01T16:20:27.453-0800] {dag.py:4180} INFO - Setting next_dagrun for consume_1_or_2_with_dataset_expressions to None, run_after=None
[2025-01-01T16:20:27.455-0800] {logging_mixin.py:190} INFO - [2025-01-01T16:20:27.454-0800] {dag.py:4180} INFO - Setting next_dagrun for consume_1_or_both_2_and_3_with_dataset_expressions to None, run_after=None
[2025-01-01T16:20:27.456-0800] {logging_mixin.py:190} INFO - [2025-01-01T16:20:27.456-0800] {dag.py:4180} INFO - Setting next_dagrun for dataset_consumes_1 to None, run_after=None
[2025-01-01T16:20:27.458-0800] {logging_mixin.py:190} INFO - [2025-01-01T16:20:27.457-0800] {dag.py:4180} INFO - Setting next_dagrun for dataset_consumes_1_and_2 to None, run_after=None
[2025-01-01T16:20:27.459-0800] {logging_mixin.py:190} INFO - [2025-01-01T16:20:27.459-0800] {dag.py:4180} INFO - Setting next_dagrun for dataset_consumes_1_never_scheduled to None, run_after=None
[2025-01-01T16:20:27.460-0800] {logging_mixin.py:190} INFO - [2025-01-01T16:20:27.460-0800] {dag.py:4180} INFO - Setting next_dagrun for dataset_consumes_unknown_never_scheduled to None, run_after=None
[2025-01-01T16:20:27.463-0800] {logging_mixin.py:190} INFO - [2025-01-01T16:20:27.463-0800] {dag.py:4180} INFO - Setting next_dagrun for dataset_produces_1 to 2025-01-01 00:00:00+00:00, run_after=2025-01-02 00:00:00+00:00
[2025-01-01T16:20:27.465-0800] {logging_mixin.py:190} INFO - [2025-01-01T16:20:27.465-0800] {dag.py:4180} INFO - Setting next_dagrun for dataset_produces_2 to None, run_after=None
[2025-01-01T16:20:27.505-0800] {processor.py:208} INFO - Processing /opt/anaconda3/envs/airflow_env/lib/python3.9/site-packages/airflow/example_dags/example_datasets.py took 0.400 seconds
[2025-01-01T16:26:32.976-0800] {processor.py:186} INFO - Started process (PID=27348) to work on /opt/anaconda3/envs/airflow_env/lib/python3.9/site-packages/airflow/example_dags/example_datasets.py
[2025-01-01T16:26:32.978-0800] {processor.py:914} INFO - Processing file /opt/anaconda3/envs/airflow_env/lib/python3.9/site-packages/airflow/example_dags/example_datasets.py for tasks to queue
[2025-01-01T16:26:32.980-0800] {logging_mixin.py:190} INFO - [2025-01-01T16:26:32.980-0800] {dagbag.py:588} INFO - Filling up the DagBag from /opt/anaconda3/envs/airflow_env/lib/python3.9/site-packages/airflow/example_dags/example_datasets.py
[2025-01-01T16:26:33.065-0800] {processor.py:925} INFO - DAG(s) 'dataset_consumes_1_never_scheduled', 'dataset_consumes_1_and_2', 'conditional_dataset_and_time_based_timetable', 'dataset_consumes_1', 'consume_1_or_2_with_dataset_expressions', 'consume_1_and_2_with_dataset_expressions', 'dataset_consumes_unknown_never_scheduled', 'dataset_produces_2', 'consume_1_or_both_2_and_3_with_dataset_expressions', 'dataset_produces_1' retrieved from /opt/anaconda3/envs/airflow_env/lib/python3.9/site-packages/airflow/example_dags/example_datasets.py
[2025-01-01T16:26:33.243-0800] {logging_mixin.py:190} INFO - [2025-01-01T16:26:33.243-0800] {dag.py:3239} INFO - Sync 10 DAGs
[2025-01-01T16:26:33.269-0800] {logging_mixin.py:190} INFO - [2025-01-01T16:26:33.268-0800] {dag.py:4180} INFO - Setting next_dagrun for conditional_dataset_and_time_based_timetable to 2025-01-01 01:00:00+00:00, run_after=2025-01-01 01:00:00+00:00
[2025-01-01T16:26:33.273-0800] {logging_mixin.py:190} INFO - [2025-01-01T16:26:33.272-0800] {dag.py:4180} INFO - Setting next_dagrun for consume_1_and_2_with_dataset_expressions to None, run_after=None
[2025-01-01T16:26:33.274-0800] {logging_mixin.py:190} INFO - [2025-01-01T16:26:33.274-0800] {dag.py:4180} INFO - Setting next_dagrun for consume_1_or_2_with_dataset_expressions to None, run_after=None
[2025-01-01T16:26:33.276-0800] {logging_mixin.py:190} INFO - [2025-01-01T16:26:33.275-0800] {dag.py:4180} INFO - Setting next_dagrun for consume_1_or_both_2_and_3_with_dataset_expressions to None, run_after=None
[2025-01-01T16:26:33.277-0800] {logging_mixin.py:190} INFO - [2025-01-01T16:26:33.277-0800] {dag.py:4180} INFO - Setting next_dagrun for dataset_consumes_1 to None, run_after=None
[2025-01-01T16:26:33.278-0800] {logging_mixin.py:190} INFO - [2025-01-01T16:26:33.278-0800] {dag.py:4180} INFO - Setting next_dagrun for dataset_consumes_1_and_2 to None, run_after=None
[2025-01-01T16:26:33.279-0800] {logging_mixin.py:190} INFO - [2025-01-01T16:26:33.279-0800] {dag.py:4180} INFO - Setting next_dagrun for dataset_consumes_1_never_scheduled to None, run_after=None
[2025-01-01T16:26:33.280-0800] {logging_mixin.py:190} INFO - [2025-01-01T16:26:33.280-0800] {dag.py:4180} INFO - Setting next_dagrun for dataset_consumes_unknown_never_scheduled to None, run_after=None
[2025-01-01T16:26:33.283-0800] {logging_mixin.py:190} INFO - [2025-01-01T16:26:33.283-0800] {dag.py:4180} INFO - Setting next_dagrun for dataset_produces_1 to 2025-01-01 00:00:00+00:00, run_after=2025-01-02 00:00:00+00:00
[2025-01-01T16:26:33.285-0800] {logging_mixin.py:190} INFO - [2025-01-01T16:26:33.284-0800] {dag.py:4180} INFO - Setting next_dagrun for dataset_produces_2 to None, run_after=None
[2025-01-01T16:26:33.324-0800] {processor.py:208} INFO - Processing /opt/anaconda3/envs/airflow_env/lib/python3.9/site-packages/airflow/example_dags/example_datasets.py took 0.353 seconds
[2025-01-01T17:04:40.450-0800] {processor.py:186} INFO - Started process (PID=27591) to work on /opt/anaconda3/envs/airflow_env/lib/python3.9/site-packages/airflow/example_dags/example_datasets.py
[2025-01-01T17:04:40.463-0800] {processor.py:914} INFO - Processing file /opt/anaconda3/envs/airflow_env/lib/python3.9/site-packages/airflow/example_dags/example_datasets.py for tasks to queue
[2025-01-01T17:04:40.466-0800] {logging_mixin.py:190} INFO - [2025-01-01T17:04:40.466-0800] {dagbag.py:588} INFO - Filling up the DagBag from /opt/anaconda3/envs/airflow_env/lib/python3.9/site-packages/airflow/example_dags/example_datasets.py
[2025-01-01T17:04:40.645-0800] {processor.py:925} INFO - DAG(s) 'dataset_consumes_1_never_scheduled', 'dataset_consumes_unknown_never_scheduled', 'dataset_consumes_1_and_2', 'dataset_produces_1', 'conditional_dataset_and_time_based_timetable', 'consume_1_or_2_with_dataset_expressions', 'consume_1_or_both_2_and_3_with_dataset_expressions', 'dataset_consumes_1', 'consume_1_and_2_with_dataset_expressions', 'dataset_produces_2' retrieved from /opt/anaconda3/envs/airflow_env/lib/python3.9/site-packages/airflow/example_dags/example_datasets.py
[2025-01-01T17:04:40.966-0800] {logging_mixin.py:190} INFO - [2025-01-01T17:04:40.965-0800] {dag.py:3239} INFO - Sync 10 DAGs
[2025-01-01T17:04:41.008-0800] {logging_mixin.py:190} INFO - [2025-01-01T17:04:41.004-0800] {dag.py:4180} INFO - Setting next_dagrun for conditional_dataset_and_time_based_timetable to 2025-01-01 01:00:00+00:00, run_after=2025-01-01 01:00:00+00:00
[2025-01-01T17:04:41.015-0800] {logging_mixin.py:190} INFO - [2025-01-01T17:04:41.015-0800] {dag.py:4180} INFO - Setting next_dagrun for consume_1_and_2_with_dataset_expressions to None, run_after=None
[2025-01-01T17:04:41.017-0800] {logging_mixin.py:190} INFO - [2025-01-01T17:04:41.016-0800] {dag.py:4180} INFO - Setting next_dagrun for consume_1_or_2_with_dataset_expressions to None, run_after=None
[2025-01-01T17:04:41.018-0800] {logging_mixin.py:190} INFO - [2025-01-01T17:04:41.018-0800] {dag.py:4180} INFO - Setting next_dagrun for consume_1_or_both_2_and_3_with_dataset_expressions to None, run_after=None
[2025-01-01T17:04:41.023-0800] {logging_mixin.py:190} INFO - [2025-01-01T17:04:41.021-0800] {dag.py:4180} INFO - Setting next_dagrun for dataset_consumes_1 to None, run_after=None
[2025-01-01T17:04:41.025-0800] {logging_mixin.py:190} INFO - [2025-01-01T17:04:41.025-0800] {dag.py:4180} INFO - Setting next_dagrun for dataset_consumes_1_and_2 to None, run_after=None
[2025-01-01T17:04:41.028-0800] {logging_mixin.py:190} INFO - [2025-01-01T17:04:41.028-0800] {dag.py:4180} INFO - Setting next_dagrun for dataset_consumes_1_never_scheduled to None, run_after=None
[2025-01-01T17:04:41.029-0800] {logging_mixin.py:190} INFO - [2025-01-01T17:04:41.029-0800] {dag.py:4180} INFO - Setting next_dagrun for dataset_consumes_unknown_never_scheduled to None, run_after=None
[2025-01-01T17:04:41.033-0800] {logging_mixin.py:190} INFO - [2025-01-01T17:04:41.032-0800] {dag.py:4180} INFO - Setting next_dagrun for dataset_produces_1 to 2025-01-01 00:00:00+00:00, run_after=2025-01-02 00:00:00+00:00
[2025-01-01T17:04:41.036-0800] {logging_mixin.py:190} INFO - [2025-01-01T17:04:41.035-0800] {dag.py:4180} INFO - Setting next_dagrun for dataset_produces_2 to None, run_after=None
[2025-01-01T17:04:41.092-0800] {processor.py:208} INFO - Processing /opt/anaconda3/envs/airflow_env/lib/python3.9/site-packages/airflow/example_dags/example_datasets.py took 0.661 seconds
[2025-01-01T17:13:16.427-0800] {processor.py:186} INFO - Started process (PID=27947) to work on /opt/anaconda3/envs/airflow_env/lib/python3.9/site-packages/airflow/example_dags/example_datasets.py
[2025-01-01T17:13:16.429-0800] {processor.py:914} INFO - Processing file /opt/anaconda3/envs/airflow_env/lib/python3.9/site-packages/airflow/example_dags/example_datasets.py for tasks to queue
[2025-01-01T17:13:16.430-0800] {logging_mixin.py:190} INFO - [2025-01-01T17:13:16.430-0800] {dagbag.py:588} INFO - Filling up the DagBag from /opt/anaconda3/envs/airflow_env/lib/python3.9/site-packages/airflow/example_dags/example_datasets.py
[2025-01-01T17:13:16.506-0800] {processor.py:925} INFO - DAG(s) 'dataset_produces_1', 'dataset_consumes_1_never_scheduled', 'dataset_consumes_unknown_never_scheduled', 'consume_1_and_2_with_dataset_expressions', 'consume_1_or_both_2_and_3_with_dataset_expressions', 'conditional_dataset_and_time_based_timetable', 'consume_1_or_2_with_dataset_expressions', 'dataset_consumes_1', 'dataset_consumes_1_and_2', 'dataset_produces_2' retrieved from /opt/anaconda3/envs/airflow_env/lib/python3.9/site-packages/airflow/example_dags/example_datasets.py
[2025-01-01T17:13:16.695-0800] {logging_mixin.py:190} INFO - [2025-01-01T17:13:16.694-0800] {dag.py:3239} INFO - Sync 10 DAGs
[2025-01-01T17:13:16.736-0800] {logging_mixin.py:190} INFO - [2025-01-01T17:13:16.736-0800] {dag.py:4180} INFO - Setting next_dagrun for conditional_dataset_and_time_based_timetable to 2025-01-01 01:00:00+00:00, run_after=2025-01-01 01:00:00+00:00
[2025-01-01T17:13:16.744-0800] {logging_mixin.py:190} INFO - [2025-01-01T17:13:16.744-0800] {dag.py:4180} INFO - Setting next_dagrun for consume_1_and_2_with_dataset_expressions to None, run_after=None
[2025-01-01T17:13:16.747-0800] {logging_mixin.py:190} INFO - [2025-01-01T17:13:16.746-0800] {dag.py:4180} INFO - Setting next_dagrun for consume_1_or_2_with_dataset_expressions to None, run_after=None
[2025-01-01T17:13:16.749-0800] {logging_mixin.py:190} INFO - [2025-01-01T17:13:16.749-0800] {dag.py:4180} INFO - Setting next_dagrun for consume_1_or_both_2_and_3_with_dataset_expressions to None, run_after=None
[2025-01-01T17:13:16.750-0800] {logging_mixin.py:190} INFO - [2025-01-01T17:13:16.750-0800] {dag.py:4180} INFO - Setting next_dagrun for dataset_consumes_1 to None, run_after=None
[2025-01-01T17:13:16.752-0800] {logging_mixin.py:190} INFO - [2025-01-01T17:13:16.751-0800] {dag.py:4180} INFO - Setting next_dagrun for dataset_consumes_1_and_2 to None, run_after=None
[2025-01-01T17:13:16.753-0800] {logging_mixin.py:190} INFO - [2025-01-01T17:13:16.753-0800] {dag.py:4180} INFO - Setting next_dagrun for dataset_consumes_1_never_scheduled to None, run_after=None
[2025-01-01T17:13:16.755-0800] {logging_mixin.py:190} INFO - [2025-01-01T17:13:16.755-0800] {dag.py:4180} INFO - Setting next_dagrun for dataset_consumes_unknown_never_scheduled to None, run_after=None
[2025-01-01T17:13:16.760-0800] {logging_mixin.py:190} INFO - [2025-01-01T17:13:16.760-0800] {dag.py:4180} INFO - Setting next_dagrun for dataset_produces_1 to 2025-01-01 00:00:00+00:00, run_after=2025-01-02 00:00:00+00:00
[2025-01-01T17:13:16.762-0800] {logging_mixin.py:190} INFO - [2025-01-01T17:13:16.761-0800] {dag.py:4180} INFO - Setting next_dagrun for dataset_produces_2 to None, run_after=None
[2025-01-01T17:13:16.851-0800] {processor.py:208} INFO - Processing /opt/anaconda3/envs/airflow_env/lib/python3.9/site-packages/airflow/example_dags/example_datasets.py took 0.429 seconds
[2025-01-01T17:20:54.156-0800] {processor.py:186} INFO - Started process (PID=28315) to work on /opt/anaconda3/envs/airflow_env/lib/python3.9/site-packages/airflow/example_dags/example_datasets.py
[2025-01-01T17:20:54.158-0800] {processor.py:914} INFO - Processing file /opt/anaconda3/envs/airflow_env/lib/python3.9/site-packages/airflow/example_dags/example_datasets.py for tasks to queue
[2025-01-01T17:20:54.161-0800] {logging_mixin.py:190} INFO - [2025-01-01T17:20:54.160-0800] {dagbag.py:588} INFO - Filling up the DagBag from /opt/anaconda3/envs/airflow_env/lib/python3.9/site-packages/airflow/example_dags/example_datasets.py
[2025-01-01T17:20:54.354-0800] {processor.py:925} INFO - DAG(s) 'dataset_produces_1', 'consume_1_or_2_with_dataset_expressions', 'dataset_consumes_1', 'dataset_produces_2', 'dataset_consumes_1_and_2', 'consume_1_or_both_2_and_3_with_dataset_expressions', 'conditional_dataset_and_time_based_timetable', 'consume_1_and_2_with_dataset_expressions', 'dataset_consumes_1_never_scheduled', 'dataset_consumes_unknown_never_scheduled' retrieved from /opt/anaconda3/envs/airflow_env/lib/python3.9/site-packages/airflow/example_dags/example_datasets.py
[2025-01-01T17:20:54.648-0800] {logging_mixin.py:190} INFO - [2025-01-01T17:20:54.648-0800] {dag.py:3239} INFO - Sync 10 DAGs
[2025-01-01T17:20:54.727-0800] {logging_mixin.py:190} INFO - [2025-01-01T17:20:54.727-0800] {dag.py:4180} INFO - Setting next_dagrun for conditional_dataset_and_time_based_timetable to 2025-01-01 01:00:00+00:00, run_after=2025-01-01 01:00:00+00:00
[2025-01-01T17:20:54.750-0800] {logging_mixin.py:190} INFO - [2025-01-01T17:20:54.747-0800] {dag.py:4180} INFO - Setting next_dagrun for consume_1_and_2_with_dataset_expressions to None, run_after=None
[2025-01-01T17:20:54.753-0800] {logging_mixin.py:190} INFO - [2025-01-01T17:20:54.753-0800] {dag.py:4180} INFO - Setting next_dagrun for consume_1_or_2_with_dataset_expressions to None, run_after=None
[2025-01-01T17:20:54.755-0800] {logging_mixin.py:190} INFO - [2025-01-01T17:20:54.755-0800] {dag.py:4180} INFO - Setting next_dagrun for consume_1_or_both_2_and_3_with_dataset_expressions to None, run_after=None
[2025-01-01T17:20:54.756-0800] {logging_mixin.py:190} INFO - [2025-01-01T17:20:54.756-0800] {dag.py:4180} INFO - Setting next_dagrun for dataset_consumes_1 to None, run_after=None
[2025-01-01T17:20:54.759-0800] {logging_mixin.py:190} INFO - [2025-01-01T17:20:54.759-0800] {dag.py:4180} INFO - Setting next_dagrun for dataset_consumes_1_and_2 to None, run_after=None
[2025-01-01T17:20:54.763-0800] {logging_mixin.py:190} INFO - [2025-01-01T17:20:54.763-0800] {dag.py:4180} INFO - Setting next_dagrun for dataset_consumes_1_never_scheduled to None, run_after=None
[2025-01-01T17:20:54.766-0800] {logging_mixin.py:190} INFO - [2025-01-01T17:20:54.766-0800] {dag.py:4180} INFO - Setting next_dagrun for dataset_consumes_unknown_never_scheduled to None, run_after=None
[2025-01-01T17:20:54.779-0800] {logging_mixin.py:190} INFO - [2025-01-01T17:20:54.778-0800] {dag.py:4180} INFO - Setting next_dagrun for dataset_produces_1 to 2025-01-01 00:00:00+00:00, run_after=2025-01-02 00:00:00+00:00
[2025-01-01T17:20:54.792-0800] {logging_mixin.py:190} INFO - [2025-01-01T17:20:54.791-0800] {dag.py:4180} INFO - Setting next_dagrun for dataset_produces_2 to None, run_after=None
[2025-01-01T17:20:54.927-0800] {processor.py:208} INFO - Processing /opt/anaconda3/envs/airflow_env/lib/python3.9/site-packages/airflow/example_dags/example_datasets.py took 0.775 seconds
[2025-01-01T17:33:22.486-0800] {processor.py:186} INFO - Started process (PID=29105) to work on /opt/anaconda3/envs/airflow_env/lib/python3.9/site-packages/airflow/example_dags/example_datasets.py
[2025-01-01T17:33:22.489-0800] {processor.py:914} INFO - Processing file /opt/anaconda3/envs/airflow_env/lib/python3.9/site-packages/airflow/example_dags/example_datasets.py for tasks to queue
[2025-01-01T17:33:22.490-0800] {logging_mixin.py:190} INFO - [2025-01-01T17:33:22.490-0800] {dagbag.py:588} INFO - Filling up the DagBag from /opt/anaconda3/envs/airflow_env/lib/python3.9/site-packages/airflow/example_dags/example_datasets.py
[2025-01-01T17:33:22.552-0800] {processor.py:925} INFO - DAG(s) 'conditional_dataset_and_time_based_timetable', 'consume_1_or_2_with_dataset_expressions', 'consume_1_and_2_with_dataset_expressions', 'dataset_produces_2', 'dataset_produces_1', 'dataset_consumes_unknown_never_scheduled', 'consume_1_or_both_2_and_3_with_dataset_expressions', 'dataset_consumes_1_never_scheduled', 'dataset_consumes_1', 'dataset_consumes_1_and_2' retrieved from /opt/anaconda3/envs/airflow_env/lib/python3.9/site-packages/airflow/example_dags/example_datasets.py
[2025-01-01T17:33:22.721-0800] {logging_mixin.py:190} INFO - [2025-01-01T17:33:22.721-0800] {dag.py:3239} INFO - Sync 10 DAGs
[2025-01-01T17:33:22.745-0800] {logging_mixin.py:190} INFO - [2025-01-01T17:33:22.745-0800] {dag.py:4180} INFO - Setting next_dagrun for conditional_dataset_and_time_based_timetable to 2025-01-01 01:00:00+00:00, run_after=2025-01-01 01:00:00+00:00
[2025-01-01T17:33:22.749-0800] {logging_mixin.py:190} INFO - [2025-01-01T17:33:22.749-0800] {dag.py:4180} INFO - Setting next_dagrun for consume_1_and_2_with_dataset_expressions to None, run_after=None
[2025-01-01T17:33:22.750-0800] {logging_mixin.py:190} INFO - [2025-01-01T17:33:22.750-0800] {dag.py:4180} INFO - Setting next_dagrun for consume_1_or_2_with_dataset_expressions to None, run_after=None
[2025-01-01T17:33:22.751-0800] {logging_mixin.py:190} INFO - [2025-01-01T17:33:22.751-0800] {dag.py:4180} INFO - Setting next_dagrun for consume_1_or_both_2_and_3_with_dataset_expressions to None, run_after=None
[2025-01-01T17:33:22.753-0800] {logging_mixin.py:190} INFO - [2025-01-01T17:33:22.753-0800] {dag.py:4180} INFO - Setting next_dagrun for dataset_consumes_1 to None, run_after=None
[2025-01-01T17:33:22.754-0800] {logging_mixin.py:190} INFO - [2025-01-01T17:33:22.754-0800] {dag.py:4180} INFO - Setting next_dagrun for dataset_consumes_1_and_2 to None, run_after=None
[2025-01-01T17:33:22.755-0800] {logging_mixin.py:190} INFO - [2025-01-01T17:33:22.755-0800] {dag.py:4180} INFO - Setting next_dagrun for dataset_consumes_1_never_scheduled to None, run_after=None
[2025-01-01T17:33:22.757-0800] {logging_mixin.py:190} INFO - [2025-01-01T17:33:22.756-0800] {dag.py:4180} INFO - Setting next_dagrun for dataset_consumes_unknown_never_scheduled to None, run_after=None
[2025-01-01T17:33:22.760-0800] {logging_mixin.py:190} INFO - [2025-01-01T17:33:22.759-0800] {dag.py:4180} INFO - Setting next_dagrun for dataset_produces_1 to 2025-01-01 00:00:00+00:00, run_after=2025-01-02 00:00:00+00:00
[2025-01-01T17:33:22.763-0800] {logging_mixin.py:190} INFO - [2025-01-01T17:33:22.762-0800] {dag.py:4180} INFO - Setting next_dagrun for dataset_produces_2 to None, run_after=None
[2025-01-01T17:33:22.806-0800] {processor.py:208} INFO - Processing /opt/anaconda3/envs/airflow_env/lib/python3.9/site-packages/airflow/example_dags/example_datasets.py took 0.327 seconds
[2025-01-01T17:37:21.927-0800] {processor.py:186} INFO - Started process (PID=29404) to work on /opt/anaconda3/envs/airflow_env/lib/python3.9/site-packages/airflow/example_dags/example_datasets.py
[2025-01-01T17:37:21.935-0800] {processor.py:914} INFO - Processing file /opt/anaconda3/envs/airflow_env/lib/python3.9/site-packages/airflow/example_dags/example_datasets.py for tasks to queue
[2025-01-01T17:37:21.938-0800] {logging_mixin.py:190} INFO - [2025-01-01T17:37:21.937-0800] {dagbag.py:588} INFO - Filling up the DagBag from /opt/anaconda3/envs/airflow_env/lib/python3.9/site-packages/airflow/example_dags/example_datasets.py
[2025-01-01T17:37:22.091-0800] {processor.py:925} INFO - DAG(s) 'dataset_consumes_1', 'consume_1_and_2_with_dataset_expressions', 'consume_1_or_both_2_and_3_with_dataset_expressions', 'dataset_produces_1', 'conditional_dataset_and_time_based_timetable', 'dataset_consumes_1_and_2', 'dataset_consumes_1_never_scheduled', 'dataset_consumes_unknown_never_scheduled', 'consume_1_or_2_with_dataset_expressions', 'dataset_produces_2' retrieved from /opt/anaconda3/envs/airflow_env/lib/python3.9/site-packages/airflow/example_dags/example_datasets.py
[2025-01-01T17:37:22.269-0800] {logging_mixin.py:190} INFO - [2025-01-01T17:37:22.269-0800] {dag.py:3239} INFO - Sync 10 DAGs
[2025-01-01T17:37:22.294-0800] {logging_mixin.py:190} INFO - [2025-01-01T17:37:22.294-0800] {dag.py:4180} INFO - Setting next_dagrun for conditional_dataset_and_time_based_timetable to 2025-01-01 01:00:00+00:00, run_after=2025-01-01 01:00:00+00:00
[2025-01-01T17:37:22.299-0800] {logging_mixin.py:190} INFO - [2025-01-01T17:37:22.298-0800] {dag.py:4180} INFO - Setting next_dagrun for consume_1_and_2_with_dataset_expressions to None, run_after=None
[2025-01-01T17:37:22.300-0800] {logging_mixin.py:190} INFO - [2025-01-01T17:37:22.300-0800] {dag.py:4180} INFO - Setting next_dagrun for consume_1_or_2_with_dataset_expressions to None, run_after=None
[2025-01-01T17:37:22.301-0800] {logging_mixin.py:190} INFO - [2025-01-01T17:37:22.301-0800] {dag.py:4180} INFO - Setting next_dagrun for consume_1_or_both_2_and_3_with_dataset_expressions to None, run_after=None
[2025-01-01T17:37:22.302-0800] {logging_mixin.py:190} INFO - [2025-01-01T17:37:22.302-0800] {dag.py:4180} INFO - Setting next_dagrun for dataset_consumes_1 to None, run_after=None
[2025-01-01T17:37:22.304-0800] {logging_mixin.py:190} INFO - [2025-01-01T17:37:22.303-0800] {dag.py:4180} INFO - Setting next_dagrun for dataset_consumes_1_and_2 to None, run_after=None
[2025-01-01T17:37:22.305-0800] {logging_mixin.py:190} INFO - [2025-01-01T17:37:22.305-0800] {dag.py:4180} INFO - Setting next_dagrun for dataset_consumes_1_never_scheduled to None, run_after=None
[2025-01-01T17:37:22.306-0800] {logging_mixin.py:190} INFO - [2025-01-01T17:37:22.306-0800] {dag.py:4180} INFO - Setting next_dagrun for dataset_consumes_unknown_never_scheduled to None, run_after=None
[2025-01-01T17:37:22.309-0800] {logging_mixin.py:190} INFO - [2025-01-01T17:37:22.309-0800] {dag.py:4180} INFO - Setting next_dagrun for dataset_produces_1 to 2025-01-01 00:00:00+00:00, run_after=2025-01-02 00:00:00+00:00
[2025-01-01T17:37:22.311-0800] {logging_mixin.py:190} INFO - [2025-01-01T17:37:22.311-0800] {dag.py:4180} INFO - Setting next_dagrun for dataset_produces_2 to None, run_after=None
[2025-01-01T17:37:22.382-0800] {processor.py:208} INFO - Processing /opt/anaconda3/envs/airflow_env/lib/python3.9/site-packages/airflow/example_dags/example_datasets.py took 0.460 seconds
[2025-01-01T17:58:20.516-0800] {processor.py:186} INFO - Started process (PID=31090) to work on /opt/anaconda3/envs/airflow_env/lib/python3.9/site-packages/airflow/example_dags/example_datasets.py
[2025-01-01T17:58:20.519-0800] {processor.py:914} INFO - Processing file /opt/anaconda3/envs/airflow_env/lib/python3.9/site-packages/airflow/example_dags/example_datasets.py for tasks to queue
[2025-01-01T17:58:20.520-0800] {logging_mixin.py:190} INFO - [2025-01-01T17:58:20.520-0800] {dagbag.py:588} INFO - Filling up the DagBag from /opt/anaconda3/envs/airflow_env/lib/python3.9/site-packages/airflow/example_dags/example_datasets.py
[2025-01-01T17:58:20.641-0800] {processor.py:925} INFO - DAG(s) 'dataset_consumes_1_never_scheduled', 'dataset_produces_2', 'dataset_produces_1', 'consume_1_and_2_with_dataset_expressions', 'dataset_consumes_1', 'consume_1_or_both_2_and_3_with_dataset_expressions', 'consume_1_or_2_with_dataset_expressions', 'conditional_dataset_and_time_based_timetable', 'dataset_consumes_unknown_never_scheduled', 'dataset_consumes_1_and_2' retrieved from /opt/anaconda3/envs/airflow_env/lib/python3.9/site-packages/airflow/example_dags/example_datasets.py
[2025-01-01T17:58:20.857-0800] {logging_mixin.py:190} INFO - [2025-01-01T17:58:20.856-0800] {dag.py:3239} INFO - Sync 10 DAGs
[2025-01-01T17:58:20.910-0800] {logging_mixin.py:190} INFO - [2025-01-01T17:58:20.910-0800] {dag.py:4180} INFO - Setting next_dagrun for conditional_dataset_and_time_based_timetable to 2025-01-01 01:00:00+00:00, run_after=2025-01-01 01:00:00+00:00
[2025-01-01T17:58:20.927-0800] {logging_mixin.py:190} INFO - [2025-01-01T17:58:20.926-0800] {dag.py:4180} INFO - Setting next_dagrun for consume_1_and_2_with_dataset_expressions to None, run_after=None
[2025-01-01T17:58:20.929-0800] {logging_mixin.py:190} INFO - [2025-01-01T17:58:20.928-0800] {dag.py:4180} INFO - Setting next_dagrun for consume_1_or_2_with_dataset_expressions to None, run_after=None
[2025-01-01T17:58:20.931-0800] {logging_mixin.py:190} INFO - [2025-01-01T17:58:20.931-0800] {dag.py:4180} INFO - Setting next_dagrun for consume_1_or_both_2_and_3_with_dataset_expressions to None, run_after=None
[2025-01-01T17:58:20.933-0800] {logging_mixin.py:190} INFO - [2025-01-01T17:58:20.933-0800] {dag.py:4180} INFO - Setting next_dagrun for dataset_consumes_1 to None, run_after=None
[2025-01-01T17:58:20.934-0800] {logging_mixin.py:190} INFO - [2025-01-01T17:58:20.934-0800] {dag.py:4180} INFO - Setting next_dagrun for dataset_consumes_1_and_2 to None, run_after=None
[2025-01-01T17:58:20.939-0800] {logging_mixin.py:190} INFO - [2025-01-01T17:58:20.939-0800] {dag.py:4180} INFO - Setting next_dagrun for dataset_consumes_1_never_scheduled to None, run_after=None
[2025-01-01T17:58:20.941-0800] {logging_mixin.py:190} INFO - [2025-01-01T17:58:20.941-0800] {dag.py:4180} INFO - Setting next_dagrun for dataset_consumes_unknown_never_scheduled to None, run_after=None
[2025-01-01T17:58:20.947-0800] {logging_mixin.py:190} INFO - [2025-01-01T17:58:20.947-0800] {dag.py:4180} INFO - Setting next_dagrun for dataset_produces_1 to 2025-01-01 00:00:00+00:00, run_after=2025-01-02 00:00:00+00:00
[2025-01-01T17:58:20.949-0800] {logging_mixin.py:190} INFO - [2025-01-01T17:58:20.948-0800] {dag.py:4180} INFO - Setting next_dagrun for dataset_produces_2 to None, run_after=None
[2025-01-01T17:58:20.996-0800] {processor.py:208} INFO - Processing /opt/anaconda3/envs/airflow_env/lib/python3.9/site-packages/airflow/example_dags/example_datasets.py took 0.484 seconds
[2025-01-01T18:09:58.665-0800] {processor.py:186} INFO - Started process (PID=32191) to work on /opt/anaconda3/envs/airflow_env/lib/python3.9/site-packages/airflow/example_dags/example_datasets.py
[2025-01-01T18:09:58.669-0800] {processor.py:914} INFO - Processing file /opt/anaconda3/envs/airflow_env/lib/python3.9/site-packages/airflow/example_dags/example_datasets.py for tasks to queue
[2025-01-01T18:09:58.670-0800] {logging_mixin.py:190} INFO - [2025-01-01T18:09:58.670-0800] {dagbag.py:588} INFO - Filling up the DagBag from /opt/anaconda3/envs/airflow_env/lib/python3.9/site-packages/airflow/example_dags/example_datasets.py
[2025-01-01T18:09:58.750-0800] {processor.py:925} INFO - DAG(s) 'dataset_consumes_1_never_scheduled', 'dataset_consumes_1_and_2', 'dataset_produces_2', 'conditional_dataset_and_time_based_timetable', 'dataset_consumes_1', 'consume_1_or_2_with_dataset_expressions', 'consume_1_and_2_with_dataset_expressions', 'dataset_consumes_unknown_never_scheduled', 'consume_1_or_both_2_and_3_with_dataset_expressions', 'dataset_produces_1' retrieved from /opt/anaconda3/envs/airflow_env/lib/python3.9/site-packages/airflow/example_dags/example_datasets.py
[2025-01-01T18:09:58.987-0800] {logging_mixin.py:190} INFO - [2025-01-01T18:09:58.986-0800] {dag.py:3239} INFO - Sync 10 DAGs
[2025-01-01T18:09:59.027-0800] {logging_mixin.py:190} INFO - [2025-01-01T18:09:59.027-0800] {dag.py:4180} INFO - Setting next_dagrun for conditional_dataset_and_time_based_timetable to 2025-01-01 01:00:00+00:00, run_after=2025-01-01 01:00:00+00:00
[2025-01-01T18:09:59.037-0800] {logging_mixin.py:190} INFO - [2025-01-01T18:09:59.037-0800] {dag.py:4180} INFO - Setting next_dagrun for consume_1_and_2_with_dataset_expressions to None, run_after=None
[2025-01-01T18:09:59.043-0800] {logging_mixin.py:190} INFO - [2025-01-01T18:09:59.042-0800] {dag.py:4180} INFO - Setting next_dagrun for consume_1_or_2_with_dataset_expressions to None, run_after=None
[2025-01-01T18:09:59.047-0800] {logging_mixin.py:190} INFO - [2025-01-01T18:09:59.046-0800] {dag.py:4180} INFO - Setting next_dagrun for consume_1_or_both_2_and_3_with_dataset_expressions to None, run_after=None
[2025-01-01T18:09:59.050-0800] {logging_mixin.py:190} INFO - [2025-01-01T18:09:59.050-0800] {dag.py:4180} INFO - Setting next_dagrun for dataset_consumes_1 to None, run_after=None
[2025-01-01T18:09:59.052-0800] {logging_mixin.py:190} INFO - [2025-01-01T18:09:59.052-0800] {dag.py:4180} INFO - Setting next_dagrun for dataset_consumes_1_and_2 to None, run_after=None
[2025-01-01T18:09:59.053-0800] {logging_mixin.py:190} INFO - [2025-01-01T18:09:59.053-0800] {dag.py:4180} INFO - Setting next_dagrun for dataset_consumes_1_never_scheduled to None, run_after=None
[2025-01-01T18:09:59.059-0800] {logging_mixin.py:190} INFO - [2025-01-01T18:09:59.059-0800] {dag.py:4180} INFO - Setting next_dagrun for dataset_consumes_unknown_never_scheduled to None, run_after=None
[2025-01-01T18:09:59.067-0800] {logging_mixin.py:190} INFO - [2025-01-01T18:09:59.067-0800] {dag.py:4180} INFO - Setting next_dagrun for dataset_produces_1 to 2025-01-01 00:00:00+00:00, run_after=2025-01-02 00:00:00+00:00
[2025-01-01T18:09:59.070-0800] {logging_mixin.py:190} INFO - [2025-01-01T18:09:59.069-0800] {dag.py:4180} INFO - Setting next_dagrun for dataset_produces_2 to None, run_after=None
[2025-01-01T18:09:59.128-0800] {processor.py:208} INFO - Processing /opt/anaconda3/envs/airflow_env/lib/python3.9/site-packages/airflow/example_dags/example_datasets.py took 0.467 seconds
[2025-01-01T18:14:42.408-0800] {processor.py:186} INFO - Started process (PID=32438) to work on /opt/anaconda3/envs/airflow_env/lib/python3.9/site-packages/airflow/example_dags/example_datasets.py
[2025-01-01T18:14:42.411-0800] {processor.py:914} INFO - Processing file /opt/anaconda3/envs/airflow_env/lib/python3.9/site-packages/airflow/example_dags/example_datasets.py for tasks to queue
[2025-01-01T18:14:42.413-0800] {logging_mixin.py:190} INFO - [2025-01-01T18:14:42.413-0800] {dagbag.py:588} INFO - Filling up the DagBag from /opt/anaconda3/envs/airflow_env/lib/python3.9/site-packages/airflow/example_dags/example_datasets.py
[2025-01-01T18:14:42.523-0800] {processor.py:925} INFO - DAG(s) 'dataset_consumes_1_and_2', 'dataset_consumes_unknown_never_scheduled', 'dataset_consumes_1', 'dataset_produces_2', 'consume_1_or_2_with_dataset_expressions', 'consume_1_or_both_2_and_3_with_dataset_expressions', 'dataset_produces_1', 'dataset_consumes_1_never_scheduled', 'consume_1_and_2_with_dataset_expressions', 'conditional_dataset_and_time_based_timetable' retrieved from /opt/anaconda3/envs/airflow_env/lib/python3.9/site-packages/airflow/example_dags/example_datasets.py
[2025-01-01T18:14:42.764-0800] {logging_mixin.py:190} INFO - [2025-01-01T18:14:42.764-0800] {dag.py:3239} INFO - Sync 10 DAGs
[2025-01-01T18:14:42.816-0800] {logging_mixin.py:190} INFO - [2025-01-01T18:14:42.815-0800] {dag.py:4180} INFO - Setting next_dagrun for conditional_dataset_and_time_based_timetable to 2025-01-01 01:00:00+00:00, run_after=2025-01-01 01:00:00+00:00
[2025-01-01T18:14:42.820-0800] {logging_mixin.py:190} INFO - [2025-01-01T18:14:42.819-0800] {dag.py:4180} INFO - Setting next_dagrun for consume_1_and_2_with_dataset_expressions to None, run_after=None
[2025-01-01T18:14:42.821-0800] {logging_mixin.py:190} INFO - [2025-01-01T18:14:42.821-0800] {dag.py:4180} INFO - Setting next_dagrun for consume_1_or_2_with_dataset_expressions to None, run_after=None
[2025-01-01T18:14:42.822-0800] {logging_mixin.py:190} INFO - [2025-01-01T18:14:42.822-0800] {dag.py:4180} INFO - Setting next_dagrun for consume_1_or_both_2_and_3_with_dataset_expressions to None, run_after=None
[2025-01-01T18:14:42.825-0800] {logging_mixin.py:190} INFO - [2025-01-01T18:14:42.824-0800] {dag.py:4180} INFO - Setting next_dagrun for dataset_consumes_1 to None, run_after=None
[2025-01-01T18:14:42.828-0800] {logging_mixin.py:190} INFO - [2025-01-01T18:14:42.827-0800] {dag.py:4180} INFO - Setting next_dagrun for dataset_consumes_1_and_2 to None, run_after=None
[2025-01-01T18:14:42.830-0800] {logging_mixin.py:190} INFO - [2025-01-01T18:14:42.830-0800] {dag.py:4180} INFO - Setting next_dagrun for dataset_consumes_1_never_scheduled to None, run_after=None
[2025-01-01T18:14:42.832-0800] {logging_mixin.py:190} INFO - [2025-01-01T18:14:42.831-0800] {dag.py:4180} INFO - Setting next_dagrun for dataset_consumes_unknown_never_scheduled to None, run_after=None
[2025-01-01T18:14:42.835-0800] {logging_mixin.py:190} INFO - [2025-01-01T18:14:42.835-0800] {dag.py:4180} INFO - Setting next_dagrun for dataset_produces_1 to 2025-01-01 00:00:00+00:00, run_after=2025-01-02 00:00:00+00:00
[2025-01-01T18:14:42.836-0800] {logging_mixin.py:190} INFO - [2025-01-01T18:14:42.836-0800] {dag.py:4180} INFO - Setting next_dagrun for dataset_produces_2 to None, run_after=None
[2025-01-01T18:14:42.914-0800] {processor.py:208} INFO - Processing /opt/anaconda3/envs/airflow_env/lib/python3.9/site-packages/airflow/example_dags/example_datasets.py took 0.511 seconds
[2025-01-01T18:22:35.161-0800] {processor.py:186} INFO - Started process (PID=32774) to work on /opt/anaconda3/envs/airflow_env/lib/python3.9/site-packages/airflow/example_dags/example_datasets.py
[2025-01-01T18:22:35.164-0800] {processor.py:914} INFO - Processing file /opt/anaconda3/envs/airflow_env/lib/python3.9/site-packages/airflow/example_dags/example_datasets.py for tasks to queue
[2025-01-01T18:22:35.166-0800] {logging_mixin.py:190} INFO - [2025-01-01T18:22:35.165-0800] {dagbag.py:588} INFO - Filling up the DagBag from /opt/anaconda3/envs/airflow_env/lib/python3.9/site-packages/airflow/example_dags/example_datasets.py
[2025-01-01T18:22:35.237-0800] {processor.py:925} INFO - DAG(s) 'consume_1_or_both_2_and_3_with_dataset_expressions', 'conditional_dataset_and_time_based_timetable', 'dataset_consumes_1', 'dataset_consumes_1_and_2', 'dataset_produces_1', 'consume_1_or_2_with_dataset_expressions', 'dataset_consumes_1_never_scheduled', 'dataset_produces_2', 'consume_1_and_2_with_dataset_expressions', 'dataset_consumes_unknown_never_scheduled' retrieved from /opt/anaconda3/envs/airflow_env/lib/python3.9/site-packages/airflow/example_dags/example_datasets.py
[2025-01-01T18:22:35.411-0800] {logging_mixin.py:190} INFO - [2025-01-01T18:22:35.411-0800] {dag.py:3239} INFO - Sync 10 DAGs
[2025-01-01T18:22:35.437-0800] {logging_mixin.py:190} INFO - [2025-01-01T18:22:35.437-0800] {dag.py:4180} INFO - Setting next_dagrun for conditional_dataset_and_time_based_timetable to 2025-01-01 01:00:00+00:00, run_after=2025-01-01 01:00:00+00:00
[2025-01-01T18:22:35.442-0800] {logging_mixin.py:190} INFO - [2025-01-01T18:22:35.442-0800] {dag.py:4180} INFO - Setting next_dagrun for consume_1_and_2_with_dataset_expressions to None, run_after=None
[2025-01-01T18:22:35.444-0800] {logging_mixin.py:190} INFO - [2025-01-01T18:22:35.444-0800] {dag.py:4180} INFO - Setting next_dagrun for consume_1_or_2_with_dataset_expressions to None, run_after=None
[2025-01-01T18:22:35.446-0800] {logging_mixin.py:190} INFO - [2025-01-01T18:22:35.446-0800] {dag.py:4180} INFO - Setting next_dagrun for consume_1_or_both_2_and_3_with_dataset_expressions to None, run_after=None
[2025-01-01T18:22:35.449-0800] {logging_mixin.py:190} INFO - [2025-01-01T18:22:35.448-0800] {dag.py:4180} INFO - Setting next_dagrun for dataset_consumes_1 to None, run_after=None
[2025-01-01T18:22:35.451-0800] {logging_mixin.py:190} INFO - [2025-01-01T18:22:35.450-0800] {dag.py:4180} INFO - Setting next_dagrun for dataset_consumes_1_and_2 to None, run_after=None
[2025-01-01T18:22:35.453-0800] {logging_mixin.py:190} INFO - [2025-01-01T18:22:35.452-0800] {dag.py:4180} INFO - Setting next_dagrun for dataset_consumes_1_never_scheduled to None, run_after=None
[2025-01-01T18:22:35.454-0800] {logging_mixin.py:190} INFO - [2025-01-01T18:22:35.454-0800] {dag.py:4180} INFO - Setting next_dagrun for dataset_consumes_unknown_never_scheduled to None, run_after=None
[2025-01-01T18:22:35.460-0800] {logging_mixin.py:190} INFO - [2025-01-01T18:22:35.460-0800] {dag.py:4180} INFO - Setting next_dagrun for dataset_produces_1 to 2025-01-01 00:00:00+00:00, run_after=2025-01-02 00:00:00+00:00
[2025-01-01T18:22:35.462-0800] {logging_mixin.py:190} INFO - [2025-01-01T18:22:35.461-0800] {dag.py:4180} INFO - Setting next_dagrun for dataset_produces_2 to None, run_after=None
[2025-01-01T18:22:35.499-0800] {processor.py:208} INFO - Processing /opt/anaconda3/envs/airflow_env/lib/python3.9/site-packages/airflow/example_dags/example_datasets.py took 0.344 seconds
[2025-01-01T18:29:44.726-0800] {processor.py:186} INFO - Started process (PID=33242) to work on /opt/anaconda3/envs/airflow_env/lib/python3.9/site-packages/airflow/example_dags/example_datasets.py
[2025-01-01T18:29:44.729-0800] {processor.py:914} INFO - Processing file /opt/anaconda3/envs/airflow_env/lib/python3.9/site-packages/airflow/example_dags/example_datasets.py for tasks to queue
[2025-01-01T18:29:44.731-0800] {logging_mixin.py:190} INFO - [2025-01-01T18:29:44.730-0800] {dagbag.py:588} INFO - Filling up the DagBag from /opt/anaconda3/envs/airflow_env/lib/python3.9/site-packages/airflow/example_dags/example_datasets.py
[2025-01-01T18:29:44.827-0800] {processor.py:925} INFO - DAG(s) 'dataset_produces_1', 'consume_1_or_both_2_and_3_with_dataset_expressions', 'dataset_consumes_1_never_scheduled', 'dataset_consumes_1_and_2', 'dataset_produces_2', 'consume_1_and_2_with_dataset_expressions', 'consume_1_or_2_with_dataset_expressions', 'conditional_dataset_and_time_based_timetable', 'dataset_consumes_unknown_never_scheduled', 'dataset_consumes_1' retrieved from /opt/anaconda3/envs/airflow_env/lib/python3.9/site-packages/airflow/example_dags/example_datasets.py
[2025-01-01T18:29:45.053-0800] {logging_mixin.py:190} INFO - [2025-01-01T18:29:45.053-0800] {dag.py:3239} INFO - Sync 10 DAGs
[2025-01-01T18:29:45.085-0800] {logging_mixin.py:190} INFO - [2025-01-01T18:29:45.084-0800] {dag.py:4180} INFO - Setting next_dagrun for conditional_dataset_and_time_based_timetable to 2025-01-01 01:00:00+00:00, run_after=2025-01-01 01:00:00+00:00
[2025-01-01T18:29:45.089-0800] {logging_mixin.py:190} INFO - [2025-01-01T18:29:45.089-0800] {dag.py:4180} INFO - Setting next_dagrun for consume_1_and_2_with_dataset_expressions to None, run_after=None
[2025-01-01T18:29:45.091-0800] {logging_mixin.py:190} INFO - [2025-01-01T18:29:45.091-0800] {dag.py:4180} INFO - Setting next_dagrun for consume_1_or_2_with_dataset_expressions to None, run_after=None
[2025-01-01T18:29:45.093-0800] {logging_mixin.py:190} INFO - [2025-01-01T18:29:45.093-0800] {dag.py:4180} INFO - Setting next_dagrun for consume_1_or_both_2_and_3_with_dataset_expressions to None, run_after=None
[2025-01-01T18:29:45.095-0800] {logging_mixin.py:190} INFO - [2025-01-01T18:29:45.094-0800] {dag.py:4180} INFO - Setting next_dagrun for dataset_consumes_1 to None, run_after=None
[2025-01-01T18:29:45.096-0800] {logging_mixin.py:190} INFO - [2025-01-01T18:29:45.096-0800] {dag.py:4180} INFO - Setting next_dagrun for dataset_consumes_1_and_2 to None, run_after=None
[2025-01-01T18:29:45.097-0800] {logging_mixin.py:190} INFO - [2025-01-01T18:29:45.097-0800] {dag.py:4180} INFO - Setting next_dagrun for dataset_consumes_1_never_scheduled to None, run_after=None
[2025-01-01T18:29:45.099-0800] {logging_mixin.py:190} INFO - [2025-01-01T18:29:45.099-0800] {dag.py:4180} INFO - Setting next_dagrun for dataset_consumes_unknown_never_scheduled to None, run_after=None
[2025-01-01T18:29:45.103-0800] {logging_mixin.py:190} INFO - [2025-01-01T18:29:45.102-0800] {dag.py:4180} INFO - Setting next_dagrun for dataset_produces_1 to 2025-01-01 00:00:00+00:00, run_after=2025-01-02 00:00:00+00:00
[2025-01-01T18:29:45.105-0800] {logging_mixin.py:190} INFO - [2025-01-01T18:29:45.104-0800] {dag.py:4180} INFO - Setting next_dagrun for dataset_produces_2 to None, run_after=None
[2025-01-01T18:29:45.177-0800] {processor.py:208} INFO - Processing /opt/anaconda3/envs/airflow_env/lib/python3.9/site-packages/airflow/example_dags/example_datasets.py took 0.461 seconds
[2025-01-01T18:33:26.242-0800] {processor.py:186} INFO - Started process (PID=33437) to work on /opt/anaconda3/envs/airflow_env/lib/python3.9/site-packages/airflow/example_dags/example_datasets.py
[2025-01-01T18:33:26.244-0800] {processor.py:914} INFO - Processing file /opt/anaconda3/envs/airflow_env/lib/python3.9/site-packages/airflow/example_dags/example_datasets.py for tasks to queue
[2025-01-01T18:33:26.246-0800] {logging_mixin.py:190} INFO - [2025-01-01T18:33:26.246-0800] {dagbag.py:588} INFO - Filling up the DagBag from /opt/anaconda3/envs/airflow_env/lib/python3.9/site-packages/airflow/example_dags/example_datasets.py
[2025-01-01T18:33:26.373-0800] {processor.py:925} INFO - DAG(s) 'dataset_produces_2', 'dataset_consumes_1_and_2', 'consume_1_or_2_with_dataset_expressions', 'consume_1_and_2_with_dataset_expressions', 'dataset_consumes_unknown_never_scheduled', 'dataset_consumes_1', 'consume_1_or_both_2_and_3_with_dataset_expressions', 'dataset_produces_1', 'conditional_dataset_and_time_based_timetable', 'dataset_consumes_1_never_scheduled' retrieved from /opt/anaconda3/envs/airflow_env/lib/python3.9/site-packages/airflow/example_dags/example_datasets.py
[2025-01-01T18:33:26.555-0800] {logging_mixin.py:190} INFO - [2025-01-01T18:33:26.555-0800] {dag.py:3239} INFO - Sync 10 DAGs
[2025-01-01T18:33:26.581-0800] {logging_mixin.py:190} INFO - [2025-01-01T18:33:26.581-0800] {dag.py:4180} INFO - Setting next_dagrun for conditional_dataset_and_time_based_timetable to 2025-01-01 01:00:00+00:00, run_after=2025-01-01 01:00:00+00:00
[2025-01-01T18:33:26.587-0800] {logging_mixin.py:190} INFO - [2025-01-01T18:33:26.587-0800] {dag.py:4180} INFO - Setting next_dagrun for consume_1_and_2_with_dataset_expressions to None, run_after=None
[2025-01-01T18:33:26.589-0800] {logging_mixin.py:190} INFO - [2025-01-01T18:33:26.589-0800] {dag.py:4180} INFO - Setting next_dagrun for consume_1_or_2_with_dataset_expressions to None, run_after=None
[2025-01-01T18:33:26.591-0800] {logging_mixin.py:190} INFO - [2025-01-01T18:33:26.591-0800] {dag.py:4180} INFO - Setting next_dagrun for consume_1_or_both_2_and_3_with_dataset_expressions to None, run_after=None
[2025-01-01T18:33:26.592-0800] {logging_mixin.py:190} INFO - [2025-01-01T18:33:26.592-0800] {dag.py:4180} INFO - Setting next_dagrun for dataset_consumes_1 to None, run_after=None
[2025-01-01T18:33:26.593-0800] {logging_mixin.py:190} INFO - [2025-01-01T18:33:26.593-0800] {dag.py:4180} INFO - Setting next_dagrun for dataset_consumes_1_and_2 to None, run_after=None
[2025-01-01T18:33:26.595-0800] {logging_mixin.py:190} INFO - [2025-01-01T18:33:26.594-0800] {dag.py:4180} INFO - Setting next_dagrun for dataset_consumes_1_never_scheduled to None, run_after=None
[2025-01-01T18:33:26.596-0800] {logging_mixin.py:190} INFO - [2025-01-01T18:33:26.595-0800] {dag.py:4180} INFO - Setting next_dagrun for dataset_consumes_unknown_never_scheduled to None, run_after=None
[2025-01-01T18:33:26.600-0800] {logging_mixin.py:190} INFO - [2025-01-01T18:33:26.599-0800] {dag.py:4180} INFO - Setting next_dagrun for dataset_produces_1 to 2025-01-01 00:00:00+00:00, run_after=2025-01-02 00:00:00+00:00
[2025-01-01T18:33:26.601-0800] {logging_mixin.py:190} INFO - [2025-01-01T18:33:26.601-0800] {dag.py:4180} INFO - Setting next_dagrun for dataset_produces_2 to None, run_after=None
[2025-01-01T18:33:26.640-0800] {processor.py:208} INFO - Processing /opt/anaconda3/envs/airflow_env/lib/python3.9/site-packages/airflow/example_dags/example_datasets.py took 0.404 seconds
[2025-01-01T18:39:21.836-0800] {processor.py:186} INFO - Started process (PID=33776) to work on /opt/anaconda3/envs/airflow_env/lib/python3.9/site-packages/airflow/example_dags/example_datasets.py
[2025-01-01T18:39:21.838-0800] {processor.py:914} INFO - Processing file /opt/anaconda3/envs/airflow_env/lib/python3.9/site-packages/airflow/example_dags/example_datasets.py for tasks to queue
[2025-01-01T18:39:21.839-0800] {logging_mixin.py:190} INFO - [2025-01-01T18:39:21.839-0800] {dagbag.py:588} INFO - Filling up the DagBag from /opt/anaconda3/envs/airflow_env/lib/python3.9/site-packages/airflow/example_dags/example_datasets.py
[2025-01-01T18:39:21.922-0800] {processor.py:925} INFO - DAG(s) 'consume_1_and_2_with_dataset_expressions', 'consume_1_or_2_with_dataset_expressions', 'consume_1_or_both_2_and_3_with_dataset_expressions', 'dataset_consumes_1_never_scheduled', 'dataset_produces_2', 'dataset_consumes_unknown_never_scheduled', 'conditional_dataset_and_time_based_timetable', 'dataset_consumes_1', 'dataset_produces_1', 'dataset_consumes_1_and_2' retrieved from /opt/anaconda3/envs/airflow_env/lib/python3.9/site-packages/airflow/example_dags/example_datasets.py
[2025-01-01T18:39:22.094-0800] {logging_mixin.py:190} INFO - [2025-01-01T18:39:22.094-0800] {dag.py:3239} INFO - Sync 10 DAGs
[2025-01-01T18:39:22.119-0800] {logging_mixin.py:190} INFO - [2025-01-01T18:39:22.119-0800] {dag.py:4180} INFO - Setting next_dagrun for conditional_dataset_and_time_based_timetable to 2025-01-01 01:00:00+00:00, run_after=2025-01-01 01:00:00+00:00
[2025-01-01T18:39:22.123-0800] {logging_mixin.py:190} INFO - [2025-01-01T18:39:22.123-0800] {dag.py:4180} INFO - Setting next_dagrun for consume_1_and_2_with_dataset_expressions to None, run_after=None
[2025-01-01T18:39:22.125-0800] {logging_mixin.py:190} INFO - [2025-01-01T18:39:22.124-0800] {dag.py:4180} INFO - Setting next_dagrun for consume_1_or_2_with_dataset_expressions to None, run_after=None
[2025-01-01T18:39:22.126-0800] {logging_mixin.py:190} INFO - [2025-01-01T18:39:22.126-0800] {dag.py:4180} INFO - Setting next_dagrun for consume_1_or_both_2_and_3_with_dataset_expressions to None, run_after=None
[2025-01-01T18:39:22.127-0800] {logging_mixin.py:190} INFO - [2025-01-01T18:39:22.127-0800] {dag.py:4180} INFO - Setting next_dagrun for dataset_consumes_1 to None, run_after=None
[2025-01-01T18:39:22.128-0800] {logging_mixin.py:190} INFO - [2025-01-01T18:39:22.128-0800] {dag.py:4180} INFO - Setting next_dagrun for dataset_consumes_1_and_2 to None, run_after=None
[2025-01-01T18:39:22.130-0800] {logging_mixin.py:190} INFO - [2025-01-01T18:39:22.130-0800] {dag.py:4180} INFO - Setting next_dagrun for dataset_consumes_1_never_scheduled to None, run_after=None
[2025-01-01T18:39:22.132-0800] {logging_mixin.py:190} INFO - [2025-01-01T18:39:22.132-0800] {dag.py:4180} INFO - Setting next_dagrun for dataset_consumes_unknown_never_scheduled to None, run_after=None
[2025-01-01T18:39:22.136-0800] {logging_mixin.py:190} INFO - [2025-01-01T18:39:22.136-0800] {dag.py:4180} INFO - Setting next_dagrun for dataset_produces_1 to 2025-01-01 00:00:00+00:00, run_after=2025-01-02 00:00:00+00:00
[2025-01-01T18:39:22.138-0800] {logging_mixin.py:190} INFO - [2025-01-01T18:39:22.137-0800] {dag.py:4180} INFO - Setting next_dagrun for dataset_produces_2 to None, run_after=None
[2025-01-01T18:39:22.177-0800] {processor.py:208} INFO - Processing /opt/anaconda3/envs/airflow_env/lib/python3.9/site-packages/airflow/example_dags/example_datasets.py took 0.345 seconds
