[2025-01-01T16:16:32.534-0800] {processor.py:186} INFO - Started process (PID=26894) to work on /opt/anaconda3/envs/airflow_env/lib/python3.9/site-packages/airflow/example_dags/example_branch_operator_decorator.py
[2025-01-01T16:16:32.535-0800] {processor.py:914} INFO - Processing file /opt/anaconda3/envs/airflow_env/lib/python3.9/site-packages/airflow/example_dags/example_branch_operator_decorator.py for tasks to queue
[2025-01-01T16:16:32.536-0800] {logging_mixin.py:190} INFO - [2025-01-01T16:16:32.536-0800] {dagbag.py:588} INFO - Filling up the DagBag from /opt/anaconda3/envs/airflow_env/lib/python3.9/site-packages/airflow/example_dags/example_branch_operator_decorator.py
[2025-01-01T16:16:32.561-0800] {processor.py:927} WARNING - No viable dags retrieved from /opt/anaconda3/envs/airflow_env/lib/python3.9/site-packages/airflow/example_dags/example_branch_operator_decorator.py
[2025-01-01T16:16:32.686-0800] {processor.py:208} INFO - Processing /opt/anaconda3/envs/airflow_env/lib/python3.9/site-packages/airflow/example_dags/example_branch_operator_decorator.py took 0.156 seconds
[2025-01-01T16:23:37.774-0800] {processor.py:186} INFO - Started process (PID=27237) to work on /opt/anaconda3/envs/airflow_env/lib/python3.9/site-packages/airflow/example_dags/example_branch_operator_decorator.py
[2025-01-01T16:23:37.778-0800] {processor.py:914} INFO - Processing file /opt/anaconda3/envs/airflow_env/lib/python3.9/site-packages/airflow/example_dags/example_branch_operator_decorator.py for tasks to queue
[2025-01-01T16:23:37.780-0800] {logging_mixin.py:190} INFO - [2025-01-01T16:23:37.779-0800] {dagbag.py:588} INFO - Filling up the DagBag from /opt/anaconda3/envs/airflow_env/lib/python3.9/site-packages/airflow/example_dags/example_branch_operator_decorator.py
[2025-01-01T16:23:37.811-0800] {processor.py:927} WARNING - No viable dags retrieved from /opt/anaconda3/envs/airflow_env/lib/python3.9/site-packages/airflow/example_dags/example_branch_operator_decorator.py
[2025-01-01T16:23:37.927-0800] {processor.py:208} INFO - Processing /opt/anaconda3/envs/airflow_env/lib/python3.9/site-packages/airflow/example_dags/example_branch_operator_decorator.py took 0.162 seconds
[2025-01-01T16:29:18.518-0800] {processor.py:186} INFO - Started process (PID=27446) to work on /opt/anaconda3/envs/airflow_env/lib/python3.9/site-packages/airflow/example_dags/example_branch_operator_decorator.py
[2025-01-01T16:29:18.520-0800] {processor.py:914} INFO - Processing file /opt/anaconda3/envs/airflow_env/lib/python3.9/site-packages/airflow/example_dags/example_branch_operator_decorator.py for tasks to queue
[2025-01-01T16:29:18.521-0800] {logging_mixin.py:190} INFO - [2025-01-01T16:29:18.521-0800] {dagbag.py:588} INFO - Filling up the DagBag from /opt/anaconda3/envs/airflow_env/lib/python3.9/site-packages/airflow/example_dags/example_branch_operator_decorator.py
[2025-01-01T16:29:18.546-0800] {processor.py:927} WARNING - No viable dags retrieved from /opt/anaconda3/envs/airflow_env/lib/python3.9/site-packages/airflow/example_dags/example_branch_operator_decorator.py
[2025-01-01T16:29:18.659-0800] {processor.py:208} INFO - Processing /opt/anaconda3/envs/airflow_env/lib/python3.9/site-packages/airflow/example_dags/example_branch_operator_decorator.py took 0.145 seconds
[2025-01-01T17:09:29.177-0800] {processor.py:186} INFO - Started process (PID=27820) to work on /opt/anaconda3/envs/airflow_env/lib/python3.9/site-packages/airflow/example_dags/example_branch_operator_decorator.py
[2025-01-01T17:09:29.180-0800] {processor.py:914} INFO - Processing file /opt/anaconda3/envs/airflow_env/lib/python3.9/site-packages/airflow/example_dags/example_branch_operator_decorator.py for tasks to queue
[2025-01-01T17:09:29.182-0800] {logging_mixin.py:190} INFO - [2025-01-01T17:09:29.181-0800] {dagbag.py:588} INFO - Filling up the DagBag from /opt/anaconda3/envs/airflow_env/lib/python3.9/site-packages/airflow/example_dags/example_branch_operator_decorator.py
[2025-01-01T17:09:29.208-0800] {processor.py:927} WARNING - No viable dags retrieved from /opt/anaconda3/envs/airflow_env/lib/python3.9/site-packages/airflow/example_dags/example_branch_operator_decorator.py
[2025-01-01T17:09:29.357-0800] {processor.py:208} INFO - Processing /opt/anaconda3/envs/airflow_env/lib/python3.9/site-packages/airflow/example_dags/example_branch_operator_decorator.py took 0.184 seconds
[2025-01-01T17:16:57.122-0800] {processor.py:186} INFO - Started process (PID=28105) to work on /opt/anaconda3/envs/airflow_env/lib/python3.9/site-packages/airflow/example_dags/example_branch_operator_decorator.py
[2025-01-01T17:16:57.124-0800] {processor.py:914} INFO - Processing file /opt/anaconda3/envs/airflow_env/lib/python3.9/site-packages/airflow/example_dags/example_branch_operator_decorator.py for tasks to queue
[2025-01-01T17:16:57.126-0800] {logging_mixin.py:190} INFO - [2025-01-01T17:16:57.126-0800] {dagbag.py:588} INFO - Filling up the DagBag from /opt/anaconda3/envs/airflow_env/lib/python3.9/site-packages/airflow/example_dags/example_branch_operator_decorator.py
[2025-01-01T17:16:57.168-0800] {processor.py:927} WARNING - No viable dags retrieved from /opt/anaconda3/envs/airflow_env/lib/python3.9/site-packages/airflow/example_dags/example_branch_operator_decorator.py
[2025-01-01T17:16:57.417-0800] {processor.py:208} INFO - Processing /opt/anaconda3/envs/airflow_env/lib/python3.9/site-packages/airflow/example_dags/example_branch_operator_decorator.py took 0.301 seconds
[2025-01-01T17:24:27.270-0800] {processor.py:186} INFO - Started process (PID=28469) to work on /opt/anaconda3/envs/airflow_env/lib/python3.9/site-packages/airflow/example_dags/example_branch_operator_decorator.py
[2025-01-01T17:24:27.272-0800] {processor.py:914} INFO - Processing file /opt/anaconda3/envs/airflow_env/lib/python3.9/site-packages/airflow/example_dags/example_branch_operator_decorator.py for tasks to queue
[2025-01-01T17:24:27.274-0800] {logging_mixin.py:190} INFO - [2025-01-01T17:24:27.273-0800] {dagbag.py:588} INFO - Filling up the DagBag from /opt/anaconda3/envs/airflow_env/lib/python3.9/site-packages/airflow/example_dags/example_branch_operator_decorator.py
[2025-01-01T17:24:27.296-0800] {processor.py:927} WARNING - No viable dags retrieved from /opt/anaconda3/envs/airflow_env/lib/python3.9/site-packages/airflow/example_dags/example_branch_operator_decorator.py
[2025-01-01T17:24:27.411-0800] {processor.py:208} INFO - Processing /opt/anaconda3/envs/airflow_env/lib/python3.9/site-packages/airflow/example_dags/example_branch_operator_decorator.py took 0.145 seconds
[2025-01-01T17:33:46.515-0800] {processor.py:186} INFO - Started process (PID=29121) to work on /opt/anaconda3/envs/airflow_env/lib/python3.9/site-packages/airflow/example_dags/example_branch_operator_decorator.py
[2025-01-01T17:33:46.517-0800] {processor.py:914} INFO - Processing file /opt/anaconda3/envs/airflow_env/lib/python3.9/site-packages/airflow/example_dags/example_branch_operator_decorator.py for tasks to queue
[2025-01-01T17:33:46.518-0800] {logging_mixin.py:190} INFO - [2025-01-01T17:33:46.518-0800] {dagbag.py:588} INFO - Filling up the DagBag from /opt/anaconda3/envs/airflow_env/lib/python3.9/site-packages/airflow/example_dags/example_branch_operator_decorator.py
[2025-01-01T17:33:46.546-0800] {processor.py:927} WARNING - No viable dags retrieved from /opt/anaconda3/envs/airflow_env/lib/python3.9/site-packages/airflow/example_dags/example_branch_operator_decorator.py
[2025-01-01T17:33:46.688-0800] {processor.py:208} INFO - Processing /opt/anaconda3/envs/airflow_env/lib/python3.9/site-packages/airflow/example_dags/example_branch_operator_decorator.py took 0.178 seconds
[2025-01-01T17:45:09.279-0800] {processor.py:186} INFO - Started process (PID=30124) to work on /opt/anaconda3/envs/airflow_env/lib/python3.9/site-packages/airflow/example_dags/example_branch_operator_decorator.py
[2025-01-01T17:45:09.282-0800] {processor.py:914} INFO - Processing file /opt/anaconda3/envs/airflow_env/lib/python3.9/site-packages/airflow/example_dags/example_branch_operator_decorator.py for tasks to queue
[2025-01-01T17:45:09.283-0800] {logging_mixin.py:190} INFO - [2025-01-01T17:45:09.283-0800] {dagbag.py:588} INFO - Filling up the DagBag from /opt/anaconda3/envs/airflow_env/lib/python3.9/site-packages/airflow/example_dags/example_branch_operator_decorator.py
[2025-01-01T17:45:09.310-0800] {processor.py:927} WARNING - No viable dags retrieved from /opt/anaconda3/envs/airflow_env/lib/python3.9/site-packages/airflow/example_dags/example_branch_operator_decorator.py
[2025-01-01T17:45:09.429-0800] {processor.py:208} INFO - Processing /opt/anaconda3/envs/airflow_env/lib/python3.9/site-packages/airflow/example_dags/example_branch_operator_decorator.py took 0.154 seconds
[2025-01-01T18:00:01.151-0800] {processor.py:186} INFO - Started process (PID=31212) to work on /opt/anaconda3/envs/airflow_env/lib/python3.9/site-packages/airflow/example_dags/example_branch_operator_decorator.py
[2025-01-01T18:00:01.154-0800] {processor.py:914} INFO - Processing file /opt/anaconda3/envs/airflow_env/lib/python3.9/site-packages/airflow/example_dags/example_branch_operator_decorator.py for tasks to queue
[2025-01-01T18:00:01.155-0800] {logging_mixin.py:190} INFO - [2025-01-01T18:00:01.155-0800] {dagbag.py:588} INFO - Filling up the DagBag from /opt/anaconda3/envs/airflow_env/lib/python3.9/site-packages/airflow/example_dags/example_branch_operator_decorator.py
[2025-01-01T18:00:01.176-0800] {processor.py:927} WARNING - No viable dags retrieved from /opt/anaconda3/envs/airflow_env/lib/python3.9/site-packages/airflow/example_dags/example_branch_operator_decorator.py
[2025-01-01T18:00:01.332-0800] {processor.py:208} INFO - Processing /opt/anaconda3/envs/airflow_env/lib/python3.9/site-packages/airflow/example_dags/example_branch_operator_decorator.py took 0.185 seconds
[2025-01-01T18:10:24.705-0800] {processor.py:186} INFO - Started process (PID=32264) to work on /opt/anaconda3/envs/airflow_env/lib/python3.9/site-packages/airflow/example_dags/example_branch_operator_decorator.py
[2025-01-01T18:10:24.709-0800] {processor.py:914} INFO - Processing file /opt/anaconda3/envs/airflow_env/lib/python3.9/site-packages/airflow/example_dags/example_branch_operator_decorator.py for tasks to queue
[2025-01-01T18:10:24.711-0800] {logging_mixin.py:190} INFO - [2025-01-01T18:10:24.710-0800] {dagbag.py:588} INFO - Filling up the DagBag from /opt/anaconda3/envs/airflow_env/lib/python3.9/site-packages/airflow/example_dags/example_branch_operator_decorator.py
[2025-01-01T18:10:24.736-0800] {processor.py:927} WARNING - No viable dags retrieved from /opt/anaconda3/envs/airflow_env/lib/python3.9/site-packages/airflow/example_dags/example_branch_operator_decorator.py
[2025-01-01T18:10:24.928-0800] {processor.py:208} INFO - Processing /opt/anaconda3/envs/airflow_env/lib/python3.9/site-packages/airflow/example_dags/example_branch_operator_decorator.py took 0.232 seconds
[2025-01-01T18:18:49.743-0800] {processor.py:186} INFO - Started process (PID=32583) to work on /opt/anaconda3/envs/airflow_env/lib/python3.9/site-packages/airflow/example_dags/example_branch_operator_decorator.py
[2025-01-01T18:18:49.745-0800] {processor.py:914} INFO - Processing file /opt/anaconda3/envs/airflow_env/lib/python3.9/site-packages/airflow/example_dags/example_branch_operator_decorator.py for tasks to queue
[2025-01-01T18:18:49.746-0800] {logging_mixin.py:190} INFO - [2025-01-01T18:18:49.746-0800] {dagbag.py:588} INFO - Filling up the DagBag from /opt/anaconda3/envs/airflow_env/lib/python3.9/site-packages/airflow/example_dags/example_branch_operator_decorator.py
[2025-01-01T18:18:49.769-0800] {processor.py:927} WARNING - No viable dags retrieved from /opt/anaconda3/envs/airflow_env/lib/python3.9/site-packages/airflow/example_dags/example_branch_operator_decorator.py
[2025-01-01T18:18:49.901-0800] {processor.py:208} INFO - Processing /opt/anaconda3/envs/airflow_env/lib/python3.9/site-packages/airflow/example_dags/example_branch_operator_decorator.py took 0.163 seconds
[2025-01-01T18:26:22.992-0800] {processor.py:186} INFO - Started process (PID=32973) to work on /opt/anaconda3/envs/airflow_env/lib/python3.9/site-packages/airflow/example_dags/example_branch_operator_decorator.py
[2025-01-01T18:26:22.994-0800] {processor.py:914} INFO - Processing file /opt/anaconda3/envs/airflow_env/lib/python3.9/site-packages/airflow/example_dags/example_branch_operator_decorator.py for tasks to queue
[2025-01-01T18:26:22.996-0800] {logging_mixin.py:190} INFO - [2025-01-01T18:26:22.995-0800] {dagbag.py:588} INFO - Filling up the DagBag from /opt/anaconda3/envs/airflow_env/lib/python3.9/site-packages/airflow/example_dags/example_branch_operator_decorator.py
[2025-01-01T18:26:23.027-0800] {processor.py:927} WARNING - No viable dags retrieved from /opt/anaconda3/envs/airflow_env/lib/python3.9/site-packages/airflow/example_dags/example_branch_operator_decorator.py
[2025-01-01T18:26:23.147-0800] {processor.py:208} INFO - Processing /opt/anaconda3/envs/airflow_env/lib/python3.9/site-packages/airflow/example_dags/example_branch_operator_decorator.py took 0.160 seconds
[2025-01-01T18:33:33.814-0800] {processor.py:186} INFO - Started process (PID=33441) to work on /opt/anaconda3/envs/airflow_env/lib/python3.9/site-packages/airflow/example_dags/example_branch_operator_decorator.py
[2025-01-01T18:33:33.816-0800] {processor.py:914} INFO - Processing file /opt/anaconda3/envs/airflow_env/lib/python3.9/site-packages/airflow/example_dags/example_branch_operator_decorator.py for tasks to queue
[2025-01-01T18:33:33.818-0800] {logging_mixin.py:190} INFO - [2025-01-01T18:33:33.817-0800] {dagbag.py:588} INFO - Filling up the DagBag from /opt/anaconda3/envs/airflow_env/lib/python3.9/site-packages/airflow/example_dags/example_branch_operator_decorator.py
[2025-01-01T18:33:33.841-0800] {processor.py:927} WARNING - No viable dags retrieved from /opt/anaconda3/envs/airflow_env/lib/python3.9/site-packages/airflow/example_dags/example_branch_operator_decorator.py
[2025-01-01T18:33:33.974-0800] {processor.py:208} INFO - Processing /opt/anaconda3/envs/airflow_env/lib/python3.9/site-packages/airflow/example_dags/example_branch_operator_decorator.py took 0.165 seconds
[2025-01-01T18:39:46.759-0800] {processor.py:186} INFO - Started process (PID=33828) to work on /opt/anaconda3/envs/airflow_env/lib/python3.9/site-packages/airflow/example_dags/example_branch_operator_decorator.py
[2025-01-01T18:39:46.761-0800] {processor.py:914} INFO - Processing file /opt/anaconda3/envs/airflow_env/lib/python3.9/site-packages/airflow/example_dags/example_branch_operator_decorator.py for tasks to queue
[2025-01-01T18:39:46.763-0800] {logging_mixin.py:190} INFO - [2025-01-01T18:39:46.762-0800] {dagbag.py:588} INFO - Filling up the DagBag from /opt/anaconda3/envs/airflow_env/lib/python3.9/site-packages/airflow/example_dags/example_branch_operator_decorator.py
[2025-01-01T18:39:46.793-0800] {processor.py:927} WARNING - No viable dags retrieved from /opt/anaconda3/envs/airflow_env/lib/python3.9/site-packages/airflow/example_dags/example_branch_operator_decorator.py
[2025-01-01T18:39:46.949-0800] {processor.py:208} INFO - Processing /opt/anaconda3/envs/airflow_env/lib/python3.9/site-packages/airflow/example_dags/example_branch_operator_decorator.py took 0.196 seconds
