[2025-01-01T16:12:21.606-0800] {processor.py:186} INFO - Started process (PID=26613) to work on /opt/anaconda3/envs/airflow_env/lib/python3.9/site-packages/airflow/example_dags/example_kubernetes_executor.py
[2025-01-01T16:12:21.608-0800] {processor.py:914} INFO - Processing file /opt/anaconda3/envs/airflow_env/lib/python3.9/site-packages/airflow/example_dags/example_kubernetes_executor.py for tasks to queue
[2025-01-01T16:12:21.609-0800] {logging_mixin.py:190} INFO - [2025-01-01T16:12:21.609-0800] {dagbag.py:588} INFO - Filling up the DagBag from /opt/anaconda3/envs/airflow_env/lib/python3.9/site-packages/airflow/example_dags/example_kubernetes_executor.py
[2025-01-01T16:12:21.703-0800] {logging_mixin.py:190} INFO - [2025-01-01T16:12:21.702-0800] {example_kubernetes_executor.py:39} WARNING - The example_kubernetes_executor example DAG requires the kubernetes provider. Please install it with: pip install apache-airflow[cncf.kubernetes]
[2025-01-01T16:12:21.703-0800] {processor.py:927} WARNING - No viable dags retrieved from /opt/anaconda3/envs/airflow_env/lib/python3.9/site-packages/airflow/example_dags/example_kubernetes_executor.py
[2025-01-01T16:12:21.836-0800] {processor.py:208} INFO - Processing /opt/anaconda3/envs/airflow_env/lib/python3.9/site-packages/airflow/example_dags/example_kubernetes_executor.py took 0.237 seconds
[2025-01-01T16:16:04.696-0800] {processor.py:186} INFO - Started process (PID=26855) to work on /opt/anaconda3/envs/airflow_env/lib/python3.9/site-packages/airflow/example_dags/example_kubernetes_executor.py
[2025-01-01T16:16:04.698-0800] {processor.py:914} INFO - Processing file /opt/anaconda3/envs/airflow_env/lib/python3.9/site-packages/airflow/example_dags/example_kubernetes_executor.py for tasks to queue
[2025-01-01T16:16:04.699-0800] {logging_mixin.py:190} INFO - [2025-01-01T16:16:04.699-0800] {dagbag.py:588} INFO - Filling up the DagBag from /opt/anaconda3/envs/airflow_env/lib/python3.9/site-packages/airflow/example_dags/example_kubernetes_executor.py
[2025-01-01T16:16:05.063-0800] {logging_mixin.py:190} INFO - [2025-01-01T16:16:05.061-0800] {example_kubernetes_executor.py:39} WARNING - The example_kubernetes_executor example DAG requires the kubernetes provider. Please install it with: pip install apache-airflow[cncf.kubernetes]
[2025-01-01T16:16:05.064-0800] {processor.py:927} WARNING - No viable dags retrieved from /opt/anaconda3/envs/airflow_env/lib/python3.9/site-packages/airflow/example_dags/example_kubernetes_executor.py
[2025-01-01T16:16:05.441-0800] {processor.py:208} INFO - Processing /opt/anaconda3/envs/airflow_env/lib/python3.9/site-packages/airflow/example_dags/example_kubernetes_executor.py took 0.749 seconds
[2025-01-01T16:19:54.067-0800] {processor.py:186} INFO - Started process (PID=27078) to work on /opt/anaconda3/envs/airflow_env/lib/python3.9/site-packages/airflow/example_dags/example_kubernetes_executor.py
[2025-01-01T16:19:54.069-0800] {processor.py:914} INFO - Processing file /opt/anaconda3/envs/airflow_env/lib/python3.9/site-packages/airflow/example_dags/example_kubernetes_executor.py for tasks to queue
[2025-01-01T16:19:54.070-0800] {logging_mixin.py:190} INFO - [2025-01-01T16:19:54.070-0800] {dagbag.py:588} INFO - Filling up the DagBag from /opt/anaconda3/envs/airflow_env/lib/python3.9/site-packages/airflow/example_dags/example_kubernetes_executor.py
[2025-01-01T16:19:54.112-0800] {logging_mixin.py:190} INFO - [2025-01-01T16:19:54.111-0800] {example_kubernetes_executor.py:39} WARNING - The example_kubernetes_executor example DAG requires the kubernetes provider. Please install it with: pip install apache-airflow[cncf.kubernetes]
[2025-01-01T16:19:54.113-0800] {processor.py:927} WARNING - No viable dags retrieved from /opt/anaconda3/envs/airflow_env/lib/python3.9/site-packages/airflow/example_dags/example_kubernetes_executor.py
[2025-01-01T16:19:54.234-0800] {processor.py:208} INFO - Processing /opt/anaconda3/envs/airflow_env/lib/python3.9/site-packages/airflow/example_dags/example_kubernetes_executor.py took 0.171 seconds
[2025-01-01T16:23:16.611-0800] {processor.py:186} INFO - Started process (PID=27225) to work on /opt/anaconda3/envs/airflow_env/lib/python3.9/site-packages/airflow/example_dags/example_kubernetes_executor.py
[2025-01-01T16:23:16.613-0800] {processor.py:914} INFO - Processing file /opt/anaconda3/envs/airflow_env/lib/python3.9/site-packages/airflow/example_dags/example_kubernetes_executor.py for tasks to queue
[2025-01-01T16:23:16.615-0800] {logging_mixin.py:190} INFO - [2025-01-01T16:23:16.614-0800] {dagbag.py:588} INFO - Filling up the DagBag from /opt/anaconda3/envs/airflow_env/lib/python3.9/site-packages/airflow/example_dags/example_kubernetes_executor.py
[2025-01-01T16:23:16.682-0800] {logging_mixin.py:190} INFO - [2025-01-01T16:23:16.681-0800] {example_kubernetes_executor.py:39} WARNING - The example_kubernetes_executor example DAG requires the kubernetes provider. Please install it with: pip install apache-airflow[cncf.kubernetes]
[2025-01-01T16:23:16.682-0800] {processor.py:927} WARNING - No viable dags retrieved from /opt/anaconda3/envs/airflow_env/lib/python3.9/site-packages/airflow/example_dags/example_kubernetes_executor.py
[2025-01-01T16:23:16.816-0800] {processor.py:208} INFO - Processing /opt/anaconda3/envs/airflow_env/lib/python3.9/site-packages/airflow/example_dags/example_kubernetes_executor.py took 0.210 seconds
[2025-01-01T16:26:15.291-0800] {processor.py:186} INFO - Started process (PID=27337) to work on /opt/anaconda3/envs/airflow_env/lib/python3.9/site-packages/airflow/example_dags/example_kubernetes_executor.py
[2025-01-01T16:26:15.293-0800] {processor.py:914} INFO - Processing file /opt/anaconda3/envs/airflow_env/lib/python3.9/site-packages/airflow/example_dags/example_kubernetes_executor.py for tasks to queue
[2025-01-01T16:26:15.295-0800] {logging_mixin.py:190} INFO - [2025-01-01T16:26:15.294-0800] {dagbag.py:588} INFO - Filling up the DagBag from /opt/anaconda3/envs/airflow_env/lib/python3.9/site-packages/airflow/example_dags/example_kubernetes_executor.py
[2025-01-01T16:26:15.336-0800] {logging_mixin.py:190} INFO - [2025-01-01T16:26:15.336-0800] {example_kubernetes_executor.py:39} WARNING - The example_kubernetes_executor example DAG requires the kubernetes provider. Please install it with: pip install apache-airflow[cncf.kubernetes]
[2025-01-01T16:26:15.337-0800] {processor.py:927} WARNING - No viable dags retrieved from /opt/anaconda3/envs/airflow_env/lib/python3.9/site-packages/airflow/example_dags/example_kubernetes_executor.py
[2025-01-01T16:26:15.457-0800] {processor.py:208} INFO - Processing /opt/anaconda3/envs/airflow_env/lib/python3.9/site-packages/airflow/example_dags/example_kubernetes_executor.py took 0.170 seconds
[2025-01-01T16:29:08.113-0800] {processor.py:186} INFO - Started process (PID=27440) to work on /opt/anaconda3/envs/airflow_env/lib/python3.9/site-packages/airflow/example_dags/example_kubernetes_executor.py
[2025-01-01T16:29:08.115-0800] {processor.py:914} INFO - Processing file /opt/anaconda3/envs/airflow_env/lib/python3.9/site-packages/airflow/example_dags/example_kubernetes_executor.py for tasks to queue
[2025-01-01T16:29:08.116-0800] {logging_mixin.py:190} INFO - [2025-01-01T16:29:08.116-0800] {dagbag.py:588} INFO - Filling up the DagBag from /opt/anaconda3/envs/airflow_env/lib/python3.9/site-packages/airflow/example_dags/example_kubernetes_executor.py
[2025-01-01T16:29:08.151-0800] {logging_mixin.py:190} INFO - [2025-01-01T16:29:08.151-0800] {example_kubernetes_executor.py:39} WARNING - The example_kubernetes_executor example DAG requires the kubernetes provider. Please install it with: pip install apache-airflow[cncf.kubernetes]
[2025-01-01T16:29:08.151-0800] {processor.py:927} WARNING - No viable dags retrieved from /opt/anaconda3/envs/airflow_env/lib/python3.9/site-packages/airflow/example_dags/example_kubernetes_executor.py
[2025-01-01T16:29:08.275-0800] {processor.py:208} INFO - Processing /opt/anaconda3/envs/airflow_env/lib/python3.9/site-packages/airflow/example_dags/example_kubernetes_executor.py took 0.166 seconds
[2025-01-01T16:31:59.898-0800] {processor.py:186} INFO - Started process (PID=27543) to work on /opt/anaconda3/envs/airflow_env/lib/python3.9/site-packages/airflow/example_dags/example_kubernetes_executor.py
[2025-01-01T16:31:59.901-0800] {processor.py:914} INFO - Processing file /opt/anaconda3/envs/airflow_env/lib/python3.9/site-packages/airflow/example_dags/example_kubernetes_executor.py for tasks to queue
[2025-01-01T16:31:59.902-0800] {logging_mixin.py:190} INFO - [2025-01-01T16:31:59.902-0800] {dagbag.py:588} INFO - Filling up the DagBag from /opt/anaconda3/envs/airflow_env/lib/python3.9/site-packages/airflow/example_dags/example_kubernetes_executor.py
[2025-01-01T16:31:59.938-0800] {logging_mixin.py:190} INFO - [2025-01-01T16:31:59.937-0800] {example_kubernetes_executor.py:39} WARNING - The example_kubernetes_executor example DAG requires the kubernetes provider. Please install it with: pip install apache-airflow[cncf.kubernetes]
[2025-01-01T16:31:59.938-0800] {processor.py:927} WARNING - No viable dags retrieved from /opt/anaconda3/envs/airflow_env/lib/python3.9/site-packages/airflow/example_dags/example_kubernetes_executor.py
[2025-01-01T16:32:00.050-0800] {processor.py:208} INFO - Processing /opt/anaconda3/envs/airflow_env/lib/python3.9/site-packages/airflow/example_dags/example_kubernetes_executor.py took 0.156 seconds
[2025-01-01T17:08:56.191-0800] {processor.py:186} INFO - Started process (PID=27799) to work on /opt/anaconda3/envs/airflow_env/lib/python3.9/site-packages/airflow/example_dags/example_kubernetes_executor.py
[2025-01-01T17:08:56.194-0800] {processor.py:914} INFO - Processing file /opt/anaconda3/envs/airflow_env/lib/python3.9/site-packages/airflow/example_dags/example_kubernetes_executor.py for tasks to queue
[2025-01-01T17:08:56.196-0800] {logging_mixin.py:190} INFO - [2025-01-01T17:08:56.195-0800] {dagbag.py:588} INFO - Filling up the DagBag from /opt/anaconda3/envs/airflow_env/lib/python3.9/site-packages/airflow/example_dags/example_kubernetes_executor.py
[2025-01-01T17:08:56.317-0800] {logging_mixin.py:190} INFO - [2025-01-01T17:08:56.317-0800] {example_kubernetes_executor.py:39} WARNING - The example_kubernetes_executor example DAG requires the kubernetes provider. Please install it with: pip install apache-airflow[cncf.kubernetes]
[2025-01-01T17:08:56.318-0800] {processor.py:927} WARNING - No viable dags retrieved from /opt/anaconda3/envs/airflow_env/lib/python3.9/site-packages/airflow/example_dags/example_kubernetes_executor.py
[2025-01-01T17:08:56.615-0800] {processor.py:208} INFO - Processing /opt/anaconda3/envs/airflow_env/lib/python3.9/site-packages/airflow/example_dags/example_kubernetes_executor.py took 0.428 seconds
[2025-01-01T17:12:53.737-0800] {processor.py:186} INFO - Started process (PID=27935) to work on /opt/anaconda3/envs/airflow_env/lib/python3.9/site-packages/airflow/example_dags/example_kubernetes_executor.py
[2025-01-01T17:12:53.742-0800] {processor.py:914} INFO - Processing file /opt/anaconda3/envs/airflow_env/lib/python3.9/site-packages/airflow/example_dags/example_kubernetes_executor.py for tasks to queue
[2025-01-01T17:12:53.743-0800] {logging_mixin.py:190} INFO - [2025-01-01T17:12:53.743-0800] {dagbag.py:588} INFO - Filling up the DagBag from /opt/anaconda3/envs/airflow_env/lib/python3.9/site-packages/airflow/example_dags/example_kubernetes_executor.py
[2025-01-01T17:12:53.811-0800] {logging_mixin.py:190} INFO - [2025-01-01T17:12:53.810-0800] {example_kubernetes_executor.py:39} WARNING - The example_kubernetes_executor example DAG requires the kubernetes provider. Please install it with: pip install apache-airflow[cncf.kubernetes]
[2025-01-01T17:12:53.812-0800] {processor.py:927} WARNING - No viable dags retrieved from /opt/anaconda3/envs/airflow_env/lib/python3.9/site-packages/airflow/example_dags/example_kubernetes_executor.py
[2025-01-01T17:12:54.044-0800] {processor.py:208} INFO - Processing /opt/anaconda3/envs/airflow_env/lib/python3.9/site-packages/airflow/example_dags/example_kubernetes_executor.py took 0.314 seconds
[2025-01-01T17:16:28.555-0800] {processor.py:186} INFO - Started process (PID=28088) to work on /opt/anaconda3/envs/airflow_env/lib/python3.9/site-packages/airflow/example_dags/example_kubernetes_executor.py
[2025-01-01T17:16:28.558-0800] {processor.py:914} INFO - Processing file /opt/anaconda3/envs/airflow_env/lib/python3.9/site-packages/airflow/example_dags/example_kubernetes_executor.py for tasks to queue
[2025-01-01T17:16:28.560-0800] {logging_mixin.py:190} INFO - [2025-01-01T17:16:28.560-0800] {dagbag.py:588} INFO - Filling up the DagBag from /opt/anaconda3/envs/airflow_env/lib/python3.9/site-packages/airflow/example_dags/example_kubernetes_executor.py
[2025-01-01T17:16:28.635-0800] {logging_mixin.py:190} INFO - [2025-01-01T17:16:28.634-0800] {example_kubernetes_executor.py:39} WARNING - The example_kubernetes_executor example DAG requires the kubernetes provider. Please install it with: pip install apache-airflow[cncf.kubernetes]
[2025-01-01T17:16:28.635-0800] {processor.py:927} WARNING - No viable dags retrieved from /opt/anaconda3/envs/airflow_env/lib/python3.9/site-packages/airflow/example_dags/example_kubernetes_executor.py
[2025-01-01T17:16:28.823-0800] {processor.py:208} INFO - Processing /opt/anaconda3/envs/airflow_env/lib/python3.9/site-packages/airflow/example_dags/example_kubernetes_executor.py took 0.274 seconds
[2025-01-01T17:20:23.336-0800] {processor.py:186} INFO - Started process (PID=28284) to work on /opt/anaconda3/envs/airflow_env/lib/python3.9/site-packages/airflow/example_dags/example_kubernetes_executor.py
[2025-01-01T17:20:23.339-0800] {processor.py:914} INFO - Processing file /opt/anaconda3/envs/airflow_env/lib/python3.9/site-packages/airflow/example_dags/example_kubernetes_executor.py for tasks to queue
[2025-01-01T17:20:23.341-0800] {logging_mixin.py:190} INFO - [2025-01-01T17:20:23.340-0800] {dagbag.py:588} INFO - Filling up the DagBag from /opt/anaconda3/envs/airflow_env/lib/python3.9/site-packages/airflow/example_dags/example_kubernetes_executor.py
[2025-01-01T17:20:23.404-0800] {logging_mixin.py:190} INFO - [2025-01-01T17:20:23.402-0800] {example_kubernetes_executor.py:39} WARNING - The example_kubernetes_executor example DAG requires the kubernetes provider. Please install it with: pip install apache-airflow[cncf.kubernetes]
[2025-01-01T17:20:23.404-0800] {processor.py:927} WARNING - No viable dags retrieved from /opt/anaconda3/envs/airflow_env/lib/python3.9/site-packages/airflow/example_dags/example_kubernetes_executor.py
[2025-01-01T17:20:23.682-0800] {processor.py:208} INFO - Processing /opt/anaconda3/envs/airflow_env/lib/python3.9/site-packages/airflow/example_dags/example_kubernetes_executor.py took 0.355 seconds
[2025-01-01T17:24:10.632-0800] {processor.py:186} INFO - Started process (PID=28460) to work on /opt/anaconda3/envs/airflow_env/lib/python3.9/site-packages/airflow/example_dags/example_kubernetes_executor.py
[2025-01-01T17:24:10.635-0800] {processor.py:914} INFO - Processing file /opt/anaconda3/envs/airflow_env/lib/python3.9/site-packages/airflow/example_dags/example_kubernetes_executor.py for tasks to queue
[2025-01-01T17:24:10.636-0800] {logging_mixin.py:190} INFO - [2025-01-01T17:24:10.636-0800] {dagbag.py:588} INFO - Filling up the DagBag from /opt/anaconda3/envs/airflow_env/lib/python3.9/site-packages/airflow/example_dags/example_kubernetes_executor.py
[2025-01-01T17:24:10.774-0800] {logging_mixin.py:190} INFO - [2025-01-01T17:24:10.774-0800] {example_kubernetes_executor.py:39} WARNING - The example_kubernetes_executor example DAG requires the kubernetes provider. Please install it with: pip install apache-airflow[cncf.kubernetes]
[2025-01-01T17:24:10.775-0800] {processor.py:927} WARNING - No viable dags retrieved from /opt/anaconda3/envs/airflow_env/lib/python3.9/site-packages/airflow/example_dags/example_kubernetes_executor.py
[2025-01-01T17:24:10.967-0800] {processor.py:208} INFO - Processing /opt/anaconda3/envs/airflow_env/lib/python3.9/site-packages/airflow/example_dags/example_kubernetes_executor.py took 0.341 seconds
[2025-01-01T17:32:58.650-0800] {processor.py:186} INFO - Started process (PID=29071) to work on /opt/anaconda3/envs/airflow_env/lib/python3.9/site-packages/airflow/example_dags/example_kubernetes_executor.py
[2025-01-01T17:32:58.652-0800] {processor.py:914} INFO - Processing file /opt/anaconda3/envs/airflow_env/lib/python3.9/site-packages/airflow/example_dags/example_kubernetes_executor.py for tasks to queue
[2025-01-01T17:32:58.653-0800] {logging_mixin.py:190} INFO - [2025-01-01T17:32:58.653-0800] {dagbag.py:588} INFO - Filling up the DagBag from /opt/anaconda3/envs/airflow_env/lib/python3.9/site-packages/airflow/example_dags/example_kubernetes_executor.py
[2025-01-01T17:32:58.695-0800] {logging_mixin.py:190} INFO - [2025-01-01T17:32:58.695-0800] {example_kubernetes_executor.py:39} WARNING - The example_kubernetes_executor example DAG requires the kubernetes provider. Please install it with: pip install apache-airflow[cncf.kubernetes]
[2025-01-01T17:32:58.695-0800] {processor.py:927} WARNING - No viable dags retrieved from /opt/anaconda3/envs/airflow_env/lib/python3.9/site-packages/airflow/example_dags/example_kubernetes_executor.py
[2025-01-01T17:32:58.957-0800] {processor.py:208} INFO - Processing /opt/anaconda3/envs/airflow_env/lib/python3.9/site-packages/airflow/example_dags/example_kubernetes_executor.py took 0.312 seconds
[2025-01-01T17:36:54.728-0800] {processor.py:186} INFO - Started process (PID=29392) to work on /opt/anaconda3/envs/airflow_env/lib/python3.9/site-packages/airflow/example_dags/example_kubernetes_executor.py
[2025-01-01T17:36:54.730-0800] {processor.py:914} INFO - Processing file /opt/anaconda3/envs/airflow_env/lib/python3.9/site-packages/airflow/example_dags/example_kubernetes_executor.py for tasks to queue
[2025-01-01T17:36:54.732-0800] {logging_mixin.py:190} INFO - [2025-01-01T17:36:54.731-0800] {dagbag.py:588} INFO - Filling up the DagBag from /opt/anaconda3/envs/airflow_env/lib/python3.9/site-packages/airflow/example_dags/example_kubernetes_executor.py
[2025-01-01T17:36:54.827-0800] {logging_mixin.py:190} INFO - [2025-01-01T17:36:54.826-0800] {example_kubernetes_executor.py:39} WARNING - The example_kubernetes_executor example DAG requires the kubernetes provider. Please install it with: pip install apache-airflow[cncf.kubernetes]
[2025-01-01T17:36:54.827-0800] {processor.py:927} WARNING - No viable dags retrieved from /opt/anaconda3/envs/airflow_env/lib/python3.9/site-packages/airflow/example_dags/example_kubernetes_executor.py
[2025-01-01T17:36:55.022-0800] {processor.py:208} INFO - Processing /opt/anaconda3/envs/airflow_env/lib/python3.9/site-packages/airflow/example_dags/example_kubernetes_executor.py took 0.301 seconds
[2025-01-01T17:44:10.038-0800] {processor.py:186} INFO - Started process (PID=30062) to work on /opt/anaconda3/envs/airflow_env/lib/python3.9/site-packages/airflow/example_dags/example_kubernetes_executor.py
[2025-01-01T17:44:10.041-0800] {processor.py:914} INFO - Processing file /opt/anaconda3/envs/airflow_env/lib/python3.9/site-packages/airflow/example_dags/example_kubernetes_executor.py for tasks to queue
[2025-01-01T17:44:10.042-0800] {logging_mixin.py:190} INFO - [2025-01-01T17:44:10.042-0800] {dagbag.py:588} INFO - Filling up the DagBag from /opt/anaconda3/envs/airflow_env/lib/python3.9/site-packages/airflow/example_dags/example_kubernetes_executor.py
[2025-01-01T17:44:10.096-0800] {logging_mixin.py:190} INFO - [2025-01-01T17:44:10.096-0800] {example_kubernetes_executor.py:39} WARNING - The example_kubernetes_executor example DAG requires the kubernetes provider. Please install it with: pip install apache-airflow[cncf.kubernetes]
[2025-01-01T17:44:10.097-0800] {processor.py:927} WARNING - No viable dags retrieved from /opt/anaconda3/envs/airflow_env/lib/python3.9/site-packages/airflow/example_dags/example_kubernetes_executor.py
[2025-01-01T17:44:10.235-0800] {processor.py:208} INFO - Processing /opt/anaconda3/envs/airflow_env/lib/python3.9/site-packages/airflow/example_dags/example_kubernetes_executor.py took 0.201 seconds
[2025-01-01T17:56:41.071-0800] {processor.py:186} INFO - Started process (PID=30909) to work on /opt/anaconda3/envs/airflow_env/lib/python3.9/site-packages/airflow/example_dags/example_kubernetes_executor.py
[2025-01-01T17:56:41.073-0800] {processor.py:914} INFO - Processing file /opt/anaconda3/envs/airflow_env/lib/python3.9/site-packages/airflow/example_dags/example_kubernetes_executor.py for tasks to queue
[2025-01-01T17:56:41.075-0800] {logging_mixin.py:190} INFO - [2025-01-01T17:56:41.074-0800] {dagbag.py:588} INFO - Filling up the DagBag from /opt/anaconda3/envs/airflow_env/lib/python3.9/site-packages/airflow/example_dags/example_kubernetes_executor.py
[2025-01-01T17:56:41.114-0800] {logging_mixin.py:190} INFO - [2025-01-01T17:56:41.114-0800] {example_kubernetes_executor.py:39} WARNING - The example_kubernetes_executor example DAG requires the kubernetes provider. Please install it with: pip install apache-airflow[cncf.kubernetes]
[2025-01-01T17:56:41.114-0800] {processor.py:927} WARNING - No viable dags retrieved from /opt/anaconda3/envs/airflow_env/lib/python3.9/site-packages/airflow/example_dags/example_kubernetes_executor.py
[2025-01-01T17:56:41.257-0800] {processor.py:208} INFO - Processing /opt/anaconda3/envs/airflow_env/lib/python3.9/site-packages/airflow/example_dags/example_kubernetes_executor.py took 0.194 seconds
[2025-01-01T18:08:49.901-0800] {processor.py:186} INFO - Started process (PID=32059) to work on /opt/anaconda3/envs/airflow_env/lib/python3.9/site-packages/airflow/example_dags/example_kubernetes_executor.py
[2025-01-01T18:08:49.908-0800] {processor.py:914} INFO - Processing file /opt/anaconda3/envs/airflow_env/lib/python3.9/site-packages/airflow/example_dags/example_kubernetes_executor.py for tasks to queue
[2025-01-01T18:08:49.909-0800] {logging_mixin.py:190} INFO - [2025-01-01T18:08:49.909-0800] {dagbag.py:588} INFO - Filling up the DagBag from /opt/anaconda3/envs/airflow_env/lib/python3.9/site-packages/airflow/example_dags/example_kubernetes_executor.py
[2025-01-01T18:08:49.987-0800] {logging_mixin.py:190} INFO - [2025-01-01T18:08:49.986-0800] {example_kubernetes_executor.py:39} WARNING - The example_kubernetes_executor example DAG requires the kubernetes provider. Please install it with: pip install apache-airflow[cncf.kubernetes]
[2025-01-01T18:08:49.988-0800] {processor.py:927} WARNING - No viable dags retrieved from /opt/anaconda3/envs/airflow_env/lib/python3.9/site-packages/airflow/example_dags/example_kubernetes_executor.py
[2025-01-01T18:08:50.224-0800] {processor.py:208} INFO - Processing /opt/anaconda3/envs/airflow_env/lib/python3.9/site-packages/airflow/example_dags/example_kubernetes_executor.py took 0.331 seconds
[2025-01-01T18:14:10.989-0800] {processor.py:186} INFO - Started process (PID=32425) to work on /opt/anaconda3/envs/airflow_env/lib/python3.9/site-packages/airflow/example_dags/example_kubernetes_executor.py
[2025-01-01T18:14:10.993-0800] {processor.py:914} INFO - Processing file /opt/anaconda3/envs/airflow_env/lib/python3.9/site-packages/airflow/example_dags/example_kubernetes_executor.py for tasks to queue
[2025-01-01T18:14:10.997-0800] {logging_mixin.py:190} INFO - [2025-01-01T18:14:10.997-0800] {dagbag.py:588} INFO - Filling up the DagBag from /opt/anaconda3/envs/airflow_env/lib/python3.9/site-packages/airflow/example_dags/example_kubernetes_executor.py
[2025-01-01T18:14:11.112-0800] {logging_mixin.py:190} INFO - [2025-01-01T18:14:11.112-0800] {example_kubernetes_executor.py:39} WARNING - The example_kubernetes_executor example DAG requires the kubernetes provider. Please install it with: pip install apache-airflow[cncf.kubernetes]
[2025-01-01T18:14:11.113-0800] {processor.py:927} WARNING - No viable dags retrieved from /opt/anaconda3/envs/airflow_env/lib/python3.9/site-packages/airflow/example_dags/example_kubernetes_executor.py
[2025-01-01T18:14:11.292-0800] {processor.py:208} INFO - Processing /opt/anaconda3/envs/airflow_env/lib/python3.9/site-packages/airflow/example_dags/example_kubernetes_executor.py took 0.313 seconds
[2025-01-01T18:18:22.476-0800] {processor.py:186} INFO - Started process (PID=32545) to work on /opt/anaconda3/envs/airflow_env/lib/python3.9/site-packages/airflow/example_dags/example_kubernetes_executor.py
[2025-01-01T18:18:22.478-0800] {processor.py:914} INFO - Processing file /opt/anaconda3/envs/airflow_env/lib/python3.9/site-packages/airflow/example_dags/example_kubernetes_executor.py for tasks to queue
[2025-01-01T18:18:22.481-0800] {logging_mixin.py:190} INFO - [2025-01-01T18:18:22.480-0800] {dagbag.py:588} INFO - Filling up the DagBag from /opt/anaconda3/envs/airflow_env/lib/python3.9/site-packages/airflow/example_dags/example_kubernetes_executor.py
[2025-01-01T18:18:22.533-0800] {logging_mixin.py:190} INFO - [2025-01-01T18:18:22.533-0800] {example_kubernetes_executor.py:39} WARNING - The example_kubernetes_executor example DAG requires the kubernetes provider. Please install it with: pip install apache-airflow[cncf.kubernetes]
[2025-01-01T18:18:22.537-0800] {processor.py:927} WARNING - No viable dags retrieved from /opt/anaconda3/envs/airflow_env/lib/python3.9/site-packages/airflow/example_dags/example_kubernetes_executor.py
[2025-01-01T18:18:22.681-0800] {processor.py:208} INFO - Processing /opt/anaconda3/envs/airflow_env/lib/python3.9/site-packages/airflow/example_dags/example_kubernetes_executor.py took 0.210 seconds
[2025-01-01T18:22:17.357-0800] {processor.py:186} INFO - Started process (PID=32734) to work on /opt/anaconda3/envs/airflow_env/lib/python3.9/site-packages/airflow/example_dags/example_kubernetes_executor.py
[2025-01-01T18:22:17.359-0800] {processor.py:914} INFO - Processing file /opt/anaconda3/envs/airflow_env/lib/python3.9/site-packages/airflow/example_dags/example_kubernetes_executor.py for tasks to queue
[2025-01-01T18:22:17.360-0800] {logging_mixin.py:190} INFO - [2025-01-01T18:22:17.360-0800] {dagbag.py:588} INFO - Filling up the DagBag from /opt/anaconda3/envs/airflow_env/lib/python3.9/site-packages/airflow/example_dags/example_kubernetes_executor.py
[2025-01-01T18:22:17.428-0800] {logging_mixin.py:190} INFO - [2025-01-01T18:22:17.428-0800] {example_kubernetes_executor.py:39} WARNING - The example_kubernetes_executor example DAG requires the kubernetes provider. Please install it with: pip install apache-airflow[cncf.kubernetes]
[2025-01-01T18:22:17.429-0800] {processor.py:927} WARNING - No viable dags retrieved from /opt/anaconda3/envs/airflow_env/lib/python3.9/site-packages/airflow/example_dags/example_kubernetes_executor.py
[2025-01-01T18:22:17.573-0800] {processor.py:208} INFO - Processing /opt/anaconda3/envs/airflow_env/lib/python3.9/site-packages/airflow/example_dags/example_kubernetes_executor.py took 0.221 seconds
[2025-01-01T18:25:52.964-0800] {processor.py:186} INFO - Started process (PID=32939) to work on /opt/anaconda3/envs/airflow_env/lib/python3.9/site-packages/airflow/example_dags/example_kubernetes_executor.py
[2025-01-01T18:25:52.966-0800] {processor.py:914} INFO - Processing file /opt/anaconda3/envs/airflow_env/lib/python3.9/site-packages/airflow/example_dags/example_kubernetes_executor.py for tasks to queue
[2025-01-01T18:25:52.969-0800] {logging_mixin.py:190} INFO - [2025-01-01T18:25:52.969-0800] {dagbag.py:588} INFO - Filling up the DagBag from /opt/anaconda3/envs/airflow_env/lib/python3.9/site-packages/airflow/example_dags/example_kubernetes_executor.py
[2025-01-01T18:25:53.040-0800] {logging_mixin.py:190} INFO - [2025-01-01T18:25:53.040-0800] {example_kubernetes_executor.py:39} WARNING - The example_kubernetes_executor example DAG requires the kubernetes provider. Please install it with: pip install apache-airflow[cncf.kubernetes]
[2025-01-01T18:25:53.041-0800] {processor.py:927} WARNING - No viable dags retrieved from /opt/anaconda3/envs/airflow_env/lib/python3.9/site-packages/airflow/example_dags/example_kubernetes_executor.py
[2025-01-01T18:25:53.266-0800] {processor.py:208} INFO - Processing /opt/anaconda3/envs/airflow_env/lib/python3.9/site-packages/airflow/example_dags/example_kubernetes_executor.py took 0.310 seconds
[2025-01-01T18:29:23.031-0800] {processor.py:186} INFO - Started process (PID=33232) to work on /opt/anaconda3/envs/airflow_env/lib/python3.9/site-packages/airflow/example_dags/example_kubernetes_executor.py
[2025-01-01T18:29:23.033-0800] {processor.py:914} INFO - Processing file /opt/anaconda3/envs/airflow_env/lib/python3.9/site-packages/airflow/example_dags/example_kubernetes_executor.py for tasks to queue
[2025-01-01T18:29:23.035-0800] {logging_mixin.py:190} INFO - [2025-01-01T18:29:23.035-0800] {dagbag.py:588} INFO - Filling up the DagBag from /opt/anaconda3/envs/airflow_env/lib/python3.9/site-packages/airflow/example_dags/example_kubernetes_executor.py
[2025-01-01T18:29:23.077-0800] {logging_mixin.py:190} INFO - [2025-01-01T18:29:23.076-0800] {example_kubernetes_executor.py:39} WARNING - The example_kubernetes_executor example DAG requires the kubernetes provider. Please install it with: pip install apache-airflow[cncf.kubernetes]
[2025-01-01T18:29:23.077-0800] {processor.py:927} WARNING - No viable dags retrieved from /opt/anaconda3/envs/airflow_env/lib/python3.9/site-packages/airflow/example_dags/example_kubernetes_executor.py
[2025-01-01T18:29:23.223-0800] {processor.py:208} INFO - Processing /opt/anaconda3/envs/airflow_env/lib/python3.9/site-packages/airflow/example_dags/example_kubernetes_executor.py took 0.196 seconds
[2025-01-01T18:33:03.159-0800] {processor.py:186} INFO - Started process (PID=33425) to work on /opt/anaconda3/envs/airflow_env/lib/python3.9/site-packages/airflow/example_dags/example_kubernetes_executor.py
[2025-01-01T18:33:03.165-0800] {processor.py:914} INFO - Processing file /opt/anaconda3/envs/airflow_env/lib/python3.9/site-packages/airflow/example_dags/example_kubernetes_executor.py for tasks to queue
[2025-01-01T18:33:03.166-0800] {logging_mixin.py:190} INFO - [2025-01-01T18:33:03.166-0800] {dagbag.py:588} INFO - Filling up the DagBag from /opt/anaconda3/envs/airflow_env/lib/python3.9/site-packages/airflow/example_dags/example_kubernetes_executor.py
[2025-01-01T18:33:03.202-0800] {logging_mixin.py:190} INFO - [2025-01-01T18:33:03.202-0800] {example_kubernetes_executor.py:39} WARNING - The example_kubernetes_executor example DAG requires the kubernetes provider. Please install it with: pip install apache-airflow[cncf.kubernetes]
[2025-01-01T18:33:03.203-0800] {processor.py:927} WARNING - No viable dags retrieved from /opt/anaconda3/envs/airflow_env/lib/python3.9/site-packages/airflow/example_dags/example_kubernetes_executor.py
[2025-01-01T18:33:03.341-0800] {processor.py:208} INFO - Processing /opt/anaconda3/envs/airflow_env/lib/python3.9/site-packages/airflow/example_dags/example_kubernetes_executor.py took 0.188 seconds
[2025-01-01T18:38:48.856-0800] {processor.py:186} INFO - Started process (PID=33742) to work on /opt/anaconda3/envs/airflow_env/lib/python3.9/site-packages/airflow/example_dags/example_kubernetes_executor.py
[2025-01-01T18:38:48.860-0800] {processor.py:914} INFO - Processing file /opt/anaconda3/envs/airflow_env/lib/python3.9/site-packages/airflow/example_dags/example_kubernetes_executor.py for tasks to queue
[2025-01-01T18:38:48.862-0800] {logging_mixin.py:190} INFO - [2025-01-01T18:38:48.861-0800] {dagbag.py:588} INFO - Filling up the DagBag from /opt/anaconda3/envs/airflow_env/lib/python3.9/site-packages/airflow/example_dags/example_kubernetes_executor.py
[2025-01-01T18:38:48.962-0800] {logging_mixin.py:190} INFO - [2025-01-01T18:38:48.961-0800] {example_kubernetes_executor.py:39} WARNING - The example_kubernetes_executor example DAG requires the kubernetes provider. Please install it with: pip install apache-airflow[cncf.kubernetes]
[2025-01-01T18:38:48.962-0800] {processor.py:927} WARNING - No viable dags retrieved from /opt/anaconda3/envs/airflow_env/lib/python3.9/site-packages/airflow/example_dags/example_kubernetes_executor.py
[2025-01-01T18:38:49.121-0800] {processor.py:208} INFO - Processing /opt/anaconda3/envs/airflow_env/lib/python3.9/site-packages/airflow/example_dags/example_kubernetes_executor.py took 0.274 seconds
