[2025-01-01T16:12:06.341-0800] {processor.py:186} INFO - Started process (PID=26595) to work on /opt/anaconda3/envs/airflow_env/lib/python3.9/site-packages/airflow/example_dags/example_local_kubernetes_executor.py
[2025-01-01T16:12:06.342-0800] {processor.py:914} INFO - Processing file /opt/anaconda3/envs/airflow_env/lib/python3.9/site-packages/airflow/example_dags/example_local_kubernetes_executor.py for tasks to queue
[2025-01-01T16:12:06.345-0800] {logging_mixin.py:190} INFO - [2025-01-01T16:12:06.345-0800] {dagbag.py:588} INFO - Filling up the DagBag from /opt/anaconda3/envs/airflow_env/lib/python3.9/site-packages/airflow/example_dags/example_local_kubernetes_executor.py
[2025-01-01T16:12:06.386-0800] {logging_mixin.py:190} INFO - [2025-01-01T16:12:06.386-0800] {example_local_kubernetes_executor.py:40} WARNING - Could not import DAGs in example_local_kubernetes_executor.py
Traceback (most recent call last):
  File "/opt/anaconda3/envs/airflow_env/lib/python3.9/site-packages/airflow/example_dags/example_local_kubernetes_executor.py", line 38, in <module>
    from kubernetes.client import models as k8s
ModuleNotFoundError: No module named 'kubernetes'
[2025-01-01T16:12:06.387-0800] {logging_mixin.py:190} INFO - [2025-01-01T16:12:06.387-0800] {example_local_kubernetes_executor.py:41} WARNING - Install Kubernetes dependencies with: pip install apache-airflow[cncf.kubernetes]
[2025-01-01T16:12:06.387-0800] {processor.py:927} WARNING - No viable dags retrieved from /opt/anaconda3/envs/airflow_env/lib/python3.9/site-packages/airflow/example_dags/example_local_kubernetes_executor.py
[2025-01-01T16:12:06.601-0800] {processor.py:208} INFO - Processing /opt/anaconda3/envs/airflow_env/lib/python3.9/site-packages/airflow/example_dags/example_local_kubernetes_executor.py took 0.264 seconds
[2025-01-01T16:15:50.895-0800] {processor.py:186} INFO - Started process (PID=26842) to work on /opt/anaconda3/envs/airflow_env/lib/python3.9/site-packages/airflow/example_dags/example_local_kubernetes_executor.py
[2025-01-01T16:15:50.898-0800] {processor.py:914} INFO - Processing file /opt/anaconda3/envs/airflow_env/lib/python3.9/site-packages/airflow/example_dags/example_local_kubernetes_executor.py for tasks to queue
[2025-01-01T16:15:50.900-0800] {logging_mixin.py:190} INFO - [2025-01-01T16:15:50.899-0800] {dagbag.py:588} INFO - Filling up the DagBag from /opt/anaconda3/envs/airflow_env/lib/python3.9/site-packages/airflow/example_dags/example_local_kubernetes_executor.py
[2025-01-01T16:15:50.941-0800] {logging_mixin.py:190} INFO - [2025-01-01T16:15:50.941-0800] {example_local_kubernetes_executor.py:40} WARNING - Could not import DAGs in example_local_kubernetes_executor.py
Traceback (most recent call last):
  File "/opt/anaconda3/envs/airflow_env/lib/python3.9/site-packages/airflow/example_dags/example_local_kubernetes_executor.py", line 38, in <module>
    from kubernetes.client import models as k8s
ModuleNotFoundError: No module named 'kubernetes'
[2025-01-01T16:15:50.941-0800] {logging_mixin.py:190} INFO - [2025-01-01T16:15:50.941-0800] {example_local_kubernetes_executor.py:41} WARNING - Install Kubernetes dependencies with: pip install apache-airflow[cncf.kubernetes]
[2025-01-01T16:15:50.942-0800] {processor.py:927} WARNING - No viable dags retrieved from /opt/anaconda3/envs/airflow_env/lib/python3.9/site-packages/airflow/example_dags/example_local_kubernetes_executor.py
[2025-01-01T16:15:51.108-0800] {processor.py:208} INFO - Processing /opt/anaconda3/envs/airflow_env/lib/python3.9/site-packages/airflow/example_dags/example_local_kubernetes_executor.py took 0.217 seconds
[2025-01-01T16:19:42.355-0800] {processor.py:186} INFO - Started process (PID=27067) to work on /opt/anaconda3/envs/airflow_env/lib/python3.9/site-packages/airflow/example_dags/example_local_kubernetes_executor.py
[2025-01-01T16:19:42.358-0800] {processor.py:914} INFO - Processing file /opt/anaconda3/envs/airflow_env/lib/python3.9/site-packages/airflow/example_dags/example_local_kubernetes_executor.py for tasks to queue
[2025-01-01T16:19:42.360-0800] {logging_mixin.py:190} INFO - [2025-01-01T16:19:42.360-0800] {dagbag.py:588} INFO - Filling up the DagBag from /opt/anaconda3/envs/airflow_env/lib/python3.9/site-packages/airflow/example_dags/example_local_kubernetes_executor.py
[2025-01-01T16:19:42.442-0800] {logging_mixin.py:190} INFO - [2025-01-01T16:19:42.441-0800] {example_local_kubernetes_executor.py:40} WARNING - Could not import DAGs in example_local_kubernetes_executor.py
Traceback (most recent call last):
  File "/opt/anaconda3/envs/airflow_env/lib/python3.9/site-packages/airflow/example_dags/example_local_kubernetes_executor.py", line 38, in <module>
    from kubernetes.client import models as k8s
ModuleNotFoundError: No module named 'kubernetes'
[2025-01-01T16:19:42.442-0800] {logging_mixin.py:190} INFO - [2025-01-01T16:19:42.442-0800] {example_local_kubernetes_executor.py:41} WARNING - Install Kubernetes dependencies with: pip install apache-airflow[cncf.kubernetes]
[2025-01-01T16:19:42.443-0800] {processor.py:927} WARNING - No viable dags retrieved from /opt/anaconda3/envs/airflow_env/lib/python3.9/site-packages/airflow/example_dags/example_local_kubernetes_executor.py
[2025-01-01T16:19:42.662-0800] {processor.py:208} INFO - Processing /opt/anaconda3/envs/airflow_env/lib/python3.9/site-packages/airflow/example_dags/example_local_kubernetes_executor.py took 0.310 seconds
[2025-01-01T16:23:06.120-0800] {processor.py:186} INFO - Started process (PID=27219) to work on /opt/anaconda3/envs/airflow_env/lib/python3.9/site-packages/airflow/example_dags/example_local_kubernetes_executor.py
[2025-01-01T16:23:06.122-0800] {processor.py:914} INFO - Processing file /opt/anaconda3/envs/airflow_env/lib/python3.9/site-packages/airflow/example_dags/example_local_kubernetes_executor.py for tasks to queue
[2025-01-01T16:23:06.124-0800] {logging_mixin.py:190} INFO - [2025-01-01T16:23:06.123-0800] {dagbag.py:588} INFO - Filling up the DagBag from /opt/anaconda3/envs/airflow_env/lib/python3.9/site-packages/airflow/example_dags/example_local_kubernetes_executor.py
[2025-01-01T16:23:06.165-0800] {logging_mixin.py:190} INFO - [2025-01-01T16:23:06.165-0800] {example_local_kubernetes_executor.py:40} WARNING - Could not import DAGs in example_local_kubernetes_executor.py
Traceback (most recent call last):
  File "/opt/anaconda3/envs/airflow_env/lib/python3.9/site-packages/airflow/example_dags/example_local_kubernetes_executor.py", line 38, in <module>
    from kubernetes.client import models as k8s
ModuleNotFoundError: No module named 'kubernetes'
[2025-01-01T16:23:06.166-0800] {logging_mixin.py:190} INFO - [2025-01-01T16:23:06.165-0800] {example_local_kubernetes_executor.py:41} WARNING - Install Kubernetes dependencies with: pip install apache-airflow[cncf.kubernetes]
[2025-01-01T16:23:06.166-0800] {processor.py:927} WARNING - No viable dags retrieved from /opt/anaconda3/envs/airflow_env/lib/python3.9/site-packages/airflow/example_dags/example_local_kubernetes_executor.py
[2025-01-01T16:23:06.280-0800] {processor.py:208} INFO - Processing /opt/anaconda3/envs/airflow_env/lib/python3.9/site-packages/airflow/example_dags/example_local_kubernetes_executor.py took 0.165 seconds
[2025-01-01T16:26:05.232-0800] {processor.py:186} INFO - Started process (PID=27331) to work on /opt/anaconda3/envs/airflow_env/lib/python3.9/site-packages/airflow/example_dags/example_local_kubernetes_executor.py
[2025-01-01T16:26:05.234-0800] {processor.py:914} INFO - Processing file /opt/anaconda3/envs/airflow_env/lib/python3.9/site-packages/airflow/example_dags/example_local_kubernetes_executor.py for tasks to queue
[2025-01-01T16:26:05.236-0800] {logging_mixin.py:190} INFO - [2025-01-01T16:26:05.236-0800] {dagbag.py:588} INFO - Filling up the DagBag from /opt/anaconda3/envs/airflow_env/lib/python3.9/site-packages/airflow/example_dags/example_local_kubernetes_executor.py
[2025-01-01T16:26:05.276-0800] {logging_mixin.py:190} INFO - [2025-01-01T16:26:05.276-0800] {example_local_kubernetes_executor.py:40} WARNING - Could not import DAGs in example_local_kubernetes_executor.py
Traceback (most recent call last):
  File "/opt/anaconda3/envs/airflow_env/lib/python3.9/site-packages/airflow/example_dags/example_local_kubernetes_executor.py", line 38, in <module>
    from kubernetes.client import models as k8s
ModuleNotFoundError: No module named 'kubernetes'
[2025-01-01T16:26:05.277-0800] {logging_mixin.py:190} INFO - [2025-01-01T16:26:05.277-0800] {example_local_kubernetes_executor.py:41} WARNING - Install Kubernetes dependencies with: pip install apache-airflow[cncf.kubernetes]
[2025-01-01T16:26:05.277-0800] {processor.py:927} WARNING - No viable dags retrieved from /opt/anaconda3/envs/airflow_env/lib/python3.9/site-packages/airflow/example_dags/example_local_kubernetes_executor.py
[2025-01-01T16:26:05.387-0800] {processor.py:208} INFO - Processing /opt/anaconda3/envs/airflow_env/lib/python3.9/site-packages/airflow/example_dags/example_local_kubernetes_executor.py took 0.160 seconds
[2025-01-01T16:28:57.562-0800] {processor.py:186} INFO - Started process (PID=27434) to work on /opt/anaconda3/envs/airflow_env/lib/python3.9/site-packages/airflow/example_dags/example_local_kubernetes_executor.py
[2025-01-01T16:28:57.564-0800] {processor.py:914} INFO - Processing file /opt/anaconda3/envs/airflow_env/lib/python3.9/site-packages/airflow/example_dags/example_local_kubernetes_executor.py for tasks to queue
[2025-01-01T16:28:57.566-0800] {logging_mixin.py:190} INFO - [2025-01-01T16:28:57.566-0800] {dagbag.py:588} INFO - Filling up the DagBag from /opt/anaconda3/envs/airflow_env/lib/python3.9/site-packages/airflow/example_dags/example_local_kubernetes_executor.py
[2025-01-01T16:28:57.635-0800] {logging_mixin.py:190} INFO - [2025-01-01T16:28:57.634-0800] {example_local_kubernetes_executor.py:40} WARNING - Could not import DAGs in example_local_kubernetes_executor.py
Traceback (most recent call last):
  File "/opt/anaconda3/envs/airflow_env/lib/python3.9/site-packages/airflow/example_dags/example_local_kubernetes_executor.py", line 38, in <module>
    from kubernetes.client import models as k8s
ModuleNotFoundError: No module named 'kubernetes'
[2025-01-01T16:28:57.635-0800] {logging_mixin.py:190} INFO - [2025-01-01T16:28:57.635-0800] {example_local_kubernetes_executor.py:41} WARNING - Install Kubernetes dependencies with: pip install apache-airflow[cncf.kubernetes]
[2025-01-01T16:28:57.636-0800] {processor.py:927} WARNING - No viable dags retrieved from /opt/anaconda3/envs/airflow_env/lib/python3.9/site-packages/airflow/example_dags/example_local_kubernetes_executor.py
[2025-01-01T16:28:57.759-0800] {processor.py:208} INFO - Processing /opt/anaconda3/envs/airflow_env/lib/python3.9/site-packages/airflow/example_dags/example_local_kubernetes_executor.py took 0.201 seconds
[2025-01-01T16:31:50.948-0800] {processor.py:186} INFO - Started process (PID=27537) to work on /opt/anaconda3/envs/airflow_env/lib/python3.9/site-packages/airflow/example_dags/example_local_kubernetes_executor.py
[2025-01-01T16:31:50.951-0800] {processor.py:914} INFO - Processing file /opt/anaconda3/envs/airflow_env/lib/python3.9/site-packages/airflow/example_dags/example_local_kubernetes_executor.py for tasks to queue
[2025-01-01T16:31:50.952-0800] {logging_mixin.py:190} INFO - [2025-01-01T16:31:50.952-0800] {dagbag.py:588} INFO - Filling up the DagBag from /opt/anaconda3/envs/airflow_env/lib/python3.9/site-packages/airflow/example_dags/example_local_kubernetes_executor.py
[2025-01-01T16:31:50.991-0800] {logging_mixin.py:190} INFO - [2025-01-01T16:31:50.990-0800] {example_local_kubernetes_executor.py:40} WARNING - Could not import DAGs in example_local_kubernetes_executor.py
Traceback (most recent call last):
  File "/opt/anaconda3/envs/airflow_env/lib/python3.9/site-packages/airflow/example_dags/example_local_kubernetes_executor.py", line 38, in <module>
    from kubernetes.client import models as k8s
ModuleNotFoundError: No module named 'kubernetes'
[2025-01-01T16:31:50.991-0800] {logging_mixin.py:190} INFO - [2025-01-01T16:31:50.991-0800] {example_local_kubernetes_executor.py:41} WARNING - Install Kubernetes dependencies with: pip install apache-airflow[cncf.kubernetes]
[2025-01-01T16:31:50.991-0800] {processor.py:927} WARNING - No viable dags retrieved from /opt/anaconda3/envs/airflow_env/lib/python3.9/site-packages/airflow/example_dags/example_local_kubernetes_executor.py
[2025-01-01T16:31:51.100-0800] {processor.py:208} INFO - Processing /opt/anaconda3/envs/airflow_env/lib/python3.9/site-packages/airflow/example_dags/example_local_kubernetes_executor.py took 0.156 seconds
[2025-01-01T17:08:38.009-0800] {processor.py:186} INFO - Started process (PID=27784) to work on /opt/anaconda3/envs/airflow_env/lib/python3.9/site-packages/airflow/example_dags/example_local_kubernetes_executor.py
[2025-01-01T17:08:38.011-0800] {processor.py:914} INFO - Processing file /opt/anaconda3/envs/airflow_env/lib/python3.9/site-packages/airflow/example_dags/example_local_kubernetes_executor.py for tasks to queue
[2025-01-01T17:08:38.012-0800] {logging_mixin.py:190} INFO - [2025-01-01T17:08:38.012-0800] {dagbag.py:588} INFO - Filling up the DagBag from /opt/anaconda3/envs/airflow_env/lib/python3.9/site-packages/airflow/example_dags/example_local_kubernetes_executor.py
[2025-01-01T17:08:38.053-0800] {logging_mixin.py:190} INFO - [2025-01-01T17:08:38.053-0800] {example_local_kubernetes_executor.py:40} WARNING - Could not import DAGs in example_local_kubernetes_executor.py
Traceback (most recent call last):
  File "/opt/anaconda3/envs/airflow_env/lib/python3.9/site-packages/airflow/example_dags/example_local_kubernetes_executor.py", line 38, in <module>
    from kubernetes.client import models as k8s
ModuleNotFoundError: No module named 'kubernetes'
[2025-01-01T17:08:38.054-0800] {logging_mixin.py:190} INFO - [2025-01-01T17:08:38.053-0800] {example_local_kubernetes_executor.py:41} WARNING - Install Kubernetes dependencies with: pip install apache-airflow[cncf.kubernetes]
[2025-01-01T17:08:38.054-0800] {processor.py:927} WARNING - No viable dags retrieved from /opt/anaconda3/envs/airflow_env/lib/python3.9/site-packages/airflow/example_dags/example_local_kubernetes_executor.py
[2025-01-01T17:08:38.175-0800] {processor.py:208} INFO - Processing /opt/anaconda3/envs/airflow_env/lib/python3.9/site-packages/airflow/example_dags/example_local_kubernetes_executor.py took 0.171 seconds
[2025-01-01T17:12:43.212-0800] {processor.py:186} INFO - Started process (PID=27929) to work on /opt/anaconda3/envs/airflow_env/lib/python3.9/site-packages/airflow/example_dags/example_local_kubernetes_executor.py
[2025-01-01T17:12:43.214-0800] {processor.py:914} INFO - Processing file /opt/anaconda3/envs/airflow_env/lib/python3.9/site-packages/airflow/example_dags/example_local_kubernetes_executor.py for tasks to queue
[2025-01-01T17:12:43.216-0800] {logging_mixin.py:190} INFO - [2025-01-01T17:12:43.215-0800] {dagbag.py:588} INFO - Filling up the DagBag from /opt/anaconda3/envs/airflow_env/lib/python3.9/site-packages/airflow/example_dags/example_local_kubernetes_executor.py
[2025-01-01T17:12:43.261-0800] {logging_mixin.py:190} INFO - [2025-01-01T17:12:43.261-0800] {example_local_kubernetes_executor.py:40} WARNING - Could not import DAGs in example_local_kubernetes_executor.py
Traceback (most recent call last):
  File "/opt/anaconda3/envs/airflow_env/lib/python3.9/site-packages/airflow/example_dags/example_local_kubernetes_executor.py", line 38, in <module>
    from kubernetes.client import models as k8s
ModuleNotFoundError: No module named 'kubernetes'
[2025-01-01T17:12:43.262-0800] {logging_mixin.py:190} INFO - [2025-01-01T17:12:43.262-0800] {example_local_kubernetes_executor.py:41} WARNING - Install Kubernetes dependencies with: pip install apache-airflow[cncf.kubernetes]
[2025-01-01T17:12:43.262-0800] {processor.py:927} WARNING - No viable dags retrieved from /opt/anaconda3/envs/airflow_env/lib/python3.9/site-packages/airflow/example_dags/example_local_kubernetes_executor.py
[2025-01-01T17:12:43.380-0800] {processor.py:208} INFO - Processing /opt/anaconda3/envs/airflow_env/lib/python3.9/site-packages/airflow/example_dags/example_local_kubernetes_executor.py took 0.173 seconds
[2025-01-01T17:16:16.535-0800] {processor.py:186} INFO - Started process (PID=28080) to work on /opt/anaconda3/envs/airflow_env/lib/python3.9/site-packages/airflow/example_dags/example_local_kubernetes_executor.py
[2025-01-01T17:16:16.538-0800] {processor.py:914} INFO - Processing file /opt/anaconda3/envs/airflow_env/lib/python3.9/site-packages/airflow/example_dags/example_local_kubernetes_executor.py for tasks to queue
[2025-01-01T17:16:16.541-0800] {logging_mixin.py:190} INFO - [2025-01-01T17:16:16.540-0800] {dagbag.py:588} INFO - Filling up the DagBag from /opt/anaconda3/envs/airflow_env/lib/python3.9/site-packages/airflow/example_dags/example_local_kubernetes_executor.py
[2025-01-01T17:16:16.626-0800] {logging_mixin.py:190} INFO - [2025-01-01T17:16:16.625-0800] {example_local_kubernetes_executor.py:40} WARNING - Could not import DAGs in example_local_kubernetes_executor.py
Traceback (most recent call last):
  File "/opt/anaconda3/envs/airflow_env/lib/python3.9/site-packages/airflow/example_dags/example_local_kubernetes_executor.py", line 38, in <module>
    from kubernetes.client import models as k8s
ModuleNotFoundError: No module named 'kubernetes'
[2025-01-01T17:16:16.630-0800] {logging_mixin.py:190} INFO - [2025-01-01T17:16:16.630-0800] {example_local_kubernetes_executor.py:41} WARNING - Install Kubernetes dependencies with: pip install apache-airflow[cncf.kubernetes]
[2025-01-01T17:16:16.632-0800] {processor.py:927} WARNING - No viable dags retrieved from /opt/anaconda3/envs/airflow_env/lib/python3.9/site-packages/airflow/example_dags/example_local_kubernetes_executor.py
[2025-01-01T17:16:16.904-0800] {processor.py:208} INFO - Processing /opt/anaconda3/envs/airflow_env/lib/python3.9/site-packages/airflow/example_dags/example_local_kubernetes_executor.py took 0.374 seconds
[2025-01-01T17:20:11.277-0800] {processor.py:186} INFO - Started process (PID=28271) to work on /opt/anaconda3/envs/airflow_env/lib/python3.9/site-packages/airflow/example_dags/example_local_kubernetes_executor.py
[2025-01-01T17:20:11.280-0800] {processor.py:914} INFO - Processing file /opt/anaconda3/envs/airflow_env/lib/python3.9/site-packages/airflow/example_dags/example_local_kubernetes_executor.py for tasks to queue
[2025-01-01T17:20:11.281-0800] {logging_mixin.py:190} INFO - [2025-01-01T17:20:11.281-0800] {dagbag.py:588} INFO - Filling up the DagBag from /opt/anaconda3/envs/airflow_env/lib/python3.9/site-packages/airflow/example_dags/example_local_kubernetes_executor.py
[2025-01-01T17:20:11.319-0800] {logging_mixin.py:190} INFO - [2025-01-01T17:20:11.319-0800] {example_local_kubernetes_executor.py:40} WARNING - Could not import DAGs in example_local_kubernetes_executor.py
Traceback (most recent call last):
  File "/opt/anaconda3/envs/airflow_env/lib/python3.9/site-packages/airflow/example_dags/example_local_kubernetes_executor.py", line 38, in <module>
    from kubernetes.client import models as k8s
ModuleNotFoundError: No module named 'kubernetes'
[2025-01-01T17:20:11.319-0800] {logging_mixin.py:190} INFO - [2025-01-01T17:20:11.319-0800] {example_local_kubernetes_executor.py:41} WARNING - Install Kubernetes dependencies with: pip install apache-airflow[cncf.kubernetes]
[2025-01-01T17:20:11.320-0800] {processor.py:927} WARNING - No viable dags retrieved from /opt/anaconda3/envs/airflow_env/lib/python3.9/site-packages/airflow/example_dags/example_local_kubernetes_executor.py
[2025-01-01T17:20:11.446-0800] {processor.py:208} INFO - Processing /opt/anaconda3/envs/airflow_env/lib/python3.9/site-packages/airflow/example_dags/example_local_kubernetes_executor.py took 0.173 seconds
[2025-01-01T17:24:00.181-0800] {processor.py:186} INFO - Started process (PID=28454) to work on /opt/anaconda3/envs/airflow_env/lib/python3.9/site-packages/airflow/example_dags/example_local_kubernetes_executor.py
[2025-01-01T17:24:00.184-0800] {processor.py:914} INFO - Processing file /opt/anaconda3/envs/airflow_env/lib/python3.9/site-packages/airflow/example_dags/example_local_kubernetes_executor.py for tasks to queue
[2025-01-01T17:24:00.185-0800] {logging_mixin.py:190} INFO - [2025-01-01T17:24:00.185-0800] {dagbag.py:588} INFO - Filling up the DagBag from /opt/anaconda3/envs/airflow_env/lib/python3.9/site-packages/airflow/example_dags/example_local_kubernetes_executor.py
[2025-01-01T17:24:00.241-0800] {logging_mixin.py:190} INFO - [2025-01-01T17:24:00.240-0800] {example_local_kubernetes_executor.py:40} WARNING - Could not import DAGs in example_local_kubernetes_executor.py
Traceback (most recent call last):
  File "/opt/anaconda3/envs/airflow_env/lib/python3.9/site-packages/airflow/example_dags/example_local_kubernetes_executor.py", line 38, in <module>
    from kubernetes.client import models as k8s
ModuleNotFoundError: No module named 'kubernetes'
[2025-01-01T17:24:00.241-0800] {logging_mixin.py:190} INFO - [2025-01-01T17:24:00.241-0800] {example_local_kubernetes_executor.py:41} WARNING - Install Kubernetes dependencies with: pip install apache-airflow[cncf.kubernetes]
[2025-01-01T17:24:00.242-0800] {processor.py:927} WARNING - No viable dags retrieved from /opt/anaconda3/envs/airflow_env/lib/python3.9/site-packages/airflow/example_dags/example_local_kubernetes_executor.py
[2025-01-01T17:24:00.358-0800] {processor.py:208} INFO - Processing /opt/anaconda3/envs/airflow_env/lib/python3.9/site-packages/airflow/example_dags/example_local_kubernetes_executor.py took 0.181 seconds
[2025-01-01T17:32:47.165-0800] {processor.py:186} INFO - Started process (PID=29061) to work on /opt/anaconda3/envs/airflow_env/lib/python3.9/site-packages/airflow/example_dags/example_local_kubernetes_executor.py
[2025-01-01T17:32:47.167-0800] {processor.py:914} INFO - Processing file /opt/anaconda3/envs/airflow_env/lib/python3.9/site-packages/airflow/example_dags/example_local_kubernetes_executor.py for tasks to queue
[2025-01-01T17:32:47.169-0800] {logging_mixin.py:190} INFO - [2025-01-01T17:32:47.168-0800] {dagbag.py:588} INFO - Filling up the DagBag from /opt/anaconda3/envs/airflow_env/lib/python3.9/site-packages/airflow/example_dags/example_local_kubernetes_executor.py
[2025-01-01T17:32:47.215-0800] {logging_mixin.py:190} INFO - [2025-01-01T17:32:47.214-0800] {example_local_kubernetes_executor.py:40} WARNING - Could not import DAGs in example_local_kubernetes_executor.py
Traceback (most recent call last):
  File "/opt/anaconda3/envs/airflow_env/lib/python3.9/site-packages/airflow/example_dags/example_local_kubernetes_executor.py", line 38, in <module>
    from kubernetes.client import models as k8s
ModuleNotFoundError: No module named 'kubernetes'
[2025-01-01T17:32:47.215-0800] {logging_mixin.py:190} INFO - [2025-01-01T17:32:47.215-0800] {example_local_kubernetes_executor.py:41} WARNING - Install Kubernetes dependencies with: pip install apache-airflow[cncf.kubernetes]
[2025-01-01T17:32:47.215-0800] {processor.py:927} WARNING - No viable dags retrieved from /opt/anaconda3/envs/airflow_env/lib/python3.9/site-packages/airflow/example_dags/example_local_kubernetes_executor.py
[2025-01-01T17:32:47.335-0800] {processor.py:208} INFO - Processing /opt/anaconda3/envs/airflow_env/lib/python3.9/site-packages/airflow/example_dags/example_local_kubernetes_executor.py took 0.175 seconds
[2025-01-01T17:36:42.951-0800] {processor.py:186} INFO - Started process (PID=29365) to work on /opt/anaconda3/envs/airflow_env/lib/python3.9/site-packages/airflow/example_dags/example_local_kubernetes_executor.py
[2025-01-01T17:36:42.955-0800] {processor.py:914} INFO - Processing file /opt/anaconda3/envs/airflow_env/lib/python3.9/site-packages/airflow/example_dags/example_local_kubernetes_executor.py for tasks to queue
[2025-01-01T17:36:42.956-0800] {logging_mixin.py:190} INFO - [2025-01-01T17:36:42.956-0800] {dagbag.py:588} INFO - Filling up the DagBag from /opt/anaconda3/envs/airflow_env/lib/python3.9/site-packages/airflow/example_dags/example_local_kubernetes_executor.py
[2025-01-01T17:36:43.015-0800] {logging_mixin.py:190} INFO - [2025-01-01T17:36:43.014-0800] {example_local_kubernetes_executor.py:40} WARNING - Could not import DAGs in example_local_kubernetes_executor.py
Traceback (most recent call last):
  File "/opt/anaconda3/envs/airflow_env/lib/python3.9/site-packages/airflow/example_dags/example_local_kubernetes_executor.py", line 38, in <module>
    from kubernetes.client import models as k8s
ModuleNotFoundError: No module named 'kubernetes'
[2025-01-01T17:36:43.015-0800] {logging_mixin.py:190} INFO - [2025-01-01T17:36:43.015-0800] {example_local_kubernetes_executor.py:41} WARNING - Install Kubernetes dependencies with: pip install apache-airflow[cncf.kubernetes]
[2025-01-01T17:36:43.015-0800] {processor.py:927} WARNING - No viable dags retrieved from /opt/anaconda3/envs/airflow_env/lib/python3.9/site-packages/airflow/example_dags/example_local_kubernetes_executor.py
[2025-01-01T17:36:43.189-0800] {processor.py:208} INFO - Processing /opt/anaconda3/envs/airflow_env/lib/python3.9/site-packages/airflow/example_dags/example_local_kubernetes_executor.py took 0.252 seconds
[2025-01-01T17:43:10.905-0800] {processor.py:186} INFO - Started process (PID=29956) to work on /opt/anaconda3/envs/airflow_env/lib/python3.9/site-packages/airflow/example_dags/example_local_kubernetes_executor.py
[2025-01-01T17:43:10.908-0800] {processor.py:914} INFO - Processing file /opt/anaconda3/envs/airflow_env/lib/python3.9/site-packages/airflow/example_dags/example_local_kubernetes_executor.py for tasks to queue
[2025-01-01T17:43:10.910-0800] {logging_mixin.py:190} INFO - [2025-01-01T17:43:10.909-0800] {dagbag.py:588} INFO - Filling up the DagBag from /opt/anaconda3/envs/airflow_env/lib/python3.9/site-packages/airflow/example_dags/example_local_kubernetes_executor.py
[2025-01-01T17:43:10.972-0800] {logging_mixin.py:190} INFO - [2025-01-01T17:43:10.971-0800] {example_local_kubernetes_executor.py:40} WARNING - Could not import DAGs in example_local_kubernetes_executor.py
Traceback (most recent call last):
  File "/opt/anaconda3/envs/airflow_env/lib/python3.9/site-packages/airflow/example_dags/example_local_kubernetes_executor.py", line 38, in <module>
    from kubernetes.client import models as k8s
ModuleNotFoundError: No module named 'kubernetes'
[2025-01-01T17:43:10.972-0800] {logging_mixin.py:190} INFO - [2025-01-01T17:43:10.972-0800] {example_local_kubernetes_executor.py:41} WARNING - Install Kubernetes dependencies with: pip install apache-airflow[cncf.kubernetes]
[2025-01-01T17:43:10.972-0800] {processor.py:927} WARNING - No viable dags retrieved from /opt/anaconda3/envs/airflow_env/lib/python3.9/site-packages/airflow/example_dags/example_local_kubernetes_executor.py
[2025-01-01T17:43:11.207-0800] {processor.py:208} INFO - Processing /opt/anaconda3/envs/airflow_env/lib/python3.9/site-packages/airflow/example_dags/example_local_kubernetes_executor.py took 0.313 seconds
[2025-01-01T17:55:38.888-0800] {processor.py:186} INFO - Started process (PID=30760) to work on /opt/anaconda3/envs/airflow_env/lib/python3.9/site-packages/airflow/example_dags/example_local_kubernetes_executor.py
[2025-01-01T17:55:38.890-0800] {processor.py:914} INFO - Processing file /opt/anaconda3/envs/airflow_env/lib/python3.9/site-packages/airflow/example_dags/example_local_kubernetes_executor.py for tasks to queue
[2025-01-01T17:55:38.892-0800] {logging_mixin.py:190} INFO - [2025-01-01T17:55:38.892-0800] {dagbag.py:588} INFO - Filling up the DagBag from /opt/anaconda3/envs/airflow_env/lib/python3.9/site-packages/airflow/example_dags/example_local_kubernetes_executor.py
[2025-01-01T17:55:38.932-0800] {logging_mixin.py:190} INFO - [2025-01-01T17:55:38.932-0800] {example_local_kubernetes_executor.py:40} WARNING - Could not import DAGs in example_local_kubernetes_executor.py
Traceback (most recent call last):
  File "/opt/anaconda3/envs/airflow_env/lib/python3.9/site-packages/airflow/example_dags/example_local_kubernetes_executor.py", line 38, in <module>
    from kubernetes.client import models as k8s
ModuleNotFoundError: No module named 'kubernetes'
[2025-01-01T17:55:38.933-0800] {logging_mixin.py:190} INFO - [2025-01-01T17:55:38.932-0800] {example_local_kubernetes_executor.py:41} WARNING - Install Kubernetes dependencies with: pip install apache-airflow[cncf.kubernetes]
[2025-01-01T17:55:38.933-0800] {processor.py:927} WARNING - No viable dags retrieved from /opt/anaconda3/envs/airflow_env/lib/python3.9/site-packages/airflow/example_dags/example_local_kubernetes_executor.py
[2025-01-01T17:55:39.061-0800] {processor.py:208} INFO - Processing /opt/anaconda3/envs/airflow_env/lib/python3.9/site-packages/airflow/example_dags/example_local_kubernetes_executor.py took 0.178 seconds
[2025-01-01T18:08:15.298-0800] {processor.py:186} INFO - Started process (PID=32017) to work on /opt/anaconda3/envs/airflow_env/lib/python3.9/site-packages/airflow/example_dags/example_local_kubernetes_executor.py
[2025-01-01T18:08:15.301-0800] {processor.py:914} INFO - Processing file /opt/anaconda3/envs/airflow_env/lib/python3.9/site-packages/airflow/example_dags/example_local_kubernetes_executor.py for tasks to queue
[2025-01-01T18:08:15.302-0800] {logging_mixin.py:190} INFO - [2025-01-01T18:08:15.302-0800] {dagbag.py:588} INFO - Filling up the DagBag from /opt/anaconda3/envs/airflow_env/lib/python3.9/site-packages/airflow/example_dags/example_local_kubernetes_executor.py
[2025-01-01T18:08:15.342-0800] {logging_mixin.py:190} INFO - [2025-01-01T18:08:15.341-0800] {example_local_kubernetes_executor.py:40} WARNING - Could not import DAGs in example_local_kubernetes_executor.py
Traceback (most recent call last):
  File "/opt/anaconda3/envs/airflow_env/lib/python3.9/site-packages/airflow/example_dags/example_local_kubernetes_executor.py", line 38, in <module>
    from kubernetes.client import models as k8s
ModuleNotFoundError: No module named 'kubernetes'
[2025-01-01T18:08:15.343-0800] {logging_mixin.py:190} INFO - [2025-01-01T18:08:15.343-0800] {example_local_kubernetes_executor.py:41} WARNING - Install Kubernetes dependencies with: pip install apache-airflow[cncf.kubernetes]
[2025-01-01T18:08:15.344-0800] {processor.py:927} WARNING - No viable dags retrieved from /opt/anaconda3/envs/airflow_env/lib/python3.9/site-packages/airflow/example_dags/example_local_kubernetes_executor.py
[2025-01-01T18:08:15.525-0800] {processor.py:208} INFO - Processing /opt/anaconda3/envs/airflow_env/lib/python3.9/site-packages/airflow/example_dags/example_local_kubernetes_executor.py took 0.231 seconds
[2025-01-01T18:13:53.423-0800] {processor.py:186} INFO - Started process (PID=32402) to work on /opt/anaconda3/envs/airflow_env/lib/python3.9/site-packages/airflow/example_dags/example_local_kubernetes_executor.py
[2025-01-01T18:13:53.426-0800] {processor.py:914} INFO - Processing file /opt/anaconda3/envs/airflow_env/lib/python3.9/site-packages/airflow/example_dags/example_local_kubernetes_executor.py for tasks to queue
[2025-01-01T18:13:53.429-0800] {logging_mixin.py:190} INFO - [2025-01-01T18:13:53.428-0800] {dagbag.py:588} INFO - Filling up the DagBag from /opt/anaconda3/envs/airflow_env/lib/python3.9/site-packages/airflow/example_dags/example_local_kubernetes_executor.py
[2025-01-01T18:13:53.496-0800] {logging_mixin.py:190} INFO - [2025-01-01T18:13:53.496-0800] {example_local_kubernetes_executor.py:40} WARNING - Could not import DAGs in example_local_kubernetes_executor.py
Traceback (most recent call last):
  File "/opt/anaconda3/envs/airflow_env/lib/python3.9/site-packages/airflow/example_dags/example_local_kubernetes_executor.py", line 38, in <module>
    from kubernetes.client import models as k8s
ModuleNotFoundError: No module named 'kubernetes'
[2025-01-01T18:13:53.497-0800] {logging_mixin.py:190} INFO - [2025-01-01T18:13:53.497-0800] {example_local_kubernetes_executor.py:41} WARNING - Install Kubernetes dependencies with: pip install apache-airflow[cncf.kubernetes]
[2025-01-01T18:13:53.497-0800] {processor.py:927} WARNING - No viable dags retrieved from /opt/anaconda3/envs/airflow_env/lib/python3.9/site-packages/airflow/example_dags/example_local_kubernetes_executor.py
[2025-01-01T18:13:53.673-0800] {processor.py:208} INFO - Processing /opt/anaconda3/envs/airflow_env/lib/python3.9/site-packages/airflow/example_dags/example_local_kubernetes_executor.py took 0.255 seconds
[2025-01-01T18:18:11.440-0800] {processor.py:186} INFO - Started process (PID=32537) to work on /opt/anaconda3/envs/airflow_env/lib/python3.9/site-packages/airflow/example_dags/example_local_kubernetes_executor.py
[2025-01-01T18:18:11.442-0800] {processor.py:914} INFO - Processing file /opt/anaconda3/envs/airflow_env/lib/python3.9/site-packages/airflow/example_dags/example_local_kubernetes_executor.py for tasks to queue
[2025-01-01T18:18:11.444-0800] {logging_mixin.py:190} INFO - [2025-01-01T18:18:11.444-0800] {dagbag.py:588} INFO - Filling up the DagBag from /opt/anaconda3/envs/airflow_env/lib/python3.9/site-packages/airflow/example_dags/example_local_kubernetes_executor.py
[2025-01-01T18:18:11.493-0800] {logging_mixin.py:190} INFO - [2025-01-01T18:18:11.493-0800] {example_local_kubernetes_executor.py:40} WARNING - Could not import DAGs in example_local_kubernetes_executor.py
Traceback (most recent call last):
  File "/opt/anaconda3/envs/airflow_env/lib/python3.9/site-packages/airflow/example_dags/example_local_kubernetes_executor.py", line 38, in <module>
    from kubernetes.client import models as k8s
ModuleNotFoundError: No module named 'kubernetes'
[2025-01-01T18:18:11.494-0800] {logging_mixin.py:190} INFO - [2025-01-01T18:18:11.494-0800] {example_local_kubernetes_executor.py:41} WARNING - Install Kubernetes dependencies with: pip install apache-airflow[cncf.kubernetes]
[2025-01-01T18:18:11.494-0800] {processor.py:927} WARNING - No viable dags retrieved from /opt/anaconda3/envs/airflow_env/lib/python3.9/site-packages/airflow/example_dags/example_local_kubernetes_executor.py
[2025-01-01T18:18:11.639-0800] {processor.py:208} INFO - Processing /opt/anaconda3/envs/airflow_env/lib/python3.9/site-packages/airflow/example_dags/example_local_kubernetes_executor.py took 0.203 seconds
[2025-01-01T18:22:04.935-0800] {processor.py:186} INFO - Started process (PID=32716) to work on /opt/anaconda3/envs/airflow_env/lib/python3.9/site-packages/airflow/example_dags/example_local_kubernetes_executor.py
[2025-01-01T18:22:04.937-0800] {processor.py:914} INFO - Processing file /opt/anaconda3/envs/airflow_env/lib/python3.9/site-packages/airflow/example_dags/example_local_kubernetes_executor.py for tasks to queue
[2025-01-01T18:22:04.938-0800] {logging_mixin.py:190} INFO - [2025-01-01T18:22:04.938-0800] {dagbag.py:588} INFO - Filling up the DagBag from /opt/anaconda3/envs/airflow_env/lib/python3.9/site-packages/airflow/example_dags/example_local_kubernetes_executor.py
[2025-01-01T18:22:04.986-0800] {logging_mixin.py:190} INFO - [2025-01-01T18:22:04.985-0800] {example_local_kubernetes_executor.py:40} WARNING - Could not import DAGs in example_local_kubernetes_executor.py
Traceback (most recent call last):
  File "/opt/anaconda3/envs/airflow_env/lib/python3.9/site-packages/airflow/example_dags/example_local_kubernetes_executor.py", line 38, in <module>
    from kubernetes.client import models as k8s
ModuleNotFoundError: No module named 'kubernetes'
[2025-01-01T18:22:04.986-0800] {logging_mixin.py:190} INFO - [2025-01-01T18:22:04.986-0800] {example_local_kubernetes_executor.py:41} WARNING - Install Kubernetes dependencies with: pip install apache-airflow[cncf.kubernetes]
[2025-01-01T18:22:04.986-0800] {processor.py:927} WARNING - No viable dags retrieved from /opt/anaconda3/envs/airflow_env/lib/python3.9/site-packages/airflow/example_dags/example_local_kubernetes_executor.py
[2025-01-01T18:22:05.103-0800] {processor.py:208} INFO - Processing /opt/anaconda3/envs/airflow_env/lib/python3.9/site-packages/airflow/example_dags/example_local_kubernetes_executor.py took 0.172 seconds
[2025-01-01T18:25:40.656-0800] {processor.py:186} INFO - Started process (PID=32931) to work on /opt/anaconda3/envs/airflow_env/lib/python3.9/site-packages/airflow/example_dags/example_local_kubernetes_executor.py
[2025-01-01T18:25:40.658-0800] {processor.py:914} INFO - Processing file /opt/anaconda3/envs/airflow_env/lib/python3.9/site-packages/airflow/example_dags/example_local_kubernetes_executor.py for tasks to queue
[2025-01-01T18:25:40.660-0800] {logging_mixin.py:190} INFO - [2025-01-01T18:25:40.660-0800] {dagbag.py:588} INFO - Filling up the DagBag from /opt/anaconda3/envs/airflow_env/lib/python3.9/site-packages/airflow/example_dags/example_local_kubernetes_executor.py
[2025-01-01T18:25:40.706-0800] {logging_mixin.py:190} INFO - [2025-01-01T18:25:40.705-0800] {example_local_kubernetes_executor.py:40} WARNING - Could not import DAGs in example_local_kubernetes_executor.py
Traceback (most recent call last):
  File "/opt/anaconda3/envs/airflow_env/lib/python3.9/site-packages/airflow/example_dags/example_local_kubernetes_executor.py", line 38, in <module>
    from kubernetes.client import models as k8s
ModuleNotFoundError: No module named 'kubernetes'
[2025-01-01T18:25:40.707-0800] {logging_mixin.py:190} INFO - [2025-01-01T18:25:40.706-0800] {example_local_kubernetes_executor.py:41} WARNING - Install Kubernetes dependencies with: pip install apache-airflow[cncf.kubernetes]
[2025-01-01T18:25:40.707-0800] {processor.py:927} WARNING - No viable dags retrieved from /opt/anaconda3/envs/airflow_env/lib/python3.9/site-packages/airflow/example_dags/example_local_kubernetes_executor.py
[2025-01-01T18:25:40.923-0800] {processor.py:208} INFO - Processing /opt/anaconda3/envs/airflow_env/lib/python3.9/site-packages/airflow/example_dags/example_local_kubernetes_executor.py took 0.273 seconds
[2025-01-01T18:29:10.950-0800] {processor.py:186} INFO - Started process (PID=33208) to work on /opt/anaconda3/envs/airflow_env/lib/python3.9/site-packages/airflow/example_dags/example_local_kubernetes_executor.py
[2025-01-01T18:29:10.952-0800] {processor.py:914} INFO - Processing file /opt/anaconda3/envs/airflow_env/lib/python3.9/site-packages/airflow/example_dags/example_local_kubernetes_executor.py for tasks to queue
[2025-01-01T18:29:10.954-0800] {logging_mixin.py:190} INFO - [2025-01-01T18:29:10.954-0800] {dagbag.py:588} INFO - Filling up the DagBag from /opt/anaconda3/envs/airflow_env/lib/python3.9/site-packages/airflow/example_dags/example_local_kubernetes_executor.py
[2025-01-01T18:29:11.004-0800] {logging_mixin.py:190} INFO - [2025-01-01T18:29:11.003-0800] {example_local_kubernetes_executor.py:40} WARNING - Could not import DAGs in example_local_kubernetes_executor.py
Traceback (most recent call last):
  File "/opt/anaconda3/envs/airflow_env/lib/python3.9/site-packages/airflow/example_dags/example_local_kubernetes_executor.py", line 38, in <module>
    from kubernetes.client import models as k8s
ModuleNotFoundError: No module named 'kubernetes'
[2025-01-01T18:29:11.005-0800] {logging_mixin.py:190} INFO - [2025-01-01T18:29:11.005-0800] {example_local_kubernetes_executor.py:41} WARNING - Install Kubernetes dependencies with: pip install apache-airflow[cncf.kubernetes]
[2025-01-01T18:29:11.006-0800] {processor.py:927} WARNING - No viable dags retrieved from /opt/anaconda3/envs/airflow_env/lib/python3.9/site-packages/airflow/example_dags/example_local_kubernetes_executor.py
[2025-01-01T18:29:11.170-0800] {processor.py:208} INFO - Processing /opt/anaconda3/envs/airflow_env/lib/python3.9/site-packages/airflow/example_dags/example_local_kubernetes_executor.py took 0.224 seconds
[2025-01-01T18:32:51.765-0800] {processor.py:186} INFO - Started process (PID=33419) to work on /opt/anaconda3/envs/airflow_env/lib/python3.9/site-packages/airflow/example_dags/example_local_kubernetes_executor.py
[2025-01-01T18:32:51.767-0800] {processor.py:914} INFO - Processing file /opt/anaconda3/envs/airflow_env/lib/python3.9/site-packages/airflow/example_dags/example_local_kubernetes_executor.py for tasks to queue
[2025-01-01T18:32:51.769-0800] {logging_mixin.py:190} INFO - [2025-01-01T18:32:51.769-0800] {dagbag.py:588} INFO - Filling up the DagBag from /opt/anaconda3/envs/airflow_env/lib/python3.9/site-packages/airflow/example_dags/example_local_kubernetes_executor.py
[2025-01-01T18:32:51.810-0800] {logging_mixin.py:190} INFO - [2025-01-01T18:32:51.809-0800] {example_local_kubernetes_executor.py:40} WARNING - Could not import DAGs in example_local_kubernetes_executor.py
Traceback (most recent call last):
  File "/opt/anaconda3/envs/airflow_env/lib/python3.9/site-packages/airflow/example_dags/example_local_kubernetes_executor.py", line 38, in <module>
    from kubernetes.client import models as k8s
ModuleNotFoundError: No module named 'kubernetes'
[2025-01-01T18:32:51.810-0800] {logging_mixin.py:190} INFO - [2025-01-01T18:32:51.810-0800] {example_local_kubernetes_executor.py:41} WARNING - Install Kubernetes dependencies with: pip install apache-airflow[cncf.kubernetes]
[2025-01-01T18:32:51.810-0800] {processor.py:927} WARNING - No viable dags retrieved from /opt/anaconda3/envs/airflow_env/lib/python3.9/site-packages/airflow/example_dags/example_local_kubernetes_executor.py
[2025-01-01T18:32:51.942-0800] {processor.py:208} INFO - Processing /opt/anaconda3/envs/airflow_env/lib/python3.9/site-packages/airflow/example_dags/example_local_kubernetes_executor.py took 0.183 seconds
[2025-01-01T18:38:34.641-0800] {processor.py:186} INFO - Started process (PID=33735) to work on /opt/anaconda3/envs/airflow_env/lib/python3.9/site-packages/airflow/example_dags/example_local_kubernetes_executor.py
[2025-01-01T18:38:34.647-0800] {processor.py:914} INFO - Processing file /opt/anaconda3/envs/airflow_env/lib/python3.9/site-packages/airflow/example_dags/example_local_kubernetes_executor.py for tasks to queue
[2025-01-01T18:38:34.648-0800] {logging_mixin.py:190} INFO - [2025-01-01T18:38:34.648-0800] {dagbag.py:588} INFO - Filling up the DagBag from /opt/anaconda3/envs/airflow_env/lib/python3.9/site-packages/airflow/example_dags/example_local_kubernetes_executor.py
[2025-01-01T18:38:34.700-0800] {logging_mixin.py:190} INFO - [2025-01-01T18:38:34.699-0800] {example_local_kubernetes_executor.py:40} WARNING - Could not import DAGs in example_local_kubernetes_executor.py
Traceback (most recent call last):
  File "/opt/anaconda3/envs/airflow_env/lib/python3.9/site-packages/airflow/example_dags/example_local_kubernetes_executor.py", line 38, in <module>
    from kubernetes.client import models as k8s
ModuleNotFoundError: No module named 'kubernetes'
[2025-01-01T18:38:34.701-0800] {logging_mixin.py:190} INFO - [2025-01-01T18:38:34.701-0800] {example_local_kubernetes_executor.py:41} WARNING - Install Kubernetes dependencies with: pip install apache-airflow[cncf.kubernetes]
[2025-01-01T18:38:34.701-0800] {processor.py:927} WARNING - No viable dags retrieved from /opt/anaconda3/envs/airflow_env/lib/python3.9/site-packages/airflow/example_dags/example_local_kubernetes_executor.py
[2025-01-01T18:38:34.926-0800] {processor.py:208} INFO - Processing /opt/anaconda3/envs/airflow_env/lib/python3.9/site-packages/airflow/example_dags/example_local_kubernetes_executor.py took 0.289 seconds
