[2025-01-01T16:16:39.621-0800] {processor.py:186} INFO - Started process (PID=26899) to work on /opt/anaconda3/envs/airflow_env/lib/python3.9/site-packages/airflow/example_dags/example_branch_labels.py
[2025-01-01T16:16:39.623-0800] {processor.py:914} INFO - Processing file /opt/anaconda3/envs/airflow_env/lib/python3.9/site-packages/airflow/example_dags/example_branch_labels.py for tasks to queue
[2025-01-01T16:16:39.624-0800] {logging_mixin.py:190} INFO - [2025-01-01T16:16:39.623-0800] {dagbag.py:588} INFO - Filling up the DagBag from /opt/anaconda3/envs/airflow_env/lib/python3.9/site-packages/airflow/example_dags/example_branch_labels.py
[2025-01-01T16:16:39.641-0800] {processor.py:925} INFO - DAG(s) 'example_branch_labels' retrieved from /opt/anaconda3/envs/airflow_env/lib/python3.9/site-packages/airflow/example_dags/example_branch_labels.py
[2025-01-01T16:16:39.806-0800] {logging_mixin.py:190} INFO - [2025-01-01T16:16:39.806-0800] {dag.py:3239} INFO - Sync 1 DAGs
[2025-01-01T16:16:39.838-0800] {logging_mixin.py:190} INFO - [2025-01-01T16:16:39.838-0800] {dag.py:4180} INFO - Setting next_dagrun for example_branch_labels to 2025-01-01 00:00:00+00:00, run_after=2025-01-02 00:00:00+00:00
[2025-01-01T16:16:39.860-0800] {processor.py:208} INFO - Processing /opt/anaconda3/envs/airflow_env/lib/python3.9/site-packages/airflow/example_dags/example_branch_labels.py took 0.244 seconds
[2025-01-01T16:23:44.572-0800] {processor.py:186} INFO - Started process (PID=27241) to work on /opt/anaconda3/envs/airflow_env/lib/python3.9/site-packages/airflow/example_dags/example_branch_labels.py
[2025-01-01T16:23:44.574-0800] {processor.py:914} INFO - Processing file /opt/anaconda3/envs/airflow_env/lib/python3.9/site-packages/airflow/example_dags/example_branch_labels.py for tasks to queue
[2025-01-01T16:23:44.576-0800] {logging_mixin.py:190} INFO - [2025-01-01T16:23:44.576-0800] {dagbag.py:588} INFO - Filling up the DagBag from /opt/anaconda3/envs/airflow_env/lib/python3.9/site-packages/airflow/example_dags/example_branch_labels.py
[2025-01-01T16:23:44.589-0800] {processor.py:925} INFO - DAG(s) 'example_branch_labels' retrieved from /opt/anaconda3/envs/airflow_env/lib/python3.9/site-packages/airflow/example_dags/example_branch_labels.py
[2025-01-01T16:23:44.727-0800] {logging_mixin.py:190} INFO - [2025-01-01T16:23:44.723-0800] {dag.py:3239} INFO - Sync 1 DAGs
[2025-01-01T16:23:44.750-0800] {logging_mixin.py:190} INFO - [2025-01-01T16:23:44.750-0800] {dag.py:4180} INFO - Setting next_dagrun for example_branch_labels to 2025-01-01 00:00:00+00:00, run_after=2025-01-02 00:00:00+00:00
[2025-01-01T16:23:44.771-0800] {processor.py:208} INFO - Processing /opt/anaconda3/envs/airflow_env/lib/python3.9/site-packages/airflow/example_dags/example_branch_labels.py took 0.203 seconds
[2025-01-01T16:29:25.409-0800] {processor.py:186} INFO - Started process (PID=27450) to work on /opt/anaconda3/envs/airflow_env/lib/python3.9/site-packages/airflow/example_dags/example_branch_labels.py
[2025-01-01T16:29:25.412-0800] {processor.py:914} INFO - Processing file /opt/anaconda3/envs/airflow_env/lib/python3.9/site-packages/airflow/example_dags/example_branch_labels.py for tasks to queue
[2025-01-01T16:29:25.413-0800] {logging_mixin.py:190} INFO - [2025-01-01T16:29:25.413-0800] {dagbag.py:588} INFO - Filling up the DagBag from /opt/anaconda3/envs/airflow_env/lib/python3.9/site-packages/airflow/example_dags/example_branch_labels.py
[2025-01-01T16:29:25.425-0800] {processor.py:925} INFO - DAG(s) 'example_branch_labels' retrieved from /opt/anaconda3/envs/airflow_env/lib/python3.9/site-packages/airflow/example_dags/example_branch_labels.py
[2025-01-01T16:29:25.552-0800] {logging_mixin.py:190} INFO - [2025-01-01T16:29:25.552-0800] {dag.py:3239} INFO - Sync 1 DAGs
[2025-01-01T16:29:25.577-0800] {logging_mixin.py:190} INFO - [2025-01-01T16:29:25.577-0800] {dag.py:4180} INFO - Setting next_dagrun for example_branch_labels to 2025-01-01 00:00:00+00:00, run_after=2025-01-02 00:00:00+00:00
[2025-01-01T16:29:25.599-0800] {processor.py:208} INFO - Processing /opt/anaconda3/envs/airflow_env/lib/python3.9/site-packages/airflow/example_dags/example_branch_labels.py took 0.193 seconds
[2025-01-01T17:09:38.785-0800] {processor.py:186} INFO - Started process (PID=27824) to work on /opt/anaconda3/envs/airflow_env/lib/python3.9/site-packages/airflow/example_dags/example_branch_labels.py
[2025-01-01T17:09:38.790-0800] {processor.py:914} INFO - Processing file /opt/anaconda3/envs/airflow_env/lib/python3.9/site-packages/airflow/example_dags/example_branch_labels.py for tasks to queue
[2025-01-01T17:09:38.792-0800] {logging_mixin.py:190} INFO - [2025-01-01T17:09:38.791-0800] {dagbag.py:588} INFO - Filling up the DagBag from /opt/anaconda3/envs/airflow_env/lib/python3.9/site-packages/airflow/example_dags/example_branch_labels.py
[2025-01-01T17:09:38.841-0800] {processor.py:925} INFO - DAG(s) 'example_branch_labels' retrieved from /opt/anaconda3/envs/airflow_env/lib/python3.9/site-packages/airflow/example_dags/example_branch_labels.py
[2025-01-01T17:09:39.080-0800] {logging_mixin.py:190} INFO - [2025-01-01T17:09:39.079-0800] {dag.py:3239} INFO - Sync 1 DAGs
[2025-01-01T17:09:39.117-0800] {logging_mixin.py:190} INFO - [2025-01-01T17:09:39.117-0800] {dag.py:4180} INFO - Setting next_dagrun for example_branch_labels to 2025-01-01 00:00:00+00:00, run_after=2025-01-02 00:00:00+00:00
[2025-01-01T17:09:39.153-0800] {processor.py:208} INFO - Processing /opt/anaconda3/envs/airflow_env/lib/python3.9/site-packages/airflow/example_dags/example_branch_labels.py took 0.376 seconds
[2025-01-01T17:17:04.976-0800] {processor.py:186} INFO - Started process (PID=28114) to work on /opt/anaconda3/envs/airflow_env/lib/python3.9/site-packages/airflow/example_dags/example_branch_labels.py
[2025-01-01T17:17:04.979-0800] {processor.py:914} INFO - Processing file /opt/anaconda3/envs/airflow_env/lib/python3.9/site-packages/airflow/example_dags/example_branch_labels.py for tasks to queue
[2025-01-01T17:17:04.983-0800] {logging_mixin.py:190} INFO - [2025-01-01T17:17:04.980-0800] {dagbag.py:588} INFO - Filling up the DagBag from /opt/anaconda3/envs/airflow_env/lib/python3.9/site-packages/airflow/example_dags/example_branch_labels.py
[2025-01-01T17:17:05.006-0800] {processor.py:925} INFO - DAG(s) 'example_branch_labels' retrieved from /opt/anaconda3/envs/airflow_env/lib/python3.9/site-packages/airflow/example_dags/example_branch_labels.py
[2025-01-01T17:17:05.188-0800] {logging_mixin.py:190} INFO - [2025-01-01T17:17:05.187-0800] {dag.py:3239} INFO - Sync 1 DAGs
[2025-01-01T17:17:05.212-0800] {logging_mixin.py:190} INFO - [2025-01-01T17:17:05.211-0800] {dag.py:4180} INFO - Setting next_dagrun for example_branch_labels to 2025-01-01 00:00:00+00:00, run_after=2025-01-02 00:00:00+00:00
[2025-01-01T17:17:05.239-0800] {processor.py:208} INFO - Processing /opt/anaconda3/envs/airflow_env/lib/python3.9/site-packages/airflow/example_dags/example_branch_labels.py took 0.272 seconds
[2025-01-01T17:24:34.330-0800] {processor.py:186} INFO - Started process (PID=28473) to work on /opt/anaconda3/envs/airflow_env/lib/python3.9/site-packages/airflow/example_dags/example_branch_labels.py
[2025-01-01T17:24:34.333-0800] {processor.py:914} INFO - Processing file /opt/anaconda3/envs/airflow_env/lib/python3.9/site-packages/airflow/example_dags/example_branch_labels.py for tasks to queue
[2025-01-01T17:24:34.334-0800] {logging_mixin.py:190} INFO - [2025-01-01T17:24:34.334-0800] {dagbag.py:588} INFO - Filling up the DagBag from /opt/anaconda3/envs/airflow_env/lib/python3.9/site-packages/airflow/example_dags/example_branch_labels.py
[2025-01-01T17:24:34.353-0800] {processor.py:925} INFO - DAG(s) 'example_branch_labels' retrieved from /opt/anaconda3/envs/airflow_env/lib/python3.9/site-packages/airflow/example_dags/example_branch_labels.py
[2025-01-01T17:24:34.491-0800] {logging_mixin.py:190} INFO - [2025-01-01T17:24:34.491-0800] {dag.py:3239} INFO - Sync 1 DAGs
[2025-01-01T17:24:34.514-0800] {logging_mixin.py:190} INFO - [2025-01-01T17:24:34.514-0800] {dag.py:4180} INFO - Setting next_dagrun for example_branch_labels to 2025-01-01 00:00:00+00:00, run_after=2025-01-02 00:00:00+00:00
[2025-01-01T17:24:34.536-0800] {processor.py:208} INFO - Processing /opt/anaconda3/envs/airflow_env/lib/python3.9/site-packages/airflow/example_dags/example_branch_labels.py took 0.213 seconds
[2025-01-01T17:33:54.036-0800] {processor.py:186} INFO - Started process (PID=29142) to work on /opt/anaconda3/envs/airflow_env/lib/python3.9/site-packages/airflow/example_dags/example_branch_labels.py
[2025-01-01T17:33:54.039-0800] {processor.py:914} INFO - Processing file /opt/anaconda3/envs/airflow_env/lib/python3.9/site-packages/airflow/example_dags/example_branch_labels.py for tasks to queue
[2025-01-01T17:33:54.040-0800] {logging_mixin.py:190} INFO - [2025-01-01T17:33:54.040-0800] {dagbag.py:588} INFO - Filling up the DagBag from /opt/anaconda3/envs/airflow_env/lib/python3.9/site-packages/airflow/example_dags/example_branch_labels.py
[2025-01-01T17:33:54.061-0800] {processor.py:925} INFO - DAG(s) 'example_branch_labels' retrieved from /opt/anaconda3/envs/airflow_env/lib/python3.9/site-packages/airflow/example_dags/example_branch_labels.py
[2025-01-01T17:33:54.519-0800] {logging_mixin.py:190} INFO - [2025-01-01T17:33:54.518-0800] {dag.py:3239} INFO - Sync 1 DAGs
[2025-01-01T17:33:54.556-0800] {logging_mixin.py:190} INFO - [2025-01-01T17:33:54.556-0800] {dag.py:4180} INFO - Setting next_dagrun for example_branch_labels to 2025-01-01 00:00:00+00:00, run_after=2025-01-02 00:00:00+00:00
[2025-01-01T17:33:54.590-0800] {processor.py:208} INFO - Processing /opt/anaconda3/envs/airflow_env/lib/python3.9/site-packages/airflow/example_dags/example_branch_labels.py took 0.557 seconds
[2025-01-01T17:45:24.451-0800] {processor.py:186} INFO - Started process (PID=30137) to work on /opt/anaconda3/envs/airflow_env/lib/python3.9/site-packages/airflow/example_dags/example_branch_labels.py
[2025-01-01T17:45:24.453-0800] {processor.py:914} INFO - Processing file /opt/anaconda3/envs/airflow_env/lib/python3.9/site-packages/airflow/example_dags/example_branch_labels.py for tasks to queue
[2025-01-01T17:45:24.454-0800] {logging_mixin.py:190} INFO - [2025-01-01T17:45:24.454-0800] {dagbag.py:588} INFO - Filling up the DagBag from /opt/anaconda3/envs/airflow_env/lib/python3.9/site-packages/airflow/example_dags/example_branch_labels.py
[2025-01-01T17:45:24.465-0800] {processor.py:925} INFO - DAG(s) 'example_branch_labels' retrieved from /opt/anaconda3/envs/airflow_env/lib/python3.9/site-packages/airflow/example_dags/example_branch_labels.py
[2025-01-01T17:45:24.602-0800] {logging_mixin.py:190} INFO - [2025-01-01T17:45:24.602-0800] {dag.py:3239} INFO - Sync 1 DAGs
[2025-01-01T17:45:24.631-0800] {logging_mixin.py:190} INFO - [2025-01-01T17:45:24.630-0800] {dag.py:4180} INFO - Setting next_dagrun for example_branch_labels to 2025-01-01 00:00:00+00:00, run_after=2025-01-02 00:00:00+00:00
[2025-01-01T17:45:24.652-0800] {processor.py:208} INFO - Processing /opt/anaconda3/envs/airflow_env/lib/python3.9/site-packages/airflow/example_dags/example_branch_labels.py took 0.206 seconds
[2025-01-01T18:00:59.695-0800] {processor.py:186} INFO - Started process (PID=31274) to work on /opt/anaconda3/envs/airflow_env/lib/python3.9/site-packages/airflow/example_dags/example_branch_labels.py
[2025-01-01T18:00:59.700-0800] {processor.py:914} INFO - Processing file /opt/anaconda3/envs/airflow_env/lib/python3.9/site-packages/airflow/example_dags/example_branch_labels.py for tasks to queue
[2025-01-01T18:00:59.723-0800] {logging_mixin.py:190} INFO - [2025-01-01T18:00:59.722-0800] {dagbag.py:588} INFO - Filling up the DagBag from /opt/anaconda3/envs/airflow_env/lib/python3.9/site-packages/airflow/example_dags/example_branch_labels.py
[2025-01-01T18:00:59.762-0800] {processor.py:925} INFO - DAG(s) 'example_branch_labels' retrieved from /opt/anaconda3/envs/airflow_env/lib/python3.9/site-packages/airflow/example_dags/example_branch_labels.py
[2025-01-01T18:01:00.033-0800] {logging_mixin.py:190} INFO - [2025-01-01T18:01:00.033-0800] {dag.py:3239} INFO - Sync 1 DAGs
[2025-01-01T18:01:00.066-0800] {logging_mixin.py:190} INFO - [2025-01-01T18:01:00.066-0800] {dag.py:4180} INFO - Setting next_dagrun for example_branch_labels to 2025-01-01 00:00:00+00:00, run_after=2025-01-02 00:00:00+00:00
[2025-01-01T18:01:00.100-0800] {processor.py:208} INFO - Processing /opt/anaconda3/envs/airflow_env/lib/python3.9/site-packages/airflow/example_dags/example_branch_labels.py took 0.419 seconds
[2025-01-01T18:10:35.206-0800] {processor.py:186} INFO - Started process (PID=32275) to work on /opt/anaconda3/envs/airflow_env/lib/python3.9/site-packages/airflow/example_dags/example_branch_labels.py
[2025-01-01T18:10:35.209-0800] {processor.py:914} INFO - Processing file /opt/anaconda3/envs/airflow_env/lib/python3.9/site-packages/airflow/example_dags/example_branch_labels.py for tasks to queue
[2025-01-01T18:10:35.211-0800] {logging_mixin.py:190} INFO - [2025-01-01T18:10:35.210-0800] {dagbag.py:588} INFO - Filling up the DagBag from /opt/anaconda3/envs/airflow_env/lib/python3.9/site-packages/airflow/example_dags/example_branch_labels.py
[2025-01-01T18:10:35.256-0800] {processor.py:925} INFO - DAG(s) 'example_branch_labels' retrieved from /opt/anaconda3/envs/airflow_env/lib/python3.9/site-packages/airflow/example_dags/example_branch_labels.py
[2025-01-01T18:10:35.689-0800] {logging_mixin.py:190} INFO - [2025-01-01T18:10:35.689-0800] {dag.py:3239} INFO - Sync 1 DAGs
[2025-01-01T18:10:35.753-0800] {logging_mixin.py:190} INFO - [2025-01-01T18:10:35.753-0800] {dag.py:4180} INFO - Setting next_dagrun for example_branch_labels to 2025-01-01 00:00:00+00:00, run_after=2025-01-02 00:00:00+00:00
[2025-01-01T18:10:35.796-0800] {processor.py:208} INFO - Processing /opt/anaconda3/envs/airflow_env/lib/python3.9/site-packages/airflow/example_dags/example_branch_labels.py took 0.596 seconds
[2025-01-01T18:18:57.772-0800] {processor.py:186} INFO - Started process (PID=32590) to work on /opt/anaconda3/envs/airflow_env/lib/python3.9/site-packages/airflow/example_dags/example_branch_labels.py
[2025-01-01T18:18:57.774-0800] {processor.py:914} INFO - Processing file /opt/anaconda3/envs/airflow_env/lib/python3.9/site-packages/airflow/example_dags/example_branch_labels.py for tasks to queue
[2025-01-01T18:18:57.776-0800] {logging_mixin.py:190} INFO - [2025-01-01T18:18:57.776-0800] {dagbag.py:588} INFO - Filling up the DagBag from /opt/anaconda3/envs/airflow_env/lib/python3.9/site-packages/airflow/example_dags/example_branch_labels.py
[2025-01-01T18:18:57.800-0800] {processor.py:925} INFO - DAG(s) 'example_branch_labels' retrieved from /opt/anaconda3/envs/airflow_env/lib/python3.9/site-packages/airflow/example_dags/example_branch_labels.py
[2025-01-01T18:18:57.971-0800] {logging_mixin.py:190} INFO - [2025-01-01T18:18:57.969-0800] {dag.py:3239} INFO - Sync 1 DAGs
[2025-01-01T18:18:57.999-0800] {logging_mixin.py:190} INFO - [2025-01-01T18:18:57.999-0800] {dag.py:4180} INFO - Setting next_dagrun for example_branch_labels to 2025-01-01 00:00:00+00:00, run_after=2025-01-02 00:00:00+00:00
[2025-01-01T18:18:58.031-0800] {processor.py:208} INFO - Processing /opt/anaconda3/envs/airflow_env/lib/python3.9/site-packages/airflow/example_dags/example_branch_labels.py took 0.271 seconds
[2025-01-01T18:26:30.376-0800] {processor.py:186} INFO - Started process (PID=32979) to work on /opt/anaconda3/envs/airflow_env/lib/python3.9/site-packages/airflow/example_dags/example_branch_labels.py
[2025-01-01T18:26:30.378-0800] {processor.py:914} INFO - Processing file /opt/anaconda3/envs/airflow_env/lib/python3.9/site-packages/airflow/example_dags/example_branch_labels.py for tasks to queue
[2025-01-01T18:26:30.379-0800] {logging_mixin.py:190} INFO - [2025-01-01T18:26:30.379-0800] {dagbag.py:588} INFO - Filling up the DagBag from /opt/anaconda3/envs/airflow_env/lib/python3.9/site-packages/airflow/example_dags/example_branch_labels.py
[2025-01-01T18:26:30.390-0800] {processor.py:925} INFO - DAG(s) 'example_branch_labels' retrieved from /opt/anaconda3/envs/airflow_env/lib/python3.9/site-packages/airflow/example_dags/example_branch_labels.py
[2025-01-01T18:26:30.530-0800] {logging_mixin.py:190} INFO - [2025-01-01T18:26:30.530-0800] {dag.py:3239} INFO - Sync 1 DAGs
[2025-01-01T18:26:30.553-0800] {logging_mixin.py:190} INFO - [2025-01-01T18:26:30.553-0800] {dag.py:4180} INFO - Setting next_dagrun for example_branch_labels to 2025-01-01 00:00:00+00:00, run_after=2025-01-02 00:00:00+00:00
[2025-01-01T18:26:30.580-0800] {processor.py:208} INFO - Processing /opt/anaconda3/envs/airflow_env/lib/python3.9/site-packages/airflow/example_dags/example_branch_labels.py took 0.214 seconds
[2025-01-01T18:33:40.246-0800] {processor.py:186} INFO - Started process (PID=33445) to work on /opt/anaconda3/envs/airflow_env/lib/python3.9/site-packages/airflow/example_dags/example_branch_labels.py
[2025-01-01T18:33:40.249-0800] {processor.py:914} INFO - Processing file /opt/anaconda3/envs/airflow_env/lib/python3.9/site-packages/airflow/example_dags/example_branch_labels.py for tasks to queue
[2025-01-01T18:33:40.250-0800] {logging_mixin.py:190} INFO - [2025-01-01T18:33:40.250-0800] {dagbag.py:588} INFO - Filling up the DagBag from /opt/anaconda3/envs/airflow_env/lib/python3.9/site-packages/airflow/example_dags/example_branch_labels.py
[2025-01-01T18:33:40.265-0800] {processor.py:925} INFO - DAG(s) 'example_branch_labels' retrieved from /opt/anaconda3/envs/airflow_env/lib/python3.9/site-packages/airflow/example_dags/example_branch_labels.py
[2025-01-01T18:33:40.421-0800] {logging_mixin.py:190} INFO - [2025-01-01T18:33:40.420-0800] {dag.py:3239} INFO - Sync 1 DAGs
[2025-01-01T18:33:40.445-0800] {logging_mixin.py:190} INFO - [2025-01-01T18:33:40.445-0800] {dag.py:4180} INFO - Setting next_dagrun for example_branch_labels to 2025-01-01 00:00:00+00:00, run_after=2025-01-02 00:00:00+00:00
[2025-01-01T18:33:40.471-0800] {processor.py:208} INFO - Processing /opt/anaconda3/envs/airflow_env/lib/python3.9/site-packages/airflow/example_dags/example_branch_labels.py took 0.229 seconds
[2025-01-01T18:39:54.998-0800] {processor.py:186} INFO - Started process (PID=33834) to work on /opt/anaconda3/envs/airflow_env/lib/python3.9/site-packages/airflow/example_dags/example_branch_labels.py
[2025-01-01T18:39:55.000-0800] {processor.py:914} INFO - Processing file /opt/anaconda3/envs/airflow_env/lib/python3.9/site-packages/airflow/example_dags/example_branch_labels.py for tasks to queue
[2025-01-01T18:39:55.003-0800] {logging_mixin.py:190} INFO - [2025-01-01T18:39:55.002-0800] {dagbag.py:588} INFO - Filling up the DagBag from /opt/anaconda3/envs/airflow_env/lib/python3.9/site-packages/airflow/example_dags/example_branch_labels.py
[2025-01-01T18:39:55.017-0800] {processor.py:925} INFO - DAG(s) 'example_branch_labels' retrieved from /opt/anaconda3/envs/airflow_env/lib/python3.9/site-packages/airflow/example_dags/example_branch_labels.py
[2025-01-01T18:39:55.182-0800] {logging_mixin.py:190} INFO - [2025-01-01T18:39:55.182-0800] {dag.py:3239} INFO - Sync 1 DAGs
[2025-01-01T18:39:55.215-0800] {logging_mixin.py:190} INFO - [2025-01-01T18:39:55.215-0800] {dag.py:4180} INFO - Setting next_dagrun for example_branch_labels to 2025-01-01 00:00:00+00:00, run_after=2025-01-02 00:00:00+00:00
[2025-01-01T18:39:55.242-0800] {processor.py:208} INFO - Processing /opt/anaconda3/envs/airflow_env/lib/python3.9/site-packages/airflow/example_dags/example_branch_labels.py took 0.250 seconds
