[2025-01-01T16:10:54.630-0800] {processor.py:186} INFO - Started process (PID=26450) to work on /opt/anaconda3/envs/airflow_env/lib/python3.9/site-packages/airflow/example_dags/example_task_group.py
[2025-01-01T16:10:54.631-0800] {processor.py:914} INFO - Processing file /opt/anaconda3/envs/airflow_env/lib/python3.9/site-packages/airflow/example_dags/example_task_group.py for tasks to queue
[2025-01-01T16:10:54.632-0800] {logging_mixin.py:190} INFO - [2025-01-01T16:10:54.632-0800] {dagbag.py:588} INFO - Filling up the DagBag from /opt/anaconda3/envs/airflow_env/lib/python3.9/site-packages/airflow/example_dags/example_task_group.py
[2025-01-01T16:10:54.651-0800] {processor.py:925} INFO - DAG(s) 'example_task_group' retrieved from /opt/anaconda3/envs/airflow_env/lib/python3.9/site-packages/airflow/example_dags/example_task_group.py
[2025-01-01T16:10:55.235-0800] {logging_mixin.py:190} INFO - [2025-01-01T16:10:55.234-0800] {dag.py:3239} INFO - Sync 1 DAGs
[2025-01-01T16:10:55.276-0800] {logging_mixin.py:190} INFO - [2025-01-01T16:10:55.276-0800] {dag.py:4180} INFO - Setting next_dagrun for example_task_group to None, run_after=None
[2025-01-01T16:10:55.345-0800] {processor.py:208} INFO - Processing /opt/anaconda3/envs/airflow_env/lib/python3.9/site-packages/airflow/example_dags/example_task_group.py took 0.727 seconds
[2025-01-01T16:14:33.874-0800] {processor.py:186} INFO - Started process (PID=26775) to work on /opt/anaconda3/envs/airflow_env/lib/python3.9/site-packages/airflow/example_dags/example_task_group.py
[2025-01-01T16:14:33.877-0800] {processor.py:914} INFO - Processing file /opt/anaconda3/envs/airflow_env/lib/python3.9/site-packages/airflow/example_dags/example_task_group.py for tasks to queue
[2025-01-01T16:14:33.878-0800] {logging_mixin.py:190} INFO - [2025-01-01T16:14:33.878-0800] {dagbag.py:588} INFO - Filling up the DagBag from /opt/anaconda3/envs/airflow_env/lib/python3.9/site-packages/airflow/example_dags/example_task_group.py
[2025-01-01T16:14:33.894-0800] {processor.py:925} INFO - DAG(s) 'example_task_group' retrieved from /opt/anaconda3/envs/airflow_env/lib/python3.9/site-packages/airflow/example_dags/example_task_group.py
[2025-01-01T16:14:34.048-0800] {logging_mixin.py:190} INFO - [2025-01-01T16:14:34.048-0800] {dag.py:3239} INFO - Sync 1 DAGs
[2025-01-01T16:14:34.068-0800] {logging_mixin.py:190} INFO - [2025-01-01T16:14:34.068-0800] {dag.py:4180} INFO - Setting next_dagrun for example_task_group to None, run_after=None
[2025-01-01T16:14:34.092-0800] {processor.py:208} INFO - Processing /opt/anaconda3/envs/airflow_env/lib/python3.9/site-packages/airflow/example_dags/example_task_group.py took 0.222 seconds
[2025-01-01T16:18:20.621-0800] {processor.py:186} INFO - Started process (PID=26971) to work on /opt/anaconda3/envs/airflow_env/lib/python3.9/site-packages/airflow/example_dags/example_task_group.py
[2025-01-01T16:18:20.628-0800] {processor.py:914} INFO - Processing file /opt/anaconda3/envs/airflow_env/lib/python3.9/site-packages/airflow/example_dags/example_task_group.py for tasks to queue
[2025-01-01T16:18:20.630-0800] {logging_mixin.py:190} INFO - [2025-01-01T16:18:20.630-0800] {dagbag.py:588} INFO - Filling up the DagBag from /opt/anaconda3/envs/airflow_env/lib/python3.9/site-packages/airflow/example_dags/example_task_group.py
[2025-01-01T16:18:20.671-0800] {processor.py:925} INFO - DAG(s) 'example_task_group' retrieved from /opt/anaconda3/envs/airflow_env/lib/python3.9/site-packages/airflow/example_dags/example_task_group.py
[2025-01-01T16:18:21.130-0800] {logging_mixin.py:190} INFO - [2025-01-01T16:18:21.130-0800] {dag.py:3239} INFO - Sync 1 DAGs
[2025-01-01T16:18:21.146-0800] {logging_mixin.py:190} INFO - [2025-01-01T16:18:21.146-0800] {dag.py:4180} INFO - Setting next_dagrun for example_task_group to None, run_after=None
[2025-01-01T16:18:21.171-0800] {processor.py:208} INFO - Processing /opt/anaconda3/envs/airflow_env/lib/python3.9/site-packages/airflow/example_dags/example_task_group.py took 0.559 seconds
[2025-01-01T16:22:04.143-0800] {processor.py:186} INFO - Started process (PID=27183) to work on /opt/anaconda3/envs/airflow_env/lib/python3.9/site-packages/airflow/example_dags/example_task_group.py
[2025-01-01T16:22:04.145-0800] {processor.py:914} INFO - Processing file /opt/anaconda3/envs/airflow_env/lib/python3.9/site-packages/airflow/example_dags/example_task_group.py for tasks to queue
[2025-01-01T16:22:04.147-0800] {logging_mixin.py:190} INFO - [2025-01-01T16:22:04.147-0800] {dagbag.py:588} INFO - Filling up the DagBag from /opt/anaconda3/envs/airflow_env/lib/python3.9/site-packages/airflow/example_dags/example_task_group.py
[2025-01-01T16:22:04.162-0800] {processor.py:925} INFO - DAG(s) 'example_task_group' retrieved from /opt/anaconda3/envs/airflow_env/lib/python3.9/site-packages/airflow/example_dags/example_task_group.py
[2025-01-01T16:22:04.327-0800] {logging_mixin.py:190} INFO - [2025-01-01T16:22:04.327-0800] {dag.py:3239} INFO - Sync 1 DAGs
[2025-01-01T16:22:04.342-0800] {logging_mixin.py:190} INFO - [2025-01-01T16:22:04.341-0800] {dag.py:4180} INFO - Setting next_dagrun for example_task_group to None, run_after=None
[2025-01-01T16:22:04.365-0800] {processor.py:208} INFO - Processing /opt/anaconda3/envs/airflow_env/lib/python3.9/site-packages/airflow/example_dags/example_task_group.py took 0.227 seconds
[2025-01-01T16:25:03.111-0800] {processor.py:186} INFO - Started process (PID=27294) to work on /opt/anaconda3/envs/airflow_env/lib/python3.9/site-packages/airflow/example_dags/example_task_group.py
[2025-01-01T16:25:03.112-0800] {processor.py:914} INFO - Processing file /opt/anaconda3/envs/airflow_env/lib/python3.9/site-packages/airflow/example_dags/example_task_group.py for tasks to queue
[2025-01-01T16:25:03.115-0800] {logging_mixin.py:190} INFO - [2025-01-01T16:25:03.115-0800] {dagbag.py:588} INFO - Filling up the DagBag from /opt/anaconda3/envs/airflow_env/lib/python3.9/site-packages/airflow/example_dags/example_task_group.py
[2025-01-01T16:25:03.128-0800] {processor.py:925} INFO - DAG(s) 'example_task_group' retrieved from /opt/anaconda3/envs/airflow_env/lib/python3.9/site-packages/airflow/example_dags/example_task_group.py
[2025-01-01T16:25:03.352-0800] {logging_mixin.py:190} INFO - [2025-01-01T16:25:03.352-0800] {dag.py:3239} INFO - Sync 1 DAGs
[2025-01-01T16:25:03.372-0800] {logging_mixin.py:190} INFO - [2025-01-01T16:25:03.371-0800] {dag.py:4180} INFO - Setting next_dagrun for example_task_group to None, run_after=None
[2025-01-01T16:25:03.395-0800] {processor.py:208} INFO - Processing /opt/anaconda3/envs/airflow_env/lib/python3.9/site-packages/airflow/example_dags/example_task_group.py took 0.290 seconds
[2025-01-01T16:27:56.144-0800] {processor.py:186} INFO - Started process (PID=27397) to work on /opt/anaconda3/envs/airflow_env/lib/python3.9/site-packages/airflow/example_dags/example_task_group.py
[2025-01-01T16:27:56.147-0800] {processor.py:914} INFO - Processing file /opt/anaconda3/envs/airflow_env/lib/python3.9/site-packages/airflow/example_dags/example_task_group.py for tasks to queue
[2025-01-01T16:27:56.148-0800] {logging_mixin.py:190} INFO - [2025-01-01T16:27:56.148-0800] {dagbag.py:588} INFO - Filling up the DagBag from /opt/anaconda3/envs/airflow_env/lib/python3.9/site-packages/airflow/example_dags/example_task_group.py
[2025-01-01T16:27:56.160-0800] {processor.py:925} INFO - DAG(s) 'example_task_group' retrieved from /opt/anaconda3/envs/airflow_env/lib/python3.9/site-packages/airflow/example_dags/example_task_group.py
[2025-01-01T16:27:56.309-0800] {logging_mixin.py:190} INFO - [2025-01-01T16:27:56.309-0800] {dag.py:3239} INFO - Sync 1 DAGs
[2025-01-01T16:27:56.323-0800] {logging_mixin.py:190} INFO - [2025-01-01T16:27:56.323-0800] {dag.py:4180} INFO - Setting next_dagrun for example_task_group to None, run_after=None
[2025-01-01T16:27:56.344-0800] {processor.py:208} INFO - Processing /opt/anaconda3/envs/airflow_env/lib/python3.9/site-packages/airflow/example_dags/example_task_group.py took 0.203 seconds
[2025-01-01T16:30:48.949-0800] {processor.py:186} INFO - Started process (PID=27501) to work on /opt/anaconda3/envs/airflow_env/lib/python3.9/site-packages/airflow/example_dags/example_task_group.py
[2025-01-01T16:30:48.951-0800] {processor.py:914} INFO - Processing file /opt/anaconda3/envs/airflow_env/lib/python3.9/site-packages/airflow/example_dags/example_task_group.py for tasks to queue
[2025-01-01T16:30:48.953-0800] {logging_mixin.py:190} INFO - [2025-01-01T16:30:48.952-0800] {dagbag.py:588} INFO - Filling up the DagBag from /opt/anaconda3/envs/airflow_env/lib/python3.9/site-packages/airflow/example_dags/example_task_group.py
[2025-01-01T16:30:48.969-0800] {processor.py:925} INFO - DAG(s) 'example_task_group' retrieved from /opt/anaconda3/envs/airflow_env/lib/python3.9/site-packages/airflow/example_dags/example_task_group.py
[2025-01-01T16:30:49.094-0800] {logging_mixin.py:190} INFO - [2025-01-01T16:30:49.094-0800] {dag.py:3239} INFO - Sync 1 DAGs
[2025-01-01T16:30:49.107-0800] {logging_mixin.py:190} INFO - [2025-01-01T16:30:49.107-0800] {dag.py:4180} INFO - Setting next_dagrun for example_task_group to None, run_after=None
[2025-01-01T16:30:49.129-0800] {processor.py:208} INFO - Processing /opt/anaconda3/envs/airflow_env/lib/python3.9/site-packages/airflow/example_dags/example_task_group.py took 0.184 seconds
[2025-01-01T17:06:58.503-0800] {processor.py:186} INFO - Started process (PID=27712) to work on /opt/anaconda3/envs/airflow_env/lib/python3.9/site-packages/airflow/example_dags/example_task_group.py
[2025-01-01T17:06:58.507-0800] {processor.py:914} INFO - Processing file /opt/anaconda3/envs/airflow_env/lib/python3.9/site-packages/airflow/example_dags/example_task_group.py for tasks to queue
[2025-01-01T17:06:58.508-0800] {logging_mixin.py:190} INFO - [2025-01-01T17:06:58.508-0800] {dagbag.py:588} INFO - Filling up the DagBag from /opt/anaconda3/envs/airflow_env/lib/python3.9/site-packages/airflow/example_dags/example_task_group.py
[2025-01-01T17:06:58.523-0800] {processor.py:925} INFO - DAG(s) 'example_task_group' retrieved from /opt/anaconda3/envs/airflow_env/lib/python3.9/site-packages/airflow/example_dags/example_task_group.py
[2025-01-01T17:06:58.714-0800] {logging_mixin.py:190} INFO - [2025-01-01T17:06:58.714-0800] {dag.py:3239} INFO - Sync 1 DAGs
[2025-01-01T17:06:58.730-0800] {logging_mixin.py:190} INFO - [2025-01-01T17:06:58.730-0800] {dag.py:4180} INFO - Setting next_dagrun for example_task_group to None, run_after=None
[2025-01-01T17:06:58.759-0800] {processor.py:208} INFO - Processing /opt/anaconda3/envs/airflow_env/lib/python3.9/site-packages/airflow/example_dags/example_task_group.py took 0.261 seconds
[2025-01-01T17:11:29.182-0800] {processor.py:186} INFO - Started process (PID=27879) to work on /opt/anaconda3/envs/airflow_env/lib/python3.9/site-packages/airflow/example_dags/example_task_group.py
[2025-01-01T17:11:29.185-0800] {processor.py:914} INFO - Processing file /opt/anaconda3/envs/airflow_env/lib/python3.9/site-packages/airflow/example_dags/example_task_group.py for tasks to queue
[2025-01-01T17:11:29.186-0800] {logging_mixin.py:190} INFO - [2025-01-01T17:11:29.186-0800] {dagbag.py:588} INFO - Filling up the DagBag from /opt/anaconda3/envs/airflow_env/lib/python3.9/site-packages/airflow/example_dags/example_task_group.py
[2025-01-01T17:11:29.202-0800] {processor.py:925} INFO - DAG(s) 'example_task_group' retrieved from /opt/anaconda3/envs/airflow_env/lib/python3.9/site-packages/airflow/example_dags/example_task_group.py
[2025-01-01T17:11:29.354-0800] {logging_mixin.py:190} INFO - [2025-01-01T17:11:29.354-0800] {dag.py:3239} INFO - Sync 1 DAGs
[2025-01-01T17:11:29.370-0800] {logging_mixin.py:190} INFO - [2025-01-01T17:11:29.369-0800] {dag.py:4180} INFO - Setting next_dagrun for example_task_group to None, run_after=None
[2025-01-01T17:11:29.397-0800] {processor.py:208} INFO - Processing /opt/anaconda3/envs/airflow_env/lib/python3.9/site-packages/airflow/example_dags/example_task_group.py took 0.220 seconds
[2025-01-01T17:15:01.712-0800] {processor.py:186} INFO - Started process (PID=28035) to work on /opt/anaconda3/envs/airflow_env/lib/python3.9/site-packages/airflow/example_dags/example_task_group.py
[2025-01-01T17:15:01.715-0800] {processor.py:914} INFO - Processing file /opt/anaconda3/envs/airflow_env/lib/python3.9/site-packages/airflow/example_dags/example_task_group.py for tasks to queue
[2025-01-01T17:15:01.717-0800] {logging_mixin.py:190} INFO - [2025-01-01T17:15:01.716-0800] {dagbag.py:588} INFO - Filling up the DagBag from /opt/anaconda3/envs/airflow_env/lib/python3.9/site-packages/airflow/example_dags/example_task_group.py
[2025-01-01T17:15:01.730-0800] {processor.py:925} INFO - DAG(s) 'example_task_group' retrieved from /opt/anaconda3/envs/airflow_env/lib/python3.9/site-packages/airflow/example_dags/example_task_group.py
[2025-01-01T17:15:01.875-0800] {logging_mixin.py:190} INFO - [2025-01-01T17:15:01.875-0800] {dag.py:3239} INFO - Sync 1 DAGs
[2025-01-01T17:15:01.889-0800] {logging_mixin.py:190} INFO - [2025-01-01T17:15:01.889-0800] {dag.py:4180} INFO - Setting next_dagrun for example_task_group to None, run_after=None
[2025-01-01T17:15:01.913-0800] {processor.py:208} INFO - Processing /opt/anaconda3/envs/airflow_env/lib/python3.9/site-packages/airflow/example_dags/example_task_group.py took 0.206 seconds
[2025-01-01T17:18:46.307-0800] {processor.py:186} INFO - Started process (PID=28224) to work on /opt/anaconda3/envs/airflow_env/lib/python3.9/site-packages/airflow/example_dags/example_task_group.py
[2025-01-01T17:18:46.310-0800] {processor.py:914} INFO - Processing file /opt/anaconda3/envs/airflow_env/lib/python3.9/site-packages/airflow/example_dags/example_task_group.py for tasks to queue
[2025-01-01T17:18:46.312-0800] {logging_mixin.py:190} INFO - [2025-01-01T17:18:46.312-0800] {dagbag.py:588} INFO - Filling up the DagBag from /opt/anaconda3/envs/airflow_env/lib/python3.9/site-packages/airflow/example_dags/example_task_group.py
[2025-01-01T17:18:46.330-0800] {processor.py:925} INFO - DAG(s) 'example_task_group' retrieved from /opt/anaconda3/envs/airflow_env/lib/python3.9/site-packages/airflow/example_dags/example_task_group.py
[2025-01-01T17:18:46.546-0800] {logging_mixin.py:190} INFO - [2025-01-01T17:18:46.545-0800] {dag.py:3239} INFO - Sync 1 DAGs
[2025-01-01T17:18:46.567-0800] {logging_mixin.py:190} INFO - [2025-01-01T17:18:46.566-0800] {dag.py:4180} INFO - Setting next_dagrun for example_task_group to None, run_after=None
[2025-01-01T17:18:46.601-0800] {processor.py:208} INFO - Processing /opt/anaconda3/envs/airflow_env/lib/python3.9/site-packages/airflow/example_dags/example_task_group.py took 0.300 seconds
[2025-01-01T17:22:41.864-0800] {processor.py:186} INFO - Started process (PID=28397) to work on /opt/anaconda3/envs/airflow_env/lib/python3.9/site-packages/airflow/example_dags/example_task_group.py
[2025-01-01T17:22:41.866-0800] {processor.py:914} INFO - Processing file /opt/anaconda3/envs/airflow_env/lib/python3.9/site-packages/airflow/example_dags/example_task_group.py for tasks to queue
[2025-01-01T17:22:41.868-0800] {logging_mixin.py:190} INFO - [2025-01-01T17:22:41.868-0800] {dagbag.py:588} INFO - Filling up the DagBag from /opt/anaconda3/envs/airflow_env/lib/python3.9/site-packages/airflow/example_dags/example_task_group.py
[2025-01-01T17:22:41.880-0800] {processor.py:925} INFO - DAG(s) 'example_task_group' retrieved from /opt/anaconda3/envs/airflow_env/lib/python3.9/site-packages/airflow/example_dags/example_task_group.py
[2025-01-01T17:22:42.029-0800] {logging_mixin.py:190} INFO - [2025-01-01T17:22:42.029-0800] {dag.py:3239} INFO - Sync 1 DAGs
[2025-01-01T17:22:42.048-0800] {logging_mixin.py:190} INFO - [2025-01-01T17:22:42.048-0800] {dag.py:4180} INFO - Setting next_dagrun for example_task_group to None, run_after=None
[2025-01-01T17:22:42.071-0800] {processor.py:208} INFO - Processing /opt/anaconda3/envs/airflow_env/lib/python3.9/site-packages/airflow/example_dags/example_task_group.py took 0.211 seconds
[2025-01-01T17:27:37.737-0800] {processor.py:186} INFO - Started process (PID=28629) to work on /opt/anaconda3/envs/airflow_env/lib/python3.9/site-packages/airflow/example_dags/example_task_group.py
[2025-01-01T17:27:37.742-0800] {processor.py:914} INFO - Processing file /opt/anaconda3/envs/airflow_env/lib/python3.9/site-packages/airflow/example_dags/example_task_group.py for tasks to queue
[2025-01-01T17:27:37.744-0800] {logging_mixin.py:190} INFO - [2025-01-01T17:27:37.744-0800] {dagbag.py:588} INFO - Filling up the DagBag from /opt/anaconda3/envs/airflow_env/lib/python3.9/site-packages/airflow/example_dags/example_task_group.py
[2025-01-01T17:27:37.759-0800] {processor.py:925} INFO - DAG(s) 'example_task_group' retrieved from /opt/anaconda3/envs/airflow_env/lib/python3.9/site-packages/airflow/example_dags/example_task_group.py
[2025-01-01T17:27:37.915-0800] {logging_mixin.py:190} INFO - [2025-01-01T17:27:37.914-0800] {dag.py:3239} INFO - Sync 1 DAGs
[2025-01-01T17:27:37.932-0800] {logging_mixin.py:190} INFO - [2025-01-01T17:27:37.932-0800] {dag.py:4180} INFO - Setting next_dagrun for example_task_group to None, run_after=None
[2025-01-01T17:27:37.956-0800] {processor.py:208} INFO - Processing /opt/anaconda3/envs/airflow_env/lib/python3.9/site-packages/airflow/example_dags/example_task_group.py took 0.225 seconds
[2025-01-01T17:31:35.208-0800] {processor.py:186} INFO - Started process (PID=29017) to work on /opt/anaconda3/envs/airflow_env/lib/python3.9/site-packages/airflow/example_dags/example_task_group.py
[2025-01-01T17:31:35.211-0800] {processor.py:914} INFO - Processing file /opt/anaconda3/envs/airflow_env/lib/python3.9/site-packages/airflow/example_dags/example_task_group.py for tasks to queue
[2025-01-01T17:31:35.212-0800] {logging_mixin.py:190} INFO - [2025-01-01T17:31:35.212-0800] {dagbag.py:588} INFO - Filling up the DagBag from /opt/anaconda3/envs/airflow_env/lib/python3.9/site-packages/airflow/example_dags/example_task_group.py
[2025-01-01T17:31:35.236-0800] {processor.py:925} INFO - DAG(s) 'example_task_group' retrieved from /opt/anaconda3/envs/airflow_env/lib/python3.9/site-packages/airflow/example_dags/example_task_group.py
[2025-01-01T17:31:35.376-0800] {logging_mixin.py:190} INFO - [2025-01-01T17:31:35.376-0800] {dag.py:3239} INFO - Sync 1 DAGs
[2025-01-01T17:31:35.390-0800] {logging_mixin.py:190} INFO - [2025-01-01T17:31:35.390-0800] {dag.py:4180} INFO - Setting next_dagrun for example_task_group to None, run_after=None
[2025-01-01T17:31:35.413-0800] {processor.py:208} INFO - Processing /opt/anaconda3/envs/airflow_env/lib/python3.9/site-packages/airflow/example_dags/example_task_group.py took 0.210 seconds
[2025-01-01T17:35:32.497-0800] {processor.py:186} INFO - Started process (PID=29261) to work on /opt/anaconda3/envs/airflow_env/lib/python3.9/site-packages/airflow/example_dags/example_task_group.py
[2025-01-01T17:35:32.500-0800] {processor.py:914} INFO - Processing file /opt/anaconda3/envs/airflow_env/lib/python3.9/site-packages/airflow/example_dags/example_task_group.py for tasks to queue
[2025-01-01T17:35:32.501-0800] {logging_mixin.py:190} INFO - [2025-01-01T17:35:32.501-0800] {dagbag.py:588} INFO - Filling up the DagBag from /opt/anaconda3/envs/airflow_env/lib/python3.9/site-packages/airflow/example_dags/example_task_group.py
[2025-01-01T17:35:32.516-0800] {processor.py:925} INFO - DAG(s) 'example_task_group' retrieved from /opt/anaconda3/envs/airflow_env/lib/python3.9/site-packages/airflow/example_dags/example_task_group.py
[2025-01-01T17:35:32.688-0800] {logging_mixin.py:190} INFO - [2025-01-01T17:35:32.687-0800] {dag.py:3239} INFO - Sync 1 DAGs
[2025-01-01T17:35:32.707-0800] {logging_mixin.py:190} INFO - [2025-01-01T17:35:32.706-0800] {dag.py:4180} INFO - Setting next_dagrun for example_task_group to None, run_after=None
[2025-01-01T17:35:32.733-0800] {processor.py:208} INFO - Processing /opt/anaconda3/envs/airflow_env/lib/python3.9/site-packages/airflow/example_dags/example_task_group.py took 0.242 seconds
[2025-01-01T17:39:07.094-0800] {processor.py:186} INFO - Started process (PID=29565) to work on /opt/anaconda3/envs/airflow_env/lib/python3.9/site-packages/airflow/example_dags/example_task_group.py
[2025-01-01T17:39:07.097-0800] {processor.py:914} INFO - Processing file /opt/anaconda3/envs/airflow_env/lib/python3.9/site-packages/airflow/example_dags/example_task_group.py for tasks to queue
[2025-01-01T17:39:07.098-0800] {logging_mixin.py:190} INFO - [2025-01-01T17:39:07.098-0800] {dagbag.py:588} INFO - Filling up the DagBag from /opt/anaconda3/envs/airflow_env/lib/python3.9/site-packages/airflow/example_dags/example_task_group.py
[2025-01-01T17:39:07.114-0800] {processor.py:925} INFO - DAG(s) 'example_task_group' retrieved from /opt/anaconda3/envs/airflow_env/lib/python3.9/site-packages/airflow/example_dags/example_task_group.py
[2025-01-01T17:39:07.259-0800] {logging_mixin.py:190} INFO - [2025-01-01T17:39:07.259-0800] {dag.py:3239} INFO - Sync 1 DAGs
[2025-01-01T17:39:07.273-0800] {logging_mixin.py:190} INFO - [2025-01-01T17:39:07.273-0800] {dag.py:4180} INFO - Setting next_dagrun for example_task_group to None, run_after=None
[2025-01-01T17:39:07.294-0800] {processor.py:208} INFO - Processing /opt/anaconda3/envs/airflow_env/lib/python3.9/site-packages/airflow/example_dags/example_task_group.py took 0.205 seconds
[2025-01-01T17:51:11.124-0800] {processor.py:186} INFO - Started process (PID=30438) to work on /opt/anaconda3/envs/airflow_env/lib/python3.9/site-packages/airflow/example_dags/example_task_group.py
[2025-01-01T17:51:11.127-0800] {processor.py:914} INFO - Processing file /opt/anaconda3/envs/airflow_env/lib/python3.9/site-packages/airflow/example_dags/example_task_group.py for tasks to queue
[2025-01-01T17:51:11.129-0800] {logging_mixin.py:190} INFO - [2025-01-01T17:51:11.128-0800] {dagbag.py:588} INFO - Filling up the DagBag from /opt/anaconda3/envs/airflow_env/lib/python3.9/site-packages/airflow/example_dags/example_task_group.py
[2025-01-01T17:51:11.143-0800] {processor.py:925} INFO - DAG(s) 'example_task_group' retrieved from /opt/anaconda3/envs/airflow_env/lib/python3.9/site-packages/airflow/example_dags/example_task_group.py
[2025-01-01T17:51:11.279-0800] {logging_mixin.py:190} INFO - [2025-01-01T17:51:11.278-0800] {dag.py:3239} INFO - Sync 1 DAGs
[2025-01-01T17:51:11.293-0800] {logging_mixin.py:190} INFO - [2025-01-01T17:51:11.292-0800] {dag.py:4180} INFO - Setting next_dagrun for example_task_group to None, run_after=None
[2025-01-01T17:51:11.316-0800] {processor.py:208} INFO - Processing /opt/anaconda3/envs/airflow_env/lib/python3.9/site-packages/airflow/example_dags/example_task_group.py took 0.196 seconds
[2025-01-01T18:06:03.259-0800] {processor.py:186} INFO - Started process (PID=31723) to work on /opt/anaconda3/envs/airflow_env/lib/python3.9/site-packages/airflow/example_dags/example_task_group.py
[2025-01-01T18:06:03.272-0800] {processor.py:914} INFO - Processing file /opt/anaconda3/envs/airflow_env/lib/python3.9/site-packages/airflow/example_dags/example_task_group.py for tasks to queue
[2025-01-01T18:06:03.274-0800] {logging_mixin.py:190} INFO - [2025-01-01T18:06:03.273-0800] {dagbag.py:588} INFO - Filling up the DagBag from /opt/anaconda3/envs/airflow_env/lib/python3.9/site-packages/airflow/example_dags/example_task_group.py
[2025-01-01T18:06:03.294-0800] {processor.py:925} INFO - DAG(s) 'example_task_group' retrieved from /opt/anaconda3/envs/airflow_env/lib/python3.9/site-packages/airflow/example_dags/example_task_group.py
[2025-01-01T18:06:03.506-0800] {logging_mixin.py:190} INFO - [2025-01-01T18:06:03.506-0800] {dag.py:3239} INFO - Sync 1 DAGs
[2025-01-01T18:06:03.567-0800] {logging_mixin.py:190} INFO - [2025-01-01T18:06:03.567-0800] {dag.py:4180} INFO - Setting next_dagrun for example_task_group to None, run_after=None
[2025-01-01T18:06:03.607-0800] {processor.py:208} INFO - Processing /opt/anaconda3/envs/airflow_env/lib/python3.9/site-packages/airflow/example_dags/example_task_group.py took 0.362 seconds
[2025-01-01T18:12:31.825-0800] {processor.py:186} INFO - Started process (PID=32358) to work on /opt/anaconda3/envs/airflow_env/lib/python3.9/site-packages/airflow/example_dags/example_task_group.py
[2025-01-01T18:12:31.827-0800] {processor.py:914} INFO - Processing file /opt/anaconda3/envs/airflow_env/lib/python3.9/site-packages/airflow/example_dags/example_task_group.py for tasks to queue
[2025-01-01T18:12:31.830-0800] {logging_mixin.py:190} INFO - [2025-01-01T18:12:31.829-0800] {dagbag.py:588} INFO - Filling up the DagBag from /opt/anaconda3/envs/airflow_env/lib/python3.9/site-packages/airflow/example_dags/example_task_group.py
[2025-01-01T18:12:31.854-0800] {processor.py:925} INFO - DAG(s) 'example_task_group' retrieved from /opt/anaconda3/envs/airflow_env/lib/python3.9/site-packages/airflow/example_dags/example_task_group.py
[2025-01-01T18:12:32.082-0800] {logging_mixin.py:190} INFO - [2025-01-01T18:12:32.081-0800] {dag.py:3239} INFO - Sync 1 DAGs
[2025-01-01T18:12:32.108-0800] {logging_mixin.py:190} INFO - [2025-01-01T18:12:32.108-0800] {dag.py:4180} INFO - Setting next_dagrun for example_task_group to None, run_after=None
[2025-01-01T18:12:32.139-0800] {processor.py:208} INFO - Processing /opt/anaconda3/envs/airflow_env/lib/python3.9/site-packages/airflow/example_dags/example_task_group.py took 0.319 seconds
[2025-01-01T18:16:47.167-0800] {processor.py:186} INFO - Started process (PID=32496) to work on /opt/anaconda3/envs/airflow_env/lib/python3.9/site-packages/airflow/example_dags/example_task_group.py
[2025-01-01T18:16:47.170-0800] {processor.py:914} INFO - Processing file /opt/anaconda3/envs/airflow_env/lib/python3.9/site-packages/airflow/example_dags/example_task_group.py for tasks to queue
[2025-01-01T18:16:47.173-0800] {logging_mixin.py:190} INFO - [2025-01-01T18:16:47.172-0800] {dagbag.py:588} INFO - Filling up the DagBag from /opt/anaconda3/envs/airflow_env/lib/python3.9/site-packages/airflow/example_dags/example_task_group.py
[2025-01-01T18:16:47.187-0800] {processor.py:925} INFO - DAG(s) 'example_task_group' retrieved from /opt/anaconda3/envs/airflow_env/lib/python3.9/site-packages/airflow/example_dags/example_task_group.py
[2025-01-01T18:16:47.386-0800] {logging_mixin.py:190} INFO - [2025-01-01T18:16:47.386-0800] {dag.py:3239} INFO - Sync 1 DAGs
[2025-01-01T18:16:47.406-0800] {logging_mixin.py:190} INFO - [2025-01-01T18:16:47.405-0800] {dag.py:4180} INFO - Setting next_dagrun for example_task_group to None, run_after=None
[2025-01-01T18:16:47.434-0800] {processor.py:208} INFO - Processing /opt/anaconda3/envs/airflow_env/lib/python3.9/site-packages/airflow/example_dags/example_task_group.py took 0.274 seconds
[2025-01-01T18:20:49.928-0800] {processor.py:186} INFO - Started process (PID=32665) to work on /opt/anaconda3/envs/airflow_env/lib/python3.9/site-packages/airflow/example_dags/example_task_group.py
[2025-01-01T18:20:49.931-0800] {processor.py:914} INFO - Processing file /opt/anaconda3/envs/airflow_env/lib/python3.9/site-packages/airflow/example_dags/example_task_group.py for tasks to queue
[2025-01-01T18:20:49.933-0800] {logging_mixin.py:190} INFO - [2025-01-01T18:20:49.932-0800] {dagbag.py:588} INFO - Filling up the DagBag from /opt/anaconda3/envs/airflow_env/lib/python3.9/site-packages/airflow/example_dags/example_task_group.py
[2025-01-01T18:20:49.952-0800] {processor.py:925} INFO - DAG(s) 'example_task_group' retrieved from /opt/anaconda3/envs/airflow_env/lib/python3.9/site-packages/airflow/example_dags/example_task_group.py
[2025-01-01T18:20:50.255-0800] {logging_mixin.py:190} INFO - [2025-01-01T18:20:50.255-0800] {dag.py:3239} INFO - Sync 1 DAGs
[2025-01-01T18:20:50.270-0800] {logging_mixin.py:190} INFO - [2025-01-01T18:20:50.270-0800] {dag.py:4180} INFO - Setting next_dagrun for example_task_group to None, run_after=None
[2025-01-01T18:20:50.294-0800] {processor.py:208} INFO - Processing /opt/anaconda3/envs/airflow_env/lib/python3.9/site-packages/airflow/example_dags/example_task_group.py took 0.371 seconds
[2025-01-01T18:24:24.899-0800] {processor.py:186} INFO - Started process (PID=32876) to work on /opt/anaconda3/envs/airflow_env/lib/python3.9/site-packages/airflow/example_dags/example_task_group.py
[2025-01-01T18:24:24.902-0800] {processor.py:914} INFO - Processing file /opt/anaconda3/envs/airflow_env/lib/python3.9/site-packages/airflow/example_dags/example_task_group.py for tasks to queue
[2025-01-01T18:24:24.905-0800] {logging_mixin.py:190} INFO - [2025-01-01T18:24:24.904-0800] {dagbag.py:588} INFO - Filling up the DagBag from /opt/anaconda3/envs/airflow_env/lib/python3.9/site-packages/airflow/example_dags/example_task_group.py
[2025-01-01T18:24:24.922-0800] {processor.py:925} INFO - DAG(s) 'example_task_group' retrieved from /opt/anaconda3/envs/airflow_env/lib/python3.9/site-packages/airflow/example_dags/example_task_group.py
[2025-01-01T18:24:25.097-0800] {logging_mixin.py:190} INFO - [2025-01-01T18:24:25.097-0800] {dag.py:3239} INFO - Sync 1 DAGs
[2025-01-01T18:24:25.117-0800] {logging_mixin.py:190} INFO - [2025-01-01T18:24:25.116-0800] {dag.py:4180} INFO - Setting next_dagrun for example_task_group to None, run_after=None
[2025-01-01T18:24:25.147-0800] {processor.py:208} INFO - Processing /opt/anaconda3/envs/airflow_env/lib/python3.9/site-packages/airflow/example_dags/example_task_group.py took 0.256 seconds
[2025-01-01T18:27:59.199-0800] {processor.py:186} INFO - Started process (PID=33091) to work on /opt/anaconda3/envs/airflow_env/lib/python3.9/site-packages/airflow/example_dags/example_task_group.py
[2025-01-01T18:27:59.202-0800] {processor.py:914} INFO - Processing file /opt/anaconda3/envs/airflow_env/lib/python3.9/site-packages/airflow/example_dags/example_task_group.py for tasks to queue
[2025-01-01T18:27:59.204-0800] {logging_mixin.py:190} INFO - [2025-01-01T18:27:59.204-0800] {dagbag.py:588} INFO - Filling up the DagBag from /opt/anaconda3/envs/airflow_env/lib/python3.9/site-packages/airflow/example_dags/example_task_group.py
[2025-01-01T18:27:59.225-0800] {processor.py:925} INFO - DAG(s) 'example_task_group' retrieved from /opt/anaconda3/envs/airflow_env/lib/python3.9/site-packages/airflow/example_dags/example_task_group.py
[2025-01-01T18:27:59.380-0800] {logging_mixin.py:190} INFO - [2025-01-01T18:27:59.380-0800] {dag.py:3239} INFO - Sync 1 DAGs
[2025-01-01T18:27:59.395-0800] {logging_mixin.py:190} INFO - [2025-01-01T18:27:59.394-0800] {dag.py:4180} INFO - Setting next_dagrun for example_task_group to None, run_after=None
[2025-01-01T18:27:59.428-0800] {processor.py:208} INFO - Processing /opt/anaconda3/envs/airflow_env/lib/python3.9/site-packages/airflow/example_dags/example_task_group.py took 0.235 seconds
[2025-01-01T18:31:45.946-0800] {processor.py:186} INFO - Started process (PID=33383) to work on /opt/anaconda3/envs/airflow_env/lib/python3.9/site-packages/airflow/example_dags/example_task_group.py
[2025-01-01T18:31:45.948-0800] {processor.py:914} INFO - Processing file /opt/anaconda3/envs/airflow_env/lib/python3.9/site-packages/airflow/example_dags/example_task_group.py for tasks to queue
[2025-01-01T18:31:45.950-0800] {logging_mixin.py:190} INFO - [2025-01-01T18:31:45.949-0800] {dagbag.py:588} INFO - Filling up the DagBag from /opt/anaconda3/envs/airflow_env/lib/python3.9/site-packages/airflow/example_dags/example_task_group.py
[2025-01-01T18:31:45.965-0800] {processor.py:925} INFO - DAG(s) 'example_task_group' retrieved from /opt/anaconda3/envs/airflow_env/lib/python3.9/site-packages/airflow/example_dags/example_task_group.py
[2025-01-01T18:31:46.130-0800] {logging_mixin.py:190} INFO - [2025-01-01T18:31:46.130-0800] {dag.py:3239} INFO - Sync 1 DAGs
[2025-01-01T18:31:46.145-0800] {logging_mixin.py:190} INFO - [2025-01-01T18:31:46.144-0800] {dag.py:4180} INFO - Setting next_dagrun for example_task_group to None, run_after=None
[2025-01-01T18:31:46.166-0800] {processor.py:208} INFO - Processing /opt/anaconda3/envs/airflow_env/lib/python3.9/site-packages/airflow/example_dags/example_task_group.py took 0.225 seconds
[2025-01-01T18:37:21.086-0800] {processor.py:186} INFO - Started process (PID=33660) to work on /opt/anaconda3/envs/airflow_env/lib/python3.9/site-packages/airflow/example_dags/example_task_group.py
[2025-01-01T18:37:21.089-0800] {processor.py:914} INFO - Processing file /opt/anaconda3/envs/airflow_env/lib/python3.9/site-packages/airflow/example_dags/example_task_group.py for tasks to queue
[2025-01-01T18:37:21.090-0800] {logging_mixin.py:190} INFO - [2025-01-01T18:37:21.090-0800] {dagbag.py:588} INFO - Filling up the DagBag from /opt/anaconda3/envs/airflow_env/lib/python3.9/site-packages/airflow/example_dags/example_task_group.py
[2025-01-01T18:37:21.106-0800] {processor.py:925} INFO - DAG(s) 'example_task_group' retrieved from /opt/anaconda3/envs/airflow_env/lib/python3.9/site-packages/airflow/example_dags/example_task_group.py
[2025-01-01T18:37:21.251-0800] {logging_mixin.py:190} INFO - [2025-01-01T18:37:21.251-0800] {dag.py:3239} INFO - Sync 1 DAGs
[2025-01-01T18:37:21.267-0800] {logging_mixin.py:190} INFO - [2025-01-01T18:37:21.267-0800] {dag.py:4180} INFO - Setting next_dagrun for example_task_group to None, run_after=None
[2025-01-01T18:37:21.293-0800] {processor.py:208} INFO - Processing /opt/anaconda3/envs/airflow_env/lib/python3.9/site-packages/airflow/example_dags/example_task_group.py took 0.210 seconds
[2025-01-01T18:56:43.041-0800] {processor.py:186} INFO - Started process (PID=35189) to work on /opt/anaconda3/envs/airflow_env/lib/python3.9/site-packages/airflow/example_dags/example_task_group.py
[2025-01-01T18:56:43.043-0800] {processor.py:914} INFO - Processing file /opt/anaconda3/envs/airflow_env/lib/python3.9/site-packages/airflow/example_dags/example_task_group.py for tasks to queue
[2025-01-01T18:56:43.044-0800] {logging_mixin.py:190} INFO - [2025-01-01T18:56:43.044-0800] {dagbag.py:588} INFO - Filling up the DagBag from /opt/anaconda3/envs/airflow_env/lib/python3.9/site-packages/airflow/example_dags/example_task_group.py
[2025-01-01T18:56:43.055-0800] {processor.py:925} INFO - DAG(s) 'example_task_group' retrieved from /opt/anaconda3/envs/airflow_env/lib/python3.9/site-packages/airflow/example_dags/example_task_group.py
[2025-01-01T18:56:43.182-0800] {logging_mixin.py:190} INFO - [2025-01-01T18:56:43.181-0800] {dag.py:3239} INFO - Sync 1 DAGs
[2025-01-01T18:56:43.197-0800] {logging_mixin.py:190} INFO - [2025-01-01T18:56:43.197-0800] {dag.py:4180} INFO - Setting next_dagrun for example_task_group to None, run_after=None
[2025-01-01T18:56:43.233-0800] {processor.py:208} INFO - Processing /opt/anaconda3/envs/airflow_env/lib/python3.9/site-packages/airflow/example_dags/example_task_group.py took 0.196 seconds
