[2025-01-01T16:12:01.598-0800] {processor.py:186} INFO - Started process (PID=26593) to work on /opt/anaconda3/envs/airflow_env/lib/python3.9/site-packages/airflow/example_dags/example_nested_branch_dag.py
[2025-01-01T16:12:01.599-0800] {processor.py:914} INFO - Processing file /opt/anaconda3/envs/airflow_env/lib/python3.9/site-packages/airflow/example_dags/example_nested_branch_dag.py for tasks to queue
[2025-01-01T16:12:01.600-0800] {logging_mixin.py:190} INFO - [2025-01-01T16:12:01.599-0800] {dagbag.py:588} INFO - Filling up the DagBag from /opt/anaconda3/envs/airflow_env/lib/python3.9/site-packages/airflow/example_dags/example_nested_branch_dag.py
[2025-01-01T16:12:01.647-0800] {processor.py:925} INFO - DAG(s) 'example_nested_branch_dag' retrieved from /opt/anaconda3/envs/airflow_env/lib/python3.9/site-packages/airflow/example_dags/example_nested_branch_dag.py
[2025-01-01T16:12:01.779-0800] {logging_mixin.py:190} INFO - [2025-01-01T16:12:01.778-0800] {dag.py:3239} INFO - Sync 1 DAGs
[2025-01-01T16:12:01.801-0800] {logging_mixin.py:190} INFO - [2025-01-01T16:12:01.800-0800] {dag.py:4180} INFO - Setting next_dagrun for example_nested_branch_dag to 2025-01-01 00:00:00+00:00, run_after=2025-01-02 00:00:00+00:00
[2025-01-01T16:12:01.825-0800] {processor.py:208} INFO - Processing /opt/anaconda3/envs/airflow_env/lib/python3.9/site-packages/airflow/example_dags/example_nested_branch_dag.py took 0.231 seconds
[2025-01-01T16:15:46.991-0800] {processor.py:186} INFO - Started process (PID=26839) to work on /opt/anaconda3/envs/airflow_env/lib/python3.9/site-packages/airflow/example_dags/example_nested_branch_dag.py
[2025-01-01T16:15:46.994-0800] {processor.py:914} INFO - Processing file /opt/anaconda3/envs/airflow_env/lib/python3.9/site-packages/airflow/example_dags/example_nested_branch_dag.py for tasks to queue
[2025-01-01T16:15:46.995-0800] {logging_mixin.py:190} INFO - [2025-01-01T16:15:46.995-0800] {dagbag.py:588} INFO - Filling up the DagBag from /opt/anaconda3/envs/airflow_env/lib/python3.9/site-packages/airflow/example_dags/example_nested_branch_dag.py
[2025-01-01T16:15:47.041-0800] {processor.py:925} INFO - DAG(s) 'example_nested_branch_dag' retrieved from /opt/anaconda3/envs/airflow_env/lib/python3.9/site-packages/airflow/example_dags/example_nested_branch_dag.py
[2025-01-01T16:15:47.180-0800] {logging_mixin.py:190} INFO - [2025-01-01T16:15:47.179-0800] {dag.py:3239} INFO - Sync 1 DAGs
[2025-01-01T16:15:47.201-0800] {logging_mixin.py:190} INFO - [2025-01-01T16:15:47.201-0800] {dag.py:4180} INFO - Setting next_dagrun for example_nested_branch_dag to 2025-01-01 00:00:00+00:00, run_after=2025-01-02 00:00:00+00:00
[2025-01-01T16:15:47.224-0800] {processor.py:208} INFO - Processing /opt/anaconda3/envs/airflow_env/lib/python3.9/site-packages/airflow/example_dags/example_nested_branch_dag.py took 0.237 seconds
[2025-01-01T16:19:38.555-0800] {processor.py:186} INFO - Started process (PID=27064) to work on /opt/anaconda3/envs/airflow_env/lib/python3.9/site-packages/airflow/example_dags/example_nested_branch_dag.py
[2025-01-01T16:19:38.560-0800] {processor.py:914} INFO - Processing file /opt/anaconda3/envs/airflow_env/lib/python3.9/site-packages/airflow/example_dags/example_nested_branch_dag.py for tasks to queue
[2025-01-01T16:19:38.568-0800] {logging_mixin.py:190} INFO - [2025-01-01T16:19:38.567-0800] {dagbag.py:588} INFO - Filling up the DagBag from /opt/anaconda3/envs/airflow_env/lib/python3.9/site-packages/airflow/example_dags/example_nested_branch_dag.py
[2025-01-01T16:19:38.620-0800] {processor.py:925} INFO - DAG(s) 'example_nested_branch_dag' retrieved from /opt/anaconda3/envs/airflow_env/lib/python3.9/site-packages/airflow/example_dags/example_nested_branch_dag.py
[2025-01-01T16:19:38.806-0800] {logging_mixin.py:190} INFO - [2025-01-01T16:19:38.806-0800] {dag.py:3239} INFO - Sync 1 DAGs
[2025-01-01T16:19:38.836-0800] {logging_mixin.py:190} INFO - [2025-01-01T16:19:38.835-0800] {dag.py:4180} INFO - Setting next_dagrun for example_nested_branch_dag to 2025-01-01 00:00:00+00:00, run_after=2025-01-02 00:00:00+00:00
[2025-01-01T16:19:38.862-0800] {processor.py:208} INFO - Processing /opt/anaconda3/envs/airflow_env/lib/python3.9/site-packages/airflow/example_dags/example_nested_branch_dag.py took 0.311 seconds
[2025-01-01T16:23:02.593-0800] {processor.py:186} INFO - Started process (PID=27217) to work on /opt/anaconda3/envs/airflow_env/lib/python3.9/site-packages/airflow/example_dags/example_nested_branch_dag.py
[2025-01-01T16:23:02.596-0800] {processor.py:914} INFO - Processing file /opt/anaconda3/envs/airflow_env/lib/python3.9/site-packages/airflow/example_dags/example_nested_branch_dag.py for tasks to queue
[2025-01-01T16:23:02.598-0800] {logging_mixin.py:190} INFO - [2025-01-01T16:23:02.598-0800] {dagbag.py:588} INFO - Filling up the DagBag from /opt/anaconda3/envs/airflow_env/lib/python3.9/site-packages/airflow/example_dags/example_nested_branch_dag.py
[2025-01-01T16:23:02.653-0800] {processor.py:925} INFO - DAG(s) 'example_nested_branch_dag' retrieved from /opt/anaconda3/envs/airflow_env/lib/python3.9/site-packages/airflow/example_dags/example_nested_branch_dag.py
[2025-01-01T16:23:02.789-0800] {logging_mixin.py:190} INFO - [2025-01-01T16:23:02.788-0800] {dag.py:3239} INFO - Sync 1 DAGs
[2025-01-01T16:23:02.811-0800] {logging_mixin.py:190} INFO - [2025-01-01T16:23:02.811-0800] {dag.py:4180} INFO - Setting next_dagrun for example_nested_branch_dag to 2025-01-01 00:00:00+00:00, run_after=2025-01-02 00:00:00+00:00
[2025-01-01T16:23:02.835-0800] {processor.py:208} INFO - Processing /opt/anaconda3/envs/airflow_env/lib/python3.9/site-packages/airflow/example_dags/example_nested_branch_dag.py took 0.249 seconds
[2025-01-01T16:26:01.586-0800] {processor.py:186} INFO - Started process (PID=27329) to work on /opt/anaconda3/envs/airflow_env/lib/python3.9/site-packages/airflow/example_dags/example_nested_branch_dag.py
[2025-01-01T16:26:01.589-0800] {processor.py:914} INFO - Processing file /opt/anaconda3/envs/airflow_env/lib/python3.9/site-packages/airflow/example_dags/example_nested_branch_dag.py for tasks to queue
[2025-01-01T16:26:01.590-0800] {logging_mixin.py:190} INFO - [2025-01-01T16:26:01.590-0800] {dagbag.py:588} INFO - Filling up the DagBag from /opt/anaconda3/envs/airflow_env/lib/python3.9/site-packages/airflow/example_dags/example_nested_branch_dag.py
[2025-01-01T16:26:01.640-0800] {processor.py:925} INFO - DAG(s) 'example_nested_branch_dag' retrieved from /opt/anaconda3/envs/airflow_env/lib/python3.9/site-packages/airflow/example_dags/example_nested_branch_dag.py
[2025-01-01T16:26:01.778-0800] {logging_mixin.py:190} INFO - [2025-01-01T16:26:01.778-0800] {dag.py:3239} INFO - Sync 1 DAGs
[2025-01-01T16:26:01.799-0800] {logging_mixin.py:190} INFO - [2025-01-01T16:26:01.799-0800] {dag.py:4180} INFO - Setting next_dagrun for example_nested_branch_dag to 2025-01-01 00:00:00+00:00, run_after=2025-01-02 00:00:00+00:00
[2025-01-01T16:26:01.823-0800] {processor.py:208} INFO - Processing /opt/anaconda3/envs/airflow_env/lib/python3.9/site-packages/airflow/example_dags/example_nested_branch_dag.py took 0.241 seconds
[2025-01-01T16:28:54.320-0800] {processor.py:186} INFO - Started process (PID=27432) to work on /opt/anaconda3/envs/airflow_env/lib/python3.9/site-packages/airflow/example_dags/example_nested_branch_dag.py
[2025-01-01T16:28:54.322-0800] {processor.py:914} INFO - Processing file /opt/anaconda3/envs/airflow_env/lib/python3.9/site-packages/airflow/example_dags/example_nested_branch_dag.py for tasks to queue
[2025-01-01T16:28:54.324-0800] {logging_mixin.py:190} INFO - [2025-01-01T16:28:54.323-0800] {dagbag.py:588} INFO - Filling up the DagBag from /opt/anaconda3/envs/airflow_env/lib/python3.9/site-packages/airflow/example_dags/example_nested_branch_dag.py
[2025-01-01T16:28:54.366-0800] {processor.py:925} INFO - DAG(s) 'example_nested_branch_dag' retrieved from /opt/anaconda3/envs/airflow_env/lib/python3.9/site-packages/airflow/example_dags/example_nested_branch_dag.py
[2025-01-01T16:28:54.487-0800] {logging_mixin.py:190} INFO - [2025-01-01T16:28:54.487-0800] {dag.py:3239} INFO - Sync 1 DAGs
[2025-01-01T16:28:54.508-0800] {logging_mixin.py:190} INFO - [2025-01-01T16:28:54.508-0800] {dag.py:4180} INFO - Setting next_dagrun for example_nested_branch_dag to 2025-01-01 00:00:00+00:00, run_after=2025-01-02 00:00:00+00:00
[2025-01-01T16:28:54.537-0800] {processor.py:208} INFO - Processing /opt/anaconda3/envs/airflow_env/lib/python3.9/site-packages/airflow/example_dags/example_nested_branch_dag.py took 0.221 seconds
[2025-01-01T16:31:47.617-0800] {processor.py:186} INFO - Started process (PID=27535) to work on /opt/anaconda3/envs/airflow_env/lib/python3.9/site-packages/airflow/example_dags/example_nested_branch_dag.py
[2025-01-01T16:31:47.620-0800] {processor.py:914} INFO - Processing file /opt/anaconda3/envs/airflow_env/lib/python3.9/site-packages/airflow/example_dags/example_nested_branch_dag.py for tasks to queue
[2025-01-01T16:31:47.622-0800] {logging_mixin.py:190} INFO - [2025-01-01T16:31:47.621-0800] {dagbag.py:588} INFO - Filling up the DagBag from /opt/anaconda3/envs/airflow_env/lib/python3.9/site-packages/airflow/example_dags/example_nested_branch_dag.py
[2025-01-01T16:31:47.665-0800] {processor.py:925} INFO - DAG(s) 'example_nested_branch_dag' retrieved from /opt/anaconda3/envs/airflow_env/lib/python3.9/site-packages/airflow/example_dags/example_nested_branch_dag.py
[2025-01-01T16:31:47.804-0800] {logging_mixin.py:190} INFO - [2025-01-01T16:31:47.804-0800] {dag.py:3239} INFO - Sync 1 DAGs
[2025-01-01T16:31:47.826-0800] {logging_mixin.py:190} INFO - [2025-01-01T16:31:47.825-0800] {dag.py:4180} INFO - Setting next_dagrun for example_nested_branch_dag to 2025-01-01 00:00:00+00:00, run_after=2025-01-02 00:00:00+00:00
[2025-01-01T16:31:47.849-0800] {processor.py:208} INFO - Processing /opt/anaconda3/envs/airflow_env/lib/python3.9/site-packages/airflow/example_dags/example_nested_branch_dag.py took 0.235 seconds
[2025-01-01T17:08:34.123-0800] {processor.py:186} INFO - Started process (PID=27781) to work on /opt/anaconda3/envs/airflow_env/lib/python3.9/site-packages/airflow/example_dags/example_nested_branch_dag.py
[2025-01-01T17:08:34.126-0800] {processor.py:914} INFO - Processing file /opt/anaconda3/envs/airflow_env/lib/python3.9/site-packages/airflow/example_dags/example_nested_branch_dag.py for tasks to queue
[2025-01-01T17:08:34.127-0800] {logging_mixin.py:190} INFO - [2025-01-01T17:08:34.127-0800] {dagbag.py:588} INFO - Filling up the DagBag from /opt/anaconda3/envs/airflow_env/lib/python3.9/site-packages/airflow/example_dags/example_nested_branch_dag.py
[2025-01-01T17:08:34.172-0800] {processor.py:925} INFO - DAG(s) 'example_nested_branch_dag' retrieved from /opt/anaconda3/envs/airflow_env/lib/python3.9/site-packages/airflow/example_dags/example_nested_branch_dag.py
[2025-01-01T17:08:34.307-0800] {logging_mixin.py:190} INFO - [2025-01-01T17:08:34.306-0800] {dag.py:3239} INFO - Sync 1 DAGs
[2025-01-01T17:08:34.328-0800] {logging_mixin.py:190} INFO - [2025-01-01T17:08:34.328-0800] {dag.py:4180} INFO - Setting next_dagrun for example_nested_branch_dag to 2025-01-01 00:00:00+00:00, run_after=2025-01-02 00:00:00+00:00
[2025-01-01T17:08:34.353-0800] {processor.py:208} INFO - Processing /opt/anaconda3/envs/airflow_env/lib/python3.9/site-packages/airflow/example_dags/example_nested_branch_dag.py took 0.235 seconds
[2025-01-01T17:12:39.617-0800] {processor.py:186} INFO - Started process (PID=27927) to work on /opt/anaconda3/envs/airflow_env/lib/python3.9/site-packages/airflow/example_dags/example_nested_branch_dag.py
[2025-01-01T17:12:39.622-0800] {processor.py:914} INFO - Processing file /opt/anaconda3/envs/airflow_env/lib/python3.9/site-packages/airflow/example_dags/example_nested_branch_dag.py for tasks to queue
[2025-01-01T17:12:39.624-0800] {logging_mixin.py:190} INFO - [2025-01-01T17:12:39.623-0800] {dagbag.py:588} INFO - Filling up the DagBag from /opt/anaconda3/envs/airflow_env/lib/python3.9/site-packages/airflow/example_dags/example_nested_branch_dag.py
[2025-01-01T17:12:39.695-0800] {processor.py:925} INFO - DAG(s) 'example_nested_branch_dag' retrieved from /opt/anaconda3/envs/airflow_env/lib/python3.9/site-packages/airflow/example_dags/example_nested_branch_dag.py
[2025-01-01T17:12:39.877-0800] {logging_mixin.py:190} INFO - [2025-01-01T17:12:39.876-0800] {dag.py:3239} INFO - Sync 1 DAGs
[2025-01-01T17:12:39.907-0800] {logging_mixin.py:190} INFO - [2025-01-01T17:12:39.907-0800] {dag.py:4180} INFO - Setting next_dagrun for example_nested_branch_dag to 2025-01-01 00:00:00+00:00, run_after=2025-01-02 00:00:00+00:00
[2025-01-01T17:12:39.932-0800] {processor.py:208} INFO - Processing /opt/anaconda3/envs/airflow_env/lib/python3.9/site-packages/airflow/example_dags/example_nested_branch_dag.py took 0.322 seconds
[2025-01-01T17:16:12.037-0800] {processor.py:186} INFO - Started process (PID=28075) to work on /opt/anaconda3/envs/airflow_env/lib/python3.9/site-packages/airflow/example_dags/example_nested_branch_dag.py
[2025-01-01T17:16:12.040-0800] {processor.py:914} INFO - Processing file /opt/anaconda3/envs/airflow_env/lib/python3.9/site-packages/airflow/example_dags/example_nested_branch_dag.py for tasks to queue
[2025-01-01T17:16:12.042-0800] {logging_mixin.py:190} INFO - [2025-01-01T17:16:12.041-0800] {dagbag.py:588} INFO - Filling up the DagBag from /opt/anaconda3/envs/airflow_env/lib/python3.9/site-packages/airflow/example_dags/example_nested_branch_dag.py
[2025-01-01T17:16:12.093-0800] {processor.py:925} INFO - DAG(s) 'example_nested_branch_dag' retrieved from /opt/anaconda3/envs/airflow_env/lib/python3.9/site-packages/airflow/example_dags/example_nested_branch_dag.py
[2025-01-01T17:16:12.263-0800] {logging_mixin.py:190} INFO - [2025-01-01T17:16:12.262-0800] {dag.py:3239} INFO - Sync 1 DAGs
[2025-01-01T17:16:12.289-0800] {logging_mixin.py:190} INFO - [2025-01-01T17:16:12.289-0800] {dag.py:4180} INFO - Setting next_dagrun for example_nested_branch_dag to 2025-01-01 00:00:00+00:00, run_after=2025-01-02 00:00:00+00:00
[2025-01-01T17:16:12.316-0800] {processor.py:208} INFO - Processing /opt/anaconda3/envs/airflow_env/lib/python3.9/site-packages/airflow/example_dags/example_nested_branch_dag.py took 0.283 seconds
[2025-01-01T17:20:07.234-0800] {processor.py:186} INFO - Started process (PID=28269) to work on /opt/anaconda3/envs/airflow_env/lib/python3.9/site-packages/airflow/example_dags/example_nested_branch_dag.py
[2025-01-01T17:20:07.237-0800] {processor.py:914} INFO - Processing file /opt/anaconda3/envs/airflow_env/lib/python3.9/site-packages/airflow/example_dags/example_nested_branch_dag.py for tasks to queue
[2025-01-01T17:20:07.239-0800] {logging_mixin.py:190} INFO - [2025-01-01T17:20:07.238-0800] {dagbag.py:588} INFO - Filling up the DagBag from /opt/anaconda3/envs/airflow_env/lib/python3.9/site-packages/airflow/example_dags/example_nested_branch_dag.py
[2025-01-01T17:20:07.291-0800] {processor.py:925} INFO - DAG(s) 'example_nested_branch_dag' retrieved from /opt/anaconda3/envs/airflow_env/lib/python3.9/site-packages/airflow/example_dags/example_nested_branch_dag.py
[2025-01-01T17:20:07.424-0800] {logging_mixin.py:190} INFO - [2025-01-01T17:20:07.423-0800] {dag.py:3239} INFO - Sync 1 DAGs
[2025-01-01T17:20:07.471-0800] {logging_mixin.py:190} INFO - [2025-01-01T17:20:07.471-0800] {dag.py:4180} INFO - Setting next_dagrun for example_nested_branch_dag to 2025-01-01 00:00:00+00:00, run_after=2025-01-02 00:00:00+00:00
[2025-01-01T17:20:07.496-0800] {processor.py:208} INFO - Processing /opt/anaconda3/envs/airflow_env/lib/python3.9/site-packages/airflow/example_dags/example_nested_branch_dag.py took 0.266 seconds
[2025-01-01T17:23:56.522-0800] {processor.py:186} INFO - Started process (PID=28452) to work on /opt/anaconda3/envs/airflow_env/lib/python3.9/site-packages/airflow/example_dags/example_nested_branch_dag.py
[2025-01-01T17:23:56.524-0800] {processor.py:914} INFO - Processing file /opt/anaconda3/envs/airflow_env/lib/python3.9/site-packages/airflow/example_dags/example_nested_branch_dag.py for tasks to queue
[2025-01-01T17:23:56.526-0800] {logging_mixin.py:190} INFO - [2025-01-01T17:23:56.525-0800] {dagbag.py:588} INFO - Filling up the DagBag from /opt/anaconda3/envs/airflow_env/lib/python3.9/site-packages/airflow/example_dags/example_nested_branch_dag.py
[2025-01-01T17:23:56.570-0800] {processor.py:925} INFO - DAG(s) 'example_nested_branch_dag' retrieved from /opt/anaconda3/envs/airflow_env/lib/python3.9/site-packages/airflow/example_dags/example_nested_branch_dag.py
[2025-01-01T17:23:56.699-0800] {logging_mixin.py:190} INFO - [2025-01-01T17:23:56.699-0800] {dag.py:3239} INFO - Sync 1 DAGs
[2025-01-01T17:23:56.728-0800] {logging_mixin.py:190} INFO - [2025-01-01T17:23:56.727-0800] {dag.py:4180} INFO - Setting next_dagrun for example_nested_branch_dag to 2025-01-01 00:00:00+00:00, run_after=2025-01-02 00:00:00+00:00
[2025-01-01T17:23:56.770-0800] {processor.py:208} INFO - Processing /opt/anaconda3/envs/airflow_env/lib/python3.9/site-packages/airflow/example_dags/example_nested_branch_dag.py took 0.252 seconds
[2025-01-01T17:32:43.140-0800] {processor.py:186} INFO - Started process (PID=29059) to work on /opt/anaconda3/envs/airflow_env/lib/python3.9/site-packages/airflow/example_dags/example_nested_branch_dag.py
[2025-01-01T17:32:43.142-0800] {processor.py:914} INFO - Processing file /opt/anaconda3/envs/airflow_env/lib/python3.9/site-packages/airflow/example_dags/example_nested_branch_dag.py for tasks to queue
[2025-01-01T17:32:43.144-0800] {logging_mixin.py:190} INFO - [2025-01-01T17:32:43.143-0800] {dagbag.py:588} INFO - Filling up the DagBag from /opt/anaconda3/envs/airflow_env/lib/python3.9/site-packages/airflow/example_dags/example_nested_branch_dag.py
[2025-01-01T17:32:43.190-0800] {processor.py:925} INFO - DAG(s) 'example_nested_branch_dag' retrieved from /opt/anaconda3/envs/airflow_env/lib/python3.9/site-packages/airflow/example_dags/example_nested_branch_dag.py
[2025-01-01T17:32:43.323-0800] {logging_mixin.py:190} INFO - [2025-01-01T17:32:43.323-0800] {dag.py:3239} INFO - Sync 1 DAGs
[2025-01-01T17:32:43.348-0800] {logging_mixin.py:190} INFO - [2025-01-01T17:32:43.347-0800] {dag.py:4180} INFO - Setting next_dagrun for example_nested_branch_dag to 2025-01-01 00:00:00+00:00, run_after=2025-01-02 00:00:00+00:00
[2025-01-01T17:32:43.370-0800] {processor.py:208} INFO - Processing /opt/anaconda3/envs/airflow_env/lib/python3.9/site-packages/airflow/example_dags/example_nested_branch_dag.py took 0.235 seconds
[2025-01-01T17:36:38.752-0800] {processor.py:186} INFO - Started process (PID=29353) to work on /opt/anaconda3/envs/airflow_env/lib/python3.9/site-packages/airflow/example_dags/example_nested_branch_dag.py
[2025-01-01T17:36:38.755-0800] {processor.py:914} INFO - Processing file /opt/anaconda3/envs/airflow_env/lib/python3.9/site-packages/airflow/example_dags/example_nested_branch_dag.py for tasks to queue
[2025-01-01T17:36:38.758-0800] {logging_mixin.py:190} INFO - [2025-01-01T17:36:38.757-0800] {dagbag.py:588} INFO - Filling up the DagBag from /opt/anaconda3/envs/airflow_env/lib/python3.9/site-packages/airflow/example_dags/example_nested_branch_dag.py
[2025-01-01T17:36:38.803-0800] {processor.py:925} INFO - DAG(s) 'example_nested_branch_dag' retrieved from /opt/anaconda3/envs/airflow_env/lib/python3.9/site-packages/airflow/example_dags/example_nested_branch_dag.py
[2025-01-01T17:36:38.952-0800] {logging_mixin.py:190} INFO - [2025-01-01T17:36:38.951-0800] {dag.py:3239} INFO - Sync 1 DAGs
[2025-01-01T17:36:38.978-0800] {logging_mixin.py:190} INFO - [2025-01-01T17:36:38.977-0800] {dag.py:4180} INFO - Setting next_dagrun for example_nested_branch_dag to 2025-01-01 00:00:00+00:00, run_after=2025-01-02 00:00:00+00:00
[2025-01-01T17:36:39.003-0800] {processor.py:208} INFO - Processing /opt/anaconda3/envs/airflow_env/lib/python3.9/site-packages/airflow/example_dags/example_nested_branch_dag.py took 0.259 seconds
[2025-01-01T17:42:57.506-0800] {processor.py:186} INFO - Started process (PID=29916) to work on /opt/anaconda3/envs/airflow_env/lib/python3.9/site-packages/airflow/example_dags/example_nested_branch_dag.py
[2025-01-01T17:42:57.508-0800] {processor.py:914} INFO - Processing file /opt/anaconda3/envs/airflow_env/lib/python3.9/site-packages/airflow/example_dags/example_nested_branch_dag.py for tasks to queue
[2025-01-01T17:42:57.509-0800] {logging_mixin.py:190} INFO - [2025-01-01T17:42:57.509-0800] {dagbag.py:588} INFO - Filling up the DagBag from /opt/anaconda3/envs/airflow_env/lib/python3.9/site-packages/airflow/example_dags/example_nested_branch_dag.py
[2025-01-01T17:42:57.560-0800] {processor.py:925} INFO - DAG(s) 'example_nested_branch_dag' retrieved from /opt/anaconda3/envs/airflow_env/lib/python3.9/site-packages/airflow/example_dags/example_nested_branch_dag.py
[2025-01-01T17:42:57.694-0800] {logging_mixin.py:190} INFO - [2025-01-01T17:42:57.693-0800] {dag.py:3239} INFO - Sync 1 DAGs
[2025-01-01T17:42:57.720-0800] {logging_mixin.py:190} INFO - [2025-01-01T17:42:57.720-0800] {dag.py:4180} INFO - Setting next_dagrun for example_nested_branch_dag to 2025-01-01 00:00:00+00:00, run_after=2025-01-02 00:00:00+00:00
[2025-01-01T17:42:57.744-0800] {processor.py:208} INFO - Processing /opt/anaconda3/envs/airflow_env/lib/python3.9/site-packages/airflow/example_dags/example_nested_branch_dag.py took 0.246 seconds
[2025-01-01T17:55:25.266-0800] {processor.py:186} INFO - Started process (PID=30746) to work on /opt/anaconda3/envs/airflow_env/lib/python3.9/site-packages/airflow/example_dags/example_nested_branch_dag.py
[2025-01-01T17:55:25.268-0800] {processor.py:914} INFO - Processing file /opt/anaconda3/envs/airflow_env/lib/python3.9/site-packages/airflow/example_dags/example_nested_branch_dag.py for tasks to queue
[2025-01-01T17:55:25.270-0800] {logging_mixin.py:190} INFO - [2025-01-01T17:55:25.269-0800] {dagbag.py:588} INFO - Filling up the DagBag from /opt/anaconda3/envs/airflow_env/lib/python3.9/site-packages/airflow/example_dags/example_nested_branch_dag.py
[2025-01-01T17:55:25.316-0800] {processor.py:925} INFO - DAG(s) 'example_nested_branch_dag' retrieved from /opt/anaconda3/envs/airflow_env/lib/python3.9/site-packages/airflow/example_dags/example_nested_branch_dag.py
[2025-01-01T17:55:25.448-0800] {logging_mixin.py:190} INFO - [2025-01-01T17:55:25.447-0800] {dag.py:3239} INFO - Sync 1 DAGs
[2025-01-01T17:55:25.469-0800] {logging_mixin.py:190} INFO - [2025-01-01T17:55:25.469-0800] {dag.py:4180} INFO - Setting next_dagrun for example_nested_branch_dag to 2025-01-01 00:00:00+00:00, run_after=2025-01-02 00:00:00+00:00
[2025-01-01T17:55:25.499-0800] {processor.py:208} INFO - Processing /opt/anaconda3/envs/airflow_env/lib/python3.9/site-packages/airflow/example_dags/example_nested_branch_dag.py took 0.238 seconds
[2025-01-01T18:08:07.102-0800] {processor.py:186} INFO - Started process (PID=32003) to work on /opt/anaconda3/envs/airflow_env/lib/python3.9/site-packages/airflow/example_dags/example_nested_branch_dag.py
[2025-01-01T18:08:07.104-0800] {processor.py:914} INFO - Processing file /opt/anaconda3/envs/airflow_env/lib/python3.9/site-packages/airflow/example_dags/example_nested_branch_dag.py for tasks to queue
[2025-01-01T18:08:07.106-0800] {logging_mixin.py:190} INFO - [2025-01-01T18:08:07.106-0800] {dagbag.py:588} INFO - Filling up the DagBag from /opt/anaconda3/envs/airflow_env/lib/python3.9/site-packages/airflow/example_dags/example_nested_branch_dag.py
[2025-01-01T18:08:07.155-0800] {processor.py:925} INFO - DAG(s) 'example_nested_branch_dag' retrieved from /opt/anaconda3/envs/airflow_env/lib/python3.9/site-packages/airflow/example_dags/example_nested_branch_dag.py
[2025-01-01T18:08:07.368-0800] {logging_mixin.py:190} INFO - [2025-01-01T18:08:07.367-0800] {dag.py:3239} INFO - Sync 1 DAGs
[2025-01-01T18:08:07.410-0800] {logging_mixin.py:190} INFO - [2025-01-01T18:08:07.410-0800] {dag.py:4180} INFO - Setting next_dagrun for example_nested_branch_dag to 2025-01-01 00:00:00+00:00, run_after=2025-01-02 00:00:00+00:00
[2025-01-01T18:08:07.445-0800] {processor.py:208} INFO - Processing /opt/anaconda3/envs/airflow_env/lib/python3.9/site-packages/airflow/example_dags/example_nested_branch_dag.py took 0.347 seconds
[2025-01-01T18:13:48.813-0800] {processor.py:186} INFO - Started process (PID=32400) to work on /opt/anaconda3/envs/airflow_env/lib/python3.9/site-packages/airflow/example_dags/example_nested_branch_dag.py
[2025-01-01T18:13:48.816-0800] {processor.py:914} INFO - Processing file /opt/anaconda3/envs/airflow_env/lib/python3.9/site-packages/airflow/example_dags/example_nested_branch_dag.py for tasks to queue
[2025-01-01T18:13:48.817-0800] {logging_mixin.py:190} INFO - [2025-01-01T18:13:48.817-0800] {dagbag.py:588} INFO - Filling up the DagBag from /opt/anaconda3/envs/airflow_env/lib/python3.9/site-packages/airflow/example_dags/example_nested_branch_dag.py
[2025-01-01T18:13:48.878-0800] {processor.py:925} INFO - DAG(s) 'example_nested_branch_dag' retrieved from /opt/anaconda3/envs/airflow_env/lib/python3.9/site-packages/airflow/example_dags/example_nested_branch_dag.py
[2025-01-01T18:13:49.182-0800] {logging_mixin.py:190} INFO - [2025-01-01T18:13:49.181-0800] {dag.py:3239} INFO - Sync 1 DAGs
[2025-01-01T18:13:49.234-0800] {logging_mixin.py:190} INFO - [2025-01-01T18:13:49.234-0800] {dag.py:4180} INFO - Setting next_dagrun for example_nested_branch_dag to 2025-01-01 00:00:00+00:00, run_after=2025-01-02 00:00:00+00:00
[2025-01-01T18:13:49.297-0800] {processor.py:208} INFO - Processing /opt/anaconda3/envs/airflow_env/lib/python3.9/site-packages/airflow/example_dags/example_nested_branch_dag.py took 0.490 seconds
[2025-01-01T18:18:07.135-0800] {processor.py:186} INFO - Started process (PID=32534) to work on /opt/anaconda3/envs/airflow_env/lib/python3.9/site-packages/airflow/example_dags/example_nested_branch_dag.py
[2025-01-01T18:18:07.138-0800] {processor.py:914} INFO - Processing file /opt/anaconda3/envs/airflow_env/lib/python3.9/site-packages/airflow/example_dags/example_nested_branch_dag.py for tasks to queue
[2025-01-01T18:18:07.140-0800] {logging_mixin.py:190} INFO - [2025-01-01T18:18:07.139-0800] {dagbag.py:588} INFO - Filling up the DagBag from /opt/anaconda3/envs/airflow_env/lib/python3.9/site-packages/airflow/example_dags/example_nested_branch_dag.py
[2025-01-01T18:18:07.201-0800] {processor.py:925} INFO - DAG(s) 'example_nested_branch_dag' retrieved from /opt/anaconda3/envs/airflow_env/lib/python3.9/site-packages/airflow/example_dags/example_nested_branch_dag.py
[2025-01-01T18:18:07.389-0800] {logging_mixin.py:190} INFO - [2025-01-01T18:18:07.389-0800] {dag.py:3239} INFO - Sync 1 DAGs
[2025-01-01T18:18:07.427-0800] {logging_mixin.py:190} INFO - [2025-01-01T18:18:07.427-0800] {dag.py:4180} INFO - Setting next_dagrun for example_nested_branch_dag to 2025-01-01 00:00:00+00:00, run_after=2025-01-02 00:00:00+00:00
[2025-01-01T18:18:07.461-0800] {processor.py:208} INFO - Processing /opt/anaconda3/envs/airflow_env/lib/python3.9/site-packages/airflow/example_dags/example_nested_branch_dag.py took 0.334 seconds
[2025-01-01T18:22:00.848-0800] {processor.py:186} INFO - Started process (PID=32714) to work on /opt/anaconda3/envs/airflow_env/lib/python3.9/site-packages/airflow/example_dags/example_nested_branch_dag.py
[2025-01-01T18:22:00.851-0800] {processor.py:914} INFO - Processing file /opt/anaconda3/envs/airflow_env/lib/python3.9/site-packages/airflow/example_dags/example_nested_branch_dag.py for tasks to queue
[2025-01-01T18:22:00.853-0800] {logging_mixin.py:190} INFO - [2025-01-01T18:22:00.852-0800] {dagbag.py:588} INFO - Filling up the DagBag from /opt/anaconda3/envs/airflow_env/lib/python3.9/site-packages/airflow/example_dags/example_nested_branch_dag.py
[2025-01-01T18:22:00.944-0800] {processor.py:925} INFO - DAG(s) 'example_nested_branch_dag' retrieved from /opt/anaconda3/envs/airflow_env/lib/python3.9/site-packages/airflow/example_dags/example_nested_branch_dag.py
[2025-01-01T18:22:01.150-0800] {logging_mixin.py:190} INFO - [2025-01-01T18:22:01.150-0800] {dag.py:3239} INFO - Sync 1 DAGs
[2025-01-01T18:22:01.184-0800] {logging_mixin.py:190} INFO - [2025-01-01T18:22:01.184-0800] {dag.py:4180} INFO - Setting next_dagrun for example_nested_branch_dag to 2025-01-01 00:00:00+00:00, run_after=2025-01-02 00:00:00+00:00
[2025-01-01T18:22:01.225-0800] {processor.py:208} INFO - Processing /opt/anaconda3/envs/airflow_env/lib/python3.9/site-packages/airflow/example_dags/example_nested_branch_dag.py took 0.384 seconds
[2025-01-01T18:25:36.851-0800] {processor.py:186} INFO - Started process (PID=32929) to work on /opt/anaconda3/envs/airflow_env/lib/python3.9/site-packages/airflow/example_dags/example_nested_branch_dag.py
[2025-01-01T18:25:36.857-0800] {processor.py:914} INFO - Processing file /opt/anaconda3/envs/airflow_env/lib/python3.9/site-packages/airflow/example_dags/example_nested_branch_dag.py for tasks to queue
[2025-01-01T18:25:36.858-0800] {logging_mixin.py:190} INFO - [2025-01-01T18:25:36.858-0800] {dagbag.py:588} INFO - Filling up the DagBag from /opt/anaconda3/envs/airflow_env/lib/python3.9/site-packages/airflow/example_dags/example_nested_branch_dag.py
[2025-01-01T18:25:36.907-0800] {processor.py:925} INFO - DAG(s) 'example_nested_branch_dag' retrieved from /opt/anaconda3/envs/airflow_env/lib/python3.9/site-packages/airflow/example_dags/example_nested_branch_dag.py
[2025-01-01T18:25:37.114-0800] {logging_mixin.py:190} INFO - [2025-01-01T18:25:37.113-0800] {dag.py:3239} INFO - Sync 1 DAGs
[2025-01-01T18:25:37.145-0800] {logging_mixin.py:190} INFO - [2025-01-01T18:25:37.145-0800] {dag.py:4180} INFO - Setting next_dagrun for example_nested_branch_dag to 2025-01-01 00:00:00+00:00, run_after=2025-01-02 00:00:00+00:00
[2025-01-01T18:25:37.169-0800] {processor.py:208} INFO - Processing /opt/anaconda3/envs/airflow_env/lib/python3.9/site-packages/airflow/example_dags/example_nested_branch_dag.py took 0.326 seconds
[2025-01-01T18:29:06.795-0800] {processor.py:186} INFO - Started process (PID=33204) to work on /opt/anaconda3/envs/airflow_env/lib/python3.9/site-packages/airflow/example_dags/example_nested_branch_dag.py
[2025-01-01T18:29:06.797-0800] {processor.py:914} INFO - Processing file /opt/anaconda3/envs/airflow_env/lib/python3.9/site-packages/airflow/example_dags/example_nested_branch_dag.py for tasks to queue
[2025-01-01T18:29:06.799-0800] {logging_mixin.py:190} INFO - [2025-01-01T18:29:06.799-0800] {dagbag.py:588} INFO - Filling up the DagBag from /opt/anaconda3/envs/airflow_env/lib/python3.9/site-packages/airflow/example_dags/example_nested_branch_dag.py
[2025-01-01T18:29:06.843-0800] {processor.py:925} INFO - DAG(s) 'example_nested_branch_dag' retrieved from /opt/anaconda3/envs/airflow_env/lib/python3.9/site-packages/airflow/example_dags/example_nested_branch_dag.py
[2025-01-01T18:29:07.007-0800] {logging_mixin.py:190} INFO - [2025-01-01T18:29:07.006-0800] {dag.py:3239} INFO - Sync 1 DAGs
[2025-01-01T18:29:07.038-0800] {logging_mixin.py:190} INFO - [2025-01-01T18:29:07.038-0800] {dag.py:4180} INFO - Setting next_dagrun for example_nested_branch_dag to 2025-01-01 00:00:00+00:00, run_after=2025-01-02 00:00:00+00:00
[2025-01-01T18:29:07.065-0800] {processor.py:208} INFO - Processing /opt/anaconda3/envs/airflow_env/lib/python3.9/site-packages/airflow/example_dags/example_nested_branch_dag.py took 0.274 seconds
[2025-01-01T18:32:48.561-0800] {processor.py:186} INFO - Started process (PID=33417) to work on /opt/anaconda3/envs/airflow_env/lib/python3.9/site-packages/airflow/example_dags/example_nested_branch_dag.py
[2025-01-01T18:32:48.564-0800] {processor.py:914} INFO - Processing file /opt/anaconda3/envs/airflow_env/lib/python3.9/site-packages/airflow/example_dags/example_nested_branch_dag.py for tasks to queue
[2025-01-01T18:32:48.565-0800] {logging_mixin.py:190} INFO - [2025-01-01T18:32:48.565-0800] {dagbag.py:588} INFO - Filling up the DagBag from /opt/anaconda3/envs/airflow_env/lib/python3.9/site-packages/airflow/example_dags/example_nested_branch_dag.py
[2025-01-01T18:32:48.618-0800] {processor.py:925} INFO - DAG(s) 'example_nested_branch_dag' retrieved from /opt/anaconda3/envs/airflow_env/lib/python3.9/site-packages/airflow/example_dags/example_nested_branch_dag.py
[2025-01-01T18:32:48.760-0800] {logging_mixin.py:190} INFO - [2025-01-01T18:32:48.759-0800] {dag.py:3239} INFO - Sync 1 DAGs
[2025-01-01T18:32:48.789-0800] {logging_mixin.py:190} INFO - [2025-01-01T18:32:48.789-0800] {dag.py:4180} INFO - Setting next_dagrun for example_nested_branch_dag to 2025-01-01 00:00:00+00:00, run_after=2025-01-02 00:00:00+00:00
[2025-01-01T18:32:48.820-0800] {processor.py:208} INFO - Processing /opt/anaconda3/envs/airflow_env/lib/python3.9/site-packages/airflow/example_dags/example_nested_branch_dag.py took 0.262 seconds
[2025-01-01T18:38:31.035-0800] {processor.py:186} INFO - Started process (PID=33733) to work on /opt/anaconda3/envs/airflow_env/lib/python3.9/site-packages/airflow/example_dags/example_nested_branch_dag.py
[2025-01-01T18:38:31.037-0800] {processor.py:914} INFO - Processing file /opt/anaconda3/envs/airflow_env/lib/python3.9/site-packages/airflow/example_dags/example_nested_branch_dag.py for tasks to queue
[2025-01-01T18:38:31.038-0800] {logging_mixin.py:190} INFO - [2025-01-01T18:38:31.038-0800] {dagbag.py:588} INFO - Filling up the DagBag from /opt/anaconda3/envs/airflow_env/lib/python3.9/site-packages/airflow/example_dags/example_nested_branch_dag.py
[2025-01-01T18:38:31.096-0800] {processor.py:925} INFO - DAG(s) 'example_nested_branch_dag' retrieved from /opt/anaconda3/envs/airflow_env/lib/python3.9/site-packages/airflow/example_dags/example_nested_branch_dag.py
[2025-01-01T18:38:31.230-0800] {logging_mixin.py:190} INFO - [2025-01-01T18:38:31.230-0800] {dag.py:3239} INFO - Sync 1 DAGs
[2025-01-01T18:38:31.272-0800] {logging_mixin.py:190} INFO - [2025-01-01T18:38:31.271-0800] {dag.py:4180} INFO - Setting next_dagrun for example_nested_branch_dag to 2025-01-01 00:00:00+00:00, run_after=2025-01-02 00:00:00+00:00
[2025-01-01T18:38:31.299-0800] {processor.py:208} INFO - Processing /opt/anaconda3/envs/airflow_env/lib/python3.9/site-packages/airflow/example_dags/example_nested_branch_dag.py took 0.269 seconds
