[2025-01-01T16:11:28.416-0800] {processor.py:186} INFO - Started process (PID=26575) to work on /opt/anaconda3/envs/airflow_env/lib/python3.9/site-packages/airflow/example_dags/example_setup_teardown.py
[2025-01-01T16:11:28.418-0800] {processor.py:914} INFO - Processing file /opt/anaconda3/envs/airflow_env/lib/python3.9/site-packages/airflow/example_dags/example_setup_teardown.py for tasks to queue
[2025-01-01T16:11:28.419-0800] {logging_mixin.py:190} INFO - [2025-01-01T16:11:28.418-0800] {dagbag.py:588} INFO - Filling up the DagBag from /opt/anaconda3/envs/airflow_env/lib/python3.9/site-packages/airflow/example_dags/example_setup_teardown.py
[2025-01-01T16:11:28.430-0800] {processor.py:925} INFO - DAG(s) 'example_setup_teardown' retrieved from /opt/anaconda3/envs/airflow_env/lib/python3.9/site-packages/airflow/example_dags/example_setup_teardown.py
[2025-01-01T16:11:28.585-0800] {logging_mixin.py:190} INFO - [2025-01-01T16:11:28.585-0800] {dag.py:3239} INFO - Sync 1 DAGs
[2025-01-01T16:11:28.600-0800] {logging_mixin.py:190} INFO - [2025-01-01T16:11:28.599-0800] {dag.py:4180} INFO - Setting next_dagrun for example_setup_teardown to None, run_after=None
[2025-01-01T16:11:28.625-0800] {processor.py:208} INFO - Processing /opt/anaconda3/envs/airflow_env/lib/python3.9/site-packages/airflow/example_dags/example_setup_teardown.py took 0.213 seconds
[2025-01-01T16:15:07.819-0800] {processor.py:186} INFO - Started process (PID=26808) to work on /opt/anaconda3/envs/airflow_env/lib/python3.9/site-packages/airflow/example_dags/example_setup_teardown.py
[2025-01-01T16:15:07.821-0800] {processor.py:914} INFO - Processing file /opt/anaconda3/envs/airflow_env/lib/python3.9/site-packages/airflow/example_dags/example_setup_teardown.py for tasks to queue
[2025-01-01T16:15:07.827-0800] {logging_mixin.py:190} INFO - [2025-01-01T16:15:07.827-0800] {dagbag.py:588} INFO - Filling up the DagBag from /opt/anaconda3/envs/airflow_env/lib/python3.9/site-packages/airflow/example_dags/example_setup_teardown.py
[2025-01-01T16:15:07.845-0800] {processor.py:925} INFO - DAG(s) 'example_setup_teardown' retrieved from /opt/anaconda3/envs/airflow_env/lib/python3.9/site-packages/airflow/example_dags/example_setup_teardown.py
[2025-01-01T16:15:08.303-0800] {logging_mixin.py:190} INFO - [2025-01-01T16:15:08.303-0800] {dag.py:3239} INFO - Sync 1 DAGs
[2025-01-01T16:15:08.336-0800] {logging_mixin.py:190} INFO - [2025-01-01T16:15:08.335-0800] {dag.py:4180} INFO - Setting next_dagrun for example_setup_teardown to None, run_after=None
[2025-01-01T16:15:08.461-0800] {processor.py:208} INFO - Processing /opt/anaconda3/envs/airflow_env/lib/python3.9/site-packages/airflow/example_dags/example_setup_teardown.py took 0.651 seconds
[2025-01-01T16:18:53.833-0800] {processor.py:186} INFO - Started process (PID=27030) to work on /opt/anaconda3/envs/airflow_env/lib/python3.9/site-packages/airflow/example_dags/example_setup_teardown.py
[2025-01-01T16:18:53.835-0800] {processor.py:914} INFO - Processing file /opt/anaconda3/envs/airflow_env/lib/python3.9/site-packages/airflow/example_dags/example_setup_teardown.py for tasks to queue
[2025-01-01T16:18:53.836-0800] {logging_mixin.py:190} INFO - [2025-01-01T16:18:53.836-0800] {dagbag.py:588} INFO - Filling up the DagBag from /opt/anaconda3/envs/airflow_env/lib/python3.9/site-packages/airflow/example_dags/example_setup_teardown.py
[2025-01-01T16:18:53.848-0800] {processor.py:925} INFO - DAG(s) 'example_setup_teardown' retrieved from /opt/anaconda3/envs/airflow_env/lib/python3.9/site-packages/airflow/example_dags/example_setup_teardown.py
[2025-01-01T16:18:53.993-0800] {logging_mixin.py:190} INFO - [2025-01-01T16:18:53.993-0800] {dag.py:3239} INFO - Sync 1 DAGs
[2025-01-01T16:18:54.008-0800] {logging_mixin.py:190} INFO - [2025-01-01T16:18:54.007-0800] {dag.py:4180} INFO - Setting next_dagrun for example_setup_teardown to None, run_after=None
[2025-01-01T16:18:54.029-0800] {processor.py:208} INFO - Processing /opt/anaconda3/envs/airflow_env/lib/python3.9/site-packages/airflow/example_dags/example_setup_teardown.py took 0.201 seconds
[2025-01-01T16:22:29.350-0800] {processor.py:186} INFO - Started process (PID=27198) to work on /opt/anaconda3/envs/airflow_env/lib/python3.9/site-packages/airflow/example_dags/example_setup_teardown.py
[2025-01-01T16:22:29.353-0800] {processor.py:914} INFO - Processing file /opt/anaconda3/envs/airflow_env/lib/python3.9/site-packages/airflow/example_dags/example_setup_teardown.py for tasks to queue
[2025-01-01T16:22:29.354-0800] {logging_mixin.py:190} INFO - [2025-01-01T16:22:29.354-0800] {dagbag.py:588} INFO - Filling up the DagBag from /opt/anaconda3/envs/airflow_env/lib/python3.9/site-packages/airflow/example_dags/example_setup_teardown.py
[2025-01-01T16:22:29.366-0800] {processor.py:925} INFO - DAG(s) 'example_setup_teardown' retrieved from /opt/anaconda3/envs/airflow_env/lib/python3.9/site-packages/airflow/example_dags/example_setup_teardown.py
[2025-01-01T16:22:29.522-0800] {logging_mixin.py:190} INFO - [2025-01-01T16:22:29.522-0800] {dag.py:3239} INFO - Sync 1 DAGs
[2025-01-01T16:22:29.537-0800] {logging_mixin.py:190} INFO - [2025-01-01T16:22:29.537-0800] {dag.py:4180} INFO - Setting next_dagrun for example_setup_teardown to None, run_after=None
[2025-01-01T16:22:29.561-0800] {processor.py:208} INFO - Processing /opt/anaconda3/envs/airflow_env/lib/python3.9/site-packages/airflow/example_dags/example_setup_teardown.py took 0.215 seconds
[2025-01-01T16:25:28.972-0800] {processor.py:186} INFO - Started process (PID=27311) to work on /opt/anaconda3/envs/airflow_env/lib/python3.9/site-packages/airflow/example_dags/example_setup_teardown.py
[2025-01-01T16:25:28.974-0800] {processor.py:914} INFO - Processing file /opt/anaconda3/envs/airflow_env/lib/python3.9/site-packages/airflow/example_dags/example_setup_teardown.py for tasks to queue
[2025-01-01T16:25:28.975-0800] {logging_mixin.py:190} INFO - [2025-01-01T16:25:28.975-0800] {dagbag.py:588} INFO - Filling up the DagBag from /opt/anaconda3/envs/airflow_env/lib/python3.9/site-packages/airflow/example_dags/example_setup_teardown.py
[2025-01-01T16:25:28.985-0800] {processor.py:925} INFO - DAG(s) 'example_setup_teardown' retrieved from /opt/anaconda3/envs/airflow_env/lib/python3.9/site-packages/airflow/example_dags/example_setup_teardown.py
[2025-01-01T16:25:29.118-0800] {logging_mixin.py:190} INFO - [2025-01-01T16:25:29.118-0800] {dag.py:3239} INFO - Sync 1 DAGs
[2025-01-01T16:25:29.133-0800] {logging_mixin.py:190} INFO - [2025-01-01T16:25:29.132-0800] {dag.py:4180} INFO - Setting next_dagrun for example_setup_teardown to None, run_after=None
[2025-01-01T16:25:29.158-0800] {processor.py:208} INFO - Processing /opt/anaconda3/envs/airflow_env/lib/python3.9/site-packages/airflow/example_dags/example_setup_teardown.py took 0.190 seconds
[2025-01-01T16:28:20.936-0800] {processor.py:186} INFO - Started process (PID=27411) to work on /opt/anaconda3/envs/airflow_env/lib/python3.9/site-packages/airflow/example_dags/example_setup_teardown.py
[2025-01-01T16:28:20.939-0800] {processor.py:914} INFO - Processing file /opt/anaconda3/envs/airflow_env/lib/python3.9/site-packages/airflow/example_dags/example_setup_teardown.py for tasks to queue
[2025-01-01T16:28:20.940-0800] {logging_mixin.py:190} INFO - [2025-01-01T16:28:20.940-0800] {dagbag.py:588} INFO - Filling up the DagBag from /opt/anaconda3/envs/airflow_env/lib/python3.9/site-packages/airflow/example_dags/example_setup_teardown.py
[2025-01-01T16:28:20.951-0800] {processor.py:925} INFO - DAG(s) 'example_setup_teardown' retrieved from /opt/anaconda3/envs/airflow_env/lib/python3.9/site-packages/airflow/example_dags/example_setup_teardown.py
[2025-01-01T16:28:21.091-0800] {logging_mixin.py:190} INFO - [2025-01-01T16:28:21.091-0800] {dag.py:3239} INFO - Sync 1 DAGs
[2025-01-01T16:28:21.106-0800] {logging_mixin.py:190} INFO - [2025-01-01T16:28:21.106-0800] {dag.py:4180} INFO - Setting next_dagrun for example_setup_teardown to None, run_after=None
[2025-01-01T16:28:21.135-0800] {processor.py:208} INFO - Processing /opt/anaconda3/envs/airflow_env/lib/python3.9/site-packages/airflow/example_dags/example_setup_teardown.py took 0.202 seconds
[2025-01-01T16:31:14.389-0800] {processor.py:186} INFO - Started process (PID=27515) to work on /opt/anaconda3/envs/airflow_env/lib/python3.9/site-packages/airflow/example_dags/example_setup_teardown.py
[2025-01-01T16:31:14.391-0800] {processor.py:914} INFO - Processing file /opt/anaconda3/envs/airflow_env/lib/python3.9/site-packages/airflow/example_dags/example_setup_teardown.py for tasks to queue
[2025-01-01T16:31:14.393-0800] {logging_mixin.py:190} INFO - [2025-01-01T16:31:14.392-0800] {dagbag.py:588} INFO - Filling up the DagBag from /opt/anaconda3/envs/airflow_env/lib/python3.9/site-packages/airflow/example_dags/example_setup_teardown.py
[2025-01-01T16:31:14.404-0800] {processor.py:925} INFO - DAG(s) 'example_setup_teardown' retrieved from /opt/anaconda3/envs/airflow_env/lib/python3.9/site-packages/airflow/example_dags/example_setup_teardown.py
[2025-01-01T16:31:14.565-0800] {logging_mixin.py:190} INFO - [2025-01-01T16:31:14.565-0800] {dag.py:3239} INFO - Sync 1 DAGs
[2025-01-01T16:31:14.580-0800] {logging_mixin.py:190} INFO - [2025-01-01T16:31:14.580-0800] {dag.py:4180} INFO - Setting next_dagrun for example_setup_teardown to None, run_after=None
[2025-01-01T16:31:14.603-0800] {processor.py:208} INFO - Processing /opt/anaconda3/envs/airflow_env/lib/python3.9/site-packages/airflow/example_dags/example_setup_teardown.py took 0.218 seconds
[2025-01-01T17:07:45.510-0800] {processor.py:186} INFO - Started process (PID=27754) to work on /opt/anaconda3/envs/airflow_env/lib/python3.9/site-packages/airflow/example_dags/example_setup_teardown.py
[2025-01-01T17:07:45.513-0800] {processor.py:914} INFO - Processing file /opt/anaconda3/envs/airflow_env/lib/python3.9/site-packages/airflow/example_dags/example_setup_teardown.py for tasks to queue
[2025-01-01T17:07:45.514-0800] {logging_mixin.py:190} INFO - [2025-01-01T17:07:45.514-0800] {dagbag.py:588} INFO - Filling up the DagBag from /opt/anaconda3/envs/airflow_env/lib/python3.9/site-packages/airflow/example_dags/example_setup_teardown.py
[2025-01-01T17:07:45.526-0800] {processor.py:925} INFO - DAG(s) 'example_setup_teardown' retrieved from /opt/anaconda3/envs/airflow_env/lib/python3.9/site-packages/airflow/example_dags/example_setup_teardown.py
[2025-01-01T17:07:45.666-0800] {logging_mixin.py:190} INFO - [2025-01-01T17:07:45.665-0800] {dag.py:3239} INFO - Sync 1 DAGs
[2025-01-01T17:07:45.684-0800] {logging_mixin.py:190} INFO - [2025-01-01T17:07:45.684-0800] {dag.py:4180} INFO - Setting next_dagrun for example_setup_teardown to None, run_after=None
[2025-01-01T17:07:45.710-0800] {processor.py:208} INFO - Processing /opt/anaconda3/envs/airflow_env/lib/python3.9/site-packages/airflow/example_dags/example_setup_teardown.py took 0.204 seconds
[2025-01-01T17:11:57.106-0800] {processor.py:186} INFO - Started process (PID=27905) to work on /opt/anaconda3/envs/airflow_env/lib/python3.9/site-packages/airflow/example_dags/example_setup_teardown.py
[2025-01-01T17:11:57.109-0800] {processor.py:914} INFO - Processing file /opt/anaconda3/envs/airflow_env/lib/python3.9/site-packages/airflow/example_dags/example_setup_teardown.py for tasks to queue
[2025-01-01T17:11:57.111-0800] {logging_mixin.py:190} INFO - [2025-01-01T17:11:57.110-0800] {dagbag.py:588} INFO - Filling up the DagBag from /opt/anaconda3/envs/airflow_env/lib/python3.9/site-packages/airflow/example_dags/example_setup_teardown.py
[2025-01-01T17:11:57.122-0800] {processor.py:925} INFO - DAG(s) 'example_setup_teardown' retrieved from /opt/anaconda3/envs/airflow_env/lib/python3.9/site-packages/airflow/example_dags/example_setup_teardown.py
[2025-01-01T17:11:57.263-0800] {logging_mixin.py:190} INFO - [2025-01-01T17:11:57.262-0800] {dag.py:3239} INFO - Sync 1 DAGs
[2025-01-01T17:11:57.277-0800] {logging_mixin.py:190} INFO - [2025-01-01T17:11:57.276-0800] {dag.py:4180} INFO - Setting next_dagrun for example_setup_teardown to None, run_after=None
[2025-01-01T17:11:57.299-0800] {processor.py:208} INFO - Processing /opt/anaconda3/envs/airflow_env/lib/python3.9/site-packages/airflow/example_dags/example_setup_teardown.py took 0.197 seconds
[2025-01-01T17:15:34.865-0800] {processor.py:186} INFO - Started process (PID=28051) to work on /opt/anaconda3/envs/airflow_env/lib/python3.9/site-packages/airflow/example_dags/example_setup_teardown.py
[2025-01-01T17:15:34.868-0800] {processor.py:914} INFO - Processing file /opt/anaconda3/envs/airflow_env/lib/python3.9/site-packages/airflow/example_dags/example_setup_teardown.py for tasks to queue
[2025-01-01T17:15:34.869-0800] {logging_mixin.py:190} INFO - [2025-01-01T17:15:34.869-0800] {dagbag.py:588} INFO - Filling up the DagBag from /opt/anaconda3/envs/airflow_env/lib/python3.9/site-packages/airflow/example_dags/example_setup_teardown.py
[2025-01-01T17:15:34.881-0800] {processor.py:925} INFO - DAG(s) 'example_setup_teardown' retrieved from /opt/anaconda3/envs/airflow_env/lib/python3.9/site-packages/airflow/example_dags/example_setup_teardown.py
[2025-01-01T17:15:35.024-0800] {logging_mixin.py:190} INFO - [2025-01-01T17:15:35.024-0800] {dag.py:3239} INFO - Sync 1 DAGs
[2025-01-01T17:15:35.039-0800] {logging_mixin.py:190} INFO - [2025-01-01T17:15:35.039-0800] {dag.py:4180} INFO - Setting next_dagrun for example_setup_teardown to None, run_after=None
[2025-01-01T17:15:35.062-0800] {processor.py:208} INFO - Processing /opt/anaconda3/envs/airflow_env/lib/python3.9/site-packages/airflow/example_dags/example_setup_teardown.py took 0.203 seconds
[2025-01-01T17:19:20.329-0800] {processor.py:186} INFO - Started process (PID=28240) to work on /opt/anaconda3/envs/airflow_env/lib/python3.9/site-packages/airflow/example_dags/example_setup_teardown.py
[2025-01-01T17:19:20.331-0800] {processor.py:914} INFO - Processing file /opt/anaconda3/envs/airflow_env/lib/python3.9/site-packages/airflow/example_dags/example_setup_teardown.py for tasks to queue
[2025-01-01T17:19:20.332-0800] {logging_mixin.py:190} INFO - [2025-01-01T17:19:20.332-0800] {dagbag.py:588} INFO - Filling up the DagBag from /opt/anaconda3/envs/airflow_env/lib/python3.9/site-packages/airflow/example_dags/example_setup_teardown.py
[2025-01-01T17:19:20.345-0800] {processor.py:925} INFO - DAG(s) 'example_setup_teardown' retrieved from /opt/anaconda3/envs/airflow_env/lib/python3.9/site-packages/airflow/example_dags/example_setup_teardown.py
[2025-01-01T17:19:20.496-0800] {logging_mixin.py:190} INFO - [2025-01-01T17:19:20.496-0800] {dag.py:3239} INFO - Sync 1 DAGs
[2025-01-01T17:19:20.512-0800] {logging_mixin.py:190} INFO - [2025-01-01T17:19:20.512-0800] {dag.py:4180} INFO - Setting next_dagrun for example_setup_teardown to None, run_after=None
[2025-01-01T17:19:20.538-0800] {processor.py:208} INFO - Processing /opt/anaconda3/envs/airflow_env/lib/python3.9/site-packages/airflow/example_dags/example_setup_teardown.py took 0.214 seconds
[2025-01-01T17:23:15.118-0800] {processor.py:186} INFO - Started process (PID=28416) to work on /opt/anaconda3/envs/airflow_env/lib/python3.9/site-packages/airflow/example_dags/example_setup_teardown.py
[2025-01-01T17:23:15.120-0800] {processor.py:914} INFO - Processing file /opt/anaconda3/envs/airflow_env/lib/python3.9/site-packages/airflow/example_dags/example_setup_teardown.py for tasks to queue
[2025-01-01T17:23:15.121-0800] {logging_mixin.py:190} INFO - [2025-01-01T17:23:15.121-0800] {dagbag.py:588} INFO - Filling up the DagBag from /opt/anaconda3/envs/airflow_env/lib/python3.9/site-packages/airflow/example_dags/example_setup_teardown.py
[2025-01-01T17:23:15.133-0800] {processor.py:925} INFO - DAG(s) 'example_setup_teardown' retrieved from /opt/anaconda3/envs/airflow_env/lib/python3.9/site-packages/airflow/example_dags/example_setup_teardown.py
[2025-01-01T17:23:15.284-0800] {logging_mixin.py:190} INFO - [2025-01-01T17:23:15.283-0800] {dag.py:3239} INFO - Sync 1 DAGs
[2025-01-01T17:23:15.303-0800] {logging_mixin.py:190} INFO - [2025-01-01T17:23:15.302-0800] {dag.py:4180} INFO - Setting next_dagrun for example_setup_teardown to None, run_after=None
[2025-01-01T17:23:15.327-0800] {processor.py:208} INFO - Processing /opt/anaconda3/envs/airflow_env/lib/python3.9/site-packages/airflow/example_dags/example_setup_teardown.py took 0.214 seconds
[2025-01-01T17:28:06.718-0800] {processor.py:186} INFO - Started process (PID=28644) to work on /opt/anaconda3/envs/airflow_env/lib/python3.9/site-packages/airflow/example_dags/example_setup_teardown.py
[2025-01-01T17:28:06.723-0800] {processor.py:914} INFO - Processing file /opt/anaconda3/envs/airflow_env/lib/python3.9/site-packages/airflow/example_dags/example_setup_teardown.py for tasks to queue
[2025-01-01T17:28:06.725-0800] {logging_mixin.py:190} INFO - [2025-01-01T17:28:06.724-0800] {dagbag.py:588} INFO - Filling up the DagBag from /opt/anaconda3/envs/airflow_env/lib/python3.9/site-packages/airflow/example_dags/example_setup_teardown.py
[2025-01-01T17:28:06.744-0800] {processor.py:925} INFO - DAG(s) 'example_setup_teardown' retrieved from /opt/anaconda3/envs/airflow_env/lib/python3.9/site-packages/airflow/example_dags/example_setup_teardown.py
[2025-01-01T17:32:03.298-0800] {processor.py:186} INFO - Started process (PID=29036) to work on /opt/anaconda3/envs/airflow_env/lib/python3.9/site-packages/airflow/example_dags/example_setup_teardown.py
[2025-01-01T17:32:03.300-0800] {processor.py:914} INFO - Processing file /opt/anaconda3/envs/airflow_env/lib/python3.9/site-packages/airflow/example_dags/example_setup_teardown.py for tasks to queue
[2025-01-01T17:32:03.302-0800] {logging_mixin.py:190} INFO - [2025-01-01T17:32:03.301-0800] {dagbag.py:588} INFO - Filling up the DagBag from /opt/anaconda3/envs/airflow_env/lib/python3.9/site-packages/airflow/example_dags/example_setup_teardown.py
[2025-01-01T17:32:03.315-0800] {processor.py:925} INFO - DAG(s) 'example_setup_teardown' retrieved from /opt/anaconda3/envs/airflow_env/lib/python3.9/site-packages/airflow/example_dags/example_setup_teardown.py
[2025-01-01T17:32:03.467-0800] {logging_mixin.py:190} INFO - [2025-01-01T17:32:03.467-0800] {dag.py:3239} INFO - Sync 1 DAGs
[2025-01-01T17:32:03.481-0800] {logging_mixin.py:190} INFO - [2025-01-01T17:32:03.481-0800] {dag.py:4180} INFO - Setting next_dagrun for example_setup_teardown to None, run_after=None
[2025-01-01T17:32:03.504-0800] {processor.py:208} INFO - Processing /opt/anaconda3/envs/airflow_env/lib/python3.9/site-packages/airflow/example_dags/example_setup_teardown.py took 0.211 seconds
[2025-01-01T17:36:00.974-0800] {processor.py:186} INFO - Started process (PID=29278) to work on /opt/anaconda3/envs/airflow_env/lib/python3.9/site-packages/airflow/example_dags/example_setup_teardown.py
[2025-01-01T17:36:00.977-0800] {processor.py:914} INFO - Processing file /opt/anaconda3/envs/airflow_env/lib/python3.9/site-packages/airflow/example_dags/example_setup_teardown.py for tasks to queue
[2025-01-01T17:36:00.979-0800] {logging_mixin.py:190} INFO - [2025-01-01T17:36:00.978-0800] {dagbag.py:588} INFO - Filling up the DagBag from /opt/anaconda3/envs/airflow_env/lib/python3.9/site-packages/airflow/example_dags/example_setup_teardown.py
[2025-01-01T17:36:01.007-0800] {processor.py:925} INFO - DAG(s) 'example_setup_teardown' retrieved from /opt/anaconda3/envs/airflow_env/lib/python3.9/site-packages/airflow/example_dags/example_setup_teardown.py
[2025-01-01T17:36:01.171-0800] {logging_mixin.py:190} INFO - [2025-01-01T17:36:01.170-0800] {dag.py:3239} INFO - Sync 1 DAGs
[2025-01-01T17:36:01.188-0800] {logging_mixin.py:190} INFO - [2025-01-01T17:36:01.188-0800] {dag.py:4180} INFO - Setting next_dagrun for example_setup_teardown to None, run_after=None
[2025-01-01T17:36:01.213-0800] {processor.py:208} INFO - Processing /opt/anaconda3/envs/airflow_env/lib/python3.9/site-packages/airflow/example_dags/example_setup_teardown.py took 0.251 seconds
[2025-01-01T17:39:59.973-0800] {processor.py:186} INFO - Started process (PID=29644) to work on /opt/anaconda3/envs/airflow_env/lib/python3.9/site-packages/airflow/example_dags/example_setup_teardown.py
[2025-01-01T17:39:59.976-0800] {processor.py:914} INFO - Processing file /opt/anaconda3/envs/airflow_env/lib/python3.9/site-packages/airflow/example_dags/example_setup_teardown.py for tasks to queue
[2025-01-01T17:39:59.978-0800] {logging_mixin.py:190} INFO - [2025-01-01T17:39:59.977-0800] {dagbag.py:588} INFO - Filling up the DagBag from /opt/anaconda3/envs/airflow_env/lib/python3.9/site-packages/airflow/example_dags/example_setup_teardown.py
[2025-01-01T17:39:59.993-0800] {processor.py:925} INFO - DAG(s) 'example_setup_teardown' retrieved from /opt/anaconda3/envs/airflow_env/lib/python3.9/site-packages/airflow/example_dags/example_setup_teardown.py
[2025-01-01T17:40:00.177-0800] {logging_mixin.py:190} INFO - [2025-01-01T17:40:00.177-0800] {dag.py:3239} INFO - Sync 1 DAGs
[2025-01-01T17:40:00.192-0800] {logging_mixin.py:190} INFO - [2025-01-01T17:40:00.192-0800] {dag.py:4180} INFO - Setting next_dagrun for example_setup_teardown to None, run_after=None
[2025-01-01T17:40:00.216-0800] {processor.py:208} INFO - Processing /opt/anaconda3/envs/airflow_env/lib/python3.9/site-packages/airflow/example_dags/example_setup_teardown.py took 0.247 seconds
[2025-01-01T17:52:35.718-0800] {processor.py:186} INFO - Started process (PID=30511) to work on /opt/anaconda3/envs/airflow_env/lib/python3.9/site-packages/airflow/example_dags/example_setup_teardown.py
[2025-01-01T17:52:35.721-0800] {processor.py:914} INFO - Processing file /opt/anaconda3/envs/airflow_env/lib/python3.9/site-packages/airflow/example_dags/example_setup_teardown.py for tasks to queue
[2025-01-01T17:52:35.723-0800] {logging_mixin.py:190} INFO - [2025-01-01T17:52:35.722-0800] {dagbag.py:588} INFO - Filling up the DagBag from /opt/anaconda3/envs/airflow_env/lib/python3.9/site-packages/airflow/example_dags/example_setup_teardown.py
[2025-01-01T17:52:35.734-0800] {processor.py:925} INFO - DAG(s) 'example_setup_teardown' retrieved from /opt/anaconda3/envs/airflow_env/lib/python3.9/site-packages/airflow/example_dags/example_setup_teardown.py
[2025-01-01T17:52:35.872-0800] {logging_mixin.py:190} INFO - [2025-01-01T17:52:35.871-0800] {dag.py:3239} INFO - Sync 1 DAGs
[2025-01-01T17:52:35.891-0800] {logging_mixin.py:190} INFO - [2025-01-01T17:52:35.890-0800] {dag.py:4180} INFO - Setting next_dagrun for example_setup_teardown to None, run_after=None
[2025-01-01T17:52:35.916-0800] {processor.py:208} INFO - Processing /opt/anaconda3/envs/airflow_env/lib/python3.9/site-packages/airflow/example_dags/example_setup_teardown.py took 0.203 seconds
[2025-01-01T18:07:01.871-0800] {processor.py:186} INFO - Started process (PID=31869) to work on /opt/anaconda3/envs/airflow_env/lib/python3.9/site-packages/airflow/example_dags/example_setup_teardown.py
[2025-01-01T18:07:01.874-0800] {processor.py:914} INFO - Processing file /opt/anaconda3/envs/airflow_env/lib/python3.9/site-packages/airflow/example_dags/example_setup_teardown.py for tasks to queue
[2025-01-01T18:07:01.875-0800] {logging_mixin.py:190} INFO - [2025-01-01T18:07:01.875-0800] {dagbag.py:588} INFO - Filling up the DagBag from /opt/anaconda3/envs/airflow_env/lib/python3.9/site-packages/airflow/example_dags/example_setup_teardown.py
[2025-01-01T18:07:01.890-0800] {processor.py:925} INFO - DAG(s) 'example_setup_teardown' retrieved from /opt/anaconda3/envs/airflow_env/lib/python3.9/site-packages/airflow/example_dags/example_setup_teardown.py
[2025-01-01T18:07:02.113-0800] {logging_mixin.py:190} INFO - [2025-01-01T18:07:02.112-0800] {dag.py:3239} INFO - Sync 1 DAGs
[2025-01-01T18:07:02.137-0800] {logging_mixin.py:190} INFO - [2025-01-01T18:07:02.136-0800] {dag.py:4180} INFO - Setting next_dagrun for example_setup_teardown to None, run_after=None
[2025-01-01T18:07:02.167-0800] {processor.py:208} INFO - Processing /opt/anaconda3/envs/airflow_env/lib/python3.9/site-packages/airflow/example_dags/example_setup_teardown.py took 0.304 seconds
[2025-01-01T18:13:05.219-0800] {processor.py:186} INFO - Started process (PID=32373) to work on /opt/anaconda3/envs/airflow_env/lib/python3.9/site-packages/airflow/example_dags/example_setup_teardown.py
[2025-01-01T18:13:05.221-0800] {processor.py:914} INFO - Processing file /opt/anaconda3/envs/airflow_env/lib/python3.9/site-packages/airflow/example_dags/example_setup_teardown.py for tasks to queue
[2025-01-01T18:13:05.223-0800] {logging_mixin.py:190} INFO - [2025-01-01T18:13:05.223-0800] {dagbag.py:588} INFO - Filling up the DagBag from /opt/anaconda3/envs/airflow_env/lib/python3.9/site-packages/airflow/example_dags/example_setup_teardown.py
[2025-01-01T18:13:05.241-0800] {processor.py:925} INFO - DAG(s) 'example_setup_teardown' retrieved from /opt/anaconda3/envs/airflow_env/lib/python3.9/site-packages/airflow/example_dags/example_setup_teardown.py
[2025-01-01T18:13:05.455-0800] {logging_mixin.py:190} INFO - [2025-01-01T18:13:05.454-0800] {dag.py:3239} INFO - Sync 1 DAGs
[2025-01-01T18:13:05.475-0800] {logging_mixin.py:190} INFO - [2025-01-01T18:13:05.475-0800] {dag.py:4180} INFO - Setting next_dagrun for example_setup_teardown to None, run_after=None
[2025-01-01T18:13:05.504-0800] {processor.py:208} INFO - Processing /opt/anaconda3/envs/airflow_env/lib/python3.9/site-packages/airflow/example_dags/example_setup_teardown.py took 0.292 seconds
[2025-01-01T18:17:21.507-0800] {processor.py:186} INFO - Started process (PID=32511) to work on /opt/anaconda3/envs/airflow_env/lib/python3.9/site-packages/airflow/example_dags/example_setup_teardown.py
[2025-01-01T18:17:21.509-0800] {processor.py:914} INFO - Processing file /opt/anaconda3/envs/airflow_env/lib/python3.9/site-packages/airflow/example_dags/example_setup_teardown.py for tasks to queue
[2025-01-01T18:17:21.511-0800] {logging_mixin.py:190} INFO - [2025-01-01T18:17:21.511-0800] {dagbag.py:588} INFO - Filling up the DagBag from /opt/anaconda3/envs/airflow_env/lib/python3.9/site-packages/airflow/example_dags/example_setup_teardown.py
[2025-01-01T18:17:21.533-0800] {processor.py:925} INFO - DAG(s) 'example_setup_teardown' retrieved from /opt/anaconda3/envs/airflow_env/lib/python3.9/site-packages/airflow/example_dags/example_setup_teardown.py
[2025-01-01T18:17:21.721-0800] {logging_mixin.py:190} INFO - [2025-01-01T18:17:21.721-0800] {dag.py:3239} INFO - Sync 1 DAGs
[2025-01-01T18:17:21.743-0800] {logging_mixin.py:190} INFO - [2025-01-01T18:17:21.742-0800] {dag.py:4180} INFO - Setting next_dagrun for example_setup_teardown to None, run_after=None
[2025-01-01T18:17:21.772-0800] {processor.py:208} INFO - Processing /opt/anaconda3/envs/airflow_env/lib/python3.9/site-packages/airflow/example_dags/example_setup_teardown.py took 0.270 seconds
[2025-01-01T18:21:21.041-0800] {processor.py:186} INFO - Started process (PID=32696) to work on /opt/anaconda3/envs/airflow_env/lib/python3.9/site-packages/airflow/example_dags/example_setup_teardown.py
[2025-01-01T18:21:21.044-0800] {processor.py:914} INFO - Processing file /opt/anaconda3/envs/airflow_env/lib/python3.9/site-packages/airflow/example_dags/example_setup_teardown.py for tasks to queue
[2025-01-01T18:21:21.045-0800] {logging_mixin.py:190} INFO - [2025-01-01T18:21:21.045-0800] {dagbag.py:588} INFO - Filling up the DagBag from /opt/anaconda3/envs/airflow_env/lib/python3.9/site-packages/airflow/example_dags/example_setup_teardown.py
[2025-01-01T18:21:21.055-0800] {processor.py:925} INFO - DAG(s) 'example_setup_teardown' retrieved from /opt/anaconda3/envs/airflow_env/lib/python3.9/site-packages/airflow/example_dags/example_setup_teardown.py
[2025-01-01T18:21:21.197-0800] {logging_mixin.py:190} INFO - [2025-01-01T18:21:21.196-0800] {dag.py:3239} INFO - Sync 1 DAGs
[2025-01-01T18:21:21.211-0800] {logging_mixin.py:190} INFO - [2025-01-01T18:21:21.210-0800] {dag.py:4180} INFO - Setting next_dagrun for example_setup_teardown to None, run_after=None
[2025-01-01T18:21:21.242-0800] {processor.py:208} INFO - Processing /opt/anaconda3/envs/airflow_env/lib/python3.9/site-packages/airflow/example_dags/example_setup_teardown.py took 0.205 seconds
[2025-01-01T18:24:55.237-0800] {processor.py:186} INFO - Started process (PID=32892) to work on /opt/anaconda3/envs/airflow_env/lib/python3.9/site-packages/airflow/example_dags/example_setup_teardown.py
[2025-01-01T18:24:55.241-0800] {processor.py:914} INFO - Processing file /opt/anaconda3/envs/airflow_env/lib/python3.9/site-packages/airflow/example_dags/example_setup_teardown.py for tasks to queue
[2025-01-01T18:24:55.244-0800] {logging_mixin.py:190} INFO - [2025-01-01T18:24:55.244-0800] {dagbag.py:588} INFO - Filling up the DagBag from /opt/anaconda3/envs/airflow_env/lib/python3.9/site-packages/airflow/example_dags/example_setup_teardown.py
[2025-01-01T18:24:55.271-0800] {processor.py:925} INFO - DAG(s) 'example_setup_teardown' retrieved from /opt/anaconda3/envs/airflow_env/lib/python3.9/site-packages/airflow/example_dags/example_setup_teardown.py
[2025-01-01T18:24:55.497-0800] {logging_mixin.py:190} INFO - [2025-01-01T18:24:55.497-0800] {dag.py:3239} INFO - Sync 1 DAGs
[2025-01-01T18:24:55.519-0800] {logging_mixin.py:190} INFO - [2025-01-01T18:24:55.518-0800] {dag.py:4180} INFO - Setting next_dagrun for example_setup_teardown to None, run_after=None
[2025-01-01T18:24:55.581-0800] {processor.py:208} INFO - Processing /opt/anaconda3/envs/airflow_env/lib/python3.9/site-packages/airflow/example_dags/example_setup_teardown.py took 0.353 seconds
[2025-01-01T18:28:27.711-0800] {processor.py:186} INFO - Started process (PID=33151) to work on /opt/anaconda3/envs/airflow_env/lib/python3.9/site-packages/airflow/example_dags/example_setup_teardown.py
[2025-01-01T18:28:27.715-0800] {processor.py:914} INFO - Processing file /opt/anaconda3/envs/airflow_env/lib/python3.9/site-packages/airflow/example_dags/example_setup_teardown.py for tasks to queue
[2025-01-01T18:28:27.716-0800] {logging_mixin.py:190} INFO - [2025-01-01T18:28:27.716-0800] {dagbag.py:588} INFO - Filling up the DagBag from /opt/anaconda3/envs/airflow_env/lib/python3.9/site-packages/airflow/example_dags/example_setup_teardown.py
[2025-01-01T18:28:27.727-0800] {processor.py:925} INFO - DAG(s) 'example_setup_teardown' retrieved from /opt/anaconda3/envs/airflow_env/lib/python3.9/site-packages/airflow/example_dags/example_setup_teardown.py
[2025-01-01T18:28:27.868-0800] {logging_mixin.py:190} INFO - [2025-01-01T18:28:27.867-0800] {dag.py:3239} INFO - Sync 1 DAGs
[2025-01-01T18:28:27.882-0800] {logging_mixin.py:190} INFO - [2025-01-01T18:28:27.882-0800] {dag.py:4180} INFO - Setting next_dagrun for example_setup_teardown to None, run_after=None
[2025-01-01T18:28:27.905-0800] {processor.py:208} INFO - Processing /opt/anaconda3/envs/airflow_env/lib/python3.9/site-packages/airflow/example_dags/example_setup_teardown.py took 0.197 seconds
[2025-01-01T18:32:12.516-0800] {processor.py:186} INFO - Started process (PID=33398) to work on /opt/anaconda3/envs/airflow_env/lib/python3.9/site-packages/airflow/example_dags/example_setup_teardown.py
[2025-01-01T18:32:12.518-0800] {processor.py:914} INFO - Processing file /opt/anaconda3/envs/airflow_env/lib/python3.9/site-packages/airflow/example_dags/example_setup_teardown.py for tasks to queue
[2025-01-01T18:32:12.520-0800] {logging_mixin.py:190} INFO - [2025-01-01T18:32:12.519-0800] {dagbag.py:588} INFO - Filling up the DagBag from /opt/anaconda3/envs/airflow_env/lib/python3.9/site-packages/airflow/example_dags/example_setup_teardown.py
[2025-01-01T18:32:12.531-0800] {processor.py:925} INFO - DAG(s) 'example_setup_teardown' retrieved from /opt/anaconda3/envs/airflow_env/lib/python3.9/site-packages/airflow/example_dags/example_setup_teardown.py
[2025-01-01T18:32:12.673-0800] {logging_mixin.py:190} INFO - [2025-01-01T18:32:12.673-0800] {dag.py:3239} INFO - Sync 1 DAGs
[2025-01-01T18:32:12.687-0800] {logging_mixin.py:190} INFO - [2025-01-01T18:32:12.687-0800] {dag.py:4180} INFO - Setting next_dagrun for example_setup_teardown to None, run_after=None
[2025-01-01T18:32:12.712-0800] {processor.py:208} INFO - Processing /opt/anaconda3/envs/airflow_env/lib/python3.9/site-packages/airflow/example_dags/example_setup_teardown.py took 0.201 seconds
[2025-01-01T18:37:50.941-0800] {processor.py:186} INFO - Started process (PID=33690) to work on /opt/anaconda3/envs/airflow_env/lib/python3.9/site-packages/airflow/example_dags/example_setup_teardown.py
[2025-01-01T18:37:50.943-0800] {processor.py:914} INFO - Processing file /opt/anaconda3/envs/airflow_env/lib/python3.9/site-packages/airflow/example_dags/example_setup_teardown.py for tasks to queue
[2025-01-01T18:37:50.945-0800] {logging_mixin.py:190} INFO - [2025-01-01T18:37:50.945-0800] {dagbag.py:588} INFO - Filling up the DagBag from /opt/anaconda3/envs/airflow_env/lib/python3.9/site-packages/airflow/example_dags/example_setup_teardown.py
[2025-01-01T18:37:50.967-0800] {processor.py:925} INFO - DAG(s) 'example_setup_teardown' retrieved from /opt/anaconda3/envs/airflow_env/lib/python3.9/site-packages/airflow/example_dags/example_setup_teardown.py
[2025-01-01T18:37:51.206-0800] {logging_mixin.py:190} INFO - [2025-01-01T18:37:51.205-0800] {dag.py:3239} INFO - Sync 1 DAGs
[2025-01-01T18:37:51.231-0800] {logging_mixin.py:190} INFO - [2025-01-01T18:37:51.231-0800] {dag.py:4180} INFO - Setting next_dagrun for example_setup_teardown to None, run_after=None
[2025-01-01T18:37:51.259-0800] {processor.py:208} INFO - Processing /opt/anaconda3/envs/airflow_env/lib/python3.9/site-packages/airflow/example_dags/example_setup_teardown.py took 0.322 seconds
