[2025-01-01T16:16:15.629-0800] {processor.py:186} INFO - Started process (PID=26880) to work on /opt/anaconda3/envs/airflow_env/lib/python3.9/site-packages/airflow/example_dags/example_external_task_marker_dag.py
[2025-01-01T16:16:15.633-0800] {processor.py:914} INFO - Processing file /opt/anaconda3/envs/airflow_env/lib/python3.9/site-packages/airflow/example_dags/example_external_task_marker_dag.py for tasks to queue
[2025-01-01T16:16:15.634-0800] {logging_mixin.py:190} INFO - [2025-01-01T16:16:15.634-0800] {dagbag.py:588} INFO - Filling up the DagBag from /opt/anaconda3/envs/airflow_env/lib/python3.9/site-packages/airflow/example_dags/example_external_task_marker_dag.py
[2025-01-01T16:16:15.658-0800] {processor.py:925} INFO - DAG(s) 'example_external_task_marker_child', 'example_external_task_marker_parent' retrieved from /opt/anaconda3/envs/airflow_env/lib/python3.9/site-packages/airflow/example_dags/example_external_task_marker_dag.py
[2025-01-01T16:16:17.239-0800] {logging_mixin.py:190} INFO - [2025-01-01T16:16:17.238-0800] {dag.py:3239} INFO - Sync 2 DAGs
[2025-01-01T16:16:17.253-0800] {logging_mixin.py:190} INFO - [2025-01-01T16:16:17.252-0800] {dag.py:4180} INFO - Setting next_dagrun for example_external_task_marker_child to None, run_after=None
[2025-01-01T16:16:17.258-0800] {logging_mixin.py:190} INFO - [2025-01-01T16:16:17.257-0800] {dag.py:4180} INFO - Setting next_dagrun for example_external_task_marker_parent to None, run_after=None
[2025-01-01T16:16:17.279-0800] {processor.py:208} INFO - Processing /opt/anaconda3/envs/airflow_env/lib/python3.9/site-packages/airflow/example_dags/example_external_task_marker_dag.py took 1.658 seconds
[2025-01-01T16:20:03.591-0800] {processor.py:186} INFO - Started process (PID=27089) to work on /opt/anaconda3/envs/airflow_env/lib/python3.9/site-packages/airflow/example_dags/example_external_task_marker_dag.py
[2025-01-01T16:20:03.595-0800] {processor.py:914} INFO - Processing file /opt/anaconda3/envs/airflow_env/lib/python3.9/site-packages/airflow/example_dags/example_external_task_marker_dag.py for tasks to queue
[2025-01-01T16:20:03.597-0800] {logging_mixin.py:190} INFO - [2025-01-01T16:20:03.597-0800] {dagbag.py:588} INFO - Filling up the DagBag from /opt/anaconda3/envs/airflow_env/lib/python3.9/site-packages/airflow/example_dags/example_external_task_marker_dag.py
[2025-01-01T16:20:03.630-0800] {processor.py:925} INFO - DAG(s) 'example_external_task_marker_parent', 'example_external_task_marker_child' retrieved from /opt/anaconda3/envs/airflow_env/lib/python3.9/site-packages/airflow/example_dags/example_external_task_marker_dag.py
[2025-01-01T16:20:05.170-0800] {logging_mixin.py:190} INFO - [2025-01-01T16:20:05.170-0800] {dag.py:3239} INFO - Sync 2 DAGs
[2025-01-01T16:20:05.183-0800] {logging_mixin.py:190} INFO - [2025-01-01T16:20:05.183-0800] {dag.py:4180} INFO - Setting next_dagrun for example_external_task_marker_child to None, run_after=None
[2025-01-01T16:20:05.186-0800] {logging_mixin.py:190} INFO - [2025-01-01T16:20:05.186-0800] {dag.py:4180} INFO - Setting next_dagrun for example_external_task_marker_parent to None, run_after=None
[2025-01-01T16:20:05.208-0800] {processor.py:208} INFO - Processing /opt/anaconda3/envs/airflow_env/lib/python3.9/site-packages/airflow/example_dags/example_external_task_marker_dag.py took 1.626 seconds
[2025-01-01T16:23:23.248-0800] {processor.py:186} INFO - Started process (PID=27229) to work on /opt/anaconda3/envs/airflow_env/lib/python3.9/site-packages/airflow/example_dags/example_external_task_marker_dag.py
[2025-01-01T16:23:23.251-0800] {processor.py:914} INFO - Processing file /opt/anaconda3/envs/airflow_env/lib/python3.9/site-packages/airflow/example_dags/example_external_task_marker_dag.py for tasks to queue
[2025-01-01T16:23:23.253-0800] {logging_mixin.py:190} INFO - [2025-01-01T16:23:23.253-0800] {dagbag.py:588} INFO - Filling up the DagBag from /opt/anaconda3/envs/airflow_env/lib/python3.9/site-packages/airflow/example_dags/example_external_task_marker_dag.py
[2025-01-01T16:23:23.275-0800] {processor.py:925} INFO - DAG(s) 'example_external_task_marker_parent', 'example_external_task_marker_child' retrieved from /opt/anaconda3/envs/airflow_env/lib/python3.9/site-packages/airflow/example_dags/example_external_task_marker_dag.py
[2025-01-01T16:23:24.107-0800] {logging_mixin.py:190} INFO - [2025-01-01T16:23:24.106-0800] {dag.py:3239} INFO - Sync 2 DAGs
[2025-01-01T16:23:24.119-0800] {logging_mixin.py:190} INFO - [2025-01-01T16:23:24.118-0800] {dag.py:4180} INFO - Setting next_dagrun for example_external_task_marker_child to None, run_after=None
[2025-01-01T16:23:24.122-0800] {logging_mixin.py:190} INFO - [2025-01-01T16:23:24.122-0800] {dag.py:4180} INFO - Setting next_dagrun for example_external_task_marker_parent to None, run_after=None
[2025-01-01T16:23:24.141-0800] {processor.py:208} INFO - Processing /opt/anaconda3/envs/airflow_env/lib/python3.9/site-packages/airflow/example_dags/example_external_task_marker_dag.py took 0.897 seconds
[2025-01-01T16:26:22.342-0800] {processor.py:186} INFO - Started process (PID=27341) to work on /opt/anaconda3/envs/airflow_env/lib/python3.9/site-packages/airflow/example_dags/example_external_task_marker_dag.py
[2025-01-01T16:26:22.344-0800] {processor.py:914} INFO - Processing file /opt/anaconda3/envs/airflow_env/lib/python3.9/site-packages/airflow/example_dags/example_external_task_marker_dag.py for tasks to queue
[2025-01-01T16:26:22.346-0800] {logging_mixin.py:190} INFO - [2025-01-01T16:26:22.345-0800] {dagbag.py:588} INFO - Filling up the DagBag from /opt/anaconda3/envs/airflow_env/lib/python3.9/site-packages/airflow/example_dags/example_external_task_marker_dag.py
[2025-01-01T16:26:22.362-0800] {processor.py:925} INFO - DAG(s) 'example_external_task_marker_child', 'example_external_task_marker_parent' retrieved from /opt/anaconda3/envs/airflow_env/lib/python3.9/site-packages/airflow/example_dags/example_external_task_marker_dag.py
[2025-01-01T16:26:23.240-0800] {logging_mixin.py:190} INFO - [2025-01-01T16:26:23.240-0800] {dag.py:3239} INFO - Sync 2 DAGs
[2025-01-01T16:26:23.253-0800] {logging_mixin.py:190} INFO - [2025-01-01T16:26:23.252-0800] {dag.py:4180} INFO - Setting next_dagrun for example_external_task_marker_child to None, run_after=None
[2025-01-01T16:26:23.256-0800] {logging_mixin.py:190} INFO - [2025-01-01T16:26:23.256-0800] {dag.py:4180} INFO - Setting next_dagrun for example_external_task_marker_parent to None, run_after=None
[2025-01-01T16:26:23.277-0800] {processor.py:208} INFO - Processing /opt/anaconda3/envs/airflow_env/lib/python3.9/site-packages/airflow/example_dags/example_external_task_marker_dag.py took 0.939 seconds
[2025-01-01T17:04:19.702-0800] {processor.py:186} INFO - Started process (PID=27560) to work on /opt/anaconda3/envs/airflow_env/lib/python3.9/site-packages/airflow/example_dags/example_external_task_marker_dag.py
[2025-01-01T17:04:19.706-0800] {processor.py:914} INFO - Processing file /opt/anaconda3/envs/airflow_env/lib/python3.9/site-packages/airflow/example_dags/example_external_task_marker_dag.py for tasks to queue
[2025-01-01T17:04:19.708-0800] {logging_mixin.py:190} INFO - [2025-01-01T17:04:19.707-0800] {dagbag.py:588} INFO - Filling up the DagBag from /opt/anaconda3/envs/airflow_env/lib/python3.9/site-packages/airflow/example_dags/example_external_task_marker_dag.py
[2025-01-01T17:04:19.730-0800] {processor.py:925} INFO - DAG(s) 'example_external_task_marker_child', 'example_external_task_marker_parent' retrieved from /opt/anaconda3/envs/airflow_env/lib/python3.9/site-packages/airflow/example_dags/example_external_task_marker_dag.py
[2025-01-01T17:04:21.368-0800] {logging_mixin.py:190} INFO - [2025-01-01T17:04:21.368-0800] {dag.py:3239} INFO - Sync 2 DAGs
[2025-01-01T17:04:21.381-0800] {logging_mixin.py:190} INFO - [2025-01-01T17:04:21.381-0800] {dag.py:4180} INFO - Setting next_dagrun for example_external_task_marker_child to None, run_after=None
[2025-01-01T17:04:21.384-0800] {logging_mixin.py:190} INFO - [2025-01-01T17:04:21.384-0800] {dag.py:4180} INFO - Setting next_dagrun for example_external_task_marker_parent to None, run_after=None
[2025-01-01T17:04:21.404-0800] {processor.py:208} INFO - Processing /opt/anaconda3/envs/airflow_env/lib/python3.9/site-packages/airflow/example_dags/example_external_task_marker_dag.py took 1.710 seconds
[2025-01-01T17:09:06.332-0800] {processor.py:186} INFO - Started process (PID=27806) to work on /opt/anaconda3/envs/airflow_env/lib/python3.9/site-packages/airflow/example_dags/example_external_task_marker_dag.py
[2025-01-01T17:09:06.335-0800] {processor.py:914} INFO - Processing file /opt/anaconda3/envs/airflow_env/lib/python3.9/site-packages/airflow/example_dags/example_external_task_marker_dag.py for tasks to queue
[2025-01-01T17:09:06.338-0800] {logging_mixin.py:190} INFO - [2025-01-01T17:09:06.337-0800] {dagbag.py:588} INFO - Filling up the DagBag from /opt/anaconda3/envs/airflow_env/lib/python3.9/site-packages/airflow/example_dags/example_external_task_marker_dag.py
[2025-01-01T17:09:06.361-0800] {processor.py:925} INFO - DAG(s) 'example_external_task_marker_parent', 'example_external_task_marker_child' retrieved from /opt/anaconda3/envs/airflow_env/lib/python3.9/site-packages/airflow/example_dags/example_external_task_marker_dag.py
[2025-01-01T17:09:08.259-0800] {logging_mixin.py:190} INFO - [2025-01-01T17:09:08.258-0800] {dag.py:3239} INFO - Sync 2 DAGs
[2025-01-01T17:09:08.272-0800] {logging_mixin.py:190} INFO - [2025-01-01T17:09:08.271-0800] {dag.py:4180} INFO - Setting next_dagrun for example_external_task_marker_child to None, run_after=None
[2025-01-01T17:09:08.278-0800] {logging_mixin.py:190} INFO - [2025-01-01T17:09:08.278-0800] {dag.py:4180} INFO - Setting next_dagrun for example_external_task_marker_parent to None, run_after=None
[2025-01-01T17:09:08.298-0800] {processor.py:208} INFO - Processing /opt/anaconda3/envs/airflow_env/lib/python3.9/site-packages/airflow/example_dags/example_external_task_marker_dag.py took 1.971 seconds
[2025-01-01T17:13:01.339-0800] {processor.py:186} INFO - Started process (PID=27939) to work on /opt/anaconda3/envs/airflow_env/lib/python3.9/site-packages/airflow/example_dags/example_external_task_marker_dag.py
[2025-01-01T17:13:01.342-0800] {processor.py:914} INFO - Processing file /opt/anaconda3/envs/airflow_env/lib/python3.9/site-packages/airflow/example_dags/example_external_task_marker_dag.py for tasks to queue
[2025-01-01T17:13:01.344-0800] {logging_mixin.py:190} INFO - [2025-01-01T17:13:01.343-0800] {dagbag.py:588} INFO - Filling up the DagBag from /opt/anaconda3/envs/airflow_env/lib/python3.9/site-packages/airflow/example_dags/example_external_task_marker_dag.py
[2025-01-01T17:13:01.364-0800] {processor.py:925} INFO - DAG(s) 'example_external_task_marker_parent', 'example_external_task_marker_child' retrieved from /opt/anaconda3/envs/airflow_env/lib/python3.9/site-packages/airflow/example_dags/example_external_task_marker_dag.py
[2025-01-01T17:13:02.504-0800] {logging_mixin.py:190} INFO - [2025-01-01T17:13:02.504-0800] {dag.py:3239} INFO - Sync 2 DAGs
[2025-01-01T17:13:02.519-0800] {logging_mixin.py:190} INFO - [2025-01-01T17:13:02.518-0800] {dag.py:4180} INFO - Setting next_dagrun for example_external_task_marker_child to None, run_after=None
[2025-01-01T17:13:02.522-0800] {logging_mixin.py:190} INFO - [2025-01-01T17:13:02.522-0800] {dag.py:4180} INFO - Setting next_dagrun for example_external_task_marker_parent to None, run_after=None
[2025-01-01T17:13:02.544-0800] {processor.py:208} INFO - Processing /opt/anaconda3/envs/airflow_env/lib/python3.9/site-packages/airflow/example_dags/example_external_task_marker_dag.py took 1.212 seconds
[2025-01-01T17:16:36.882-0800] {processor.py:186} INFO - Started process (PID=28093) to work on /opt/anaconda3/envs/airflow_env/lib/python3.9/site-packages/airflow/example_dags/example_external_task_marker_dag.py
[2025-01-01T17:16:36.885-0800] {processor.py:914} INFO - Processing file /opt/anaconda3/envs/airflow_env/lib/python3.9/site-packages/airflow/example_dags/example_external_task_marker_dag.py for tasks to queue
[2025-01-01T17:16:36.887-0800] {logging_mixin.py:190} INFO - [2025-01-01T17:16:36.887-0800] {dagbag.py:588} INFO - Filling up the DagBag from /opt/anaconda3/envs/airflow_env/lib/python3.9/site-packages/airflow/example_dags/example_external_task_marker_dag.py
[2025-01-01T17:16:36.905-0800] {processor.py:925} INFO - DAG(s) 'example_external_task_marker_parent', 'example_external_task_marker_child' retrieved from /opt/anaconda3/envs/airflow_env/lib/python3.9/site-packages/airflow/example_dags/example_external_task_marker_dag.py
[2025-01-01T17:16:38.307-0800] {logging_mixin.py:190} INFO - [2025-01-01T17:16:38.306-0800] {dag.py:3239} INFO - Sync 2 DAGs
[2025-01-01T17:16:38.319-0800] {logging_mixin.py:190} INFO - [2025-01-01T17:16:38.319-0800] {dag.py:4180} INFO - Setting next_dagrun for example_external_task_marker_child to None, run_after=None
[2025-01-01T17:16:38.323-0800] {logging_mixin.py:190} INFO - [2025-01-01T17:16:38.323-0800] {dag.py:4180} INFO - Setting next_dagrun for example_external_task_marker_parent to None, run_after=None
[2025-01-01T17:16:38.344-0800] {processor.py:208} INFO - Processing /opt/anaconda3/envs/airflow_env/lib/python3.9/site-packages/airflow/example_dags/example_external_task_marker_dag.py took 1.467 seconds
[2025-01-01T17:20:31.067-0800] {processor.py:186} INFO - Started process (PID=28294) to work on /opt/anaconda3/envs/airflow_env/lib/python3.9/site-packages/airflow/example_dags/example_external_task_marker_dag.py
[2025-01-01T17:20:31.070-0800] {processor.py:914} INFO - Processing file /opt/anaconda3/envs/airflow_env/lib/python3.9/site-packages/airflow/example_dags/example_external_task_marker_dag.py for tasks to queue
[2025-01-01T17:20:31.072-0800] {logging_mixin.py:190} INFO - [2025-01-01T17:20:31.071-0800] {dagbag.py:588} INFO - Filling up the DagBag from /opt/anaconda3/envs/airflow_env/lib/python3.9/site-packages/airflow/example_dags/example_external_task_marker_dag.py
[2025-01-01T17:20:31.093-0800] {processor.py:925} INFO - DAG(s) 'example_external_task_marker_child', 'example_external_task_marker_parent' retrieved from /opt/anaconda3/envs/airflow_env/lib/python3.9/site-packages/airflow/example_dags/example_external_task_marker_dag.py
[2025-01-01T17:20:32.159-0800] {logging_mixin.py:190} INFO - [2025-01-01T17:20:32.159-0800] {dag.py:3239} INFO - Sync 2 DAGs
[2025-01-01T17:20:32.182-0800] {logging_mixin.py:190} INFO - [2025-01-01T17:20:32.182-0800] {dag.py:4180} INFO - Setting next_dagrun for example_external_task_marker_child to None, run_after=None
[2025-01-01T17:20:32.186-0800] {logging_mixin.py:190} INFO - [2025-01-01T17:20:32.186-0800] {dag.py:4180} INFO - Setting next_dagrun for example_external_task_marker_parent to None, run_after=None
[2025-01-01T17:20:32.208-0800] {processor.py:208} INFO - Processing /opt/anaconda3/envs/airflow_env/lib/python3.9/site-packages/airflow/example_dags/example_external_task_marker_dag.py took 1.145 seconds
[2025-01-01T17:24:18.330-0800] {processor.py:186} INFO - Started process (PID=28465) to work on /opt/anaconda3/envs/airflow_env/lib/python3.9/site-packages/airflow/example_dags/example_external_task_marker_dag.py
[2025-01-01T17:24:18.332-0800] {processor.py:914} INFO - Processing file /opt/anaconda3/envs/airflow_env/lib/python3.9/site-packages/airflow/example_dags/example_external_task_marker_dag.py for tasks to queue
[2025-01-01T17:24:18.334-0800] {logging_mixin.py:190} INFO - [2025-01-01T17:24:18.334-0800] {dagbag.py:588} INFO - Filling up the DagBag from /opt/anaconda3/envs/airflow_env/lib/python3.9/site-packages/airflow/example_dags/example_external_task_marker_dag.py
[2025-01-01T17:24:18.351-0800] {processor.py:925} INFO - DAG(s) 'example_external_task_marker_parent', 'example_external_task_marker_child' retrieved from /opt/anaconda3/envs/airflow_env/lib/python3.9/site-packages/airflow/example_dags/example_external_task_marker_dag.py
[2025-01-01T17:24:19.796-0800] {logging_mixin.py:190} INFO - [2025-01-01T17:24:19.796-0800] {dag.py:3239} INFO - Sync 2 DAGs
[2025-01-01T17:24:19.809-0800] {logging_mixin.py:190} INFO - [2025-01-01T17:24:19.809-0800] {dag.py:4180} INFO - Setting next_dagrun for example_external_task_marker_child to None, run_after=None
[2025-01-01T17:24:19.812-0800] {logging_mixin.py:190} INFO - [2025-01-01T17:24:19.812-0800] {dag.py:4180} INFO - Setting next_dagrun for example_external_task_marker_parent to None, run_after=None
[2025-01-01T17:24:19.833-0800] {processor.py:208} INFO - Processing /opt/anaconda3/envs/airflow_env/lib/python3.9/site-packages/airflow/example_dags/example_external_task_marker_dag.py took 1.507 seconds
[2025-01-01T17:33:06.715-0800] {processor.py:186} INFO - Started process (PID=29083) to work on /opt/anaconda3/envs/airflow_env/lib/python3.9/site-packages/airflow/example_dags/example_external_task_marker_dag.py
[2025-01-01T17:33:06.718-0800] {processor.py:914} INFO - Processing file /opt/anaconda3/envs/airflow_env/lib/python3.9/site-packages/airflow/example_dags/example_external_task_marker_dag.py for tasks to queue
[2025-01-01T17:33:06.720-0800] {logging_mixin.py:190} INFO - [2025-01-01T17:33:06.719-0800] {dagbag.py:588} INFO - Filling up the DagBag from /opt/anaconda3/envs/airflow_env/lib/python3.9/site-packages/airflow/example_dags/example_external_task_marker_dag.py
[2025-01-01T17:33:06.743-0800] {processor.py:925} INFO - DAG(s) 'example_external_task_marker_child', 'example_external_task_marker_parent' retrieved from /opt/anaconda3/envs/airflow_env/lib/python3.9/site-packages/airflow/example_dags/example_external_task_marker_dag.py
[2025-01-01T17:33:08.254-0800] {logging_mixin.py:190} INFO - [2025-01-01T17:33:08.253-0800] {dag.py:3239} INFO - Sync 2 DAGs
[2025-01-01T17:33:08.271-0800] {logging_mixin.py:190} INFO - [2025-01-01T17:33:08.270-0800] {dag.py:4180} INFO - Setting next_dagrun for example_external_task_marker_child to None, run_after=None
[2025-01-01T17:33:08.275-0800] {logging_mixin.py:190} INFO - [2025-01-01T17:33:08.275-0800] {dag.py:4180} INFO - Setting next_dagrun for example_external_task_marker_parent to None, run_after=None
[2025-01-01T17:33:08.305-0800] {processor.py:208} INFO - Processing /opt/anaconda3/envs/airflow_env/lib/python3.9/site-packages/airflow/example_dags/example_external_task_marker_dag.py took 1.597 seconds
[2025-01-01T17:37:04.666-0800] {processor.py:186} INFO - Started process (PID=29396) to work on /opt/anaconda3/envs/airflow_env/lib/python3.9/site-packages/airflow/example_dags/example_external_task_marker_dag.py
[2025-01-01T17:37:04.669-0800] {processor.py:914} INFO - Processing file /opt/anaconda3/envs/airflow_env/lib/python3.9/site-packages/airflow/example_dags/example_external_task_marker_dag.py for tasks to queue
[2025-01-01T17:37:04.671-0800] {logging_mixin.py:190} INFO - [2025-01-01T17:37:04.671-0800] {dagbag.py:588} INFO - Filling up the DagBag from /opt/anaconda3/envs/airflow_env/lib/python3.9/site-packages/airflow/example_dags/example_external_task_marker_dag.py
[2025-01-01T17:37:04.694-0800] {processor.py:925} INFO - DAG(s) 'example_external_task_marker_child', 'example_external_task_marker_parent' retrieved from /opt/anaconda3/envs/airflow_env/lib/python3.9/site-packages/airflow/example_dags/example_external_task_marker_dag.py
[2025-01-01T17:37:06.421-0800] {logging_mixin.py:190} INFO - [2025-01-01T17:37:06.420-0800] {dag.py:3239} INFO - Sync 2 DAGs
[2025-01-01T17:37:06.434-0800] {logging_mixin.py:190} INFO - [2025-01-01T17:37:06.433-0800] {dag.py:4180} INFO - Setting next_dagrun for example_external_task_marker_child to None, run_after=None
[2025-01-01T17:37:06.438-0800] {logging_mixin.py:190} INFO - [2025-01-01T17:37:06.437-0800] {dag.py:4180} INFO - Setting next_dagrun for example_external_task_marker_parent to None, run_after=None
[2025-01-01T17:37:06.459-0800] {processor.py:208} INFO - Processing /opt/anaconda3/envs/airflow_env/lib/python3.9/site-packages/airflow/example_dags/example_external_task_marker_dag.py took 1.802 seconds
[2025-01-01T17:44:25.938-0800] {processor.py:186} INFO - Started process (PID=30080) to work on /opt/anaconda3/envs/airflow_env/lib/python3.9/site-packages/airflow/example_dags/example_external_task_marker_dag.py
[2025-01-01T17:44:25.943-0800] {processor.py:914} INFO - Processing file /opt/anaconda3/envs/airflow_env/lib/python3.9/site-packages/airflow/example_dags/example_external_task_marker_dag.py for tasks to queue
[2025-01-01T17:44:25.945-0800] {logging_mixin.py:190} INFO - [2025-01-01T17:44:25.945-0800] {dagbag.py:588} INFO - Filling up the DagBag from /opt/anaconda3/envs/airflow_env/lib/python3.9/site-packages/airflow/example_dags/example_external_task_marker_dag.py
[2025-01-01T17:44:25.967-0800] {processor.py:925} INFO - DAG(s) 'example_external_task_marker_child', 'example_external_task_marker_parent' retrieved from /opt/anaconda3/envs/airflow_env/lib/python3.9/site-packages/airflow/example_dags/example_external_task_marker_dag.py
[2025-01-01T17:44:26.913-0800] {logging_mixin.py:190} INFO - [2025-01-01T17:44:26.912-0800] {dag.py:3239} INFO - Sync 2 DAGs
[2025-01-01T17:44:26.926-0800] {logging_mixin.py:190} INFO - [2025-01-01T17:44:26.926-0800] {dag.py:4180} INFO - Setting next_dagrun for example_external_task_marker_child to None, run_after=None
[2025-01-01T17:44:26.930-0800] {logging_mixin.py:190} INFO - [2025-01-01T17:44:26.930-0800] {dag.py:4180} INFO - Setting next_dagrun for example_external_task_marker_parent to None, run_after=None
[2025-01-01T17:44:26.950-0800] {processor.py:208} INFO - Processing /opt/anaconda3/envs/airflow_env/lib/python3.9/site-packages/airflow/example_dags/example_external_task_marker_dag.py took 1.018 seconds
[2025-01-01T17:57:00.074-0800] {processor.py:186} INFO - Started process (PID=30951) to work on /opt/anaconda3/envs/airflow_env/lib/python3.9/site-packages/airflow/example_dags/example_external_task_marker_dag.py
[2025-01-01T17:57:00.077-0800] {processor.py:914} INFO - Processing file /opt/anaconda3/envs/airflow_env/lib/python3.9/site-packages/airflow/example_dags/example_external_task_marker_dag.py for tasks to queue
[2025-01-01T17:57:00.079-0800] {logging_mixin.py:190} INFO - [2025-01-01T17:57:00.078-0800] {dagbag.py:588} INFO - Filling up the DagBag from /opt/anaconda3/envs/airflow_env/lib/python3.9/site-packages/airflow/example_dags/example_external_task_marker_dag.py
[2025-01-01T17:57:00.095-0800] {processor.py:925} INFO - DAG(s) 'example_external_task_marker_parent', 'example_external_task_marker_child' retrieved from /opt/anaconda3/envs/airflow_env/lib/python3.9/site-packages/airflow/example_dags/example_external_task_marker_dag.py
[2025-01-01T17:57:01.018-0800] {logging_mixin.py:190} INFO - [2025-01-01T17:57:01.017-0800] {dag.py:3239} INFO - Sync 2 DAGs
[2025-01-01T17:57:01.031-0800] {logging_mixin.py:190} INFO - [2025-01-01T17:57:01.030-0800] {dag.py:4180} INFO - Setting next_dagrun for example_external_task_marker_child to None, run_after=None
[2025-01-01T17:57:01.034-0800] {logging_mixin.py:190} INFO - [2025-01-01T17:57:01.034-0800] {dag.py:4180} INFO - Setting next_dagrun for example_external_task_marker_parent to None, run_after=None
[2025-01-01T17:57:01.057-0800] {processor.py:208} INFO - Processing /opt/anaconda3/envs/airflow_env/lib/python3.9/site-packages/airflow/example_dags/example_external_task_marker_dag.py took 0.987 seconds
[2025-01-01T18:09:10.869-0800] {processor.py:186} INFO - Started process (PID=32088) to work on /opt/anaconda3/envs/airflow_env/lib/python3.9/site-packages/airflow/example_dags/example_external_task_marker_dag.py
[2025-01-01T18:09:10.872-0800] {processor.py:914} INFO - Processing file /opt/anaconda3/envs/airflow_env/lib/python3.9/site-packages/airflow/example_dags/example_external_task_marker_dag.py for tasks to queue
[2025-01-01T18:09:10.873-0800] {logging_mixin.py:190} INFO - [2025-01-01T18:09:10.873-0800] {dagbag.py:588} INFO - Filling up the DagBag from /opt/anaconda3/envs/airflow_env/lib/python3.9/site-packages/airflow/example_dags/example_external_task_marker_dag.py
[2025-01-01T18:09:10.911-0800] {processor.py:925} INFO - DAG(s) 'example_external_task_marker_parent', 'example_external_task_marker_child' retrieved from /opt/anaconda3/envs/airflow_env/lib/python3.9/site-packages/airflow/example_dags/example_external_task_marker_dag.py
[2025-01-01T18:09:12.037-0800] {logging_mixin.py:190} INFO - [2025-01-01T18:09:12.036-0800] {dag.py:3239} INFO - Sync 2 DAGs
[2025-01-01T18:09:12.051-0800] {logging_mixin.py:190} INFO - [2025-01-01T18:09:12.050-0800] {dag.py:4180} INFO - Setting next_dagrun for example_external_task_marker_child to None, run_after=None
[2025-01-01T18:09:12.055-0800] {logging_mixin.py:190} INFO - [2025-01-01T18:09:12.054-0800] {dag.py:4180} INFO - Setting next_dagrun for example_external_task_marker_parent to None, run_after=None
[2025-01-01T18:09:12.075-0800] {processor.py:208} INFO - Processing /opt/anaconda3/envs/airflow_env/lib/python3.9/site-packages/airflow/example_dags/example_external_task_marker_dag.py took 1.211 seconds
[2025-01-01T18:14:21.320-0800] {processor.py:186} INFO - Started process (PID=32430) to work on /opt/anaconda3/envs/airflow_env/lib/python3.9/site-packages/airflow/example_dags/example_external_task_marker_dag.py
[2025-01-01T18:14:21.323-0800] {processor.py:914} INFO - Processing file /opt/anaconda3/envs/airflow_env/lib/python3.9/site-packages/airflow/example_dags/example_external_task_marker_dag.py for tasks to queue
[2025-01-01T18:14:21.325-0800] {logging_mixin.py:190} INFO - [2025-01-01T18:14:21.324-0800] {dagbag.py:588} INFO - Filling up the DagBag from /opt/anaconda3/envs/airflow_env/lib/python3.9/site-packages/airflow/example_dags/example_external_task_marker_dag.py
[2025-01-01T18:14:21.347-0800] {processor.py:925} INFO - DAG(s) 'example_external_task_marker_parent', 'example_external_task_marker_child' retrieved from /opt/anaconda3/envs/airflow_env/lib/python3.9/site-packages/airflow/example_dags/example_external_task_marker_dag.py
[2025-01-01T18:14:23.281-0800] {logging_mixin.py:190} INFO - [2025-01-01T18:14:23.280-0800] {dag.py:3239} INFO - Sync 2 DAGs
[2025-01-01T18:14:23.310-0800] {logging_mixin.py:190} INFO - [2025-01-01T18:14:23.310-0800] {dag.py:4180} INFO - Setting next_dagrun for example_external_task_marker_child to None, run_after=None
[2025-01-01T18:14:23.317-0800] {logging_mixin.py:190} INFO - [2025-01-01T18:14:23.317-0800] {dag.py:4180} INFO - Setting next_dagrun for example_external_task_marker_parent to None, run_after=None
[2025-01-01T18:14:23.355-0800] {processor.py:208} INFO - Processing /opt/anaconda3/envs/airflow_env/lib/python3.9/site-packages/airflow/example_dags/example_external_task_marker_dag.py took 2.039 seconds
[2025-01-01T18:18:29.116-0800] {processor.py:186} INFO - Started process (PID=32549) to work on /opt/anaconda3/envs/airflow_env/lib/python3.9/site-packages/airflow/example_dags/example_external_task_marker_dag.py
[2025-01-01T18:18:29.118-0800] {processor.py:914} INFO - Processing file /opt/anaconda3/envs/airflow_env/lib/python3.9/site-packages/airflow/example_dags/example_external_task_marker_dag.py for tasks to queue
[2025-01-01T18:18:29.121-0800] {logging_mixin.py:190} INFO - [2025-01-01T18:18:29.120-0800] {dagbag.py:588} INFO - Filling up the DagBag from /opt/anaconda3/envs/airflow_env/lib/python3.9/site-packages/airflow/example_dags/example_external_task_marker_dag.py
[2025-01-01T18:18:29.137-0800] {processor.py:925} INFO - DAG(s) 'example_external_task_marker_child', 'example_external_task_marker_parent' retrieved from /opt/anaconda3/envs/airflow_env/lib/python3.9/site-packages/airflow/example_dags/example_external_task_marker_dag.py
[2025-01-01T18:18:30.653-0800] {logging_mixin.py:190} INFO - [2025-01-01T18:18:30.653-0800] {dag.py:3239} INFO - Sync 2 DAGs
[2025-01-01T18:18:30.670-0800] {logging_mixin.py:190} INFO - [2025-01-01T18:18:30.670-0800] {dag.py:4180} INFO - Setting next_dagrun for example_external_task_marker_child to None, run_after=None
[2025-01-01T18:18:30.676-0800] {logging_mixin.py:190} INFO - [2025-01-01T18:18:30.675-0800] {dag.py:4180} INFO - Setting next_dagrun for example_external_task_marker_parent to None, run_after=None
[2025-01-01T18:18:30.703-0800] {processor.py:208} INFO - Processing /opt/anaconda3/envs/airflow_env/lib/python3.9/site-packages/airflow/example_dags/example_external_task_marker_dag.py took 1.592 seconds
[2025-01-01T18:22:25.720-0800] {processor.py:186} INFO - Started process (PID=32744) to work on /opt/anaconda3/envs/airflow_env/lib/python3.9/site-packages/airflow/example_dags/example_external_task_marker_dag.py
[2025-01-01T18:22:25.723-0800] {processor.py:914} INFO - Processing file /opt/anaconda3/envs/airflow_env/lib/python3.9/site-packages/airflow/example_dags/example_external_task_marker_dag.py for tasks to queue
[2025-01-01T18:22:25.725-0800] {logging_mixin.py:190} INFO - [2025-01-01T18:22:25.725-0800] {dagbag.py:588} INFO - Filling up the DagBag from /opt/anaconda3/envs/airflow_env/lib/python3.9/site-packages/airflow/example_dags/example_external_task_marker_dag.py
[2025-01-01T18:22:25.742-0800] {processor.py:925} INFO - DAG(s) 'example_external_task_marker_parent', 'example_external_task_marker_child' retrieved from /opt/anaconda3/envs/airflow_env/lib/python3.9/site-packages/airflow/example_dags/example_external_task_marker_dag.py
[2025-01-01T18:22:27.321-0800] {logging_mixin.py:190} INFO - [2025-01-01T18:22:27.321-0800] {dag.py:3239} INFO - Sync 2 DAGs
[2025-01-01T18:22:27.334-0800] {logging_mixin.py:190} INFO - [2025-01-01T18:22:27.334-0800] {dag.py:4180} INFO - Setting next_dagrun for example_external_task_marker_child to None, run_after=None
[2025-01-01T18:22:27.338-0800] {logging_mixin.py:190} INFO - [2025-01-01T18:22:27.338-0800] {dag.py:4180} INFO - Setting next_dagrun for example_external_task_marker_parent to None, run_after=None
[2025-01-01T18:22:27.362-0800] {processor.py:208} INFO - Processing /opt/anaconda3/envs/airflow_env/lib/python3.9/site-packages/airflow/example_dags/example_external_task_marker_dag.py took 1.646 seconds
[2025-01-01T18:26:01.202-0800] {processor.py:186} INFO - Started process (PID=32947) to work on /opt/anaconda3/envs/airflow_env/lib/python3.9/site-packages/airflow/example_dags/example_external_task_marker_dag.py
[2025-01-01T18:26:01.207-0800] {processor.py:914} INFO - Processing file /opt/anaconda3/envs/airflow_env/lib/python3.9/site-packages/airflow/example_dags/example_external_task_marker_dag.py for tasks to queue
[2025-01-01T18:26:01.210-0800] {logging_mixin.py:190} INFO - [2025-01-01T18:26:01.210-0800] {dagbag.py:588} INFO - Filling up the DagBag from /opt/anaconda3/envs/airflow_env/lib/python3.9/site-packages/airflow/example_dags/example_external_task_marker_dag.py
[2025-01-01T18:26:01.245-0800] {processor.py:925} INFO - DAG(s) 'example_external_task_marker_parent', 'example_external_task_marker_child' retrieved from /opt/anaconda3/envs/airflow_env/lib/python3.9/site-packages/airflow/example_dags/example_external_task_marker_dag.py
[2025-01-01T18:26:03.030-0800] {logging_mixin.py:190} INFO - [2025-01-01T18:26:03.029-0800] {dag.py:3239} INFO - Sync 2 DAGs
[2025-01-01T18:26:03.048-0800] {logging_mixin.py:190} INFO - [2025-01-01T18:26:03.048-0800] {dag.py:4180} INFO - Setting next_dagrun for example_external_task_marker_child to None, run_after=None
[2025-01-01T18:26:03.052-0800] {logging_mixin.py:190} INFO - [2025-01-01T18:26:03.052-0800] {dag.py:4180} INFO - Setting next_dagrun for example_external_task_marker_parent to None, run_after=None
[2025-01-01T18:26:03.073-0800] {processor.py:208} INFO - Processing /opt/anaconda3/envs/airflow_env/lib/python3.9/site-packages/airflow/example_dags/example_external_task_marker_dag.py took 1.887 seconds
[2025-01-01T18:29:34.394-0800] {processor.py:186} INFO - Started process (PID=33238) to work on /opt/anaconda3/envs/airflow_env/lib/python3.9/site-packages/airflow/example_dags/example_external_task_marker_dag.py
[2025-01-01T18:29:34.399-0800] {processor.py:914} INFO - Processing file /opt/anaconda3/envs/airflow_env/lib/python3.9/site-packages/airflow/example_dags/example_external_task_marker_dag.py for tasks to queue
[2025-01-01T18:29:34.401-0800] {logging_mixin.py:190} INFO - [2025-01-01T18:29:34.401-0800] {dagbag.py:588} INFO - Filling up the DagBag from /opt/anaconda3/envs/airflow_env/lib/python3.9/site-packages/airflow/example_dags/example_external_task_marker_dag.py
[2025-01-01T18:29:34.441-0800] {processor.py:925} INFO - DAG(s) 'example_external_task_marker_parent', 'example_external_task_marker_child' retrieved from /opt/anaconda3/envs/airflow_env/lib/python3.9/site-packages/airflow/example_dags/example_external_task_marker_dag.py
[2025-01-01T18:29:36.194-0800] {logging_mixin.py:190} INFO - [2025-01-01T18:29:36.193-0800] {dag.py:3239} INFO - Sync 2 DAGs
[2025-01-01T18:29:36.221-0800] {logging_mixin.py:190} INFO - [2025-01-01T18:29:36.220-0800] {dag.py:4180} INFO - Setting next_dagrun for example_external_task_marker_child to None, run_after=None
[2025-01-01T18:29:36.227-0800] {logging_mixin.py:190} INFO - [2025-01-01T18:29:36.227-0800] {dag.py:4180} INFO - Setting next_dagrun for example_external_task_marker_parent to None, run_after=None
[2025-01-01T18:29:36.260-0800] {processor.py:208} INFO - Processing /opt/anaconda3/envs/airflow_env/lib/python3.9/site-packages/airflow/example_dags/example_external_task_marker_dag.py took 1.914 seconds
[2025-01-01T18:33:11.027-0800] {processor.py:186} INFO - Started process (PID=33429) to work on /opt/anaconda3/envs/airflow_env/lib/python3.9/site-packages/airflow/example_dags/example_external_task_marker_dag.py
[2025-01-01T18:33:11.029-0800] {processor.py:914} INFO - Processing file /opt/anaconda3/envs/airflow_env/lib/python3.9/site-packages/airflow/example_dags/example_external_task_marker_dag.py for tasks to queue
[2025-01-01T18:33:11.030-0800] {logging_mixin.py:190} INFO - [2025-01-01T18:33:11.030-0800] {dagbag.py:588} INFO - Filling up the DagBag from /opt/anaconda3/envs/airflow_env/lib/python3.9/site-packages/airflow/example_dags/example_external_task_marker_dag.py
[2025-01-01T18:33:11.053-0800] {processor.py:925} INFO - DAG(s) 'example_external_task_marker_child', 'example_external_task_marker_parent' retrieved from /opt/anaconda3/envs/airflow_env/lib/python3.9/site-packages/airflow/example_dags/example_external_task_marker_dag.py
[2025-01-01T18:33:12.589-0800] {logging_mixin.py:190} INFO - [2025-01-01T18:33:12.588-0800] {dag.py:3239} INFO - Sync 2 DAGs
[2025-01-01T18:33:12.604-0800] {logging_mixin.py:190} INFO - [2025-01-01T18:33:12.604-0800] {dag.py:4180} INFO - Setting next_dagrun for example_external_task_marker_child to None, run_after=None
[2025-01-01T18:33:12.608-0800] {logging_mixin.py:190} INFO - [2025-01-01T18:33:12.608-0800] {dag.py:4180} INFO - Setting next_dagrun for example_external_task_marker_parent to None, run_after=None
[2025-01-01T18:33:12.631-0800] {processor.py:208} INFO - Processing /opt/anaconda3/envs/airflow_env/lib/python3.9/site-packages/airflow/example_dags/example_external_task_marker_dag.py took 1.609 seconds
[2025-01-01T18:39:01.563-0800] {processor.py:186} INFO - Started process (PID=33755) to work on /opt/anaconda3/envs/airflow_env/lib/python3.9/site-packages/airflow/example_dags/example_external_task_marker_dag.py
[2025-01-01T18:39:01.567-0800] {processor.py:914} INFO - Processing file /opt/anaconda3/envs/airflow_env/lib/python3.9/site-packages/airflow/example_dags/example_external_task_marker_dag.py for tasks to queue
[2025-01-01T18:39:01.568-0800] {logging_mixin.py:190} INFO - [2025-01-01T18:39:01.568-0800] {dagbag.py:588} INFO - Filling up the DagBag from /opt/anaconda3/envs/airflow_env/lib/python3.9/site-packages/airflow/example_dags/example_external_task_marker_dag.py
[2025-01-01T18:39:01.704-0800] {processor.py:925} INFO - DAG(s) 'example_external_task_marker_parent', 'example_external_task_marker_child' retrieved from /opt/anaconda3/envs/airflow_env/lib/python3.9/site-packages/airflow/example_dags/example_external_task_marker_dag.py
[2025-01-01T18:39:04.439-0800] {logging_mixin.py:190} INFO - [2025-01-01T18:39:04.438-0800] {dag.py:3239} INFO - Sync 2 DAGs
[2025-01-01T18:39:04.483-0800] {logging_mixin.py:190} INFO - [2025-01-01T18:39:04.482-0800] {dag.py:4180} INFO - Setting next_dagrun for example_external_task_marker_child to None, run_after=None
[2025-01-01T18:39:04.490-0800] {logging_mixin.py:190} INFO - [2025-01-01T18:39:04.489-0800] {dag.py:4180} INFO - Setting next_dagrun for example_external_task_marker_parent to None, run_after=None
[2025-01-01T18:39:04.536-0800] {processor.py:208} INFO - Processing /opt/anaconda3/envs/airflow_env/lib/python3.9/site-packages/airflow/example_dags/example_external_task_marker_dag.py took 2.983 seconds
