[2025-01-01T16:10:16.544-0800] {processor.py:186} INFO - Started process (PID=26378) to work on /opt/anaconda3/envs/airflow_env/lib/python3.9/site-packages/airflow/example_dags/example_xcomargs.py
[2025-01-01T16:10:16.546-0800] {processor.py:914} INFO - Processing file /opt/anaconda3/envs/airflow_env/lib/python3.9/site-packages/airflow/example_dags/example_xcomargs.py for tasks to queue
[2025-01-01T16:10:16.548-0800] {logging_mixin.py:190} INFO - [2025-01-01T16:10:16.547-0800] {dagbag.py:588} INFO - Filling up the DagBag from /opt/anaconda3/envs/airflow_env/lib/python3.9/site-packages/airflow/example_dags/example_xcomargs.py
[2025-01-01T16:10:16.598-0800] {processor.py:925} INFO - DAG(s) 'example_xcom_args_with_operators', 'example_xcom_args' retrieved from /opt/anaconda3/envs/airflow_env/lib/python3.9/site-packages/airflow/example_dags/example_xcomargs.py
[2025-01-01T16:10:16.733-0800] {logging_mixin.py:190} INFO - [2025-01-01T16:10:16.733-0800] {dag.py:3239} INFO - Sync 2 DAGs
[2025-01-01T16:10:16.749-0800] {logging_mixin.py:190} INFO - [2025-01-01T16:10:16.748-0800] {dag.py:4180} INFO - Setting next_dagrun for example_xcom_args to None, run_after=None
[2025-01-01T16:10:16.752-0800] {logging_mixin.py:190} INFO - [2025-01-01T16:10:16.752-0800] {dag.py:4180} INFO - Setting next_dagrun for example_xcom_args_with_operators to None, run_after=None
[2025-01-01T16:10:16.777-0800] {processor.py:208} INFO - Processing /opt/anaconda3/envs/airflow_env/lib/python3.9/site-packages/airflow/example_dags/example_xcomargs.py took 0.238 seconds
[2025-01-01T16:14:04.094-0800] {processor.py:186} INFO - Started process (PID=26757) to work on /opt/anaconda3/envs/airflow_env/lib/python3.9/site-packages/airflow/example_dags/example_xcomargs.py
[2025-01-01T16:14:04.098-0800] {processor.py:914} INFO - Processing file /opt/anaconda3/envs/airflow_env/lib/python3.9/site-packages/airflow/example_dags/example_xcomargs.py for tasks to queue
[2025-01-01T16:14:04.099-0800] {logging_mixin.py:190} INFO - [2025-01-01T16:14:04.099-0800] {dagbag.py:588} INFO - Filling up the DagBag from /opt/anaconda3/envs/airflow_env/lib/python3.9/site-packages/airflow/example_dags/example_xcomargs.py
[2025-01-01T16:14:04.196-0800] {processor.py:925} INFO - DAG(s) 'example_xcom_args_with_operators', 'example_xcom_args' retrieved from /opt/anaconda3/envs/airflow_env/lib/python3.9/site-packages/airflow/example_dags/example_xcomargs.py
[2025-01-01T16:14:04.643-0800] {logging_mixin.py:190} INFO - [2025-01-01T16:14:04.643-0800] {dag.py:3239} INFO - Sync 2 DAGs
[2025-01-01T16:14:04.666-0800] {logging_mixin.py:190} INFO - [2025-01-01T16:14:04.665-0800] {dag.py:4180} INFO - Setting next_dagrun for example_xcom_args to None, run_after=None
[2025-01-01T16:14:04.671-0800] {logging_mixin.py:190} INFO - [2025-01-01T16:14:04.671-0800] {dag.py:4180} INFO - Setting next_dagrun for example_xcom_args_with_operators to None, run_after=None
[2025-01-01T16:14:04.702-0800] {processor.py:208} INFO - Processing /opt/anaconda3/envs/airflow_env/lib/python3.9/site-packages/airflow/example_dags/example_xcomargs.py took 0.613 seconds
[2025-01-01T16:17:42.999-0800] {processor.py:186} INFO - Started process (PID=26947) to work on /opt/anaconda3/envs/airflow_env/lib/python3.9/site-packages/airflow/example_dags/example_xcomargs.py
[2025-01-01T16:17:43.001-0800] {processor.py:914} INFO - Processing file /opt/anaconda3/envs/airflow_env/lib/python3.9/site-packages/airflow/example_dags/example_xcomargs.py for tasks to queue
[2025-01-01T16:17:43.003-0800] {logging_mixin.py:190} INFO - [2025-01-01T16:17:43.003-0800] {dagbag.py:588} INFO - Filling up the DagBag from /opt/anaconda3/envs/airflow_env/lib/python3.9/site-packages/airflow/example_dags/example_xcomargs.py
[2025-01-01T16:17:43.045-0800] {processor.py:925} INFO - DAG(s) 'example_xcom_args_with_operators', 'example_xcom_args' retrieved from /opt/anaconda3/envs/airflow_env/lib/python3.9/site-packages/airflow/example_dags/example_xcomargs.py
[2025-01-01T16:17:43.176-0800] {logging_mixin.py:190} INFO - [2025-01-01T16:17:43.176-0800] {dag.py:3239} INFO - Sync 2 DAGs
[2025-01-01T16:17:43.189-0800] {logging_mixin.py:190} INFO - [2025-01-01T16:17:43.189-0800] {dag.py:4180} INFO - Setting next_dagrun for example_xcom_args to None, run_after=None
[2025-01-01T16:17:43.192-0800] {logging_mixin.py:190} INFO - [2025-01-01T16:17:43.192-0800] {dag.py:4180} INFO - Setting next_dagrun for example_xcom_args_with_operators to None, run_after=None
[2025-01-01T16:17:43.212-0800] {processor.py:208} INFO - Processing /opt/anaconda3/envs/airflow_env/lib/python3.9/site-packages/airflow/example_dags/example_xcomargs.py took 0.217 seconds
[2025-01-01T16:21:35.662-0800] {processor.py:186} INFO - Started process (PID=27165) to work on /opt/anaconda3/envs/airflow_env/lib/python3.9/site-packages/airflow/example_dags/example_xcomargs.py
[2025-01-01T16:21:35.665-0800] {processor.py:914} INFO - Processing file /opt/anaconda3/envs/airflow_env/lib/python3.9/site-packages/airflow/example_dags/example_xcomargs.py for tasks to queue
[2025-01-01T16:21:35.666-0800] {logging_mixin.py:190} INFO - [2025-01-01T16:21:35.666-0800] {dagbag.py:588} INFO - Filling up the DagBag from /opt/anaconda3/envs/airflow_env/lib/python3.9/site-packages/airflow/example_dags/example_xcomargs.py
[2025-01-01T16:21:35.708-0800] {processor.py:925} INFO - DAG(s) 'example_xcom_args_with_operators', 'example_xcom_args' retrieved from /opt/anaconda3/envs/airflow_env/lib/python3.9/site-packages/airflow/example_dags/example_xcomargs.py
[2025-01-01T16:21:35.840-0800] {logging_mixin.py:190} INFO - [2025-01-01T16:21:35.840-0800] {dag.py:3239} INFO - Sync 2 DAGs
[2025-01-01T16:21:35.853-0800] {logging_mixin.py:190} INFO - [2025-01-01T16:21:35.852-0800] {dag.py:4180} INFO - Setting next_dagrun for example_xcom_args to None, run_after=None
[2025-01-01T16:21:35.856-0800] {logging_mixin.py:190} INFO - [2025-01-01T16:21:35.856-0800] {dag.py:4180} INFO - Setting next_dagrun for example_xcom_args_with_operators to None, run_after=None
[2025-01-01T16:21:35.876-0800] {processor.py:208} INFO - Processing /opt/anaconda3/envs/airflow_env/lib/python3.9/site-packages/airflow/example_dags/example_xcomargs.py took 0.218 seconds
[2025-01-01T16:24:39.765-0800] {processor.py:186} INFO - Started process (PID=27278) to work on /opt/anaconda3/envs/airflow_env/lib/python3.9/site-packages/airflow/example_dags/example_xcomargs.py
[2025-01-01T16:24:39.769-0800] {processor.py:914} INFO - Processing file /opt/anaconda3/envs/airflow_env/lib/python3.9/site-packages/airflow/example_dags/example_xcomargs.py for tasks to queue
[2025-01-01T16:24:39.770-0800] {logging_mixin.py:190} INFO - [2025-01-01T16:24:39.770-0800] {dagbag.py:588} INFO - Filling up the DagBag from /opt/anaconda3/envs/airflow_env/lib/python3.9/site-packages/airflow/example_dags/example_xcomargs.py
[2025-01-01T16:24:39.833-0800] {processor.py:925} INFO - DAG(s) 'example_xcom_args', 'example_xcom_args_with_operators' retrieved from /opt/anaconda3/envs/airflow_env/lib/python3.9/site-packages/airflow/example_dags/example_xcomargs.py
[2025-01-01T16:24:39.976-0800] {logging_mixin.py:190} INFO - [2025-01-01T16:24:39.976-0800] {dag.py:3239} INFO - Sync 2 DAGs
[2025-01-01T16:24:39.990-0800] {logging_mixin.py:190} INFO - [2025-01-01T16:24:39.989-0800] {dag.py:4180} INFO - Setting next_dagrun for example_xcom_args to None, run_after=None
[2025-01-01T16:24:39.993-0800] {logging_mixin.py:190} INFO - [2025-01-01T16:24:39.993-0800] {dag.py:4180} INFO - Setting next_dagrun for example_xcom_args_with_operators to None, run_after=None
[2025-01-01T16:24:40.016-0800] {processor.py:208} INFO - Processing /opt/anaconda3/envs/airflow_env/lib/python3.9/site-packages/airflow/example_dags/example_xcomargs.py took 0.256 seconds
[2025-01-01T16:27:30.211-0800] {processor.py:186} INFO - Started process (PID=27381) to work on /opt/anaconda3/envs/airflow_env/lib/python3.9/site-packages/airflow/example_dags/example_xcomargs.py
[2025-01-01T16:27:30.213-0800] {processor.py:914} INFO - Processing file /opt/anaconda3/envs/airflow_env/lib/python3.9/site-packages/airflow/example_dags/example_xcomargs.py for tasks to queue
[2025-01-01T16:27:30.215-0800] {logging_mixin.py:190} INFO - [2025-01-01T16:27:30.215-0800] {dagbag.py:588} INFO - Filling up the DagBag from /opt/anaconda3/envs/airflow_env/lib/python3.9/site-packages/airflow/example_dags/example_xcomargs.py
[2025-01-01T16:27:30.255-0800] {processor.py:925} INFO - DAG(s) 'example_xcom_args', 'example_xcom_args_with_operators' retrieved from /opt/anaconda3/envs/airflow_env/lib/python3.9/site-packages/airflow/example_dags/example_xcomargs.py
[2025-01-01T16:27:30.386-0800] {logging_mixin.py:190} INFO - [2025-01-01T16:27:30.386-0800] {dag.py:3239} INFO - Sync 2 DAGs
[2025-01-01T16:27:30.407-0800] {logging_mixin.py:190} INFO - [2025-01-01T16:27:30.407-0800] {dag.py:4180} INFO - Setting next_dagrun for example_xcom_args to None, run_after=None
[2025-01-01T16:27:30.413-0800] {logging_mixin.py:190} INFO - [2025-01-01T16:27:30.412-0800] {dag.py:4180} INFO - Setting next_dagrun for example_xcom_args_with_operators to None, run_after=None
[2025-01-01T16:27:30.439-0800] {processor.py:208} INFO - Processing /opt/anaconda3/envs/airflow_env/lib/python3.9/site-packages/airflow/example_dags/example_xcomargs.py took 0.232 seconds
[2025-01-01T16:30:22.522-0800] {processor.py:186} INFO - Started process (PID=27486) to work on /opt/anaconda3/envs/airflow_env/lib/python3.9/site-packages/airflow/example_dags/example_xcomargs.py
[2025-01-01T16:30:22.525-0800] {processor.py:914} INFO - Processing file /opt/anaconda3/envs/airflow_env/lib/python3.9/site-packages/airflow/example_dags/example_xcomargs.py for tasks to queue
[2025-01-01T16:30:22.526-0800] {logging_mixin.py:190} INFO - [2025-01-01T16:30:22.526-0800] {dagbag.py:588} INFO - Filling up the DagBag from /opt/anaconda3/envs/airflow_env/lib/python3.9/site-packages/airflow/example_dags/example_xcomargs.py
[2025-01-01T16:30:22.573-0800] {processor.py:925} INFO - DAG(s) 'example_xcom_args_with_operators', 'example_xcom_args' retrieved from /opt/anaconda3/envs/airflow_env/lib/python3.9/site-packages/airflow/example_dags/example_xcomargs.py
[2025-01-01T16:30:22.710-0800] {logging_mixin.py:190} INFO - [2025-01-01T16:30:22.709-0800] {dag.py:3239} INFO - Sync 2 DAGs
[2025-01-01T16:30:22.724-0800] {logging_mixin.py:190} INFO - [2025-01-01T16:30:22.724-0800] {dag.py:4180} INFO - Setting next_dagrun for example_xcom_args to None, run_after=None
[2025-01-01T16:30:22.728-0800] {logging_mixin.py:190} INFO - [2025-01-01T16:30:22.727-0800] {dag.py:4180} INFO - Setting next_dagrun for example_xcom_args_with_operators to None, run_after=None
[2025-01-01T16:30:22.751-0800] {processor.py:208} INFO - Processing /opt/anaconda3/envs/airflow_env/lib/python3.9/site-packages/airflow/example_dags/example_xcomargs.py took 0.238 seconds
[2025-01-01T17:06:20.080-0800] {processor.py:186} INFO - Started process (PID=27675) to work on /opt/anaconda3/envs/airflow_env/lib/python3.9/site-packages/airflow/example_dags/example_xcomargs.py
[2025-01-01T17:06:20.082-0800] {processor.py:914} INFO - Processing file /opt/anaconda3/envs/airflow_env/lib/python3.9/site-packages/airflow/example_dags/example_xcomargs.py for tasks to queue
[2025-01-01T17:06:20.084-0800] {logging_mixin.py:190} INFO - [2025-01-01T17:06:20.084-0800] {dagbag.py:588} INFO - Filling up the DagBag from /opt/anaconda3/envs/airflow_env/lib/python3.9/site-packages/airflow/example_dags/example_xcomargs.py
[2025-01-01T17:06:20.152-0800] {processor.py:925} INFO - DAG(s) 'example_xcom_args', 'example_xcom_args_with_operators' retrieved from /opt/anaconda3/envs/airflow_env/lib/python3.9/site-packages/airflow/example_dags/example_xcomargs.py
[2025-01-01T17:06:20.353-0800] {logging_mixin.py:190} INFO - [2025-01-01T17:06:20.352-0800] {dag.py:3239} INFO - Sync 2 DAGs
[2025-01-01T17:06:20.393-0800] {logging_mixin.py:190} INFO - [2025-01-01T17:06:20.393-0800] {dag.py:4180} INFO - Setting next_dagrun for example_xcom_args to None, run_after=None
[2025-01-01T17:06:20.399-0800] {logging_mixin.py:190} INFO - [2025-01-01T17:06:20.398-0800] {dag.py:4180} INFO - Setting next_dagrun for example_xcom_args_with_operators to None, run_after=None
[2025-01-01T17:06:20.457-0800] {processor.py:208} INFO - Processing /opt/anaconda3/envs/airflow_env/lib/python3.9/site-packages/airflow/example_dags/example_xcomargs.py took 0.381 seconds
[2025-01-01T17:10:51.988-0800] {processor.py:186} INFO - Started process (PID=27863) to work on /opt/anaconda3/envs/airflow_env/lib/python3.9/site-packages/airflow/example_dags/example_xcomargs.py
[2025-01-01T17:10:51.992-0800] {processor.py:914} INFO - Processing file /opt/anaconda3/envs/airflow_env/lib/python3.9/site-packages/airflow/example_dags/example_xcomargs.py for tasks to queue
[2025-01-01T17:10:51.995-0800] {logging_mixin.py:190} INFO - [2025-01-01T17:10:51.994-0800] {dagbag.py:588} INFO - Filling up the DagBag from /opt/anaconda3/envs/airflow_env/lib/python3.9/site-packages/airflow/example_dags/example_xcomargs.py
[2025-01-01T17:10:52.052-0800] {processor.py:925} INFO - DAG(s) 'example_xcom_args_with_operators', 'example_xcom_args' retrieved from /opt/anaconda3/envs/airflow_env/lib/python3.9/site-packages/airflow/example_dags/example_xcomargs.py
[2025-01-01T17:10:52.278-0800] {logging_mixin.py:190} INFO - [2025-01-01T17:10:52.278-0800] {dag.py:3239} INFO - Sync 2 DAGs
[2025-01-01T17:10:52.294-0800] {logging_mixin.py:190} INFO - [2025-01-01T17:10:52.293-0800] {dag.py:4180} INFO - Setting next_dagrun for example_xcom_args to None, run_after=None
[2025-01-01T17:10:52.301-0800] {logging_mixin.py:190} INFO - [2025-01-01T17:10:52.301-0800] {dag.py:4180} INFO - Setting next_dagrun for example_xcom_args_with_operators to None, run_after=None
[2025-01-01T17:10:52.327-0800] {processor.py:208} INFO - Processing /opt/anaconda3/envs/airflow_env/lib/python3.9/site-packages/airflow/example_dags/example_xcomargs.py took 0.344 seconds
[2025-01-01T17:14:31.762-0800] {processor.py:186} INFO - Started process (PID=28021) to work on /opt/anaconda3/envs/airflow_env/lib/python3.9/site-packages/airflow/example_dags/example_xcomargs.py
[2025-01-01T17:14:31.765-0800] {processor.py:914} INFO - Processing file /opt/anaconda3/envs/airflow_env/lib/python3.9/site-packages/airflow/example_dags/example_xcomargs.py for tasks to queue
[2025-01-01T17:14:31.768-0800] {logging_mixin.py:190} INFO - [2025-01-01T17:14:31.767-0800] {dagbag.py:588} INFO - Filling up the DagBag from /opt/anaconda3/envs/airflow_env/lib/python3.9/site-packages/airflow/example_dags/example_xcomargs.py
[2025-01-01T17:14:31.813-0800] {processor.py:925} INFO - DAG(s) 'example_xcom_args', 'example_xcom_args_with_operators' retrieved from /opt/anaconda3/envs/airflow_env/lib/python3.9/site-packages/airflow/example_dags/example_xcomargs.py
[2025-01-01T17:14:31.950-0800] {logging_mixin.py:190} INFO - [2025-01-01T17:14:31.950-0800] {dag.py:3239} INFO - Sync 2 DAGs
[2025-01-01T17:14:31.963-0800] {logging_mixin.py:190} INFO - [2025-01-01T17:14:31.963-0800] {dag.py:4180} INFO - Setting next_dagrun for example_xcom_args to None, run_after=None
[2025-01-01T17:14:31.967-0800] {logging_mixin.py:190} INFO - [2025-01-01T17:14:31.967-0800] {dag.py:4180} INFO - Setting next_dagrun for example_xcom_args_with_operators to None, run_after=None
[2025-01-01T17:14:31.987-0800] {processor.py:208} INFO - Processing /opt/anaconda3/envs/airflow_env/lib/python3.9/site-packages/airflow/example_dags/example_xcomargs.py took 0.229 seconds
[2025-01-01T17:18:12.203-0800] {processor.py:186} INFO - Started process (PID=28190) to work on /opt/anaconda3/envs/airflow_env/lib/python3.9/site-packages/airflow/example_dags/example_xcomargs.py
[2025-01-01T17:18:12.206-0800] {processor.py:914} INFO - Processing file /opt/anaconda3/envs/airflow_env/lib/python3.9/site-packages/airflow/example_dags/example_xcomargs.py for tasks to queue
[2025-01-01T17:18:12.207-0800] {logging_mixin.py:190} INFO - [2025-01-01T17:18:12.207-0800] {dagbag.py:588} INFO - Filling up the DagBag from /opt/anaconda3/envs/airflow_env/lib/python3.9/site-packages/airflow/example_dags/example_xcomargs.py
[2025-01-01T17:18:12.255-0800] {processor.py:925} INFO - DAG(s) 'example_xcom_args_with_operators', 'example_xcom_args' retrieved from /opt/anaconda3/envs/airflow_env/lib/python3.9/site-packages/airflow/example_dags/example_xcomargs.py
[2025-01-01T17:18:12.391-0800] {logging_mixin.py:190} INFO - [2025-01-01T17:18:12.390-0800] {dag.py:3239} INFO - Sync 2 DAGs
[2025-01-01T17:18:12.407-0800] {logging_mixin.py:190} INFO - [2025-01-01T17:18:12.406-0800] {dag.py:4180} INFO - Setting next_dagrun for example_xcom_args to None, run_after=None
[2025-01-01T17:18:12.410-0800] {logging_mixin.py:190} INFO - [2025-01-01T17:18:12.410-0800] {dag.py:4180} INFO - Setting next_dagrun for example_xcom_args_with_operators to None, run_after=None
[2025-01-01T17:18:12.432-0800] {processor.py:208} INFO - Processing /opt/anaconda3/envs/airflow_env/lib/python3.9/site-packages/airflow/example_dags/example_xcomargs.py took 0.233 seconds
[2025-01-01T17:22:12.601-0800] {processor.py:186} INFO - Started process (PID=28374) to work on /opt/anaconda3/envs/airflow_env/lib/python3.9/site-packages/airflow/example_dags/example_xcomargs.py
[2025-01-01T17:22:12.604-0800] {processor.py:914} INFO - Processing file /opt/anaconda3/envs/airflow_env/lib/python3.9/site-packages/airflow/example_dags/example_xcomargs.py for tasks to queue
[2025-01-01T17:22:12.607-0800] {logging_mixin.py:190} INFO - [2025-01-01T17:22:12.606-0800] {dagbag.py:588} INFO - Filling up the DagBag from /opt/anaconda3/envs/airflow_env/lib/python3.9/site-packages/airflow/example_dags/example_xcomargs.py
[2025-01-01T17:22:12.659-0800] {processor.py:925} INFO - DAG(s) 'example_xcom_args_with_operators', 'example_xcom_args' retrieved from /opt/anaconda3/envs/airflow_env/lib/python3.9/site-packages/airflow/example_dags/example_xcomargs.py
[2025-01-01T17:22:12.870-0800] {logging_mixin.py:190} INFO - [2025-01-01T17:22:12.869-0800] {dag.py:3239} INFO - Sync 2 DAGs
[2025-01-01T17:22:12.891-0800] {logging_mixin.py:190} INFO - [2025-01-01T17:22:12.891-0800] {dag.py:4180} INFO - Setting next_dagrun for example_xcom_args to None, run_after=None
[2025-01-01T17:22:12.895-0800] {logging_mixin.py:190} INFO - [2025-01-01T17:22:12.895-0800] {dag.py:4180} INFO - Setting next_dagrun for example_xcom_args_with_operators to None, run_after=None
[2025-01-01T17:22:12.920-0800] {processor.py:208} INFO - Processing /opt/anaconda3/envs/airflow_env/lib/python3.9/site-packages/airflow/example_dags/example_xcomargs.py took 0.323 seconds
[2025-01-01T17:25:35.159-0800] {processor.py:186} INFO - Started process (PID=28508) to work on /opt/anaconda3/envs/airflow_env/lib/python3.9/site-packages/airflow/example_dags/example_xcomargs.py
[2025-01-01T17:25:35.161-0800] {processor.py:914} INFO - Processing file /opt/anaconda3/envs/airflow_env/lib/python3.9/site-packages/airflow/example_dags/example_xcomargs.py for tasks to queue
[2025-01-01T17:25:35.163-0800] {logging_mixin.py:190} INFO - [2025-01-01T17:25:35.163-0800] {dagbag.py:588} INFO - Filling up the DagBag from /opt/anaconda3/envs/airflow_env/lib/python3.9/site-packages/airflow/example_dags/example_xcomargs.py
[2025-01-01T17:25:35.221-0800] {processor.py:925} INFO - DAG(s) 'example_xcom_args', 'example_xcom_args_with_operators' retrieved from /opt/anaconda3/envs/airflow_env/lib/python3.9/site-packages/airflow/example_dags/example_xcomargs.py
[2025-01-01T17:25:35.364-0800] {logging_mixin.py:190} INFO - [2025-01-01T17:25:35.363-0800] {dag.py:3239} INFO - Sync 2 DAGs
[2025-01-01T17:25:35.379-0800] {logging_mixin.py:190} INFO - [2025-01-01T17:25:35.378-0800] {dag.py:4180} INFO - Setting next_dagrun for example_xcom_args to None, run_after=None
[2025-01-01T17:25:35.382-0800] {logging_mixin.py:190} INFO - [2025-01-01T17:25:35.382-0800] {dag.py:4180} INFO - Setting next_dagrun for example_xcom_args_with_operators to None, run_after=None
[2025-01-01T17:25:35.402-0800] {processor.py:208} INFO - Processing /opt/anaconda3/envs/airflow_env/lib/python3.9/site-packages/airflow/example_dags/example_xcomargs.py took 0.248 seconds
[2025-01-01T17:27:06.174-0800] {processor.py:186} INFO - Started process (PID=28568) to work on /opt/anaconda3/envs/airflow_env/lib/python3.9/site-packages/airflow/example_dags/example_xcomargs.py
[2025-01-01T17:27:06.176-0800] {processor.py:914} INFO - Processing file /opt/anaconda3/envs/airflow_env/lib/python3.9/site-packages/airflow/example_dags/example_xcomargs.py for tasks to queue
[2025-01-01T17:27:06.178-0800] {logging_mixin.py:190} INFO - [2025-01-01T17:27:06.177-0800] {dagbag.py:588} INFO - Filling up the DagBag from /opt/anaconda3/envs/airflow_env/lib/python3.9/site-packages/airflow/example_dags/example_xcomargs.py
[2025-01-01T17:27:06.223-0800] {processor.py:925} INFO - DAG(s) 'example_xcom_args', 'example_xcom_args_with_operators' retrieved from /opt/anaconda3/envs/airflow_env/lib/python3.9/site-packages/airflow/example_dags/example_xcomargs.py
[2025-01-01T17:27:06.355-0800] {logging_mixin.py:190} INFO - [2025-01-01T17:27:06.354-0800] {dag.py:3239} INFO - Sync 2 DAGs
[2025-01-01T17:27:06.369-0800] {logging_mixin.py:190} INFO - [2025-01-01T17:27:06.369-0800] {dag.py:4180} INFO - Setting next_dagrun for example_xcom_args to None, run_after=None
[2025-01-01T17:27:06.373-0800] {logging_mixin.py:190} INFO - [2025-01-01T17:27:06.373-0800] {dag.py:4180} INFO - Setting next_dagrun for example_xcom_args_with_operators to None, run_after=None
[2025-01-01T17:27:06.392-0800] {processor.py:208} INFO - Processing /opt/anaconda3/envs/airflow_env/lib/python3.9/site-packages/airflow/example_dags/example_xcomargs.py took 0.223 seconds
[2025-01-01T17:31:01.814-0800] {processor.py:186} INFO - Started process (PID=29000) to work on /opt/anaconda3/envs/airflow_env/lib/python3.9/site-packages/airflow/example_dags/example_xcomargs.py
[2025-01-01T17:31:01.817-0800] {processor.py:914} INFO - Processing file /opt/anaconda3/envs/airflow_env/lib/python3.9/site-packages/airflow/example_dags/example_xcomargs.py for tasks to queue
[2025-01-01T17:31:01.819-0800] {logging_mixin.py:190} INFO - [2025-01-01T17:31:01.818-0800] {dagbag.py:588} INFO - Filling up the DagBag from /opt/anaconda3/envs/airflow_env/lib/python3.9/site-packages/airflow/example_dags/example_xcomargs.py
[2025-01-01T17:31:01.870-0800] {processor.py:925} INFO - DAG(s) 'example_xcom_args', 'example_xcom_args_with_operators' retrieved from /opt/anaconda3/envs/airflow_env/lib/python3.9/site-packages/airflow/example_dags/example_xcomargs.py
[2025-01-01T17:31:02.044-0800] {logging_mixin.py:190} INFO - [2025-01-01T17:31:02.043-0800] {dag.py:3239} INFO - Sync 2 DAGs
[2025-01-01T17:31:02.073-0800] {logging_mixin.py:190} INFO - [2025-01-01T17:31:02.072-0800] {dag.py:4180} INFO - Setting next_dagrun for example_xcom_args to None, run_after=None
[2025-01-01T17:31:02.078-0800] {logging_mixin.py:190} INFO - [2025-01-01T17:31:02.078-0800] {dag.py:4180} INFO - Setting next_dagrun for example_xcom_args_with_operators to None, run_after=None
[2025-01-01T17:31:02.100-0800] {processor.py:208} INFO - Processing /opt/anaconda3/envs/airflow_env/lib/python3.9/site-packages/airflow/example_dags/example_xcomargs.py took 0.293 seconds
[2025-01-01T17:35:01.981-0800] {processor.py:186} INFO - Started process (PID=29237) to work on /opt/anaconda3/envs/airflow_env/lib/python3.9/site-packages/airflow/example_dags/example_xcomargs.py
[2025-01-01T17:35:01.985-0800] {processor.py:914} INFO - Processing file /opt/anaconda3/envs/airflow_env/lib/python3.9/site-packages/airflow/example_dags/example_xcomargs.py for tasks to queue
[2025-01-01T17:35:01.990-0800] {logging_mixin.py:190} INFO - [2025-01-01T17:35:01.989-0800] {dagbag.py:588} INFO - Filling up the DagBag from /opt/anaconda3/envs/airflow_env/lib/python3.9/site-packages/airflow/example_dags/example_xcomargs.py
[2025-01-01T17:35:02.167-0800] {processor.py:925} INFO - DAG(s) 'example_xcom_args_with_operators', 'example_xcom_args' retrieved from /opt/anaconda3/envs/airflow_env/lib/python3.9/site-packages/airflow/example_dags/example_xcomargs.py
[2025-01-01T17:35:02.788-0800] {logging_mixin.py:190} INFO - [2025-01-01T17:35:02.788-0800] {dag.py:3239} INFO - Sync 2 DAGs
[2025-01-01T17:35:02.817-0800] {logging_mixin.py:190} INFO - [2025-01-01T17:35:02.817-0800] {dag.py:4180} INFO - Setting next_dagrun for example_xcom_args to None, run_after=None
[2025-01-01T17:35:02.821-0800] {logging_mixin.py:190} INFO - [2025-01-01T17:35:02.821-0800] {dag.py:4180} INFO - Setting next_dagrun for example_xcom_args_with_operators to None, run_after=None
[2025-01-01T17:35:02.852-0800] {processor.py:208} INFO - Processing /opt/anaconda3/envs/airflow_env/lib/python3.9/site-packages/airflow/example_dags/example_xcomargs.py took 0.886 seconds
[2025-01-01T17:38:36.873-0800] {processor.py:186} INFO - Started process (PID=29542) to work on /opt/anaconda3/envs/airflow_env/lib/python3.9/site-packages/airflow/example_dags/example_xcomargs.py
[2025-01-01T17:38:36.879-0800] {processor.py:914} INFO - Processing file /opt/anaconda3/envs/airflow_env/lib/python3.9/site-packages/airflow/example_dags/example_xcomargs.py for tasks to queue
[2025-01-01T17:38:36.880-0800] {logging_mixin.py:190} INFO - [2025-01-01T17:38:36.880-0800] {dagbag.py:588} INFO - Filling up the DagBag from /opt/anaconda3/envs/airflow_env/lib/python3.9/site-packages/airflow/example_dags/example_xcomargs.py
[2025-01-01T17:38:36.977-0800] {processor.py:925} INFO - DAG(s) 'example_xcom_args', 'example_xcom_args_with_operators' retrieved from /opt/anaconda3/envs/airflow_env/lib/python3.9/site-packages/airflow/example_dags/example_xcomargs.py
[2025-01-01T17:38:37.135-0800] {logging_mixin.py:190} INFO - [2025-01-01T17:38:37.135-0800] {dag.py:3239} INFO - Sync 2 DAGs
[2025-01-01T17:38:37.151-0800] {logging_mixin.py:190} INFO - [2025-01-01T17:38:37.151-0800] {dag.py:4180} INFO - Setting next_dagrun for example_xcom_args to None, run_after=None
[2025-01-01T17:38:37.156-0800] {logging_mixin.py:190} INFO - [2025-01-01T17:38:37.155-0800] {dag.py:4180} INFO - Setting next_dagrun for example_xcom_args_with_operators to None, run_after=None
[2025-01-01T17:38:37.182-0800] {processor.py:208} INFO - Processing /opt/anaconda3/envs/airflow_env/lib/python3.9/site-packages/airflow/example_dags/example_xcomargs.py took 0.313 seconds
[2025-01-01T17:49:25.821-0800] {processor.py:186} INFO - Started process (PID=30346) to work on /opt/anaconda3/envs/airflow_env/lib/python3.9/site-packages/airflow/example_dags/example_xcomargs.py
[2025-01-01T17:49:25.826-0800] {processor.py:914} INFO - Processing file /opt/anaconda3/envs/airflow_env/lib/python3.9/site-packages/airflow/example_dags/example_xcomargs.py for tasks to queue
[2025-01-01T17:49:25.834-0800] {logging_mixin.py:190} INFO - [2025-01-01T17:49:25.834-0800] {dagbag.py:588} INFO - Filling up the DagBag from /opt/anaconda3/envs/airflow_env/lib/python3.9/site-packages/airflow/example_dags/example_xcomargs.py
[2025-01-01T17:49:25.920-0800] {processor.py:925} INFO - DAG(s) 'example_xcom_args_with_operators', 'example_xcom_args' retrieved from /opt/anaconda3/envs/airflow_env/lib/python3.9/site-packages/airflow/example_dags/example_xcomargs.py
[2025-01-01T17:49:26.067-0800] {logging_mixin.py:190} INFO - [2025-01-01T17:49:26.067-0800] {dag.py:3239} INFO - Sync 2 DAGs
[2025-01-01T17:49:26.080-0800] {logging_mixin.py:190} INFO - [2025-01-01T17:49:26.079-0800] {dag.py:4180} INFO - Setting next_dagrun for example_xcom_args to None, run_after=None
[2025-01-01T17:49:26.083-0800] {logging_mixin.py:190} INFO - [2025-01-01T17:49:26.083-0800] {dag.py:4180} INFO - Setting next_dagrun for example_xcom_args_with_operators to None, run_after=None
[2025-01-01T17:49:26.104-0800] {processor.py:208} INFO - Processing /opt/anaconda3/envs/airflow_env/lib/python3.9/site-packages/airflow/example_dags/example_xcomargs.py took 0.291 seconds
[2025-01-01T18:03:55.101-0800] {processor.py:186} INFO - Started process (PID=31523) to work on /opt/anaconda3/envs/airflow_env/lib/python3.9/site-packages/airflow/example_dags/example_xcomargs.py
[2025-01-01T18:03:55.104-0800] {processor.py:914} INFO - Processing file /opt/anaconda3/envs/airflow_env/lib/python3.9/site-packages/airflow/example_dags/example_xcomargs.py for tasks to queue
[2025-01-01T18:03:55.106-0800] {logging_mixin.py:190} INFO - [2025-01-01T18:03:55.105-0800] {dagbag.py:588} INFO - Filling up the DagBag from /opt/anaconda3/envs/airflow_env/lib/python3.9/site-packages/airflow/example_dags/example_xcomargs.py
[2025-01-01T18:03:55.154-0800] {processor.py:925} INFO - DAG(s) 'example_xcom_args_with_operators', 'example_xcom_args' retrieved from /opt/anaconda3/envs/airflow_env/lib/python3.9/site-packages/airflow/example_dags/example_xcomargs.py
[2025-01-01T18:03:55.304-0800] {logging_mixin.py:190} INFO - [2025-01-01T18:03:55.303-0800] {dag.py:3239} INFO - Sync 2 DAGs
[2025-01-01T18:03:55.323-0800] {logging_mixin.py:190} INFO - [2025-01-01T18:03:55.323-0800] {dag.py:4180} INFO - Setting next_dagrun for example_xcom_args to None, run_after=None
[2025-01-01T18:03:55.328-0800] {logging_mixin.py:190} INFO - [2025-01-01T18:03:55.327-0800] {dag.py:4180} INFO - Setting next_dagrun for example_xcom_args_with_operators to None, run_after=None
[2025-01-01T18:03:55.349-0800] {processor.py:208} INFO - Processing /opt/anaconda3/envs/airflow_env/lib/python3.9/site-packages/airflow/example_dags/example_xcomargs.py took 0.251 seconds
[2025-01-01T18:11:53.961-0800] {processor.py:186} INFO - Started process (PID=32344) to work on /opt/anaconda3/envs/airflow_env/lib/python3.9/site-packages/airflow/example_dags/example_xcomargs.py
[2025-01-01T18:11:53.964-0800] {processor.py:914} INFO - Processing file /opt/anaconda3/envs/airflow_env/lib/python3.9/site-packages/airflow/example_dags/example_xcomargs.py for tasks to queue
[2025-01-01T18:11:53.966-0800] {logging_mixin.py:190} INFO - [2025-01-01T18:11:53.965-0800] {dagbag.py:588} INFO - Filling up the DagBag from /opt/anaconda3/envs/airflow_env/lib/python3.9/site-packages/airflow/example_dags/example_xcomargs.py
[2025-01-01T18:11:54.030-0800] {processor.py:925} INFO - DAG(s) 'example_xcom_args_with_operators', 'example_xcom_args' retrieved from /opt/anaconda3/envs/airflow_env/lib/python3.9/site-packages/airflow/example_dags/example_xcomargs.py
[2025-01-01T18:11:54.210-0800] {logging_mixin.py:190} INFO - [2025-01-01T18:11:54.209-0800] {dag.py:3239} INFO - Sync 2 DAGs
[2025-01-01T18:11:54.248-0800] {logging_mixin.py:190} INFO - [2025-01-01T18:11:54.247-0800] {dag.py:4180} INFO - Setting next_dagrun for example_xcom_args to None, run_after=None
[2025-01-01T18:11:54.255-0800] {logging_mixin.py:190} INFO - [2025-01-01T18:11:54.255-0800] {dag.py:4180} INFO - Setting next_dagrun for example_xcom_args_with_operators to None, run_after=None
[2025-01-01T18:11:54.283-0800] {processor.py:208} INFO - Processing /opt/anaconda3/envs/airflow_env/lib/python3.9/site-packages/airflow/example_dags/example_xcomargs.py took 0.328 seconds
[2025-01-01T18:16:13.726-0800] {processor.py:186} INFO - Started process (PID=32481) to work on /opt/anaconda3/envs/airflow_env/lib/python3.9/site-packages/airflow/example_dags/example_xcomargs.py
[2025-01-01T18:16:13.729-0800] {processor.py:914} INFO - Processing file /opt/anaconda3/envs/airflow_env/lib/python3.9/site-packages/airflow/example_dags/example_xcomargs.py for tasks to queue
[2025-01-01T18:16:13.732-0800] {logging_mixin.py:190} INFO - [2025-01-01T18:16:13.732-0800] {dagbag.py:588} INFO - Filling up the DagBag from /opt/anaconda3/envs/airflow_env/lib/python3.9/site-packages/airflow/example_dags/example_xcomargs.py
[2025-01-01T18:16:13.790-0800] {processor.py:925} INFO - DAG(s) 'example_xcom_args', 'example_xcom_args_with_operators' retrieved from /opt/anaconda3/envs/airflow_env/lib/python3.9/site-packages/airflow/example_dags/example_xcomargs.py
[2025-01-01T18:16:14.019-0800] {logging_mixin.py:190} INFO - [2025-01-01T18:16:14.019-0800] {dag.py:3239} INFO - Sync 2 DAGs
[2025-01-01T18:16:14.036-0800] {logging_mixin.py:190} INFO - [2025-01-01T18:16:14.036-0800] {dag.py:4180} INFO - Setting next_dagrun for example_xcom_args to None, run_after=None
[2025-01-01T18:16:14.041-0800] {logging_mixin.py:190} INFO - [2025-01-01T18:16:14.040-0800] {dag.py:4180} INFO - Setting next_dagrun for example_xcom_args_with_operators to None, run_after=None
[2025-01-01T18:16:14.067-0800] {processor.py:208} INFO - Processing /opt/anaconda3/envs/airflow_env/lib/python3.9/site-packages/airflow/example_dags/example_xcomargs.py took 0.347 seconds
[2025-01-01T18:20:16.188-0800] {processor.py:186} INFO - Started process (PID=32646) to work on /opt/anaconda3/envs/airflow_env/lib/python3.9/site-packages/airflow/example_dags/example_xcomargs.py
[2025-01-01T18:20:16.192-0800] {processor.py:914} INFO - Processing file /opt/anaconda3/envs/airflow_env/lib/python3.9/site-packages/airflow/example_dags/example_xcomargs.py for tasks to queue
[2025-01-01T18:20:16.194-0800] {logging_mixin.py:190} INFO - [2025-01-01T18:20:16.194-0800] {dagbag.py:588} INFO - Filling up the DagBag from /opt/anaconda3/envs/airflow_env/lib/python3.9/site-packages/airflow/example_dags/example_xcomargs.py
[2025-01-01T18:20:16.331-0800] {processor.py:925} INFO - DAG(s) 'example_xcom_args', 'example_xcom_args_with_operators' retrieved from /opt/anaconda3/envs/airflow_env/lib/python3.9/site-packages/airflow/example_dags/example_xcomargs.py
[2025-01-01T18:20:16.522-0800] {logging_mixin.py:190} INFO - [2025-01-01T18:20:16.522-0800] {dag.py:3239} INFO - Sync 2 DAGs
[2025-01-01T18:20:16.541-0800] {logging_mixin.py:190} INFO - [2025-01-01T18:20:16.541-0800] {dag.py:4180} INFO - Setting next_dagrun for example_xcom_args to None, run_after=None
[2025-01-01T18:20:16.546-0800] {logging_mixin.py:190} INFO - [2025-01-01T18:20:16.546-0800] {dag.py:4180} INFO - Setting next_dagrun for example_xcom_args_with_operators to None, run_after=None
[2025-01-01T18:20:16.585-0800] {processor.py:208} INFO - Processing /opt/anaconda3/envs/airflow_env/lib/python3.9/site-packages/airflow/example_dags/example_xcomargs.py took 0.404 seconds
[2025-01-01T18:23:57.119-0800] {processor.py:186} INFO - Started process (PID=32852) to work on /opt/anaconda3/envs/airflow_env/lib/python3.9/site-packages/airflow/example_dags/example_xcomargs.py
[2025-01-01T18:23:57.123-0800] {processor.py:914} INFO - Processing file /opt/anaconda3/envs/airflow_env/lib/python3.9/site-packages/airflow/example_dags/example_xcomargs.py for tasks to queue
[2025-01-01T18:23:57.125-0800] {logging_mixin.py:190} INFO - [2025-01-01T18:23:57.125-0800] {dagbag.py:588} INFO - Filling up the DagBag from /opt/anaconda3/envs/airflow_env/lib/python3.9/site-packages/airflow/example_dags/example_xcomargs.py
[2025-01-01T18:23:57.165-0800] {processor.py:925} INFO - DAG(s) 'example_xcom_args_with_operators', 'example_xcom_args' retrieved from /opt/anaconda3/envs/airflow_env/lib/python3.9/site-packages/airflow/example_dags/example_xcomargs.py
[2025-01-01T18:23:57.314-0800] {logging_mixin.py:190} INFO - [2025-01-01T18:23:57.314-0800] {dag.py:3239} INFO - Sync 2 DAGs
[2025-01-01T18:23:57.329-0800] {logging_mixin.py:190} INFO - [2025-01-01T18:23:57.329-0800] {dag.py:4180} INFO - Setting next_dagrun for example_xcom_args to None, run_after=None
[2025-01-01T18:23:57.335-0800] {logging_mixin.py:190} INFO - [2025-01-01T18:23:57.334-0800] {dag.py:4180} INFO - Setting next_dagrun for example_xcom_args_with_operators to None, run_after=None
[2025-01-01T18:23:57.356-0800] {processor.py:208} INFO - Processing /opt/anaconda3/envs/airflow_env/lib/python3.9/site-packages/airflow/example_dags/example_xcomargs.py took 0.243 seconds
[2025-01-01T18:27:29.908-0800] {processor.py:186} INFO - Started process (PID=33067) to work on /opt/anaconda3/envs/airflow_env/lib/python3.9/site-packages/airflow/example_dags/example_xcomargs.py
[2025-01-01T18:27:29.910-0800] {processor.py:914} INFO - Processing file /opt/anaconda3/envs/airflow_env/lib/python3.9/site-packages/airflow/example_dags/example_xcomargs.py for tasks to queue
[2025-01-01T18:27:29.912-0800] {logging_mixin.py:190} INFO - [2025-01-01T18:27:29.912-0800] {dagbag.py:588} INFO - Filling up the DagBag from /opt/anaconda3/envs/airflow_env/lib/python3.9/site-packages/airflow/example_dags/example_xcomargs.py
[2025-01-01T18:27:29.955-0800] {processor.py:925} INFO - DAG(s) 'example_xcom_args_with_operators', 'example_xcom_args' retrieved from /opt/anaconda3/envs/airflow_env/lib/python3.9/site-packages/airflow/example_dags/example_xcomargs.py
[2025-01-01T18:27:30.099-0800] {logging_mixin.py:190} INFO - [2025-01-01T18:27:30.099-0800] {dag.py:3239} INFO - Sync 2 DAGs
[2025-01-01T18:27:30.116-0800] {logging_mixin.py:190} INFO - [2025-01-01T18:27:30.115-0800] {dag.py:4180} INFO - Setting next_dagrun for example_xcom_args to None, run_after=None
[2025-01-01T18:27:30.121-0800] {logging_mixin.py:190} INFO - [2025-01-01T18:27:30.120-0800] {dag.py:4180} INFO - Setting next_dagrun for example_xcom_args_with_operators to None, run_after=None
[2025-01-01T18:27:30.144-0800] {processor.py:208} INFO - Processing /opt/anaconda3/envs/airflow_env/lib/python3.9/site-packages/airflow/example_dags/example_xcomargs.py took 0.241 seconds
[2025-01-01T18:31:13.823-0800] {processor.py:186} INFO - Started process (PID=33341) to work on /opt/anaconda3/envs/airflow_env/lib/python3.9/site-packages/airflow/example_dags/example_xcomargs.py
[2025-01-01T18:31:13.825-0800] {processor.py:914} INFO - Processing file /opt/anaconda3/envs/airflow_env/lib/python3.9/site-packages/airflow/example_dags/example_xcomargs.py for tasks to queue
[2025-01-01T18:31:13.827-0800] {logging_mixin.py:190} INFO - [2025-01-01T18:31:13.826-0800] {dagbag.py:588} INFO - Filling up the DagBag from /opt/anaconda3/envs/airflow_env/lib/python3.9/site-packages/airflow/example_dags/example_xcomargs.py
[2025-01-01T18:31:13.880-0800] {processor.py:925} INFO - DAG(s) 'example_xcom_args', 'example_xcom_args_with_operators' retrieved from /opt/anaconda3/envs/airflow_env/lib/python3.9/site-packages/airflow/example_dags/example_xcomargs.py
[2025-01-01T18:31:14.052-0800] {logging_mixin.py:190} INFO - [2025-01-01T18:31:14.052-0800] {dag.py:3239} INFO - Sync 2 DAGs
[2025-01-01T18:31:14.065-0800] {logging_mixin.py:190} INFO - [2025-01-01T18:31:14.065-0800] {dag.py:4180} INFO - Setting next_dagrun for example_xcom_args to None, run_after=None
[2025-01-01T18:31:14.069-0800] {logging_mixin.py:190} INFO - [2025-01-01T18:31:14.069-0800] {dag.py:4180} INFO - Setting next_dagrun for example_xcom_args_with_operators to None, run_after=None
[2025-01-01T18:31:14.090-0800] {processor.py:208} INFO - Processing /opt/anaconda3/envs/airflow_env/lib/python3.9/site-packages/airflow/example_dags/example_xcomargs.py took 0.271 seconds
[2025-01-01T18:34:51.655-0800] {processor.py:186} INFO - Started process (PID=33502) to work on /opt/anaconda3/envs/airflow_env/lib/python3.9/site-packages/airflow/example_dags/example_xcomargs.py
[2025-01-01T18:34:51.658-0800] {processor.py:914} INFO - Processing file /opt/anaconda3/envs/airflow_env/lib/python3.9/site-packages/airflow/example_dags/example_xcomargs.py for tasks to queue
[2025-01-01T18:34:51.660-0800] {logging_mixin.py:190} INFO - [2025-01-01T18:34:51.659-0800] {dagbag.py:588} INFO - Filling up the DagBag from /opt/anaconda3/envs/airflow_env/lib/python3.9/site-packages/airflow/example_dags/example_xcomargs.py
[2025-01-01T18:34:51.703-0800] {processor.py:925} INFO - DAG(s) 'example_xcom_args', 'example_xcom_args_with_operators' retrieved from /opt/anaconda3/envs/airflow_env/lib/python3.9/site-packages/airflow/example_dags/example_xcomargs.py
[2025-01-01T18:34:51.841-0800] {logging_mixin.py:190} INFO - [2025-01-01T18:34:51.841-0800] {dag.py:3239} INFO - Sync 2 DAGs
[2025-01-01T18:34:51.857-0800] {logging_mixin.py:190} INFO - [2025-01-01T18:34:51.857-0800] {dag.py:4180} INFO - Setting next_dagrun for example_xcom_args to None, run_after=None
[2025-01-01T18:34:51.861-0800] {logging_mixin.py:190} INFO - [2025-01-01T18:34:51.861-0800] {dag.py:4180} INFO - Setting next_dagrun for example_xcom_args_with_operators to None, run_after=None
[2025-01-01T18:34:51.881-0800] {processor.py:208} INFO - Processing /opt/anaconda3/envs/airflow_env/lib/python3.9/site-packages/airflow/example_dags/example_xcomargs.py took 0.230 seconds
[2025-01-01T18:36:47.803-0800] {processor.py:186} INFO - Started process (PID=33619) to work on /opt/anaconda3/envs/airflow_env/lib/python3.9/site-packages/airflow/example_dags/example_xcomargs.py
[2025-01-01T18:36:47.805-0800] {processor.py:914} INFO - Processing file /opt/anaconda3/envs/airflow_env/lib/python3.9/site-packages/airflow/example_dags/example_xcomargs.py for tasks to queue
[2025-01-01T18:36:47.807-0800] {logging_mixin.py:190} INFO - [2025-01-01T18:36:47.807-0800] {dagbag.py:588} INFO - Filling up the DagBag from /opt/anaconda3/envs/airflow_env/lib/python3.9/site-packages/airflow/example_dags/example_xcomargs.py
[2025-01-01T18:36:47.851-0800] {processor.py:925} INFO - DAG(s) 'example_xcom_args_with_operators', 'example_xcom_args' retrieved from /opt/anaconda3/envs/airflow_env/lib/python3.9/site-packages/airflow/example_dags/example_xcomargs.py
[2025-01-01T18:36:48.014-0800] {logging_mixin.py:190} INFO - [2025-01-01T18:36:48.014-0800] {dag.py:3239} INFO - Sync 2 DAGs
[2025-01-01T18:36:48.036-0800] {logging_mixin.py:190} INFO - [2025-01-01T18:36:48.036-0800] {dag.py:4180} INFO - Setting next_dagrun for example_xcom_args to None, run_after=None
[2025-01-01T18:36:48.042-0800] {logging_mixin.py:190} INFO - [2025-01-01T18:36:48.041-0800] {dag.py:4180} INFO - Setting next_dagrun for example_xcom_args_with_operators to None, run_after=None
[2025-01-01T18:36:48.062-0800] {processor.py:208} INFO - Processing /opt/anaconda3/envs/airflow_env/lib/python3.9/site-packages/airflow/example_dags/example_xcomargs.py took 0.264 seconds
[2025-01-01T18:54:51.644-0800] {processor.py:186} INFO - Started process (PID=35095) to work on /opt/anaconda3/envs/airflow_env/lib/python3.9/site-packages/airflow/example_dags/example_xcomargs.py
[2025-01-01T18:54:51.647-0800] {processor.py:914} INFO - Processing file /opt/anaconda3/envs/airflow_env/lib/python3.9/site-packages/airflow/example_dags/example_xcomargs.py for tasks to queue
[2025-01-01T18:54:51.648-0800] {logging_mixin.py:190} INFO - [2025-01-01T18:54:51.648-0800] {dagbag.py:588} INFO - Filling up the DagBag from /opt/anaconda3/envs/airflow_env/lib/python3.9/site-packages/airflow/example_dags/example_xcomargs.py
[2025-01-01T18:54:51.687-0800] {processor.py:925} INFO - DAG(s) 'example_xcom_args', 'example_xcom_args_with_operators' retrieved from /opt/anaconda3/envs/airflow_env/lib/python3.9/site-packages/airflow/example_dags/example_xcomargs.py
[2025-01-01T18:54:51.822-0800] {logging_mixin.py:190} INFO - [2025-01-01T18:54:51.822-0800] {dag.py:3239} INFO - Sync 2 DAGs
[2025-01-01T18:54:51.836-0800] {logging_mixin.py:190} INFO - [2025-01-01T18:54:51.836-0800] {dag.py:4180} INFO - Setting next_dagrun for example_xcom_args to None, run_after=None
[2025-01-01T18:54:51.841-0800] {logging_mixin.py:190} INFO - [2025-01-01T18:54:51.841-0800] {dag.py:4180} INFO - Setting next_dagrun for example_xcom_args_with_operators to None, run_after=None
[2025-01-01T18:54:51.861-0800] {processor.py:208} INFO - Processing /opt/anaconda3/envs/airflow_env/lib/python3.9/site-packages/airflow/example_dags/example_xcomargs.py took 0.224 seconds
