[2025-01-01T16:10:47.343-0800] {processor.py:186} INFO - Started process (PID=26434) to work on /opt/anaconda3/envs/airflow_env/lib/python3.9/site-packages/airflow/example_dags/example_task_group_decorator.py
[2025-01-01T16:10:47.345-0800] {processor.py:914} INFO - Processing file /opt/anaconda3/envs/airflow_env/lib/python3.9/site-packages/airflow/example_dags/example_task_group_decorator.py for tasks to queue
[2025-01-01T16:10:47.346-0800] {logging_mixin.py:190} INFO - [2025-01-01T16:10:47.345-0800] {dagbag.py:588} INFO - Filling up the DagBag from /opt/anaconda3/envs/airflow_env/lib/python3.9/site-packages/airflow/example_dags/example_task_group_decorator.py
[2025-01-01T16:10:47.393-0800] {processor.py:925} INFO - DAG(s) 'example_task_group_decorator' retrieved from /opt/anaconda3/envs/airflow_env/lib/python3.9/site-packages/airflow/example_dags/example_task_group_decorator.py
[2025-01-01T16:10:47.534-0800] {logging_mixin.py:190} INFO - [2025-01-01T16:10:47.534-0800] {dag.py:3239} INFO - Sync 1 DAGs
[2025-01-01T16:10:47.547-0800] {logging_mixin.py:190} INFO - [2025-01-01T16:10:47.546-0800] {dag.py:4180} INFO - Setting next_dagrun for example_task_group_decorator to None, run_after=None
[2025-01-01T16:10:47.574-0800] {processor.py:208} INFO - Processing /opt/anaconda3/envs/airflow_env/lib/python3.9/site-packages/airflow/example_dags/example_task_group_decorator.py took 0.234 seconds
[2025-01-01T16:14:30.395-0800] {processor.py:186} INFO - Started process (PID=26772) to work on /opt/anaconda3/envs/airflow_env/lib/python3.9/site-packages/airflow/example_dags/example_task_group_decorator.py
[2025-01-01T16:14:30.397-0800] {processor.py:914} INFO - Processing file /opt/anaconda3/envs/airflow_env/lib/python3.9/site-packages/airflow/example_dags/example_task_group_decorator.py for tasks to queue
[2025-01-01T16:14:30.399-0800] {logging_mixin.py:190} INFO - [2025-01-01T16:14:30.399-0800] {dagbag.py:588} INFO - Filling up the DagBag from /opt/anaconda3/envs/airflow_env/lib/python3.9/site-packages/airflow/example_dags/example_task_group_decorator.py
[2025-01-01T16:14:30.507-0800] {processor.py:925} INFO - DAG(s) 'example_task_group_decorator' retrieved from /opt/anaconda3/envs/airflow_env/lib/python3.9/site-packages/airflow/example_dags/example_task_group_decorator.py
[2025-01-01T16:14:30.656-0800] {logging_mixin.py:190} INFO - [2025-01-01T16:14:30.655-0800] {dag.py:3239} INFO - Sync 1 DAGs
[2025-01-01T16:14:30.669-0800] {logging_mixin.py:190} INFO - [2025-01-01T16:14:30.669-0800] {dag.py:4180} INFO - Setting next_dagrun for example_task_group_decorator to None, run_after=None
[2025-01-01T16:14:30.696-0800] {processor.py:208} INFO - Processing /opt/anaconda3/envs/airflow_env/lib/python3.9/site-packages/airflow/example_dags/example_task_group_decorator.py took 0.305 seconds
[2025-01-01T16:18:12.015-0800] {processor.py:186} INFO - Started process (PID=26967) to work on /opt/anaconda3/envs/airflow_env/lib/python3.9/site-packages/airflow/example_dags/example_task_group_decorator.py
[2025-01-01T16:18:12.018-0800] {processor.py:914} INFO - Processing file /opt/anaconda3/envs/airflow_env/lib/python3.9/site-packages/airflow/example_dags/example_task_group_decorator.py for tasks to queue
[2025-01-01T16:18:12.019-0800] {logging_mixin.py:190} INFO - [2025-01-01T16:18:12.019-0800] {dagbag.py:588} INFO - Filling up the DagBag from /opt/anaconda3/envs/airflow_env/lib/python3.9/site-packages/airflow/example_dags/example_task_group_decorator.py
[2025-01-01T16:18:12.127-0800] {processor.py:925} INFO - DAG(s) 'example_task_group_decorator' retrieved from /opt/anaconda3/envs/airflow_env/lib/python3.9/site-packages/airflow/example_dags/example_task_group_decorator.py
[2025-01-01T16:18:12.266-0800] {logging_mixin.py:190} INFO - [2025-01-01T16:18:12.266-0800] {dag.py:3239} INFO - Sync 1 DAGs
[2025-01-01T16:18:12.281-0800] {logging_mixin.py:190} INFO - [2025-01-01T16:18:12.281-0800] {dag.py:4180} INFO - Setting next_dagrun for example_task_group_decorator to None, run_after=None
[2025-01-01T16:18:12.346-0800] {processor.py:208} INFO - Processing /opt/anaconda3/envs/airflow_env/lib/python3.9/site-packages/airflow/example_dags/example_task_group_decorator.py took 0.335 seconds
[2025-01-01T16:22:00.807-0800] {processor.py:186} INFO - Started process (PID=27178) to work on /opt/anaconda3/envs/airflow_env/lib/python3.9/site-packages/airflow/example_dags/example_task_group_decorator.py
[2025-01-01T16:22:00.810-0800] {processor.py:914} INFO - Processing file /opt/anaconda3/envs/airflow_env/lib/python3.9/site-packages/airflow/example_dags/example_task_group_decorator.py for tasks to queue
[2025-01-01T16:22:00.811-0800] {logging_mixin.py:190} INFO - [2025-01-01T16:22:00.811-0800] {dagbag.py:588} INFO - Filling up the DagBag from /opt/anaconda3/envs/airflow_env/lib/python3.9/site-packages/airflow/example_dags/example_task_group_decorator.py
[2025-01-01T16:22:00.861-0800] {processor.py:925} INFO - DAG(s) 'example_task_group_decorator' retrieved from /opt/anaconda3/envs/airflow_env/lib/python3.9/site-packages/airflow/example_dags/example_task_group_decorator.py
[2025-01-01T16:22:00.987-0800] {logging_mixin.py:190} INFO - [2025-01-01T16:22:00.987-0800] {dag.py:3239} INFO - Sync 1 DAGs
[2025-01-01T16:22:00.999-0800] {logging_mixin.py:190} INFO - [2025-01-01T16:22:00.999-0800] {dag.py:4180} INFO - Setting next_dagrun for example_task_group_decorator to None, run_after=None
[2025-01-01T16:22:01.022-0800] {processor.py:208} INFO - Processing /opt/anaconda3/envs/airflow_env/lib/python3.9/site-packages/airflow/example_dags/example_task_group_decorator.py took 0.219 seconds
[2025-01-01T16:25:00.422-0800] {processor.py:186} INFO - Started process (PID=27292) to work on /opt/anaconda3/envs/airflow_env/lib/python3.9/site-packages/airflow/example_dags/example_task_group_decorator.py
[2025-01-01T16:25:00.423-0800] {processor.py:914} INFO - Processing file /opt/anaconda3/envs/airflow_env/lib/python3.9/site-packages/airflow/example_dags/example_task_group_decorator.py for tasks to queue
[2025-01-01T16:25:00.425-0800] {logging_mixin.py:190} INFO - [2025-01-01T16:25:00.424-0800] {dagbag.py:588} INFO - Filling up the DagBag from /opt/anaconda3/envs/airflow_env/lib/python3.9/site-packages/airflow/example_dags/example_task_group_decorator.py
[2025-01-01T16:25:00.470-0800] {processor.py:925} INFO - DAG(s) 'example_task_group_decorator' retrieved from /opt/anaconda3/envs/airflow_env/lib/python3.9/site-packages/airflow/example_dags/example_task_group_decorator.py
[2025-01-01T16:25:00.608-0800] {logging_mixin.py:190} INFO - [2025-01-01T16:25:00.607-0800] {dag.py:3239} INFO - Sync 1 DAGs
[2025-01-01T16:25:00.620-0800] {logging_mixin.py:190} INFO - [2025-01-01T16:25:00.619-0800] {dag.py:4180} INFO - Setting next_dagrun for example_task_group_decorator to None, run_after=None
[2025-01-01T16:25:00.642-0800] {processor.py:208} INFO - Processing /opt/anaconda3/envs/airflow_env/lib/python3.9/site-packages/airflow/example_dags/example_task_group_decorator.py took 0.224 seconds
[2025-01-01T16:27:52.689-0800] {processor.py:186} INFO - Started process (PID=27395) to work on /opt/anaconda3/envs/airflow_env/lib/python3.9/site-packages/airflow/example_dags/example_task_group_decorator.py
[2025-01-01T16:27:52.692-0800] {processor.py:914} INFO - Processing file /opt/anaconda3/envs/airflow_env/lib/python3.9/site-packages/airflow/example_dags/example_task_group_decorator.py for tasks to queue
[2025-01-01T16:27:52.693-0800] {logging_mixin.py:190} INFO - [2025-01-01T16:27:52.693-0800] {dagbag.py:588} INFO - Filling up the DagBag from /opt/anaconda3/envs/airflow_env/lib/python3.9/site-packages/airflow/example_dags/example_task_group_decorator.py
[2025-01-01T16:27:52.747-0800] {processor.py:925} INFO - DAG(s) 'example_task_group_decorator' retrieved from /opt/anaconda3/envs/airflow_env/lib/python3.9/site-packages/airflow/example_dags/example_task_group_decorator.py
[2025-01-01T16:27:52.884-0800] {logging_mixin.py:190} INFO - [2025-01-01T16:27:52.884-0800] {dag.py:3239} INFO - Sync 1 DAGs
[2025-01-01T16:27:52.897-0800] {logging_mixin.py:190} INFO - [2025-01-01T16:27:52.897-0800] {dag.py:4180} INFO - Setting next_dagrun for example_task_group_decorator to None, run_after=None
[2025-01-01T16:27:52.921-0800] {processor.py:208} INFO - Processing /opt/anaconda3/envs/airflow_env/lib/python3.9/site-packages/airflow/example_dags/example_task_group_decorator.py took 0.235 seconds
[2025-01-01T16:30:45.361-0800] {processor.py:186} INFO - Started process (PID=27498) to work on /opt/anaconda3/envs/airflow_env/lib/python3.9/site-packages/airflow/example_dags/example_task_group_decorator.py
[2025-01-01T16:30:45.364-0800] {processor.py:914} INFO - Processing file /opt/anaconda3/envs/airflow_env/lib/python3.9/site-packages/airflow/example_dags/example_task_group_decorator.py for tasks to queue
[2025-01-01T16:30:45.366-0800] {logging_mixin.py:190} INFO - [2025-01-01T16:30:45.366-0800] {dagbag.py:588} INFO - Filling up the DagBag from /opt/anaconda3/envs/airflow_env/lib/python3.9/site-packages/airflow/example_dags/example_task_group_decorator.py
[2025-01-01T16:30:45.437-0800] {processor.py:925} INFO - DAG(s) 'example_task_group_decorator' retrieved from /opt/anaconda3/envs/airflow_env/lib/python3.9/site-packages/airflow/example_dags/example_task_group_decorator.py
[2025-01-01T16:30:45.639-0800] {logging_mixin.py:190} INFO - [2025-01-01T16:30:45.638-0800] {dag.py:3239} INFO - Sync 1 DAGs
[2025-01-01T16:30:45.660-0800] {logging_mixin.py:190} INFO - [2025-01-01T16:30:45.659-0800] {dag.py:4180} INFO - Setting next_dagrun for example_task_group_decorator to None, run_after=None
[2025-01-01T16:30:45.691-0800] {processor.py:208} INFO - Processing /opt/anaconda3/envs/airflow_env/lib/python3.9/site-packages/airflow/example_dags/example_task_group_decorator.py took 0.338 seconds
[2025-01-01T17:06:54.979-0800] {processor.py:186} INFO - Started process (PID=27710) to work on /opt/anaconda3/envs/airflow_env/lib/python3.9/site-packages/airflow/example_dags/example_task_group_decorator.py
[2025-01-01T17:06:54.982-0800] {processor.py:914} INFO - Processing file /opt/anaconda3/envs/airflow_env/lib/python3.9/site-packages/airflow/example_dags/example_task_group_decorator.py for tasks to queue
[2025-01-01T17:06:54.984-0800] {logging_mixin.py:190} INFO - [2025-01-01T17:06:54.984-0800] {dagbag.py:588} INFO - Filling up the DagBag from /opt/anaconda3/envs/airflow_env/lib/python3.9/site-packages/airflow/example_dags/example_task_group_decorator.py
[2025-01-01T17:06:55.106-0800] {processor.py:925} INFO - DAG(s) 'example_task_group_decorator' retrieved from /opt/anaconda3/envs/airflow_env/lib/python3.9/site-packages/airflow/example_dags/example_task_group_decorator.py
[2025-01-01T17:06:55.285-0800] {logging_mixin.py:190} INFO - [2025-01-01T17:06:55.284-0800] {dag.py:3239} INFO - Sync 1 DAGs
[2025-01-01T17:06:55.298-0800] {logging_mixin.py:190} INFO - [2025-01-01T17:06:55.298-0800] {dag.py:4180} INFO - Setting next_dagrun for example_task_group_decorator to None, run_after=None
[2025-01-01T17:06:55.321-0800] {processor.py:208} INFO - Processing /opt/anaconda3/envs/airflow_env/lib/python3.9/site-packages/airflow/example_dags/example_task_group_decorator.py took 0.350 seconds
[2025-01-01T17:11:25.831-0800] {processor.py:186} INFO - Started process (PID=27877) to work on /opt/anaconda3/envs/airflow_env/lib/python3.9/site-packages/airflow/example_dags/example_task_group_decorator.py
[2025-01-01T17:11:25.833-0800] {processor.py:914} INFO - Processing file /opt/anaconda3/envs/airflow_env/lib/python3.9/site-packages/airflow/example_dags/example_task_group_decorator.py for tasks to queue
[2025-01-01T17:11:25.835-0800] {logging_mixin.py:190} INFO - [2025-01-01T17:11:25.835-0800] {dagbag.py:588} INFO - Filling up the DagBag from /opt/anaconda3/envs/airflow_env/lib/python3.9/site-packages/airflow/example_dags/example_task_group_decorator.py
[2025-01-01T17:11:25.960-0800] {processor.py:925} INFO - DAG(s) 'example_task_group_decorator' retrieved from /opt/anaconda3/envs/airflow_env/lib/python3.9/site-packages/airflow/example_dags/example_task_group_decorator.py
[2025-01-01T17:11:26.118-0800] {logging_mixin.py:190} INFO - [2025-01-01T17:11:26.117-0800] {dag.py:3239} INFO - Sync 1 DAGs
[2025-01-01T17:11:26.132-0800] {logging_mixin.py:190} INFO - [2025-01-01T17:11:26.132-0800] {dag.py:4180} INFO - Setting next_dagrun for example_task_group_decorator to None, run_after=None
[2025-01-01T17:11:26.156-0800] {processor.py:208} INFO - Processing /opt/anaconda3/envs/airflow_env/lib/python3.9/site-packages/airflow/example_dags/example_task_group_decorator.py took 0.333 seconds
[2025-01-01T17:14:57.519-0800] {processor.py:186} INFO - Started process (PID=28033) to work on /opt/anaconda3/envs/airflow_env/lib/python3.9/site-packages/airflow/example_dags/example_task_group_decorator.py
[2025-01-01T17:14:57.521-0800] {processor.py:914} INFO - Processing file /opt/anaconda3/envs/airflow_env/lib/python3.9/site-packages/airflow/example_dags/example_task_group_decorator.py for tasks to queue
[2025-01-01T17:14:57.523-0800] {logging_mixin.py:190} INFO - [2025-01-01T17:14:57.523-0800] {dagbag.py:588} INFO - Filling up the DagBag from /opt/anaconda3/envs/airflow_env/lib/python3.9/site-packages/airflow/example_dags/example_task_group_decorator.py
[2025-01-01T17:14:57.577-0800] {processor.py:925} INFO - DAG(s) 'example_task_group_decorator' retrieved from /opt/anaconda3/envs/airflow_env/lib/python3.9/site-packages/airflow/example_dags/example_task_group_decorator.py
[2025-01-01T17:14:57.721-0800] {logging_mixin.py:190} INFO - [2025-01-01T17:14:57.721-0800] {dag.py:3239} INFO - Sync 1 DAGs
[2025-01-01T17:14:57.738-0800] {logging_mixin.py:190} INFO - [2025-01-01T17:14:57.738-0800] {dag.py:4180} INFO - Setting next_dagrun for example_task_group_decorator to None, run_after=None
[2025-01-01T17:14:57.762-0800] {processor.py:208} INFO - Processing /opt/anaconda3/envs/airflow_env/lib/python3.9/site-packages/airflow/example_dags/example_task_group_decorator.py took 0.248 seconds
[2025-01-01T17:18:41.751-0800] {processor.py:186} INFO - Started process (PID=28221) to work on /opt/anaconda3/envs/airflow_env/lib/python3.9/site-packages/airflow/example_dags/example_task_group_decorator.py
[2025-01-01T17:18:41.753-0800] {processor.py:914} INFO - Processing file /opt/anaconda3/envs/airflow_env/lib/python3.9/site-packages/airflow/example_dags/example_task_group_decorator.py for tasks to queue
[2025-01-01T17:18:41.754-0800] {logging_mixin.py:190} INFO - [2025-01-01T17:18:41.754-0800] {dagbag.py:588} INFO - Filling up the DagBag from /opt/anaconda3/envs/airflow_env/lib/python3.9/site-packages/airflow/example_dags/example_task_group_decorator.py
[2025-01-01T17:18:41.815-0800] {processor.py:925} INFO - DAG(s) 'example_task_group_decorator' retrieved from /opt/anaconda3/envs/airflow_env/lib/python3.9/site-packages/airflow/example_dags/example_task_group_decorator.py
[2025-01-01T17:18:42.022-0800] {logging_mixin.py:190} INFO - [2025-01-01T17:18:42.022-0800] {dag.py:3239} INFO - Sync 1 DAGs
[2025-01-01T17:18:42.035-0800] {logging_mixin.py:190} INFO - [2025-01-01T17:18:42.035-0800] {dag.py:4180} INFO - Setting next_dagrun for example_task_group_decorator to None, run_after=None
[2025-01-01T17:18:42.060-0800] {processor.py:208} INFO - Processing /opt/anaconda3/envs/airflow_env/lib/python3.9/site-packages/airflow/example_dags/example_task_group_decorator.py took 0.314 seconds
[2025-01-01T17:22:37.856-0800] {processor.py:186} INFO - Started process (PID=28395) to work on /opt/anaconda3/envs/airflow_env/lib/python3.9/site-packages/airflow/example_dags/example_task_group_decorator.py
[2025-01-01T17:22:37.858-0800] {processor.py:914} INFO - Processing file /opt/anaconda3/envs/airflow_env/lib/python3.9/site-packages/airflow/example_dags/example_task_group_decorator.py for tasks to queue
[2025-01-01T17:22:37.859-0800] {logging_mixin.py:190} INFO - [2025-01-01T17:22:37.859-0800] {dagbag.py:588} INFO - Filling up the DagBag from /opt/anaconda3/envs/airflow_env/lib/python3.9/site-packages/airflow/example_dags/example_task_group_decorator.py
[2025-01-01T17:22:37.924-0800] {processor.py:925} INFO - DAG(s) 'example_task_group_decorator' retrieved from /opt/anaconda3/envs/airflow_env/lib/python3.9/site-packages/airflow/example_dags/example_task_group_decorator.py
[2025-01-01T17:22:38.085-0800] {logging_mixin.py:190} INFO - [2025-01-01T17:22:38.085-0800] {dag.py:3239} INFO - Sync 1 DAGs
[2025-01-01T17:22:38.098-0800] {logging_mixin.py:190} INFO - [2025-01-01T17:22:38.098-0800] {dag.py:4180} INFO - Setting next_dagrun for example_task_group_decorator to None, run_after=None
[2025-01-01T17:22:38.123-0800] {processor.py:208} INFO - Processing /opt/anaconda3/envs/airflow_env/lib/python3.9/site-packages/airflow/example_dags/example_task_group_decorator.py took 0.271 seconds
[2025-01-01T17:25:58.581-0800] {processor.py:186} INFO - Started process (PID=28520) to work on /opt/anaconda3/envs/airflow_env/lib/python3.9/site-packages/airflow/example_dags/example_task_group_decorator.py
[2025-01-01T17:25:58.583-0800] {processor.py:914} INFO - Processing file /opt/anaconda3/envs/airflow_env/lib/python3.9/site-packages/airflow/example_dags/example_task_group_decorator.py for tasks to queue
[2025-01-01T17:25:58.585-0800] {logging_mixin.py:190} INFO - [2025-01-01T17:25:58.584-0800] {dagbag.py:588} INFO - Filling up the DagBag from /opt/anaconda3/envs/airflow_env/lib/python3.9/site-packages/airflow/example_dags/example_task_group_decorator.py
[2025-01-01T17:25:58.641-0800] {processor.py:925} INFO - DAG(s) 'example_task_group_decorator' retrieved from /opt/anaconda3/envs/airflow_env/lib/python3.9/site-packages/airflow/example_dags/example_task_group_decorator.py
[2025-01-01T17:25:58.789-0800] {logging_mixin.py:190} INFO - [2025-01-01T17:25:58.789-0800] {dag.py:3239} INFO - Sync 1 DAGs
[2025-01-01T17:25:58.802-0800] {logging_mixin.py:190} INFO - [2025-01-01T17:25:58.801-0800] {dag.py:4180} INFO - Setting next_dagrun for example_task_group_decorator to None, run_after=None
[2025-01-01T17:25:58.824-0800] {processor.py:208} INFO - Processing /opt/anaconda3/envs/airflow_env/lib/python3.9/site-packages/airflow/example_dags/example_task_group_decorator.py took 0.248 seconds
[2025-01-01T17:27:33.795-0800] {processor.py:186} INFO - Started process (PID=28627) to work on /opt/anaconda3/envs/airflow_env/lib/python3.9/site-packages/airflow/example_dags/example_task_group_decorator.py
[2025-01-01T17:27:33.798-0800] {processor.py:914} INFO - Processing file /opt/anaconda3/envs/airflow_env/lib/python3.9/site-packages/airflow/example_dags/example_task_group_decorator.py for tasks to queue
[2025-01-01T17:27:33.799-0800] {logging_mixin.py:190} INFO - [2025-01-01T17:27:33.799-0800] {dagbag.py:588} INFO - Filling up the DagBag from /opt/anaconda3/envs/airflow_env/lib/python3.9/site-packages/airflow/example_dags/example_task_group_decorator.py
[2025-01-01T17:27:33.931-0800] {processor.py:925} INFO - DAG(s) 'example_task_group_decorator' retrieved from /opt/anaconda3/envs/airflow_env/lib/python3.9/site-packages/airflow/example_dags/example_task_group_decorator.py
[2025-01-01T17:27:34.081-0800] {logging_mixin.py:190} INFO - [2025-01-01T17:27:34.081-0800] {dag.py:3239} INFO - Sync 1 DAGs
[2025-01-01T17:27:34.097-0800] {logging_mixin.py:190} INFO - [2025-01-01T17:27:34.096-0800] {dag.py:4180} INFO - Setting next_dagrun for example_task_group_decorator to None, run_after=None
[2025-01-01T17:27:34.120-0800] {processor.py:208} INFO - Processing /opt/anaconda3/envs/airflow_env/lib/python3.9/site-packages/airflow/example_dags/example_task_group_decorator.py took 0.329 seconds
[2025-01-01T17:31:31.570-0800] {processor.py:186} INFO - Started process (PID=29013) to work on /opt/anaconda3/envs/airflow_env/lib/python3.9/site-packages/airflow/example_dags/example_task_group_decorator.py
[2025-01-01T17:31:31.574-0800] {processor.py:914} INFO - Processing file /opt/anaconda3/envs/airflow_env/lib/python3.9/site-packages/airflow/example_dags/example_task_group_decorator.py for tasks to queue
[2025-01-01T17:31:31.578-0800] {logging_mixin.py:190} INFO - [2025-01-01T17:31:31.575-0800] {dagbag.py:588} INFO - Filling up the DagBag from /opt/anaconda3/envs/airflow_env/lib/python3.9/site-packages/airflow/example_dags/example_task_group_decorator.py
[2025-01-01T17:31:31.693-0800] {processor.py:925} INFO - DAG(s) 'example_task_group_decorator' retrieved from /opt/anaconda3/envs/airflow_env/lib/python3.9/site-packages/airflow/example_dags/example_task_group_decorator.py
[2025-01-01T17:31:31.835-0800] {logging_mixin.py:190} INFO - [2025-01-01T17:31:31.834-0800] {dag.py:3239} INFO - Sync 1 DAGs
[2025-01-01T17:31:31.848-0800] {logging_mixin.py:190} INFO - [2025-01-01T17:31:31.847-0800] {dag.py:4180} INFO - Setting next_dagrun for example_task_group_decorator to None, run_after=None
[2025-01-01T17:31:31.874-0800] {processor.py:208} INFO - Processing /opt/anaconda3/envs/airflow_env/lib/python3.9/site-packages/airflow/example_dags/example_task_group_decorator.py took 0.308 seconds
[2025-01-01T17:35:28.549-0800] {processor.py:186} INFO - Started process (PID=29257) to work on /opt/anaconda3/envs/airflow_env/lib/python3.9/site-packages/airflow/example_dags/example_task_group_decorator.py
[2025-01-01T17:35:28.551-0800] {processor.py:914} INFO - Processing file /opt/anaconda3/envs/airflow_env/lib/python3.9/site-packages/airflow/example_dags/example_task_group_decorator.py for tasks to queue
[2025-01-01T17:35:28.553-0800] {logging_mixin.py:190} INFO - [2025-01-01T17:35:28.552-0800] {dagbag.py:588} INFO - Filling up the DagBag from /opt/anaconda3/envs/airflow_env/lib/python3.9/site-packages/airflow/example_dags/example_task_group_decorator.py
[2025-01-01T17:35:28.667-0800] {processor.py:925} INFO - DAG(s) 'example_task_group_decorator' retrieved from /opt/anaconda3/envs/airflow_env/lib/python3.9/site-packages/airflow/example_dags/example_task_group_decorator.py
[2025-01-01T17:35:28.817-0800] {logging_mixin.py:190} INFO - [2025-01-01T17:35:28.817-0800] {dag.py:3239} INFO - Sync 1 DAGs
[2025-01-01T17:35:28.830-0800] {logging_mixin.py:190} INFO - [2025-01-01T17:35:28.830-0800] {dag.py:4180} INFO - Setting next_dagrun for example_task_group_decorator to None, run_after=None
[2025-01-01T17:35:28.855-0800] {processor.py:208} INFO - Processing /opt/anaconda3/envs/airflow_env/lib/python3.9/site-packages/airflow/example_dags/example_task_group_decorator.py took 0.310 seconds
[2025-01-01T17:39:02.951-0800] {processor.py:186} INFO - Started process (PID=29563) to work on /opt/anaconda3/envs/airflow_env/lib/python3.9/site-packages/airflow/example_dags/example_task_group_decorator.py
[2025-01-01T17:39:02.955-0800] {processor.py:914} INFO - Processing file /opt/anaconda3/envs/airflow_env/lib/python3.9/site-packages/airflow/example_dags/example_task_group_decorator.py for tasks to queue
[2025-01-01T17:39:02.956-0800] {logging_mixin.py:190} INFO - [2025-01-01T17:39:02.956-0800] {dagbag.py:588} INFO - Filling up the DagBag from /opt/anaconda3/envs/airflow_env/lib/python3.9/site-packages/airflow/example_dags/example_task_group_decorator.py
[2025-01-01T17:39:03.021-0800] {processor.py:925} INFO - DAG(s) 'example_task_group_decorator' retrieved from /opt/anaconda3/envs/airflow_env/lib/python3.9/site-packages/airflow/example_dags/example_task_group_decorator.py
[2025-01-01T17:39:03.164-0800] {logging_mixin.py:190} INFO - [2025-01-01T17:39:03.164-0800] {dag.py:3239} INFO - Sync 1 DAGs
[2025-01-01T17:39:03.177-0800] {logging_mixin.py:190} INFO - [2025-01-01T17:39:03.176-0800] {dag.py:4180} INFO - Setting next_dagrun for example_task_group_decorator to None, run_after=None
[2025-01-01T17:39:03.202-0800] {processor.py:208} INFO - Processing /opt/anaconda3/envs/airflow_env/lib/python3.9/site-packages/airflow/example_dags/example_task_group_decorator.py took 0.256 seconds
[2025-01-01T17:50:59.215-0800] {processor.py:186} INFO - Started process (PID=30429) to work on /opt/anaconda3/envs/airflow_env/lib/python3.9/site-packages/airflow/example_dags/example_task_group_decorator.py
[2025-01-01T17:50:59.217-0800] {processor.py:914} INFO - Processing file /opt/anaconda3/envs/airflow_env/lib/python3.9/site-packages/airflow/example_dags/example_task_group_decorator.py for tasks to queue
[2025-01-01T17:50:59.219-0800] {logging_mixin.py:190} INFO - [2025-01-01T17:50:59.218-0800] {dagbag.py:588} INFO - Filling up the DagBag from /opt/anaconda3/envs/airflow_env/lib/python3.9/site-packages/airflow/example_dags/example_task_group_decorator.py
[2025-01-01T17:50:59.280-0800] {processor.py:925} INFO - DAG(s) 'example_task_group_decorator' retrieved from /opt/anaconda3/envs/airflow_env/lib/python3.9/site-packages/airflow/example_dags/example_task_group_decorator.py
[2025-01-01T17:50:59.422-0800] {logging_mixin.py:190} INFO - [2025-01-01T17:50:59.422-0800] {dag.py:3239} INFO - Sync 1 DAGs
[2025-01-01T17:50:59.434-0800] {logging_mixin.py:190} INFO - [2025-01-01T17:50:59.434-0800] {dag.py:4180} INFO - Setting next_dagrun for example_task_group_decorator to None, run_after=None
[2025-01-01T17:50:59.457-0800] {processor.py:208} INFO - Processing /opt/anaconda3/envs/airflow_env/lib/python3.9/site-packages/airflow/example_dags/example_task_group_decorator.py took 0.246 seconds
[2025-01-01T18:05:47.953-0800] {processor.py:186} INFO - Started process (PID=31695) to work on /opt/anaconda3/envs/airflow_env/lib/python3.9/site-packages/airflow/example_dags/example_task_group_decorator.py
[2025-01-01T18:05:47.956-0800] {processor.py:914} INFO - Processing file /opt/anaconda3/envs/airflow_env/lib/python3.9/site-packages/airflow/example_dags/example_task_group_decorator.py for tasks to queue
[2025-01-01T18:05:47.957-0800] {logging_mixin.py:190} INFO - [2025-01-01T18:05:47.957-0800] {dagbag.py:588} INFO - Filling up the DagBag from /opt/anaconda3/envs/airflow_env/lib/python3.9/site-packages/airflow/example_dags/example_task_group_decorator.py
[2025-01-01T18:05:48.022-0800] {processor.py:925} INFO - DAG(s) 'example_task_group_decorator' retrieved from /opt/anaconda3/envs/airflow_env/lib/python3.9/site-packages/airflow/example_dags/example_task_group_decorator.py
[2025-01-01T18:05:48.202-0800] {logging_mixin.py:190} INFO - [2025-01-01T18:05:48.202-0800] {dag.py:3239} INFO - Sync 1 DAGs
[2025-01-01T18:05:48.218-0800] {logging_mixin.py:190} INFO - [2025-01-01T18:05:48.218-0800] {dag.py:4180} INFO - Setting next_dagrun for example_task_group_decorator to None, run_after=None
[2025-01-01T18:05:48.464-0800] {processor.py:208} INFO - Processing /opt/anaconda3/envs/airflow_env/lib/python3.9/site-packages/airflow/example_dags/example_task_group_decorator.py took 0.519 seconds
[2025-01-01T18:12:25.616-0800] {processor.py:186} INFO - Started process (PID=32356) to work on /opt/anaconda3/envs/airflow_env/lib/python3.9/site-packages/airflow/example_dags/example_task_group_decorator.py
[2025-01-01T18:12:25.619-0800] {processor.py:914} INFO - Processing file /opt/anaconda3/envs/airflow_env/lib/python3.9/site-packages/airflow/example_dags/example_task_group_decorator.py for tasks to queue
[2025-01-01T18:12:25.622-0800] {logging_mixin.py:190} INFO - [2025-01-01T18:12:25.621-0800] {dagbag.py:588} INFO - Filling up the DagBag from /opt/anaconda3/envs/airflow_env/lib/python3.9/site-packages/airflow/example_dags/example_task_group_decorator.py
[2025-01-01T18:12:25.760-0800] {processor.py:925} INFO - DAG(s) 'example_task_group_decorator' retrieved from /opt/anaconda3/envs/airflow_env/lib/python3.9/site-packages/airflow/example_dags/example_task_group_decorator.py
[2025-01-01T18:12:26.172-0800] {logging_mixin.py:190} INFO - [2025-01-01T18:12:26.172-0800] {dag.py:3239} INFO - Sync 1 DAGs
[2025-01-01T18:12:26.209-0800] {logging_mixin.py:190} INFO - [2025-01-01T18:12:26.208-0800] {dag.py:4180} INFO - Setting next_dagrun for example_task_group_decorator to None, run_after=None
[2025-01-01T18:12:26.268-0800] {processor.py:208} INFO - Processing /opt/anaconda3/envs/airflow_env/lib/python3.9/site-packages/airflow/example_dags/example_task_group_decorator.py took 0.677 seconds
[2025-01-01T18:16:42.477-0800] {processor.py:186} INFO - Started process (PID=32494) to work on /opt/anaconda3/envs/airflow_env/lib/python3.9/site-packages/airflow/example_dags/example_task_group_decorator.py
[2025-01-01T18:16:42.481-0800] {processor.py:914} INFO - Processing file /opt/anaconda3/envs/airflow_env/lib/python3.9/site-packages/airflow/example_dags/example_task_group_decorator.py for tasks to queue
[2025-01-01T18:16:42.483-0800] {logging_mixin.py:190} INFO - [2025-01-01T18:16:42.483-0800] {dagbag.py:588} INFO - Filling up the DagBag from /opt/anaconda3/envs/airflow_env/lib/python3.9/site-packages/airflow/example_dags/example_task_group_decorator.py
[2025-01-01T18:16:42.565-0800] {processor.py:925} INFO - DAG(s) 'example_task_group_decorator' retrieved from /opt/anaconda3/envs/airflow_env/lib/python3.9/site-packages/airflow/example_dags/example_task_group_decorator.py
[2025-01-01T18:16:42.803-0800] {logging_mixin.py:190} INFO - [2025-01-01T18:16:42.803-0800] {dag.py:3239} INFO - Sync 1 DAGs
[2025-01-01T18:16:42.821-0800] {logging_mixin.py:190} INFO - [2025-01-01T18:16:42.821-0800] {dag.py:4180} INFO - Setting next_dagrun for example_task_group_decorator to None, run_after=None
[2025-01-01T18:16:42.857-0800] {processor.py:208} INFO - Processing /opt/anaconda3/envs/airflow_env/lib/python3.9/site-packages/airflow/example_dags/example_task_group_decorator.py took 0.391 seconds
[2025-01-01T18:20:45.957-0800] {processor.py:186} INFO - Started process (PID=32662) to work on /opt/anaconda3/envs/airflow_env/lib/python3.9/site-packages/airflow/example_dags/example_task_group_decorator.py
[2025-01-01T18:20:45.960-0800] {processor.py:914} INFO - Processing file /opt/anaconda3/envs/airflow_env/lib/python3.9/site-packages/airflow/example_dags/example_task_group_decorator.py for tasks to queue
[2025-01-01T18:20:45.961-0800] {logging_mixin.py:190} INFO - [2025-01-01T18:20:45.961-0800] {dagbag.py:588} INFO - Filling up the DagBag from /opt/anaconda3/envs/airflow_env/lib/python3.9/site-packages/airflow/example_dags/example_task_group_decorator.py
[2025-01-01T18:20:46.112-0800] {processor.py:925} INFO - DAG(s) 'example_task_group_decorator' retrieved from /opt/anaconda3/envs/airflow_env/lib/python3.9/site-packages/airflow/example_dags/example_task_group_decorator.py
[2025-01-01T18:20:46.327-0800] {logging_mixin.py:190} INFO - [2025-01-01T18:20:46.327-0800] {dag.py:3239} INFO - Sync 1 DAGs
[2025-01-01T18:20:46.343-0800] {logging_mixin.py:190} INFO - [2025-01-01T18:20:46.343-0800] {dag.py:4180} INFO - Setting next_dagrun for example_task_group_decorator to None, run_after=None
[2025-01-01T18:20:46.369-0800] {processor.py:208} INFO - Processing /opt/anaconda3/envs/airflow_env/lib/python3.9/site-packages/airflow/example_dags/example_task_group_decorator.py took 0.417 seconds
[2025-01-01T18:24:21.063-0800] {processor.py:186} INFO - Started process (PID=32874) to work on /opt/anaconda3/envs/airflow_env/lib/python3.9/site-packages/airflow/example_dags/example_task_group_decorator.py
[2025-01-01T18:24:21.066-0800] {processor.py:914} INFO - Processing file /opt/anaconda3/envs/airflow_env/lib/python3.9/site-packages/airflow/example_dags/example_task_group_decorator.py for tasks to queue
[2025-01-01T18:24:21.069-0800] {logging_mixin.py:190} INFO - [2025-01-01T18:24:21.069-0800] {dagbag.py:588} INFO - Filling up the DagBag from /opt/anaconda3/envs/airflow_env/lib/python3.9/site-packages/airflow/example_dags/example_task_group_decorator.py
[2025-01-01T18:24:21.117-0800] {processor.py:925} INFO - DAG(s) 'example_task_group_decorator' retrieved from /opt/anaconda3/envs/airflow_env/lib/python3.9/site-packages/airflow/example_dags/example_task_group_decorator.py
[2025-01-01T18:24:21.254-0800] {logging_mixin.py:190} INFO - [2025-01-01T18:24:21.253-0800] {dag.py:3239} INFO - Sync 1 DAGs
[2025-01-01T18:24:21.266-0800] {logging_mixin.py:190} INFO - [2025-01-01T18:24:21.266-0800] {dag.py:4180} INFO - Setting next_dagrun for example_task_group_decorator to None, run_after=None
[2025-01-01T18:24:21.295-0800] {processor.py:208} INFO - Processing /opt/anaconda3/envs/airflow_env/lib/python3.9/site-packages/airflow/example_dags/example_task_group_decorator.py took 0.236 seconds
[2025-01-01T18:27:55.177-0800] {processor.py:186} INFO - Started process (PID=33087) to work on /opt/anaconda3/envs/airflow_env/lib/python3.9/site-packages/airflow/example_dags/example_task_group_decorator.py
[2025-01-01T18:27:55.179-0800] {processor.py:914} INFO - Processing file /opt/anaconda3/envs/airflow_env/lib/python3.9/site-packages/airflow/example_dags/example_task_group_decorator.py for tasks to queue
[2025-01-01T18:27:55.180-0800] {logging_mixin.py:190} INFO - [2025-01-01T18:27:55.180-0800] {dagbag.py:588} INFO - Filling up the DagBag from /opt/anaconda3/envs/airflow_env/lib/python3.9/site-packages/airflow/example_dags/example_task_group_decorator.py
[2025-01-01T18:27:55.241-0800] {processor.py:925} INFO - DAG(s) 'example_task_group_decorator' retrieved from /opt/anaconda3/envs/airflow_env/lib/python3.9/site-packages/airflow/example_dags/example_task_group_decorator.py
[2025-01-01T18:27:55.403-0800] {logging_mixin.py:190} INFO - [2025-01-01T18:27:55.402-0800] {dag.py:3239} INFO - Sync 1 DAGs
[2025-01-01T18:27:55.424-0800] {logging_mixin.py:190} INFO - [2025-01-01T18:27:55.424-0800] {dag.py:4180} INFO - Setting next_dagrun for example_task_group_decorator to None, run_after=None
[2025-01-01T18:27:55.449-0800] {processor.py:208} INFO - Processing /opt/anaconda3/envs/airflow_env/lib/python3.9/site-packages/airflow/example_dags/example_task_group_decorator.py took 0.278 seconds
[2025-01-01T18:31:41.770-0800] {processor.py:186} INFO - Started process (PID=33380) to work on /opt/anaconda3/envs/airflow_env/lib/python3.9/site-packages/airflow/example_dags/example_task_group_decorator.py
[2025-01-01T18:31:41.774-0800] {processor.py:914} INFO - Processing file /opt/anaconda3/envs/airflow_env/lib/python3.9/site-packages/airflow/example_dags/example_task_group_decorator.py for tasks to queue
[2025-01-01T18:31:41.775-0800] {logging_mixin.py:190} INFO - [2025-01-01T18:31:41.775-0800] {dagbag.py:588} INFO - Filling up the DagBag from /opt/anaconda3/envs/airflow_env/lib/python3.9/site-packages/airflow/example_dags/example_task_group_decorator.py
[2025-01-01T18:31:41.884-0800] {processor.py:925} INFO - DAG(s) 'example_task_group_decorator' retrieved from /opt/anaconda3/envs/airflow_env/lib/python3.9/site-packages/airflow/example_dags/example_task_group_decorator.py
[2025-01-01T18:31:42.146-0800] {logging_mixin.py:190} INFO - [2025-01-01T18:31:42.146-0800] {dag.py:3239} INFO - Sync 1 DAGs
[2025-01-01T18:31:42.163-0800] {logging_mixin.py:190} INFO - [2025-01-01T18:31:42.162-0800] {dag.py:4180} INFO - Setting next_dagrun for example_task_group_decorator to None, run_after=None
[2025-01-01T18:31:42.191-0800] {processor.py:208} INFO - Processing /opt/anaconda3/envs/airflow_env/lib/python3.9/site-packages/airflow/example_dags/example_task_group_decorator.py took 0.429 seconds
[2025-01-01T18:37:17.032-0800] {processor.py:186} INFO - Started process (PID=33658) to work on /opt/anaconda3/envs/airflow_env/lib/python3.9/site-packages/airflow/example_dags/example_task_group_decorator.py
[2025-01-01T18:37:17.035-0800] {processor.py:914} INFO - Processing file /opt/anaconda3/envs/airflow_env/lib/python3.9/site-packages/airflow/example_dags/example_task_group_decorator.py for tasks to queue
[2025-01-01T18:37:17.038-0800] {logging_mixin.py:190} INFO - [2025-01-01T18:37:17.038-0800] {dagbag.py:588} INFO - Filling up the DagBag from /opt/anaconda3/envs/airflow_env/lib/python3.9/site-packages/airflow/example_dags/example_task_group_decorator.py
[2025-01-01T18:37:17.154-0800] {processor.py:925} INFO - DAG(s) 'example_task_group_decorator' retrieved from /opt/anaconda3/envs/airflow_env/lib/python3.9/site-packages/airflow/example_dags/example_task_group_decorator.py
[2025-01-01T18:37:17.306-0800] {logging_mixin.py:190} INFO - [2025-01-01T18:37:17.306-0800] {dag.py:3239} INFO - Sync 1 DAGs
[2025-01-01T18:37:17.321-0800] {logging_mixin.py:190} INFO - [2025-01-01T18:37:17.321-0800] {dag.py:4180} INFO - Setting next_dagrun for example_task_group_decorator to None, run_after=None
[2025-01-01T18:37:17.348-0800] {processor.py:208} INFO - Processing /opt/anaconda3/envs/airflow_env/lib/python3.9/site-packages/airflow/example_dags/example_task_group_decorator.py took 0.321 seconds
[2025-01-01T18:56:31.545-0800] {processor.py:186} INFO - Started process (PID=35178) to work on /opt/anaconda3/envs/airflow_env/lib/python3.9/site-packages/airflow/example_dags/example_task_group_decorator.py
[2025-01-01T18:56:31.547-0800] {processor.py:914} INFO - Processing file /opt/anaconda3/envs/airflow_env/lib/python3.9/site-packages/airflow/example_dags/example_task_group_decorator.py for tasks to queue
[2025-01-01T18:56:31.549-0800] {logging_mixin.py:190} INFO - [2025-01-01T18:56:31.548-0800] {dagbag.py:588} INFO - Filling up the DagBag from /opt/anaconda3/envs/airflow_env/lib/python3.9/site-packages/airflow/example_dags/example_task_group_decorator.py
[2025-01-01T18:56:31.595-0800] {processor.py:925} INFO - DAG(s) 'example_task_group_decorator' retrieved from /opt/anaconda3/envs/airflow_env/lib/python3.9/site-packages/airflow/example_dags/example_task_group_decorator.py
[2025-01-01T18:56:31.720-0800] {logging_mixin.py:190} INFO - [2025-01-01T18:56:31.719-0800] {dag.py:3239} INFO - Sync 1 DAGs
[2025-01-01T18:56:31.732-0800] {logging_mixin.py:190} INFO - [2025-01-01T18:56:31.731-0800] {dag.py:4180} INFO - Setting next_dagrun for example_task_group_decorator to None, run_after=None
[2025-01-01T18:56:31.754-0800] {processor.py:208} INFO - Processing /opt/anaconda3/envs/airflow_env/lib/python3.9/site-packages/airflow/example_dags/example_task_group_decorator.py took 0.213 seconds
