[2025-01-01T16:12:13.224-0800] {processor.py:186} INFO - Started process (PID=26597) to work on /opt/anaconda3/envs/airflow_env/lib/python3.9/site-packages/airflow/example_dags/example_latest_only_with_trigger.py
[2025-01-01T16:12:13.225-0800] {processor.py:914} INFO - Processing file /opt/anaconda3/envs/airflow_env/lib/python3.9/site-packages/airflow/example_dags/example_latest_only_with_trigger.py for tasks to queue
[2025-01-01T16:12:13.226-0800] {logging_mixin.py:190} INFO - [2025-01-01T16:12:13.226-0800] {dagbag.py:588} INFO - Filling up the DagBag from /opt/anaconda3/envs/airflow_env/lib/python3.9/site-packages/airflow/example_dags/example_latest_only_with_trigger.py
[2025-01-01T16:12:13.238-0800] {processor.py:925} INFO - DAG(s) 'latest_only_with_trigger' retrieved from /opt/anaconda3/envs/airflow_env/lib/python3.9/site-packages/airflow/example_dags/example_latest_only_with_trigger.py
[2025-01-01T16:12:13.361-0800] {logging_mixin.py:190} INFO - [2025-01-01T16:12:13.361-0800] {dag.py:3239} INFO - Sync 1 DAGs
[2025-01-01T16:12:13.399-0800] {logging_mixin.py:190} INFO - [2025-01-01T16:12:13.399-0800] {dag.py:4180} INFO - Setting next_dagrun for latest_only_with_trigger to 2025-01-01 20:00:00+00:00, run_after=2025-01-02 00:00:00+00:00
[2025-01-01T16:12:13.423-0800] {processor.py:208} INFO - Processing /opt/anaconda3/envs/airflow_env/lib/python3.9/site-packages/airflow/example_dags/example_latest_only_with_trigger.py took 0.203 seconds
[2025-01-01T16:15:54.371-0800] {processor.py:186} INFO - Started process (PID=26844) to work on /opt/anaconda3/envs/airflow_env/lib/python3.9/site-packages/airflow/example_dags/example_latest_only_with_trigger.py
[2025-01-01T16:15:54.373-0800] {processor.py:914} INFO - Processing file /opt/anaconda3/envs/airflow_env/lib/python3.9/site-packages/airflow/example_dags/example_latest_only_with_trigger.py for tasks to queue
[2025-01-01T16:15:54.375-0800] {logging_mixin.py:190} INFO - [2025-01-01T16:15:54.374-0800] {dagbag.py:588} INFO - Filling up the DagBag from /opt/anaconda3/envs/airflow_env/lib/python3.9/site-packages/airflow/example_dags/example_latest_only_with_trigger.py
[2025-01-01T16:15:54.385-0800] {processor.py:925} INFO - DAG(s) 'latest_only_with_trigger' retrieved from /opt/anaconda3/envs/airflow_env/lib/python3.9/site-packages/airflow/example_dags/example_latest_only_with_trigger.py
[2025-01-01T16:15:54.512-0800] {logging_mixin.py:190} INFO - [2025-01-01T16:15:54.512-0800] {dag.py:3239} INFO - Sync 1 DAGs
[2025-01-01T16:15:54.543-0800] {logging_mixin.py:190} INFO - [2025-01-01T16:15:54.542-0800] {dag.py:4180} INFO - Setting next_dagrun for latest_only_with_trigger to 2025-01-01 20:00:00+00:00, run_after=2025-01-02 00:00:00+00:00
[2025-01-01T16:15:54.565-0800] {processor.py:208} INFO - Processing /opt/anaconda3/envs/airflow_env/lib/python3.9/site-packages/airflow/example_dags/example_latest_only_with_trigger.py took 0.198 seconds
[2025-01-01T16:19:46.545-0800] {processor.py:186} INFO - Started process (PID=27072) to work on /opt/anaconda3/envs/airflow_env/lib/python3.9/site-packages/airflow/example_dags/example_latest_only_with_trigger.py
[2025-01-01T16:19:46.547-0800] {processor.py:914} INFO - Processing file /opt/anaconda3/envs/airflow_env/lib/python3.9/site-packages/airflow/example_dags/example_latest_only_with_trigger.py for tasks to queue
[2025-01-01T16:19:46.548-0800] {logging_mixin.py:190} INFO - [2025-01-01T16:19:46.548-0800] {dagbag.py:588} INFO - Filling up the DagBag from /opt/anaconda3/envs/airflow_env/lib/python3.9/site-packages/airflow/example_dags/example_latest_only_with_trigger.py
[2025-01-01T16:19:46.561-0800] {processor.py:925} INFO - DAG(s) 'latest_only_with_trigger' retrieved from /opt/anaconda3/envs/airflow_env/lib/python3.9/site-packages/airflow/example_dags/example_latest_only_with_trigger.py
[2025-01-01T16:19:46.706-0800] {logging_mixin.py:190} INFO - [2025-01-01T16:19:46.706-0800] {dag.py:3239} INFO - Sync 1 DAGs
[2025-01-01T16:19:46.734-0800] {logging_mixin.py:190} INFO - [2025-01-01T16:19:46.733-0800] {dag.py:4180} INFO - Setting next_dagrun for latest_only_with_trigger to 2025-01-01 20:00:00+00:00, run_after=2025-01-02 00:00:00+00:00
[2025-01-01T16:19:46.758-0800] {processor.py:208} INFO - Processing /opt/anaconda3/envs/airflow_env/lib/python3.9/site-packages/airflow/example_dags/example_latest_only_with_trigger.py took 0.222 seconds
[2025-01-01T16:23:09.520-0800] {processor.py:186} INFO - Started process (PID=27221) to work on /opt/anaconda3/envs/airflow_env/lib/python3.9/site-packages/airflow/example_dags/example_latest_only_with_trigger.py
[2025-01-01T16:23:09.523-0800] {processor.py:914} INFO - Processing file /opt/anaconda3/envs/airflow_env/lib/python3.9/site-packages/airflow/example_dags/example_latest_only_with_trigger.py for tasks to queue
[2025-01-01T16:23:09.525-0800] {logging_mixin.py:190} INFO - [2025-01-01T16:23:09.524-0800] {dagbag.py:588} INFO - Filling up the DagBag from /opt/anaconda3/envs/airflow_env/lib/python3.9/site-packages/airflow/example_dags/example_latest_only_with_trigger.py
[2025-01-01T16:23:09.536-0800] {processor.py:925} INFO - DAG(s) 'latest_only_with_trigger' retrieved from /opt/anaconda3/envs/airflow_env/lib/python3.9/site-packages/airflow/example_dags/example_latest_only_with_trigger.py
[2025-01-01T16:23:09.712-0800] {logging_mixin.py:190} INFO - [2025-01-01T16:23:09.711-0800] {dag.py:3239} INFO - Sync 1 DAGs
[2025-01-01T16:23:09.738-0800] {logging_mixin.py:190} INFO - [2025-01-01T16:23:09.738-0800] {dag.py:4180} INFO - Setting next_dagrun for latest_only_with_trigger to 2025-01-01 20:00:00+00:00, run_after=2025-01-02 00:00:00+00:00
[2025-01-01T16:23:09.761-0800] {processor.py:208} INFO - Processing /opt/anaconda3/envs/airflow_env/lib/python3.9/site-packages/airflow/example_dags/example_latest_only_with_trigger.py took 0.247 seconds
[2025-01-01T16:26:08.191-0800] {processor.py:186} INFO - Started process (PID=27333) to work on /opt/anaconda3/envs/airflow_env/lib/python3.9/site-packages/airflow/example_dags/example_latest_only_with_trigger.py
[2025-01-01T16:26:08.193-0800] {processor.py:914} INFO - Processing file /opt/anaconda3/envs/airflow_env/lib/python3.9/site-packages/airflow/example_dags/example_latest_only_with_trigger.py for tasks to queue
[2025-01-01T16:26:08.195-0800] {logging_mixin.py:190} INFO - [2025-01-01T16:26:08.194-0800] {dagbag.py:588} INFO - Filling up the DagBag from /opt/anaconda3/envs/airflow_env/lib/python3.9/site-packages/airflow/example_dags/example_latest_only_with_trigger.py
[2025-01-01T16:26:08.208-0800] {processor.py:925} INFO - DAG(s) 'latest_only_with_trigger' retrieved from /opt/anaconda3/envs/airflow_env/lib/python3.9/site-packages/airflow/example_dags/example_latest_only_with_trigger.py
[2025-01-01T16:26:08.331-0800] {logging_mixin.py:190} INFO - [2025-01-01T16:26:08.331-0800] {dag.py:3239} INFO - Sync 1 DAGs
[2025-01-01T16:26:08.355-0800] {logging_mixin.py:190} INFO - [2025-01-01T16:26:08.355-0800] {dag.py:4180} INFO - Setting next_dagrun for latest_only_with_trigger to 2025-01-01 20:00:00+00:00, run_after=2025-01-02 00:00:00+00:00
[2025-01-01T16:26:08.378-0800] {processor.py:208} INFO - Processing /opt/anaconda3/envs/airflow_env/lib/python3.9/site-packages/airflow/example_dags/example_latest_only_with_trigger.py took 0.192 seconds
[2025-01-01T16:29:01.086-0800] {processor.py:186} INFO - Started process (PID=27436) to work on /opt/anaconda3/envs/airflow_env/lib/python3.9/site-packages/airflow/example_dags/example_latest_only_with_trigger.py
[2025-01-01T16:29:01.089-0800] {processor.py:914} INFO - Processing file /opt/anaconda3/envs/airflow_env/lib/python3.9/site-packages/airflow/example_dags/example_latest_only_with_trigger.py for tasks to queue
[2025-01-01T16:29:01.090-0800] {logging_mixin.py:190} INFO - [2025-01-01T16:29:01.090-0800] {dagbag.py:588} INFO - Filling up the DagBag from /opt/anaconda3/envs/airflow_env/lib/python3.9/site-packages/airflow/example_dags/example_latest_only_with_trigger.py
[2025-01-01T16:29:01.105-0800] {processor.py:925} INFO - DAG(s) 'latest_only_with_trigger' retrieved from /opt/anaconda3/envs/airflow_env/lib/python3.9/site-packages/airflow/example_dags/example_latest_only_with_trigger.py
[2025-01-01T16:29:01.233-0800] {logging_mixin.py:190} INFO - [2025-01-01T16:29:01.232-0800] {dag.py:3239} INFO - Sync 1 DAGs
[2025-01-01T16:29:01.254-0800] {logging_mixin.py:190} INFO - [2025-01-01T16:29:01.253-0800] {dag.py:4180} INFO - Setting next_dagrun for latest_only_with_trigger to 2025-01-01 20:00:00+00:00, run_after=2025-01-02 00:00:00+00:00
[2025-01-01T16:29:01.275-0800] {processor.py:208} INFO - Processing /opt/anaconda3/envs/airflow_env/lib/python3.9/site-packages/airflow/example_dags/example_latest_only_with_trigger.py took 0.192 seconds
[2025-01-01T16:31:54.197-0800] {processor.py:186} INFO - Started process (PID=27539) to work on /opt/anaconda3/envs/airflow_env/lib/python3.9/site-packages/airflow/example_dags/example_latest_only_with_trigger.py
[2025-01-01T16:31:54.199-0800] {processor.py:914} INFO - Processing file /opt/anaconda3/envs/airflow_env/lib/python3.9/site-packages/airflow/example_dags/example_latest_only_with_trigger.py for tasks to queue
[2025-01-01T16:31:54.200-0800] {logging_mixin.py:190} INFO - [2025-01-01T16:31:54.200-0800] {dagbag.py:588} INFO - Filling up the DagBag from /opt/anaconda3/envs/airflow_env/lib/python3.9/site-packages/airflow/example_dags/example_latest_only_with_trigger.py
[2025-01-01T16:31:54.212-0800] {processor.py:925} INFO - DAG(s) 'latest_only_with_trigger' retrieved from /opt/anaconda3/envs/airflow_env/lib/python3.9/site-packages/airflow/example_dags/example_latest_only_with_trigger.py
[2025-01-01T16:31:54.333-0800] {logging_mixin.py:190} INFO - [2025-01-01T16:31:54.333-0800] {dag.py:3239} INFO - Sync 1 DAGs
[2025-01-01T16:31:54.355-0800] {logging_mixin.py:190} INFO - [2025-01-01T16:31:54.355-0800] {dag.py:4180} INFO - Setting next_dagrun for latest_only_with_trigger to 2025-01-01 20:00:00+00:00, run_after=2025-01-02 00:00:00+00:00
[2025-01-01T16:31:54.386-0800] {processor.py:208} INFO - Processing /opt/anaconda3/envs/airflow_env/lib/python3.9/site-packages/airflow/example_dags/example_latest_only_with_trigger.py took 0.193 seconds
[2025-01-01T17:08:42.873-0800] {processor.py:186} INFO - Started process (PID=27786) to work on /opt/anaconda3/envs/airflow_env/lib/python3.9/site-packages/airflow/example_dags/example_latest_only_with_trigger.py
[2025-01-01T17:08:42.876-0800] {processor.py:914} INFO - Processing file /opt/anaconda3/envs/airflow_env/lib/python3.9/site-packages/airflow/example_dags/example_latest_only_with_trigger.py for tasks to queue
[2025-01-01T17:08:42.877-0800] {logging_mixin.py:190} INFO - [2025-01-01T17:08:42.877-0800] {dagbag.py:588} INFO - Filling up the DagBag from /opt/anaconda3/envs/airflow_env/lib/python3.9/site-packages/airflow/example_dags/example_latest_only_with_trigger.py
[2025-01-01T17:08:42.895-0800] {processor.py:925} INFO - DAG(s) 'latest_only_with_trigger' retrieved from /opt/anaconda3/envs/airflow_env/lib/python3.9/site-packages/airflow/example_dags/example_latest_only_with_trigger.py
[2025-01-01T17:08:43.091-0800] {logging_mixin.py:190} INFO - [2025-01-01T17:08:43.091-0800] {dag.py:3239} INFO - Sync 1 DAGs
[2025-01-01T17:08:43.124-0800] {logging_mixin.py:190} INFO - [2025-01-01T17:08:43.123-0800] {dag.py:4180} INFO - Setting next_dagrun for latest_only_with_trigger to 2025-01-01 20:00:00+00:00, run_after=2025-01-02 00:00:00+00:00
[2025-01-01T17:08:43.151-0800] {processor.py:208} INFO - Processing /opt/anaconda3/envs/airflow_env/lib/python3.9/site-packages/airflow/example_dags/example_latest_only_with_trigger.py took 0.286 seconds
[2025-01-01T17:12:46.891-0800] {processor.py:186} INFO - Started process (PID=27931) to work on /opt/anaconda3/envs/airflow_env/lib/python3.9/site-packages/airflow/example_dags/example_latest_only_with_trigger.py
[2025-01-01T17:12:46.894-0800] {processor.py:914} INFO - Processing file /opt/anaconda3/envs/airflow_env/lib/python3.9/site-packages/airflow/example_dags/example_latest_only_with_trigger.py for tasks to queue
[2025-01-01T17:12:46.895-0800] {logging_mixin.py:190} INFO - [2025-01-01T17:12:46.895-0800] {dagbag.py:588} INFO - Filling up the DagBag from /opt/anaconda3/envs/airflow_env/lib/python3.9/site-packages/airflow/example_dags/example_latest_only_with_trigger.py
[2025-01-01T17:12:46.909-0800] {processor.py:925} INFO - DAG(s) 'latest_only_with_trigger' retrieved from /opt/anaconda3/envs/airflow_env/lib/python3.9/site-packages/airflow/example_dags/example_latest_only_with_trigger.py
[2025-01-01T17:12:47.095-0800] {logging_mixin.py:190} INFO - [2025-01-01T17:12:47.094-0800] {dag.py:3239} INFO - Sync 1 DAGs
[2025-01-01T17:12:47.119-0800] {logging_mixin.py:190} INFO - [2025-01-01T17:12:47.119-0800] {dag.py:4180} INFO - Setting next_dagrun for latest_only_with_trigger to 2025-01-01 20:00:00+00:00, run_after=2025-01-02 00:00:00+00:00
[2025-01-01T17:12:47.148-0800] {processor.py:208} INFO - Processing /opt/anaconda3/envs/airflow_env/lib/python3.9/site-packages/airflow/example_dags/example_latest_only_with_trigger.py took 0.265 seconds
[2025-01-01T17:16:20.402-0800] {processor.py:186} INFO - Started process (PID=28082) to work on /opt/anaconda3/envs/airflow_env/lib/python3.9/site-packages/airflow/example_dags/example_latest_only_with_trigger.py
[2025-01-01T17:16:20.404-0800] {processor.py:914} INFO - Processing file /opt/anaconda3/envs/airflow_env/lib/python3.9/site-packages/airflow/example_dags/example_latest_only_with_trigger.py for tasks to queue
[2025-01-01T17:16:20.406-0800] {logging_mixin.py:190} INFO - [2025-01-01T17:16:20.405-0800] {dagbag.py:588} INFO - Filling up the DagBag from /opt/anaconda3/envs/airflow_env/lib/python3.9/site-packages/airflow/example_dags/example_latest_only_with_trigger.py
[2025-01-01T17:16:20.425-0800] {processor.py:925} INFO - DAG(s) 'latest_only_with_trigger' retrieved from /opt/anaconda3/envs/airflow_env/lib/python3.9/site-packages/airflow/example_dags/example_latest_only_with_trigger.py
[2025-01-01T17:16:20.595-0800] {logging_mixin.py:190} INFO - [2025-01-01T17:16:20.595-0800] {dag.py:3239} INFO - Sync 1 DAGs
[2025-01-01T17:16:20.631-0800] {logging_mixin.py:190} INFO - [2025-01-01T17:16:20.631-0800] {dag.py:4180} INFO - Setting next_dagrun for latest_only_with_trigger to 2025-01-01 20:00:00+00:00, run_after=2025-01-02 00:00:00+00:00
[2025-01-01T17:16:20.656-0800] {processor.py:208} INFO - Processing /opt/anaconda3/envs/airflow_env/lib/python3.9/site-packages/airflow/example_dags/example_latest_only_with_trigger.py took 0.260 seconds
[2025-01-01T17:20:15.213-0800] {processor.py:186} INFO - Started process (PID=28276) to work on /opt/anaconda3/envs/airflow_env/lib/python3.9/site-packages/airflow/example_dags/example_latest_only_with_trigger.py
[2025-01-01T17:20:15.217-0800] {processor.py:914} INFO - Processing file /opt/anaconda3/envs/airflow_env/lib/python3.9/site-packages/airflow/example_dags/example_latest_only_with_trigger.py for tasks to queue
[2025-01-01T17:20:15.218-0800] {logging_mixin.py:190} INFO - [2025-01-01T17:20:15.218-0800] {dagbag.py:588} INFO - Filling up the DagBag from /opt/anaconda3/envs/airflow_env/lib/python3.9/site-packages/airflow/example_dags/example_latest_only_with_trigger.py
[2025-01-01T17:20:15.231-0800] {processor.py:925} INFO - DAG(s) 'latest_only_with_trigger' retrieved from /opt/anaconda3/envs/airflow_env/lib/python3.9/site-packages/airflow/example_dags/example_latest_only_with_trigger.py
[2025-01-01T17:20:15.430-0800] {logging_mixin.py:190} INFO - [2025-01-01T17:20:15.429-0800] {dag.py:3239} INFO - Sync 1 DAGs
[2025-01-01T17:20:15.475-0800] {logging_mixin.py:190} INFO - [2025-01-01T17:20:15.474-0800] {dag.py:4180} INFO - Setting next_dagrun for latest_only_with_trigger to 2025-01-01 20:00:00+00:00, run_after=2025-01-02 00:00:00+00:00
[2025-01-01T17:20:15.580-0800] {processor.py:208} INFO - Processing /opt/anaconda3/envs/airflow_env/lib/python3.9/site-packages/airflow/example_dags/example_latest_only_with_trigger.py took 0.373 seconds
[2025-01-01T17:24:02.948-0800] {processor.py:186} INFO - Started process (PID=28456) to work on /opt/anaconda3/envs/airflow_env/lib/python3.9/site-packages/airflow/example_dags/example_latest_only_with_trigger.py
[2025-01-01T17:24:02.951-0800] {processor.py:914} INFO - Processing file /opt/anaconda3/envs/airflow_env/lib/python3.9/site-packages/airflow/example_dags/example_latest_only_with_trigger.py for tasks to queue
[2025-01-01T17:24:02.952-0800] {logging_mixin.py:190} INFO - [2025-01-01T17:24:02.952-0800] {dagbag.py:588} INFO - Filling up the DagBag from /opt/anaconda3/envs/airflow_env/lib/python3.9/site-packages/airflow/example_dags/example_latest_only_with_trigger.py
[2025-01-01T17:24:02.969-0800] {processor.py:925} INFO - DAG(s) 'latest_only_with_trigger' retrieved from /opt/anaconda3/envs/airflow_env/lib/python3.9/site-packages/airflow/example_dags/example_latest_only_with_trigger.py
[2025-01-01T17:24:03.113-0800] {logging_mixin.py:190} INFO - [2025-01-01T17:24:03.113-0800] {dag.py:3239} INFO - Sync 1 DAGs
[2025-01-01T17:24:03.136-0800] {logging_mixin.py:190} INFO - [2025-01-01T17:24:03.136-0800] {dag.py:4180} INFO - Setting next_dagrun for latest_only_with_trigger to 2025-01-01 20:00:00+00:00, run_after=2025-01-02 00:00:00+00:00
[2025-01-01T17:24:03.159-0800] {processor.py:208} INFO - Processing /opt/anaconda3/envs/airflow_env/lib/python3.9/site-packages/airflow/example_dags/example_latest_only_with_trigger.py took 0.215 seconds
[2025-01-01T17:32:50.965-0800] {processor.py:186} INFO - Started process (PID=29063) to work on /opt/anaconda3/envs/airflow_env/lib/python3.9/site-packages/airflow/example_dags/example_latest_only_with_trigger.py
[2025-01-01T17:32:50.968-0800] {processor.py:914} INFO - Processing file /opt/anaconda3/envs/airflow_env/lib/python3.9/site-packages/airflow/example_dags/example_latest_only_with_trigger.py for tasks to queue
[2025-01-01T17:32:50.971-0800] {logging_mixin.py:190} INFO - [2025-01-01T17:32:50.970-0800] {dagbag.py:588} INFO - Filling up the DagBag from /opt/anaconda3/envs/airflow_env/lib/python3.9/site-packages/airflow/example_dags/example_latest_only_with_trigger.py
[2025-01-01T17:32:51.007-0800] {processor.py:925} INFO - DAG(s) 'latest_only_with_trigger' retrieved from /opt/anaconda3/envs/airflow_env/lib/python3.9/site-packages/airflow/example_dags/example_latest_only_with_trigger.py
[2025-01-01T17:32:51.166-0800] {logging_mixin.py:190} INFO - [2025-01-01T17:32:51.166-0800] {dag.py:3239} INFO - Sync 1 DAGs
[2025-01-01T17:32:51.192-0800] {logging_mixin.py:190} INFO - [2025-01-01T17:32:51.192-0800] {dag.py:4180} INFO - Setting next_dagrun for latest_only_with_trigger to 2025-01-01 20:00:00+00:00, run_after=2025-01-02 00:00:00+00:00
[2025-01-01T17:32:51.218-0800] {processor.py:208} INFO - Processing /opt/anaconda3/envs/airflow_env/lib/python3.9/site-packages/airflow/example_dags/example_latest_only_with_trigger.py took 0.260 seconds
[2025-01-01T17:36:47.038-0800] {processor.py:186} INFO - Started process (PID=29383) to work on /opt/anaconda3/envs/airflow_env/lib/python3.9/site-packages/airflow/example_dags/example_latest_only_with_trigger.py
[2025-01-01T17:36:47.040-0800] {processor.py:914} INFO - Processing file /opt/anaconda3/envs/airflow_env/lib/python3.9/site-packages/airflow/example_dags/example_latest_only_with_trigger.py for tasks to queue
[2025-01-01T17:36:47.045-0800] {logging_mixin.py:190} INFO - [2025-01-01T17:36:47.044-0800] {dagbag.py:588} INFO - Filling up the DagBag from /opt/anaconda3/envs/airflow_env/lib/python3.9/site-packages/airflow/example_dags/example_latest_only_with_trigger.py
[2025-01-01T17:36:47.068-0800] {processor.py:925} INFO - DAG(s) 'latest_only_with_trigger' retrieved from /opt/anaconda3/envs/airflow_env/lib/python3.9/site-packages/airflow/example_dags/example_latest_only_with_trigger.py
[2025-01-01T17:36:47.338-0800] {logging_mixin.py:190} INFO - [2025-01-01T17:36:47.337-0800] {dag.py:3239} INFO - Sync 1 DAGs
[2025-01-01T17:36:47.370-0800] {logging_mixin.py:190} INFO - [2025-01-01T17:36:47.369-0800] {dag.py:4180} INFO - Setting next_dagrun for latest_only_with_trigger to 2025-01-01 20:00:00+00:00, run_after=2025-01-02 00:00:00+00:00
[2025-01-01T17:36:47.398-0800] {processor.py:208} INFO - Processing /opt/anaconda3/envs/airflow_env/lib/python3.9/site-packages/airflow/example_dags/example_latest_only_with_trigger.py took 0.367 seconds
[2025-01-01T17:43:32.916-0800] {processor.py:186} INFO - Started process (PID=30009) to work on /opt/anaconda3/envs/airflow_env/lib/python3.9/site-packages/airflow/example_dags/example_latest_only_with_trigger.py
[2025-01-01T17:43:32.920-0800] {processor.py:914} INFO - Processing file /opt/anaconda3/envs/airflow_env/lib/python3.9/site-packages/airflow/example_dags/example_latest_only_with_trigger.py for tasks to queue
[2025-01-01T17:43:32.922-0800] {logging_mixin.py:190} INFO - [2025-01-01T17:43:32.922-0800] {dagbag.py:588} INFO - Filling up the DagBag from /opt/anaconda3/envs/airflow_env/lib/python3.9/site-packages/airflow/example_dags/example_latest_only_with_trigger.py
[2025-01-01T17:43:32.931-0800] {processor.py:925} INFO - DAG(s) 'latest_only_with_trigger' retrieved from /opt/anaconda3/envs/airflow_env/lib/python3.9/site-packages/airflow/example_dags/example_latest_only_with_trigger.py
[2025-01-01T17:43:33.078-0800] {logging_mixin.py:190} INFO - [2025-01-01T17:43:33.077-0800] {dag.py:3239} INFO - Sync 1 DAGs
[2025-01-01T17:43:33.115-0800] {logging_mixin.py:190} INFO - [2025-01-01T17:43:33.113-0800] {dag.py:4180} INFO - Setting next_dagrun for latest_only_with_trigger to 2025-01-01 20:00:00+00:00, run_after=2025-01-02 00:00:00+00:00
[2025-01-01T17:43:33.141-0800] {processor.py:208} INFO - Processing /opt/anaconda3/envs/airflow_env/lib/python3.9/site-packages/airflow/example_dags/example_latest_only_with_trigger.py took 0.229 seconds
[2025-01-01T17:56:06.693-0800] {processor.py:186} INFO - Started process (PID=30793) to work on /opt/anaconda3/envs/airflow_env/lib/python3.9/site-packages/airflow/example_dags/example_latest_only_with_trigger.py
[2025-01-01T17:56:06.698-0800] {processor.py:914} INFO - Processing file /opt/anaconda3/envs/airflow_env/lib/python3.9/site-packages/airflow/example_dags/example_latest_only_with_trigger.py for tasks to queue
[2025-01-01T17:56:06.699-0800] {logging_mixin.py:190} INFO - [2025-01-01T17:56:06.699-0800] {dagbag.py:588} INFO - Filling up the DagBag from /opt/anaconda3/envs/airflow_env/lib/python3.9/site-packages/airflow/example_dags/example_latest_only_with_trigger.py
[2025-01-01T17:56:06.713-0800] {processor.py:925} INFO - DAG(s) 'latest_only_with_trigger' retrieved from /opt/anaconda3/envs/airflow_env/lib/python3.9/site-packages/airflow/example_dags/example_latest_only_with_trigger.py
[2025-01-01T17:56:06.860-0800] {logging_mixin.py:190} INFO - [2025-01-01T17:56:06.859-0800] {dag.py:3239} INFO - Sync 1 DAGs
[2025-01-01T17:56:06.891-0800] {logging_mixin.py:190} INFO - [2025-01-01T17:56:06.891-0800] {dag.py:4180} INFO - Setting next_dagrun for latest_only_with_trigger to 2025-01-01 20:00:00+00:00, run_after=2025-01-02 00:00:00+00:00
[2025-01-01T17:56:06.922-0800] {processor.py:208} INFO - Processing /opt/anaconda3/envs/airflow_env/lib/python3.9/site-packages/airflow/example_dags/example_latest_only_with_trigger.py took 0.233 seconds
[2025-01-01T18:08:26.132-0800] {processor.py:186} INFO - Started process (PID=32029) to work on /opt/anaconda3/envs/airflow_env/lib/python3.9/site-packages/airflow/example_dags/example_latest_only_with_trigger.py
[2025-01-01T18:08:26.135-0800] {processor.py:914} INFO - Processing file /opt/anaconda3/envs/airflow_env/lib/python3.9/site-packages/airflow/example_dags/example_latest_only_with_trigger.py for tasks to queue
[2025-01-01T18:08:26.137-0800] {logging_mixin.py:190} INFO - [2025-01-01T18:08:26.136-0800] {dagbag.py:588} INFO - Filling up the DagBag from /opt/anaconda3/envs/airflow_env/lib/python3.9/site-packages/airflow/example_dags/example_latest_only_with_trigger.py
[2025-01-01T18:08:26.152-0800] {processor.py:925} INFO - DAG(s) 'latest_only_with_trigger' retrieved from /opt/anaconda3/envs/airflow_env/lib/python3.9/site-packages/airflow/example_dags/example_latest_only_with_trigger.py
[2025-01-01T18:08:26.378-0800] {logging_mixin.py:190} INFO - [2025-01-01T18:08:26.378-0800] {dag.py:3239} INFO - Sync 1 DAGs
[2025-01-01T18:08:26.415-0800] {logging_mixin.py:190} INFO - [2025-01-01T18:08:26.415-0800] {dag.py:4180} INFO - Setting next_dagrun for latest_only_with_trigger to 2025-01-01 20:00:00+00:00, run_after=2025-01-02 00:00:00+00:00
[2025-01-01T18:08:26.486-0800] {processor.py:208} INFO - Processing /opt/anaconda3/envs/airflow_env/lib/python3.9/site-packages/airflow/example_dags/example_latest_only_with_trigger.py took 0.361 seconds
[2025-01-01T18:13:58.987-0800] {processor.py:186} INFO - Started process (PID=32404) to work on /opt/anaconda3/envs/airflow_env/lib/python3.9/site-packages/airflow/example_dags/example_latest_only_with_trigger.py
[2025-01-01T18:13:58.990-0800] {processor.py:914} INFO - Processing file /opt/anaconda3/envs/airflow_env/lib/python3.9/site-packages/airflow/example_dags/example_latest_only_with_trigger.py for tasks to queue
[2025-01-01T18:13:58.991-0800] {logging_mixin.py:190} INFO - [2025-01-01T18:13:58.991-0800] {dagbag.py:588} INFO - Filling up the DagBag from /opt/anaconda3/envs/airflow_env/lib/python3.9/site-packages/airflow/example_dags/example_latest_only_with_trigger.py
[2025-01-01T18:13:59.013-0800] {processor.py:925} INFO - DAG(s) 'latest_only_with_trigger' retrieved from /opt/anaconda3/envs/airflow_env/lib/python3.9/site-packages/airflow/example_dags/example_latest_only_with_trigger.py
[2025-01-01T18:13:59.535-0800] {logging_mixin.py:190} INFO - [2025-01-01T18:13:59.535-0800] {dag.py:3239} INFO - Sync 1 DAGs
[2025-01-01T18:13:59.655-0800] {logging_mixin.py:190} INFO - [2025-01-01T18:13:59.655-0800] {dag.py:4180} INFO - Setting next_dagrun for latest_only_with_trigger to 2025-01-01 20:00:00+00:00, run_after=2025-01-02 00:00:00+00:00
[2025-01-01T18:13:59.748-0800] {processor.py:208} INFO - Processing /opt/anaconda3/envs/airflow_env/lib/python3.9/site-packages/airflow/example_dags/example_latest_only_with_trigger.py took 0.767 seconds
[2025-01-01T18:18:15.189-0800] {processor.py:186} INFO - Started process (PID=32541) to work on /opt/anaconda3/envs/airflow_env/lib/python3.9/site-packages/airflow/example_dags/example_latest_only_with_trigger.py
[2025-01-01T18:18:15.192-0800] {processor.py:914} INFO - Processing file /opt/anaconda3/envs/airflow_env/lib/python3.9/site-packages/airflow/example_dags/example_latest_only_with_trigger.py for tasks to queue
[2025-01-01T18:18:15.193-0800] {logging_mixin.py:190} INFO - [2025-01-01T18:18:15.193-0800] {dagbag.py:588} INFO - Filling up the DagBag from /opt/anaconda3/envs/airflow_env/lib/python3.9/site-packages/airflow/example_dags/example_latest_only_with_trigger.py
[2025-01-01T18:18:15.210-0800] {processor.py:925} INFO - DAG(s) 'latest_only_with_trigger' retrieved from /opt/anaconda3/envs/airflow_env/lib/python3.9/site-packages/airflow/example_dags/example_latest_only_with_trigger.py
[2025-01-01T18:18:15.350-0800] {logging_mixin.py:190} INFO - [2025-01-01T18:18:15.350-0800] {dag.py:3239} INFO - Sync 1 DAGs
[2025-01-01T18:18:15.374-0800] {logging_mixin.py:190} INFO - [2025-01-01T18:18:15.373-0800] {dag.py:4180} INFO - Setting next_dagrun for latest_only_with_trigger to 2025-01-01 20:00:00+00:00, run_after=2025-01-02 00:00:00+00:00
[2025-01-01T18:18:15.400-0800] {processor.py:208} INFO - Processing /opt/anaconda3/envs/airflow_env/lib/python3.9/site-packages/airflow/example_dags/example_latest_only_with_trigger.py took 0.215 seconds
[2025-01-01T18:22:09.568-0800] {processor.py:186} INFO - Started process (PID=32718) to work on /opt/anaconda3/envs/airflow_env/lib/python3.9/site-packages/airflow/example_dags/example_latest_only_with_trigger.py
[2025-01-01T18:22:09.572-0800] {processor.py:914} INFO - Processing file /opt/anaconda3/envs/airflow_env/lib/python3.9/site-packages/airflow/example_dags/example_latest_only_with_trigger.py for tasks to queue
[2025-01-01T18:22:09.574-0800] {logging_mixin.py:190} INFO - [2025-01-01T18:22:09.573-0800] {dagbag.py:588} INFO - Filling up the DagBag from /opt/anaconda3/envs/airflow_env/lib/python3.9/site-packages/airflow/example_dags/example_latest_only_with_trigger.py
[2025-01-01T18:22:09.592-0800] {processor.py:925} INFO - DAG(s) 'latest_only_with_trigger' retrieved from /opt/anaconda3/envs/airflow_env/lib/python3.9/site-packages/airflow/example_dags/example_latest_only_with_trigger.py
[2025-01-01T18:22:09.734-0800] {logging_mixin.py:190} INFO - [2025-01-01T18:22:09.734-0800] {dag.py:3239} INFO - Sync 1 DAGs
[2025-01-01T18:22:09.762-0800] {logging_mixin.py:190} INFO - [2025-01-01T18:22:09.762-0800] {dag.py:4180} INFO - Setting next_dagrun for latest_only_with_trigger to 2025-01-01 20:00:00+00:00, run_after=2025-01-02 00:00:00+00:00
[2025-01-01T18:22:09.786-0800] {processor.py:208} INFO - Processing /opt/anaconda3/envs/airflow_env/lib/python3.9/site-packages/airflow/example_dags/example_latest_only_with_trigger.py took 0.222 seconds
[2025-01-01T18:25:44.556-0800] {processor.py:186} INFO - Started process (PID=32933) to work on /opt/anaconda3/envs/airflow_env/lib/python3.9/site-packages/airflow/example_dags/example_latest_only_with_trigger.py
[2025-01-01T18:25:44.558-0800] {processor.py:914} INFO - Processing file /opt/anaconda3/envs/airflow_env/lib/python3.9/site-packages/airflow/example_dags/example_latest_only_with_trigger.py for tasks to queue
[2025-01-01T18:25:44.561-0800] {logging_mixin.py:190} INFO - [2025-01-01T18:25:44.559-0800] {dagbag.py:588} INFO - Filling up the DagBag from /opt/anaconda3/envs/airflow_env/lib/python3.9/site-packages/airflow/example_dags/example_latest_only_with_trigger.py
[2025-01-01T18:25:44.579-0800] {processor.py:925} INFO - DAG(s) 'latest_only_with_trigger' retrieved from /opt/anaconda3/envs/airflow_env/lib/python3.9/site-packages/airflow/example_dags/example_latest_only_with_trigger.py
[2025-01-01T18:25:44.719-0800] {logging_mixin.py:190} INFO - [2025-01-01T18:25:44.718-0800] {dag.py:3239} INFO - Sync 1 DAGs
[2025-01-01T18:25:44.743-0800] {logging_mixin.py:190} INFO - [2025-01-01T18:25:44.742-0800] {dag.py:4180} INFO - Setting next_dagrun for latest_only_with_trigger to 2025-01-01 20:00:00+00:00, run_after=2025-01-02 00:00:00+00:00
[2025-01-01T18:25:44.774-0800] {processor.py:208} INFO - Processing /opt/anaconda3/envs/airflow_env/lib/python3.9/site-packages/airflow/example_dags/example_latest_only_with_trigger.py took 0.225 seconds
[2025-01-01T18:29:15.225-0800] {processor.py:186} INFO - Started process (PID=33212) to work on /opt/anaconda3/envs/airflow_env/lib/python3.9/site-packages/airflow/example_dags/example_latest_only_with_trigger.py
[2025-01-01T18:29:15.228-0800] {processor.py:914} INFO - Processing file /opt/anaconda3/envs/airflow_env/lib/python3.9/site-packages/airflow/example_dags/example_latest_only_with_trigger.py for tasks to queue
[2025-01-01T18:29:15.229-0800] {logging_mixin.py:190} INFO - [2025-01-01T18:29:15.229-0800] {dagbag.py:588} INFO - Filling up the DagBag from /opt/anaconda3/envs/airflow_env/lib/python3.9/site-packages/airflow/example_dags/example_latest_only_with_trigger.py
[2025-01-01T18:29:15.244-0800] {processor.py:925} INFO - DAG(s) 'latest_only_with_trigger' retrieved from /opt/anaconda3/envs/airflow_env/lib/python3.9/site-packages/airflow/example_dags/example_latest_only_with_trigger.py
[2025-01-01T18:29:15.410-0800] {logging_mixin.py:190} INFO - [2025-01-01T18:29:15.409-0800] {dag.py:3239} INFO - Sync 1 DAGs
[2025-01-01T18:29:15.436-0800] {logging_mixin.py:190} INFO - [2025-01-01T18:29:15.436-0800] {dag.py:4180} INFO - Setting next_dagrun for latest_only_with_trigger to 2025-01-01 20:00:00+00:00, run_after=2025-01-02 00:00:00+00:00
[2025-01-01T18:29:15.461-0800] {processor.py:208} INFO - Processing /opt/anaconda3/envs/airflow_env/lib/python3.9/site-packages/airflow/example_dags/example_latest_only_with_trigger.py took 0.239 seconds
[2025-01-01T18:32:55.611-0800] {processor.py:186} INFO - Started process (PID=33421) to work on /opt/anaconda3/envs/airflow_env/lib/python3.9/site-packages/airflow/example_dags/example_latest_only_with_trigger.py
[2025-01-01T18:32:55.615-0800] {processor.py:914} INFO - Processing file /opt/anaconda3/envs/airflow_env/lib/python3.9/site-packages/airflow/example_dags/example_latest_only_with_trigger.py for tasks to queue
[2025-01-01T18:32:55.617-0800] {logging_mixin.py:190} INFO - [2025-01-01T18:32:55.617-0800] {dagbag.py:588} INFO - Filling up the DagBag from /opt/anaconda3/envs/airflow_env/lib/python3.9/site-packages/airflow/example_dags/example_latest_only_with_trigger.py
[2025-01-01T18:32:55.637-0800] {processor.py:925} INFO - DAG(s) 'latest_only_with_trigger' retrieved from /opt/anaconda3/envs/airflow_env/lib/python3.9/site-packages/airflow/example_dags/example_latest_only_with_trigger.py
[2025-01-01T18:32:55.782-0800] {logging_mixin.py:190} INFO - [2025-01-01T18:32:55.781-0800] {dag.py:3239} INFO - Sync 1 DAGs
[2025-01-01T18:32:55.805-0800] {logging_mixin.py:190} INFO - [2025-01-01T18:32:55.805-0800] {dag.py:4180} INFO - Setting next_dagrun for latest_only_with_trigger to 2025-01-01 20:00:00+00:00, run_after=2025-01-02 00:00:00+00:00
[2025-01-01T18:32:55.837-0800] {processor.py:208} INFO - Processing /opt/anaconda3/envs/airflow_env/lib/python3.9/site-packages/airflow/example_dags/example_latest_only_with_trigger.py took 0.231 seconds
[2025-01-01T18:38:39.077-0800] {processor.py:186} INFO - Started process (PID=33738) to work on /opt/anaconda3/envs/airflow_env/lib/python3.9/site-packages/airflow/example_dags/example_latest_only_with_trigger.py
[2025-01-01T18:38:39.079-0800] {processor.py:914} INFO - Processing file /opt/anaconda3/envs/airflow_env/lib/python3.9/site-packages/airflow/example_dags/example_latest_only_with_trigger.py for tasks to queue
[2025-01-01T18:38:39.080-0800] {logging_mixin.py:190} INFO - [2025-01-01T18:38:39.080-0800] {dagbag.py:588} INFO - Filling up the DagBag from /opt/anaconda3/envs/airflow_env/lib/python3.9/site-packages/airflow/example_dags/example_latest_only_with_trigger.py
[2025-01-01T18:38:39.091-0800] {processor.py:925} INFO - DAG(s) 'latest_only_with_trigger' retrieved from /opt/anaconda3/envs/airflow_env/lib/python3.9/site-packages/airflow/example_dags/example_latest_only_with_trigger.py
[2025-01-01T18:38:39.265-0800] {logging_mixin.py:190} INFO - [2025-01-01T18:38:39.264-0800] {dag.py:3239} INFO - Sync 1 DAGs
[2025-01-01T18:38:39.297-0800] {logging_mixin.py:190} INFO - [2025-01-01T18:38:39.296-0800] {dag.py:4180} INFO - Setting next_dagrun for latest_only_with_trigger to 2025-01-01 20:00:00+00:00, run_after=2025-01-02 00:00:00+00:00
[2025-01-01T18:38:39.343-0800] {processor.py:208} INFO - Processing /opt/anaconda3/envs/airflow_env/lib/python3.9/site-packages/airflow/example_dags/example_latest_only_with_trigger.py took 0.270 seconds
