[2025-01-01T16:11:18.099-0800] {processor.py:186} INFO - Started process (PID=26569) to work on /opt/anaconda3/envs/airflow_env/lib/python3.9/site-packages/airflow/example_dags/example_short_circuit_operator.py
[2025-01-01T16:11:18.100-0800] {processor.py:914} INFO - Processing file /opt/anaconda3/envs/airflow_env/lib/python3.9/site-packages/airflow/example_dags/example_short_circuit_operator.py for tasks to queue
[2025-01-01T16:11:18.101-0800] {logging_mixin.py:190} INFO - [2025-01-01T16:11:18.100-0800] {dagbag.py:588} INFO - Filling up the DagBag from /opt/anaconda3/envs/airflow_env/lib/python3.9/site-packages/airflow/example_dags/example_short_circuit_operator.py
[2025-01-01T16:11:18.133-0800] {processor.py:925} INFO - DAG(s) 'example_short_circuit_operator' retrieved from /opt/anaconda3/envs/airflow_env/lib/python3.9/site-packages/airflow/example_dags/example_short_circuit_operator.py
[2025-01-01T16:11:18.284-0800] {logging_mixin.py:190} INFO - [2025-01-01T16:11:18.283-0800] {dag.py:3239} INFO - Sync 1 DAGs
[2025-01-01T16:11:18.297-0800] {logging_mixin.py:190} INFO - [2025-01-01T16:11:18.297-0800] {dag.py:4180} INFO - Setting next_dagrun for example_short_circuit_operator to None, run_after=None
[2025-01-01T16:11:18.320-0800] {processor.py:208} INFO - Processing /opt/anaconda3/envs/airflow_env/lib/python3.9/site-packages/airflow/example_dags/example_short_circuit_operator.py took 0.225 seconds
[2025-01-01T16:14:53.854-0800] {processor.py:186} INFO - Started process (PID=26793) to work on /opt/anaconda3/envs/airflow_env/lib/python3.9/site-packages/airflow/example_dags/example_short_circuit_operator.py
[2025-01-01T16:14:53.856-0800] {processor.py:914} INFO - Processing file /opt/anaconda3/envs/airflow_env/lib/python3.9/site-packages/airflow/example_dags/example_short_circuit_operator.py for tasks to queue
[2025-01-01T16:14:53.858-0800] {logging_mixin.py:190} INFO - [2025-01-01T16:14:53.858-0800] {dagbag.py:588} INFO - Filling up the DagBag from /opt/anaconda3/envs/airflow_env/lib/python3.9/site-packages/airflow/example_dags/example_short_circuit_operator.py
[2025-01-01T16:14:53.895-0800] {processor.py:925} INFO - DAG(s) 'example_short_circuit_operator' retrieved from /opt/anaconda3/envs/airflow_env/lib/python3.9/site-packages/airflow/example_dags/example_short_circuit_operator.py
[2025-01-01T16:14:54.126-0800] {logging_mixin.py:190} INFO - [2025-01-01T16:14:54.125-0800] {dag.py:3239} INFO - Sync 1 DAGs
[2025-01-01T16:14:54.156-0800] {logging_mixin.py:190} INFO - [2025-01-01T16:14:54.155-0800] {dag.py:4180} INFO - Setting next_dagrun for example_short_circuit_operator to None, run_after=None
[2025-01-01T16:14:54.190-0800] {processor.py:208} INFO - Processing /opt/anaconda3/envs/airflow_env/lib/python3.9/site-packages/airflow/example_dags/example_short_circuit_operator.py took 0.342 seconds
[2025-01-01T16:18:41.292-0800] {processor.py:186} INFO - Started process (PID=27016) to work on /opt/anaconda3/envs/airflow_env/lib/python3.9/site-packages/airflow/example_dags/example_short_circuit_operator.py
[2025-01-01T16:18:41.294-0800] {processor.py:914} INFO - Processing file /opt/anaconda3/envs/airflow_env/lib/python3.9/site-packages/airflow/example_dags/example_short_circuit_operator.py for tasks to queue
[2025-01-01T16:18:41.295-0800] {logging_mixin.py:190} INFO - [2025-01-01T16:18:41.295-0800] {dagbag.py:588} INFO - Filling up the DagBag from /opt/anaconda3/envs/airflow_env/lib/python3.9/site-packages/airflow/example_dags/example_short_circuit_operator.py
[2025-01-01T16:18:41.330-0800] {processor.py:925} INFO - DAG(s) 'example_short_circuit_operator' retrieved from /opt/anaconda3/envs/airflow_env/lib/python3.9/site-packages/airflow/example_dags/example_short_circuit_operator.py
[2025-01-01T16:18:41.517-0800] {logging_mixin.py:190} INFO - [2025-01-01T16:18:41.516-0800] {dag.py:3239} INFO - Sync 1 DAGs
[2025-01-01T16:18:41.539-0800] {logging_mixin.py:190} INFO - [2025-01-01T16:18:41.539-0800] {dag.py:4180} INFO - Setting next_dagrun for example_short_circuit_operator to None, run_after=None
[2025-01-01T16:18:41.567-0800] {processor.py:208} INFO - Processing /opt/anaconda3/envs/airflow_env/lib/python3.9/site-packages/airflow/example_dags/example_short_circuit_operator.py took 0.283 seconds
[2025-01-01T16:22:18.727-0800] {processor.py:186} INFO - Started process (PID=27192) to work on /opt/anaconda3/envs/airflow_env/lib/python3.9/site-packages/airflow/example_dags/example_short_circuit_operator.py
[2025-01-01T16:22:18.729-0800] {processor.py:914} INFO - Processing file /opt/anaconda3/envs/airflow_env/lib/python3.9/site-packages/airflow/example_dags/example_short_circuit_operator.py for tasks to queue
[2025-01-01T16:22:18.731-0800] {logging_mixin.py:190} INFO - [2025-01-01T16:22:18.731-0800] {dagbag.py:588} INFO - Filling up the DagBag from /opt/anaconda3/envs/airflow_env/lib/python3.9/site-packages/airflow/example_dags/example_short_circuit_operator.py
[2025-01-01T16:22:18.764-0800] {processor.py:925} INFO - DAG(s) 'example_short_circuit_operator' retrieved from /opt/anaconda3/envs/airflow_env/lib/python3.9/site-packages/airflow/example_dags/example_short_circuit_operator.py
[2025-01-01T16:22:18.889-0800] {logging_mixin.py:190} INFO - [2025-01-01T16:22:18.888-0800] {dag.py:3239} INFO - Sync 1 DAGs
[2025-01-01T16:22:18.901-0800] {logging_mixin.py:190} INFO - [2025-01-01T16:22:18.901-0800] {dag.py:4180} INFO - Setting next_dagrun for example_short_circuit_operator to None, run_after=None
[2025-01-01T16:22:18.928-0800] {processor.py:208} INFO - Processing /opt/anaconda3/envs/airflow_env/lib/python3.9/site-packages/airflow/example_dags/example_short_circuit_operator.py took 0.205 seconds
[2025-01-01T16:25:18.002-0800] {processor.py:186} INFO - Started process (PID=27302) to work on /opt/anaconda3/envs/airflow_env/lib/python3.9/site-packages/airflow/example_dags/example_short_circuit_operator.py
[2025-01-01T16:25:18.003-0800] {processor.py:914} INFO - Processing file /opt/anaconda3/envs/airflow_env/lib/python3.9/site-packages/airflow/example_dags/example_short_circuit_operator.py for tasks to queue
[2025-01-01T16:25:18.004-0800] {logging_mixin.py:190} INFO - [2025-01-01T16:25:18.004-0800] {dagbag.py:588} INFO - Filling up the DagBag from /opt/anaconda3/envs/airflow_env/lib/python3.9/site-packages/airflow/example_dags/example_short_circuit_operator.py
[2025-01-01T16:25:18.031-0800] {processor.py:925} INFO - DAG(s) 'example_short_circuit_operator' retrieved from /opt/anaconda3/envs/airflow_env/lib/python3.9/site-packages/airflow/example_dags/example_short_circuit_operator.py
[2025-01-01T16:25:18.186-0800] {logging_mixin.py:190} INFO - [2025-01-01T16:25:18.185-0800] {dag.py:3239} INFO - Sync 1 DAGs
[2025-01-01T16:25:18.211-0800] {logging_mixin.py:190} INFO - [2025-01-01T16:25:18.210-0800] {dag.py:4180} INFO - Setting next_dagrun for example_short_circuit_operator to None, run_after=None
[2025-01-01T16:25:18.254-0800] {processor.py:208} INFO - Processing /opt/anaconda3/envs/airflow_env/lib/python3.9/site-packages/airflow/example_dags/example_short_circuit_operator.py took 0.257 seconds
[2025-01-01T16:28:10.456-0800] {processor.py:186} INFO - Started process (PID=27405) to work on /opt/anaconda3/envs/airflow_env/lib/python3.9/site-packages/airflow/example_dags/example_short_circuit_operator.py
[2025-01-01T16:28:10.458-0800] {processor.py:914} INFO - Processing file /opt/anaconda3/envs/airflow_env/lib/python3.9/site-packages/airflow/example_dags/example_short_circuit_operator.py for tasks to queue
[2025-01-01T16:28:10.459-0800] {logging_mixin.py:190} INFO - [2025-01-01T16:28:10.459-0800] {dagbag.py:588} INFO - Filling up the DagBag from /opt/anaconda3/envs/airflow_env/lib/python3.9/site-packages/airflow/example_dags/example_short_circuit_operator.py
[2025-01-01T16:28:10.491-0800] {processor.py:925} INFO - DAG(s) 'example_short_circuit_operator' retrieved from /opt/anaconda3/envs/airflow_env/lib/python3.9/site-packages/airflow/example_dags/example_short_circuit_operator.py
[2025-01-01T16:28:10.653-0800] {logging_mixin.py:190} INFO - [2025-01-01T16:28:10.652-0800] {dag.py:3239} INFO - Sync 1 DAGs
[2025-01-01T16:28:10.671-0800] {logging_mixin.py:190} INFO - [2025-01-01T16:28:10.671-0800] {dag.py:4180} INFO - Setting next_dagrun for example_short_circuit_operator to None, run_after=None
[2025-01-01T16:28:10.696-0800] {processor.py:208} INFO - Processing /opt/anaconda3/envs/airflow_env/lib/python3.9/site-packages/airflow/example_dags/example_short_circuit_operator.py took 0.245 seconds
[2025-01-01T16:31:03.841-0800] {processor.py:186} INFO - Started process (PID=27509) to work on /opt/anaconda3/envs/airflow_env/lib/python3.9/site-packages/airflow/example_dags/example_short_circuit_operator.py
[2025-01-01T16:31:03.843-0800] {processor.py:914} INFO - Processing file /opt/anaconda3/envs/airflow_env/lib/python3.9/site-packages/airflow/example_dags/example_short_circuit_operator.py for tasks to queue
[2025-01-01T16:31:03.845-0800] {logging_mixin.py:190} INFO - [2025-01-01T16:31:03.845-0800] {dagbag.py:588} INFO - Filling up the DagBag from /opt/anaconda3/envs/airflow_env/lib/python3.9/site-packages/airflow/example_dags/example_short_circuit_operator.py
[2025-01-01T16:31:03.875-0800] {processor.py:925} INFO - DAG(s) 'example_short_circuit_operator' retrieved from /opt/anaconda3/envs/airflow_env/lib/python3.9/site-packages/airflow/example_dags/example_short_circuit_operator.py
[2025-01-01T16:31:04.007-0800] {logging_mixin.py:190} INFO - [2025-01-01T16:31:04.007-0800] {dag.py:3239} INFO - Sync 1 DAGs
[2025-01-01T16:31:04.020-0800] {logging_mixin.py:190} INFO - [2025-01-01T16:31:04.020-0800] {dag.py:4180} INFO - Setting next_dagrun for example_short_circuit_operator to None, run_after=None
[2025-01-01T16:31:04.043-0800] {processor.py:208} INFO - Processing /opt/anaconda3/envs/airflow_env/lib/python3.9/site-packages/airflow/example_dags/example_short_circuit_operator.py took 0.206 seconds
[2025-01-01T17:07:25.520-0800] {processor.py:186} INFO - Started process (PID=27729) to work on /opt/anaconda3/envs/airflow_env/lib/python3.9/site-packages/airflow/example_dags/example_short_circuit_operator.py
[2025-01-01T17:07:25.523-0800] {processor.py:914} INFO - Processing file /opt/anaconda3/envs/airflow_env/lib/python3.9/site-packages/airflow/example_dags/example_short_circuit_operator.py for tasks to queue
[2025-01-01T17:07:25.532-0800] {logging_mixin.py:190} INFO - [2025-01-01T17:07:25.527-0800] {dagbag.py:588} INFO - Filling up the DagBag from /opt/anaconda3/envs/airflow_env/lib/python3.9/site-packages/airflow/example_dags/example_short_circuit_operator.py
[2025-01-01T17:07:25.630-0800] {processor.py:925} INFO - DAG(s) 'example_short_circuit_operator' retrieved from /opt/anaconda3/envs/airflow_env/lib/python3.9/site-packages/airflow/example_dags/example_short_circuit_operator.py
[2025-01-01T17:07:26.190-0800] {logging_mixin.py:190} INFO - [2025-01-01T17:07:26.189-0800] {dag.py:3239} INFO - Sync 1 DAGs
[2025-01-01T17:07:26.221-0800] {logging_mixin.py:190} INFO - [2025-01-01T17:07:26.221-0800] {dag.py:4180} INFO - Setting next_dagrun for example_short_circuit_operator to None, run_after=None
[2025-01-01T17:07:26.267-0800] {processor.py:208} INFO - Processing /opt/anaconda3/envs/airflow_env/lib/python3.9/site-packages/airflow/example_dags/example_short_circuit_operator.py took 0.756 seconds
[2025-01-01T17:11:46.060-0800] {processor.py:186} INFO - Started process (PID=27895) to work on /opt/anaconda3/envs/airflow_env/lib/python3.9/site-packages/airflow/example_dags/example_short_circuit_operator.py
[2025-01-01T17:11:46.063-0800] {processor.py:914} INFO - Processing file /opt/anaconda3/envs/airflow_env/lib/python3.9/site-packages/airflow/example_dags/example_short_circuit_operator.py for tasks to queue
[2025-01-01T17:11:46.065-0800] {logging_mixin.py:190} INFO - [2025-01-01T17:11:46.065-0800] {dagbag.py:588} INFO - Filling up the DagBag from /opt/anaconda3/envs/airflow_env/lib/python3.9/site-packages/airflow/example_dags/example_short_circuit_operator.py
[2025-01-01T17:11:46.107-0800] {processor.py:925} INFO - DAG(s) 'example_short_circuit_operator' retrieved from /opt/anaconda3/envs/airflow_env/lib/python3.9/site-packages/airflow/example_dags/example_short_circuit_operator.py
[2025-01-01T17:11:46.284-0800] {logging_mixin.py:190} INFO - [2025-01-01T17:11:46.284-0800] {dag.py:3239} INFO - Sync 1 DAGs
[2025-01-01T17:11:46.301-0800] {logging_mixin.py:190} INFO - [2025-01-01T17:11:46.301-0800] {dag.py:4180} INFO - Setting next_dagrun for example_short_circuit_operator to None, run_after=None
[2025-01-01T17:11:46.326-0800] {processor.py:208} INFO - Processing /opt/anaconda3/envs/airflow_env/lib/python3.9/site-packages/airflow/example_dags/example_short_circuit_operator.py took 0.271 seconds
[2025-01-01T17:15:19.847-0800] {processor.py:186} INFO - Started process (PID=28045) to work on /opt/anaconda3/envs/airflow_env/lib/python3.9/site-packages/airflow/example_dags/example_short_circuit_operator.py
[2025-01-01T17:15:19.850-0800] {processor.py:914} INFO - Processing file /opt/anaconda3/envs/airflow_env/lib/python3.9/site-packages/airflow/example_dags/example_short_circuit_operator.py for tasks to queue
[2025-01-01T17:15:19.852-0800] {logging_mixin.py:190} INFO - [2025-01-01T17:15:19.852-0800] {dagbag.py:588} INFO - Filling up the DagBag from /opt/anaconda3/envs/airflow_env/lib/python3.9/site-packages/airflow/example_dags/example_short_circuit_operator.py
[2025-01-01T17:15:19.895-0800] {processor.py:925} INFO - DAG(s) 'example_short_circuit_operator' retrieved from /opt/anaconda3/envs/airflow_env/lib/python3.9/site-packages/airflow/example_dags/example_short_circuit_operator.py
[2025-01-01T17:15:20.091-0800] {logging_mixin.py:190} INFO - [2025-01-01T17:15:20.090-0800] {dag.py:3239} INFO - Sync 1 DAGs
[2025-01-01T17:15:20.108-0800] {logging_mixin.py:190} INFO - [2025-01-01T17:15:20.108-0800] {dag.py:4180} INFO - Setting next_dagrun for example_short_circuit_operator to None, run_after=None
[2025-01-01T17:15:20.135-0800] {processor.py:208} INFO - Processing /opt/anaconda3/envs/airflow_env/lib/python3.9/site-packages/airflow/example_dags/example_short_circuit_operator.py took 0.296 seconds
[2025-01-01T17:19:07.328-0800] {processor.py:186} INFO - Started process (PID=28232) to work on /opt/anaconda3/envs/airflow_env/lib/python3.9/site-packages/airflow/example_dags/example_short_circuit_operator.py
[2025-01-01T17:19:07.331-0800] {processor.py:914} INFO - Processing file /opt/anaconda3/envs/airflow_env/lib/python3.9/site-packages/airflow/example_dags/example_short_circuit_operator.py for tasks to queue
[2025-01-01T17:19:07.333-0800] {logging_mixin.py:190} INFO - [2025-01-01T17:19:07.332-0800] {dagbag.py:588} INFO - Filling up the DagBag from /opt/anaconda3/envs/airflow_env/lib/python3.9/site-packages/airflow/example_dags/example_short_circuit_operator.py
[2025-01-01T17:19:07.369-0800] {processor.py:925} INFO - DAG(s) 'example_short_circuit_operator' retrieved from /opt/anaconda3/envs/airflow_env/lib/python3.9/site-packages/airflow/example_dags/example_short_circuit_operator.py
[2025-01-01T17:19:07.541-0800] {logging_mixin.py:190} INFO - [2025-01-01T17:19:07.541-0800] {dag.py:3239} INFO - Sync 1 DAGs
[2025-01-01T17:19:07.554-0800] {logging_mixin.py:190} INFO - [2025-01-01T17:19:07.554-0800] {dag.py:4180} INFO - Setting next_dagrun for example_short_circuit_operator to None, run_after=None
[2025-01-01T17:19:07.581-0800] {processor.py:208} INFO - Processing /opt/anaconda3/envs/airflow_env/lib/python3.9/site-packages/airflow/example_dags/example_short_circuit_operator.py took 0.260 seconds
[2025-01-01T17:23:03.393-0800] {processor.py:186} INFO - Started process (PID=28410) to work on /opt/anaconda3/envs/airflow_env/lib/python3.9/site-packages/airflow/example_dags/example_short_circuit_operator.py
[2025-01-01T17:23:03.396-0800] {processor.py:914} INFO - Processing file /opt/anaconda3/envs/airflow_env/lib/python3.9/site-packages/airflow/example_dags/example_short_circuit_operator.py for tasks to queue
[2025-01-01T17:23:03.398-0800] {logging_mixin.py:190} INFO - [2025-01-01T17:23:03.397-0800] {dagbag.py:588} INFO - Filling up the DagBag from /opt/anaconda3/envs/airflow_env/lib/python3.9/site-packages/airflow/example_dags/example_short_circuit_operator.py
[2025-01-01T17:23:03.462-0800] {processor.py:925} INFO - DAG(s) 'example_short_circuit_operator' retrieved from /opt/anaconda3/envs/airflow_env/lib/python3.9/site-packages/airflow/example_dags/example_short_circuit_operator.py
[2025-01-01T17:23:03.638-0800] {logging_mixin.py:190} INFO - [2025-01-01T17:23:03.637-0800] {dag.py:3239} INFO - Sync 1 DAGs
[2025-01-01T17:23:03.655-0800] {logging_mixin.py:190} INFO - [2025-01-01T17:23:03.654-0800] {dag.py:4180} INFO - Setting next_dagrun for example_short_circuit_operator to None, run_after=None
[2025-01-01T17:23:03.680-0800] {processor.py:208} INFO - Processing /opt/anaconda3/envs/airflow_env/lib/python3.9/site-packages/airflow/example_dags/example_short_circuit_operator.py took 0.293 seconds
[2025-01-01T17:27:54.340-0800] {processor.py:186} INFO - Started process (PID=28637) to work on /opt/anaconda3/envs/airflow_env/lib/python3.9/site-packages/airflow/example_dags/example_short_circuit_operator.py
[2025-01-01T17:27:54.343-0800] {processor.py:914} INFO - Processing file /opt/anaconda3/envs/airflow_env/lib/python3.9/site-packages/airflow/example_dags/example_short_circuit_operator.py for tasks to queue
[2025-01-01T17:27:54.345-0800] {logging_mixin.py:190} INFO - [2025-01-01T17:27:54.344-0800] {dagbag.py:588} INFO - Filling up the DagBag from /opt/anaconda3/envs/airflow_env/lib/python3.9/site-packages/airflow/example_dags/example_short_circuit_operator.py
[2025-01-01T17:27:54.386-0800] {processor.py:925} INFO - DAG(s) 'example_short_circuit_operator' retrieved from /opt/anaconda3/envs/airflow_env/lib/python3.9/site-packages/airflow/example_dags/example_short_circuit_operator.py
[2025-01-01T17:27:54.591-0800] {logging_mixin.py:190} INFO - [2025-01-01T17:27:54.590-0800] {dag.py:3239} INFO - Sync 1 DAGs
[2025-01-01T17:27:54.612-0800] {logging_mixin.py:190} INFO - [2025-01-01T17:27:54.611-0800] {dag.py:4180} INFO - Setting next_dagrun for example_short_circuit_operator to None, run_after=None
[2025-01-01T17:27:54.643-0800] {processor.py:208} INFO - Processing /opt/anaconda3/envs/airflow_env/lib/python3.9/site-packages/airflow/example_dags/example_short_circuit_operator.py took 0.311 seconds
[2025-01-01T17:31:52.709-0800] {processor.py:186} INFO - Started process (PID=29030) to work on /opt/anaconda3/envs/airflow_env/lib/python3.9/site-packages/airflow/example_dags/example_short_circuit_operator.py
[2025-01-01T17:31:52.711-0800] {processor.py:914} INFO - Processing file /opt/anaconda3/envs/airflow_env/lib/python3.9/site-packages/airflow/example_dags/example_short_circuit_operator.py for tasks to queue
[2025-01-01T17:31:52.713-0800] {logging_mixin.py:190} INFO - [2025-01-01T17:31:52.712-0800] {dagbag.py:588} INFO - Filling up the DagBag from /opt/anaconda3/envs/airflow_env/lib/python3.9/site-packages/airflow/example_dags/example_short_circuit_operator.py
[2025-01-01T17:31:52.791-0800] {processor.py:925} INFO - DAG(s) 'example_short_circuit_operator' retrieved from /opt/anaconda3/envs/airflow_env/lib/python3.9/site-packages/airflow/example_dags/example_short_circuit_operator.py
[2025-01-01T17:31:52.990-0800] {logging_mixin.py:190} INFO - [2025-01-01T17:31:52.990-0800] {dag.py:3239} INFO - Sync 1 DAGs
[2025-01-01T17:31:53.005-0800] {logging_mixin.py:190} INFO - [2025-01-01T17:31:53.005-0800] {dag.py:4180} INFO - Setting next_dagrun for example_short_circuit_operator to None, run_after=None
[2025-01-01T17:31:53.035-0800] {processor.py:208} INFO - Processing /opt/anaconda3/envs/airflow_env/lib/python3.9/site-packages/airflow/example_dags/example_short_circuit_operator.py took 0.330 seconds
[2025-01-01T17:35:48.396-0800] {processor.py:186} INFO - Started process (PID=29270) to work on /opt/anaconda3/envs/airflow_env/lib/python3.9/site-packages/airflow/example_dags/example_short_circuit_operator.py
[2025-01-01T17:35:48.399-0800] {processor.py:914} INFO - Processing file /opt/anaconda3/envs/airflow_env/lib/python3.9/site-packages/airflow/example_dags/example_short_circuit_operator.py for tasks to queue
[2025-01-01T17:35:48.400-0800] {logging_mixin.py:190} INFO - [2025-01-01T17:35:48.400-0800] {dagbag.py:588} INFO - Filling up the DagBag from /opt/anaconda3/envs/airflow_env/lib/python3.9/site-packages/airflow/example_dags/example_short_circuit_operator.py
[2025-01-01T17:35:48.432-0800] {processor.py:925} INFO - DAG(s) 'example_short_circuit_operator' retrieved from /opt/anaconda3/envs/airflow_env/lib/python3.9/site-packages/airflow/example_dags/example_short_circuit_operator.py
[2025-01-01T17:35:48.560-0800] {logging_mixin.py:190} INFO - [2025-01-01T17:35:48.560-0800] {dag.py:3239} INFO - Sync 1 DAGs
[2025-01-01T17:35:48.573-0800] {logging_mixin.py:190} INFO - [2025-01-01T17:35:48.573-0800] {dag.py:4180} INFO - Setting next_dagrun for example_short_circuit_operator to None, run_after=None
[2025-01-01T17:35:48.595-0800] {processor.py:208} INFO - Processing /opt/anaconda3/envs/airflow_env/lib/python3.9/site-packages/airflow/example_dags/example_short_circuit_operator.py took 0.204 seconds
[2025-01-01T17:39:25.157-0800] {processor.py:186} INFO - Started process (PID=29575) to work on /opt/anaconda3/envs/airflow_env/lib/python3.9/site-packages/airflow/example_dags/example_short_circuit_operator.py
[2025-01-01T17:39:25.159-0800] {processor.py:914} INFO - Processing file /opt/anaconda3/envs/airflow_env/lib/python3.9/site-packages/airflow/example_dags/example_short_circuit_operator.py for tasks to queue
[2025-01-01T17:39:25.161-0800] {logging_mixin.py:190} INFO - [2025-01-01T17:39:25.160-0800] {dagbag.py:588} INFO - Filling up the DagBag from /opt/anaconda3/envs/airflow_env/lib/python3.9/site-packages/airflow/example_dags/example_short_circuit_operator.py
[2025-01-01T17:39:25.190-0800] {processor.py:925} INFO - DAG(s) 'example_short_circuit_operator' retrieved from /opt/anaconda3/envs/airflow_env/lib/python3.9/site-packages/airflow/example_dags/example_short_circuit_operator.py
[2025-01-01T17:39:25.358-0800] {logging_mixin.py:190} INFO - [2025-01-01T17:39:25.358-0800] {dag.py:3239} INFO - Sync 1 DAGs
[2025-01-01T17:39:25.373-0800] {logging_mixin.py:190} INFO - [2025-01-01T17:39:25.373-0800] {dag.py:4180} INFO - Setting next_dagrun for example_short_circuit_operator to None, run_after=None
[2025-01-01T17:39:25.400-0800] {processor.py:208} INFO - Processing /opt/anaconda3/envs/airflow_env/lib/python3.9/site-packages/airflow/example_dags/example_short_circuit_operator.py took 0.249 seconds
[2025-01-01T17:52:08.729-0800] {processor.py:186} INFO - Started process (PID=30488) to work on /opt/anaconda3/envs/airflow_env/lib/python3.9/site-packages/airflow/example_dags/example_short_circuit_operator.py
[2025-01-01T17:52:08.731-0800] {processor.py:914} INFO - Processing file /opt/anaconda3/envs/airflow_env/lib/python3.9/site-packages/airflow/example_dags/example_short_circuit_operator.py for tasks to queue
[2025-01-01T17:52:08.733-0800] {logging_mixin.py:190} INFO - [2025-01-01T17:52:08.732-0800] {dagbag.py:588} INFO - Filling up the DagBag from /opt/anaconda3/envs/airflow_env/lib/python3.9/site-packages/airflow/example_dags/example_short_circuit_operator.py
[2025-01-01T17:52:08.761-0800] {processor.py:925} INFO - DAG(s) 'example_short_circuit_operator' retrieved from /opt/anaconda3/envs/airflow_env/lib/python3.9/site-packages/airflow/example_dags/example_short_circuit_operator.py
[2025-01-01T17:52:08.907-0800] {logging_mixin.py:190} INFO - [2025-01-01T17:52:08.907-0800] {dag.py:3239} INFO - Sync 1 DAGs
[2025-01-01T17:52:08.920-0800] {logging_mixin.py:190} INFO - [2025-01-01T17:52:08.920-0800] {dag.py:4180} INFO - Setting next_dagrun for example_short_circuit_operator to None, run_after=None
[2025-01-01T17:52:08.941-0800] {processor.py:208} INFO - Processing /opt/anaconda3/envs/airflow_env/lib/python3.9/site-packages/airflow/example_dags/example_short_circuit_operator.py took 0.216 seconds
[2025-01-01T18:06:43.540-0800] {processor.py:186} INFO - Started process (PID=31819) to work on /opt/anaconda3/envs/airflow_env/lib/python3.9/site-packages/airflow/example_dags/example_short_circuit_operator.py
[2025-01-01T18:06:43.542-0800] {processor.py:914} INFO - Processing file /opt/anaconda3/envs/airflow_env/lib/python3.9/site-packages/airflow/example_dags/example_short_circuit_operator.py for tasks to queue
[2025-01-01T18:06:43.543-0800] {logging_mixin.py:190} INFO - [2025-01-01T18:06:43.543-0800] {dagbag.py:588} INFO - Filling up the DagBag from /opt/anaconda3/envs/airflow_env/lib/python3.9/site-packages/airflow/example_dags/example_short_circuit_operator.py
[2025-01-01T18:06:43.587-0800] {processor.py:925} INFO - DAG(s) 'example_short_circuit_operator' retrieved from /opt/anaconda3/envs/airflow_env/lib/python3.9/site-packages/airflow/example_dags/example_short_circuit_operator.py
[2025-01-01T18:06:43.871-0800] {logging_mixin.py:190} INFO - [2025-01-01T18:06:43.869-0800] {dag.py:3239} INFO - Sync 1 DAGs
[2025-01-01T18:06:43.971-0800] {logging_mixin.py:190} INFO - [2025-01-01T18:06:43.954-0800] {dag.py:4180} INFO - Setting next_dagrun for example_short_circuit_operator to None, run_after=None
[2025-01-01T18:06:44.039-0800] {processor.py:208} INFO - Processing /opt/anaconda3/envs/airflow_env/lib/python3.9/site-packages/airflow/example_dags/example_short_circuit_operator.py took 0.506 seconds
[2025-01-01T18:12:52.121-0800] {processor.py:186} INFO - Started process (PID=32367) to work on /opt/anaconda3/envs/airflow_env/lib/python3.9/site-packages/airflow/example_dags/example_short_circuit_operator.py
[2025-01-01T18:12:52.123-0800] {processor.py:914} INFO - Processing file /opt/anaconda3/envs/airflow_env/lib/python3.9/site-packages/airflow/example_dags/example_short_circuit_operator.py for tasks to queue
[2025-01-01T18:12:52.125-0800] {logging_mixin.py:190} INFO - [2025-01-01T18:12:52.124-0800] {dagbag.py:588} INFO - Filling up the DagBag from /opt/anaconda3/envs/airflow_env/lib/python3.9/site-packages/airflow/example_dags/example_short_circuit_operator.py
[2025-01-01T18:12:52.164-0800] {processor.py:925} INFO - DAG(s) 'example_short_circuit_operator' retrieved from /opt/anaconda3/envs/airflow_env/lib/python3.9/site-packages/airflow/example_dags/example_short_circuit_operator.py
[2025-01-01T18:12:52.348-0800] {logging_mixin.py:190} INFO - [2025-01-01T18:12:52.347-0800] {dag.py:3239} INFO - Sync 1 DAGs
[2025-01-01T18:12:52.363-0800] {logging_mixin.py:190} INFO - [2025-01-01T18:12:52.363-0800] {dag.py:4180} INFO - Setting next_dagrun for example_short_circuit_operator to None, run_after=None
[2025-01-01T18:12:52.392-0800] {processor.py:208} INFO - Processing /opt/anaconda3/envs/airflow_env/lib/python3.9/site-packages/airflow/example_dags/example_short_circuit_operator.py took 0.275 seconds
[2025-01-01T18:17:07.604-0800] {processor.py:186} INFO - Started process (PID=32504) to work on /opt/anaconda3/envs/airflow_env/lib/python3.9/site-packages/airflow/example_dags/example_short_circuit_operator.py
[2025-01-01T18:17:07.606-0800] {processor.py:914} INFO - Processing file /opt/anaconda3/envs/airflow_env/lib/python3.9/site-packages/airflow/example_dags/example_short_circuit_operator.py for tasks to queue
[2025-01-01T18:17:07.608-0800] {logging_mixin.py:190} INFO - [2025-01-01T18:17:07.607-0800] {dagbag.py:588} INFO - Filling up the DagBag from /opt/anaconda3/envs/airflow_env/lib/python3.9/site-packages/airflow/example_dags/example_short_circuit_operator.py
[2025-01-01T18:17:07.653-0800] {processor.py:925} INFO - DAG(s) 'example_short_circuit_operator' retrieved from /opt/anaconda3/envs/airflow_env/lib/python3.9/site-packages/airflow/example_dags/example_short_circuit_operator.py
[2025-01-01T18:17:07.844-0800] {logging_mixin.py:190} INFO - [2025-01-01T18:17:07.844-0800] {dag.py:3239} INFO - Sync 1 DAGs
[2025-01-01T18:17:07.862-0800] {logging_mixin.py:190} INFO - [2025-01-01T18:17:07.861-0800] {dag.py:4180} INFO - Setting next_dagrun for example_short_circuit_operator to None, run_after=None
[2025-01-01T18:17:07.892-0800] {processor.py:208} INFO - Processing /opt/anaconda3/envs/airflow_env/lib/python3.9/site-packages/airflow/example_dags/example_short_circuit_operator.py took 0.294 seconds
[2025-01-01T18:21:09.062-0800] {processor.py:186} INFO - Started process (PID=32687) to work on /opt/anaconda3/envs/airflow_env/lib/python3.9/site-packages/airflow/example_dags/example_short_circuit_operator.py
[2025-01-01T18:21:09.065-0800] {processor.py:914} INFO - Processing file /opt/anaconda3/envs/airflow_env/lib/python3.9/site-packages/airflow/example_dags/example_short_circuit_operator.py for tasks to queue
[2025-01-01T18:21:09.067-0800] {logging_mixin.py:190} INFO - [2025-01-01T18:21:09.067-0800] {dagbag.py:588} INFO - Filling up the DagBag from /opt/anaconda3/envs/airflow_env/lib/python3.9/site-packages/airflow/example_dags/example_short_circuit_operator.py
[2025-01-01T18:21:09.102-0800] {processor.py:925} INFO - DAG(s) 'example_short_circuit_operator' retrieved from /opt/anaconda3/envs/airflow_env/lib/python3.9/site-packages/airflow/example_dags/example_short_circuit_operator.py
[2025-01-01T18:21:09.464-0800] {logging_mixin.py:190} INFO - [2025-01-01T18:21:09.463-0800] {dag.py:3239} INFO - Sync 1 DAGs
[2025-01-01T18:21:09.479-0800] {logging_mixin.py:190} INFO - [2025-01-01T18:21:09.479-0800] {dag.py:4180} INFO - Setting next_dagrun for example_short_circuit_operator to None, run_after=None
[2025-01-01T18:21:09.513-0800] {processor.py:208} INFO - Processing /opt/anaconda3/envs/airflow_env/lib/python3.9/site-packages/airflow/example_dags/example_short_circuit_operator.py took 0.456 seconds
[2025-01-01T18:24:41.351-0800] {processor.py:186} INFO - Started process (PID=32886) to work on /opt/anaconda3/envs/airflow_env/lib/python3.9/site-packages/airflow/example_dags/example_short_circuit_operator.py
[2025-01-01T18:24:41.353-0800] {processor.py:914} INFO - Processing file /opt/anaconda3/envs/airflow_env/lib/python3.9/site-packages/airflow/example_dags/example_short_circuit_operator.py for tasks to queue
[2025-01-01T18:24:41.355-0800] {logging_mixin.py:190} INFO - [2025-01-01T18:24:41.355-0800] {dagbag.py:588} INFO - Filling up the DagBag from /opt/anaconda3/envs/airflow_env/lib/python3.9/site-packages/airflow/example_dags/example_short_circuit_operator.py
[2025-01-01T18:24:41.394-0800] {processor.py:925} INFO - DAG(s) 'example_short_circuit_operator' retrieved from /opt/anaconda3/envs/airflow_env/lib/python3.9/site-packages/airflow/example_dags/example_short_circuit_operator.py
[2025-01-01T18:24:41.562-0800] {logging_mixin.py:190} INFO - [2025-01-01T18:24:41.561-0800] {dag.py:3239} INFO - Sync 1 DAGs
[2025-01-01T18:24:41.586-0800] {logging_mixin.py:190} INFO - [2025-01-01T18:24:41.585-0800] {dag.py:4180} INFO - Setting next_dagrun for example_short_circuit_operator to None, run_after=None
[2025-01-01T18:24:41.615-0800] {processor.py:208} INFO - Processing /opt/anaconda3/envs/airflow_env/lib/python3.9/site-packages/airflow/example_dags/example_short_circuit_operator.py took 0.269 seconds
[2025-01-01T18:28:16.295-0800] {processor.py:186} INFO - Started process (PID=33123) to work on /opt/anaconda3/envs/airflow_env/lib/python3.9/site-packages/airflow/example_dags/example_short_circuit_operator.py
[2025-01-01T18:28:16.297-0800] {processor.py:914} INFO - Processing file /opt/anaconda3/envs/airflow_env/lib/python3.9/site-packages/airflow/example_dags/example_short_circuit_operator.py for tasks to queue
[2025-01-01T18:28:16.299-0800] {logging_mixin.py:190} INFO - [2025-01-01T18:28:16.298-0800] {dagbag.py:588} INFO - Filling up the DagBag from /opt/anaconda3/envs/airflow_env/lib/python3.9/site-packages/airflow/example_dags/example_short_circuit_operator.py
[2025-01-01T18:28:16.344-0800] {processor.py:925} INFO - DAG(s) 'example_short_circuit_operator' retrieved from /opt/anaconda3/envs/airflow_env/lib/python3.9/site-packages/airflow/example_dags/example_short_circuit_operator.py
[2025-01-01T18:28:16.530-0800] {logging_mixin.py:190} INFO - [2025-01-01T18:28:16.529-0800] {dag.py:3239} INFO - Sync 1 DAGs
[2025-01-01T18:28:16.544-0800] {logging_mixin.py:190} INFO - [2025-01-01T18:28:16.544-0800] {dag.py:4180} INFO - Setting next_dagrun for example_short_circuit_operator to None, run_after=None
[2025-01-01T18:28:16.570-0800] {processor.py:208} INFO - Processing /opt/anaconda3/envs/airflow_env/lib/python3.9/site-packages/airflow/example_dags/example_short_circuit_operator.py took 0.279 seconds
[2025-01-01T18:32:01.325-0800] {processor.py:186} INFO - Started process (PID=33392) to work on /opt/anaconda3/envs/airflow_env/lib/python3.9/site-packages/airflow/example_dags/example_short_circuit_operator.py
[2025-01-01T18:32:01.327-0800] {processor.py:914} INFO - Processing file /opt/anaconda3/envs/airflow_env/lib/python3.9/site-packages/airflow/example_dags/example_short_circuit_operator.py for tasks to queue
[2025-01-01T18:32:01.328-0800] {logging_mixin.py:190} INFO - [2025-01-01T18:32:01.328-0800] {dagbag.py:588} INFO - Filling up the DagBag from /opt/anaconda3/envs/airflow_env/lib/python3.9/site-packages/airflow/example_dags/example_short_circuit_operator.py
[2025-01-01T18:32:01.365-0800] {processor.py:925} INFO - DAG(s) 'example_short_circuit_operator' retrieved from /opt/anaconda3/envs/airflow_env/lib/python3.9/site-packages/airflow/example_dags/example_short_circuit_operator.py
[2025-01-01T18:32:01.500-0800] {logging_mixin.py:190} INFO - [2025-01-01T18:32:01.499-0800] {dag.py:3239} INFO - Sync 1 DAGs
[2025-01-01T18:32:01.513-0800] {logging_mixin.py:190} INFO - [2025-01-01T18:32:01.512-0800] {dag.py:4180} INFO - Setting next_dagrun for example_short_circuit_operator to None, run_after=None
[2025-01-01T18:32:01.538-0800] {processor.py:208} INFO - Processing /opt/anaconda3/envs/airflow_env/lib/python3.9/site-packages/airflow/example_dags/example_short_circuit_operator.py took 0.219 seconds
[2025-01-01T18:37:38.229-0800] {processor.py:186} INFO - Started process (PID=33678) to work on /opt/anaconda3/envs/airflow_env/lib/python3.9/site-packages/airflow/example_dags/example_short_circuit_operator.py
[2025-01-01T18:37:38.232-0800] {processor.py:914} INFO - Processing file /opt/anaconda3/envs/airflow_env/lib/python3.9/site-packages/airflow/example_dags/example_short_circuit_operator.py for tasks to queue
[2025-01-01T18:37:38.234-0800] {logging_mixin.py:190} INFO - [2025-01-01T18:37:38.234-0800] {dagbag.py:588} INFO - Filling up the DagBag from /opt/anaconda3/envs/airflow_env/lib/python3.9/site-packages/airflow/example_dags/example_short_circuit_operator.py
[2025-01-01T18:37:38.269-0800] {processor.py:925} INFO - DAG(s) 'example_short_circuit_operator' retrieved from /opt/anaconda3/envs/airflow_env/lib/python3.9/site-packages/airflow/example_dags/example_short_circuit_operator.py
[2025-01-01T18:37:38.414-0800] {logging_mixin.py:190} INFO - [2025-01-01T18:37:38.414-0800] {dag.py:3239} INFO - Sync 1 DAGs
[2025-01-01T18:37:38.427-0800] {logging_mixin.py:190} INFO - [2025-01-01T18:37:38.427-0800] {dag.py:4180} INFO - Setting next_dagrun for example_short_circuit_operator to None, run_after=None
[2025-01-01T18:37:38.460-0800] {processor.py:208} INFO - Processing /opt/anaconda3/envs/airflow_env/lib/python3.9/site-packages/airflow/example_dags/example_short_circuit_operator.py took 0.236 seconds
