[2025-01-01T16:12:25.368-0800] {processor.py:186} INFO - Started process (PID=26626) to work on /opt/anaconda3/envs/airflow_env/lib/python3.9/site-packages/airflow/example_dags/example_inlet_event_extra.py
[2025-01-01T16:12:25.370-0800] {processor.py:914} INFO - Processing file /opt/anaconda3/envs/airflow_env/lib/python3.9/site-packages/airflow/example_dags/example_inlet_event_extra.py for tasks to queue
[2025-01-01T16:12:25.371-0800] {logging_mixin.py:190} INFO - [2025-01-01T16:12:25.371-0800] {dagbag.py:588} INFO - Filling up the DagBag from /opt/anaconda3/envs/airflow_env/lib/python3.9/site-packages/airflow/example_dags/example_inlet_event_extra.py
[2025-01-01T16:12:25.538-0800] {processor.py:925} INFO - DAG(s) 'read_dataset_event_from_classic', 'read_dataset_event' retrieved from /opt/anaconda3/envs/airflow_env/lib/python3.9/site-packages/airflow/example_dags/example_inlet_event_extra.py
[2025-01-01T16:12:25.701-0800] {logging_mixin.py:190} INFO - [2025-01-01T16:12:25.701-0800] {dag.py:3239} INFO - Sync 2 DAGs
[2025-01-01T16:12:25.729-0800] {logging_mixin.py:190} INFO - [2025-01-01T16:12:25.729-0800] {dag.py:4180} INFO - Setting next_dagrun for read_dataset_event to 2025-01-01 00:00:00+00:00, run_after=2025-01-02 00:00:00+00:00
[2025-01-01T16:12:25.734-0800] {logging_mixin.py:190} INFO - [2025-01-01T16:12:25.734-0800] {dag.py:4180} INFO - Setting next_dagrun for read_dataset_event_from_classic to 2025-01-01 00:00:00+00:00, run_after=2025-01-02 00:00:00+00:00
[2025-01-01T16:12:25.757-0800] {processor.py:208} INFO - Processing /opt/anaconda3/envs/airflow_env/lib/python3.9/site-packages/airflow/example_dags/example_inlet_event_extra.py took 0.394 seconds
[2025-01-01T16:16:11.340-0800] {processor.py:186} INFO - Started process (PID=26874) to work on /opt/anaconda3/envs/airflow_env/lib/python3.9/site-packages/airflow/example_dags/example_inlet_event_extra.py
[2025-01-01T16:16:11.343-0800] {processor.py:914} INFO - Processing file /opt/anaconda3/envs/airflow_env/lib/python3.9/site-packages/airflow/example_dags/example_inlet_event_extra.py for tasks to queue
[2025-01-01T16:16:11.344-0800] {logging_mixin.py:190} INFO - [2025-01-01T16:16:11.344-0800] {dagbag.py:588} INFO - Filling up the DagBag from /opt/anaconda3/envs/airflow_env/lib/python3.9/site-packages/airflow/example_dags/example_inlet_event_extra.py
[2025-01-01T16:16:11.541-0800] {processor.py:925} INFO - DAG(s) 'read_dataset_event_from_classic', 'read_dataset_event' retrieved from /opt/anaconda3/envs/airflow_env/lib/python3.9/site-packages/airflow/example_dags/example_inlet_event_extra.py
[2025-01-01T16:16:11.694-0800] {logging_mixin.py:190} INFO - [2025-01-01T16:16:11.694-0800] {dag.py:3239} INFO - Sync 2 DAGs
[2025-01-01T16:16:11.727-0800] {logging_mixin.py:190} INFO - [2025-01-01T16:16:11.727-0800] {dag.py:4180} INFO - Setting next_dagrun for read_dataset_event to 2025-01-01 00:00:00+00:00, run_after=2025-01-02 00:00:00+00:00
[2025-01-01T16:16:11.733-0800] {logging_mixin.py:190} INFO - [2025-01-01T16:16:11.732-0800] {dag.py:4180} INFO - Setting next_dagrun for read_dataset_event_from_classic to 2025-01-01 00:00:00+00:00, run_after=2025-01-02 00:00:00+00:00
[2025-01-01T16:16:11.754-0800] {processor.py:208} INFO - Processing /opt/anaconda3/envs/airflow_env/lib/python3.9/site-packages/airflow/example_dags/example_inlet_event_extra.py took 0.419 seconds
[2025-01-01T16:19:58.615-0800] {processor.py:186} INFO - Started process (PID=27081) to work on /opt/anaconda3/envs/airflow_env/lib/python3.9/site-packages/airflow/example_dags/example_inlet_event_extra.py
[2025-01-01T16:19:58.618-0800] {processor.py:914} INFO - Processing file /opt/anaconda3/envs/airflow_env/lib/python3.9/site-packages/airflow/example_dags/example_inlet_event_extra.py for tasks to queue
[2025-01-01T16:19:58.619-0800] {logging_mixin.py:190} INFO - [2025-01-01T16:19:58.619-0800] {dagbag.py:588} INFO - Filling up the DagBag from /opt/anaconda3/envs/airflow_env/lib/python3.9/site-packages/airflow/example_dags/example_inlet_event_extra.py
[2025-01-01T16:19:58.768-0800] {processor.py:925} INFO - DAG(s) 'read_dataset_event_from_classic', 'read_dataset_event' retrieved from /opt/anaconda3/envs/airflow_env/lib/python3.9/site-packages/airflow/example_dags/example_inlet_event_extra.py
[2025-01-01T16:19:59.047-0800] {logging_mixin.py:190} INFO - [2025-01-01T16:19:59.047-0800] {dag.py:3239} INFO - Sync 2 DAGs
[2025-01-01T16:19:59.074-0800] {logging_mixin.py:190} INFO - [2025-01-01T16:19:59.074-0800] {dag.py:4180} INFO - Setting next_dagrun for read_dataset_event to 2025-01-01 00:00:00+00:00, run_after=2025-01-02 00:00:00+00:00
[2025-01-01T16:19:59.079-0800] {logging_mixin.py:190} INFO - [2025-01-01T16:19:59.079-0800] {dag.py:4180} INFO - Setting next_dagrun for read_dataset_event_from_classic to 2025-01-01 00:00:00+00:00, run_after=2025-01-02 00:00:00+00:00
[2025-01-01T16:19:59.098-0800] {processor.py:208} INFO - Processing /opt/anaconda3/envs/airflow_env/lib/python3.9/site-packages/airflow/example_dags/example_inlet_event_extra.py took 0.489 seconds
[2025-01-01T16:23:20.004-0800] {processor.py:186} INFO - Started process (PID=27227) to work on /opt/anaconda3/envs/airflow_env/lib/python3.9/site-packages/airflow/example_dags/example_inlet_event_extra.py
[2025-01-01T16:23:20.007-0800] {processor.py:914} INFO - Processing file /opt/anaconda3/envs/airflow_env/lib/python3.9/site-packages/airflow/example_dags/example_inlet_event_extra.py for tasks to queue
[2025-01-01T16:23:20.008-0800] {logging_mixin.py:190} INFO - [2025-01-01T16:23:20.008-0800] {dagbag.py:588} INFO - Filling up the DagBag from /opt/anaconda3/envs/airflow_env/lib/python3.9/site-packages/airflow/example_dags/example_inlet_event_extra.py
[2025-01-01T16:23:20.095-0800] {processor.py:925} INFO - DAG(s) 'read_dataset_event_from_classic', 'read_dataset_event' retrieved from /opt/anaconda3/envs/airflow_env/lib/python3.9/site-packages/airflow/example_dags/example_inlet_event_extra.py
[2025-01-01T16:23:20.222-0800] {logging_mixin.py:190} INFO - [2025-01-01T16:23:20.221-0800] {dag.py:3239} INFO - Sync 2 DAGs
[2025-01-01T16:23:20.244-0800] {logging_mixin.py:190} INFO - [2025-01-01T16:23:20.244-0800] {dag.py:4180} INFO - Setting next_dagrun for read_dataset_event to 2025-01-01 00:00:00+00:00, run_after=2025-01-02 00:00:00+00:00
[2025-01-01T16:23:20.250-0800] {logging_mixin.py:190} INFO - [2025-01-01T16:23:20.249-0800] {dag.py:4180} INFO - Setting next_dagrun for read_dataset_event_from_classic to 2025-01-01 00:00:00+00:00, run_after=2025-01-02 00:00:00+00:00
[2025-01-01T16:23:20.269-0800] {processor.py:208} INFO - Processing /opt/anaconda3/envs/airflow_env/lib/python3.9/site-packages/airflow/example_dags/example_inlet_event_extra.py took 0.269 seconds
[2025-01-01T16:26:18.701-0800] {processor.py:186} INFO - Started process (PID=27339) to work on /opt/anaconda3/envs/airflow_env/lib/python3.9/site-packages/airflow/example_dags/example_inlet_event_extra.py
[2025-01-01T16:26:18.703-0800] {processor.py:914} INFO - Processing file /opt/anaconda3/envs/airflow_env/lib/python3.9/site-packages/airflow/example_dags/example_inlet_event_extra.py for tasks to queue
[2025-01-01T16:26:18.705-0800] {logging_mixin.py:190} INFO - [2025-01-01T16:26:18.704-0800] {dagbag.py:588} INFO - Filling up the DagBag from /opt/anaconda3/envs/airflow_env/lib/python3.9/site-packages/airflow/example_dags/example_inlet_event_extra.py
[2025-01-01T16:26:18.813-0800] {processor.py:925} INFO - DAG(s) 'read_dataset_event_from_classic', 'read_dataset_event' retrieved from /opt/anaconda3/envs/airflow_env/lib/python3.9/site-packages/airflow/example_dags/example_inlet_event_extra.py
[2025-01-01T16:26:18.968-0800] {logging_mixin.py:190} INFO - [2025-01-01T16:26:18.968-0800] {dag.py:3239} INFO - Sync 2 DAGs
[2025-01-01T16:26:18.991-0800] {logging_mixin.py:190} INFO - [2025-01-01T16:26:18.991-0800] {dag.py:4180} INFO - Setting next_dagrun for read_dataset_event to 2025-01-01 00:00:00+00:00, run_after=2025-01-02 00:00:00+00:00
[2025-01-01T16:26:18.996-0800] {logging_mixin.py:190} INFO - [2025-01-01T16:26:18.996-0800] {dag.py:4180} INFO - Setting next_dagrun for read_dataset_event_from_classic to 2025-01-01 00:00:00+00:00, run_after=2025-01-02 00:00:00+00:00
[2025-01-01T16:26:19.022-0800] {processor.py:208} INFO - Processing /opt/anaconda3/envs/airflow_env/lib/python3.9/site-packages/airflow/example_dags/example_inlet_event_extra.py took 0.326 seconds
[2025-01-01T17:04:10.311-0800] {processor.py:186} INFO - Started process (PID=27545) to work on /opt/anaconda3/envs/airflow_env/lib/python3.9/site-packages/airflow/example_dags/example_inlet_event_extra.py
[2025-01-01T17:04:10.320-0800] {processor.py:914} INFO - Processing file /opt/anaconda3/envs/airflow_env/lib/python3.9/site-packages/airflow/example_dags/example_inlet_event_extra.py for tasks to queue
[2025-01-01T17:04:10.322-0800] {logging_mixin.py:190} INFO - [2025-01-01T17:04:10.321-0800] {dagbag.py:588} INFO - Filling up the DagBag from /opt/anaconda3/envs/airflow_env/lib/python3.9/site-packages/airflow/example_dags/example_inlet_event_extra.py
[2025-01-01T17:04:11.132-0800] {processor.py:925} INFO - DAG(s) 'read_dataset_event_from_classic', 'read_dataset_event' retrieved from /opt/anaconda3/envs/airflow_env/lib/python3.9/site-packages/airflow/example_dags/example_inlet_event_extra.py
[2025-01-01T17:04:11.724-0800] {logging_mixin.py:190} INFO - [2025-01-01T17:04:11.724-0800] {dag.py:3239} INFO - Sync 2 DAGs
[2025-01-01T17:04:11.847-0800] {logging_mixin.py:190} INFO - [2025-01-01T17:04:11.847-0800] {dag.py:4180} INFO - Setting next_dagrun for read_dataset_event to 2025-01-01 00:00:00+00:00, run_after=2025-01-02 00:00:00+00:00
[2025-01-01T17:04:11.891-0800] {logging_mixin.py:190} INFO - [2025-01-01T17:04:11.887-0800] {dag.py:4180} INFO - Setting next_dagrun for read_dataset_event_from_classic to 2025-01-01 00:00:00+00:00, run_after=2025-01-02 00:00:00+00:00
[2025-01-01T17:04:12.010-0800] {processor.py:208} INFO - Processing /opt/anaconda3/envs/airflow_env/lib/python3.9/site-packages/airflow/example_dags/example_inlet_event_extra.py took 1.713 seconds
[2025-01-01T17:09:01.252-0800] {processor.py:186} INFO - Started process (PID=27803) to work on /opt/anaconda3/envs/airflow_env/lib/python3.9/site-packages/airflow/example_dags/example_inlet_event_extra.py
[2025-01-01T17:09:01.258-0800] {processor.py:914} INFO - Processing file /opt/anaconda3/envs/airflow_env/lib/python3.9/site-packages/airflow/example_dags/example_inlet_event_extra.py for tasks to queue
[2025-01-01T17:09:01.260-0800] {logging_mixin.py:190} INFO - [2025-01-01T17:09:01.259-0800] {dagbag.py:588} INFO - Filling up the DagBag from /opt/anaconda3/envs/airflow_env/lib/python3.9/site-packages/airflow/example_dags/example_inlet_event_extra.py
[2025-01-01T17:09:01.467-0800] {processor.py:925} INFO - DAG(s) 'read_dataset_event', 'read_dataset_event_from_classic' retrieved from /opt/anaconda3/envs/airflow_env/lib/python3.9/site-packages/airflow/example_dags/example_inlet_event_extra.py
[2025-01-01T17:09:01.762-0800] {logging_mixin.py:190} INFO - [2025-01-01T17:09:01.762-0800] {dag.py:3239} INFO - Sync 2 DAGs
[2025-01-01T17:09:01.801-0800] {logging_mixin.py:190} INFO - [2025-01-01T17:09:01.801-0800] {dag.py:4180} INFO - Setting next_dagrun for read_dataset_event to 2025-01-01 00:00:00+00:00, run_after=2025-01-02 00:00:00+00:00
[2025-01-01T17:09:01.809-0800] {logging_mixin.py:190} INFO - [2025-01-01T17:09:01.809-0800] {dag.py:4180} INFO - Setting next_dagrun for read_dataset_event_from_classic to 2025-01-01 00:00:00+00:00, run_after=2025-01-02 00:00:00+00:00
[2025-01-01T17:09:01.832-0800] {processor.py:208} INFO - Processing /opt/anaconda3/envs/airflow_env/lib/python3.9/site-packages/airflow/example_dags/example_inlet_event_extra.py took 0.584 seconds
[2025-01-01T17:12:57.476-0800] {processor.py:186} INFO - Started process (PID=27937) to work on /opt/anaconda3/envs/airflow_env/lib/python3.9/site-packages/airflow/example_dags/example_inlet_event_extra.py
[2025-01-01T17:12:57.478-0800] {processor.py:914} INFO - Processing file /opt/anaconda3/envs/airflow_env/lib/python3.9/site-packages/airflow/example_dags/example_inlet_event_extra.py for tasks to queue
[2025-01-01T17:12:57.480-0800] {logging_mixin.py:190} INFO - [2025-01-01T17:12:57.479-0800] {dagbag.py:588} INFO - Filling up the DagBag from /opt/anaconda3/envs/airflow_env/lib/python3.9/site-packages/airflow/example_dags/example_inlet_event_extra.py
[2025-01-01T17:12:57.572-0800] {processor.py:925} INFO - DAG(s) 'read_dataset_event_from_classic', 'read_dataset_event' retrieved from /opt/anaconda3/envs/airflow_env/lib/python3.9/site-packages/airflow/example_dags/example_inlet_event_extra.py
[2025-01-01T17:12:57.716-0800] {logging_mixin.py:190} INFO - [2025-01-01T17:12:57.716-0800] {dag.py:3239} INFO - Sync 2 DAGs
[2025-01-01T17:12:57.742-0800] {logging_mixin.py:190} INFO - [2025-01-01T17:12:57.742-0800] {dag.py:4180} INFO - Setting next_dagrun for read_dataset_event to 2025-01-01 00:00:00+00:00, run_after=2025-01-02 00:00:00+00:00
[2025-01-01T17:12:57.750-0800] {logging_mixin.py:190} INFO - [2025-01-01T17:12:57.750-0800] {dag.py:4180} INFO - Setting next_dagrun for read_dataset_event_from_classic to 2025-01-01 00:00:00+00:00, run_after=2025-01-02 00:00:00+00:00
[2025-01-01T17:12:57.776-0800] {processor.py:208} INFO - Processing /opt/anaconda3/envs/airflow_env/lib/python3.9/site-packages/airflow/example_dags/example_inlet_event_extra.py took 0.304 seconds
[2025-01-01T17:16:32.751-0800] {processor.py:186} INFO - Started process (PID=28090) to work on /opt/anaconda3/envs/airflow_env/lib/python3.9/site-packages/airflow/example_dags/example_inlet_event_extra.py
[2025-01-01T17:16:32.754-0800] {processor.py:914} INFO - Processing file /opt/anaconda3/envs/airflow_env/lib/python3.9/site-packages/airflow/example_dags/example_inlet_event_extra.py for tasks to queue
[2025-01-01T17:16:32.757-0800] {logging_mixin.py:190} INFO - [2025-01-01T17:16:32.756-0800] {dagbag.py:588} INFO - Filling up the DagBag from /opt/anaconda3/envs/airflow_env/lib/python3.9/site-packages/airflow/example_dags/example_inlet_event_extra.py
[2025-01-01T17:16:32.956-0800] {processor.py:925} INFO - DAG(s) 'read_dataset_event', 'read_dataset_event_from_classic' retrieved from /opt/anaconda3/envs/airflow_env/lib/python3.9/site-packages/airflow/example_dags/example_inlet_event_extra.py
[2025-01-01T17:16:33.116-0800] {logging_mixin.py:190} INFO - [2025-01-01T17:16:33.116-0800] {dag.py:3239} INFO - Sync 2 DAGs
[2025-01-01T17:16:33.152-0800] {logging_mixin.py:190} INFO - [2025-01-01T17:16:33.152-0800] {dag.py:4180} INFO - Setting next_dagrun for read_dataset_event to 2025-01-01 00:00:00+00:00, run_after=2025-01-02 00:00:00+00:00
[2025-01-01T17:16:33.158-0800] {logging_mixin.py:190} INFO - [2025-01-01T17:16:33.158-0800] {dag.py:4180} INFO - Setting next_dagrun for read_dataset_event_from_classic to 2025-01-01 00:00:00+00:00, run_after=2025-01-02 00:00:00+00:00
[2025-01-01T17:16:33.186-0800] {processor.py:208} INFO - Processing /opt/anaconda3/envs/airflow_env/lib/python3.9/site-packages/airflow/example_dags/example_inlet_event_extra.py took 0.439 seconds
[2025-01-01T17:20:26.946-0800] {processor.py:186} INFO - Started process (PID=28289) to work on /opt/anaconda3/envs/airflow_env/lib/python3.9/site-packages/airflow/example_dags/example_inlet_event_extra.py
[2025-01-01T17:20:26.949-0800] {processor.py:914} INFO - Processing file /opt/anaconda3/envs/airflow_env/lib/python3.9/site-packages/airflow/example_dags/example_inlet_event_extra.py for tasks to queue
[2025-01-01T17:20:26.951-0800] {logging_mixin.py:190} INFO - [2025-01-01T17:20:26.951-0800] {dagbag.py:588} INFO - Filling up the DagBag from /opt/anaconda3/envs/airflow_env/lib/python3.9/site-packages/airflow/example_dags/example_inlet_event_extra.py
[2025-01-01T17:20:27.065-0800] {processor.py:925} INFO - DAG(s) 'read_dataset_event', 'read_dataset_event_from_classic' retrieved from /opt/anaconda3/envs/airflow_env/lib/python3.9/site-packages/airflow/example_dags/example_inlet_event_extra.py
[2025-01-01T17:20:27.218-0800] {logging_mixin.py:190} INFO - [2025-01-01T17:20:27.217-0800] {dag.py:3239} INFO - Sync 2 DAGs
[2025-01-01T17:20:27.249-0800] {logging_mixin.py:190} INFO - [2025-01-01T17:20:27.248-0800] {dag.py:4180} INFO - Setting next_dagrun for read_dataset_event to 2025-01-01 00:00:00+00:00, run_after=2025-01-02 00:00:00+00:00
[2025-01-01T17:20:27.254-0800] {logging_mixin.py:190} INFO - [2025-01-01T17:20:27.254-0800] {dag.py:4180} INFO - Setting next_dagrun for read_dataset_event_from_classic to 2025-01-01 00:00:00+00:00, run_after=2025-01-02 00:00:00+00:00
[2025-01-01T17:20:27.284-0800] {processor.py:208} INFO - Processing /opt/anaconda3/envs/airflow_env/lib/python3.9/site-packages/airflow/example_dags/example_inlet_event_extra.py took 0.343 seconds
[2025-01-01T17:24:14.734-0800] {processor.py:186} INFO - Started process (PID=28463) to work on /opt/anaconda3/envs/airflow_env/lib/python3.9/site-packages/airflow/example_dags/example_inlet_event_extra.py
[2025-01-01T17:24:14.736-0800] {processor.py:914} INFO - Processing file /opt/anaconda3/envs/airflow_env/lib/python3.9/site-packages/airflow/example_dags/example_inlet_event_extra.py for tasks to queue
[2025-01-01T17:24:14.738-0800] {logging_mixin.py:190} INFO - [2025-01-01T17:24:14.737-0800] {dagbag.py:588} INFO - Filling up the DagBag from /opt/anaconda3/envs/airflow_env/lib/python3.9/site-packages/airflow/example_dags/example_inlet_event_extra.py
[2025-01-01T17:24:14.957-0800] {processor.py:925} INFO - DAG(s) 'read_dataset_event_from_classic', 'read_dataset_event' retrieved from /opt/anaconda3/envs/airflow_env/lib/python3.9/site-packages/airflow/example_dags/example_inlet_event_extra.py
[2025-01-01T17:24:15.108-0800] {logging_mixin.py:190} INFO - [2025-01-01T17:24:15.108-0800] {dag.py:3239} INFO - Sync 2 DAGs
[2025-01-01T17:24:15.134-0800] {logging_mixin.py:190} INFO - [2025-01-01T17:24:15.133-0800] {dag.py:4180} INFO - Setting next_dagrun for read_dataset_event to 2025-01-01 00:00:00+00:00, run_after=2025-01-02 00:00:00+00:00
[2025-01-01T17:24:15.141-0800] {logging_mixin.py:190} INFO - [2025-01-01T17:24:15.141-0800] {dag.py:4180} INFO - Setting next_dagrun for read_dataset_event_from_classic to 2025-01-01 00:00:00+00:00, run_after=2025-01-02 00:00:00+00:00
[2025-01-01T17:24:15.161-0800] {processor.py:208} INFO - Processing /opt/anaconda3/envs/airflow_env/lib/python3.9/site-packages/airflow/example_dags/example_inlet_event_extra.py took 0.433 seconds
[2025-01-01T17:33:02.488-0800] {processor.py:186} INFO - Started process (PID=29075) to work on /opt/anaconda3/envs/airflow_env/lib/python3.9/site-packages/airflow/example_dags/example_inlet_event_extra.py
[2025-01-01T17:33:02.490-0800] {processor.py:914} INFO - Processing file /opt/anaconda3/envs/airflow_env/lib/python3.9/site-packages/airflow/example_dags/example_inlet_event_extra.py for tasks to queue
[2025-01-01T17:33:02.491-0800] {logging_mixin.py:190} INFO - [2025-01-01T17:33:02.491-0800] {dagbag.py:588} INFO - Filling up the DagBag from /opt/anaconda3/envs/airflow_env/lib/python3.9/site-packages/airflow/example_dags/example_inlet_event_extra.py
[2025-01-01T17:33:02.579-0800] {processor.py:925} INFO - DAG(s) 'read_dataset_event_from_classic', 'read_dataset_event' retrieved from /opt/anaconda3/envs/airflow_env/lib/python3.9/site-packages/airflow/example_dags/example_inlet_event_extra.py
[2025-01-01T17:33:02.743-0800] {logging_mixin.py:190} INFO - [2025-01-01T17:33:02.742-0800] {dag.py:3239} INFO - Sync 2 DAGs
[2025-01-01T17:33:02.788-0800] {logging_mixin.py:190} INFO - [2025-01-01T17:33:02.787-0800] {dag.py:4180} INFO - Setting next_dagrun for read_dataset_event to 2025-01-01 00:00:00+00:00, run_after=2025-01-02 00:00:00+00:00
[2025-01-01T17:33:02.807-0800] {logging_mixin.py:190} INFO - [2025-01-01T17:33:02.806-0800] {dag.py:4180} INFO - Setting next_dagrun for read_dataset_event_from_classic to 2025-01-01 00:00:00+00:00, run_after=2025-01-02 00:00:00+00:00
[2025-01-01T17:33:02.831-0800] {processor.py:208} INFO - Processing /opt/anaconda3/envs/airflow_env/lib/python3.9/site-packages/airflow/example_dags/example_inlet_event_extra.py took 0.350 seconds
[2025-01-01T17:36:59.550-0800] {processor.py:186} INFO - Started process (PID=29394) to work on /opt/anaconda3/envs/airflow_env/lib/python3.9/site-packages/airflow/example_dags/example_inlet_event_extra.py
[2025-01-01T17:36:59.553-0800] {processor.py:914} INFO - Processing file /opt/anaconda3/envs/airflow_env/lib/python3.9/site-packages/airflow/example_dags/example_inlet_event_extra.py for tasks to queue
[2025-01-01T17:36:59.554-0800] {logging_mixin.py:190} INFO - [2025-01-01T17:36:59.554-0800] {dagbag.py:588} INFO - Filling up the DagBag from /opt/anaconda3/envs/airflow_env/lib/python3.9/site-packages/airflow/example_dags/example_inlet_event_extra.py
[2025-01-01T17:36:59.735-0800] {processor.py:925} INFO - DAG(s) 'read_dataset_event_from_classic', 'read_dataset_event' retrieved from /opt/anaconda3/envs/airflow_env/lib/python3.9/site-packages/airflow/example_dags/example_inlet_event_extra.py
[2025-01-01T17:36:59.933-0800] {logging_mixin.py:190} INFO - [2025-01-01T17:36:59.933-0800] {dag.py:3239} INFO - Sync 2 DAGs
[2025-01-01T17:36:59.971-0800] {logging_mixin.py:190} INFO - [2025-01-01T17:36:59.971-0800] {dag.py:4180} INFO - Setting next_dagrun for read_dataset_event to 2025-01-01 00:00:00+00:00, run_after=2025-01-02 00:00:00+00:00
[2025-01-01T17:36:59.980-0800] {logging_mixin.py:190} INFO - [2025-01-01T17:36:59.980-0800] {dag.py:4180} INFO - Setting next_dagrun for read_dataset_event_from_classic to 2025-01-01 00:00:00+00:00, run_after=2025-01-02 00:00:00+00:00
[2025-01-01T17:37:00.017-0800] {processor.py:208} INFO - Processing /opt/anaconda3/envs/airflow_env/lib/python3.9/site-packages/airflow/example_dags/example_inlet_event_extra.py took 0.472 seconds
[2025-01-01T17:44:13.690-0800] {processor.py:186} INFO - Started process (PID=30068) to work on /opt/anaconda3/envs/airflow_env/lib/python3.9/site-packages/airflow/example_dags/example_inlet_event_extra.py
[2025-01-01T17:44:13.692-0800] {processor.py:914} INFO - Processing file /opt/anaconda3/envs/airflow_env/lib/python3.9/site-packages/airflow/example_dags/example_inlet_event_extra.py for tasks to queue
[2025-01-01T17:44:13.694-0800] {logging_mixin.py:190} INFO - [2025-01-01T17:44:13.694-0800] {dagbag.py:588} INFO - Filling up the DagBag from /opt/anaconda3/envs/airflow_env/lib/python3.9/site-packages/airflow/example_dags/example_inlet_event_extra.py
[2025-01-01T17:44:13.791-0800] {processor.py:925} INFO - DAG(s) 'read_dataset_event', 'read_dataset_event_from_classic' retrieved from /opt/anaconda3/envs/airflow_env/lib/python3.9/site-packages/airflow/example_dags/example_inlet_event_extra.py
[2025-01-01T17:44:13.922-0800] {logging_mixin.py:190} INFO - [2025-01-01T17:44:13.921-0800] {dag.py:3239} INFO - Sync 2 DAGs
[2025-01-01T17:44:13.952-0800] {logging_mixin.py:190} INFO - [2025-01-01T17:44:13.952-0800] {dag.py:4180} INFO - Setting next_dagrun for read_dataset_event to 2025-01-01 00:00:00+00:00, run_after=2025-01-02 00:00:00+00:00
[2025-01-01T17:44:13.957-0800] {logging_mixin.py:190} INFO - [2025-01-01T17:44:13.957-0800] {dag.py:4180} INFO - Setting next_dagrun for read_dataset_event_from_classic to 2025-01-01 00:00:00+00:00, run_after=2025-01-02 00:00:00+00:00
[2025-01-01T17:44:13.977-0800] {processor.py:208} INFO - Processing /opt/anaconda3/envs/airflow_env/lib/python3.9/site-packages/airflow/example_dags/example_inlet_event_extra.py took 0.295 seconds
[2025-01-01T17:56:44.840-0800] {processor.py:186} INFO - Started process (PID=30914) to work on /opt/anaconda3/envs/airflow_env/lib/python3.9/site-packages/airflow/example_dags/example_inlet_event_extra.py
[2025-01-01T17:56:44.843-0800] {processor.py:914} INFO - Processing file /opt/anaconda3/envs/airflow_env/lib/python3.9/site-packages/airflow/example_dags/example_inlet_event_extra.py for tasks to queue
[2025-01-01T17:56:44.844-0800] {logging_mixin.py:190} INFO - [2025-01-01T17:56:44.844-0800] {dagbag.py:588} INFO - Filling up the DagBag from /opt/anaconda3/envs/airflow_env/lib/python3.9/site-packages/airflow/example_dags/example_inlet_event_extra.py
[2025-01-01T17:56:44.951-0800] {processor.py:925} INFO - DAG(s) 'read_dataset_event', 'read_dataset_event_from_classic' retrieved from /opt/anaconda3/envs/airflow_env/lib/python3.9/site-packages/airflow/example_dags/example_inlet_event_extra.py
[2025-01-01T17:56:45.168-0800] {logging_mixin.py:190} INFO - [2025-01-01T17:56:45.168-0800] {dag.py:3239} INFO - Sync 2 DAGs
[2025-01-01T17:56:45.198-0800] {logging_mixin.py:190} INFO - [2025-01-01T17:56:45.198-0800] {dag.py:4180} INFO - Setting next_dagrun for read_dataset_event to 2025-01-01 00:00:00+00:00, run_after=2025-01-02 00:00:00+00:00
[2025-01-01T17:56:45.204-0800] {logging_mixin.py:190} INFO - [2025-01-01T17:56:45.204-0800] {dag.py:4180} INFO - Setting next_dagrun for read_dataset_event_from_classic to 2025-01-01 00:00:00+00:00, run_after=2025-01-02 00:00:00+00:00
[2025-01-01T17:56:45.224-0800] {processor.py:208} INFO - Processing /opt/anaconda3/envs/airflow_env/lib/python3.9/site-packages/airflow/example_dags/example_inlet_event_extra.py took 0.389 seconds
[2025-01-01T18:08:59.076-0800] {processor.py:186} INFO - Started process (PID=32071) to work on /opt/anaconda3/envs/airflow_env/lib/python3.9/site-packages/airflow/example_dags/example_inlet_event_extra.py
[2025-01-01T18:08:59.080-0800] {processor.py:914} INFO - Processing file /opt/anaconda3/envs/airflow_env/lib/python3.9/site-packages/airflow/example_dags/example_inlet_event_extra.py for tasks to queue
[2025-01-01T18:08:59.081-0800] {logging_mixin.py:190} INFO - [2025-01-01T18:08:59.081-0800] {dagbag.py:588} INFO - Filling up the DagBag from /opt/anaconda3/envs/airflow_env/lib/python3.9/site-packages/airflow/example_dags/example_inlet_event_extra.py
[2025-01-01T18:08:59.187-0800] {processor.py:925} INFO - DAG(s) 'read_dataset_event_from_classic', 'read_dataset_event' retrieved from /opt/anaconda3/envs/airflow_env/lib/python3.9/site-packages/airflow/example_dags/example_inlet_event_extra.py
[2025-01-01T18:08:59.338-0800] {logging_mixin.py:190} INFO - [2025-01-01T18:08:59.337-0800] {dag.py:3239} INFO - Sync 2 DAGs
[2025-01-01T18:08:59.363-0800] {logging_mixin.py:190} INFO - [2025-01-01T18:08:59.363-0800] {dag.py:4180} INFO - Setting next_dagrun for read_dataset_event to 2025-01-01 00:00:00+00:00, run_after=2025-01-02 00:00:00+00:00
[2025-01-01T18:08:59.368-0800] {logging_mixin.py:190} INFO - [2025-01-01T18:08:59.368-0800] {dag.py:4180} INFO - Setting next_dagrun for read_dataset_event_from_classic to 2025-01-01 00:00:00+00:00, run_after=2025-01-02 00:00:00+00:00
[2025-01-01T18:08:59.389-0800] {processor.py:208} INFO - Processing /opt/anaconda3/envs/airflow_env/lib/python3.9/site-packages/airflow/example_dags/example_inlet_event_extra.py took 0.317 seconds
[2025-01-01T18:14:16.280-0800] {processor.py:186} INFO - Started process (PID=32428) to work on /opt/anaconda3/envs/airflow_env/lib/python3.9/site-packages/airflow/example_dags/example_inlet_event_extra.py
[2025-01-01T18:14:16.284-0800] {processor.py:914} INFO - Processing file /opt/anaconda3/envs/airflow_env/lib/python3.9/site-packages/airflow/example_dags/example_inlet_event_extra.py for tasks to queue
[2025-01-01T18:14:16.285-0800] {logging_mixin.py:190} INFO - [2025-01-01T18:14:16.285-0800] {dagbag.py:588} INFO - Filling up the DagBag from /opt/anaconda3/envs/airflow_env/lib/python3.9/site-packages/airflow/example_dags/example_inlet_event_extra.py
[2025-01-01T18:14:16.514-0800] {processor.py:925} INFO - DAG(s) 'read_dataset_event_from_classic', 'read_dataset_event' retrieved from /opt/anaconda3/envs/airflow_env/lib/python3.9/site-packages/airflow/example_dags/example_inlet_event_extra.py
[2025-01-01T18:14:16.730-0800] {logging_mixin.py:190} INFO - [2025-01-01T18:14:16.730-0800] {dag.py:3239} INFO - Sync 2 DAGs
[2025-01-01T18:14:16.773-0800] {logging_mixin.py:190} INFO - [2025-01-01T18:14:16.773-0800] {dag.py:4180} INFO - Setting next_dagrun for read_dataset_event to 2025-01-01 00:00:00+00:00, run_after=2025-01-02 00:00:00+00:00
[2025-01-01T18:14:16.788-0800] {logging_mixin.py:190} INFO - [2025-01-01T18:14:16.788-0800] {dag.py:4180} INFO - Setting next_dagrun for read_dataset_event_from_classic to 2025-01-01 00:00:00+00:00, run_after=2025-01-02 00:00:00+00:00
[2025-01-01T18:14:16.815-0800] {processor.py:208} INFO - Processing /opt/anaconda3/envs/airflow_env/lib/python3.9/site-packages/airflow/example_dags/example_inlet_event_extra.py took 0.545 seconds
[2025-01-01T18:18:26.211-0800] {processor.py:186} INFO - Started process (PID=32547) to work on /opt/anaconda3/envs/airflow_env/lib/python3.9/site-packages/airflow/example_dags/example_inlet_event_extra.py
[2025-01-01T18:18:26.213-0800] {processor.py:914} INFO - Processing file /opt/anaconda3/envs/airflow_env/lib/python3.9/site-packages/airflow/example_dags/example_inlet_event_extra.py for tasks to queue
[2025-01-01T18:18:26.215-0800] {logging_mixin.py:190} INFO - [2025-01-01T18:18:26.215-0800] {dagbag.py:588} INFO - Filling up the DagBag from /opt/anaconda3/envs/airflow_env/lib/python3.9/site-packages/airflow/example_dags/example_inlet_event_extra.py
[2025-01-01T18:18:26.364-0800] {processor.py:925} INFO - DAG(s) 'read_dataset_event', 'read_dataset_event_from_classic' retrieved from /opt/anaconda3/envs/airflow_env/lib/python3.9/site-packages/airflow/example_dags/example_inlet_event_extra.py
[2025-01-01T18:18:26.501-0800] {logging_mixin.py:190} INFO - [2025-01-01T18:18:26.501-0800] {dag.py:3239} INFO - Sync 2 DAGs
[2025-01-01T18:18:26.525-0800] {logging_mixin.py:190} INFO - [2025-01-01T18:18:26.524-0800] {dag.py:4180} INFO - Setting next_dagrun for read_dataset_event to 2025-01-01 00:00:00+00:00, run_after=2025-01-02 00:00:00+00:00
[2025-01-01T18:18:26.531-0800] {logging_mixin.py:190} INFO - [2025-01-01T18:18:26.531-0800] {dag.py:4180} INFO - Setting next_dagrun for read_dataset_event_from_classic to 2025-01-01 00:00:00+00:00, run_after=2025-01-02 00:00:00+00:00
[2025-01-01T18:18:26.563-0800] {processor.py:208} INFO - Processing /opt/anaconda3/envs/airflow_env/lib/python3.9/site-packages/airflow/example_dags/example_inlet_event_extra.py took 0.357 seconds
[2025-01-01T18:22:21.250-0800] {processor.py:186} INFO - Started process (PID=32738) to work on /opt/anaconda3/envs/airflow_env/lib/python3.9/site-packages/airflow/example_dags/example_inlet_event_extra.py
[2025-01-01T18:22:21.253-0800] {processor.py:914} INFO - Processing file /opt/anaconda3/envs/airflow_env/lib/python3.9/site-packages/airflow/example_dags/example_inlet_event_extra.py for tasks to queue
[2025-01-01T18:22:21.254-0800] {logging_mixin.py:190} INFO - [2025-01-01T18:22:21.254-0800] {dagbag.py:588} INFO - Filling up the DagBag from /opt/anaconda3/envs/airflow_env/lib/python3.9/site-packages/airflow/example_dags/example_inlet_event_extra.py
[2025-01-01T18:22:21.422-0800] {processor.py:925} INFO - DAG(s) 'read_dataset_event', 'read_dataset_event_from_classic' retrieved from /opt/anaconda3/envs/airflow_env/lib/python3.9/site-packages/airflow/example_dags/example_inlet_event_extra.py
[2025-01-01T18:22:21.607-0800] {logging_mixin.py:190} INFO - [2025-01-01T18:22:21.607-0800] {dag.py:3239} INFO - Sync 2 DAGs
[2025-01-01T18:22:21.639-0800] {logging_mixin.py:190} INFO - [2025-01-01T18:22:21.639-0800] {dag.py:4180} INFO - Setting next_dagrun for read_dataset_event to 2025-01-01 00:00:00+00:00, run_after=2025-01-02 00:00:00+00:00
[2025-01-01T18:22:21.645-0800] {logging_mixin.py:190} INFO - [2025-01-01T18:22:21.645-0800] {dag.py:4180} INFO - Setting next_dagrun for read_dataset_event_from_classic to 2025-01-01 00:00:00+00:00, run_after=2025-01-02 00:00:00+00:00
[2025-01-01T18:22:21.672-0800] {processor.py:208} INFO - Processing /opt/anaconda3/envs/airflow_env/lib/python3.9/site-packages/airflow/example_dags/example_inlet_event_extra.py took 0.426 seconds
[2025-01-01T18:25:57.047-0800] {processor.py:186} INFO - Started process (PID=32945) to work on /opt/anaconda3/envs/airflow_env/lib/python3.9/site-packages/airflow/example_dags/example_inlet_event_extra.py
[2025-01-01T18:25:57.049-0800] {processor.py:914} INFO - Processing file /opt/anaconda3/envs/airflow_env/lib/python3.9/site-packages/airflow/example_dags/example_inlet_event_extra.py for tasks to queue
[2025-01-01T18:25:57.050-0800] {logging_mixin.py:190} INFO - [2025-01-01T18:25:57.050-0800] {dagbag.py:588} INFO - Filling up the DagBag from /opt/anaconda3/envs/airflow_env/lib/python3.9/site-packages/airflow/example_dags/example_inlet_event_extra.py
[2025-01-01T18:25:57.159-0800] {processor.py:925} INFO - DAG(s) 'read_dataset_event_from_classic', 'read_dataset_event' retrieved from /opt/anaconda3/envs/airflow_env/lib/python3.9/site-packages/airflow/example_dags/example_inlet_event_extra.py
[2025-01-01T18:25:57.311-0800] {logging_mixin.py:190} INFO - [2025-01-01T18:25:57.310-0800] {dag.py:3239} INFO - Sync 2 DAGs
[2025-01-01T18:25:57.337-0800] {logging_mixin.py:190} INFO - [2025-01-01T18:25:57.336-0800] {dag.py:4180} INFO - Setting next_dagrun for read_dataset_event to 2025-01-01 00:00:00+00:00, run_after=2025-01-02 00:00:00+00:00
[2025-01-01T18:25:57.344-0800] {logging_mixin.py:190} INFO - [2025-01-01T18:25:57.344-0800] {dag.py:4180} INFO - Setting next_dagrun for read_dataset_event_from_classic to 2025-01-01 00:00:00+00:00, run_after=2025-01-02 00:00:00+00:00
[2025-01-01T18:25:57.369-0800] {processor.py:208} INFO - Processing /opt/anaconda3/envs/airflow_env/lib/python3.9/site-packages/airflow/example_dags/example_inlet_event_extra.py took 0.326 seconds
[2025-01-01T18:29:27.453-0800] {processor.py:186} INFO - Started process (PID=33236) to work on /opt/anaconda3/envs/airflow_env/lib/python3.9/site-packages/airflow/example_dags/example_inlet_event_extra.py
[2025-01-01T18:29:27.458-0800] {processor.py:914} INFO - Processing file /opt/anaconda3/envs/airflow_env/lib/python3.9/site-packages/airflow/example_dags/example_inlet_event_extra.py for tasks to queue
[2025-01-01T18:29:27.459-0800] {logging_mixin.py:190} INFO - [2025-01-01T18:29:27.459-0800] {dagbag.py:588} INFO - Filling up the DagBag from /opt/anaconda3/envs/airflow_env/lib/python3.9/site-packages/airflow/example_dags/example_inlet_event_extra.py
[2025-01-01T18:29:27.555-0800] {processor.py:925} INFO - DAG(s) 'read_dataset_event_from_classic', 'read_dataset_event' retrieved from /opt/anaconda3/envs/airflow_env/lib/python3.9/site-packages/airflow/example_dags/example_inlet_event_extra.py
[2025-01-01T18:29:27.699-0800] {logging_mixin.py:190} INFO - [2025-01-01T18:29:27.699-0800] {dag.py:3239} INFO - Sync 2 DAGs
[2025-01-01T18:29:27.729-0800] {logging_mixin.py:190} INFO - [2025-01-01T18:29:27.729-0800] {dag.py:4180} INFO - Setting next_dagrun for read_dataset_event to 2025-01-01 00:00:00+00:00, run_after=2025-01-02 00:00:00+00:00
[2025-01-01T18:29:27.735-0800] {logging_mixin.py:190} INFO - [2025-01-01T18:29:27.734-0800] {dag.py:4180} INFO - Setting next_dagrun for read_dataset_event_from_classic to 2025-01-01 00:00:00+00:00, run_after=2025-01-02 00:00:00+00:00
[2025-01-01T18:29:27.756-0800] {processor.py:208} INFO - Processing /opt/anaconda3/envs/airflow_env/lib/python3.9/site-packages/airflow/example_dags/example_inlet_event_extra.py took 0.308 seconds
[2025-01-01T18:33:06.957-0800] {processor.py:186} INFO - Started process (PID=33427) to work on /opt/anaconda3/envs/airflow_env/lib/python3.9/site-packages/airflow/example_dags/example_inlet_event_extra.py
[2025-01-01T18:33:06.959-0800] {processor.py:914} INFO - Processing file /opt/anaconda3/envs/airflow_env/lib/python3.9/site-packages/airflow/example_dags/example_inlet_event_extra.py for tasks to queue
[2025-01-01T18:33:06.960-0800] {logging_mixin.py:190} INFO - [2025-01-01T18:33:06.960-0800] {dagbag.py:588} INFO - Filling up the DagBag from /opt/anaconda3/envs/airflow_env/lib/python3.9/site-packages/airflow/example_dags/example_inlet_event_extra.py
[2025-01-01T18:33:07.118-0800] {processor.py:925} INFO - DAG(s) 'read_dataset_event', 'read_dataset_event_from_classic' retrieved from /opt/anaconda3/envs/airflow_env/lib/python3.9/site-packages/airflow/example_dags/example_inlet_event_extra.py
[2025-01-01T18:33:07.258-0800] {logging_mixin.py:190} INFO - [2025-01-01T18:33:07.258-0800] {dag.py:3239} INFO - Sync 2 DAGs
[2025-01-01T18:33:07.284-0800] {logging_mixin.py:190} INFO - [2025-01-01T18:33:07.284-0800] {dag.py:4180} INFO - Setting next_dagrun for read_dataset_event to 2025-01-01 00:00:00+00:00, run_after=2025-01-02 00:00:00+00:00
[2025-01-01T18:33:07.289-0800] {logging_mixin.py:190} INFO - [2025-01-01T18:33:07.289-0800] {dag.py:4180} INFO - Setting next_dagrun for read_dataset_event_from_classic to 2025-01-01 00:00:00+00:00, run_after=2025-01-02 00:00:00+00:00
[2025-01-01T18:33:07.310-0800] {processor.py:208} INFO - Processing /opt/anaconda3/envs/airflow_env/lib/python3.9/site-packages/airflow/example_dags/example_inlet_event_extra.py took 0.357 seconds
[2025-01-01T18:38:53.581-0800] {processor.py:186} INFO - Started process (PID=33747) to work on /opt/anaconda3/envs/airflow_env/lib/python3.9/site-packages/airflow/example_dags/example_inlet_event_extra.py
[2025-01-01T18:38:53.585-0800] {processor.py:914} INFO - Processing file /opt/anaconda3/envs/airflow_env/lib/python3.9/site-packages/airflow/example_dags/example_inlet_event_extra.py for tasks to queue
[2025-01-01T18:38:53.587-0800] {logging_mixin.py:190} INFO - [2025-01-01T18:38:53.587-0800] {dagbag.py:588} INFO - Filling up the DagBag from /opt/anaconda3/envs/airflow_env/lib/python3.9/site-packages/airflow/example_dags/example_inlet_event_extra.py
[2025-01-01T18:38:53.964-0800] {processor.py:925} INFO - DAG(s) 'read_dataset_event_from_classic', 'read_dataset_event' retrieved from /opt/anaconda3/envs/airflow_env/lib/python3.9/site-packages/airflow/example_dags/example_inlet_event_extra.py
[2025-01-01T18:38:54.347-0800] {logging_mixin.py:190} INFO - [2025-01-01T18:38:54.346-0800] {dag.py:3239} INFO - Sync 2 DAGs
[2025-01-01T18:38:54.385-0800] {logging_mixin.py:190} INFO - [2025-01-01T18:38:54.385-0800] {dag.py:4180} INFO - Setting next_dagrun for read_dataset_event to 2025-01-01 00:00:00+00:00, run_after=2025-01-02 00:00:00+00:00
[2025-01-01T18:38:54.399-0800] {logging_mixin.py:190} INFO - [2025-01-01T18:38:54.396-0800] {dag.py:4180} INFO - Setting next_dagrun for read_dataset_event_from_classic to 2025-01-01 00:00:00+00:00, run_after=2025-01-02 00:00:00+00:00
[2025-01-01T18:38:54.426-0800] {processor.py:208} INFO - Processing /opt/anaconda3/envs/airflow_env/lib/python3.9/site-packages/airflow/example_dags/example_inlet_event_extra.py took 0.852 seconds
