[2025-01-01T16:13:50.030-0800] {processor.py:186} INFO - Started process (PID=26748) to work on /opt/anaconda3/envs/airflow_env/lib/python3.9/site-packages/airflow/example_dags/tutorial_objectstorage.py
[2025-01-01T16:13:50.031-0800] {processor.py:914} INFO - Processing file /opt/anaconda3/envs/airflow_env/lib/python3.9/site-packages/airflow/example_dags/tutorial_objectstorage.py for tasks to queue
[2025-01-01T16:13:50.033-0800] {logging_mixin.py:190} INFO - [2025-01-01T16:13:50.032-0800] {dagbag.py:588} INFO - Filling up the DagBag from /opt/anaconda3/envs/airflow_env/lib/python3.9/site-packages/airflow/example_dags/tutorial_objectstorage.py
[2025-01-01T16:13:50.074-0800] {processor.py:925} INFO - DAG(s) 'tutorial_objectstorage' retrieved from /opt/anaconda3/envs/airflow_env/lib/python3.9/site-packages/airflow/example_dags/tutorial_objectstorage.py
[2025-01-01T16:13:50.235-0800] {logging_mixin.py:190} INFO - [2025-01-01T16:13:50.235-0800] {dag.py:3239} INFO - Sync 1 DAGs
[2025-01-01T16:13:50.260-0800] {logging_mixin.py:190} INFO - [2025-01-01T16:13:50.259-0800] {dag.py:4180} INFO - Setting next_dagrun for tutorial_objectstorage to None, run_after=None
[2025-01-01T16:13:50.291-0800] {processor.py:208} INFO - Processing /opt/anaconda3/envs/airflow_env/lib/python3.9/site-packages/airflow/example_dags/tutorial_objectstorage.py took 0.264 seconds
[2025-01-01T16:17:30.469-0800] {processor.py:186} INFO - Started process (PID=26931) to work on /opt/anaconda3/envs/airflow_env/lib/python3.9/site-packages/airflow/example_dags/tutorial_objectstorage.py
[2025-01-01T16:17:30.471-0800] {processor.py:914} INFO - Processing file /opt/anaconda3/envs/airflow_env/lib/python3.9/site-packages/airflow/example_dags/tutorial_objectstorage.py for tasks to queue
[2025-01-01T16:17:30.473-0800] {logging_mixin.py:190} INFO - [2025-01-01T16:17:30.472-0800] {dagbag.py:588} INFO - Filling up the DagBag from /opt/anaconda3/envs/airflow_env/lib/python3.9/site-packages/airflow/example_dags/tutorial_objectstorage.py
[2025-01-01T16:17:30.537-0800] {processor.py:925} INFO - DAG(s) 'tutorial_objectstorage' retrieved from /opt/anaconda3/envs/airflow_env/lib/python3.9/site-packages/airflow/example_dags/tutorial_objectstorage.py
[2025-01-01T16:17:30.802-0800] {logging_mixin.py:190} INFO - [2025-01-01T16:17:30.801-0800] {dag.py:3239} INFO - Sync 1 DAGs
[2025-01-01T16:17:30.820-0800] {logging_mixin.py:190} INFO - [2025-01-01T16:17:30.820-0800] {dag.py:4180} INFO - Setting next_dagrun for tutorial_objectstorage to None, run_after=None
[2025-01-01T16:17:30.844-0800] {processor.py:208} INFO - Processing /opt/anaconda3/envs/airflow_env/lib/python3.9/site-packages/airflow/example_dags/tutorial_objectstorage.py took 0.379 seconds
[2025-01-01T16:21:24.300-0800] {processor.py:186} INFO - Started process (PID=27159) to work on /opt/anaconda3/envs/airflow_env/lib/python3.9/site-packages/airflow/example_dags/tutorial_objectstorage.py
[2025-01-01T16:21:24.305-0800] {processor.py:914} INFO - Processing file /opt/anaconda3/envs/airflow_env/lib/python3.9/site-packages/airflow/example_dags/tutorial_objectstorage.py for tasks to queue
[2025-01-01T16:21:24.307-0800] {logging_mixin.py:190} INFO - [2025-01-01T16:21:24.307-0800] {dagbag.py:588} INFO - Filling up the DagBag from /opt/anaconda3/envs/airflow_env/lib/python3.9/site-packages/airflow/example_dags/tutorial_objectstorage.py
[2025-01-01T16:21:24.356-0800] {processor.py:925} INFO - DAG(s) 'tutorial_objectstorage' retrieved from /opt/anaconda3/envs/airflow_env/lib/python3.9/site-packages/airflow/example_dags/tutorial_objectstorage.py
[2025-01-01T16:21:24.495-0800] {logging_mixin.py:190} INFO - [2025-01-01T16:21:24.494-0800] {dag.py:3239} INFO - Sync 1 DAGs
[2025-01-01T16:21:24.509-0800] {logging_mixin.py:190} INFO - [2025-01-01T16:21:24.508-0800] {dag.py:4180} INFO - Setting next_dagrun for tutorial_objectstorage to None, run_after=None
[2025-01-01T16:21:24.536-0800] {processor.py:208} INFO - Processing /opt/anaconda3/envs/airflow_env/lib/python3.9/site-packages/airflow/example_dags/tutorial_objectstorage.py took 0.240 seconds
[2025-01-01T16:24:29.122-0800] {processor.py:186} INFO - Started process (PID=27271) to work on /opt/anaconda3/envs/airflow_env/lib/python3.9/site-packages/airflow/example_dags/tutorial_objectstorage.py
[2025-01-01T16:24:29.125-0800] {processor.py:914} INFO - Processing file /opt/anaconda3/envs/airflow_env/lib/python3.9/site-packages/airflow/example_dags/tutorial_objectstorage.py for tasks to queue
[2025-01-01T16:24:29.126-0800] {logging_mixin.py:190} INFO - [2025-01-01T16:24:29.126-0800] {dagbag.py:588} INFO - Filling up the DagBag from /opt/anaconda3/envs/airflow_env/lib/python3.9/site-packages/airflow/example_dags/tutorial_objectstorage.py
[2025-01-01T16:24:29.172-0800] {processor.py:925} INFO - DAG(s) 'tutorial_objectstorage' retrieved from /opt/anaconda3/envs/airflow_env/lib/python3.9/site-packages/airflow/example_dags/tutorial_objectstorage.py
[2025-01-01T16:24:29.342-0800] {logging_mixin.py:190} INFO - [2025-01-01T16:24:29.341-0800] {dag.py:3239} INFO - Sync 1 DAGs
[2025-01-01T16:24:29.355-0800] {logging_mixin.py:190} INFO - [2025-01-01T16:24:29.354-0800] {dag.py:4180} INFO - Setting next_dagrun for tutorial_objectstorage to None, run_after=None
[2025-01-01T16:24:29.389-0800] {processor.py:208} INFO - Processing /opt/anaconda3/envs/airflow_env/lib/python3.9/site-packages/airflow/example_dags/tutorial_objectstorage.py took 0.270 seconds
[2025-01-01T16:27:19.732-0800] {processor.py:186} INFO - Started process (PID=27375) to work on /opt/anaconda3/envs/airflow_env/lib/python3.9/site-packages/airflow/example_dags/tutorial_objectstorage.py
[2025-01-01T16:27:19.735-0800] {processor.py:914} INFO - Processing file /opt/anaconda3/envs/airflow_env/lib/python3.9/site-packages/airflow/example_dags/tutorial_objectstorage.py for tasks to queue
[2025-01-01T16:27:19.736-0800] {logging_mixin.py:190} INFO - [2025-01-01T16:27:19.736-0800] {dagbag.py:588} INFO - Filling up the DagBag from /opt/anaconda3/envs/airflow_env/lib/python3.9/site-packages/airflow/example_dags/tutorial_objectstorage.py
[2025-01-01T16:27:19.780-0800] {processor.py:925} INFO - DAG(s) 'tutorial_objectstorage' retrieved from /opt/anaconda3/envs/airflow_env/lib/python3.9/site-packages/airflow/example_dags/tutorial_objectstorage.py
[2025-01-01T16:27:19.900-0800] {logging_mixin.py:190} INFO - [2025-01-01T16:27:19.899-0800] {dag.py:3239} INFO - Sync 1 DAGs
[2025-01-01T16:27:19.912-0800] {logging_mixin.py:190} INFO - [2025-01-01T16:27:19.911-0800] {dag.py:4180} INFO - Setting next_dagrun for tutorial_objectstorage to None, run_after=None
[2025-01-01T16:27:19.941-0800] {processor.py:208} INFO - Processing /opt/anaconda3/envs/airflow_env/lib/python3.9/site-packages/airflow/example_dags/tutorial_objectstorage.py took 0.213 seconds
[2025-01-01T16:30:12.002-0800] {processor.py:186} INFO - Started process (PID=27479) to work on /opt/anaconda3/envs/airflow_env/lib/python3.9/site-packages/airflow/example_dags/tutorial_objectstorage.py
[2025-01-01T16:30:12.003-0800] {processor.py:914} INFO - Processing file /opt/anaconda3/envs/airflow_env/lib/python3.9/site-packages/airflow/example_dags/tutorial_objectstorage.py for tasks to queue
[2025-01-01T16:30:12.004-0800] {logging_mixin.py:190} INFO - [2025-01-01T16:30:12.004-0800] {dagbag.py:588} INFO - Filling up the DagBag from /opt/anaconda3/envs/airflow_env/lib/python3.9/site-packages/airflow/example_dags/tutorial_objectstorage.py
[2025-01-01T16:30:12.043-0800] {processor.py:925} INFO - DAG(s) 'tutorial_objectstorage' retrieved from /opt/anaconda3/envs/airflow_env/lib/python3.9/site-packages/airflow/example_dags/tutorial_objectstorage.py
[2025-01-01T16:30:12.193-0800] {logging_mixin.py:190} INFO - [2025-01-01T16:30:12.193-0800] {dag.py:3239} INFO - Sync 1 DAGs
[2025-01-01T16:30:12.206-0800] {logging_mixin.py:190} INFO - [2025-01-01T16:30:12.206-0800] {dag.py:4180} INFO - Setting next_dagrun for tutorial_objectstorage to None, run_after=None
[2025-01-01T16:30:12.228-0800] {processor.py:208} INFO - Processing /opt/anaconda3/envs/airflow_env/lib/python3.9/site-packages/airflow/example_dags/tutorial_objectstorage.py took 0.230 seconds
[2025-01-01T17:05:56.814-0800] {processor.py:186} INFO - Started process (PID=27646) to work on /opt/anaconda3/envs/airflow_env/lib/python3.9/site-packages/airflow/example_dags/tutorial_objectstorage.py
[2025-01-01T17:05:56.818-0800] {processor.py:914} INFO - Processing file /opt/anaconda3/envs/airflow_env/lib/python3.9/site-packages/airflow/example_dags/tutorial_objectstorage.py for tasks to queue
[2025-01-01T17:05:56.825-0800] {logging_mixin.py:190} INFO - [2025-01-01T17:05:56.824-0800] {dagbag.py:588} INFO - Filling up the DagBag from /opt/anaconda3/envs/airflow_env/lib/python3.9/site-packages/airflow/example_dags/tutorial_objectstorage.py
[2025-01-01T17:05:57.010-0800] {processor.py:925} INFO - DAG(s) 'tutorial_objectstorage' retrieved from /opt/anaconda3/envs/airflow_env/lib/python3.9/site-packages/airflow/example_dags/tutorial_objectstorage.py
[2025-01-01T17:05:57.756-0800] {logging_mixin.py:190} INFO - [2025-01-01T17:05:57.756-0800] {dag.py:3239} INFO - Sync 1 DAGs
[2025-01-01T17:05:57.836-0800] {logging_mixin.py:190} INFO - [2025-01-01T17:05:57.836-0800] {dag.py:4180} INFO - Setting next_dagrun for tutorial_objectstorage to None, run_after=None
[2025-01-01T17:05:57.885-0800] {processor.py:208} INFO - Processing /opt/anaconda3/envs/airflow_env/lib/python3.9/site-packages/airflow/example_dags/tutorial_objectstorage.py took 1.088 seconds
[2025-01-01T17:10:39.899-0800] {processor.py:186} INFO - Started process (PID=27855) to work on /opt/anaconda3/envs/airflow_env/lib/python3.9/site-packages/airflow/example_dags/tutorial_objectstorage.py
[2025-01-01T17:10:39.901-0800] {processor.py:914} INFO - Processing file /opt/anaconda3/envs/airflow_env/lib/python3.9/site-packages/airflow/example_dags/tutorial_objectstorage.py for tasks to queue
[2025-01-01T17:10:39.902-0800] {logging_mixin.py:190} INFO - [2025-01-01T17:10:39.902-0800] {dagbag.py:588} INFO - Filling up the DagBag from /opt/anaconda3/envs/airflow_env/lib/python3.9/site-packages/airflow/example_dags/tutorial_objectstorage.py
[2025-01-01T17:10:39.955-0800] {processor.py:925} INFO - DAG(s) 'tutorial_objectstorage' retrieved from /opt/anaconda3/envs/airflow_env/lib/python3.9/site-packages/airflow/example_dags/tutorial_objectstorage.py
[2025-01-01T17:10:40.091-0800] {logging_mixin.py:190} INFO - [2025-01-01T17:10:40.090-0800] {dag.py:3239} INFO - Sync 1 DAGs
[2025-01-01T17:10:40.107-0800] {logging_mixin.py:190} INFO - [2025-01-01T17:10:40.107-0800] {dag.py:4180} INFO - Setting next_dagrun for tutorial_objectstorage to None, run_after=None
[2025-01-01T17:10:40.129-0800] {processor.py:208} INFO - Processing /opt/anaconda3/envs/airflow_env/lib/python3.9/site-packages/airflow/example_dags/tutorial_objectstorage.py took 0.235 seconds
[2025-01-01T17:14:20.125-0800] {processor.py:186} INFO - Started process (PID=28015) to work on /opt/anaconda3/envs/airflow_env/lib/python3.9/site-packages/airflow/example_dags/tutorial_objectstorage.py
[2025-01-01T17:14:20.128-0800] {processor.py:914} INFO - Processing file /opt/anaconda3/envs/airflow_env/lib/python3.9/site-packages/airflow/example_dags/tutorial_objectstorage.py for tasks to queue
[2025-01-01T17:14:20.130-0800] {logging_mixin.py:190} INFO - [2025-01-01T17:14:20.129-0800] {dagbag.py:588} INFO - Filling up the DagBag from /opt/anaconda3/envs/airflow_env/lib/python3.9/site-packages/airflow/example_dags/tutorial_objectstorage.py
[2025-01-01T17:14:20.173-0800] {processor.py:925} INFO - DAG(s) 'tutorial_objectstorage' retrieved from /opt/anaconda3/envs/airflow_env/lib/python3.9/site-packages/airflow/example_dags/tutorial_objectstorage.py
[2025-01-01T17:14:20.321-0800] {logging_mixin.py:190} INFO - [2025-01-01T17:14:20.321-0800] {dag.py:3239} INFO - Sync 1 DAGs
[2025-01-01T17:14:20.334-0800] {logging_mixin.py:190} INFO - [2025-01-01T17:14:20.334-0800] {dag.py:4180} INFO - Setting next_dagrun for tutorial_objectstorage to None, run_after=None
[2025-01-01T17:14:20.357-0800] {processor.py:208} INFO - Processing /opt/anaconda3/envs/airflow_env/lib/python3.9/site-packages/airflow/example_dags/tutorial_objectstorage.py took 0.238 seconds
[2025-01-01T17:17:59.145-0800] {processor.py:186} INFO - Started process (PID=28172) to work on /opt/anaconda3/envs/airflow_env/lib/python3.9/site-packages/airflow/example_dags/tutorial_objectstorage.py
[2025-01-01T17:17:59.147-0800] {processor.py:914} INFO - Processing file /opt/anaconda3/envs/airflow_env/lib/python3.9/site-packages/airflow/example_dags/tutorial_objectstorage.py for tasks to queue
[2025-01-01T17:17:59.148-0800] {logging_mixin.py:190} INFO - [2025-01-01T17:17:59.148-0800] {dagbag.py:588} INFO - Filling up the DagBag from /opt/anaconda3/envs/airflow_env/lib/python3.9/site-packages/airflow/example_dags/tutorial_objectstorage.py
[2025-01-01T17:17:59.188-0800] {processor.py:925} INFO - DAG(s) 'tutorial_objectstorage' retrieved from /opt/anaconda3/envs/airflow_env/lib/python3.9/site-packages/airflow/example_dags/tutorial_objectstorage.py
[2025-01-01T17:17:59.332-0800] {logging_mixin.py:190} INFO - [2025-01-01T17:17:59.332-0800] {dag.py:3239} INFO - Sync 1 DAGs
[2025-01-01T17:17:59.345-0800] {logging_mixin.py:190} INFO - [2025-01-01T17:17:59.344-0800] {dag.py:4180} INFO - Setting next_dagrun for tutorial_objectstorage to None, run_after=None
[2025-01-01T17:17:59.367-0800] {processor.py:208} INFO - Processing /opt/anaconda3/envs/airflow_env/lib/python3.9/site-packages/airflow/example_dags/tutorial_objectstorage.py took 0.230 seconds
[2025-01-01T17:21:59.511-0800] {processor.py:186} INFO - Started process (PID=28365) to work on /opt/anaconda3/envs/airflow_env/lib/python3.9/site-packages/airflow/example_dags/tutorial_objectstorage.py
[2025-01-01T17:21:59.519-0800] {processor.py:914} INFO - Processing file /opt/anaconda3/envs/airflow_env/lib/python3.9/site-packages/airflow/example_dags/tutorial_objectstorage.py for tasks to queue
[2025-01-01T17:21:59.525-0800] {logging_mixin.py:190} INFO - [2025-01-01T17:21:59.525-0800] {dagbag.py:588} INFO - Filling up the DagBag from /opt/anaconda3/envs/airflow_env/lib/python3.9/site-packages/airflow/example_dags/tutorial_objectstorage.py
[2025-01-01T17:21:59.604-0800] {processor.py:925} INFO - DAG(s) 'tutorial_objectstorage' retrieved from /opt/anaconda3/envs/airflow_env/lib/python3.9/site-packages/airflow/example_dags/tutorial_objectstorage.py
[2025-01-01T17:21:59.747-0800] {logging_mixin.py:190} INFO - [2025-01-01T17:21:59.746-0800] {dag.py:3239} INFO - Sync 1 DAGs
[2025-01-01T17:21:59.760-0800] {logging_mixin.py:190} INFO - [2025-01-01T17:21:59.760-0800] {dag.py:4180} INFO - Setting next_dagrun for tutorial_objectstorage to None, run_after=None
[2025-01-01T17:21:59.783-0800] {processor.py:208} INFO - Processing /opt/anaconda3/envs/airflow_env/lib/python3.9/site-packages/airflow/example_dags/tutorial_objectstorage.py took 0.283 seconds
[2025-01-01T17:25:24.674-0800] {processor.py:186} INFO - Started process (PID=28502) to work on /opt/anaconda3/envs/airflow_env/lib/python3.9/site-packages/airflow/example_dags/tutorial_objectstorage.py
[2025-01-01T17:25:24.677-0800] {processor.py:914} INFO - Processing file /opt/anaconda3/envs/airflow_env/lib/python3.9/site-packages/airflow/example_dags/tutorial_objectstorage.py for tasks to queue
[2025-01-01T17:25:24.678-0800] {logging_mixin.py:190} INFO - [2025-01-01T17:25:24.678-0800] {dagbag.py:588} INFO - Filling up the DagBag from /opt/anaconda3/envs/airflow_env/lib/python3.9/site-packages/airflow/example_dags/tutorial_objectstorage.py
[2025-01-01T17:25:24.720-0800] {processor.py:925} INFO - DAG(s) 'tutorial_objectstorage' retrieved from /opt/anaconda3/envs/airflow_env/lib/python3.9/site-packages/airflow/example_dags/tutorial_objectstorage.py
[2025-01-01T17:25:24.871-0800] {logging_mixin.py:190} INFO - [2025-01-01T17:25:24.871-0800] {dag.py:3239} INFO - Sync 1 DAGs
[2025-01-01T17:25:24.884-0800] {logging_mixin.py:190} INFO - [2025-01-01T17:25:24.884-0800] {dag.py:4180} INFO - Setting next_dagrun for tutorial_objectstorage to None, run_after=None
[2025-01-01T17:25:24.911-0800] {processor.py:208} INFO - Processing /opt/anaconda3/envs/airflow_env/lib/python3.9/site-packages/airflow/example_dags/tutorial_objectstorage.py took 0.241 seconds
[2025-01-01T17:26:55.117-0800] {processor.py:186} INFO - Started process (PID=28562) to work on /opt/anaconda3/envs/airflow_env/lib/python3.9/site-packages/airflow/example_dags/tutorial_objectstorage.py
[2025-01-01T17:26:55.119-0800] {processor.py:914} INFO - Processing file /opt/anaconda3/envs/airflow_env/lib/python3.9/site-packages/airflow/example_dags/tutorial_objectstorage.py for tasks to queue
[2025-01-01T17:26:55.120-0800] {logging_mixin.py:190} INFO - [2025-01-01T17:26:55.120-0800] {dagbag.py:588} INFO - Filling up the DagBag from /opt/anaconda3/envs/airflow_env/lib/python3.9/site-packages/airflow/example_dags/tutorial_objectstorage.py
[2025-01-01T17:26:55.163-0800] {processor.py:925} INFO - DAG(s) 'tutorial_objectstorage' retrieved from /opt/anaconda3/envs/airflow_env/lib/python3.9/site-packages/airflow/example_dags/tutorial_objectstorage.py
[2025-01-01T17:26:55.292-0800] {logging_mixin.py:190} INFO - [2025-01-01T17:26:55.291-0800] {dag.py:3239} INFO - Sync 1 DAGs
[2025-01-01T17:26:55.304-0800] {logging_mixin.py:190} INFO - [2025-01-01T17:26:55.304-0800] {dag.py:4180} INFO - Setting next_dagrun for tutorial_objectstorage to None, run_after=None
[2025-01-01T17:26:55.326-0800] {processor.py:208} INFO - Processing /opt/anaconda3/envs/airflow_env/lib/python3.9/site-packages/airflow/example_dags/tutorial_objectstorage.py took 0.213 seconds
[2025-01-01T17:30:50.122-0800] {processor.py:186} INFO - Started process (PID=28988) to work on /opt/anaconda3/envs/airflow_env/lib/python3.9/site-packages/airflow/example_dags/tutorial_objectstorage.py
[2025-01-01T17:30:50.124-0800] {processor.py:914} INFO - Processing file /opt/anaconda3/envs/airflow_env/lib/python3.9/site-packages/airflow/example_dags/tutorial_objectstorage.py for tasks to queue
[2025-01-01T17:30:50.126-0800] {logging_mixin.py:190} INFO - [2025-01-01T17:30:50.125-0800] {dagbag.py:588} INFO - Filling up the DagBag from /opt/anaconda3/envs/airflow_env/lib/python3.9/site-packages/airflow/example_dags/tutorial_objectstorage.py
[2025-01-01T17:30:50.168-0800] {processor.py:925} INFO - DAG(s) 'tutorial_objectstorage' retrieved from /opt/anaconda3/envs/airflow_env/lib/python3.9/site-packages/airflow/example_dags/tutorial_objectstorage.py
[2025-01-01T17:30:50.313-0800] {logging_mixin.py:190} INFO - [2025-01-01T17:30:50.312-0800] {dag.py:3239} INFO - Sync 1 DAGs
[2025-01-01T17:30:50.327-0800] {logging_mixin.py:190} INFO - [2025-01-01T17:30:50.326-0800] {dag.py:4180} INFO - Setting next_dagrun for tutorial_objectstorage to None, run_after=None
[2025-01-01T17:30:50.348-0800] {processor.py:208} INFO - Processing /opt/anaconda3/envs/airflow_env/lib/python3.9/site-packages/airflow/example_dags/tutorial_objectstorage.py took 0.230 seconds
[2025-01-01T17:34:48.100-0800] {processor.py:186} INFO - Started process (PID=29212) to work on /opt/anaconda3/envs/airflow_env/lib/python3.9/site-packages/airflow/example_dags/tutorial_objectstorage.py
[2025-01-01T17:34:48.103-0800] {processor.py:914} INFO - Processing file /opt/anaconda3/envs/airflow_env/lib/python3.9/site-packages/airflow/example_dags/tutorial_objectstorage.py for tasks to queue
[2025-01-01T17:34:48.104-0800] {logging_mixin.py:190} INFO - [2025-01-01T17:34:48.104-0800] {dagbag.py:588} INFO - Filling up the DagBag from /opt/anaconda3/envs/airflow_env/lib/python3.9/site-packages/airflow/example_dags/tutorial_objectstorage.py
[2025-01-01T17:34:48.146-0800] {processor.py:925} INFO - DAG(s) 'tutorial_objectstorage' retrieved from /opt/anaconda3/envs/airflow_env/lib/python3.9/site-packages/airflow/example_dags/tutorial_objectstorage.py
[2025-01-01T17:34:48.273-0800] {logging_mixin.py:190} INFO - [2025-01-01T17:34:48.273-0800] {dag.py:3239} INFO - Sync 1 DAGs
[2025-01-01T17:34:48.289-0800] {logging_mixin.py:190} INFO - [2025-01-01T17:34:48.288-0800] {dag.py:4180} INFO - Setting next_dagrun for tutorial_objectstorage to None, run_after=None
[2025-01-01T17:34:48.311-0800] {processor.py:208} INFO - Processing /opt/anaconda3/envs/airflow_env/lib/python3.9/site-packages/airflow/example_dags/tutorial_objectstorage.py took 0.215 seconds
[2025-01-01T17:38:19.994-0800] {processor.py:186} INFO - Started process (PID=29529) to work on /opt/anaconda3/envs/airflow_env/lib/python3.9/site-packages/airflow/example_dags/tutorial_objectstorage.py
[2025-01-01T17:38:19.996-0800] {processor.py:914} INFO - Processing file /opt/anaconda3/envs/airflow_env/lib/python3.9/site-packages/airflow/example_dags/tutorial_objectstorage.py for tasks to queue
[2025-01-01T17:38:19.998-0800] {logging_mixin.py:190} INFO - [2025-01-01T17:38:19.998-0800] {dagbag.py:588} INFO - Filling up the DagBag from /opt/anaconda3/envs/airflow_env/lib/python3.9/site-packages/airflow/example_dags/tutorial_objectstorage.py
[2025-01-01T17:38:20.037-0800] {processor.py:925} INFO - DAG(s) 'tutorial_objectstorage' retrieved from /opt/anaconda3/envs/airflow_env/lib/python3.9/site-packages/airflow/example_dags/tutorial_objectstorage.py
[2025-01-01T17:38:20.179-0800] {logging_mixin.py:190} INFO - [2025-01-01T17:38:20.178-0800] {dag.py:3239} INFO - Sync 1 DAGs
[2025-01-01T17:38:20.191-0800] {logging_mixin.py:190} INFO - [2025-01-01T17:38:20.191-0800] {dag.py:4180} INFO - Setting next_dagrun for tutorial_objectstorage to None, run_after=None
[2025-01-01T17:38:20.213-0800] {processor.py:208} INFO - Processing /opt/anaconda3/envs/airflow_env/lib/python3.9/site-packages/airflow/example_dags/tutorial_objectstorage.py took 0.224 seconds
[2025-01-01T17:48:49.360-0800] {processor.py:186} INFO - Started process (PID=30313) to work on /opt/anaconda3/envs/airflow_env/lib/python3.9/site-packages/airflow/example_dags/tutorial_objectstorage.py
[2025-01-01T17:48:49.363-0800] {processor.py:914} INFO - Processing file /opt/anaconda3/envs/airflow_env/lib/python3.9/site-packages/airflow/example_dags/tutorial_objectstorage.py for tasks to queue
[2025-01-01T17:48:49.364-0800] {logging_mixin.py:190} INFO - [2025-01-01T17:48:49.364-0800] {dagbag.py:588} INFO - Filling up the DagBag from /opt/anaconda3/envs/airflow_env/lib/python3.9/site-packages/airflow/example_dags/tutorial_objectstorage.py
[2025-01-01T17:48:49.403-0800] {processor.py:925} INFO - DAG(s) 'tutorial_objectstorage' retrieved from /opt/anaconda3/envs/airflow_env/lib/python3.9/site-packages/airflow/example_dags/tutorial_objectstorage.py
[2025-01-01T17:48:49.534-0800] {logging_mixin.py:190} INFO - [2025-01-01T17:48:49.534-0800] {dag.py:3239} INFO - Sync 1 DAGs
[2025-01-01T17:48:49.549-0800] {logging_mixin.py:190} INFO - [2025-01-01T17:48:49.549-0800] {dag.py:4180} INFO - Setting next_dagrun for tutorial_objectstorage to None, run_after=None
[2025-01-01T17:48:49.573-0800] {processor.py:208} INFO - Processing /opt/anaconda3/envs/airflow_env/lib/python3.9/site-packages/airflow/example_dags/tutorial_objectstorage.py took 0.218 seconds
[2025-01-01T18:03:25.465-0800] {processor.py:186} INFO - Started process (PID=31485) to work on /opt/anaconda3/envs/airflow_env/lib/python3.9/site-packages/airflow/example_dags/tutorial_objectstorage.py
[2025-01-01T18:03:25.470-0800] {processor.py:914} INFO - Processing file /opt/anaconda3/envs/airflow_env/lib/python3.9/site-packages/airflow/example_dags/tutorial_objectstorage.py for tasks to queue
[2025-01-01T18:03:25.473-0800] {logging_mixin.py:190} INFO - [2025-01-01T18:03:25.472-0800] {dagbag.py:588} INFO - Filling up the DagBag from /opt/anaconda3/envs/airflow_env/lib/python3.9/site-packages/airflow/example_dags/tutorial_objectstorage.py
[2025-01-01T18:03:25.572-0800] {processor.py:925} INFO - DAG(s) 'tutorial_objectstorage' retrieved from /opt/anaconda3/envs/airflow_env/lib/python3.9/site-packages/airflow/example_dags/tutorial_objectstorage.py
[2025-01-01T18:03:25.864-0800] {logging_mixin.py:190} INFO - [2025-01-01T18:03:25.863-0800] {dag.py:3239} INFO - Sync 1 DAGs
[2025-01-01T18:03:25.880-0800] {logging_mixin.py:190} INFO - [2025-01-01T18:03:25.880-0800] {dag.py:4180} INFO - Setting next_dagrun for tutorial_objectstorage to None, run_after=None
[2025-01-01T18:03:25.912-0800] {processor.py:208} INFO - Processing /opt/anaconda3/envs/airflow_env/lib/python3.9/site-packages/airflow/example_dags/tutorial_objectstorage.py took 0.457 seconds
[2025-01-01T18:11:41.359-0800] {processor.py:186} INFO - Started process (PID=32338) to work on /opt/anaconda3/envs/airflow_env/lib/python3.9/site-packages/airflow/example_dags/tutorial_objectstorage.py
[2025-01-01T18:11:41.362-0800] {processor.py:914} INFO - Processing file /opt/anaconda3/envs/airflow_env/lib/python3.9/site-packages/airflow/example_dags/tutorial_objectstorage.py for tasks to queue
[2025-01-01T18:11:41.364-0800] {logging_mixin.py:190} INFO - [2025-01-01T18:11:41.363-0800] {dagbag.py:588} INFO - Filling up the DagBag from /opt/anaconda3/envs/airflow_env/lib/python3.9/site-packages/airflow/example_dags/tutorial_objectstorage.py
[2025-01-01T18:11:41.429-0800] {processor.py:925} INFO - DAG(s) 'tutorial_objectstorage' retrieved from /opt/anaconda3/envs/airflow_env/lib/python3.9/site-packages/airflow/example_dags/tutorial_objectstorage.py
[2025-01-01T18:11:41.748-0800] {logging_mixin.py:190} INFO - [2025-01-01T18:11:41.747-0800] {dag.py:3239} INFO - Sync 1 DAGs
[2025-01-01T18:11:41.764-0800] {logging_mixin.py:190} INFO - [2025-01-01T18:11:41.763-0800] {dag.py:4180} INFO - Setting next_dagrun for tutorial_objectstorage to None, run_after=None
[2025-01-01T18:11:41.790-0800] {processor.py:208} INFO - Processing /opt/anaconda3/envs/airflow_env/lib/python3.9/site-packages/airflow/example_dags/tutorial_objectstorage.py took 0.437 seconds
[2025-01-01T18:16:00.535-0800] {processor.py:186} INFO - Started process (PID=32473) to work on /opt/anaconda3/envs/airflow_env/lib/python3.9/site-packages/airflow/example_dags/tutorial_objectstorage.py
[2025-01-01T18:16:00.539-0800] {processor.py:914} INFO - Processing file /opt/anaconda3/envs/airflow_env/lib/python3.9/site-packages/airflow/example_dags/tutorial_objectstorage.py for tasks to queue
[2025-01-01T18:16:00.541-0800] {logging_mixin.py:190} INFO - [2025-01-01T18:16:00.540-0800] {dagbag.py:588} INFO - Filling up the DagBag from /opt/anaconda3/envs/airflow_env/lib/python3.9/site-packages/airflow/example_dags/tutorial_objectstorage.py
[2025-01-01T18:16:00.598-0800] {processor.py:925} INFO - DAG(s) 'tutorial_objectstorage' retrieved from /opt/anaconda3/envs/airflow_env/lib/python3.9/site-packages/airflow/example_dags/tutorial_objectstorage.py
[2025-01-01T18:16:00.789-0800] {logging_mixin.py:190} INFO - [2025-01-01T18:16:00.788-0800] {dag.py:3239} INFO - Sync 1 DAGs
[2025-01-01T18:16:00.805-0800] {logging_mixin.py:190} INFO - [2025-01-01T18:16:00.805-0800] {dag.py:4180} INFO - Setting next_dagrun for tutorial_objectstorage to None, run_after=None
[2025-01-01T18:16:00.873-0800] {processor.py:208} INFO - Processing /opt/anaconda3/envs/airflow_env/lib/python3.9/site-packages/airflow/example_dags/tutorial_objectstorage.py took 0.346 seconds
[2025-01-01T18:20:01.701-0800] {processor.py:186} INFO - Started process (PID=32629) to work on /opt/anaconda3/envs/airflow_env/lib/python3.9/site-packages/airflow/example_dags/tutorial_objectstorage.py
[2025-01-01T18:20:01.704-0800] {processor.py:914} INFO - Processing file /opt/anaconda3/envs/airflow_env/lib/python3.9/site-packages/airflow/example_dags/tutorial_objectstorage.py for tasks to queue
[2025-01-01T18:20:01.707-0800] {logging_mixin.py:190} INFO - [2025-01-01T18:20:01.706-0800] {dagbag.py:588} INFO - Filling up the DagBag from /opt/anaconda3/envs/airflow_env/lib/python3.9/site-packages/airflow/example_dags/tutorial_objectstorage.py
[2025-01-01T18:20:01.823-0800] {processor.py:925} INFO - DAG(s) 'tutorial_objectstorage' retrieved from /opt/anaconda3/envs/airflow_env/lib/python3.9/site-packages/airflow/example_dags/tutorial_objectstorage.py
[2025-01-01T18:20:02.188-0800] {logging_mixin.py:190} INFO - [2025-01-01T18:20:02.187-0800] {dag.py:3239} INFO - Sync 1 DAGs
[2025-01-01T18:20:02.204-0800] {logging_mixin.py:190} INFO - [2025-01-01T18:20:02.204-0800] {dag.py:4180} INFO - Setting next_dagrun for tutorial_objectstorage to None, run_after=None
[2025-01-01T18:20:02.232-0800] {processor.py:208} INFO - Processing /opt/anaconda3/envs/airflow_env/lib/python3.9/site-packages/airflow/example_dags/tutorial_objectstorage.py took 0.540 seconds
[2025-01-01T18:23:44.501-0800] {processor.py:186} INFO - Started process (PID=32830) to work on /opt/anaconda3/envs/airflow_env/lib/python3.9/site-packages/airflow/example_dags/tutorial_objectstorage.py
[2025-01-01T18:23:44.503-0800] {processor.py:914} INFO - Processing file /opt/anaconda3/envs/airflow_env/lib/python3.9/site-packages/airflow/example_dags/tutorial_objectstorage.py for tasks to queue
[2025-01-01T18:23:44.505-0800] {logging_mixin.py:190} INFO - [2025-01-01T18:23:44.505-0800] {dagbag.py:588} INFO - Filling up the DagBag from /opt/anaconda3/envs/airflow_env/lib/python3.9/site-packages/airflow/example_dags/tutorial_objectstorage.py
[2025-01-01T18:23:44.604-0800] {processor.py:925} INFO - DAG(s) 'tutorial_objectstorage' retrieved from /opt/anaconda3/envs/airflow_env/lib/python3.9/site-packages/airflow/example_dags/tutorial_objectstorage.py
[2025-01-01T18:23:44.765-0800] {logging_mixin.py:190} INFO - [2025-01-01T18:23:44.765-0800] {dag.py:3239} INFO - Sync 1 DAGs
[2025-01-01T18:23:44.797-0800] {logging_mixin.py:190} INFO - [2025-01-01T18:23:44.797-0800] {dag.py:4180} INFO - Setting next_dagrun for tutorial_objectstorage to None, run_after=None
[2025-01-01T18:23:44.839-0800] {processor.py:208} INFO - Processing /opt/anaconda3/envs/airflow_env/lib/python3.9/site-packages/airflow/example_dags/tutorial_objectstorage.py took 0.345 seconds
[2025-01-01T18:27:18.356-0800] {processor.py:186} INFO - Started process (PID=33046) to work on /opt/anaconda3/envs/airflow_env/lib/python3.9/site-packages/airflow/example_dags/tutorial_objectstorage.py
[2025-01-01T18:27:18.358-0800] {processor.py:914} INFO - Processing file /opt/anaconda3/envs/airflow_env/lib/python3.9/site-packages/airflow/example_dags/tutorial_objectstorage.py for tasks to queue
[2025-01-01T18:27:18.360-0800] {logging_mixin.py:190} INFO - [2025-01-01T18:27:18.359-0800] {dagbag.py:588} INFO - Filling up the DagBag from /opt/anaconda3/envs/airflow_env/lib/python3.9/site-packages/airflow/example_dags/tutorial_objectstorage.py
[2025-01-01T18:27:18.404-0800] {processor.py:925} INFO - DAG(s) 'tutorial_objectstorage' retrieved from /opt/anaconda3/envs/airflow_env/lib/python3.9/site-packages/airflow/example_dags/tutorial_objectstorage.py
[2025-01-01T18:27:18.568-0800] {logging_mixin.py:190} INFO - [2025-01-01T18:27:18.567-0800] {dag.py:3239} INFO - Sync 1 DAGs
[2025-01-01T18:27:18.583-0800] {logging_mixin.py:190} INFO - [2025-01-01T18:27:18.583-0800] {dag.py:4180} INFO - Setting next_dagrun for tutorial_objectstorage to None, run_after=None
[2025-01-01T18:27:18.605-0800] {processor.py:208} INFO - Processing /opt/anaconda3/envs/airflow_env/lib/python3.9/site-packages/airflow/example_dags/tutorial_objectstorage.py took 0.255 seconds
[2025-01-01T18:31:02.660-0800] {processor.py:186} INFO - Started process (PID=33323) to work on /opt/anaconda3/envs/airflow_env/lib/python3.9/site-packages/airflow/example_dags/tutorial_objectstorage.py
[2025-01-01T18:31:02.662-0800] {processor.py:914} INFO - Processing file /opt/anaconda3/envs/airflow_env/lib/python3.9/site-packages/airflow/example_dags/tutorial_objectstorage.py for tasks to queue
[2025-01-01T18:31:02.663-0800] {logging_mixin.py:190} INFO - [2025-01-01T18:31:02.663-0800] {dagbag.py:588} INFO - Filling up the DagBag from /opt/anaconda3/envs/airflow_env/lib/python3.9/site-packages/airflow/example_dags/tutorial_objectstorage.py
[2025-01-01T18:31:02.712-0800] {processor.py:925} INFO - DAG(s) 'tutorial_objectstorage' retrieved from /opt/anaconda3/envs/airflow_env/lib/python3.9/site-packages/airflow/example_dags/tutorial_objectstorage.py
[2025-01-01T18:31:02.906-0800] {logging_mixin.py:190} INFO - [2025-01-01T18:31:02.905-0800] {dag.py:3239} INFO - Sync 1 DAGs
[2025-01-01T18:31:02.930-0800] {logging_mixin.py:190} INFO - [2025-01-01T18:31:02.930-0800] {dag.py:4180} INFO - Setting next_dagrun for tutorial_objectstorage to None, run_after=None
[2025-01-01T18:31:02.974-0800] {processor.py:208} INFO - Processing /opt/anaconda3/envs/airflow_env/lib/python3.9/site-packages/airflow/example_dags/tutorial_objectstorage.py took 0.322 seconds
[2025-01-01T18:34:38.539-0800] {processor.py:186} INFO - Started process (PID=33496) to work on /opt/anaconda3/envs/airflow_env/lib/python3.9/site-packages/airflow/example_dags/tutorial_objectstorage.py
[2025-01-01T18:34:38.541-0800] {processor.py:914} INFO - Processing file /opt/anaconda3/envs/airflow_env/lib/python3.9/site-packages/airflow/example_dags/tutorial_objectstorage.py for tasks to queue
[2025-01-01T18:34:38.543-0800] {logging_mixin.py:190} INFO - [2025-01-01T18:34:38.543-0800] {dagbag.py:588} INFO - Filling up the DagBag from /opt/anaconda3/envs/airflow_env/lib/python3.9/site-packages/airflow/example_dags/tutorial_objectstorage.py
[2025-01-01T18:34:38.616-0800] {processor.py:925} INFO - DAG(s) 'tutorial_objectstorage' retrieved from /opt/anaconda3/envs/airflow_env/lib/python3.9/site-packages/airflow/example_dags/tutorial_objectstorage.py
[2025-01-01T18:34:38.856-0800] {logging_mixin.py:190} INFO - [2025-01-01T18:34:38.855-0800] {dag.py:3239} INFO - Sync 1 DAGs
[2025-01-01T18:34:38.887-0800] {logging_mixin.py:190} INFO - [2025-01-01T18:34:38.886-0800] {dag.py:4180} INFO - Setting next_dagrun for tutorial_objectstorage to None, run_after=None
[2025-01-01T18:34:38.942-0800] {processor.py:208} INFO - Processing /opt/anaconda3/envs/airflow_env/lib/python3.9/site-packages/airflow/example_dags/tutorial_objectstorage.py took 0.410 seconds
[2025-01-01T18:36:35.792-0800] {processor.py:186} INFO - Started process (PID=33601) to work on /opt/anaconda3/envs/airflow_env/lib/python3.9/site-packages/airflow/example_dags/tutorial_objectstorage.py
[2025-01-01T18:36:35.794-0800] {processor.py:914} INFO - Processing file /opt/anaconda3/envs/airflow_env/lib/python3.9/site-packages/airflow/example_dags/tutorial_objectstorage.py for tasks to queue
[2025-01-01T18:36:35.795-0800] {logging_mixin.py:190} INFO - [2025-01-01T18:36:35.795-0800] {dagbag.py:588} INFO - Filling up the DagBag from /opt/anaconda3/envs/airflow_env/lib/python3.9/site-packages/airflow/example_dags/tutorial_objectstorage.py
[2025-01-01T18:36:35.845-0800] {processor.py:925} INFO - DAG(s) 'tutorial_objectstorage' retrieved from /opt/anaconda3/envs/airflow_env/lib/python3.9/site-packages/airflow/example_dags/tutorial_objectstorage.py
[2025-01-01T18:36:35.990-0800] {logging_mixin.py:190} INFO - [2025-01-01T18:36:35.990-0800] {dag.py:3239} INFO - Sync 1 DAGs
[2025-01-01T18:36:36.003-0800] {logging_mixin.py:190} INFO - [2025-01-01T18:36:36.003-0800] {dag.py:4180} INFO - Setting next_dagrun for tutorial_objectstorage to None, run_after=None
[2025-01-01T18:36:36.028-0800] {processor.py:208} INFO - Processing /opt/anaconda3/envs/airflow_env/lib/python3.9/site-packages/airflow/example_dags/tutorial_objectstorage.py took 0.241 seconds
[2025-01-01T18:53:32.259-0800] {processor.py:186} INFO - Started process (PID=35028) to work on /opt/anaconda3/envs/airflow_env/lib/python3.9/site-packages/airflow/example_dags/tutorial_objectstorage.py
[2025-01-01T18:53:32.261-0800] {processor.py:914} INFO - Processing file /opt/anaconda3/envs/airflow_env/lib/python3.9/site-packages/airflow/example_dags/tutorial_objectstorage.py for tasks to queue
[2025-01-01T18:53:32.263-0800] {logging_mixin.py:190} INFO - [2025-01-01T18:53:32.262-0800] {dagbag.py:588} INFO - Filling up the DagBag from /opt/anaconda3/envs/airflow_env/lib/python3.9/site-packages/airflow/example_dags/tutorial_objectstorage.py
[2025-01-01T18:53:32.301-0800] {processor.py:925} INFO - DAG(s) 'tutorial_objectstorage' retrieved from /opt/anaconda3/envs/airflow_env/lib/python3.9/site-packages/airflow/example_dags/tutorial_objectstorage.py
[2025-01-01T18:53:32.422-0800] {logging_mixin.py:190} INFO - [2025-01-01T18:53:32.421-0800] {dag.py:3239} INFO - Sync 1 DAGs
[2025-01-01T18:53:32.434-0800] {logging_mixin.py:190} INFO - [2025-01-01T18:53:32.433-0800] {dag.py:4180} INFO - Setting next_dagrun for tutorial_objectstorage to None, run_after=None
[2025-01-01T18:53:32.467-0800] {processor.py:208} INFO - Processing /opt/anaconda3/envs/airflow_env/lib/python3.9/site-packages/airflow/example_dags/tutorial_objectstorage.py took 0.212 seconds
