[2025-01-01T16:10:12.843-0800] {processor.py:186} INFO - Started process (PID=26370) to work on /opt/anaconda3/envs/airflow_env/lib/python3.9/site-packages/airflow/example_dags/tutorial.py
[2025-01-01T16:10:12.844-0800] {processor.py:914} INFO - Processing file /opt/anaconda3/envs/airflow_env/lib/python3.9/site-packages/airflow/example_dags/tutorial.py for tasks to queue
[2025-01-01T16:10:12.845-0800] {logging_mixin.py:190} INFO - [2025-01-01T16:10:12.845-0800] {dagbag.py:588} INFO - Filling up the DagBag from /opt/anaconda3/envs/airflow_env/lib/python3.9/site-packages/airflow/example_dags/tutorial.py
[2025-01-01T16:10:12.856-0800] {processor.py:925} INFO - DAG(s) 'tutorial' retrieved from /opt/anaconda3/envs/airflow_env/lib/python3.9/site-packages/airflow/example_dags/tutorial.py
[2025-01-01T16:10:12.982-0800] {logging_mixin.py:190} INFO - [2025-01-01T16:10:12.982-0800] {dag.py:3239} INFO - Sync 1 DAGs
[2025-01-01T16:10:13.004-0800] {logging_mixin.py:190} INFO - [2025-01-01T16:10:13.004-0800] {dag.py:4180} INFO - Setting next_dagrun for tutorial to 2025-01-01 00:00:00+00:00, run_after=2025-01-02 00:00:00+00:00
[2025-01-01T16:10:13.031-0800] {processor.py:208} INFO - Processing /opt/anaconda3/envs/airflow_env/lib/python3.9/site-packages/airflow/example_dags/tutorial.py took 0.192 seconds
[2025-01-01T16:13:59.499-0800] {processor.py:186} INFO - Started process (PID=26753) to work on /opt/anaconda3/envs/airflow_env/lib/python3.9/site-packages/airflow/example_dags/tutorial.py
[2025-01-01T16:13:59.501-0800] {processor.py:914} INFO - Processing file /opt/anaconda3/envs/airflow_env/lib/python3.9/site-packages/airflow/example_dags/tutorial.py for tasks to queue
[2025-01-01T16:13:59.503-0800] {logging_mixin.py:190} INFO - [2025-01-01T16:13:59.503-0800] {dagbag.py:588} INFO - Filling up the DagBag from /opt/anaconda3/envs/airflow_env/lib/python3.9/site-packages/airflow/example_dags/tutorial.py
[2025-01-01T16:13:59.521-0800] {processor.py:925} INFO - DAG(s) 'tutorial' retrieved from /opt/anaconda3/envs/airflow_env/lib/python3.9/site-packages/airflow/example_dags/tutorial.py
[2025-01-01T16:13:59.724-0800] {logging_mixin.py:190} INFO - [2025-01-01T16:13:59.723-0800] {dag.py:3239} INFO - Sync 1 DAGs
[2025-01-01T16:13:59.757-0800] {logging_mixin.py:190} INFO - [2025-01-01T16:13:59.757-0800] {dag.py:4180} INFO - Setting next_dagrun for tutorial to 2025-01-01 00:00:00+00:00, run_after=2025-01-02 00:00:00+00:00
[2025-01-01T16:13:59.788-0800] {processor.py:208} INFO - Processing /opt/anaconda3/envs/airflow_env/lib/python3.9/site-packages/airflow/example_dags/tutorial.py took 0.296 seconds
[2025-01-01T16:17:39.027-0800] {processor.py:186} INFO - Started process (PID=26943) to work on /opt/anaconda3/envs/airflow_env/lib/python3.9/site-packages/airflow/example_dags/tutorial.py
[2025-01-01T16:17:39.029-0800] {processor.py:914} INFO - Processing file /opt/anaconda3/envs/airflow_env/lib/python3.9/site-packages/airflow/example_dags/tutorial.py for tasks to queue
[2025-01-01T16:17:39.031-0800] {logging_mixin.py:190} INFO - [2025-01-01T16:17:39.030-0800] {dagbag.py:588} INFO - Filling up the DagBag from /opt/anaconda3/envs/airflow_env/lib/python3.9/site-packages/airflow/example_dags/tutorial.py
[2025-01-01T16:17:39.044-0800] {processor.py:925} INFO - DAG(s) 'tutorial' retrieved from /opt/anaconda3/envs/airflow_env/lib/python3.9/site-packages/airflow/example_dags/tutorial.py
[2025-01-01T16:17:39.251-0800] {logging_mixin.py:190} INFO - [2025-01-01T16:17:39.251-0800] {dag.py:3239} INFO - Sync 1 DAGs
[2025-01-01T16:17:39.288-0800] {logging_mixin.py:190} INFO - [2025-01-01T16:17:39.288-0800] {dag.py:4180} INFO - Setting next_dagrun for tutorial to 2025-01-01 00:00:00+00:00, run_after=2025-01-02 00:00:00+00:00
[2025-01-01T16:17:39.318-0800] {processor.py:208} INFO - Processing /opt/anaconda3/envs/airflow_env/lib/python3.9/site-packages/airflow/example_dags/tutorial.py took 0.296 seconds
[2025-01-01T16:21:32.127-0800] {processor.py:186} INFO - Started process (PID=27163) to work on /opt/anaconda3/envs/airflow_env/lib/python3.9/site-packages/airflow/example_dags/tutorial.py
[2025-01-01T16:21:32.129-0800] {processor.py:914} INFO - Processing file /opt/anaconda3/envs/airflow_env/lib/python3.9/site-packages/airflow/example_dags/tutorial.py for tasks to queue
[2025-01-01T16:21:32.130-0800] {logging_mixin.py:190} INFO - [2025-01-01T16:21:32.130-0800] {dagbag.py:588} INFO - Filling up the DagBag from /opt/anaconda3/envs/airflow_env/lib/python3.9/site-packages/airflow/example_dags/tutorial.py
[2025-01-01T16:21:32.141-0800] {processor.py:925} INFO - DAG(s) 'tutorial' retrieved from /opt/anaconda3/envs/airflow_env/lib/python3.9/site-packages/airflow/example_dags/tutorial.py
[2025-01-01T16:21:32.272-0800] {logging_mixin.py:190} INFO - [2025-01-01T16:21:32.272-0800] {dag.py:3239} INFO - Sync 1 DAGs
[2025-01-01T16:21:32.294-0800] {logging_mixin.py:190} INFO - [2025-01-01T16:21:32.294-0800] {dag.py:4180} INFO - Setting next_dagrun for tutorial to 2025-01-01 00:00:00+00:00, run_after=2025-01-02 00:00:00+00:00
[2025-01-01T16:21:32.317-0800] {processor.py:208} INFO - Processing /opt/anaconda3/envs/airflow_env/lib/python3.9/site-packages/airflow/example_dags/tutorial.py took 0.195 seconds
[2025-01-01T16:24:36.095-0800] {processor.py:186} INFO - Started process (PID=27276) to work on /opt/anaconda3/envs/airflow_env/lib/python3.9/site-packages/airflow/example_dags/tutorial.py
[2025-01-01T16:24:36.098-0800] {processor.py:914} INFO - Processing file /opt/anaconda3/envs/airflow_env/lib/python3.9/site-packages/airflow/example_dags/tutorial.py for tasks to queue
[2025-01-01T16:24:36.099-0800] {logging_mixin.py:190} INFO - [2025-01-01T16:24:36.099-0800] {dagbag.py:588} INFO - Filling up the DagBag from /opt/anaconda3/envs/airflow_env/lib/python3.9/site-packages/airflow/example_dags/tutorial.py
[2025-01-01T16:24:36.109-0800] {processor.py:925} INFO - DAG(s) 'tutorial' retrieved from /opt/anaconda3/envs/airflow_env/lib/python3.9/site-packages/airflow/example_dags/tutorial.py
[2025-01-01T16:24:36.239-0800] {logging_mixin.py:190} INFO - [2025-01-01T16:24:36.238-0800] {dag.py:3239} INFO - Sync 1 DAGs
[2025-01-01T16:24:36.259-0800] {logging_mixin.py:190} INFO - [2025-01-01T16:24:36.259-0800] {dag.py:4180} INFO - Setting next_dagrun for tutorial to 2025-01-01 00:00:00+00:00, run_after=2025-01-02 00:00:00+00:00
[2025-01-01T16:24:36.281-0800] {processor.py:208} INFO - Processing /opt/anaconda3/envs/airflow_env/lib/python3.9/site-packages/airflow/example_dags/tutorial.py took 0.190 seconds
[2025-01-01T16:27:26.652-0800] {processor.py:186} INFO - Started process (PID=27379) to work on /opt/anaconda3/envs/airflow_env/lib/python3.9/site-packages/airflow/example_dags/tutorial.py
[2025-01-01T16:27:26.654-0800] {processor.py:914} INFO - Processing file /opt/anaconda3/envs/airflow_env/lib/python3.9/site-packages/airflow/example_dags/tutorial.py for tasks to queue
[2025-01-01T16:27:26.656-0800] {logging_mixin.py:190} INFO - [2025-01-01T16:27:26.655-0800] {dagbag.py:588} INFO - Filling up the DagBag from /opt/anaconda3/envs/airflow_env/lib/python3.9/site-packages/airflow/example_dags/tutorial.py
[2025-01-01T16:27:26.668-0800] {processor.py:925} INFO - DAG(s) 'tutorial' retrieved from /opt/anaconda3/envs/airflow_env/lib/python3.9/site-packages/airflow/example_dags/tutorial.py
[2025-01-01T16:27:26.800-0800] {logging_mixin.py:190} INFO - [2025-01-01T16:27:26.799-0800] {dag.py:3239} INFO - Sync 1 DAGs
[2025-01-01T16:27:26.822-0800] {logging_mixin.py:190} INFO - [2025-01-01T16:27:26.822-0800] {dag.py:4180} INFO - Setting next_dagrun for tutorial to 2025-01-01 00:00:00+00:00, run_after=2025-01-02 00:00:00+00:00
[2025-01-01T16:27:26.845-0800] {processor.py:208} INFO - Processing /opt/anaconda3/envs/airflow_env/lib/python3.9/site-packages/airflow/example_dags/tutorial.py took 0.198 seconds
[2025-01-01T16:30:19.046-0800] {processor.py:186} INFO - Started process (PID=27484) to work on /opt/anaconda3/envs/airflow_env/lib/python3.9/site-packages/airflow/example_dags/tutorial.py
[2025-01-01T16:30:19.047-0800] {processor.py:914} INFO - Processing file /opt/anaconda3/envs/airflow_env/lib/python3.9/site-packages/airflow/example_dags/tutorial.py for tasks to queue
[2025-01-01T16:30:19.048-0800] {logging_mixin.py:190} INFO - [2025-01-01T16:30:19.048-0800] {dagbag.py:588} INFO - Filling up the DagBag from /opt/anaconda3/envs/airflow_env/lib/python3.9/site-packages/airflow/example_dags/tutorial.py
[2025-01-01T16:30:19.059-0800] {processor.py:925} INFO - DAG(s) 'tutorial' retrieved from /opt/anaconda3/envs/airflow_env/lib/python3.9/site-packages/airflow/example_dags/tutorial.py
[2025-01-01T16:30:19.205-0800] {logging_mixin.py:190} INFO - [2025-01-01T16:30:19.205-0800] {dag.py:3239} INFO - Sync 1 DAGs
[2025-01-01T16:30:19.226-0800] {logging_mixin.py:190} INFO - [2025-01-01T16:30:19.226-0800] {dag.py:4180} INFO - Setting next_dagrun for tutorial to 2025-01-01 00:00:00+00:00, run_after=2025-01-02 00:00:00+00:00
[2025-01-01T16:30:19.247-0800] {processor.py:208} INFO - Processing /opt/anaconda3/envs/airflow_env/lib/python3.9/site-packages/airflow/example_dags/tutorial.py took 0.205 seconds
[2025-01-01T17:06:13.233-0800] {processor.py:186} INFO - Started process (PID=27662) to work on /opt/anaconda3/envs/airflow_env/lib/python3.9/site-packages/airflow/example_dags/tutorial.py
[2025-01-01T17:06:13.235-0800] {processor.py:914} INFO - Processing file /opt/anaconda3/envs/airflow_env/lib/python3.9/site-packages/airflow/example_dags/tutorial.py for tasks to queue
[2025-01-01T17:06:13.237-0800] {logging_mixin.py:190} INFO - [2025-01-01T17:06:13.236-0800] {dagbag.py:588} INFO - Filling up the DagBag from /opt/anaconda3/envs/airflow_env/lib/python3.9/site-packages/airflow/example_dags/tutorial.py
[2025-01-01T17:06:13.247-0800] {processor.py:925} INFO - DAG(s) 'tutorial' retrieved from /opt/anaconda3/envs/airflow_env/lib/python3.9/site-packages/airflow/example_dags/tutorial.py
[2025-01-01T17:06:13.447-0800] {logging_mixin.py:190} INFO - [2025-01-01T17:06:13.446-0800] {dag.py:3239} INFO - Sync 1 DAGs
[2025-01-01T17:06:13.535-0800] {logging_mixin.py:190} INFO - [2025-01-01T17:06:13.534-0800] {dag.py:4180} INFO - Setting next_dagrun for tutorial to 2025-01-01 00:00:00+00:00, run_after=2025-01-02 00:00:00+00:00
[2025-01-01T17:06:13.618-0800] {processor.py:208} INFO - Processing /opt/anaconda3/envs/airflow_env/lib/python3.9/site-packages/airflow/example_dags/tutorial.py took 0.388 seconds
[2025-01-01T17:10:48.124-0800] {processor.py:186} INFO - Started process (PID=27861) to work on /opt/anaconda3/envs/airflow_env/lib/python3.9/site-packages/airflow/example_dags/tutorial.py
[2025-01-01T17:10:48.126-0800] {processor.py:914} INFO - Processing file /opt/anaconda3/envs/airflow_env/lib/python3.9/site-packages/airflow/example_dags/tutorial.py for tasks to queue
[2025-01-01T17:10:48.128-0800] {logging_mixin.py:190} INFO - [2025-01-01T17:10:48.127-0800] {dagbag.py:588} INFO - Filling up the DagBag from /opt/anaconda3/envs/airflow_env/lib/python3.9/site-packages/airflow/example_dags/tutorial.py
[2025-01-01T17:10:48.157-0800] {processor.py:925} INFO - DAG(s) 'tutorial' retrieved from /opt/anaconda3/envs/airflow_env/lib/python3.9/site-packages/airflow/example_dags/tutorial.py
[2025-01-01T17:10:48.355-0800] {logging_mixin.py:190} INFO - [2025-01-01T17:10:48.355-0800] {dag.py:3239} INFO - Sync 1 DAGs
[2025-01-01T17:10:48.384-0800] {logging_mixin.py:190} INFO - [2025-01-01T17:10:48.384-0800] {dag.py:4180} INFO - Setting next_dagrun for tutorial to 2025-01-01 00:00:00+00:00, run_after=2025-01-02 00:00:00+00:00
[2025-01-01T17:10:48.406-0800] {processor.py:208} INFO - Processing /opt/anaconda3/envs/airflow_env/lib/python3.9/site-packages/airflow/example_dags/tutorial.py took 0.288 seconds
[2025-01-01T17:14:27.975-0800] {processor.py:186} INFO - Started process (PID=28019) to work on /opt/anaconda3/envs/airflow_env/lib/python3.9/site-packages/airflow/example_dags/tutorial.py
[2025-01-01T17:14:27.977-0800] {processor.py:914} INFO - Processing file /opt/anaconda3/envs/airflow_env/lib/python3.9/site-packages/airflow/example_dags/tutorial.py for tasks to queue
[2025-01-01T17:14:27.979-0800] {logging_mixin.py:190} INFO - [2025-01-01T17:14:27.978-0800] {dagbag.py:588} INFO - Filling up the DagBag from /opt/anaconda3/envs/airflow_env/lib/python3.9/site-packages/airflow/example_dags/tutorial.py
[2025-01-01T17:14:27.988-0800] {processor.py:925} INFO - DAG(s) 'tutorial' retrieved from /opt/anaconda3/envs/airflow_env/lib/python3.9/site-packages/airflow/example_dags/tutorial.py
[2025-01-01T17:14:28.131-0800] {logging_mixin.py:190} INFO - [2025-01-01T17:14:28.130-0800] {dag.py:3239} INFO - Sync 1 DAGs
[2025-01-01T17:14:28.176-0800] {logging_mixin.py:190} INFO - [2025-01-01T17:14:28.175-0800] {dag.py:4180} INFO - Setting next_dagrun for tutorial to 2025-01-01 00:00:00+00:00, run_after=2025-01-02 00:00:00+00:00
[2025-01-01T17:14:28.204-0800] {processor.py:208} INFO - Processing /opt/anaconda3/envs/airflow_env/lib/python3.9/site-packages/airflow/example_dags/tutorial.py took 0.233 seconds
[2025-01-01T17:18:07.619-0800] {processor.py:186} INFO - Started process (PID=28184) to work on /opt/anaconda3/envs/airflow_env/lib/python3.9/site-packages/airflow/example_dags/tutorial.py
[2025-01-01T17:18:07.622-0800] {processor.py:914} INFO - Processing file /opt/anaconda3/envs/airflow_env/lib/python3.9/site-packages/airflow/example_dags/tutorial.py for tasks to queue
[2025-01-01T17:18:07.624-0800] {logging_mixin.py:190} INFO - [2025-01-01T17:18:07.624-0800] {dagbag.py:588} INFO - Filling up the DagBag from /opt/anaconda3/envs/airflow_env/lib/python3.9/site-packages/airflow/example_dags/tutorial.py
[2025-01-01T17:18:07.634-0800] {processor.py:925} INFO - DAG(s) 'tutorial' retrieved from /opt/anaconda3/envs/airflow_env/lib/python3.9/site-packages/airflow/example_dags/tutorial.py
[2025-01-01T17:18:07.952-0800] {logging_mixin.py:190} INFO - [2025-01-01T17:18:07.951-0800] {dag.py:3239} INFO - Sync 1 DAGs
[2025-01-01T17:18:08.103-0800] {logging_mixin.py:190} INFO - [2025-01-01T17:18:08.102-0800] {dag.py:4180} INFO - Setting next_dagrun for tutorial to 2025-01-01 00:00:00+00:00, run_after=2025-01-02 00:00:00+00:00
[2025-01-01T17:18:08.134-0800] {processor.py:208} INFO - Processing /opt/anaconda3/envs/airflow_env/lib/python3.9/site-packages/airflow/example_dags/tutorial.py took 0.520 seconds
[2025-01-01T17:22:07.876-0800] {processor.py:186} INFO - Started process (PID=28372) to work on /opt/anaconda3/envs/airflow_env/lib/python3.9/site-packages/airflow/example_dags/tutorial.py
[2025-01-01T17:22:07.879-0800] {processor.py:914} INFO - Processing file /opt/anaconda3/envs/airflow_env/lib/python3.9/site-packages/airflow/example_dags/tutorial.py for tasks to queue
[2025-01-01T17:22:07.880-0800] {logging_mixin.py:190} INFO - [2025-01-01T17:22:07.880-0800] {dagbag.py:588} INFO - Filling up the DagBag from /opt/anaconda3/envs/airflow_env/lib/python3.9/site-packages/airflow/example_dags/tutorial.py
[2025-01-01T17:22:07.893-0800] {processor.py:925} INFO - DAG(s) 'tutorial' retrieved from /opt/anaconda3/envs/airflow_env/lib/python3.9/site-packages/airflow/example_dags/tutorial.py
[2025-01-01T17:22:08.057-0800] {logging_mixin.py:190} INFO - [2025-01-01T17:22:08.056-0800] {dag.py:3239} INFO - Sync 1 DAGs
[2025-01-01T17:22:08.096-0800] {logging_mixin.py:190} INFO - [2025-01-01T17:22:08.095-0800] {dag.py:4180} INFO - Setting next_dagrun for tutorial to 2025-01-01 00:00:00+00:00, run_after=2025-01-02 00:00:00+00:00
[2025-01-01T17:22:08.118-0800] {processor.py:208} INFO - Processing /opt/anaconda3/envs/airflow_env/lib/python3.9/site-packages/airflow/example_dags/tutorial.py took 0.247 seconds
[2025-01-01T17:25:31.822-0800] {processor.py:186} INFO - Started process (PID=28506) to work on /opt/anaconda3/envs/airflow_env/lib/python3.9/site-packages/airflow/example_dags/tutorial.py
[2025-01-01T17:25:31.825-0800] {processor.py:914} INFO - Processing file /opt/anaconda3/envs/airflow_env/lib/python3.9/site-packages/airflow/example_dags/tutorial.py for tasks to queue
[2025-01-01T17:25:31.826-0800] {logging_mixin.py:190} INFO - [2025-01-01T17:25:31.826-0800] {dagbag.py:588} INFO - Filling up the DagBag from /opt/anaconda3/envs/airflow_env/lib/python3.9/site-packages/airflow/example_dags/tutorial.py
[2025-01-01T17:25:31.835-0800] {processor.py:925} INFO - DAG(s) 'tutorial' retrieved from /opt/anaconda3/envs/airflow_env/lib/python3.9/site-packages/airflow/example_dags/tutorial.py
[2025-01-01T17:25:31.978-0800] {logging_mixin.py:190} INFO - [2025-01-01T17:25:31.977-0800] {dag.py:3239} INFO - Sync 1 DAGs
[2025-01-01T17:25:32.002-0800] {logging_mixin.py:190} INFO - [2025-01-01T17:25:32.002-0800] {dag.py:4180} INFO - Setting next_dagrun for tutorial to 2025-01-01 00:00:00+00:00, run_after=2025-01-02 00:00:00+00:00
[2025-01-01T17:25:32.027-0800] {processor.py:208} INFO - Processing /opt/anaconda3/envs/airflow_env/lib/python3.9/site-packages/airflow/example_dags/tutorial.py took 0.209 seconds
[2025-01-01T17:27:02.376-0800] {processor.py:186} INFO - Started process (PID=28566) to work on /opt/anaconda3/envs/airflow_env/lib/python3.9/site-packages/airflow/example_dags/tutorial.py
[2025-01-01T17:27:02.379-0800] {processor.py:914} INFO - Processing file /opt/anaconda3/envs/airflow_env/lib/python3.9/site-packages/airflow/example_dags/tutorial.py for tasks to queue
[2025-01-01T17:27:02.380-0800] {logging_mixin.py:190} INFO - [2025-01-01T17:27:02.380-0800] {dagbag.py:588} INFO - Filling up the DagBag from /opt/anaconda3/envs/airflow_env/lib/python3.9/site-packages/airflow/example_dags/tutorial.py
[2025-01-01T17:27:02.395-0800] {processor.py:925} INFO - DAG(s) 'tutorial' retrieved from /opt/anaconda3/envs/airflow_env/lib/python3.9/site-packages/airflow/example_dags/tutorial.py
[2025-01-01T17:27:02.576-0800] {logging_mixin.py:190} INFO - [2025-01-01T17:27:02.575-0800] {dag.py:3239} INFO - Sync 1 DAGs
[2025-01-01T17:27:02.608-0800] {logging_mixin.py:190} INFO - [2025-01-01T17:27:02.608-0800] {dag.py:4180} INFO - Setting next_dagrun for tutorial to 2025-01-01 00:00:00+00:00, run_after=2025-01-02 00:00:00+00:00
[2025-01-01T17:27:02.648-0800] {processor.py:208} INFO - Processing /opt/anaconda3/envs/airflow_env/lib/python3.9/site-packages/airflow/example_dags/tutorial.py took 0.276 seconds
[2025-01-01T17:30:58.080-0800] {processor.py:186} INFO - Started process (PID=28998) to work on /opt/anaconda3/envs/airflow_env/lib/python3.9/site-packages/airflow/example_dags/tutorial.py
[2025-01-01T17:30:58.083-0800] {processor.py:914} INFO - Processing file /opt/anaconda3/envs/airflow_env/lib/python3.9/site-packages/airflow/example_dags/tutorial.py for tasks to queue
[2025-01-01T17:30:58.084-0800] {logging_mixin.py:190} INFO - [2025-01-01T17:30:58.084-0800] {dagbag.py:588} INFO - Filling up the DagBag from /opt/anaconda3/envs/airflow_env/lib/python3.9/site-packages/airflow/example_dags/tutorial.py
[2025-01-01T17:30:58.095-0800] {processor.py:925} INFO - DAG(s) 'tutorial' retrieved from /opt/anaconda3/envs/airflow_env/lib/python3.9/site-packages/airflow/example_dags/tutorial.py
[2025-01-01T17:30:58.232-0800] {logging_mixin.py:190} INFO - [2025-01-01T17:30:58.232-0800] {dag.py:3239} INFO - Sync 1 DAGs
[2025-01-01T17:30:58.257-0800] {logging_mixin.py:190} INFO - [2025-01-01T17:30:58.256-0800] {dag.py:4180} INFO - Setting next_dagrun for tutorial to 2025-01-01 00:00:00+00:00, run_after=2025-01-02 00:00:00+00:00
[2025-01-01T17:30:58.281-0800] {processor.py:208} INFO - Processing /opt/anaconda3/envs/airflow_env/lib/python3.9/site-packages/airflow/example_dags/tutorial.py took 0.204 seconds
[2025-01-01T17:34:56.492-0800] {processor.py:186} INFO - Started process (PID=29223) to work on /opt/anaconda3/envs/airflow_env/lib/python3.9/site-packages/airflow/example_dags/tutorial.py
[2025-01-01T17:34:56.495-0800] {processor.py:914} INFO - Processing file /opt/anaconda3/envs/airflow_env/lib/python3.9/site-packages/airflow/example_dags/tutorial.py for tasks to queue
[2025-01-01T17:34:56.496-0800] {logging_mixin.py:190} INFO - [2025-01-01T17:34:56.496-0800] {dagbag.py:588} INFO - Filling up the DagBag from /opt/anaconda3/envs/airflow_env/lib/python3.9/site-packages/airflow/example_dags/tutorial.py
[2025-01-01T17:34:56.507-0800] {processor.py:925} INFO - DAG(s) 'tutorial' retrieved from /opt/anaconda3/envs/airflow_env/lib/python3.9/site-packages/airflow/example_dags/tutorial.py
[2025-01-01T17:34:56.648-0800] {logging_mixin.py:190} INFO - [2025-01-01T17:34:56.648-0800] {dag.py:3239} INFO - Sync 1 DAGs
[2025-01-01T17:34:56.673-0800] {logging_mixin.py:190} INFO - [2025-01-01T17:34:56.672-0800] {dag.py:4180} INFO - Setting next_dagrun for tutorial to 2025-01-01 00:00:00+00:00, run_after=2025-01-02 00:00:00+00:00
[2025-01-01T17:34:56.696-0800] {processor.py:208} INFO - Processing /opt/anaconda3/envs/airflow_env/lib/python3.9/site-packages/airflow/example_dags/tutorial.py took 0.208 seconds
[2025-01-01T17:38:31.163-0800] {processor.py:186} INFO - Started process (PID=29535) to work on /opt/anaconda3/envs/airflow_env/lib/python3.9/site-packages/airflow/example_dags/tutorial.py
[2025-01-01T17:38:31.165-0800] {processor.py:914} INFO - Processing file /opt/anaconda3/envs/airflow_env/lib/python3.9/site-packages/airflow/example_dags/tutorial.py for tasks to queue
[2025-01-01T17:38:31.167-0800] {logging_mixin.py:190} INFO - [2025-01-01T17:38:31.167-0800] {dagbag.py:588} INFO - Filling up the DagBag from /opt/anaconda3/envs/airflow_env/lib/python3.9/site-packages/airflow/example_dags/tutorial.py
[2025-01-01T17:38:31.193-0800] {processor.py:925} INFO - DAG(s) 'tutorial' retrieved from /opt/anaconda3/envs/airflow_env/lib/python3.9/site-packages/airflow/example_dags/tutorial.py
[2025-01-01T17:38:31.694-0800] {logging_mixin.py:190} INFO - [2025-01-01T17:38:31.693-0800] {dag.py:3239} INFO - Sync 1 DAGs
[2025-01-01T17:38:31.805-0800] {logging_mixin.py:190} INFO - [2025-01-01T17:38:31.805-0800] {dag.py:4180} INFO - Setting next_dagrun for tutorial to 2025-01-01 00:00:00+00:00, run_after=2025-01-02 00:00:00+00:00
[2025-01-01T17:38:31.867-0800] {processor.py:208} INFO - Processing /opt/anaconda3/envs/airflow_env/lib/python3.9/site-packages/airflow/example_dags/tutorial.py took 0.717 seconds
[2025-01-01T17:49:04.452-0800] {processor.py:186} INFO - Started process (PID=30328) to work on /opt/anaconda3/envs/airflow_env/lib/python3.9/site-packages/airflow/example_dags/tutorial.py
[2025-01-01T17:49:04.454-0800] {processor.py:914} INFO - Processing file /opt/anaconda3/envs/airflow_env/lib/python3.9/site-packages/airflow/example_dags/tutorial.py for tasks to queue
[2025-01-01T17:49:04.455-0800] {logging_mixin.py:190} INFO - [2025-01-01T17:49:04.455-0800] {dagbag.py:588} INFO - Filling up the DagBag from /opt/anaconda3/envs/airflow_env/lib/python3.9/site-packages/airflow/example_dags/tutorial.py
[2025-01-01T17:49:04.471-0800] {processor.py:925} INFO - DAG(s) 'tutorial' retrieved from /opt/anaconda3/envs/airflow_env/lib/python3.9/site-packages/airflow/example_dags/tutorial.py
[2025-01-01T17:49:04.611-0800] {logging_mixin.py:190} INFO - [2025-01-01T17:49:04.611-0800] {dag.py:3239} INFO - Sync 1 DAGs
[2025-01-01T17:49:04.635-0800] {logging_mixin.py:190} INFO - [2025-01-01T17:49:04.634-0800] {dag.py:4180} INFO - Setting next_dagrun for tutorial to 2025-01-01 00:00:00+00:00, run_after=2025-01-02 00:00:00+00:00
[2025-01-01T17:49:04.658-0800] {processor.py:208} INFO - Processing /opt/anaconda3/envs/airflow_env/lib/python3.9/site-packages/airflow/example_dags/tutorial.py took 0.211 seconds
[2025-01-01T18:03:46.309-0800] {processor.py:186} INFO - Started process (PID=31511) to work on /opt/anaconda3/envs/airflow_env/lib/python3.9/site-packages/airflow/example_dags/tutorial.py
[2025-01-01T18:03:46.314-0800] {processor.py:914} INFO - Processing file /opt/anaconda3/envs/airflow_env/lib/python3.9/site-packages/airflow/example_dags/tutorial.py for tasks to queue
[2025-01-01T18:03:46.315-0800] {logging_mixin.py:190} INFO - [2025-01-01T18:03:46.315-0800] {dagbag.py:588} INFO - Filling up the DagBag from /opt/anaconda3/envs/airflow_env/lib/python3.9/site-packages/airflow/example_dags/tutorial.py
[2025-01-01T18:03:46.325-0800] {processor.py:925} INFO - DAG(s) 'tutorial' retrieved from /opt/anaconda3/envs/airflow_env/lib/python3.9/site-packages/airflow/example_dags/tutorial.py
[2025-01-01T18:03:46.488-0800] {logging_mixin.py:190} INFO - [2025-01-01T18:03:46.488-0800] {dag.py:3239} INFO - Sync 1 DAGs
[2025-01-01T18:03:46.519-0800] {logging_mixin.py:190} INFO - [2025-01-01T18:03:46.518-0800] {dag.py:4180} INFO - Setting next_dagrun for tutorial to 2025-01-01 00:00:00+00:00, run_after=2025-01-02 00:00:00+00:00
[2025-01-01T18:03:46.545-0800] {processor.py:208} INFO - Processing /opt/anaconda3/envs/airflow_env/lib/python3.9/site-packages/airflow/example_dags/tutorial.py took 0.239 seconds
[2025-01-01T18:11:49.974-0800] {processor.py:186} INFO - Started process (PID=32342) to work on /opt/anaconda3/envs/airflow_env/lib/python3.9/site-packages/airflow/example_dags/tutorial.py
[2025-01-01T18:11:49.977-0800] {processor.py:914} INFO - Processing file /opt/anaconda3/envs/airflow_env/lib/python3.9/site-packages/airflow/example_dags/tutorial.py for tasks to queue
[2025-01-01T18:11:49.979-0800] {logging_mixin.py:190} INFO - [2025-01-01T18:11:49.979-0800] {dagbag.py:588} INFO - Filling up the DagBag from /opt/anaconda3/envs/airflow_env/lib/python3.9/site-packages/airflow/example_dags/tutorial.py
[2025-01-01T18:11:49.991-0800] {processor.py:925} INFO - DAG(s) 'tutorial' retrieved from /opt/anaconda3/envs/airflow_env/lib/python3.9/site-packages/airflow/example_dags/tutorial.py
[2025-01-01T18:11:50.203-0800] {logging_mixin.py:190} INFO - [2025-01-01T18:11:50.203-0800] {dag.py:3239} INFO - Sync 1 DAGs
[2025-01-01T18:11:50.251-0800] {logging_mixin.py:190} INFO - [2025-01-01T18:11:50.251-0800] {dag.py:4180} INFO - Setting next_dagrun for tutorial to 2025-01-01 00:00:00+00:00, run_after=2025-01-02 00:00:00+00:00
[2025-01-01T18:11:50.295-0800] {processor.py:208} INFO - Processing /opt/anaconda3/envs/airflow_env/lib/python3.9/site-packages/airflow/example_dags/tutorial.py took 0.325 seconds
[2025-01-01T18:16:09.381-0800] {processor.py:186} INFO - Started process (PID=32477) to work on /opt/anaconda3/envs/airflow_env/lib/python3.9/site-packages/airflow/example_dags/tutorial.py
[2025-01-01T18:16:09.383-0800] {processor.py:914} INFO - Processing file /opt/anaconda3/envs/airflow_env/lib/python3.9/site-packages/airflow/example_dags/tutorial.py for tasks to queue
[2025-01-01T18:16:09.385-0800] {logging_mixin.py:190} INFO - [2025-01-01T18:16:09.384-0800] {dagbag.py:588} INFO - Filling up the DagBag from /opt/anaconda3/envs/airflow_env/lib/python3.9/site-packages/airflow/example_dags/tutorial.py
[2025-01-01T18:16:09.395-0800] {processor.py:925} INFO - DAG(s) 'tutorial' retrieved from /opt/anaconda3/envs/airflow_env/lib/python3.9/site-packages/airflow/example_dags/tutorial.py
[2025-01-01T18:16:09.593-0800] {logging_mixin.py:190} INFO - [2025-01-01T18:16:09.593-0800] {dag.py:3239} INFO - Sync 1 DAGs
[2025-01-01T18:16:09.623-0800] {logging_mixin.py:190} INFO - [2025-01-01T18:16:09.623-0800] {dag.py:4180} INFO - Setting next_dagrun for tutorial to 2025-01-01 00:00:00+00:00, run_after=2025-01-02 00:00:00+00:00
[2025-01-01T18:16:09.655-0800] {processor.py:208} INFO - Processing /opt/anaconda3/envs/airflow_env/lib/python3.9/site-packages/airflow/example_dags/tutorial.py took 0.280 seconds
[2025-01-01T18:20:11.328-0800] {processor.py:186} INFO - Started process (PID=32644) to work on /opt/anaconda3/envs/airflow_env/lib/python3.9/site-packages/airflow/example_dags/tutorial.py
[2025-01-01T18:20:11.331-0800] {processor.py:914} INFO - Processing file /opt/anaconda3/envs/airflow_env/lib/python3.9/site-packages/airflow/example_dags/tutorial.py for tasks to queue
[2025-01-01T18:20:11.333-0800] {logging_mixin.py:190} INFO - [2025-01-01T18:20:11.333-0800] {dagbag.py:588} INFO - Filling up the DagBag from /opt/anaconda3/envs/airflow_env/lib/python3.9/site-packages/airflow/example_dags/tutorial.py
[2025-01-01T18:20:11.347-0800] {processor.py:925} INFO - DAG(s) 'tutorial' retrieved from /opt/anaconda3/envs/airflow_env/lib/python3.9/site-packages/airflow/example_dags/tutorial.py
[2025-01-01T18:20:11.523-0800] {logging_mixin.py:190} INFO - [2025-01-01T18:20:11.523-0800] {dag.py:3239} INFO - Sync 1 DAGs
[2025-01-01T18:20:11.547-0800] {logging_mixin.py:190} INFO - [2025-01-01T18:20:11.547-0800] {dag.py:4180} INFO - Setting next_dagrun for tutorial to 2025-01-01 00:00:00+00:00, run_after=2025-01-02 00:00:00+00:00
[2025-01-01T18:20:11.577-0800] {processor.py:208} INFO - Processing /opt/anaconda3/envs/airflow_env/lib/python3.9/site-packages/airflow/example_dags/tutorial.py took 0.253 seconds
[2025-01-01T18:23:52.772-0800] {processor.py:186} INFO - Started process (PID=32847) to work on /opt/anaconda3/envs/airflow_env/lib/python3.9/site-packages/airflow/example_dags/tutorial.py
[2025-01-01T18:23:52.774-0800] {processor.py:914} INFO - Processing file /opt/anaconda3/envs/airflow_env/lib/python3.9/site-packages/airflow/example_dags/tutorial.py for tasks to queue
[2025-01-01T18:23:52.777-0800] {logging_mixin.py:190} INFO - [2025-01-01T18:23:52.777-0800] {dagbag.py:588} INFO - Filling up the DagBag from /opt/anaconda3/envs/airflow_env/lib/python3.9/site-packages/airflow/example_dags/tutorial.py
[2025-01-01T18:23:52.794-0800] {processor.py:925} INFO - DAG(s) 'tutorial' retrieved from /opt/anaconda3/envs/airflow_env/lib/python3.9/site-packages/airflow/example_dags/tutorial.py
[2025-01-01T18:23:53.009-0800] {logging_mixin.py:190} INFO - [2025-01-01T18:23:53.008-0800] {dag.py:3239} INFO - Sync 1 DAGs
[2025-01-01T18:23:53.036-0800] {logging_mixin.py:190} INFO - [2025-01-01T18:23:53.036-0800] {dag.py:4180} INFO - Setting next_dagrun for tutorial to 2025-01-01 00:00:00+00:00, run_after=2025-01-02 00:00:00+00:00
[2025-01-01T18:23:53.073-0800] {processor.py:208} INFO - Processing /opt/anaconda3/envs/airflow_env/lib/python3.9/site-packages/airflow/example_dags/tutorial.py took 0.308 seconds
[2025-01-01T18:27:26.031-0800] {processor.py:186} INFO - Started process (PID=33061) to work on /opt/anaconda3/envs/airflow_env/lib/python3.9/site-packages/airflow/example_dags/tutorial.py
[2025-01-01T18:27:26.034-0800] {processor.py:914} INFO - Processing file /opt/anaconda3/envs/airflow_env/lib/python3.9/site-packages/airflow/example_dags/tutorial.py for tasks to queue
[2025-01-01T18:27:26.035-0800] {logging_mixin.py:190} INFO - [2025-01-01T18:27:26.035-0800] {dagbag.py:588} INFO - Filling up the DagBag from /opt/anaconda3/envs/airflow_env/lib/python3.9/site-packages/airflow/example_dags/tutorial.py
[2025-01-01T18:27:26.046-0800] {processor.py:925} INFO - DAG(s) 'tutorial' retrieved from /opt/anaconda3/envs/airflow_env/lib/python3.9/site-packages/airflow/example_dags/tutorial.py
[2025-01-01T18:27:26.191-0800] {logging_mixin.py:190} INFO - [2025-01-01T18:27:26.191-0800] {dag.py:3239} INFO - Sync 1 DAGs
[2025-01-01T18:27:26.214-0800] {logging_mixin.py:190} INFO - [2025-01-01T18:27:26.214-0800] {dag.py:4180} INFO - Setting next_dagrun for tutorial to 2025-01-01 00:00:00+00:00, run_after=2025-01-02 00:00:00+00:00
[2025-01-01T18:27:26.238-0800] {processor.py:208} INFO - Processing /opt/anaconda3/envs/airflow_env/lib/python3.9/site-packages/airflow/example_dags/tutorial.py took 0.211 seconds
[2025-01-01T18:31:10.324-0800] {processor.py:186} INFO - Started process (PID=33337) to work on /opt/anaconda3/envs/airflow_env/lib/python3.9/site-packages/airflow/example_dags/tutorial.py
[2025-01-01T18:31:10.326-0800] {processor.py:914} INFO - Processing file /opt/anaconda3/envs/airflow_env/lib/python3.9/site-packages/airflow/example_dags/tutorial.py for tasks to queue
[2025-01-01T18:31:10.328-0800] {logging_mixin.py:190} INFO - [2025-01-01T18:31:10.327-0800] {dagbag.py:588} INFO - Filling up the DagBag from /opt/anaconda3/envs/airflow_env/lib/python3.9/site-packages/airflow/example_dags/tutorial.py
[2025-01-01T18:31:10.336-0800] {processor.py:925} INFO - DAG(s) 'tutorial' retrieved from /opt/anaconda3/envs/airflow_env/lib/python3.9/site-packages/airflow/example_dags/tutorial.py
[2025-01-01T18:31:10.481-0800] {logging_mixin.py:190} INFO - [2025-01-01T18:31:10.480-0800] {dag.py:3239} INFO - Sync 1 DAGs
[2025-01-01T18:31:10.505-0800] {logging_mixin.py:190} INFO - [2025-01-01T18:31:10.504-0800] {dag.py:4180} INFO - Setting next_dagrun for tutorial to 2025-01-01 00:00:00+00:00, run_after=2025-01-02 00:00:00+00:00
[2025-01-01T18:31:10.528-0800] {processor.py:208} INFO - Processing /opt/anaconda3/envs/airflow_env/lib/python3.9/site-packages/airflow/example_dags/tutorial.py took 0.208 seconds
[2025-01-01T18:34:47.833-0800] {processor.py:186} INFO - Started process (PID=33500) to work on /opt/anaconda3/envs/airflow_env/lib/python3.9/site-packages/airflow/example_dags/tutorial.py
[2025-01-01T18:34:47.836-0800] {processor.py:914} INFO - Processing file /opt/anaconda3/envs/airflow_env/lib/python3.9/site-packages/airflow/example_dags/tutorial.py for tasks to queue
[2025-01-01T18:34:47.839-0800] {logging_mixin.py:190} INFO - [2025-01-01T18:34:47.839-0800] {dagbag.py:588} INFO - Filling up the DagBag from /opt/anaconda3/envs/airflow_env/lib/python3.9/site-packages/airflow/example_dags/tutorial.py
[2025-01-01T18:34:47.863-0800] {processor.py:925} INFO - DAG(s) 'tutorial' retrieved from /opt/anaconda3/envs/airflow_env/lib/python3.9/site-packages/airflow/example_dags/tutorial.py
[2025-01-01T18:34:48.126-0800] {logging_mixin.py:190} INFO - [2025-01-01T18:34:48.126-0800] {dag.py:3239} INFO - Sync 1 DAGs
[2025-01-01T18:34:48.150-0800] {logging_mixin.py:190} INFO - [2025-01-01T18:34:48.149-0800] {dag.py:4180} INFO - Setting next_dagrun for tutorial to 2025-01-01 00:00:00+00:00, run_after=2025-01-02 00:00:00+00:00
[2025-01-01T18:34:48.177-0800] {processor.py:208} INFO - Processing /opt/anaconda3/envs/airflow_env/lib/python3.9/site-packages/airflow/example_dags/tutorial.py took 0.351 seconds
[2025-01-01T18:36:43.732-0800] {processor.py:186} INFO - Started process (PID=33612) to work on /opt/anaconda3/envs/airflow_env/lib/python3.9/site-packages/airflow/example_dags/tutorial.py
[2025-01-01T18:36:43.735-0800] {processor.py:914} INFO - Processing file /opt/anaconda3/envs/airflow_env/lib/python3.9/site-packages/airflow/example_dags/tutorial.py for tasks to queue
[2025-01-01T18:36:43.736-0800] {logging_mixin.py:190} INFO - [2025-01-01T18:36:43.736-0800] {dagbag.py:588} INFO - Filling up the DagBag from /opt/anaconda3/envs/airflow_env/lib/python3.9/site-packages/airflow/example_dags/tutorial.py
[2025-01-01T18:36:43.745-0800] {processor.py:925} INFO - DAG(s) 'tutorial' retrieved from /opt/anaconda3/envs/airflow_env/lib/python3.9/site-packages/airflow/example_dags/tutorial.py
[2025-01-01T18:36:43.882-0800] {logging_mixin.py:190} INFO - [2025-01-01T18:36:43.881-0800] {dag.py:3239} INFO - Sync 1 DAGs
[2025-01-01T18:36:43.908-0800] {logging_mixin.py:190} INFO - [2025-01-01T18:36:43.908-0800] {dag.py:4180} INFO - Setting next_dagrun for tutorial to 2025-01-01 00:00:00+00:00, run_after=2025-01-02 00:00:00+00:00
[2025-01-01T18:36:43.936-0800] {processor.py:208} INFO - Processing /opt/anaconda3/envs/airflow_env/lib/python3.9/site-packages/airflow/example_dags/tutorial.py took 0.208 seconds
[2025-01-01T18:54:31.516-0800] {processor.py:186} INFO - Started process (PID=35079) to work on /opt/anaconda3/envs/airflow_env/lib/python3.9/site-packages/airflow/example_dags/tutorial.py
[2025-01-01T18:54:31.519-0800] {processor.py:914} INFO - Processing file /opt/anaconda3/envs/airflow_env/lib/python3.9/site-packages/airflow/example_dags/tutorial.py for tasks to queue
[2025-01-01T18:54:31.520-0800] {logging_mixin.py:190} INFO - [2025-01-01T18:54:31.520-0800] {dagbag.py:588} INFO - Filling up the DagBag from /opt/anaconda3/envs/airflow_env/lib/python3.9/site-packages/airflow/example_dags/tutorial.py
[2025-01-01T18:54:31.529-0800] {processor.py:925} INFO - DAG(s) 'tutorial' retrieved from /opt/anaconda3/envs/airflow_env/lib/python3.9/site-packages/airflow/example_dags/tutorial.py
[2025-01-01T18:54:31.652-0800] {logging_mixin.py:190} INFO - [2025-01-01T18:54:31.651-0800] {dag.py:3239} INFO - Sync 1 DAGs
[2025-01-01T18:54:31.674-0800] {logging_mixin.py:190} INFO - [2025-01-01T18:54:31.673-0800] {dag.py:4180} INFO - Setting next_dagrun for tutorial to 2025-01-01 00:00:00+00:00, run_after=2025-01-02 00:00:00+00:00
[2025-01-01T18:54:31.697-0800] {processor.py:208} INFO - Processing /opt/anaconda3/envs/airflow_env/lib/python3.9/site-packages/airflow/example_dags/tutorial.py took 0.184 seconds
