[2025-01-04T11:23:40.445-0800] {local_task_job_runner.py:123} INFO - ::group::Pre task execution logs
[2025-01-04T11:23:40.460-0800] {taskinstance.py:2613} INFO - Dependencies all met for dep_context=non-requeueable deps ti=<TaskInstance: CovidE2EPipeDag.clean_up_sql_exe manual__2025-01-04T19:04:51.137437+00:00 [queued]>
[2025-01-04T11:23:40.470-0800] {taskinstance.py:2613} INFO - Dependencies all met for dep_context=requeueable deps ti=<TaskInstance: CovidE2EPipeDag.clean_up_sql_exe manual__2025-01-04T19:04:51.137437+00:00 [queued]>
[2025-01-04T11:23:40.470-0800] {taskinstance.py:2866} INFO - Starting attempt 1 of 2
[2025-01-04T11:23:40.488-0800] {taskinstance.py:2889} INFO - Executing <Task(BashOperator): clean_up_sql_exe> on 2025-01-04 19:04:51.137437+00:00
[2025-01-04T11:23:40.493-0800] {standard_task_runner.py:72} INFO - Started process 77936 to run task
[2025-01-04T11:23:40.503-0800] {standard_task_runner.py:104} INFO - Running: ['airflow', 'tasks', 'run', 'CovidE2EPipeDag', 'clean_up_sql_exe', 'manual__2025-01-04T19:04:51.137437+00:00', '--job-id', '886', '--raw', '--subdir', 'DAGS_FOLDER/CovidE2EPipeDag.py', '--cfg-path', '/var/folders/vm/rn9v1g1j739_mq8j5pfl1yxm0000gn/T/tmp9bc2ssl7']
[2025-01-04T11:23:40.507-0800] {standard_task_runner.py:105} INFO - Job 886: Subtask clean_up_sql_exe
[2025-01-04T11:23:40.562-0800] {task_command.py:467} INFO - Running <TaskInstance: CovidE2EPipeDag.clean_up_sql_exe manual__2025-01-04T19:04:51.137437+00:00 [running]> on host Matthews-MacBook-Air.local
[2025-01-04T11:23:40.649-0800] {taskinstance.py:3132} INFO - Exporting env vars: AIRFLOW_CTX_DAG_OWNER='Matthew Horn' AIRFLOW_CTX_DAG_ID='CovidE2EPipeDag' AIRFLOW_CTX_TASK_ID='clean_up_sql_exe' AIRFLOW_CTX_EXECUTION_DATE='2025-01-04T19:04:51.137437+00:00' AIRFLOW_CTX_TRY_NUMBER='1' AIRFLOW_CTX_DAG_RUN_ID='manual__2025-01-04T19:04:51.137437+00:00'
[2025-01-04T11:23:40.650-0800] {taskinstance.py:731} INFO - ::endgroup::
[2025-01-04T11:23:40.694-0800] {subprocess.py:78} INFO - Tmp dir root location: /var/folders/vm/rn9v1g1j739_mq8j5pfl1yxm0000gn/T
[2025-01-04T11:23:40.695-0800] {subprocess.py:88} INFO - Running command: ['/bin/bash', '-c', 'snow stage remove @raw_data_stage/load_staged_data_2025-01-04.sql;                   rm /Users/matthewmac/airflow/helper_scripts/load_staged_data_2025-01-04.sql']
[2025-01-04T11:23:40.702-0800] {subprocess.py:99} INFO - Output:
[2025-01-04T11:23:49.263-0800] {local_task_job_runner.py:245} INFO - ::endgroup::
[2025-01-04T11:23:49.300-0800] {process_utils.py:132} INFO - Sending 15 to group 77936. PIDs of all processes in the group: [77937, 77938, 77936]
[2025-01-04T11:23:49.301-0800] {process_utils.py:87} INFO - Sending the signal 15 to group 77936
[2025-01-04T11:23:49.303-0800] {taskinstance.py:3093} ERROR - Received SIGTERM. Terminating subprocesses.
[2025-01-04T11:23:49.311-0800] {subprocess.py:117} INFO - Sending SIGTERM signal to process group
[2025-01-04T11:23:49.356-0800] {taskinstance.py:3311} ERROR - Task failed with exception
Traceback (most recent call last):
  File "/opt/anaconda3/envs/airflow_env/lib/python3.9/site-packages/airflow/models/taskinstance.py", line 767, in _execute_task
    result = _execute_callable(context=context, **execute_callable_kwargs)
  File "/opt/anaconda3/envs/airflow_env/lib/python3.9/site-packages/airflow/models/taskinstance.py", line 733, in _execute_callable
    return ExecutionCallableRunner(
  File "/opt/anaconda3/envs/airflow_env/lib/python3.9/site-packages/airflow/utils/operator_helpers.py", line 252, in run
    return self.func(*args, **kwargs)
  File "/opt/anaconda3/envs/airflow_env/lib/python3.9/site-packages/airflow/models/baseoperator.py", line 422, in wrapper
    return func(self, *args, **kwargs)
  File "/opt/anaconda3/envs/airflow_env/lib/python3.9/site-packages/airflow/operators/bash.py", line 257, in execute
    result = self._run_inline_command(bash_path=bash_path, env=env)
  File "/opt/anaconda3/envs/airflow_env/lib/python3.9/site-packages/airflow/operators/bash.py", line 284, in _run_inline_command
    return self.subprocess_hook.run_command(
  File "/opt/anaconda3/envs/airflow_env/lib/python3.9/site-packages/airflow/hooks/subprocess.py", line 104, in run_command
    for raw_line in iter(self.sub_process.stdout.readline, b""):
  File "/opt/anaconda3/envs/airflow_env/lib/python3.9/site-packages/airflow/models/taskinstance.py", line 3095, in signal_handler
    raise AirflowTaskTerminated("Task received SIGTERM signal")
airflow.exceptions.AirflowTaskTerminated: Task received SIGTERM signal
[2025-01-04T11:23:49.425-0800] {process_utils.py:80} INFO - Process psutil.Process(pid=77938, status='terminated', started='11:23:40') (77938) terminated with exit code None
[2025-01-04T11:23:49.620-0800] {taskinstance.py:1225} INFO - Marking task as UP_FOR_RETRY. dag_id=CovidE2EPipeDag, task_id=clean_up_sql_exe, run_id=manual__2025-01-04T19:04:51.137437+00:00, execution_date=20250104T190451, start_date=20250104T192340, end_date=20250104T192349
[2025-01-04T11:23:49.772-0800] {taskinstance.py:340} INFO - ::group::Post task execution logs
[2025-01-04T11:23:49.856-0800] {process_utils.py:80} INFO - Process psutil.Process(pid=77937, status='terminated', started='11:23:40') (77937) terminated with exit code None
[2025-01-04T11:23:49.857-0800] {process_utils.py:80} INFO - Process psutil.Process(pid=77936, status='terminated', exitcode=2, started='11:23:40') (77936) terminated with exit code 2
