[2025-01-04T11:59:04.004-0800] {local_task_job_runner.py:123} INFO - ::group::Pre task execution logs
[2025-01-04T11:59:04.033-0800] {taskinstance.py:2613} INFO - Dependencies all met for dep_context=non-requeueable deps ti=<TaskInstance: CovidE2EPipeDag.stage_raw_data manual__2025-01-04T19:44:52.036086+00:00 [queued]>
[2025-01-04T11:59:04.056-0800] {taskinstance.py:2613} INFO - Dependencies all met for dep_context=requeueable deps ti=<TaskInstance: CovidE2EPipeDag.stage_raw_data manual__2025-01-04T19:44:52.036086+00:00 [queued]>
[2025-01-04T11:59:04.057-0800] {taskinstance.py:2866} INFO - Starting attempt 1 of 2
[2025-01-04T11:59:04.094-0800] {taskinstance.py:2889} INFO - Executing <Task(BashOperator): stage_raw_data> on 2025-01-04 19:44:52.036086+00:00
[2025-01-04T11:59:04.102-0800] {standard_task_runner.py:72} INFO - Started process 82649 to run task
[2025-01-04T11:59:04.112-0800] {standard_task_runner.py:104} INFO - Running: ['airflow', 'tasks', 'run', 'CovidE2EPipeDag', 'stage_raw_data', 'manual__2025-01-04T19:44:52.036086+00:00', '--job-id', '996', '--raw', '--subdir', 'DAGS_FOLDER/CovidE2EPipeDag.py', '--cfg-path', '/var/folders/vm/rn9v1g1j739_mq8j5pfl1yxm0000gn/T/tmp65rg5od7']
[2025-01-04T11:59:04.117-0800] {standard_task_runner.py:105} INFO - Job 996: Subtask stage_raw_data
[2025-01-04T11:59:04.199-0800] {task_command.py:467} INFO - Running <TaskInstance: CovidE2EPipeDag.stage_raw_data manual__2025-01-04T19:44:52.036086+00:00 [running]> on host Matthews-MacBook-Air.local
[2025-01-04T11:59:04.375-0800] {taskinstance.py:3132} INFO - Exporting env vars: AIRFLOW_CTX_DAG_OWNER='Matthew Horn' AIRFLOW_CTX_DAG_ID='CovidE2EPipeDag' AIRFLOW_CTX_TASK_ID='stage_raw_data' AIRFLOW_CTX_EXECUTION_DATE='2025-01-04T19:44:52.036086+00:00' AIRFLOW_CTX_TRY_NUMBER='1' AIRFLOW_CTX_DAG_RUN_ID='manual__2025-01-04T19:44:52.036086+00:00'
[2025-01-04T11:59:04.377-0800] {taskinstance.py:731} INFO - ::endgroup::
[2025-01-04T11:59:04.625-0800] {subprocess.py:78} INFO - Tmp dir root location: /var/folders/vm/rn9v1g1j739_mq8j5pfl1yxm0000gn/T
[2025-01-04T11:59:04.628-0800] {subprocess.py:88} INFO - Running command: ['/bin/bash', '-c', 'snow stage copy /Users/matthewmac/airflow/data/raw/industrial_production_2025-01-04.csv @CovidE2EPipeDatabase.raw_data.raw_data_stage']
[2025-01-04T11:59:04.649-0800] {subprocess.py:99} INFO - Output:
[2025-01-04T11:59:13.747-0800] {subprocess.py:106} INFO - +-------------------------------------------------+
[2025-01-04T11:59:13.750-0800] {subprocess.py:106} INFO - |     |     |     |     | sou |      |     |      |
[2025-01-04T11:59:13.751-0800] {subprocess.py:106} INFO - |     |     |     |     | rce | targ |     |      |
[2025-01-04T11:59:13.752-0800] {subprocess.py:106} INFO - |     |     | sou | tar | _co | et_c |     |      |
[2025-01-04T11:59:13.753-0800] {subprocess.py:106} INFO - |     |     | rce | get | mpr | ompr |     |      |
[2025-01-04T11:59:13.754-0800] {subprocess.py:106} INFO - | sou | tar | _si | _si | ess | essi | sta | mess |
[2025-01-04T11:59:13.755-0800] {subprocess.py:106} INFO - | rce | get | ze  | ze  | ion | on   | tus | age  |
[2025-01-04T11:59:13.756-0800] {subprocess.py:106} INFO - |-----+-----+-----+-----+-----+------+-----+------|
[2025-01-04T11:59:13.757-0800] {subprocess.py:106} INFO - | ind | ind | 571 | 0   | NON | NONE | SKI |      |
[2025-01-04T11:59:13.757-0800] {subprocess.py:106} INFO - | ust | ust | 16  |     | E   |      | PPE |      |
[2025-01-04T11:59:13.758-0800] {subprocess.py:106} INFO - | ria | ria |     |     |     |      | D   |      |
[2025-01-04T11:59:13.758-0800] {subprocess.py:106} INFO - | l_p | l_p |     |     |     |      |     |      |
[2025-01-04T11:59:13.759-0800] {subprocess.py:106} INFO - | rod | rod |     |     |     |      |     |      |
[2025-01-04T11:59:13.759-0800] {subprocess.py:106} INFO - | uct | uct |     |     |     |      |     |      |
[2025-01-04T11:59:13.760-0800] {subprocess.py:106} INFO - | ion | ion |     |     |     |      |     |      |
[2025-01-04T11:59:13.760-0800] {subprocess.py:106} INFO - | _20 | _20 |     |     |     |      |     |      |
[2025-01-04T11:59:13.761-0800] {subprocess.py:106} INFO - | 25- | 25- |     |     |     |      |     |      |
[2025-01-04T11:59:13.762-0800] {subprocess.py:106} INFO - | 01- | 01- |     |     |     |      |     |      |
[2025-01-04T11:59:13.762-0800] {subprocess.py:106} INFO - | 04. | 04. |     |     |     |      |     |      |
[2025-01-04T11:59:13.763-0800] {subprocess.py:106} INFO - | csv | csv |     |     |     |      |     |      |
[2025-01-04T11:59:13.765-0800] {subprocess.py:106} INFO - +-------------------------------------------------+
[2025-01-04T11:59:14.185-0800] {subprocess.py:110} INFO - Command exited with return code 0
[2025-01-04T11:59:14.213-0800] {taskinstance.py:340} INFO - ::group::Post task execution logs
[2025-01-04T11:59:14.215-0800] {taskinstance.py:352} INFO - Marking task as SUCCESS. dag_id=CovidE2EPipeDag, task_id=stage_raw_data, run_id=manual__2025-01-04T19:44:52.036086+00:00, execution_date=20250104T194452, start_date=20250104T195904, end_date=20250104T195914
[2025-01-04T11:59:14.241-0800] {local_task_job_runner.py:266} INFO - Task exited with return code 0
[2025-01-04T11:59:14.264-0800] {taskinstance.py:3895} INFO - 0 downstream tasks scheduled from follow-on schedule check
[2025-01-04T11:59:14.265-0800] {local_task_job_runner.py:245} INFO - ::endgroup::
