[2025-01-08T17:41:41.445-0800] {local_task_job_runner.py:123} INFO - ::group::Pre task execution logs
[2025-01-08T17:41:41.458-0800] {taskinstance.py:2613} INFO - Dependencies all met for dep_context=non-requeueable deps ti=<TaskInstance: CovidE2EPipeDag.create_load_sql_file scheduled__2025-01-07T12:00:00+00:00 [queued]>
[2025-01-08T17:41:41.466-0800] {taskinstance.py:2613} INFO - Dependencies all met for dep_context=requeueable deps ti=<TaskInstance: CovidE2EPipeDag.create_load_sql_file scheduled__2025-01-07T12:00:00+00:00 [queued]>
[2025-01-08T17:41:41.466-0800] {taskinstance.py:2866} INFO - Starting attempt 2 of 2
[2025-01-08T17:41:41.486-0800] {taskinstance.py:2889} INFO - Executing <Task(BashOperator): create_load_sql_file> on 2025-01-07 12:00:00+00:00
[2025-01-08T17:41:41.490-0800] {standard_task_runner.py:72} INFO - Started process 2256 to run task
[2025-01-08T17:41:41.500-0800] {standard_task_runner.py:104} INFO - Running: ['airflow', 'tasks', 'run', 'CovidE2EPipeDag', 'create_load_sql_file', 'scheduled__2025-01-07T12:00:00+00:00', '--job-id', '1589', '--raw', '--subdir', 'DAGS_FOLDER/CovidE2EPipeDag.py', '--cfg-path', '/var/folders/vm/rn9v1g1j739_mq8j5pfl1yxm0000gn/T/tmpj1q7z5zk']
[2025-01-08T17:41:41.502-0800] {standard_task_runner.py:105} INFO - Job 1589: Subtask create_load_sql_file
[2025-01-08T17:41:41.617-0800] {task_command.py:467} INFO - Running <TaskInstance: CovidE2EPipeDag.create_load_sql_file scheduled__2025-01-07T12:00:00+00:00 [running]> on host Matthews-MacBook-Air.local
[2025-01-08T17:41:41.743-0800] {taskinstance.py:3132} INFO - Exporting env vars: AIRFLOW_CTX_DAG_OWNER='Matthew Horn' AIRFLOW_CTX_DAG_ID='CovidE2EPipeDag' AIRFLOW_CTX_TASK_ID='create_load_sql_file' AIRFLOW_CTX_EXECUTION_DATE='2025-01-07T12:00:00+00:00' AIRFLOW_CTX_TRY_NUMBER='2' AIRFLOW_CTX_DAG_RUN_ID='scheduled__2025-01-07T12:00:00+00:00'
[2025-01-08T17:41:41.745-0800] {taskinstance.py:731} INFO - ::endgroup::
[2025-01-08T17:41:41.795-0800] {subprocess.py:78} INFO - Tmp dir root location: /var/folders/vm/rn9v1g1j739_mq8j5pfl1yxm0000gn/T
[2025-01-08T17:41:41.796-0800] {subprocess.py:88} INFO - Running command: ['/bin/bash', '-c', 'echo "COPY INTO CovidE2EPipeDatabase.raw_data.industrial_production\n    FROM @CovidE2EPipeDatabase.raw_data.raw_data_stage/industrial_production_2025-01-08.csv\n    FILE_FORMAT = ( TYPE=\'CSV\' )\n    ON_ERROR = \'CONTINUE\';\n\n    COPY INTO CovidE2EPipeDatabase.raw_data.stocks_eod\n    FROM @CovidE2EPipeDatabase.raw_data.raw_data_stage/stocks_eod_2025-01-08.csv\n    FILE_FORMAT = ( TYPE=\'CSV\' )\n    ON_ERROR = \'CONTINUE\';\n\n    COPY INTO CovidE2EPipeDatabase.raw_data.currency_exchanges\n    FROM @CovidE2EPipeDatabase.raw_data.raw_data_stage/currency_exchanges_2025-01-08.csv\n    FILE_FORMAT = ( TYPE=\'CSV\' )\n    ON_ERROR = \'CONTINUE\';\n\n    COPY INTO CovidE2EPipeDatabase.raw_data.gdp\n    FROM @CovidE2EPipeDatabase.raw_data.raw_data_stage/gdp_2025-01-08.csv\n    FILE_FORMAT = ( TYPE=\'CSV\' )\n    ON_ERROR = \'CONTINUE\';\n\n    COPY INTO CovidE2EPipeDatabase.raw_data.us_cpi\n    FROM @CovidE2EPipeDatabase.raw_data.raw_data_stage/us_cpi_2025-01-08.csv\n    FILE_FORMAT = ( TYPE=\'CSV\' )\n    ON_ERROR = \'CONTINUE\';\n\n    COPY INTO CovidE2EPipeDatabase.raw_data.unemployment_rate\n    FROM @CovidE2EPipeDatabase.raw_data.raw_data_stage/unemployment_rate_2025-01-08.csv\n    FILE_FORMAT = ( TYPE=\'CSV\' )\n    ON_ERROR = \'CONTINUE\';\n\n    COPY INTO CovidE2EPipeDatabase.raw_data.thirty_yr_mortgage\n    FROM @CovidE2EPipeDatabase.raw_data.raw_data_stage/thirty_yr_mortage_2025-01-08.csv\n    FILE_FORMAT = ( TYPE=\'CSV\' )\n    ON_ERROR = \'CONTINUE\';\n\n    COPY INTO CovidE2EPipeDatabase.raw_data.trade_balance\n    FROM @CovidE2EPipeDatabase.raw_data.raw_data_stage/trade_balance_2025-01-08.csv\n    FILE_FORMAT = ( TYPE=\'CSV\' )\n    ON_ERROR = \'CONTINUE\';\n    " > /Users/matthewmac/airflow/helper_scripts/load_staged_data_2025-01-08.sql']
[2025-01-08T17:41:41.809-0800] {subprocess.py:99} INFO - Output:
[2025-01-08T17:41:41.818-0800] {subprocess.py:110} INFO - Command exited with return code 0
[2025-01-08T17:41:41.847-0800] {taskinstance.py:340} INFO - ::group::Post task execution logs
[2025-01-08T17:41:41.849-0800] {taskinstance.py:352} INFO - Marking task as SUCCESS. dag_id=CovidE2EPipeDag, task_id=create_load_sql_file, run_id=scheduled__2025-01-07T12:00:00+00:00, execution_date=20250107T120000, start_date=20250109T014141, end_date=20250109T014141
[2025-01-08T17:41:41.889-0800] {local_task_job_runner.py:266} INFO - Task exited with return code 0
[2025-01-08T17:41:41.925-0800] {taskinstance.py:3895} INFO - 0 downstream tasks scheduled from follow-on schedule check
[2025-01-08T17:41:41.932-0800] {local_task_job_runner.py:245} INFO - ::endgroup::
