[2025-01-04T11:12:26.022-0800] {local_task_job_runner.py:123} INFO - ::group::Pre task execution logs
[2025-01-04T11:12:26.044-0800] {taskinstance.py:2613} INFO - Dependencies all met for dep_context=non-requeueable deps ti=<TaskInstance: CovidE2EPipeDag.create_load_sql_file manual__2025-01-04T18:59:13.585984+00:00 [queued]>
[2025-01-04T11:12:26.061-0800] {taskinstance.py:2613} INFO - Dependencies all met for dep_context=requeueable deps ti=<TaskInstance: CovidE2EPipeDag.create_load_sql_file manual__2025-01-04T18:59:13.585984+00:00 [queued]>
[2025-01-04T11:12:26.062-0800] {taskinstance.py:2866} INFO - Starting attempt 3 of 2
[2025-01-04T11:12:26.097-0800] {taskinstance.py:2889} INFO - Executing <Task(BashOperator): create_load_sql_file> on 2025-01-04 18:59:13.585984+00:00
[2025-01-04T11:12:26.103-0800] {standard_task_runner.py:72} INFO - Started process 76514 to run task
[2025-01-04T11:12:26.115-0800] {standard_task_runner.py:104} INFO - Running: ['airflow', 'tasks', 'run', 'CovidE2EPipeDag', 'create_load_sql_file', 'manual__2025-01-04T18:59:13.585984+00:00', '--job-id', '847', '--raw', '--subdir', 'DAGS_FOLDER/CovidE2EPipeDag.py', '--cfg-path', '/var/folders/vm/rn9v1g1j739_mq8j5pfl1yxm0000gn/T/tmp3vduuyno']
[2025-01-04T11:12:26.118-0800] {standard_task_runner.py:105} INFO - Job 847: Subtask create_load_sql_file
[2025-01-04T11:12:26.217-0800] {task_command.py:467} INFO - Running <TaskInstance: CovidE2EPipeDag.create_load_sql_file manual__2025-01-04T18:59:13.585984+00:00 [running]> on host Matthews-MacBook-Air.local
[2025-01-04T11:12:26.339-0800] {taskinstance.py:3132} INFO - Exporting env vars: AIRFLOW_CTX_DAG_OWNER='Matthew Horn' AIRFLOW_CTX_DAG_ID='CovidE2EPipeDag' AIRFLOW_CTX_TASK_ID='create_load_sql_file' AIRFLOW_CTX_EXECUTION_DATE='2025-01-04T18:59:13.585984+00:00' AIRFLOW_CTX_TRY_NUMBER='3' AIRFLOW_CTX_DAG_RUN_ID='manual__2025-01-04T18:59:13.585984+00:00'
[2025-01-04T11:12:26.341-0800] {taskinstance.py:731} INFO - ::endgroup::
[2025-01-04T11:12:26.413-0800] {subprocess.py:78} INFO - Tmp dir root location: /var/folders/vm/rn9v1g1j739_mq8j5pfl1yxm0000gn/T
[2025-01-04T11:12:26.415-0800] {subprocess.py:88} INFO - Running command: ['/bin/bash', '-c', 'echo "COPY INTO CovidE2EPipeDatabase.raw_data.industrial_production\n    FROM @raw_data_stage\n    FILES = (\'~/airflow/data/raw/industrial_production_{ ds }.csv\')\n    FILE_FORMAT = ( TYPE=\'CSV\' )\n    ON_ERROR = \'CONTINUE\';\n    " > /Users/matthewmac/airflow/helper_scripts/load_staged_data_2025-01-04.sql']
[2025-01-04T11:12:26.435-0800] {subprocess.py:99} INFO - Output:
[2025-01-04T11:12:26.444-0800] {subprocess.py:110} INFO - Command exited with return code 0
[2025-01-04T11:12:26.478-0800] {taskinstance.py:340} INFO - ::group::Post task execution logs
[2025-01-04T11:12:26.480-0800] {taskinstance.py:352} INFO - Marking task as SUCCESS. dag_id=CovidE2EPipeDag, task_id=create_load_sql_file, run_id=manual__2025-01-04T18:59:13.585984+00:00, execution_date=20250104T185913, start_date=20250104T191226, end_date=20250104T191226
[2025-01-04T11:12:26.519-0800] {local_task_job_runner.py:266} INFO - Task exited with return code 0
[2025-01-04T11:12:26.577-0800] {taskinstance.py:3895} INFO - 0 downstream tasks scheduled from follow-on schedule check
[2025-01-04T11:12:26.578-0800] {local_task_job_runner.py:245} INFO - ::endgroup::
