[2025-01-03T20:23:47.212-0800] {local_task_job_runner.py:123} INFO - ::group::Pre task execution logs
[2025-01-03T20:23:47.234-0800] {taskinstance.py:2613} INFO - Dependencies all met for dep_context=non-requeueable deps ti=<TaskInstance: CovidE2EPipeDag.archive_raw_data scheduled__2025-01-01T00:11:00+00:00 [queued]>
[2025-01-03T20:23:47.247-0800] {taskinstance.py:2613} INFO - Dependencies all met for dep_context=requeueable deps ti=<TaskInstance: CovidE2EPipeDag.archive_raw_data scheduled__2025-01-01T00:11:00+00:00 [queued]>
[2025-01-03T20:23:47.247-0800] {taskinstance.py:2866} INFO - Starting attempt 1 of 2
[2025-01-03T20:23:47.263-0800] {taskinstance.py:2889} INFO - Executing <Task(BashOperator): archive_raw_data> on 2025-01-01 00:11:00+00:00
[2025-01-03T20:23:47.269-0800] {standard_task_runner.py:72} INFO - Started process 67176 to run task
[2025-01-03T20:23:47.281-0800] {standard_task_runner.py:104} INFO - Running: ['airflow', 'tasks', 'run', 'CovidE2EPipeDag', 'archive_raw_data', 'scheduled__2025-01-01T00:11:00+00:00', '--job-id', '367', '--raw', '--subdir', 'DAGS_FOLDER/CovidE2EPipeDag.py', '--cfg-path', '/var/folders/vm/rn9v1g1j739_mq8j5pfl1yxm0000gn/T/tmp9i0r5frg']
[2025-01-03T20:23:47.285-0800] {standard_task_runner.py:105} INFO - Job 367: Subtask archive_raw_data
[2025-01-03T20:23:47.369-0800] {task_command.py:467} INFO - Running <TaskInstance: CovidE2EPipeDag.archive_raw_data scheduled__2025-01-01T00:11:00+00:00 [running]> on host Matthews-MacBook-Air.local
[2025-01-03T20:23:47.466-0800] {taskinstance.py:3132} INFO - Exporting env vars: AIRFLOW_CTX_DAG_OWNER='Matthew Horn' AIRFLOW_CTX_DAG_ID='CovidE2EPipeDag' AIRFLOW_CTX_TASK_ID='archive_raw_data' AIRFLOW_CTX_EXECUTION_DATE='2025-01-01T00:11:00+00:00' AIRFLOW_CTX_TRY_NUMBER='1' AIRFLOW_CTX_DAG_RUN_ID='scheduled__2025-01-01T00:11:00+00:00'
[2025-01-03T20:23:47.469-0800] {logging_mixin.py:190} INFO - Task instance is in running state
[2025-01-03T20:23:47.471-0800] {logging_mixin.py:190} INFO -  Previous state of the Task instance: queued
[2025-01-03T20:23:47.472-0800] {logging_mixin.py:190} INFO - Current task name:archive_raw_data state:running start_date:2025-01-04 04:23:47.234526+00:00
[2025-01-03T20:23:47.474-0800] {logging_mixin.py:190} INFO - Dag name:CovidE2EPipeDag and current dag run status:running
[2025-01-03T20:23:47.477-0800] {taskinstance.py:731} INFO - ::endgroup::
[2025-01-03T20:23:47.480-0800] {subprocess.py:78} INFO - Tmp dir root location: /var/folders/vm/rn9v1g1j739_mq8j5pfl1yxm0000gn/T
[2025-01-03T20:23:47.481-0800] {subprocess.py:88} INFO - Running command: ['/bin/bash', '-c', 'cd ~/airflow/data/raw && zip raw_data_2025-01-03.zip *.csv                     && mv raw_data_2025-01-03.zip archived/']
[2025-01-03T20:23:47.495-0800] {subprocess.py:99} INFO - Output:
[2025-01-03T20:23:47.519-0800] {subprocess.py:106} INFO -   adding: 30yr_mortage_2025-01-02.csv (deflated 82%)
[2025-01-03T20:23:47.521-0800] {subprocess.py:106} INFO -   adding: GDP_2025-01-02.csv (deflated 77%)
[2025-01-03T20:23:47.525-0800] {subprocess.py:106} INFO -   adding: US_CPI_2025-01-02.csv (deflated 81%)
[2025-01-03T20:23:47.528-0800] {subprocess.py:106} INFO -   adding: exchanges_2025-01-02.csv (deflated 41%)
[2025-01-03T20:23:47.532-0800] {subprocess.py:106} INFO -   adding: industrial_production_2025-01-02.csv (deflated 80%)
[2025-01-03T20:23:47.535-0800] {subprocess.py:106} INFO -   adding: industrial_production_2025-01-03.csv (deflated 80%)
[2025-01-03T20:23:47.538-0800] {subprocess.py:106} INFO -   adding: stocks_eod_2025-01-02.csv (deflated 72%)
[2025-01-03T20:23:47.539-0800] {subprocess.py:106} INFO -   adding: trade_balance_2025-01-02.csv (deflated 79%)
[2025-01-03T20:23:47.546-0800] {subprocess.py:106} INFO -   adding: unemployment_rate_2025-01-02.csv (deflated 84%)
[2025-01-03T20:23:47.563-0800] {subprocess.py:110} INFO - Command exited with return code 0
[2025-01-03T20:23:47.601-0800] {taskinstance.py:340} INFO - ::group::Post task execution logs
[2025-01-03T20:23:47.607-0800] {taskinstance.py:352} INFO - Marking task as SUCCESS. dag_id=CovidE2EPipeDag, task_id=archive_raw_data, run_id=scheduled__2025-01-01T00:11:00+00:00, execution_date=20250101T001100, start_date=20250104T042347, end_date=20250104T042347
[2025-01-03T20:23:47.621-0800] {logging_mixin.py:190} INFO - Task instance in success state
[2025-01-03T20:23:47.622-0800] {logging_mixin.py:190} INFO -  Previous state of the Task instance: running
[2025-01-03T20:23:47.624-0800] {logging_mixin.py:190} INFO - Dag name:CovidE2EPipeDag queued_at:2025-01-04 04:20:51.700973+00:00
[2025-01-03T20:23:47.626-0800] {logging_mixin.py:190} INFO - Task hostname:Matthews-MacBook-Air.local operator:BashOperator
[2025-01-03T20:23:47.643-0800] {local_task_job_runner.py:266} INFO - Task exited with return code 0
[2025-01-03T20:23:47.684-0800] {taskinstance.py:3895} INFO - 0 downstream tasks scheduled from follow-on schedule check
[2025-01-03T20:23:47.685-0800] {local_task_job_runner.py:245} INFO - ::endgroup::
