[2025-01-08T18:54:41.397-0800] {local_task_job_runner.py:123} INFO - ::group::Pre task execution logs
[2025-01-08T18:54:41.426-0800] {taskinstance.py:2613} INFO - Dependencies all met for dep_context=non-requeueable deps ti=<TaskInstance: CovidE2EPipeDag.fetch_raw manual__2025-01-09T02:48:25.832944+00:00 [queued]>
[2025-01-08T18:54:41.438-0800] {taskinstance.py:2613} INFO - Dependencies all met for dep_context=requeueable deps ti=<TaskInstance: CovidE2EPipeDag.fetch_raw manual__2025-01-09T02:48:25.832944+00:00 [queued]>
[2025-01-08T18:54:41.439-0800] {taskinstance.py:2866} INFO - Starting attempt 2 of 2
[2025-01-08T18:54:41.460-0800] {taskinstance.py:2889} INFO - Executing <Task(PythonOperator): fetch_raw> on 2025-01-09 02:48:25.832944+00:00
[2025-01-08T18:54:41.463-0800] {standard_task_runner.py:72} INFO - Started process 7218 to run task
[2025-01-08T18:54:41.477-0800] {standard_task_runner.py:104} INFO - Running: ['airflow', 'tasks', 'run', 'CovidE2EPipeDag', 'fetch_raw', 'manual__2025-01-09T02:48:25.832944+00:00', '--job-id', '1638', '--raw', '--subdir', 'DAGS_FOLDER/CovidE2EPipeDag.py', '--cfg-path', '/var/folders/vm/rn9v1g1j739_mq8j5pfl1yxm0000gn/T/tmpy0qxcvmm']
[2025-01-08T18:54:41.484-0800] {standard_task_runner.py:105} INFO - Job 1638: Subtask fetch_raw
[2025-01-08T18:54:41.544-0800] {task_command.py:467} INFO - Running <TaskInstance: CovidE2EPipeDag.fetch_raw manual__2025-01-09T02:48:25.832944+00:00 [running]> on host Matthews-MacBook-Air.local
[2025-01-08T18:54:41.645-0800] {taskinstance.py:3132} INFO - Exporting env vars: AIRFLOW_CTX_DAG_OWNER='Matthew Horn' AIRFLOW_CTX_DAG_ID='CovidE2EPipeDag' AIRFLOW_CTX_TASK_ID='fetch_raw' AIRFLOW_CTX_EXECUTION_DATE='2025-01-09T02:48:25.832944+00:00' AIRFLOW_CTX_TRY_NUMBER='2' AIRFLOW_CTX_DAG_RUN_ID='manual__2025-01-09T02:48:25.832944+00:00'
[2025-01-08T18:54:41.646-0800] {taskinstance.py:731} INFO - ::endgroup::
[2025-01-08T18:54:42.056-0800] {logging_mixin.py:190} INFO - 30yr_mortage data was saved to /Users/matthewmac/airflow/data/raw/30yr_mortage_2025-01-08.csv
[2025-01-08T18:54:42.083-0800] {logging_mixin.py:190} INFO -   realtime_start realtime_end   curr_date value
0     2025-01-02   2025-01-02  1971-04-02  7.33
1     2025-01-02   2025-01-02  1971-04-09  7.31
2     2025-01-02   2025-01-02  1971-04-16  7.31
3     2025-01-02   2025-01-02  1971-04-23  7.31
4     2025-01-02   2025-01-02  1971-04-30  7.29
[2025-01-08T18:54:42.336-0800] {logging_mixin.py:190} INFO - unemployment_rate data was saved to /Users/matthewmac/airflow/data/raw/unemployment_rate_2025-01-08.csv
[2025-01-08T18:54:42.352-0800] {logging_mixin.py:190} INFO -   realtime_start realtime_end   curr_date value
0     2024-12-12   2024-12-12  1948-01-01   3.4
1     2024-12-12   2024-12-12  1948-02-01   3.8
2     2024-12-12   2024-12-12  1948-03-01   4.0
3     2024-12-12   2024-12-12  1948-04-01   3.9
4     2024-12-12   2024-12-12  1948-05-01   3.5
[2025-01-08T18:54:42.770-0800] {logging_mixin.py:190} INFO - GDP data was saved to /Users/matthewmac/airflow/data/raw/GDP_2025-01-08.csv
[2025-01-08T18:54:42.789-0800] {logging_mixin.py:190} INFO -   realtime_start realtime_end   curr_date    value
0     2024-12-19   2024-12-19  1946-01-01        .
1     2024-12-19   2024-12-19  1946-04-01        .
2     2024-12-19   2024-12-19  1946-07-01        .
3     2024-12-19   2024-12-19  1946-10-01        .
4     2024-12-19   2024-12-19  1947-01-01  243.164
[2025-01-08T18:54:43.098-0800] {logging_mixin.py:190} INFO - US_CPI data was saved to /Users/matthewmac/airflow/data/raw/US_CPI_2025-01-08.csv
[2025-01-08T18:54:43.140-0800] {logging_mixin.py:190} INFO -   realtime_start realtime_end   curr_date  value
0     2024-12-12   2024-12-12  1947-01-01  21.48
1     2024-12-12   2024-12-12  1947-02-01  21.62
2     2024-12-12   2024-12-12  1947-03-01   22.0
3     2024-12-12   2024-12-12  1947-04-01   22.0
4     2024-12-12   2024-12-12  1947-05-01  21.95
[2025-01-08T18:54:43.375-0800] {logging_mixin.py:190} INFO - trade_balance data was saved to /Users/matthewmac/airflow/data/raw/trade_balance_2025-01-08.csv
[2025-01-08T18:54:43.392-0800] {logging_mixin.py:190} INFO -   realtime_start realtime_end   curr_date   value
0     2024-12-24   2024-12-24  1946-01-01       .
1     2024-12-24   2024-12-24  1946-04-01       .
2     2024-12-24   2024-12-24  1946-07-01       .
3     2024-12-24   2024-12-24  1946-10-01       .
4     2024-12-24   2024-12-24  1947-01-01  10.875
[2025-01-08T18:54:43.807-0800] {logging_mixin.py:190} INFO - industrial_production data was saved to /Users/matthewmac/airflow/data/raw/industrial_production_2025-01-08.csv
[2025-01-08T18:54:43.834-0800] {logging_mixin.py:190} INFO -   realtime_start realtime_end   curr_date   value
0     2024-12-17   2024-12-17  1919-01-01  4.8654
1     2024-12-17   2024-12-17  1919-02-01  4.6504
2     2024-12-17   2024-12-17  1919-03-01   4.516
3     2024-12-17   2024-12-17  1919-04-01  4.5966
4     2024-12-17   2024-12-17  1919-05-01  4.6235
[2025-01-08T18:54:43.836-0800] {python.py:240} INFO - Done. Returned value was: None
[2025-01-08T18:54:43.850-0800] {taskinstance.py:340} INFO - ::group::Post task execution logs
[2025-01-08T18:54:43.854-0800] {taskinstance.py:352} INFO - Marking task as SUCCESS. dag_id=CovidE2EPipeDag, task_id=fetch_raw, run_id=manual__2025-01-09T02:48:25.832944+00:00, execution_date=20250109T024825, start_date=20250109T025441, end_date=20250109T025443
[2025-01-08T18:54:43.924-0800] {local_task_job_runner.py:266} INFO - Task exited with return code 0
[2025-01-08T18:54:43.962-0800] {taskinstance.py:3895} INFO - 0 downstream tasks scheduled from follow-on schedule check
[2025-01-08T18:54:43.962-0800] {local_task_job_runner.py:245} INFO - ::endgroup::
