[2025-01-09T10:48:33.832-0800] {local_task_job_runner.py:123} INFO - ::group::Pre task execution logs
[2025-01-09T10:48:33.844-0800] {taskinstance.py:2613} INFO - Dependencies all met for dep_context=non-requeueable deps ti=<TaskInstance: CovidE2EPipeDag.append_daily_raw_data manual__2025-01-09T18:42:58.802385+00:00 [queued]>
[2025-01-09T10:48:33.857-0800] {taskinstance.py:2613} INFO - Dependencies all met for dep_context=requeueable deps ti=<TaskInstance: CovidE2EPipeDag.append_daily_raw_data manual__2025-01-09T18:42:58.802385+00:00 [queued]>
[2025-01-09T10:48:33.857-0800] {taskinstance.py:2866} INFO - Starting attempt 1 of 2
[2025-01-09T10:48:33.871-0800] {taskinstance.py:2889} INFO - Executing <Task(BashOperator): append_daily_raw_data> on 2025-01-09 18:42:58.802385+00:00
[2025-01-09T10:48:33.874-0800] {standard_task_runner.py:72} INFO - Started process 16368 to run task
[2025-01-09T10:48:33.885-0800] {standard_task_runner.py:104} INFO - Running: ['airflow', 'tasks', 'run', 'CovidE2EPipeDag', 'append_daily_raw_data', 'manual__2025-01-09T18:42:58.802385+00:00', '--job-id', '1742', '--raw', '--subdir', 'DAGS_FOLDER/CovidE2EPipeDag.py', '--cfg-path', '/var/folders/vm/rn9v1g1j739_mq8j5pfl1yxm0000gn/T/tmp4lilussk']
[2025-01-09T10:48:33.888-0800] {standard_task_runner.py:105} INFO - Job 1742: Subtask append_daily_raw_data
[2025-01-09T10:48:33.944-0800] {task_command.py:467} INFO - Running <TaskInstance: CovidE2EPipeDag.append_daily_raw_data manual__2025-01-09T18:42:58.802385+00:00 [running]> on host Matthews-MacBook-Air.local
[2025-01-09T10:48:34.027-0800] {taskinstance.py:3132} INFO - Exporting env vars: AIRFLOW_CTX_DAG_OWNER='Matthew Horn' AIRFLOW_CTX_DAG_ID='CovidE2EPipeDag' AIRFLOW_CTX_TASK_ID='append_daily_raw_data' AIRFLOW_CTX_EXECUTION_DATE='2025-01-09T18:42:58.802385+00:00' AIRFLOW_CTX_TRY_NUMBER='1' AIRFLOW_CTX_DAG_RUN_ID='manual__2025-01-09T18:42:58.802385+00:00'
[2025-01-09T10:48:34.029-0800] {taskinstance.py:731} INFO - ::endgroup::
[2025-01-09T10:48:34.048-0800] {subprocess.py:78} INFO - Tmp dir root location: /var/folders/vm/rn9v1g1j739_mq8j5pfl1yxm0000gn/T
[2025-01-09T10:48:34.050-0800] {subprocess.py:88} INFO - Running command: ['/bin/bash', '-c', 'snow stage execute @CovidE2EPipeDatabase.raw_data.raw_data_stage/append_raw_data.sql']
[2025-01-09T10:48:34.057-0800] {subprocess.py:99} INFO - Output:
[2025-01-09T10:48:42.756-0800] {subprocess.py:106} INFO - SUCCESS - @CovidE2EPipeDatabase.raw_data.raw_data_stage/append_raw_data.sql
[2025-01-09T10:48:42.763-0800] {subprocess.py:106} INFO - +------------------+
[2025-01-09T10:48:42.764-0800] {subprocess.py:106} INFO - | Fil | Sta | Erro |
[2025-01-09T10:48:42.766-0800] {subprocess.py:106} INFO - | e   | tus | r    |
[2025-01-09T10:48:42.768-0800] {subprocess.py:106} INFO - |-----+-----+------|
[2025-01-09T10:48:42.768-0800] {subprocess.py:106} INFO - | @Co | SUC | None |
[2025-01-09T10:48:42.769-0800] {subprocess.py:106} INFO - | vid | CES |      |
[2025-01-09T10:48:42.771-0800] {subprocess.py:106} INFO - | E2E | S   |      |
[2025-01-09T10:48:42.772-0800] {subprocess.py:106} INFO - | Pip |     |      |
[2025-01-09T10:48:42.773-0800] {subprocess.py:106} INFO - | eDa |     |      |
[2025-01-09T10:48:42.775-0800] {subprocess.py:106} INFO - | tab |     |      |
[2025-01-09T10:48:42.776-0800] {subprocess.py:106} INFO - | ase |     |      |
[2025-01-09T10:48:42.777-0800] {subprocess.py:106} INFO - | .ra |     |      |
[2025-01-09T10:48:42.777-0800] {subprocess.py:106} INFO - | w_d |     |      |
[2025-01-09T10:48:42.778-0800] {subprocess.py:106} INFO - | ata |     |      |
[2025-01-09T10:48:42.778-0800] {subprocess.py:106} INFO - | .ra |     |      |
[2025-01-09T10:48:42.779-0800] {subprocess.py:106} INFO - | w_d |     |      |
[2025-01-09T10:48:42.779-0800] {subprocess.py:106} INFO - | ata |     |      |
[2025-01-09T10:48:42.780-0800] {subprocess.py:106} INFO - | _st |     |      |
[2025-01-09T10:48:42.781-0800] {subprocess.py:106} INFO - | age |     |      |
[2025-01-09T10:48:42.781-0800] {subprocess.py:106} INFO - | /ap |     |      |
[2025-01-09T10:48:42.782-0800] {subprocess.py:106} INFO - | pen |     |      |
[2025-01-09T10:48:42.782-0800] {subprocess.py:106} INFO - | d_r |     |      |
[2025-01-09T10:48:42.783-0800] {subprocess.py:106} INFO - | aw_ |     |      |
[2025-01-09T10:48:42.783-0800] {subprocess.py:106} INFO - | dat |     |      |
[2025-01-09T10:48:42.784-0800] {subprocess.py:106} INFO - | a.s |     |      |
[2025-01-09T10:48:42.784-0800] {subprocess.py:106} INFO - | ql  |     |      |
[2025-01-09T10:48:42.785-0800] {subprocess.py:106} INFO - +------------------+
[2025-01-09T10:48:43.165-0800] {subprocess.py:110} INFO - Command exited with return code 0
[2025-01-09T10:48:43.188-0800] {taskinstance.py:340} INFO - ::group::Post task execution logs
[2025-01-09T10:48:43.189-0800] {taskinstance.py:352} INFO - Marking task as SUCCESS. dag_id=CovidE2EPipeDag, task_id=append_daily_raw_data, run_id=manual__2025-01-09T18:42:58.802385+00:00, execution_date=20250109T184258, start_date=20250109T184833, end_date=20250109T184843
[2025-01-09T10:48:43.236-0800] {local_task_job_runner.py:266} INFO - Task exited with return code 0
[2025-01-09T10:48:43.267-0800] {taskinstance.py:3895} INFO - 0 downstream tasks scheduled from follow-on schedule check
[2025-01-09T10:48:43.269-0800] {local_task_job_runner.py:245} INFO - ::endgroup::
