[2025-01-08T15:41:13.650-0800] {local_task_job_runner.py:123} INFO - ::group::Pre task execution logs
[2025-01-08T15:41:13.675-0800] {taskinstance.py:2613} INFO - Dependencies all met for dep_context=non-requeueable deps ti=<TaskInstance: CovidE2EPipeDag.clean_up_sql_exe manual__2025-01-08T23:30:30.286826+00:00 [queued]>
[2025-01-08T15:41:13.694-0800] {taskinstance.py:2613} INFO - Dependencies all met for dep_context=requeueable deps ti=<TaskInstance: CovidE2EPipeDag.clean_up_sql_exe manual__2025-01-08T23:30:30.286826+00:00 [queued]>
[2025-01-08T15:41:13.695-0800] {taskinstance.py:2866} INFO - Starting attempt 1 of 2
[2025-01-08T15:41:13.715-0800] {taskinstance.py:2889} INFO - Executing <Task(BashOperator): clean_up_sql_exe> on 2025-01-08 23:30:30.286826+00:00
[2025-01-08T15:41:13.721-0800] {standard_task_runner.py:72} INFO - Started process 16473 to run task
[2025-01-08T15:41:13.730-0800] {standard_task_runner.py:104} INFO - Running: ['airflow', 'tasks', 'run', 'CovidE2EPipeDag', 'clean_up_sql_exe', 'manual__2025-01-08T23:30:30.286826+00:00', '--job-id', '1506', '--raw', '--subdir', 'DAGS_FOLDER/CovidE2EPipeDag.py', '--cfg-path', '/var/folders/vm/rn9v1g1j739_mq8j5pfl1yxm0000gn/T/tmpet8dzf4b']
[2025-01-08T15:41:13.736-0800] {standard_task_runner.py:105} INFO - Job 1506: Subtask clean_up_sql_exe
[2025-01-08T15:41:13.832-0800] {task_command.py:467} INFO - Running <TaskInstance: CovidE2EPipeDag.clean_up_sql_exe manual__2025-01-08T23:30:30.286826+00:00 [running]> on host Matthews-MacBook-Air.local
[2025-01-08T15:41:13.952-0800] {taskinstance.py:3132} INFO - Exporting env vars: AIRFLOW_CTX_DAG_OWNER='Matthew Horn' AIRFLOW_CTX_DAG_ID='CovidE2EPipeDag' AIRFLOW_CTX_TASK_ID='clean_up_sql_exe' AIRFLOW_CTX_EXECUTION_DATE='2025-01-08T23:30:30.286826+00:00' AIRFLOW_CTX_TRY_NUMBER='1' AIRFLOW_CTX_DAG_RUN_ID='manual__2025-01-08T23:30:30.286826+00:00'
[2025-01-08T15:41:13.953-0800] {taskinstance.py:731} INFO - ::endgroup::
[2025-01-08T15:41:13.975-0800] {subprocess.py:78} INFO - Tmp dir root location: /var/folders/vm/rn9v1g1j739_mq8j5pfl1yxm0000gn/T
[2025-01-08T15:41:13.977-0800] {subprocess.py:88} INFO - Running command: ['/bin/bash', '-c', 'snow stage remove @CovidE2EPipeDatabase.raw_data.raw_data_stage/load_staged_data_2025-01-08.sql;                   rm /Users/matthewmac/airflow/helper_scripts/load_staged_data_2025-01-08.sql']
[2025-01-08T15:41:13.987-0800] {subprocess.py:99} INFO - Output:
[2025-01-08T15:41:31.707-0800] {subprocess.py:106} INFO - ╭─ Error ─────────────────────────────────────╮
[2025-01-08T15:41:31.715-0800] {subprocess.py:106} INFO - │ Specified name                              │
[2025-01-08T15:41:31.716-0800] {subprocess.py:106} INFO - │ '@CovidE2EPipeDatabase.raw_data.raw_data_st │
[2025-01-08T15:41:31.718-0800] {subprocess.py:106} INFO - │ age/load_staged_data_2025-01-08.sql' is not │
[2025-01-08T15:41:31.721-0800] {subprocess.py:106} INFO - │ valid name.                                 │
[2025-01-08T15:41:31.723-0800] {subprocess.py:106} INFO - ╰─────────────────────────────────────────────╯
[2025-01-08T15:41:32.095-0800] {subprocess.py:110} INFO - Command exited with return code 0
[2025-01-08T15:41:32.139-0800] {taskinstance.py:340} INFO - ::group::Post task execution logs
[2025-01-08T15:41:32.145-0800] {taskinstance.py:352} INFO - Marking task as SUCCESS. dag_id=CovidE2EPipeDag, task_id=clean_up_sql_exe, run_id=manual__2025-01-08T23:30:30.286826+00:00, execution_date=20250108T233030, start_date=20250108T234113, end_date=20250108T234132
[2025-01-08T15:41:32.196-0800] {local_task_job_runner.py:266} INFO - Task exited with return code 0
[2025-01-08T15:41:32.266-0800] {taskinstance.py:3895} INFO - 0 downstream tasks scheduled from follow-on schedule check
[2025-01-08T15:41:32.272-0800] {local_task_job_runner.py:245} INFO - ::endgroup::
