[2025-01-04T11:03:10.069-0800] {local_task_job_runner.py:123} INFO - ::group::Pre task execution logs
[2025-01-04T11:03:10.104-0800] {taskinstance.py:2613} INFO - Dependencies all met for dep_context=non-requeueable deps ti=<TaskInstance: CovidE2EPipeDag.fetch_raw scheduled__2025-01-01T00:57:00+00:00 [queued]>
[2025-01-04T11:03:10.226-0800] {taskinstance.py:2613} INFO - Dependencies all met for dep_context=requeueable deps ti=<TaskInstance: CovidE2EPipeDag.fetch_raw scheduled__2025-01-01T00:57:00+00:00 [queued]>
[2025-01-04T11:03:10.227-0800] {taskinstance.py:2866} INFO - Starting attempt 1 of 2
[2025-01-04T11:03:10.252-0800] {taskinstance.py:2889} INFO - Executing <Task(PythonOperator): fetch_raw> on 2025-01-01 00:57:00+00:00
[2025-01-04T11:03:10.256-0800] {standard_task_runner.py:72} INFO - Started process 75428 to run task
[2025-01-04T11:03:10.277-0800] {standard_task_runner.py:104} INFO - Running: ['airflow', 'tasks', 'run', 'CovidE2EPipeDag', 'fetch_raw', 'scheduled__2025-01-01T00:57:00+00:00', '--job-id', '818', '--raw', '--subdir', 'DAGS_FOLDER/CovidE2EPipeDag.py', '--cfg-path', '/var/folders/vm/rn9v1g1j739_mq8j5pfl1yxm0000gn/T/tmpaudsqd49']
[2025-01-04T11:03:10.281-0800] {standard_task_runner.py:105} INFO - Job 818: Subtask fetch_raw
[2025-01-04T11:03:10.357-0800] {task_command.py:467} INFO - Running <TaskInstance: CovidE2EPipeDag.fetch_raw scheduled__2025-01-01T00:57:00+00:00 [running]> on host Matthews-MacBook-Air.local
[2025-01-04T11:03:10.433-0800] {taskinstance.py:3132} INFO - Exporting env vars: AIRFLOW_CTX_DAG_OWNER='Matthew Horn' AIRFLOW_CTX_DAG_ID='CovidE2EPipeDag' AIRFLOW_CTX_TASK_ID='fetch_raw' AIRFLOW_CTX_EXECUTION_DATE='2025-01-01T00:57:00+00:00' AIRFLOW_CTX_TRY_NUMBER='1' AIRFLOW_CTX_DAG_RUN_ID='scheduled__2025-01-01T00:57:00+00:00'
[2025-01-04T11:03:10.435-0800] {logging_mixin.py:190} INFO - Task instance is in running state
[2025-01-04T11:03:10.436-0800] {logging_mixin.py:190} INFO -  Previous state of the Task instance: queued
[2025-01-04T11:03:10.437-0800] {logging_mixin.py:190} INFO - Current task name:fetch_raw state:running start_date:2025-01-04 19:03:10.127981+00:00
[2025-01-04T11:03:10.437-0800] {logging_mixin.py:190} INFO - Dag name:CovidE2EPipeDag and current dag run status:running
[2025-01-04T11:03:10.438-0800] {taskinstance.py:731} INFO - ::endgroup::
[2025-01-04T11:03:10.731-0800] {logging_mixin.py:190} INFO - industrial_production data was saved to /Users/matthewmac/airflow/data/raw/industrial_production_2025-01-04.csv
[2025-01-04T11:03:10.773-0800] {logging_mixin.py:190} INFO -   realtime_start realtime_end        date   value
0     2024-12-17   2024-12-17  1919-01-01  4.8654
1     2024-12-17   2024-12-17  1919-02-01  4.6504
2     2024-12-17   2024-12-17  1919-03-01   4.516
3     2024-12-17   2024-12-17  1919-04-01  4.5966
4     2024-12-17   2024-12-17  1919-05-01  4.6235
[2025-01-04T11:03:10.774-0800] {python.py:240} INFO - Done. Returned value was: None
[2025-01-04T11:03:10.782-0800] {taskinstance.py:340} INFO - ::group::Post task execution logs
[2025-01-04T11:03:10.783-0800] {taskinstance.py:352} INFO - Marking task as SUCCESS. dag_id=CovidE2EPipeDag, task_id=fetch_raw, run_id=scheduled__2025-01-01T00:57:00+00:00, execution_date=20250101T005700, start_date=20250104T190310, end_date=20250104T190310
[2025-01-04T11:03:10.795-0800] {logging_mixin.py:190} INFO - Task instance in success state
[2025-01-04T11:03:10.796-0800] {logging_mixin.py:190} INFO -  Previous state of the Task instance: running
[2025-01-04T11:03:10.797-0800] {logging_mixin.py:190} INFO - Dag name:CovidE2EPipeDag queued_at:2025-01-04 19:02:58.922402+00:00
[2025-01-04T11:03:10.797-0800] {logging_mixin.py:190} INFO - Task hostname:Matthews-MacBook-Air.local operator:PythonOperator
[2025-01-04T11:03:10.815-0800] {local_task_job_runner.py:266} INFO - Task exited with return code 0
[2025-01-04T11:03:10.844-0800] {taskinstance.py:3895} INFO - 1 downstream tasks scheduled from follow-on schedule check
[2025-01-04T11:03:10.847-0800] {local_task_job_runner.py:245} INFO - ::endgroup::
[2025-01-04T11:06:08.211-0800] {local_task_job_runner.py:123} INFO - ::group::Pre task execution logs
[2025-01-04T11:06:08.223-0800] {taskinstance.py:2603} INFO - Dependencies not met for <TaskInstance: CovidE2EPipeDag.fetch_raw scheduled__2025-01-01T00:57:00+00:00 [success]>, dependency 'Task Instance State' FAILED: Task is in the 'success' state.
[2025-01-04T11:06:08.234-0800] {local_task_job_runner.py:166} INFO - Task is not able to be run
