[2025-01-03T09:48:22.247-0800] {local_task_job_runner.py:123} INFO - ::group::Pre task execution logs
[2025-01-03T09:48:22.260-0800] {taskinstance.py:2613} INFO - Dependencies all met for dep_context=non-requeueable deps ti=<TaskInstance: CovidE2EPipeDag.print2 scheduled__2025-01-03T09:48:00+00:00 [queued]>
[2025-01-03T09:48:22.270-0800] {taskinstance.py:2613} INFO - Dependencies all met for dep_context=requeueable deps ti=<TaskInstance: CovidE2EPipeDag.print2 scheduled__2025-01-03T09:48:00+00:00 [queued]>
[2025-01-03T09:48:22.271-0800] {taskinstance.py:2866} INFO - Starting attempt 1 of 2
[2025-01-03T09:48:22.288-0800] {taskinstance.py:2889} INFO - Executing <Task(PythonOperator): print2> on 2025-01-03 09:48:00+00:00
[2025-01-03T09:48:22.292-0800] {standard_task_runner.py:72} INFO - Started process 46151 to run task
[2025-01-03T09:48:22.303-0800] {standard_task_runner.py:104} INFO - Running: ['airflow', 'tasks', 'run', 'CovidE2EPipeDag', 'print2', 'scheduled__2025-01-03T09:48:00+00:00', '--job-id', '210', '--raw', '--subdir', 'DAGS_FOLDER/test_dag.py', '--cfg-path', '/var/folders/vm/rn9v1g1j739_mq8j5pfl1yxm0000gn/T/tmpr8vdyjzk']
[2025-01-03T09:48:22.306-0800] {standard_task_runner.py:105} INFO - Job 210: Subtask print2
[2025-01-03T09:48:22.376-0800] {task_command.py:467} INFO - Running <TaskInstance: CovidE2EPipeDag.print2 scheduled__2025-01-03T09:48:00+00:00 [running]> on host Matthews-MacBook-Air.local
[2025-01-03T09:48:22.476-0800] {taskinstance.py:3132} INFO - Exporting env vars: AIRFLOW_CTX_DAG_OWNER='Matthew Horn' AIRFLOW_CTX_DAG_ID='CovidE2EPipeDag' AIRFLOW_CTX_TASK_ID='print2' AIRFLOW_CTX_EXECUTION_DATE='2025-01-03T09:48:00+00:00' AIRFLOW_CTX_TRY_NUMBER='1' AIRFLOW_CTX_DAG_RUN_ID='scheduled__2025-01-03T09:48:00+00:00'
[2025-01-03T09:48:22.480-0800] {logging_mixin.py:190} INFO - Task instance is in running state
[2025-01-03T09:48:22.481-0800] {logging_mixin.py:190} INFO -  Previous state of the Task instance: queued
[2025-01-03T09:48:22.483-0800] {logging_mixin.py:190} INFO - Current task name:print2 state:running start_date:2025-01-03 17:48:22.261439+00:00
[2025-01-03T09:48:22.484-0800] {logging_mixin.py:190} INFO - Dag name:CovidE2EPipeDag and current dag run status:running
[2025-01-03T09:48:22.484-0800] {taskinstance.py:731} INFO - ::endgroup::
[2025-01-03T09:48:22.485-0800] {logging_mixin.py:190} INFO - Two
[2025-01-03T09:48:22.486-0800] {python.py:240} INFO - Done. Returned value was: None
[2025-01-03T09:48:22.491-0800] {taskinstance.py:340} INFO - ::group::Post task execution logs
[2025-01-03T09:48:22.492-0800] {taskinstance.py:352} INFO - Marking task as SUCCESS. dag_id=CovidE2EPipeDag, task_id=print2, run_id=scheduled__2025-01-03T09:48:00+00:00, execution_date=20250103T094800, start_date=20250103T174822, end_date=20250103T174822
[2025-01-03T09:48:22.502-0800] {logging_mixin.py:190} INFO - Task instance in success state
[2025-01-03T09:48:22.503-0800] {logging_mixin.py:190} INFO -  Previous state of the Task instance: running
[2025-01-03T09:48:22.503-0800] {logging_mixin.py:190} INFO - Dag name:CovidE2EPipeDag queued_at:2025-01-03 17:47:51.043281+00:00
[2025-01-03T09:48:22.504-0800] {logging_mixin.py:190} INFO - Task hostname:Matthews-MacBook-Air.local operator:PythonOperator
[2025-01-03T09:48:22.534-0800] {local_task_job_runner.py:266} INFO - Task exited with return code 0
[2025-01-03T09:48:22.561-0800] {taskinstance.py:3895} INFO - 0 downstream tasks scheduled from follow-on schedule check
[2025-01-03T09:48:22.562-0800] {local_task_job_runner.py:245} INFO - ::endgroup::
