[2025-01-03T09:46:45.450-0800] {local_task_job_runner.py:123} INFO - ::group::Pre task execution logs
[2025-01-03T09:46:45.463-0800] {taskinstance.py:2613} INFO - Dependencies all met for dep_context=non-requeueable deps ti=<TaskInstance: CovidE2EPipeDag.print3 scheduled__2025-01-03T09:46:00+00:00 [queued]>
[2025-01-03T09:46:45.471-0800] {taskinstance.py:2613} INFO - Dependencies all met for dep_context=requeueable deps ti=<TaskInstance: CovidE2EPipeDag.print3 scheduled__2025-01-03T09:46:00+00:00 [queued]>
[2025-01-03T09:46:45.471-0800] {taskinstance.py:2866} INFO - Starting attempt 1 of 2
[2025-01-03T09:46:45.487-0800] {taskinstance.py:2889} INFO - Executing <Task(PythonOperator): print3> on 2025-01-03 09:46:00+00:00
[2025-01-03T09:46:45.491-0800] {standard_task_runner.py:72} INFO - Started process 45888 to run task
[2025-01-03T09:46:45.512-0800] {standard_task_runner.py:104} INFO - Running: ['airflow', 'tasks', 'run', 'CovidE2EPipeDag', 'print3', 'scheduled__2025-01-03T09:46:00+00:00', '--job-id', '202', '--raw', '--subdir', 'DAGS_FOLDER/test_dag.py', '--cfg-path', '/var/folders/vm/rn9v1g1j739_mq8j5pfl1yxm0000gn/T/tmp1hx48qga']
[2025-01-03T09:46:45.515-0800] {standard_task_runner.py:105} INFO - Job 202: Subtask print3
[2025-01-03T09:46:45.580-0800] {task_command.py:467} INFO - Running <TaskInstance: CovidE2EPipeDag.print3 scheduled__2025-01-03T09:46:00+00:00 [running]> on host Matthews-MacBook-Air.local
[2025-01-03T09:46:45.664-0800] {taskinstance.py:3132} INFO - Exporting env vars: AIRFLOW_CTX_DAG_OWNER='Matthew Horn' AIRFLOW_CTX_DAG_ID='CovidE2EPipeDag' AIRFLOW_CTX_TASK_ID='print3' AIRFLOW_CTX_EXECUTION_DATE='2025-01-03T09:46:00+00:00' AIRFLOW_CTX_TRY_NUMBER='1' AIRFLOW_CTX_DAG_RUN_ID='scheduled__2025-01-03T09:46:00+00:00'
[2025-01-03T09:46:45.666-0800] {logging_mixin.py:190} INFO - Task instance is in running state
[2025-01-03T09:46:45.666-0800] {logging_mixin.py:190} INFO -  Previous state of the Task instance: queued
[2025-01-03T09:46:45.667-0800] {logging_mixin.py:190} INFO - Current task name:print3 state:running start_date:2025-01-03 17:46:45.464149+00:00
[2025-01-03T09:46:45.667-0800] {logging_mixin.py:190} INFO - Dag name:CovidE2EPipeDag and current dag run status:running
[2025-01-03T09:46:45.668-0800] {taskinstance.py:731} INFO - ::endgroup::
[2025-01-03T09:46:45.669-0800] {logging_mixin.py:190} INFO - Three
[2025-01-03T09:46:45.670-0800] {python.py:240} INFO - Done. Returned value was: None
[2025-01-03T09:46:45.676-0800] {taskinstance.py:340} INFO - ::group::Post task execution logs
[2025-01-03T09:46:45.677-0800] {taskinstance.py:352} INFO - Marking task as SUCCESS. dag_id=CovidE2EPipeDag, task_id=print3, run_id=scheduled__2025-01-03T09:46:00+00:00, execution_date=20250103T094600, start_date=20250103T174645, end_date=20250103T174645
[2025-01-03T09:46:45.687-0800] {logging_mixin.py:190} INFO - Task instance in success state
[2025-01-03T09:46:45.688-0800] {logging_mixin.py:190} INFO -  Previous state of the Task instance: running
[2025-01-03T09:46:45.688-0800] {logging_mixin.py:190} INFO - Dag name:CovidE2EPipeDag queued_at:2025-01-03 17:45:27.334357+00:00
[2025-01-03T09:46:45.689-0800] {logging_mixin.py:190} INFO - Task hostname:Matthews-MacBook-Air.local operator:PythonOperator
[2025-01-03T09:46:45.696-0800] {local_task_job_runner.py:266} INFO - Task exited with return code 0
[2025-01-03T09:46:45.722-0800] {taskinstance.py:3895} INFO - 1 downstream tasks scheduled from follow-on schedule check
[2025-01-03T09:46:45.726-0800] {local_task_job_runner.py:245} INFO - ::endgroup::
