[2025-01-09T10:45:22.932-0800] {local_task_job_runner.py:123} INFO - ::group::Pre task execution logs
[2025-01-09T10:45:22.948-0800] {taskinstance.py:2613} INFO - Dependencies all met for dep_context=non-requeueable deps ti=<TaskInstance: CovidE2EPipeDag.insert_staged_raw_data manual__2025-01-09T18:39:38.022235+00:00 [queued]>
[2025-01-09T10:45:22.957-0800] {taskinstance.py:2613} INFO - Dependencies all met for dep_context=requeueable deps ti=<TaskInstance: CovidE2EPipeDag.insert_staged_raw_data manual__2025-01-09T18:39:38.022235+00:00 [queued]>
[2025-01-09T10:45:22.957-0800] {taskinstance.py:2866} INFO - Starting attempt 1 of 2
[2025-01-09T10:45:22.980-0800] {taskinstance.py:2889} INFO - Executing <Task(BashOperator): insert_staged_raw_data> on 2025-01-09 18:39:38.022235+00:00
[2025-01-09T10:45:22.984-0800] {standard_task_runner.py:72} INFO - Started process 16140 to run task
[2025-01-09T10:45:22.999-0800] {standard_task_runner.py:104} INFO - Running: ['airflow', 'tasks', 'run', 'CovidE2EPipeDag', 'insert_staged_raw_data', 'manual__2025-01-09T18:39:38.022235+00:00', '--job-id', '1735', '--raw', '--subdir', 'DAGS_FOLDER/CovidE2EPipeDag.py', '--cfg-path', '/var/folders/vm/rn9v1g1j739_mq8j5pfl1yxm0000gn/T/tmpmng7xx04']
[2025-01-09T10:45:23.003-0800] {standard_task_runner.py:105} INFO - Job 1735: Subtask insert_staged_raw_data
[2025-01-09T10:45:23.070-0800] {task_command.py:467} INFO - Running <TaskInstance: CovidE2EPipeDag.insert_staged_raw_data manual__2025-01-09T18:39:38.022235+00:00 [running]> on host Matthews-MacBook-Air.local
[2025-01-09T10:45:23.220-0800] {taskinstance.py:3132} INFO - Exporting env vars: AIRFLOW_CTX_DAG_OWNER='Matthew Horn' AIRFLOW_CTX_DAG_ID='CovidE2EPipeDag' AIRFLOW_CTX_TASK_ID='insert_staged_raw_data' AIRFLOW_CTX_EXECUTION_DATE='2025-01-09T18:39:38.022235+00:00' AIRFLOW_CTX_TRY_NUMBER='1' AIRFLOW_CTX_DAG_RUN_ID='manual__2025-01-09T18:39:38.022235+00:00'
[2025-01-09T10:45:23.221-0800] {taskinstance.py:731} INFO - ::endgroup::
[2025-01-09T10:45:23.272-0800] {subprocess.py:78} INFO - Tmp dir root location: /var/folders/vm/rn9v1g1j739_mq8j5pfl1yxm0000gn/T
[2025-01-09T10:45:23.274-0800] {subprocess.py:88} INFO - Running command: ['/bin/bash', '-c', 'snow stage execute @CovidE2EPipeDatabase.raw_data.raw_data_stage/load_staged_data_2025-01-09.sql']
[2025-01-09T10:45:23.287-0800] {subprocess.py:99} INFO - Output:
[2025-01-09T10:45:37.669-0800] {subprocess.py:106} INFO - SUCCESS - @CovidE2EPipeDatabase.raw_data.raw_data_stage/load_staged_data_2025-01-09.sql
[2025-01-09T10:45:37.679-0800] {subprocess.py:106} INFO - +------------------+
[2025-01-09T10:45:37.681-0800] {subprocess.py:106} INFO - | Fil | Sta | Erro |
[2025-01-09T10:45:37.682-0800] {subprocess.py:106} INFO - | e   | tus | r    |
[2025-01-09T10:45:37.685-0800] {subprocess.py:106} INFO - |-----+-----+------|
[2025-01-09T10:45:37.686-0800] {subprocess.py:106} INFO - | @Co | SUC | None |
[2025-01-09T10:45:37.689-0800] {subprocess.py:106} INFO - | vid | CES |      |
[2025-01-09T10:45:37.690-0800] {subprocess.py:106} INFO - | E2E | S   |      |
[2025-01-09T10:45:37.691-0800] {subprocess.py:106} INFO - | Pip |     |      |
[2025-01-09T10:45:37.692-0800] {subprocess.py:106} INFO - | eDa |     |      |
[2025-01-09T10:45:37.693-0800] {subprocess.py:106} INFO - | tab |     |      |
[2025-01-09T10:45:37.694-0800] {subprocess.py:106} INFO - | ase |     |      |
[2025-01-09T10:45:37.695-0800] {subprocess.py:106} INFO - | .ra |     |      |
[2025-01-09T10:45:37.698-0800] {subprocess.py:106} INFO - | w_d |     |      |
[2025-01-09T10:45:37.700-0800] {subprocess.py:106} INFO - | ata |     |      |
[2025-01-09T10:45:37.701-0800] {subprocess.py:106} INFO - | .ra |     |      |
[2025-01-09T10:45:37.702-0800] {subprocess.py:106} INFO - | w_d |     |      |
[2025-01-09T10:45:37.704-0800] {subprocess.py:106} INFO - | ata |     |      |
[2025-01-09T10:45:37.705-0800] {subprocess.py:106} INFO - | _st |     |      |
[2025-01-09T10:45:37.705-0800] {subprocess.py:106} INFO - | age |     |      |
[2025-01-09T10:45:37.706-0800] {subprocess.py:106} INFO - | /lo |     |      |
[2025-01-09T10:45:37.707-0800] {subprocess.py:106} INFO - | ad_ |     |      |
[2025-01-09T10:45:37.708-0800] {subprocess.py:106} INFO - | sta |     |      |
[2025-01-09T10:45:37.709-0800] {subprocess.py:106} INFO - | ged |     |      |
[2025-01-09T10:45:37.709-0800] {subprocess.py:106} INFO - | _da |     |      |
[2025-01-09T10:45:37.711-0800] {subprocess.py:106} INFO - | ta_ |     |      |
[2025-01-09T10:45:37.713-0800] {subprocess.py:106} INFO - | 202 |     |      |
[2025-01-09T10:45:37.715-0800] {subprocess.py:106} INFO - | 5-0 |     |      |
[2025-01-09T10:45:37.716-0800] {subprocess.py:106} INFO - | 1-0 |     |      |
[2025-01-09T10:45:37.717-0800] {subprocess.py:106} INFO - | 9.s |     |      |
[2025-01-09T10:45:37.719-0800] {subprocess.py:106} INFO - | ql  |     |      |
[2025-01-09T10:45:37.720-0800] {subprocess.py:106} INFO - +------------------+
[2025-01-09T10:45:38.471-0800] {subprocess.py:110} INFO - Command exited with return code 0
[2025-01-09T10:45:38.512-0800] {taskinstance.py:340} INFO - ::group::Post task execution logs
[2025-01-09T10:45:38.515-0800] {taskinstance.py:352} INFO - Marking task as SUCCESS. dag_id=CovidE2EPipeDag, task_id=insert_staged_raw_data, run_id=manual__2025-01-09T18:39:38.022235+00:00, execution_date=20250109T183938, start_date=20250109T184522, end_date=20250109T184538
[2025-01-09T10:45:38.586-0800] {local_task_job_runner.py:266} INFO - Task exited with return code 0
[2025-01-09T10:45:38.652-0800] {taskinstance.py:3895} INFO - 3 downstream tasks scheduled from follow-on schedule check
[2025-01-09T10:45:38.657-0800] {local_task_job_runner.py:245} INFO - ::endgroup::
