[2025-01-03T20:50:52.210-0800] {local_task_job_runner.py:123} INFO - ::group::Pre task execution logs
[2025-01-03T20:50:52.236-0800] {taskinstance.py:2613} INFO - Dependencies all met for dep_context=non-requeueable deps ti=<TaskInstance: CovidE2EPipeDag.fetch_raw scheduled__2025-01-01T00:20:00+00:00 [queued]>
[2025-01-03T20:50:52.255-0800] {taskinstance.py:2613} INFO - Dependencies all met for dep_context=requeueable deps ti=<TaskInstance: CovidE2EPipeDag.fetch_raw scheduled__2025-01-01T00:20:00+00:00 [queued]>
[2025-01-03T20:50:52.256-0800] {taskinstance.py:2866} INFO - Starting attempt 1 of 2
[2025-01-03T20:50:52.298-0800] {taskinstance.py:2889} INFO - Executing <Task(PythonOperator): fetch_raw> on 2025-01-01 00:20:00+00:00
[2025-01-03T20:50:52.309-0800] {standard_task_runner.py:72} INFO - Started process 68444 to run task
[2025-01-03T20:50:52.325-0800] {standard_task_runner.py:104} INFO - Running: ['airflow', 'tasks', 'run', 'CovidE2EPipeDag', 'fetch_raw', 'scheduled__2025-01-01T00:20:00+00:00', '--job-id', '448', '--raw', '--subdir', 'DAGS_FOLDER/CovidE2EPipeDag.py', '--cfg-path', '/var/folders/vm/rn9v1g1j739_mq8j5pfl1yxm0000gn/T/tmpzm98tev6']
[2025-01-03T20:50:52.331-0800] {standard_task_runner.py:105} INFO - Job 448: Subtask fetch_raw
[2025-01-03T20:50:52.467-0800] {task_command.py:467} INFO - Running <TaskInstance: CovidE2EPipeDag.fetch_raw scheduled__2025-01-01T00:20:00+00:00 [running]> on host Matthews-MacBook-Air.local
[2025-01-03T20:50:52.613-0800] {taskinstance.py:3132} INFO - Exporting env vars: AIRFLOW_CTX_DAG_OWNER='Matthew Horn' AIRFLOW_CTX_DAG_ID='CovidE2EPipeDag' AIRFLOW_CTX_TASK_ID='fetch_raw' AIRFLOW_CTX_EXECUTION_DATE='2025-01-01T00:20:00+00:00' AIRFLOW_CTX_TRY_NUMBER='1' AIRFLOW_CTX_DAG_RUN_ID='scheduled__2025-01-01T00:20:00+00:00'
[2025-01-03T20:50:52.616-0800] {logging_mixin.py:190} INFO - Task instance is in running state
[2025-01-03T20:50:52.618-0800] {logging_mixin.py:190} INFO -  Previous state of the Task instance: queued
[2025-01-03T20:50:52.619-0800] {logging_mixin.py:190} INFO - Current task name:fetch_raw state:running start_date:2025-01-04 04:50:52.237436+00:00
[2025-01-03T20:50:52.620-0800] {logging_mixin.py:190} INFO - Dag name:CovidE2EPipeDag and current dag run status:running
[2025-01-03T20:50:52.621-0800] {taskinstance.py:731} INFO - ::endgroup::
[2025-01-03T20:50:52.912-0800] {logging_mixin.py:190} INFO - industrial_production data was saved to /Users/matthewmac/airflow/data/raw/industrial_production_2025-01-03.csv
[2025-01-03T20:50:52.936-0800] {logging_mixin.py:190} INFO -   realtime_start  ...   value
0     2024-12-17  ...  4.8654
1     2024-12-17  ...  4.6504
2     2024-12-17  ...   4.516
3     2024-12-17  ...  4.5966
4     2024-12-17  ...  4.6235

[5 rows x 4 columns]
[2025-01-03T20:50:52.937-0800] {python.py:240} INFO - Done. Returned value was: None
[2025-01-03T20:50:52.947-0800] {taskinstance.py:340} INFO - ::group::Post task execution logs
[2025-01-03T20:50:52.951-0800] {taskinstance.py:352} INFO - Marking task as SUCCESS. dag_id=CovidE2EPipeDag, task_id=fetch_raw, run_id=scheduled__2025-01-01T00:20:00+00:00, execution_date=20250101T002000, start_date=20250104T045052, end_date=20250104T045052
[2025-01-03T20:50:52.968-0800] {logging_mixin.py:190} INFO - Task instance in success state
[2025-01-03T20:50:52.969-0800] {logging_mixin.py:190} INFO -  Previous state of the Task instance: running
[2025-01-03T20:50:52.971-0800] {logging_mixin.py:190} INFO - Dag name:CovidE2EPipeDag queued_at:2025-01-04 04:50:40.787730+00:00
[2025-01-03T20:50:52.972-0800] {logging_mixin.py:190} INFO - Task hostname:Matthews-MacBook-Air.local operator:PythonOperator
[2025-01-03T20:50:52.986-0800] {local_task_job_runner.py:266} INFO - Task exited with return code 0
[2025-01-03T20:50:53.019-0800] {taskinstance.py:3895} INFO - 1 downstream tasks scheduled from follow-on schedule check
[2025-01-03T20:50:53.023-0800] {local_task_job_runner.py:245} INFO - ::endgroup::
