[2025-01-04T11:11:50.113-0800] {local_task_job_runner.py:123} INFO - ::group::Pre task execution logs
[2025-01-04T11:11:50.132-0800] {taskinstance.py:2613} INFO - Dependencies all met for dep_context=non-requeueable deps ti=<TaskInstance: CovidE2EPipeDag.archive_raw_data scheduled__2025-01-01T00:58:00+00:00 [queued]>
[2025-01-04T11:11:50.144-0800] {taskinstance.py:2613} INFO - Dependencies all met for dep_context=requeueable deps ti=<TaskInstance: CovidE2EPipeDag.archive_raw_data scheduled__2025-01-01T00:58:00+00:00 [queued]>
[2025-01-04T11:11:50.145-0800] {taskinstance.py:2866} INFO - Starting attempt 1 of 2
[2025-01-04T11:11:50.169-0800] {taskinstance.py:2889} INFO - Executing <Task(BashOperator): archive_raw_data> on 2025-01-01 00:58:00+00:00
[2025-01-04T11:11:50.182-0800] {standard_task_runner.py:72} INFO - Started process 76464 to run task
[2025-01-04T11:11:50.212-0800] {standard_task_runner.py:104} INFO - Running: ['airflow', 'tasks', 'run', 'CovidE2EPipeDag', 'archive_raw_data', 'scheduled__2025-01-01T00:58:00+00:00', '--job-id', '845', '--raw', '--subdir', 'DAGS_FOLDER/CovidE2EPipeDag.py', '--cfg-path', '/var/folders/vm/rn9v1g1j739_mq8j5pfl1yxm0000gn/T/tmpq45xexf0']
[2025-01-04T11:11:50.218-0800] {standard_task_runner.py:105} INFO - Job 845: Subtask archive_raw_data
[2025-01-04T11:11:50.305-0800] {task_command.py:467} INFO - Running <TaskInstance: CovidE2EPipeDag.archive_raw_data scheduled__2025-01-01T00:58:00+00:00 [running]> on host Matthews-MacBook-Air.local
[2025-01-04T11:11:50.415-0800] {taskinstance.py:3132} INFO - Exporting env vars: AIRFLOW_CTX_DAG_OWNER='Matthew Horn' AIRFLOW_CTX_DAG_ID='CovidE2EPipeDag' AIRFLOW_CTX_TASK_ID='archive_raw_data' AIRFLOW_CTX_EXECUTION_DATE='2025-01-01T00:58:00+00:00' AIRFLOW_CTX_TRY_NUMBER='1' AIRFLOW_CTX_DAG_RUN_ID='scheduled__2025-01-01T00:58:00+00:00'
[2025-01-04T11:11:50.417-0800] {taskinstance.py:731} INFO - ::endgroup::
[2025-01-04T11:11:50.472-0800] {subprocess.py:78} INFO - Tmp dir root location: /var/folders/vm/rn9v1g1j739_mq8j5pfl1yxm0000gn/T
[2025-01-04T11:11:50.474-0800] {subprocess.py:88} INFO - Running command: ['/bin/bash', '-c', 'cd /Users/matthewmac/airflow/data/raw && zip raw_data_2025-01-04.zip *.csv                     && mv raw_data_2025-01-04.zip archived/']
[2025-01-04T11:11:50.482-0800] {subprocess.py:99} INFO - Output:
[2025-01-04T11:11:50.505-0800] {subprocess.py:106} INFO -   adding: 30yr_mortage_2025-01-02.csv (deflated 82%)
[2025-01-04T11:11:50.508-0800] {subprocess.py:106} INFO -   adding: GDP_2025-01-02.csv (deflated 77%)
[2025-01-04T11:11:50.511-0800] {subprocess.py:106} INFO -   adding: US_CPI_2025-01-02.csv (deflated 81%)
[2025-01-04T11:11:50.512-0800] {subprocess.py:106} INFO -   adding: exchanges_2025-01-02.csv (deflated 41%)
[2025-01-04T11:11:50.515-0800] {subprocess.py:106} INFO -   adding: industrial_production_2025-01-02.csv (deflated 80%)
[2025-01-04T11:11:50.517-0800] {subprocess.py:106} INFO -   adding: industrial_production_2025-01-03.csv (deflated 80%)
[2025-01-04T11:11:50.519-0800] {subprocess.py:106} INFO -   adding: industrial_production_2025-01-04.csv (deflated 80%)
[2025-01-04T11:11:50.521-0800] {subprocess.py:106} INFO -   adding: stocks_eod_2025-01-02.csv (deflated 72%)
[2025-01-04T11:11:50.524-0800] {subprocess.py:106} INFO -   adding: trade_balance_2025-01-02.csv (deflated 79%)
[2025-01-04T11:11:50.527-0800] {subprocess.py:106} INFO -   adding: unemployment_rate_2025-01-02.csv (deflated 84%)
[2025-01-04T11:11:50.535-0800] {subprocess.py:110} INFO - Command exited with return code 0
[2025-01-04T11:11:50.565-0800] {taskinstance.py:340} INFO - ::group::Post task execution logs
[2025-01-04T11:11:50.567-0800] {taskinstance.py:352} INFO - Marking task as SUCCESS. dag_id=CovidE2EPipeDag, task_id=archive_raw_data, run_id=scheduled__2025-01-01T00:58:00+00:00, execution_date=20250101T005800, start_date=20250104T191150, end_date=20250104T191150
[2025-01-04T11:11:50.611-0800] {local_task_job_runner.py:266} INFO - Task exited with return code 0
[2025-01-04T11:11:50.654-0800] {taskinstance.py:3895} INFO - 0 downstream tasks scheduled from follow-on schedule check
[2025-01-04T11:11:50.655-0800] {local_task_job_runner.py:245} INFO - ::endgroup::
