[2025-01-04T11:57:46.699-0800] {local_task_job_runner.py:123} INFO - ::group::Pre task execution logs
[2025-01-04T11:57:46.717-0800] {taskinstance.py:2613} INFO - Dependencies all met for dep_context=non-requeueable deps ti=<TaskInstance: CovidE2EPipeDag.stage_raw_data manual__2025-01-04T19:37:51.570305+00:00 [queued]>
[2025-01-04T11:57:46.727-0800] {taskinstance.py:2613} INFO - Dependencies all met for dep_context=requeueable deps ti=<TaskInstance: CovidE2EPipeDag.stage_raw_data manual__2025-01-04T19:37:51.570305+00:00 [queued]>
[2025-01-04T11:57:46.727-0800] {taskinstance.py:2866} INFO - Starting attempt 2 of 2
[2025-01-04T11:57:46.746-0800] {taskinstance.py:2889} INFO - Executing <Task(BashOperator): stage_raw_data> on 2025-01-04 19:37:51.570305+00:00
[2025-01-04T11:57:46.750-0800] {standard_task_runner.py:72} INFO - Started process 82527 to run task
[2025-01-04T11:57:46.758-0800] {standard_task_runner.py:104} INFO - Running: ['airflow', 'tasks', 'run', 'CovidE2EPipeDag', 'stage_raw_data', 'manual__2025-01-04T19:37:51.570305+00:00', '--job-id', '993', '--raw', '--subdir', 'DAGS_FOLDER/CovidE2EPipeDag.py', '--cfg-path', '/var/folders/vm/rn9v1g1j739_mq8j5pfl1yxm0000gn/T/tmplj7uucw8']
[2025-01-04T11:57:46.762-0800] {standard_task_runner.py:105} INFO - Job 993: Subtask stage_raw_data
[2025-01-04T11:57:46.828-0800] {task_command.py:467} INFO - Running <TaskInstance: CovidE2EPipeDag.stage_raw_data manual__2025-01-04T19:37:51.570305+00:00 [running]> on host Matthews-MacBook-Air.local
[2025-01-04T11:57:46.911-0800] {taskinstance.py:3132} INFO - Exporting env vars: AIRFLOW_CTX_DAG_OWNER='Matthew Horn' AIRFLOW_CTX_DAG_ID='CovidE2EPipeDag' AIRFLOW_CTX_TASK_ID='stage_raw_data' AIRFLOW_CTX_EXECUTION_DATE='2025-01-04T19:37:51.570305+00:00' AIRFLOW_CTX_TRY_NUMBER='2' AIRFLOW_CTX_DAG_RUN_ID='manual__2025-01-04T19:37:51.570305+00:00'
[2025-01-04T11:57:46.914-0800] {taskinstance.py:731} INFO - ::endgroup::
[2025-01-04T11:57:46.942-0800] {subprocess.py:78} INFO - Tmp dir root location: /var/folders/vm/rn9v1g1j739_mq8j5pfl1yxm0000gn/T
[2025-01-04T11:57:46.943-0800] {subprocess.py:88} INFO - Running command: ['/bin/bash', '-c', 'snow stage copy /Users/matthewmac/airflow/data/raw/industrial_production_2025-01-04.csv @CovidE2EPipeDatabase.raw_data.raw_data_stage']
[2025-01-04T11:57:46.951-0800] {subprocess.py:99} INFO - Output:
[2025-01-04T11:57:56.488-0800] {subprocess.py:106} INFO - +-------------------------------------------------+
[2025-01-04T11:57:56.501-0800] {subprocess.py:106} INFO - |     |     |     |     | sou |      |     |      |
[2025-01-04T11:57:56.502-0800] {subprocess.py:106} INFO - |     |     |     |     | rce | targ |     |      |
[2025-01-04T11:57:56.503-0800] {subprocess.py:106} INFO - |     |     | sou | tar | _co | et_c |     |      |
[2025-01-04T11:57:56.504-0800] {subprocess.py:106} INFO - |     |     | rce | get | mpr | ompr |     |      |
[2025-01-04T11:57:56.506-0800] {subprocess.py:106} INFO - | sou | tar | _si | _si | ess | essi | sta | mess |
[2025-01-04T11:57:56.512-0800] {subprocess.py:106} INFO - | rce | get | ze  | ze  | ion | on   | tus | age  |
[2025-01-04T11:57:56.514-0800] {subprocess.py:106} INFO - |-----+-----+-----+-----+-----+------+-----+------|
[2025-01-04T11:57:56.515-0800] {subprocess.py:106} INFO - | ind | ind | 571 | 571 | NON | NONE | UPL |      |
[2025-01-04T11:57:56.516-0800] {subprocess.py:106} INFO - | ust | ust | 16  | 20  | E   |      | OAD |      |
[2025-01-04T11:57:56.517-0800] {subprocess.py:106} INFO - | ria | ria |     |     |     |      | ED  |      |
[2025-01-04T11:57:56.517-0800] {subprocess.py:106} INFO - | l_p | l_p |     |     |     |      |     |      |
[2025-01-04T11:57:56.518-0800] {subprocess.py:106} INFO - | rod | rod |     |     |     |      |     |      |
[2025-01-04T11:57:56.519-0800] {subprocess.py:106} INFO - | uct | uct |     |     |     |      |     |      |
[2025-01-04T11:57:56.520-0800] {subprocess.py:106} INFO - | ion | ion |     |     |     |      |     |      |
[2025-01-04T11:57:56.520-0800] {subprocess.py:106} INFO - | _20 | _20 |     |     |     |      |     |      |
[2025-01-04T11:57:56.521-0800] {subprocess.py:106} INFO - | 25- | 25- |     |     |     |      |     |      |
[2025-01-04T11:57:56.522-0800] {subprocess.py:106} INFO - | 01- | 01- |     |     |     |      |     |      |
[2025-01-04T11:57:56.522-0800] {subprocess.py:106} INFO - | 04. | 04. |     |     |     |      |     |      |
[2025-01-04T11:57:56.523-0800] {subprocess.py:106} INFO - | csv | csv |     |     |     |      |     |      |
[2025-01-04T11:57:56.524-0800] {subprocess.py:106} INFO - +-------------------------------------------------+
[2025-01-04T11:57:57.929-0800] {subprocess.py:110} INFO - Command exited with return code 0
[2025-01-04T11:57:58.003-0800] {taskinstance.py:340} INFO - ::group::Post task execution logs
[2025-01-04T11:57:58.006-0800] {taskinstance.py:352} INFO - Marking task as SUCCESS. dag_id=CovidE2EPipeDag, task_id=stage_raw_data, run_id=manual__2025-01-04T19:37:51.570305+00:00, execution_date=20250104T193751, start_date=20250104T195746, end_date=20250104T195758
[2025-01-04T11:57:58.080-0800] {local_task_job_runner.py:266} INFO - Task exited with return code 0
[2025-01-04T11:57:58.120-0800] {taskinstance.py:3895} INFO - 0 downstream tasks scheduled from follow-on schedule check
[2025-01-04T11:57:58.121-0800] {local_task_job_runner.py:245} INFO - ::endgroup::
