[2025-01-09T10:44:46.068-0800] {local_task_job_runner.py:123} INFO - ::group::Pre task execution logs
[2025-01-09T10:44:46.085-0800] {taskinstance.py:2613} INFO - Dependencies all met for dep_context=non-requeueable deps ti=<TaskInstance: CovidE2EPipeDag.stage_raw_data manual__2025-01-09T18:42:58.802385+00:00 [queued]>
[2025-01-09T10:44:46.098-0800] {taskinstance.py:2613} INFO - Dependencies all met for dep_context=requeueable deps ti=<TaskInstance: CovidE2EPipeDag.stage_raw_data manual__2025-01-09T18:42:58.802385+00:00 [queued]>
[2025-01-09T10:44:46.099-0800] {taskinstance.py:2866} INFO - Starting attempt 1 of 2
[2025-01-09T10:44:46.127-0800] {taskinstance.py:2889} INFO - Executing <Task(BashOperator): stage_raw_data> on 2025-01-09 18:42:58.802385+00:00
[2025-01-09T10:44:46.132-0800] {standard_task_runner.py:72} INFO - Started process 16089 to run task
[2025-01-09T10:44:46.147-0800] {standard_task_runner.py:104} INFO - Running: ['airflow', 'tasks', 'run', 'CovidE2EPipeDag', 'stage_raw_data', 'manual__2025-01-09T18:42:58.802385+00:00', '--job-id', '1733', '--raw', '--subdir', 'DAGS_FOLDER/CovidE2EPipeDag.py', '--cfg-path', '/var/folders/vm/rn9v1g1j739_mq8j5pfl1yxm0000gn/T/tmpakw_pcsh']
[2025-01-09T10:44:46.153-0800] {standard_task_runner.py:105} INFO - Job 1733: Subtask stage_raw_data
[2025-01-09T10:44:46.231-0800] {task_command.py:467} INFO - Running <TaskInstance: CovidE2EPipeDag.stage_raw_data manual__2025-01-09T18:42:58.802385+00:00 [running]> on host Matthews-MacBook-Air.local
[2025-01-09T10:44:46.397-0800] {taskinstance.py:3132} INFO - Exporting env vars: AIRFLOW_CTX_DAG_OWNER='Matthew Horn' AIRFLOW_CTX_DAG_ID='CovidE2EPipeDag' AIRFLOW_CTX_TASK_ID='stage_raw_data' AIRFLOW_CTX_EXECUTION_DATE='2025-01-09T18:42:58.802385+00:00' AIRFLOW_CTX_TRY_NUMBER='1' AIRFLOW_CTX_DAG_RUN_ID='manual__2025-01-09T18:42:58.802385+00:00'
[2025-01-09T10:44:46.400-0800] {taskinstance.py:731} INFO - ::endgroup::
[2025-01-09T10:44:46.451-0800] {subprocess.py:78} INFO - Tmp dir root location: /var/folders/vm/rn9v1g1j739_mq8j5pfl1yxm0000gn/T
[2025-01-09T10:44:46.452-0800] {subprocess.py:88} INFO - Running command: ['/bin/bash', '-c', 'snow stage copy "/Users/matthewmac/airflow/data/raw/*.csv" @CovidE2EPipeDatabase.raw_data.raw_data_stage']
[2025-01-09T10:44:46.466-0800] {subprocess.py:99} INFO - Output:
[2025-01-09T10:44:53.831-0800] {subprocess.py:106} INFO - +------------------+
[2025-01-09T10:44:53.833-0800] {subprocess.py:106} INFO - | | | |  | |  | |  |
[2025-01-09T10:44:53.835-0800] {subprocess.py:106} INFO - |-+-+-+--+-+--+-+--|
[2025-01-09T10:44:53.836-0800] {subprocess.py:106} INFO - | | | |  | |  | |  |
[2025-01-09T10:44:53.838-0800] {subprocess.py:106} INFO - | | | |  | |  | |  |
[2025-01-09T10:44:53.839-0800] {subprocess.py:106} INFO - | | | |  | |  | |  |
[2025-01-09T10:44:53.841-0800] {subprocess.py:106} INFO - | | | |  | |  | |  |
[2025-01-09T10:44:53.844-0800] {subprocess.py:106} INFO - | | | |  | |  | |  |
[2025-01-09T10:44:53.845-0800] {subprocess.py:106} INFO - | | | |  | |  | |  |
[2025-01-09T10:44:53.847-0800] {subprocess.py:106} INFO - +------------------+
[2025-01-09T10:44:54.500-0800] {subprocess.py:110} INFO - Command exited with return code 0
[2025-01-09T10:44:54.540-0800] {taskinstance.py:340} INFO - ::group::Post task execution logs
[2025-01-09T10:44:54.543-0800] {taskinstance.py:352} INFO - Marking task as SUCCESS. dag_id=CovidE2EPipeDag, task_id=stage_raw_data, run_id=manual__2025-01-09T18:42:58.802385+00:00, execution_date=20250109T184258, start_date=20250109T184446, end_date=20250109T184454
[2025-01-09T10:44:54.611-0800] {local_task_job_runner.py:266} INFO - Task exited with return code 0
[2025-01-09T10:44:54.647-0800] {taskinstance.py:3895} INFO - 0 downstream tasks scheduled from follow-on schedule check
[2025-01-09T10:44:54.648-0800] {local_task_job_runner.py:245} INFO - ::endgroup::
