[2025-01-01T18:48:31.003-0800] {local_task_job_runner.py:123} INFO - ::group::Pre task execution logs
[2025-01-01T18:48:31.016-0800] {taskinstance.py:2613} INFO - Dependencies all met for dep_context=non-requeueable deps ti=<TaskInstance: CovidE2EPipeDag.print3 scheduled__2025-01-01T18:51:00+00:00 [queued]>
[2025-01-01T18:48:31.025-0800] {taskinstance.py:2613} INFO - Dependencies all met for dep_context=requeueable deps ti=<TaskInstance: CovidE2EPipeDag.print3 scheduled__2025-01-01T18:51:00+00:00 [queued]>
[2025-01-01T18:48:31.026-0800] {taskinstance.py:2866} INFO - Starting attempt 1 of 2
[2025-01-01T18:48:31.045-0800] {taskinstance.py:2889} INFO - Executing <Task(PythonOperator): print3> on 2025-01-01 18:51:00+00:00
[2025-01-01T18:48:31.049-0800] {standard_task_runner.py:72} INFO - Started process 34707 to run task
[2025-01-01T18:48:31.057-0800] {standard_task_runner.py:104} INFO - Running: ['airflow', 'tasks', 'run', 'CovidE2EPipeDag', 'print3', 'scheduled__2025-01-01T18:51:00+00:00', '--job-id', '140', '--raw', '--subdir', 'DAGS_FOLDER/test_dag.py', '--cfg-path', '/var/folders/vm/rn9v1g1j739_mq8j5pfl1yxm0000gn/T/tmpo58_lwdq']
[2025-01-01T18:48:31.060-0800] {standard_task_runner.py:105} INFO - Job 140: Subtask print3
[2025-01-01T18:48:31.143-0800] {task_command.py:467} INFO - Running <TaskInstance: CovidE2EPipeDag.print3 scheduled__2025-01-01T18:51:00+00:00 [running]> on host Matthews-MacBook-Air.local
[2025-01-01T18:48:31.228-0800] {taskinstance.py:3132} INFO - Exporting env vars: AIRFLOW_CTX_DAG_OWNER='Matthew Horn' AIRFLOW_CTX_DAG_ID='CovidE2EPipeDag' AIRFLOW_CTX_TASK_ID='print3' AIRFLOW_CTX_EXECUTION_DATE='2025-01-01T18:51:00+00:00' AIRFLOW_CTX_TRY_NUMBER='1' AIRFLOW_CTX_DAG_RUN_ID='scheduled__2025-01-01T18:51:00+00:00'
[2025-01-01T18:48:31.230-0800] {logging_mixin.py:190} INFO - Task instance is in running state
[2025-01-01T18:48:31.231-0800] {logging_mixin.py:190} INFO -  Previous state of the Task instance: queued
[2025-01-01T18:48:31.232-0800] {logging_mixin.py:190} INFO - Current task name:print3 state:running start_date:2025-01-02 02:48:31.016676+00:00
[2025-01-01T18:48:31.233-0800] {logging_mixin.py:190} INFO - Dag name:CovidE2EPipeDag and current dag run status:running
[2025-01-01T18:48:31.234-0800] {taskinstance.py:731} INFO - ::endgroup::
[2025-01-01T18:48:31.236-0800] {logging_mixin.py:190} INFO - Three
[2025-01-01T18:48:31.236-0800] {python.py:240} INFO - Done. Returned value was: None
[2025-01-01T18:48:31.243-0800] {taskinstance.py:340} INFO - ::group::Post task execution logs
[2025-01-01T18:48:31.245-0800] {taskinstance.py:352} INFO - Marking task as SUCCESS. dag_id=CovidE2EPipeDag, task_id=print3, run_id=scheduled__2025-01-01T18:51:00+00:00, execution_date=20250101T185100, start_date=20250102T024831, end_date=20250102T024831
[2025-01-01T18:48:31.255-0800] {logging_mixin.py:190} INFO - Task instance in success state
[2025-01-01T18:48:31.255-0800] {logging_mixin.py:190} INFO -  Previous state of the Task instance: running
[2025-01-01T18:48:31.256-0800] {logging_mixin.py:190} INFO - Dag name:CovidE2EPipeDag queued_at:2025-01-02 02:08:59.915794+00:00
[2025-01-01T18:48:31.256-0800] {logging_mixin.py:190} INFO - Task hostname:Matthews-MacBook-Air.local operator:PythonOperator
[2025-01-01T18:48:31.294-0800] {local_task_job_runner.py:266} INFO - Task exited with return code 0
[2025-01-01T18:48:31.319-0800] {taskinstance.py:3895} INFO - 0 downstream tasks scheduled from follow-on schedule check
[2025-01-01T18:48:31.322-0800] {local_task_job_runner.py:245} INFO - ::endgroup::
