[2025-01-03T22:47:42.256-0800] {local_task_job_runner.py:123} INFO - ::group::Pre task execution logs
[2025-01-03T22:47:42.269-0800] {taskinstance.py:2613} INFO - Dependencies all met for dep_context=non-requeueable deps ti=<TaskInstance: CovidE2EPipeDag.fetch_raw scheduled__2025-01-01T00:46:00+00:00 [queued]>
[2025-01-03T22:47:42.276-0800] {taskinstance.py:2613} INFO - Dependencies all met for dep_context=requeueable deps ti=<TaskInstance: CovidE2EPipeDag.fetch_raw scheduled__2025-01-01T00:46:00+00:00 [queued]>
[2025-01-03T22:47:42.277-0800] {taskinstance.py:2866} INFO - Starting attempt 1 of 2
[2025-01-03T22:47:42.291-0800] {taskinstance.py:2889} INFO - Executing <Task(PythonOperator): fetch_raw> on 2025-01-01 00:46:00+00:00
[2025-01-03T22:47:42.295-0800] {standard_task_runner.py:72} INFO - Started process 72662 to run task
[2025-01-03T22:47:42.303-0800] {standard_task_runner.py:104} INFO - Running: ['airflow', 'tasks', 'run', 'CovidE2EPipeDag', 'fetch_raw', 'scheduled__2025-01-01T00:46:00+00:00', '--job-id', '708', '--raw', '--subdir', 'DAGS_FOLDER/CovidE2EPipeDag.py', '--cfg-path', '/var/folders/vm/rn9v1g1j739_mq8j5pfl1yxm0000gn/T/tmpgo15kdkb']
[2025-01-03T22:47:42.305-0800] {standard_task_runner.py:105} INFO - Job 708: Subtask fetch_raw
[2025-01-03T22:47:42.359-0800] {task_command.py:467} INFO - Running <TaskInstance: CovidE2EPipeDag.fetch_raw scheduled__2025-01-01T00:46:00+00:00 [running]> on host Matthews-MacBook-Air.local
[2025-01-03T22:47:42.430-0800] {taskinstance.py:3132} INFO - Exporting env vars: AIRFLOW_CTX_DAG_OWNER='Matthew Horn' AIRFLOW_CTX_DAG_ID='CovidE2EPipeDag' AIRFLOW_CTX_TASK_ID='fetch_raw' AIRFLOW_CTX_EXECUTION_DATE='2025-01-01T00:46:00+00:00' AIRFLOW_CTX_TRY_NUMBER='1' AIRFLOW_CTX_DAG_RUN_ID='scheduled__2025-01-01T00:46:00+00:00'
[2025-01-03T22:47:42.433-0800] {logging_mixin.py:190} INFO - Task instance is in running state
[2025-01-03T22:47:42.433-0800] {logging_mixin.py:190} INFO -  Previous state of the Task instance: queued
[2025-01-03T22:47:42.434-0800] {logging_mixin.py:190} INFO - Current task name:fetch_raw state:running start_date:2025-01-04 06:47:42.269986+00:00
[2025-01-03T22:47:42.435-0800] {logging_mixin.py:190} INFO - Dag name:CovidE2EPipeDag and current dag run status:running
[2025-01-03T22:47:42.435-0800] {taskinstance.py:731} INFO - ::endgroup::
[2025-01-03T22:47:42.744-0800] {logging_mixin.py:190} INFO - industrial_production data was saved to /Users/matthewmac/airflow/data/raw/industrial_production_2025-01-03.csv
[2025-01-03T22:47:42.760-0800] {logging_mixin.py:190} INFO -   realtime_start realtime_end        date   value
0     2024-12-17   2024-12-17  1919-01-01  4.8654
1     2024-12-17   2024-12-17  1919-02-01  4.6504
2     2024-12-17   2024-12-17  1919-03-01   4.516
3     2024-12-17   2024-12-17  1919-04-01  4.5966
4     2024-12-17   2024-12-17  1919-05-01  4.6235
[2025-01-03T22:47:42.762-0800] {python.py:240} INFO - Done. Returned value was: None
[2025-01-03T22:47:42.768-0800] {taskinstance.py:340} INFO - ::group::Post task execution logs
[2025-01-03T22:47:42.769-0800] {taskinstance.py:352} INFO - Marking task as SUCCESS. dag_id=CovidE2EPipeDag, task_id=fetch_raw, run_id=scheduled__2025-01-01T00:46:00+00:00, execution_date=20250101T004600, start_date=20250104T064742, end_date=20250104T064742
[2025-01-03T22:47:42.779-0800] {logging_mixin.py:190} INFO - Task instance in success state
[2025-01-03T22:47:42.779-0800] {logging_mixin.py:190} INFO -  Previous state of the Task instance: running
[2025-01-03T22:47:42.780-0800] {logging_mixin.py:190} INFO - Dag name:CovidE2EPipeDag queued_at:2025-01-04 06:47:33.154002+00:00
[2025-01-03T22:47:42.780-0800] {logging_mixin.py:190} INFO - Task hostname:Matthews-MacBook-Air.local operator:PythonOperator
[2025-01-03T22:47:42.798-0800] {local_task_job_runner.py:266} INFO - Task exited with return code 0
[2025-01-03T22:47:42.827-0800] {taskinstance.py:3895} INFO - 1 downstream tasks scheduled from follow-on schedule check
[2025-01-03T22:47:42.830-0800] {local_task_job_runner.py:245} INFO - ::endgroup::
