[2025-01-03T21:39:23.643-0800] {local_task_job_runner.py:123} INFO - ::group::Pre task execution logs
[2025-01-03T21:39:23.662-0800] {taskinstance.py:2613} INFO - Dependencies all met for dep_context=non-requeueable deps ti=<TaskInstance: CovidE2EPipeDag.clean_up_sql_exe scheduled__2025-01-01T00:34:00+00:00 [queued]>
[2025-01-03T21:39:23.675-0800] {taskinstance.py:2613} INFO - Dependencies all met for dep_context=requeueable deps ti=<TaskInstance: CovidE2EPipeDag.clean_up_sql_exe scheduled__2025-01-01T00:34:00+00:00 [queued]>
[2025-01-03T21:39:23.676-0800] {taskinstance.py:2866} INFO - Starting attempt 1 of 2
[2025-01-03T21:39:23.699-0800] {taskinstance.py:2889} INFO - Executing <Task(BashOperator): clean_up_sql_exe> on 2025-01-01 00:34:00+00:00
[2025-01-03T21:39:23.703-0800] {standard_task_runner.py:72} INFO - Started process 70596 to run task
[2025-01-03T21:39:23.713-0800] {standard_task_runner.py:104} INFO - Running: ['airflow', 'tasks', 'run', 'CovidE2EPipeDag', 'clean_up_sql_exe', 'scheduled__2025-01-01T00:34:00+00:00', '--job-id', '596', '--raw', '--subdir', 'DAGS_FOLDER/CovidE2EPipeDag.py', '--cfg-path', '/var/folders/vm/rn9v1g1j739_mq8j5pfl1yxm0000gn/T/tmp3tt4h4jh']
[2025-01-03T21:39:23.717-0800] {standard_task_runner.py:105} INFO - Job 596: Subtask clean_up_sql_exe
[2025-01-03T21:39:23.789-0800] {task_command.py:467} INFO - Running <TaskInstance: CovidE2EPipeDag.clean_up_sql_exe scheduled__2025-01-01T00:34:00+00:00 [running]> on host Matthews-MacBook-Air.local
[2025-01-03T21:39:23.890-0800] {taskinstance.py:3132} INFO - Exporting env vars: AIRFLOW_CTX_DAG_OWNER='Matthew Horn' AIRFLOW_CTX_DAG_ID='CovidE2EPipeDag' AIRFLOW_CTX_TASK_ID='clean_up_sql_exe' AIRFLOW_CTX_EXECUTION_DATE='2025-01-01T00:34:00+00:00' AIRFLOW_CTX_TRY_NUMBER='1' AIRFLOW_CTX_DAG_RUN_ID='scheduled__2025-01-01T00:34:00+00:00'
[2025-01-03T21:39:23.892-0800] {logging_mixin.py:190} INFO - Task instance is in running state
[2025-01-03T21:39:23.893-0800] {logging_mixin.py:190} INFO -  Previous state of the Task instance: queued
[2025-01-03T21:39:23.894-0800] {logging_mixin.py:190} INFO - Current task name:clean_up_sql_exe state:running start_date:2025-01-04 05:39:23.662737+00:00
[2025-01-03T21:39:23.896-0800] {logging_mixin.py:190} INFO - Dag name:CovidE2EPipeDag and current dag run status:running
[2025-01-03T21:39:23.897-0800] {taskinstance.py:731} INFO - ::endgroup::
[2025-01-03T21:39:23.900-0800] {subprocess.py:78} INFO - Tmp dir root location: /var/folders/vm/rn9v1g1j739_mq8j5pfl1yxm0000gn/T
[2025-01-03T21:39:23.901-0800] {subprocess.py:88} INFO - Running command: ['/bin/bash', '-c', 'snow stage remove @raw_data_stage/load_staged_data_2025-01-03.sql;                   rm ~/airflow/helper_scripts/load_staged_data_2025-01-03.sql']
[2025-01-03T21:39:23.909-0800] {subprocess.py:99} INFO - Output:
[2025-01-03T21:39:29.796-0800] {subprocess.py:106} INFO - ╭─ Error ───────────────────────────────────╮
[2025-01-03T21:39:29.798-0800] {subprocess.py:106} INFO - │ Specified name                            │
[2025-01-03T21:39:29.799-0800] {subprocess.py:106} INFO - │ '@raw_data_stage/load_staged_data_2025-01 │
[2025-01-03T21:39:29.801-0800] {subprocess.py:106} INFO - │ -03.sql' is not valid name.               │
[2025-01-03T21:39:29.802-0800] {subprocess.py:106} INFO - ╰───────────────────────────────────────────╯
[2025-01-03T21:39:30.377-0800] {subprocess.py:110} INFO - Command exited with return code 0
[2025-01-03T21:39:30.410-0800] {taskinstance.py:340} INFO - ::group::Post task execution logs
[2025-01-03T21:39:30.413-0800] {taskinstance.py:352} INFO - Marking task as SUCCESS. dag_id=CovidE2EPipeDag, task_id=clean_up_sql_exe, run_id=scheduled__2025-01-01T00:34:00+00:00, execution_date=20250101T003400, start_date=20250104T053923, end_date=20250104T053930
[2025-01-03T21:39:30.430-0800] {logging_mixin.py:190} INFO - Task instance in success state
[2025-01-03T21:39:30.431-0800] {logging_mixin.py:190} INFO -  Previous state of the Task instance: running
[2025-01-03T21:39:30.433-0800] {logging_mixin.py:190} INFO - Dag name:CovidE2EPipeDag queued_at:2025-01-04 05:36:47.440912+00:00
[2025-01-03T21:39:30.435-0800] {logging_mixin.py:190} INFO - Task hostname:Matthews-MacBook-Air.local operator:BashOperator
[2025-01-03T21:39:30.485-0800] {local_task_job_runner.py:266} INFO - Task exited with return code 0
[2025-01-03T21:39:30.517-0800] {taskinstance.py:3895} INFO - 0 downstream tasks scheduled from follow-on schedule check
[2025-01-03T21:39:30.519-0800] {local_task_job_runner.py:245} INFO - ::endgroup::
