[2025-01-03T22:47:13.221-0800] {local_task_job_runner.py:123} INFO - ::group::Pre task execution logs
[2025-01-03T22:47:13.235-0800] {taskinstance.py:2613} INFO - Dependencies all met for dep_context=non-requeueable deps ti=<TaskInstance: CovidE2EPipeDag.clean_up_sql_exe scheduled__2025-01-01T00:45:00+00:00 [queued]>
[2025-01-03T22:47:13.244-0800] {taskinstance.py:2613} INFO - Dependencies all met for dep_context=requeueable deps ti=<TaskInstance: CovidE2EPipeDag.clean_up_sql_exe scheduled__2025-01-01T00:45:00+00:00 [queued]>
[2025-01-03T22:47:13.244-0800] {taskinstance.py:2866} INFO - Starting attempt 1 of 2
[2025-01-03T22:47:13.261-0800] {taskinstance.py:2889} INFO - Executing <Task(BashOperator): clean_up_sql_exe> on 2025-01-01 00:45:00+00:00
[2025-01-03T22:47:13.266-0800] {standard_task_runner.py:72} INFO - Started process 72630 to run task
[2025-01-03T22:47:13.275-0800] {standard_task_runner.py:104} INFO - Running: ['airflow', 'tasks', 'run', 'CovidE2EPipeDag', 'clean_up_sql_exe', 'scheduled__2025-01-01T00:45:00+00:00', '--job-id', '706', '--raw', '--subdir', 'DAGS_FOLDER/CovidE2EPipeDag.py', '--cfg-path', '/var/folders/vm/rn9v1g1j739_mq8j5pfl1yxm0000gn/T/tmp7pqvqvrb']
[2025-01-03T22:47:13.278-0800] {standard_task_runner.py:105} INFO - Job 706: Subtask clean_up_sql_exe
[2025-01-03T22:47:13.342-0800] {task_command.py:467} INFO - Running <TaskInstance: CovidE2EPipeDag.clean_up_sql_exe scheduled__2025-01-01T00:45:00+00:00 [running]> on host Matthews-MacBook-Air.local
[2025-01-03T22:47:13.429-0800] {taskinstance.py:3132} INFO - Exporting env vars: AIRFLOW_CTX_DAG_OWNER='Matthew Horn' AIRFLOW_CTX_DAG_ID='CovidE2EPipeDag' AIRFLOW_CTX_TASK_ID='clean_up_sql_exe' AIRFLOW_CTX_EXECUTION_DATE='2025-01-01T00:45:00+00:00' AIRFLOW_CTX_TRY_NUMBER='1' AIRFLOW_CTX_DAG_RUN_ID='scheduled__2025-01-01T00:45:00+00:00'
[2025-01-03T22:47:13.436-0800] {logging_mixin.py:190} INFO - Task instance is in running state
[2025-01-03T22:47:13.437-0800] {logging_mixin.py:190} INFO -  Previous state of the Task instance: queued
[2025-01-03T22:47:13.438-0800] {logging_mixin.py:190} INFO - Current task name:clean_up_sql_exe state:running start_date:2025-01-04 06:47:13.236235+00:00
[2025-01-03T22:47:13.438-0800] {logging_mixin.py:190} INFO - Dag name:CovidE2EPipeDag and current dag run status:running
[2025-01-03T22:47:13.439-0800] {taskinstance.py:731} INFO - ::endgroup::
[2025-01-03T22:47:13.440-0800] {subprocess.py:78} INFO - Tmp dir root location: /var/folders/vm/rn9v1g1j739_mq8j5pfl1yxm0000gn/T
[2025-01-03T22:47:13.441-0800] {subprocess.py:88} INFO - Running command: ['/bin/bash', '-c', 'snow stage remove @raw_data_stage/load_staged_data_2025-01-03.sql;                   rm ~/airflow/helper_scripts/load_staged_data_2025-01-03.sql']
[2025-01-03T22:47:13.453-0800] {subprocess.py:99} INFO - Output:
[2025-01-03T22:47:16.165-0800] {subprocess.py:106} INFO - ╭─ Error ──────────────────────────────────────────────────────────────╮
[2025-01-03T22:47:16.167-0800] {subprocess.py:106} INFO - │ Specified name '@raw_data_stage/load_staged_data_2025-01-03.sql' is  │
[2025-01-03T22:47:16.167-0800] {subprocess.py:106} INFO - │ not valid name.                                                      │
[2025-01-03T22:47:16.168-0800] {subprocess.py:106} INFO - ╰──────────────────────────────────────────────────────────────────────╯
[2025-01-03T22:47:16.429-0800] {subprocess.py:110} INFO - Command exited with return code 0
[2025-01-03T22:47:16.452-0800] {taskinstance.py:340} INFO - ::group::Post task execution logs
[2025-01-03T22:47:16.453-0800] {taskinstance.py:352} INFO - Marking task as SUCCESS. dag_id=CovidE2EPipeDag, task_id=clean_up_sql_exe, run_id=scheduled__2025-01-01T00:45:00+00:00, execution_date=20250101T004500, start_date=20250104T064713, end_date=20250104T064716
[2025-01-03T22:47:16.464-0800] {logging_mixin.py:190} INFO - Task instance in success state
[2025-01-03T22:47:16.465-0800] {logging_mixin.py:190} INFO -  Previous state of the Task instance: running
[2025-01-03T22:47:16.465-0800] {logging_mixin.py:190} INFO - Dag name:CovidE2EPipeDag queued_at:2025-01-04 06:45:29.006521+00:00
[2025-01-03T22:47:16.466-0800] {logging_mixin.py:190} INFO - Task hostname:Matthews-MacBook-Air.local operator:BashOperator
[2025-01-03T22:47:16.504-0800] {local_task_job_runner.py:266} INFO - Task exited with return code 0
[2025-01-03T22:47:16.534-0800] {taskinstance.py:3895} INFO - 0 downstream tasks scheduled from follow-on schedule check
[2025-01-03T22:47:16.535-0800] {local_task_job_runner.py:245} INFO - ::endgroup::
