[2025-01-01T17:51:08.279-0800] {local_task_job_runner.py:123} INFO - ::group::Pre task execution logs
[2025-01-01T17:51:08.292-0800] {taskinstance.py:2613} INFO - Dependencies all met for dep_context=non-requeueable deps ti=<TaskInstance: CovidE2EPipeDag.print2 scheduled__2025-01-01T18:04:00+00:00 [queued]>
[2025-01-01T17:51:08.299-0800] {taskinstance.py:2613} INFO - Dependencies all met for dep_context=requeueable deps ti=<TaskInstance: CovidE2EPipeDag.print2 scheduled__2025-01-01T18:04:00+00:00 [queued]>
[2025-01-01T17:51:08.300-0800] {taskinstance.py:2866} INFO - Starting attempt 1 of 2
[2025-01-01T17:51:08.315-0800] {taskinstance.py:2889} INFO - Executing <Task(PythonOperator): print2> on 2025-01-01 18:04:00+00:00
[2025-01-01T17:51:08.318-0800] {standard_task_runner.py:72} INFO - Started process 30437 to run task
[2025-01-01T17:51:08.326-0800] {standard_task_runner.py:104} INFO - Running: ['airflow', 'tasks', 'run', 'CovidE2EPipeDag', 'print2', 'scheduled__2025-01-01T18:04:00+00:00', '--job-id', '60', '--raw', '--subdir', 'DAGS_FOLDER/test_dag.py', '--cfg-path', '/var/folders/vm/rn9v1g1j739_mq8j5pfl1yxm0000gn/T/tmpilrj3_c7']
[2025-01-01T17:51:08.329-0800] {standard_task_runner.py:105} INFO - Job 60: Subtask print2
[2025-01-01T17:51:08.384-0800] {task_command.py:467} INFO - Running <TaskInstance: CovidE2EPipeDag.print2 scheduled__2025-01-01T18:04:00+00:00 [running]> on host Matthews-MacBook-Air.local
[2025-01-01T17:51:08.468-0800] {taskinstance.py:3132} INFO - Exporting env vars: AIRFLOW_CTX_DAG_OWNER='Matthew Horn' AIRFLOW_CTX_DAG_ID='CovidE2EPipeDag' AIRFLOW_CTX_TASK_ID='print2' AIRFLOW_CTX_EXECUTION_DATE='2025-01-01T18:04:00+00:00' AIRFLOW_CTX_TRY_NUMBER='1' AIRFLOW_CTX_DAG_RUN_ID='scheduled__2025-01-01T18:04:00+00:00'
[2025-01-01T17:51:08.470-0800] {logging_mixin.py:190} INFO - Task instance is in running state
[2025-01-01T17:51:08.471-0800] {logging_mixin.py:190} INFO -  Previous state of the Task instance: queued
[2025-01-01T17:51:08.472-0800] {logging_mixin.py:190} INFO - Current task name:print2 state:running start_date:2025-01-02 01:51:08.292454+00:00
[2025-01-01T17:51:08.472-0800] {logging_mixin.py:190} INFO - Dag name:CovidE2EPipeDag and current dag run status:running
[2025-01-01T17:51:08.473-0800] {taskinstance.py:731} INFO - ::endgroup::
[2025-01-01T17:51:08.474-0800] {logging_mixin.py:190} INFO - Two
[2025-01-01T17:51:08.474-0800] {python.py:240} INFO - Done. Returned value was: None
[2025-01-01T17:51:08.480-0800] {taskinstance.py:340} INFO - ::group::Post task execution logs
[2025-01-01T17:51:08.481-0800] {taskinstance.py:352} INFO - Marking task as SUCCESS. dag_id=CovidE2EPipeDag, task_id=print2, run_id=scheduled__2025-01-01T18:04:00+00:00, execution_date=20250101T180400, start_date=20250102T015108, end_date=20250102T015108
[2025-01-01T17:51:08.491-0800] {logging_mixin.py:190} INFO - Task instance in success state
[2025-01-01T17:51:08.491-0800] {logging_mixin.py:190} INFO -  Previous state of the Task instance: running
[2025-01-01T17:51:08.492-0800] {logging_mixin.py:190} INFO - Dag name:CovidE2EPipeDag queued_at:2025-01-02 01:50:38.488186+00:00
[2025-01-01T17:51:08.493-0800] {logging_mixin.py:190} INFO - Task hostname:Matthews-MacBook-Air.local operator:PythonOperator
[2025-01-01T17:51:08.539-0800] {local_task_job_runner.py:266} INFO - Task exited with return code 0
[2025-01-01T17:51:08.563-0800] {taskinstance.py:3895} INFO - 0 downstream tasks scheduled from follow-on schedule check
[2025-01-01T17:51:08.564-0800] {local_task_job_runner.py:245} INFO - ::endgroup::
