[2025-01-08T14:55:36.762-0800] {local_task_job_runner.py:123} INFO - ::group::Pre task execution logs
[2025-01-08T14:55:36.781-0800] {taskinstance.py:2613} INFO - Dependencies all met for dep_context=non-requeueable deps ti=<TaskInstance: CovidE2EPipeDag.insert_staged_raw_data manual__2025-01-08T22:48:04.043633+00:00 [queued]>
[2025-01-08T14:55:36.790-0800] {taskinstance.py:2613} INFO - Dependencies all met for dep_context=requeueable deps ti=<TaskInstance: CovidE2EPipeDag.insert_staged_raw_data manual__2025-01-08T22:48:04.043633+00:00 [queued]>
[2025-01-08T14:55:36.791-0800] {taskinstance.py:2866} INFO - Starting attempt 1 of 2
[2025-01-08T14:55:36.807-0800] {taskinstance.py:2889} INFO - Executing <Task(BashOperator): insert_staged_raw_data> on 2025-01-08 22:48:04.043633+00:00
[2025-01-08T14:55:36.811-0800] {standard_task_runner.py:72} INFO - Started process 12103 to run task
[2025-01-08T14:55:36.829-0800] {standard_task_runner.py:104} INFO - Running: ['airflow', 'tasks', 'run', 'CovidE2EPipeDag', 'insert_staged_raw_data', 'manual__2025-01-08T22:48:04.043633+00:00', '--job-id', '1393', '--raw', '--subdir', 'DAGS_FOLDER/CovidE2EPipeDag.py', '--cfg-path', '/var/folders/vm/rn9v1g1j739_mq8j5pfl1yxm0000gn/T/tmp36ye2ytj']
[2025-01-08T14:55:36.849-0800] {standard_task_runner.py:105} INFO - Job 1393: Subtask insert_staged_raw_data
[2025-01-08T14:55:36.944-0800] {task_command.py:467} INFO - Running <TaskInstance: CovidE2EPipeDag.insert_staged_raw_data manual__2025-01-08T22:48:04.043633+00:00 [running]> on host Matthews-MacBook-Air.local
[2025-01-08T14:55:37.082-0800] {taskinstance.py:3132} INFO - Exporting env vars: AIRFLOW_CTX_DAG_OWNER='Matthew Horn' AIRFLOW_CTX_DAG_ID='CovidE2EPipeDag' AIRFLOW_CTX_TASK_ID='insert_staged_raw_data' AIRFLOW_CTX_EXECUTION_DATE='2025-01-08T22:48:04.043633+00:00' AIRFLOW_CTX_TRY_NUMBER='1' AIRFLOW_CTX_DAG_RUN_ID='manual__2025-01-08T22:48:04.043633+00:00'
[2025-01-08T14:55:37.086-0800] {taskinstance.py:731} INFO - ::endgroup::
[2025-01-08T14:55:37.151-0800] {subprocess.py:78} INFO - Tmp dir root location: /var/folders/vm/rn9v1g1j739_mq8j5pfl1yxm0000gn/T
[2025-01-08T14:55:37.152-0800] {subprocess.py:88} INFO - Running command: ['/bin/bash', '-c', 'snow stage execute @CovidE2EPipeDatabase.raw_data.raw_data_stage/load_staged_data_2025-01-08.sql']
[2025-01-08T14:55:37.162-0800] {subprocess.py:99} INFO - Output:
[2025-01-08T14:55:50.324-0800] {subprocess.py:106} INFO - SUCCESS - @CovidE2EPipeDatabase.raw_data.raw_data_stage/load_staged_data_2025-01-08.sql
[2025-01-08T14:55:50.331-0800] {subprocess.py:106} INFO - +-----------------------+
[2025-01-08T14:55:50.332-0800] {subprocess.py:106} INFO - |       | Statu |       |
[2025-01-08T14:55:50.333-0800] {subprocess.py:106} INFO - | File  | s     | Error |
[2025-01-08T14:55:50.334-0800] {subprocess.py:106} INFO - |-------+-------+-------|
[2025-01-08T14:55:50.335-0800] {subprocess.py:106} INFO - | @Covi | SUCCE | None  |
[2025-01-08T14:55:50.336-0800] {subprocess.py:106} INFO - | dE2EP | SS    |       |
[2025-01-08T14:55:50.337-0800] {subprocess.py:106} INFO - | ipeDa |       |       |
[2025-01-08T14:55:50.338-0800] {subprocess.py:106} INFO - | tabas |       |       |
[2025-01-08T14:55:50.340-0800] {subprocess.py:106} INFO - | e.raw |       |       |
[2025-01-08T14:55:50.341-0800] {subprocess.py:106} INFO - | _data |       |       |
[2025-01-08T14:55:50.342-0800] {subprocess.py:106} INFO - | .raw_ |       |       |
[2025-01-08T14:55:50.343-0800] {subprocess.py:106} INFO - | data_ |       |       |
[2025-01-08T14:55:50.344-0800] {subprocess.py:106} INFO - | stage |       |       |
[2025-01-08T14:55:50.345-0800] {subprocess.py:106} INFO - | /load |       |       |
[2025-01-08T14:55:50.346-0800] {subprocess.py:106} INFO - | _stag |       |       |
[2025-01-08T14:55:50.347-0800] {subprocess.py:106} INFO - | ed_da |       |       |
[2025-01-08T14:55:50.348-0800] {subprocess.py:106} INFO - | ta_20 |       |       |
[2025-01-08T14:55:50.348-0800] {subprocess.py:106} INFO - | 25-01 |       |       |
[2025-01-08T14:55:50.349-0800] {subprocess.py:106} INFO - | -08.s |       |       |
[2025-01-08T14:55:50.350-0800] {subprocess.py:106} INFO - | ql    |       |       |
[2025-01-08T14:55:50.351-0800] {subprocess.py:106} INFO - +-----------------------+
[2025-01-08T14:55:50.816-0800] {subprocess.py:110} INFO - Command exited with return code 0
[2025-01-08T14:55:50.844-0800] {taskinstance.py:340} INFO - ::group::Post task execution logs
[2025-01-08T14:55:50.846-0800] {taskinstance.py:352} INFO - Marking task as SUCCESS. dag_id=CovidE2EPipeDag, task_id=insert_staged_raw_data, run_id=manual__2025-01-08T22:48:04.043633+00:00, execution_date=20250108T224804, start_date=20250108T225536, end_date=20250108T225550
[2025-01-08T14:55:50.894-0800] {local_task_job_runner.py:266} INFO - Task exited with return code 0
[2025-01-08T14:55:50.932-0800] {taskinstance.py:3895} INFO - 3 downstream tasks scheduled from follow-on schedule check
[2025-01-08T14:55:50.938-0800] {local_task_job_runner.py:245} INFO - ::endgroup::
