[2025-01-01T18:42:41.677-0800] {local_task_job_runner.py:123} INFO - ::group::Pre task execution logs
[2025-01-01T18:42:41.694-0800] {taskinstance.py:2613} INFO - Dependencies all met for dep_context=non-requeueable deps ti=<TaskInstance: CovidE2EPipeDag.echo1 scheduled__2025-01-01T18:47:00+00:00 [queued]>
[2025-01-01T18:42:41.705-0800] {taskinstance.py:2613} INFO - Dependencies all met for dep_context=requeueable deps ti=<TaskInstance: CovidE2EPipeDag.echo1 scheduled__2025-01-01T18:47:00+00:00 [queued]>
[2025-01-01T18:42:41.706-0800] {taskinstance.py:2866} INFO - Starting attempt 3 of 2
[2025-01-01T18:42:41.723-0800] {taskinstance.py:2889} INFO - Executing <Task(BashOperator): echo1> on 2025-01-01 18:47:00+00:00
[2025-01-01T18:42:41.726-0800] {standard_task_runner.py:72} INFO - Started process 34095 to run task
[2025-01-01T18:42:41.739-0800] {standard_task_runner.py:104} INFO - Running: ['airflow', 'tasks', 'run', 'CovidE2EPipeDag', 'echo1', 'scheduled__2025-01-01T18:47:00+00:00', '--job-id', '114', '--raw', '--subdir', 'DAGS_FOLDER/test_dag.py', '--cfg-path', '/var/folders/vm/rn9v1g1j739_mq8j5pfl1yxm0000gn/T/tmpoxnq9m5h']
[2025-01-01T18:42:41.742-0800] {standard_task_runner.py:105} INFO - Job 114: Subtask echo1
[2025-01-01T18:42:41.825-0800] {task_command.py:467} INFO - Running <TaskInstance: CovidE2EPipeDag.echo1 scheduled__2025-01-01T18:47:00+00:00 [running]> on host Matthews-MacBook-Air.local
[2025-01-01T18:42:41.915-0800] {taskinstance.py:3132} INFO - Exporting env vars: AIRFLOW_CTX_DAG_OWNER='Matthew Horn' AIRFLOW_CTX_DAG_ID='CovidE2EPipeDag' AIRFLOW_CTX_TASK_ID='echo1' AIRFLOW_CTX_EXECUTION_DATE='2025-01-01T18:47:00+00:00' AIRFLOW_CTX_TRY_NUMBER='3' AIRFLOW_CTX_DAG_RUN_ID='scheduled__2025-01-01T18:47:00+00:00'
[2025-01-01T18:42:41.918-0800] {logging_mixin.py:190} INFO - Task instance is in running state
[2025-01-01T18:42:41.919-0800] {logging_mixin.py:190} INFO -  Previous state of the Task instance: queued
[2025-01-01T18:42:41.920-0800] {logging_mixin.py:190} INFO - Current task name:echo1 state:running start_date:2025-01-02 02:42:41.695503+00:00
[2025-01-01T18:42:41.920-0800] {logging_mixin.py:190} INFO - Dag name:CovidE2EPipeDag and current dag run status:running
[2025-01-01T18:42:41.922-0800] {taskinstance.py:731} INFO - ::endgroup::
[2025-01-01T18:42:41.924-0800] {subprocess.py:78} INFO - Tmp dir root location: /var/folders/vm/rn9v1g1j739_mq8j5pfl1yxm0000gn/T
[2025-01-01T18:42:41.925-0800] {subprocess.py:88} INFO - Running command: ['/bin/bash', '-c', 'echo One']
[2025-01-01T18:42:41.940-0800] {subprocess.py:99} INFO - Output:
[2025-01-01T18:42:41.948-0800] {subprocess.py:106} INFO - One
[2025-01-01T18:42:41.949-0800] {subprocess.py:110} INFO - Command exited with return code 0
[2025-01-01T18:42:41.977-0800] {taskinstance.py:340} INFO - ::group::Post task execution logs
[2025-01-01T18:42:41.980-0800] {taskinstance.py:352} INFO - Marking task as SUCCESS. dag_id=CovidE2EPipeDag, task_id=echo1, run_id=scheduled__2025-01-01T18:47:00+00:00, execution_date=20250101T184700, start_date=20250102T024241, end_date=20250102T024241
[2025-01-01T18:42:41.994-0800] {logging_mixin.py:190} INFO - Task instance in success state
[2025-01-01T18:42:41.994-0800] {logging_mixin.py:190} INFO -  Previous state of the Task instance: running
[2025-01-01T18:42:41.995-0800] {logging_mixin.py:190} INFO - Dag name:CovidE2EPipeDag queued_at:2025-01-02 02:08:15.850509+00:00
[2025-01-01T18:42:41.996-0800] {logging_mixin.py:190} INFO - Task hostname:Matthews-MacBook-Air.local operator:BashOperator
[2025-01-01T18:42:42.011-0800] {local_task_job_runner.py:266} INFO - Task exited with return code 0
[2025-01-01T18:42:42.044-0800] {taskinstance.py:3895} INFO - 2 downstream tasks scheduled from follow-on schedule check
[2025-01-01T18:42:42.051-0800] {local_task_job_runner.py:245} INFO - ::endgroup::
