[2025-01-08T13:03:24.304-0800] {local_task_job_runner.py:123} INFO - ::group::Pre task execution logs
[2025-01-08T13:03:24.320-0800] {taskinstance.py:2613} INFO - Dependencies all met for dep_context=non-requeueable deps ti=<TaskInstance: CovidE2EPipeDag.clean_up_sql_exe manual__2025-01-08T20:55:26.931673+00:00 [queued]>
[2025-01-08T13:03:24.332-0800] {taskinstance.py:2613} INFO - Dependencies all met for dep_context=requeueable deps ti=<TaskInstance: CovidE2EPipeDag.clean_up_sql_exe manual__2025-01-08T20:55:26.931673+00:00 [queued]>
[2025-01-08T13:03:24.333-0800] {taskinstance.py:2866} INFO - Starting attempt 1 of 2
[2025-01-08T13:03:24.351-0800] {taskinstance.py:2889} INFO - Executing <Task(BashOperator): clean_up_sql_exe> on 2025-01-08 20:55:26.931673+00:00
[2025-01-08T13:03:24.356-0800] {standard_task_runner.py:72} INFO - Started process 4159 to run task
[2025-01-08T13:03:24.365-0800] {standard_task_runner.py:104} INFO - Running: ['airflow', 'tasks', 'run', 'CovidE2EPipeDag', 'clean_up_sql_exe', 'manual__2025-01-08T20:55:26.931673+00:00', '--job-id', '1186', '--raw', '--subdir', 'DAGS_FOLDER/CovidE2EPipeDag.py', '--cfg-path', '/var/folders/vm/rn9v1g1j739_mq8j5pfl1yxm0000gn/T/tmpzz5bz_t6']
[2025-01-08T13:03:24.368-0800] {standard_task_runner.py:105} INFO - Job 1186: Subtask clean_up_sql_exe
[2025-01-08T13:03:24.425-0800] {task_command.py:467} INFO - Running <TaskInstance: CovidE2EPipeDag.clean_up_sql_exe manual__2025-01-08T20:55:26.931673+00:00 [running]> on host Matthews-MacBook-Air.local
[2025-01-08T13:03:24.515-0800] {taskinstance.py:3132} INFO - Exporting env vars: AIRFLOW_CTX_DAG_OWNER='Matthew Horn' AIRFLOW_CTX_DAG_ID='CovidE2EPipeDag' AIRFLOW_CTX_TASK_ID='clean_up_sql_exe' AIRFLOW_CTX_EXECUTION_DATE='2025-01-08T20:55:26.931673+00:00' AIRFLOW_CTX_TRY_NUMBER='1' AIRFLOW_CTX_DAG_RUN_ID='manual__2025-01-08T20:55:26.931673+00:00'
[2025-01-08T13:03:24.516-0800] {taskinstance.py:731} INFO - ::endgroup::
[2025-01-08T13:03:24.538-0800] {subprocess.py:78} INFO - Tmp dir root location: /var/folders/vm/rn9v1g1j739_mq8j5pfl1yxm0000gn/T
[2025-01-08T13:03:24.539-0800] {subprocess.py:88} INFO - Running command: ['/bin/bash', '-c', 'snow stage remove @CovidE2EPipeDatabase.raw_dataraw_data_stage/load_staged_data_2025-01-08.sql;                   rm /Users/matthewmac/airflow/helper_scripts/load_staged_data_2025-01-08.sql']
[2025-01-08T13:03:24.548-0800] {subprocess.py:99} INFO - Output:
[2025-01-08T13:03:27.361-0800] {subprocess.py:106} INFO - ╭─ Error ───────────────────────────────────────╮
[2025-01-08T13:03:27.362-0800] {subprocess.py:106} INFO - │ Specified name                                │
[2025-01-08T13:03:27.364-0800] {subprocess.py:106} INFO - │ '@CovidE2EPipeDatabase.raw_dataraw_data_stage │
[2025-01-08T13:03:27.364-0800] {subprocess.py:106} INFO - │ /load_staged_data_2025-01-08.sql' is not      │
[2025-01-08T13:03:27.365-0800] {subprocess.py:106} INFO - │ valid name.                                   │
[2025-01-08T13:03:27.366-0800] {subprocess.py:106} INFO - ╰───────────────────────────────────────────────╯
[2025-01-08T13:03:27.653-0800] {subprocess.py:110} INFO - Command exited with return code 0
[2025-01-08T13:03:27.677-0800] {taskinstance.py:340} INFO - ::group::Post task execution logs
[2025-01-08T13:03:27.678-0800] {taskinstance.py:352} INFO - Marking task as SUCCESS. dag_id=CovidE2EPipeDag, task_id=clean_up_sql_exe, run_id=manual__2025-01-08T20:55:26.931673+00:00, execution_date=20250108T205526, start_date=20250108T210324, end_date=20250108T210327
[2025-01-08T13:03:27.714-0800] {local_task_job_runner.py:266} INFO - Task exited with return code 0
[2025-01-08T13:03:27.738-0800] {taskinstance.py:3895} INFO - 0 downstream tasks scheduled from follow-on schedule check
[2025-01-08T13:03:27.739-0800] {local_task_job_runner.py:245} INFO - ::endgroup::
