[2025-01-01T14:43:00.263-0800] {processor.py:186} INFO - Started process (PID=23736) to work on /opt/anaconda3/envs/airflow_env/lib/python3.9/site-packages/airflow/example_dags/example_short_circuit_operator.py
[2025-01-01T14:43:00.264-0800] {processor.py:914} INFO - Processing file /opt/anaconda3/envs/airflow_env/lib/python3.9/site-packages/airflow/example_dags/example_short_circuit_operator.py for tasks to queue
[2025-01-01T14:43:00.265-0800] {logging_mixin.py:190} INFO - [2025-01-01T14:43:00.265-0800] {dagbag.py:588} INFO - Filling up the DagBag from /opt/anaconda3/envs/airflow_env/lib/python3.9/site-packages/airflow/example_dags/example_short_circuit_operator.py
[2025-01-01T14:43:00.302-0800] {processor.py:925} INFO - DAG(s) 'example_short_circuit_operator' retrieved from /opt/anaconda3/envs/airflow_env/lib/python3.9/site-packages/airflow/example_dags/example_short_circuit_operator.py
[2025-01-01T14:43:00.578-0800] {logging_mixin.py:190} INFO - [2025-01-01T14:43:00.577-0800] {override.py:1911} INFO - Created Permission View: can read on DAG:example_short_circuit_operator
[2025-01-01T14:43:00.591-0800] {logging_mixin.py:190} INFO - [2025-01-01T14:43:00.591-0800] {override.py:1911} INFO - Created Permission View: can edit on DAG:example_short_circuit_operator
[2025-01-01T14:43:00.600-0800] {logging_mixin.py:190} INFO - [2025-01-01T14:43:00.600-0800] {override.py:1911} INFO - Created Permission View: can delete on DAG:example_short_circuit_operator
[2025-01-01T14:43:00.612-0800] {logging_mixin.py:190} INFO - [2025-01-01T14:43:00.612-0800] {override.py:1911} INFO - Created Permission View: can read on DAG Run:example_short_circuit_operator
[2025-01-01T14:43:00.620-0800] {logging_mixin.py:190} INFO - [2025-01-01T14:43:00.619-0800] {override.py:1911} INFO - Created Permission View: can create on DAG Run:example_short_circuit_operator
[2025-01-01T14:43:00.628-0800] {logging_mixin.py:190} INFO - [2025-01-01T14:43:00.627-0800] {override.py:1911} INFO - Created Permission View: menu access on DAG Run:example_short_circuit_operator
[2025-01-01T14:43:00.636-0800] {logging_mixin.py:190} INFO - [2025-01-01T14:43:00.636-0800] {override.py:1911} INFO - Created Permission View: can delete on DAG Run:example_short_circuit_operator
[2025-01-01T14:43:00.637-0800] {logging_mixin.py:190} INFO - [2025-01-01T14:43:00.637-0800] {dag.py:3239} INFO - Sync 1 DAGs
[2025-01-01T14:43:00.652-0800] {logging_mixin.py:190} INFO - [2025-01-01T14:43:00.652-0800] {dag.py:3262} INFO - Creating ORM DAG for example_short_circuit_operator
[2025-01-01T14:43:00.654-0800] {logging_mixin.py:190} INFO - [2025-01-01T14:43:00.654-0800] {dag.py:4180} INFO - Setting next_dagrun for example_short_circuit_operator to None, run_after=None
[2025-01-01T14:43:00.685-0800] {processor.py:208} INFO - Processing /opt/anaconda3/envs/airflow_env/lib/python3.9/site-packages/airflow/example_dags/example_short_circuit_operator.py took 0.427 seconds
[2025-01-01T14:47:16.959-0800] {processor.py:186} INFO - Started process (PID=23942) to work on /opt/anaconda3/envs/airflow_env/lib/python3.9/site-packages/airflow/example_dags/example_short_circuit_operator.py
[2025-01-01T14:47:16.961-0800] {processor.py:914} INFO - Processing file /opt/anaconda3/envs/airflow_env/lib/python3.9/site-packages/airflow/example_dags/example_short_circuit_operator.py for tasks to queue
[2025-01-01T14:47:16.963-0800] {logging_mixin.py:190} INFO - [2025-01-01T14:47:16.963-0800] {dagbag.py:588} INFO - Filling up the DagBag from /opt/anaconda3/envs/airflow_env/lib/python3.9/site-packages/airflow/example_dags/example_short_circuit_operator.py
[2025-01-01T14:47:16.997-0800] {processor.py:925} INFO - DAG(s) 'example_short_circuit_operator' retrieved from /opt/anaconda3/envs/airflow_env/lib/python3.9/site-packages/airflow/example_dags/example_short_circuit_operator.py
[2025-01-01T14:47:17.176-0800] {logging_mixin.py:190} INFO - [2025-01-01T14:47:17.175-0800] {dag.py:3239} INFO - Sync 1 DAGs
[2025-01-01T14:47:17.191-0800] {logging_mixin.py:190} INFO - [2025-01-01T14:47:17.191-0800] {dag.py:4180} INFO - Setting next_dagrun for example_short_circuit_operator to None, run_after=None
[2025-01-01T14:47:17.215-0800] {processor.py:208} INFO - Processing /opt/anaconda3/envs/airflow_env/lib/python3.9/site-packages/airflow/example_dags/example_short_circuit_operator.py took 0.260 seconds
[2025-01-01T14:50:56.159-0800] {processor.py:186} INFO - Started process (PID=24128) to work on /opt/anaconda3/envs/airflow_env/lib/python3.9/site-packages/airflow/example_dags/example_short_circuit_operator.py
[2025-01-01T14:50:56.162-0800] {processor.py:914} INFO - Processing file /opt/anaconda3/envs/airflow_env/lib/python3.9/site-packages/airflow/example_dags/example_short_circuit_operator.py for tasks to queue
[2025-01-01T14:50:56.164-0800] {logging_mixin.py:190} INFO - [2025-01-01T14:50:56.164-0800] {dagbag.py:588} INFO - Filling up the DagBag from /opt/anaconda3/envs/airflow_env/lib/python3.9/site-packages/airflow/example_dags/example_short_circuit_operator.py
[2025-01-01T14:50:56.220-0800] {processor.py:925} INFO - DAG(s) 'example_short_circuit_operator' retrieved from /opt/anaconda3/envs/airflow_env/lib/python3.9/site-packages/airflow/example_dags/example_short_circuit_operator.py
[2025-01-01T14:50:56.446-0800] {logging_mixin.py:190} INFO - [2025-01-01T14:50:56.444-0800] {dag.py:3239} INFO - Sync 1 DAGs
[2025-01-01T14:50:56.484-0800] {logging_mixin.py:190} INFO - [2025-01-01T14:50:56.484-0800] {dag.py:4180} INFO - Setting next_dagrun for example_short_circuit_operator to None, run_after=None
[2025-01-01T14:50:56.522-0800] {processor.py:208} INFO - Processing /opt/anaconda3/envs/airflow_env/lib/python3.9/site-packages/airflow/example_dags/example_short_circuit_operator.py took 0.371 seconds
[2025-01-01T14:54:32.298-0800] {processor.py:186} INFO - Started process (PID=24313) to work on /opt/anaconda3/envs/airflow_env/lib/python3.9/site-packages/airflow/example_dags/example_short_circuit_operator.py
[2025-01-01T14:54:32.301-0800] {processor.py:914} INFO - Processing file /opt/anaconda3/envs/airflow_env/lib/python3.9/site-packages/airflow/example_dags/example_short_circuit_operator.py for tasks to queue
[2025-01-01T14:54:32.302-0800] {logging_mixin.py:190} INFO - [2025-01-01T14:54:32.302-0800] {dagbag.py:588} INFO - Filling up the DagBag from /opt/anaconda3/envs/airflow_env/lib/python3.9/site-packages/airflow/example_dags/example_short_circuit_operator.py
[2025-01-01T14:54:32.383-0800] {processor.py:925} INFO - DAG(s) 'example_short_circuit_operator' retrieved from /opt/anaconda3/envs/airflow_env/lib/python3.9/site-packages/airflow/example_dags/example_short_circuit_operator.py
[2025-01-01T14:54:32.598-0800] {logging_mixin.py:190} INFO - [2025-01-01T14:54:32.597-0800] {dag.py:3239} INFO - Sync 1 DAGs
[2025-01-01T14:54:32.617-0800] {logging_mixin.py:190} INFO - [2025-01-01T14:54:32.617-0800] {dag.py:4180} INFO - Setting next_dagrun for example_short_circuit_operator to None, run_after=None
[2025-01-01T14:54:32.650-0800] {processor.py:208} INFO - Processing /opt/anaconda3/envs/airflow_env/lib/python3.9/site-packages/airflow/example_dags/example_short_circuit_operator.py took 0.360 seconds
[2025-01-01T14:58:18.716-0800] {processor.py:186} INFO - Started process (PID=24488) to work on /opt/anaconda3/envs/airflow_env/lib/python3.9/site-packages/airflow/example_dags/example_short_circuit_operator.py
[2025-01-01T14:58:18.718-0800] {processor.py:914} INFO - Processing file /opt/anaconda3/envs/airflow_env/lib/python3.9/site-packages/airflow/example_dags/example_short_circuit_operator.py for tasks to queue
[2025-01-01T14:58:18.720-0800] {logging_mixin.py:190} INFO - [2025-01-01T14:58:18.720-0800] {dagbag.py:588} INFO - Filling up the DagBag from /opt/anaconda3/envs/airflow_env/lib/python3.9/site-packages/airflow/example_dags/example_short_circuit_operator.py
[2025-01-01T14:58:18.782-0800] {processor.py:925} INFO - DAG(s) 'example_short_circuit_operator' retrieved from /opt/anaconda3/envs/airflow_env/lib/python3.9/site-packages/airflow/example_dags/example_short_circuit_operator.py
[2025-01-01T14:58:19.049-0800] {logging_mixin.py:190} INFO - [2025-01-01T14:58:19.049-0800] {dag.py:3239} INFO - Sync 1 DAGs
[2025-01-01T14:58:19.070-0800] {logging_mixin.py:190} INFO - [2025-01-01T14:58:19.070-0800] {dag.py:4180} INFO - Setting next_dagrun for example_short_circuit_operator to None, run_after=None
[2025-01-01T14:58:19.107-0800] {processor.py:208} INFO - Processing /opt/anaconda3/envs/airflow_env/lib/python3.9/site-packages/airflow/example_dags/example_short_circuit_operator.py took 0.397 seconds
[2025-01-01T15:02:02.288-0800] {processor.py:186} INFO - Started process (PID=24707) to work on /opt/anaconda3/envs/airflow_env/lib/python3.9/site-packages/airflow/example_dags/example_short_circuit_operator.py
[2025-01-01T15:02:02.291-0800] {processor.py:914} INFO - Processing file /opt/anaconda3/envs/airflow_env/lib/python3.9/site-packages/airflow/example_dags/example_short_circuit_operator.py for tasks to queue
[2025-01-01T15:02:02.293-0800] {logging_mixin.py:190} INFO - [2025-01-01T15:02:02.293-0800] {dagbag.py:588} INFO - Filling up the DagBag from /opt/anaconda3/envs/airflow_env/lib/python3.9/site-packages/airflow/example_dags/example_short_circuit_operator.py
[2025-01-01T15:02:02.333-0800] {processor.py:925} INFO - DAG(s) 'example_short_circuit_operator' retrieved from /opt/anaconda3/envs/airflow_env/lib/python3.9/site-packages/airflow/example_dags/example_short_circuit_operator.py
[2025-01-01T15:02:02.533-0800] {logging_mixin.py:190} INFO - [2025-01-01T15:02:02.533-0800] {dag.py:3239} INFO - Sync 1 DAGs
[2025-01-01T15:02:02.550-0800] {logging_mixin.py:190} INFO - [2025-01-01T15:02:02.550-0800] {dag.py:4180} INFO - Setting next_dagrun for example_short_circuit_operator to None, run_after=None
[2025-01-01T15:02:02.573-0800] {processor.py:208} INFO - Processing /opt/anaconda3/envs/airflow_env/lib/python3.9/site-packages/airflow/example_dags/example_short_circuit_operator.py took 0.294 seconds
[2025-01-01T15:08:14.523-0800] {processor.py:186} INFO - Started process (PID=24897) to work on /opt/anaconda3/envs/airflow_env/lib/python3.9/site-packages/airflow/example_dags/example_short_circuit_operator.py
[2025-01-01T15:08:14.527-0800] {processor.py:914} INFO - Processing file /opt/anaconda3/envs/airflow_env/lib/python3.9/site-packages/airflow/example_dags/example_short_circuit_operator.py for tasks to queue
[2025-01-01T15:08:14.528-0800] {logging_mixin.py:190} INFO - [2025-01-01T15:08:14.528-0800] {dagbag.py:588} INFO - Filling up the DagBag from /opt/anaconda3/envs/airflow_env/lib/python3.9/site-packages/airflow/example_dags/example_short_circuit_operator.py
[2025-01-01T15:08:14.578-0800] {processor.py:925} INFO - DAG(s) 'example_short_circuit_operator' retrieved from /opt/anaconda3/envs/airflow_env/lib/python3.9/site-packages/airflow/example_dags/example_short_circuit_operator.py
[2025-01-01T15:08:14.802-0800] {logging_mixin.py:190} INFO - [2025-01-01T15:08:14.802-0800] {dag.py:3239} INFO - Sync 1 DAGs
[2025-01-01T15:08:14.818-0800] {logging_mixin.py:190} INFO - [2025-01-01T15:08:14.818-0800] {dag.py:4180} INFO - Setting next_dagrun for example_short_circuit_operator to None, run_after=None
[2025-01-01T15:08:14.849-0800] {processor.py:208} INFO - Processing /opt/anaconda3/envs/airflow_env/lib/python3.9/site-packages/airflow/example_dags/example_short_circuit_operator.py took 0.336 seconds
[2025-01-01T15:12:26.828-0800] {processor.py:186} INFO - Started process (PID=25134) to work on /opt/anaconda3/envs/airflow_env/lib/python3.9/site-packages/airflow/example_dags/example_short_circuit_operator.py
[2025-01-01T15:12:26.831-0800] {processor.py:914} INFO - Processing file /opt/anaconda3/envs/airflow_env/lib/python3.9/site-packages/airflow/example_dags/example_short_circuit_operator.py for tasks to queue
[2025-01-01T15:12:26.832-0800] {logging_mixin.py:190} INFO - [2025-01-01T15:12:26.832-0800] {dagbag.py:588} INFO - Filling up the DagBag from /opt/anaconda3/envs/airflow_env/lib/python3.9/site-packages/airflow/example_dags/example_short_circuit_operator.py
[2025-01-01T15:12:26.881-0800] {processor.py:925} INFO - DAG(s) 'example_short_circuit_operator' retrieved from /opt/anaconda3/envs/airflow_env/lib/python3.9/site-packages/airflow/example_dags/example_short_circuit_operator.py
[2025-01-01T15:12:27.075-0800] {logging_mixin.py:190} INFO - [2025-01-01T15:12:27.074-0800] {dag.py:3239} INFO - Sync 1 DAGs
[2025-01-01T15:12:27.096-0800] {logging_mixin.py:190} INFO - [2025-01-01T15:12:27.096-0800] {dag.py:4180} INFO - Setting next_dagrun for example_short_circuit_operator to None, run_after=None
[2025-01-01T15:12:27.132-0800] {processor.py:208} INFO - Processing /opt/anaconda3/envs/airflow_env/lib/python3.9/site-packages/airflow/example_dags/example_short_circuit_operator.py took 0.312 seconds
[2025-01-01T15:16:10.972-0800] {processor.py:186} INFO - Started process (PID=25324) to work on /opt/anaconda3/envs/airflow_env/lib/python3.9/site-packages/airflow/example_dags/example_short_circuit_operator.py
[2025-01-01T15:16:10.974-0800] {processor.py:914} INFO - Processing file /opt/anaconda3/envs/airflow_env/lib/python3.9/site-packages/airflow/example_dags/example_short_circuit_operator.py for tasks to queue
[2025-01-01T15:16:10.975-0800] {logging_mixin.py:190} INFO - [2025-01-01T15:16:10.975-0800] {dagbag.py:588} INFO - Filling up the DagBag from /opt/anaconda3/envs/airflow_env/lib/python3.9/site-packages/airflow/example_dags/example_short_circuit_operator.py
[2025-01-01T15:16:11.007-0800] {processor.py:925} INFO - DAG(s) 'example_short_circuit_operator' retrieved from /opt/anaconda3/envs/airflow_env/lib/python3.9/site-packages/airflow/example_dags/example_short_circuit_operator.py
[2025-01-01T15:16:11.139-0800] {logging_mixin.py:190} INFO - [2025-01-01T15:16:11.139-0800] {dag.py:3239} INFO - Sync 1 DAGs
[2025-01-01T15:16:11.154-0800] {logging_mixin.py:190} INFO - [2025-01-01T15:16:11.154-0800] {dag.py:4180} INFO - Setting next_dagrun for example_short_circuit_operator to None, run_after=None
[2025-01-01T15:16:11.177-0800] {processor.py:208} INFO - Processing /opt/anaconda3/envs/airflow_env/lib/python3.9/site-packages/airflow/example_dags/example_short_circuit_operator.py took 0.209 seconds
[2025-01-01T15:19:32.545-0800] {processor.py:186} INFO - Started process (PID=25485) to work on /opt/anaconda3/envs/airflow_env/lib/python3.9/site-packages/airflow/example_dags/example_short_circuit_operator.py
[2025-01-01T15:19:32.547-0800] {processor.py:914} INFO - Processing file /opt/anaconda3/envs/airflow_env/lib/python3.9/site-packages/airflow/example_dags/example_short_circuit_operator.py for tasks to queue
[2025-01-01T15:19:32.548-0800] {logging_mixin.py:190} INFO - [2025-01-01T15:19:32.548-0800] {dagbag.py:588} INFO - Filling up the DagBag from /opt/anaconda3/envs/airflow_env/lib/python3.9/site-packages/airflow/example_dags/example_short_circuit_operator.py
[2025-01-01T15:19:32.586-0800] {processor.py:925} INFO - DAG(s) 'example_short_circuit_operator' retrieved from /opt/anaconda3/envs/airflow_env/lib/python3.9/site-packages/airflow/example_dags/example_short_circuit_operator.py
[2025-01-01T15:19:32.784-0800] {logging_mixin.py:190} INFO - [2025-01-01T15:19:32.784-0800] {dag.py:3239} INFO - Sync 1 DAGs
[2025-01-01T15:19:32.799-0800] {logging_mixin.py:190} INFO - [2025-01-01T15:19:32.799-0800] {dag.py:4180} INFO - Setting next_dagrun for example_short_circuit_operator to None, run_after=None
[2025-01-01T15:19:32.827-0800] {processor.py:208} INFO - Processing /opt/anaconda3/envs/airflow_env/lib/python3.9/site-packages/airflow/example_dags/example_short_circuit_operator.py took 0.288 seconds
[2025-01-01T15:22:41.727-0800] {processor.py:186} INFO - Started process (PID=25643) to work on /opt/anaconda3/envs/airflow_env/lib/python3.9/site-packages/airflow/example_dags/example_short_circuit_operator.py
[2025-01-01T15:22:41.731-0800] {processor.py:914} INFO - Processing file /opt/anaconda3/envs/airflow_env/lib/python3.9/site-packages/airflow/example_dags/example_short_circuit_operator.py for tasks to queue
[2025-01-01T15:22:41.734-0800] {logging_mixin.py:190} INFO - [2025-01-01T15:22:41.733-0800] {dagbag.py:588} INFO - Filling up the DagBag from /opt/anaconda3/envs/airflow_env/lib/python3.9/site-packages/airflow/example_dags/example_short_circuit_operator.py
[2025-01-01T15:22:41.772-0800] {processor.py:925} INFO - DAG(s) 'example_short_circuit_operator' retrieved from /opt/anaconda3/envs/airflow_env/lib/python3.9/site-packages/airflow/example_dags/example_short_circuit_operator.py
[2025-01-01T15:22:41.970-0800] {logging_mixin.py:190} INFO - [2025-01-01T15:22:41.969-0800] {dag.py:3239} INFO - Sync 1 DAGs
[2025-01-01T15:22:41.986-0800] {logging_mixin.py:190} INFO - [2025-01-01T15:22:41.986-0800] {dag.py:4180} INFO - Setting next_dagrun for example_short_circuit_operator to None, run_after=None
[2025-01-01T15:22:42.011-0800] {processor.py:208} INFO - Processing /opt/anaconda3/envs/airflow_env/lib/python3.9/site-packages/airflow/example_dags/example_short_circuit_operator.py took 0.299 seconds
[2025-01-01T15:25:33.712-0800] {processor.py:186} INFO - Started process (PID=25746) to work on /opt/anaconda3/envs/airflow_env/lib/python3.9/site-packages/airflow/example_dags/example_short_circuit_operator.py
[2025-01-01T15:25:33.713-0800] {processor.py:914} INFO - Processing file /opt/anaconda3/envs/airflow_env/lib/python3.9/site-packages/airflow/example_dags/example_short_circuit_operator.py for tasks to queue
[2025-01-01T15:25:33.714-0800] {logging_mixin.py:190} INFO - [2025-01-01T15:25:33.713-0800] {dagbag.py:588} INFO - Filling up the DagBag from /opt/anaconda3/envs/airflow_env/lib/python3.9/site-packages/airflow/example_dags/example_short_circuit_operator.py
[2025-01-01T15:25:33.741-0800] {processor.py:925} INFO - DAG(s) 'example_short_circuit_operator' retrieved from /opt/anaconda3/envs/airflow_env/lib/python3.9/site-packages/airflow/example_dags/example_short_circuit_operator.py
[2025-01-01T15:25:33.872-0800] {logging_mixin.py:190} INFO - [2025-01-01T15:25:33.871-0800] {dag.py:3239} INFO - Sync 1 DAGs
[2025-01-01T15:25:33.884-0800] {logging_mixin.py:190} INFO - [2025-01-01T15:25:33.884-0800] {dag.py:4180} INFO - Setting next_dagrun for example_short_circuit_operator to None, run_after=None
[2025-01-01T15:25:33.905-0800] {processor.py:208} INFO - Processing /opt/anaconda3/envs/airflow_env/lib/python3.9/site-packages/airflow/example_dags/example_short_circuit_operator.py took 0.197 seconds
[2025-01-01T15:28:24.609-0800] {processor.py:186} INFO - Started process (PID=25868) to work on /opt/anaconda3/envs/airflow_env/lib/python3.9/site-packages/airflow/example_dags/example_short_circuit_operator.py
[2025-01-01T15:28:24.612-0800] {processor.py:914} INFO - Processing file /opt/anaconda3/envs/airflow_env/lib/python3.9/site-packages/airflow/example_dags/example_short_circuit_operator.py for tasks to queue
[2025-01-01T15:28:24.613-0800] {logging_mixin.py:190} INFO - [2025-01-01T15:28:24.613-0800] {dagbag.py:588} INFO - Filling up the DagBag from /opt/anaconda3/envs/airflow_env/lib/python3.9/site-packages/airflow/example_dags/example_short_circuit_operator.py
[2025-01-01T15:28:24.642-0800] {processor.py:925} INFO - DAG(s) 'example_short_circuit_operator' retrieved from /opt/anaconda3/envs/airflow_env/lib/python3.9/site-packages/airflow/example_dags/example_short_circuit_operator.py
[2025-01-01T15:28:24.767-0800] {logging_mixin.py:190} INFO - [2025-01-01T15:28:24.767-0800] {dag.py:3239} INFO - Sync 1 DAGs
[2025-01-01T15:28:24.780-0800] {logging_mixin.py:190} INFO - [2025-01-01T15:28:24.779-0800] {dag.py:4180} INFO - Setting next_dagrun for example_short_circuit_operator to None, run_after=None
[2025-01-01T15:28:24.803-0800] {processor.py:208} INFO - Processing /opt/anaconda3/envs/airflow_env/lib/python3.9/site-packages/airflow/example_dags/example_short_circuit_operator.py took 0.198 seconds
[2025-01-01T15:31:18.639-0800] {processor.py:186} INFO - Started process (PID=25980) to work on /opt/anaconda3/envs/airflow_env/lib/python3.9/site-packages/airflow/example_dags/example_short_circuit_operator.py
[2025-01-01T15:31:18.642-0800] {processor.py:914} INFO - Processing file /opt/anaconda3/envs/airflow_env/lib/python3.9/site-packages/airflow/example_dags/example_short_circuit_operator.py for tasks to queue
[2025-01-01T15:31:18.643-0800] {logging_mixin.py:190} INFO - [2025-01-01T15:31:18.643-0800] {dagbag.py:588} INFO - Filling up the DagBag from /opt/anaconda3/envs/airflow_env/lib/python3.9/site-packages/airflow/example_dags/example_short_circuit_operator.py
[2025-01-01T15:31:18.672-0800] {processor.py:925} INFO - DAG(s) 'example_short_circuit_operator' retrieved from /opt/anaconda3/envs/airflow_env/lib/python3.9/site-packages/airflow/example_dags/example_short_circuit_operator.py
[2025-01-01T15:31:18.806-0800] {logging_mixin.py:190} INFO - [2025-01-01T15:31:18.805-0800] {dag.py:3239} INFO - Sync 1 DAGs
[2025-01-01T15:31:18.818-0800] {logging_mixin.py:190} INFO - [2025-01-01T15:31:18.818-0800] {dag.py:4180} INFO - Setting next_dagrun for example_short_circuit_operator to None, run_after=None
[2025-01-01T15:31:18.840-0800] {processor.py:208} INFO - Processing /opt/anaconda3/envs/airflow_env/lib/python3.9/site-packages/airflow/example_dags/example_short_circuit_operator.py took 0.207 seconds
[2025-01-01T15:34:07.775-0800] {processor.py:186} INFO - Started process (PID=26083) to work on /opt/anaconda3/envs/airflow_env/lib/python3.9/site-packages/airflow/example_dags/example_short_circuit_operator.py
[2025-01-01T15:34:07.776-0800] {processor.py:914} INFO - Processing file /opt/anaconda3/envs/airflow_env/lib/python3.9/site-packages/airflow/example_dags/example_short_circuit_operator.py for tasks to queue
[2025-01-01T15:34:07.777-0800] {logging_mixin.py:190} INFO - [2025-01-01T15:34:07.777-0800] {dagbag.py:588} INFO - Filling up the DagBag from /opt/anaconda3/envs/airflow_env/lib/python3.9/site-packages/airflow/example_dags/example_short_circuit_operator.py
[2025-01-01T15:34:07.810-0800] {processor.py:925} INFO - DAG(s) 'example_short_circuit_operator' retrieved from /opt/anaconda3/envs/airflow_env/lib/python3.9/site-packages/airflow/example_dags/example_short_circuit_operator.py
[2025-01-01T15:34:07.952-0800] {logging_mixin.py:190} INFO - [2025-01-01T15:34:07.952-0800] {dag.py:3239} INFO - Sync 1 DAGs
[2025-01-01T15:34:07.964-0800] {logging_mixin.py:190} INFO - [2025-01-01T15:34:07.964-0800] {dag.py:4180} INFO - Setting next_dagrun for example_short_circuit_operator to None, run_after=None
[2025-01-01T15:34:07.989-0800] {processor.py:208} INFO - Processing /opt/anaconda3/envs/airflow_env/lib/python3.9/site-packages/airflow/example_dags/example_short_circuit_operator.py took 0.218 seconds
[2025-01-01T15:36:53.047-0800] {processor.py:186} INFO - Started process (PID=26188) to work on /opt/anaconda3/envs/airflow_env/lib/python3.9/site-packages/airflow/example_dags/example_short_circuit_operator.py
[2025-01-01T15:36:53.049-0800] {processor.py:914} INFO - Processing file /opt/anaconda3/envs/airflow_env/lib/python3.9/site-packages/airflow/example_dags/example_short_circuit_operator.py for tasks to queue
[2025-01-01T15:36:53.051-0800] {logging_mixin.py:190} INFO - [2025-01-01T15:36:53.050-0800] {dagbag.py:588} INFO - Filling up the DagBag from /opt/anaconda3/envs/airflow_env/lib/python3.9/site-packages/airflow/example_dags/example_short_circuit_operator.py
[2025-01-01T15:36:53.079-0800] {processor.py:925} INFO - DAG(s) 'example_short_circuit_operator' retrieved from /opt/anaconda3/envs/airflow_env/lib/python3.9/site-packages/airflow/example_dags/example_short_circuit_operator.py
[2025-01-01T15:36:53.199-0800] {logging_mixin.py:190} INFO - [2025-01-01T15:36:53.199-0800] {dag.py:3239} INFO - Sync 1 DAGs
[2025-01-01T15:36:53.211-0800] {logging_mixin.py:190} INFO - [2025-01-01T15:36:53.211-0800] {dag.py:4180} INFO - Setting next_dagrun for example_short_circuit_operator to None, run_after=None
[2025-01-01T15:36:53.234-0800] {processor.py:208} INFO - Processing /opt/anaconda3/envs/airflow_env/lib/python3.9/site-packages/airflow/example_dags/example_short_circuit_operator.py took 0.192 seconds
[2025-01-01T15:39:42.318-0800] {processor.py:186} INFO - Started process (PID=26292) to work on /opt/anaconda3/envs/airflow_env/lib/python3.9/site-packages/airflow/example_dags/example_short_circuit_operator.py
[2025-01-01T15:39:42.320-0800] {processor.py:914} INFO - Processing file /opt/anaconda3/envs/airflow_env/lib/python3.9/site-packages/airflow/example_dags/example_short_circuit_operator.py for tasks to queue
[2025-01-01T15:39:42.322-0800] {logging_mixin.py:190} INFO - [2025-01-01T15:39:42.321-0800] {dagbag.py:588} INFO - Filling up the DagBag from /opt/anaconda3/envs/airflow_env/lib/python3.9/site-packages/airflow/example_dags/example_short_circuit_operator.py
[2025-01-01T15:39:42.355-0800] {processor.py:925} INFO - DAG(s) 'example_short_circuit_operator' retrieved from /opt/anaconda3/envs/airflow_env/lib/python3.9/site-packages/airflow/example_dags/example_short_circuit_operator.py
[2025-01-01T15:39:42.482-0800] {logging_mixin.py:190} INFO - [2025-01-01T15:39:42.482-0800] {dag.py:3239} INFO - Sync 1 DAGs
[2025-01-01T15:39:42.495-0800] {logging_mixin.py:190} INFO - [2025-01-01T15:39:42.495-0800] {dag.py:4180} INFO - Setting next_dagrun for example_short_circuit_operator to None, run_after=None
[2025-01-01T15:39:42.516-0800] {processor.py:208} INFO - Processing /opt/anaconda3/envs/airflow_env/lib/python3.9/site-packages/airflow/example_dags/example_short_circuit_operator.py took 0.202 seconds
