[2025-01-01T14:44:37.996-0800] {processor.py:186} INFO - Started process (PID=23779) to work on /opt/anaconda3/envs/airflow_env/lib/python3.9/site-packages/airflow/example_dags/example_dynamic_task_mapping_with_no_taskflow_operators.py
[2025-01-01T14:44:37.997-0800] {processor.py:914} INFO - Processing file /opt/anaconda3/envs/airflow_env/lib/python3.9/site-packages/airflow/example_dags/example_dynamic_task_mapping_with_no_taskflow_operators.py for tasks to queue
[2025-01-01T14:44:37.998-0800] {logging_mixin.py:190} INFO - [2025-01-01T14:44:37.998-0800] {dagbag.py:588} INFO - Filling up the DagBag from /opt/anaconda3/envs/airflow_env/lib/python3.9/site-packages/airflow/example_dags/example_dynamic_task_mapping_with_no_taskflow_operators.py
[2025-01-01T14:44:38.011-0800] {processor.py:925} INFO - DAG(s) 'example_dynamic_task_mapping_with_no_taskflow_operators' retrieved from /opt/anaconda3/envs/airflow_env/lib/python3.9/site-packages/airflow/example_dags/example_dynamic_task_mapping_with_no_taskflow_operators.py
[2025-01-01T14:44:38.309-0800] {logging_mixin.py:190} INFO - [2025-01-01T14:44:38.307-0800] {override.py:1911} INFO - Created Permission View: can read on DAG:example_dynamic_task_mapping_with_no_taskflow_operators
[2025-01-01T14:44:38.343-0800] {logging_mixin.py:190} INFO - [2025-01-01T14:44:38.342-0800] {override.py:1911} INFO - Created Permission View: can delete on DAG:example_dynamic_task_mapping_with_no_taskflow_operators
[2025-01-01T14:44:38.355-0800] {logging_mixin.py:190} INFO - [2025-01-01T14:44:38.355-0800] {override.py:1911} INFO - Created Permission View: can edit on DAG:example_dynamic_task_mapping_with_no_taskflow_operators
[2025-01-01T14:44:38.371-0800] {logging_mixin.py:190} INFO - [2025-01-01T14:44:38.371-0800] {override.py:1911} INFO - Created Permission View: can read on DAG Run:example_dynamic_task_mapping_with_no_taskflow_operators
[2025-01-01T14:44:38.382-0800] {logging_mixin.py:190} INFO - [2025-01-01T14:44:38.382-0800] {override.py:1911} INFO - Created Permission View: can delete on DAG Run:example_dynamic_task_mapping_with_no_taskflow_operators
[2025-01-01T14:44:38.393-0800] {logging_mixin.py:190} INFO - [2025-01-01T14:44:38.392-0800] {override.py:1911} INFO - Created Permission View: menu access on DAG Run:example_dynamic_task_mapping_with_no_taskflow_operators
[2025-01-01T14:44:38.410-0800] {logging_mixin.py:190} INFO - [2025-01-01T14:44:38.409-0800] {override.py:1911} INFO - Created Permission View: can create on DAG Run:example_dynamic_task_mapping_with_no_taskflow_operators
[2025-01-01T14:44:38.411-0800] {logging_mixin.py:190} INFO - [2025-01-01T14:44:38.410-0800] {dag.py:3239} INFO - Sync 1 DAGs
[2025-01-01T14:44:38.425-0800] {logging_mixin.py:190} INFO - [2025-01-01T14:44:38.424-0800] {dag.py:3262} INFO - Creating ORM DAG for example_dynamic_task_mapping_with_no_taskflow_operators
[2025-01-01T14:44:38.425-0800] {logging_mixin.py:190} INFO - [2025-01-01T14:44:38.425-0800] {dag.py:4180} INFO - Setting next_dagrun for example_dynamic_task_mapping_with_no_taskflow_operators to None, run_after=None
[2025-01-01T14:44:38.449-0800] {processor.py:208} INFO - Processing /opt/anaconda3/envs/airflow_env/lib/python3.9/site-packages/airflow/example_dags/example_dynamic_task_mapping_with_no_taskflow_operators.py took 0.458 seconds
[2025-01-01T14:48:47.061-0800] {processor.py:186} INFO - Started process (PID=24011) to work on /opt/anaconda3/envs/airflow_env/lib/python3.9/site-packages/airflow/example_dags/example_dynamic_task_mapping_with_no_taskflow_operators.py
[2025-01-01T14:48:47.063-0800] {processor.py:914} INFO - Processing file /opt/anaconda3/envs/airflow_env/lib/python3.9/site-packages/airflow/example_dags/example_dynamic_task_mapping_with_no_taskflow_operators.py for tasks to queue
[2025-01-01T14:48:47.069-0800] {logging_mixin.py:190} INFO - [2025-01-01T14:48:47.064-0800] {dagbag.py:588} INFO - Filling up the DagBag from /opt/anaconda3/envs/airflow_env/lib/python3.9/site-packages/airflow/example_dags/example_dynamic_task_mapping_with_no_taskflow_operators.py
[2025-01-01T14:48:47.103-0800] {processor.py:925} INFO - DAG(s) 'example_dynamic_task_mapping_with_no_taskflow_operators' retrieved from /opt/anaconda3/envs/airflow_env/lib/python3.9/site-packages/airflow/example_dags/example_dynamic_task_mapping_with_no_taskflow_operators.py
[2025-01-01T14:48:47.394-0800] {logging_mixin.py:190} INFO - [2025-01-01T14:48:47.393-0800] {dag.py:3239} INFO - Sync 1 DAGs
[2025-01-01T14:48:47.425-0800] {logging_mixin.py:190} INFO - [2025-01-01T14:48:47.425-0800] {dag.py:4180} INFO - Setting next_dagrun for example_dynamic_task_mapping_with_no_taskflow_operators to None, run_after=None
[2025-01-01T14:48:47.485-0800] {processor.py:208} INFO - Processing /opt/anaconda3/envs/airflow_env/lib/python3.9/site-packages/airflow/example_dags/example_dynamic_task_mapping_with_no_taskflow_operators.py took 0.442 seconds
[2025-01-01T14:52:13.557-0800] {processor.py:186} INFO - Started process (PID=24185) to work on /opt/anaconda3/envs/airflow_env/lib/python3.9/site-packages/airflow/example_dags/example_dynamic_task_mapping_with_no_taskflow_operators.py
[2025-01-01T14:52:13.558-0800] {processor.py:914} INFO - Processing file /opt/anaconda3/envs/airflow_env/lib/python3.9/site-packages/airflow/example_dags/example_dynamic_task_mapping_with_no_taskflow_operators.py for tasks to queue
[2025-01-01T14:52:13.560-0800] {logging_mixin.py:190} INFO - [2025-01-01T14:52:13.559-0800] {dagbag.py:588} INFO - Filling up the DagBag from /opt/anaconda3/envs/airflow_env/lib/python3.9/site-packages/airflow/example_dags/example_dynamic_task_mapping_with_no_taskflow_operators.py
[2025-01-01T14:52:13.570-0800] {processor.py:925} INFO - DAG(s) 'example_dynamic_task_mapping_with_no_taskflow_operators' retrieved from /opt/anaconda3/envs/airflow_env/lib/python3.9/site-packages/airflow/example_dags/example_dynamic_task_mapping_with_no_taskflow_operators.py
[2025-01-01T14:52:13.708-0800] {logging_mixin.py:190} INFO - [2025-01-01T14:52:13.707-0800] {dag.py:3239} INFO - Sync 1 DAGs
[2025-01-01T14:52:13.721-0800] {logging_mixin.py:190} INFO - [2025-01-01T14:52:13.721-0800] {dag.py:4180} INFO - Setting next_dagrun for example_dynamic_task_mapping_with_no_taskflow_operators to None, run_after=None
[2025-01-01T14:52:13.743-0800] {processor.py:208} INFO - Processing /opt/anaconda3/envs/airflow_env/lib/python3.9/site-packages/airflow/example_dags/example_dynamic_task_mapping_with_no_taskflow_operators.py took 0.194 seconds
[2025-01-01T14:56:01.178-0800] {processor.py:186} INFO - Started process (PID=24381) to work on /opt/anaconda3/envs/airflow_env/lib/python3.9/site-packages/airflow/example_dags/example_dynamic_task_mapping_with_no_taskflow_operators.py
[2025-01-01T14:56:01.181-0800] {processor.py:914} INFO - Processing file /opt/anaconda3/envs/airflow_env/lib/python3.9/site-packages/airflow/example_dags/example_dynamic_task_mapping_with_no_taskflow_operators.py for tasks to queue
[2025-01-01T14:56:01.182-0800] {logging_mixin.py:190} INFO - [2025-01-01T14:56:01.182-0800] {dagbag.py:588} INFO - Filling up the DagBag from /opt/anaconda3/envs/airflow_env/lib/python3.9/site-packages/airflow/example_dags/example_dynamic_task_mapping_with_no_taskflow_operators.py
[2025-01-01T14:56:01.195-0800] {processor.py:925} INFO - DAG(s) 'example_dynamic_task_mapping_with_no_taskflow_operators' retrieved from /opt/anaconda3/envs/airflow_env/lib/python3.9/site-packages/airflow/example_dags/example_dynamic_task_mapping_with_no_taskflow_operators.py
[2025-01-01T14:56:01.340-0800] {logging_mixin.py:190} INFO - [2025-01-01T14:56:01.340-0800] {dag.py:3239} INFO - Sync 1 DAGs
[2025-01-01T14:56:01.356-0800] {logging_mixin.py:190} INFO - [2025-01-01T14:56:01.356-0800] {dag.py:4180} INFO - Setting next_dagrun for example_dynamic_task_mapping_with_no_taskflow_operators to None, run_after=None
[2025-01-01T14:56:01.379-0800] {processor.py:208} INFO - Processing /opt/anaconda3/envs/airflow_env/lib/python3.9/site-packages/airflow/example_dags/example_dynamic_task_mapping_with_no_taskflow_operators.py took 0.207 seconds
[2025-01-01T14:59:45.894-0800] {processor.py:186} INFO - Started process (PID=24551) to work on /opt/anaconda3/envs/airflow_env/lib/python3.9/site-packages/airflow/example_dags/example_dynamic_task_mapping_with_no_taskflow_operators.py
[2025-01-01T14:59:45.895-0800] {processor.py:914} INFO - Processing file /opt/anaconda3/envs/airflow_env/lib/python3.9/site-packages/airflow/example_dags/example_dynamic_task_mapping_with_no_taskflow_operators.py for tasks to queue
[2025-01-01T14:59:45.897-0800] {logging_mixin.py:190} INFO - [2025-01-01T14:59:45.897-0800] {dagbag.py:588} INFO - Filling up the DagBag from /opt/anaconda3/envs/airflow_env/lib/python3.9/site-packages/airflow/example_dags/example_dynamic_task_mapping_with_no_taskflow_operators.py
[2025-01-01T14:59:45.910-0800] {processor.py:925} INFO - DAG(s) 'example_dynamic_task_mapping_with_no_taskflow_operators' retrieved from /opt/anaconda3/envs/airflow_env/lib/python3.9/site-packages/airflow/example_dags/example_dynamic_task_mapping_with_no_taskflow_operators.py
[2025-01-01T14:59:46.061-0800] {logging_mixin.py:190} INFO - [2025-01-01T14:59:46.061-0800] {dag.py:3239} INFO - Sync 1 DAGs
[2025-01-01T14:59:46.075-0800] {logging_mixin.py:190} INFO - [2025-01-01T14:59:46.074-0800] {dag.py:4180} INFO - Setting next_dagrun for example_dynamic_task_mapping_with_no_taskflow_operators to None, run_after=None
[2025-01-01T14:59:46.096-0800] {processor.py:208} INFO - Processing /opt/anaconda3/envs/airflow_env/lib/python3.9/site-packages/airflow/example_dags/example_dynamic_task_mapping_with_no_taskflow_operators.py took 0.207 seconds
[2025-01-01T15:09:38.362-0800] {processor.py:186} INFO - Started process (PID=24999) to work on /opt/anaconda3/envs/airflow_env/lib/python3.9/site-packages/airflow/example_dags/example_dynamic_task_mapping_with_no_taskflow_operators.py
[2025-01-01T15:09:38.364-0800] {processor.py:914} INFO - Processing file /opt/anaconda3/envs/airflow_env/lib/python3.9/site-packages/airflow/example_dags/example_dynamic_task_mapping_with_no_taskflow_operators.py for tasks to queue
[2025-01-01T15:09:38.366-0800] {logging_mixin.py:190} INFO - [2025-01-01T15:09:38.365-0800] {dagbag.py:588} INFO - Filling up the DagBag from /opt/anaconda3/envs/airflow_env/lib/python3.9/site-packages/airflow/example_dags/example_dynamic_task_mapping_with_no_taskflow_operators.py
[2025-01-01T15:09:38.377-0800] {processor.py:925} INFO - DAG(s) 'example_dynamic_task_mapping_with_no_taskflow_operators' retrieved from /opt/anaconda3/envs/airflow_env/lib/python3.9/site-packages/airflow/example_dags/example_dynamic_task_mapping_with_no_taskflow_operators.py
[2025-01-01T15:09:38.619-0800] {logging_mixin.py:190} INFO - [2025-01-01T15:09:38.618-0800] {dag.py:3239} INFO - Sync 1 DAGs
[2025-01-01T15:09:38.634-0800] {logging_mixin.py:190} INFO - [2025-01-01T15:09:38.634-0800] {dag.py:4180} INFO - Setting next_dagrun for example_dynamic_task_mapping_with_no_taskflow_operators to None, run_after=None
[2025-01-01T15:09:38.658-0800] {processor.py:208} INFO - Processing /opt/anaconda3/envs/airflow_env/lib/python3.9/site-packages/airflow/example_dags/example_dynamic_task_mapping_with_no_taskflow_operators.py took 0.300 seconds
[2025-01-01T15:13:59.683-0800] {processor.py:186} INFO - Started process (PID=25207) to work on /opt/anaconda3/envs/airflow_env/lib/python3.9/site-packages/airflow/example_dags/example_dynamic_task_mapping_with_no_taskflow_operators.py
[2025-01-01T15:13:59.686-0800] {processor.py:914} INFO - Processing file /opt/anaconda3/envs/airflow_env/lib/python3.9/site-packages/airflow/example_dags/example_dynamic_task_mapping_with_no_taskflow_operators.py for tasks to queue
[2025-01-01T15:13:59.692-0800] {logging_mixin.py:190} INFO - [2025-01-01T15:13:59.691-0800] {dagbag.py:588} INFO - Filling up the DagBag from /opt/anaconda3/envs/airflow_env/lib/python3.9/site-packages/airflow/example_dags/example_dynamic_task_mapping_with_no_taskflow_operators.py
[2025-01-01T15:13:59.709-0800] {processor.py:925} INFO - DAG(s) 'example_dynamic_task_mapping_with_no_taskflow_operators' retrieved from /opt/anaconda3/envs/airflow_env/lib/python3.9/site-packages/airflow/example_dags/example_dynamic_task_mapping_with_no_taskflow_operators.py
[2025-01-01T15:13:59.861-0800] {logging_mixin.py:190} INFO - [2025-01-01T15:13:59.860-0800] {dag.py:3239} INFO - Sync 1 DAGs
[2025-01-01T15:13:59.876-0800] {logging_mixin.py:190} INFO - [2025-01-01T15:13:59.876-0800] {dag.py:4180} INFO - Setting next_dagrun for example_dynamic_task_mapping_with_no_taskflow_operators to None, run_after=None
[2025-01-01T15:13:59.905-0800] {processor.py:208} INFO - Processing /opt/anaconda3/envs/airflow_env/lib/python3.9/site-packages/airflow/example_dags/example_dynamic_task_mapping_with_no_taskflow_operators.py took 0.232 seconds
[2025-01-01T15:17:29.980-0800] {processor.py:186} INFO - Started process (PID=25369) to work on /opt/anaconda3/envs/airflow_env/lib/python3.9/site-packages/airflow/example_dags/example_dynamic_task_mapping_with_no_taskflow_operators.py
[2025-01-01T15:17:29.982-0800] {processor.py:914} INFO - Processing file /opt/anaconda3/envs/airflow_env/lib/python3.9/site-packages/airflow/example_dags/example_dynamic_task_mapping_with_no_taskflow_operators.py for tasks to queue
[2025-01-01T15:17:29.983-0800] {logging_mixin.py:190} INFO - [2025-01-01T15:17:29.983-0800] {dagbag.py:588} INFO - Filling up the DagBag from /opt/anaconda3/envs/airflow_env/lib/python3.9/site-packages/airflow/example_dags/example_dynamic_task_mapping_with_no_taskflow_operators.py
[2025-01-01T15:17:29.991-0800] {processor.py:925} INFO - DAG(s) 'example_dynamic_task_mapping_with_no_taskflow_operators' retrieved from /opt/anaconda3/envs/airflow_env/lib/python3.9/site-packages/airflow/example_dags/example_dynamic_task_mapping_with_no_taskflow_operators.py
[2025-01-01T15:17:30.119-0800] {logging_mixin.py:190} INFO - [2025-01-01T15:17:30.119-0800] {dag.py:3239} INFO - Sync 1 DAGs
[2025-01-01T15:17:30.133-0800] {logging_mixin.py:190} INFO - [2025-01-01T15:17:30.132-0800] {dag.py:4180} INFO - Setting next_dagrun for example_dynamic_task_mapping_with_no_taskflow_operators to None, run_after=None
[2025-01-01T15:17:30.157-0800] {processor.py:208} INFO - Processing /opt/anaconda3/envs/airflow_env/lib/python3.9/site-packages/airflow/example_dags/example_dynamic_task_mapping_with_no_taskflow_operators.py took 0.181 seconds
[2025-01-01T15:20:45.954-0800] {processor.py:186} INFO - Started process (PID=25535) to work on /opt/anaconda3/envs/airflow_env/lib/python3.9/site-packages/airflow/example_dags/example_dynamic_task_mapping_with_no_taskflow_operators.py
[2025-01-01T15:20:45.957-0800] {processor.py:914} INFO - Processing file /opt/anaconda3/envs/airflow_env/lib/python3.9/site-packages/airflow/example_dags/example_dynamic_task_mapping_with_no_taskflow_operators.py for tasks to queue
[2025-01-01T15:20:45.958-0800] {logging_mixin.py:190} INFO - [2025-01-01T15:20:45.958-0800] {dagbag.py:588} INFO - Filling up the DagBag from /opt/anaconda3/envs/airflow_env/lib/python3.9/site-packages/airflow/example_dags/example_dynamic_task_mapping_with_no_taskflow_operators.py
[2025-01-01T15:20:45.974-0800] {processor.py:925} INFO - DAG(s) 'example_dynamic_task_mapping_with_no_taskflow_operators' retrieved from /opt/anaconda3/envs/airflow_env/lib/python3.9/site-packages/airflow/example_dags/example_dynamic_task_mapping_with_no_taskflow_operators.py
[2025-01-01T15:20:46.163-0800] {logging_mixin.py:190} INFO - [2025-01-01T15:20:46.163-0800] {dag.py:3239} INFO - Sync 1 DAGs
[2025-01-01T15:20:46.181-0800] {logging_mixin.py:190} INFO - [2025-01-01T15:20:46.180-0800] {dag.py:4180} INFO - Setting next_dagrun for example_dynamic_task_mapping_with_no_taskflow_operators to None, run_after=None
[2025-01-01T15:20:46.204-0800] {processor.py:208} INFO - Processing /opt/anaconda3/envs/airflow_env/lib/python3.9/site-packages/airflow/example_dags/example_dynamic_task_mapping_with_no_taskflow_operators.py took 0.253 seconds
[2025-01-01T15:26:33.858-0800] {processor.py:186} INFO - Started process (PID=25786) to work on /opt/anaconda3/envs/airflow_env/lib/python3.9/site-packages/airflow/example_dags/example_dynamic_task_mapping_with_no_taskflow_operators.py
[2025-01-01T15:26:33.861-0800] {processor.py:914} INFO - Processing file /opt/anaconda3/envs/airflow_env/lib/python3.9/site-packages/airflow/example_dags/example_dynamic_task_mapping_with_no_taskflow_operators.py for tasks to queue
[2025-01-01T15:26:33.863-0800] {logging_mixin.py:190} INFO - [2025-01-01T15:26:33.862-0800] {dagbag.py:588} INFO - Filling up the DagBag from /opt/anaconda3/envs/airflow_env/lib/python3.9/site-packages/airflow/example_dags/example_dynamic_task_mapping_with_no_taskflow_operators.py
[2025-01-01T15:26:33.873-0800] {processor.py:925} INFO - DAG(s) 'example_dynamic_task_mapping_with_no_taskflow_operators' retrieved from /opt/anaconda3/envs/airflow_env/lib/python3.9/site-packages/airflow/example_dags/example_dynamic_task_mapping_with_no_taskflow_operators.py
[2025-01-01T15:26:34.057-0800] {logging_mixin.py:190} INFO - [2025-01-01T15:26:34.056-0800] {dag.py:3239} INFO - Sync 1 DAGs
[2025-01-01T15:26:34.081-0800] {logging_mixin.py:190} INFO - [2025-01-01T15:26:34.081-0800] {dag.py:4180} INFO - Setting next_dagrun for example_dynamic_task_mapping_with_no_taskflow_operators to None, run_after=None
[2025-01-01T15:26:34.103-0800] {processor.py:208} INFO - Processing /opt/anaconda3/envs/airflow_env/lib/python3.9/site-packages/airflow/example_dags/example_dynamic_task_mapping_with_no_taskflow_operators.py took 0.251 seconds
[2025-01-01T15:32:21.968-0800] {processor.py:186} INFO - Started process (PID=26019) to work on /opt/anaconda3/envs/airflow_env/lib/python3.9/site-packages/airflow/example_dags/example_dynamic_task_mapping_with_no_taskflow_operators.py
[2025-01-01T15:32:21.970-0800] {processor.py:914} INFO - Processing file /opt/anaconda3/envs/airflow_env/lib/python3.9/site-packages/airflow/example_dags/example_dynamic_task_mapping_with_no_taskflow_operators.py for tasks to queue
[2025-01-01T15:32:21.972-0800] {logging_mixin.py:190} INFO - [2025-01-01T15:32:21.971-0800] {dagbag.py:588} INFO - Filling up the DagBag from /opt/anaconda3/envs/airflow_env/lib/python3.9/site-packages/airflow/example_dags/example_dynamic_task_mapping_with_no_taskflow_operators.py
[2025-01-01T15:32:21.980-0800] {processor.py:925} INFO - DAG(s) 'example_dynamic_task_mapping_with_no_taskflow_operators' retrieved from /opt/anaconda3/envs/airflow_env/lib/python3.9/site-packages/airflow/example_dags/example_dynamic_task_mapping_with_no_taskflow_operators.py
[2025-01-01T15:32:22.109-0800] {logging_mixin.py:190} INFO - [2025-01-01T15:32:22.108-0800] {dag.py:3239} INFO - Sync 1 DAGs
[2025-01-01T15:32:22.122-0800] {logging_mixin.py:190} INFO - [2025-01-01T15:32:22.121-0800] {dag.py:4180} INFO - Setting next_dagrun for example_dynamic_task_mapping_with_no_taskflow_operators to None, run_after=None
[2025-01-01T15:32:22.150-0800] {processor.py:208} INFO - Processing /opt/anaconda3/envs/airflow_env/lib/python3.9/site-packages/airflow/example_dags/example_dynamic_task_mapping_with_no_taskflow_operators.py took 0.186 seconds
[2025-01-01T15:37:57.036-0800] {processor.py:186} INFO - Started process (PID=26228) to work on /opt/anaconda3/envs/airflow_env/lib/python3.9/site-packages/airflow/example_dags/example_dynamic_task_mapping_with_no_taskflow_operators.py
[2025-01-01T15:37:57.039-0800] {processor.py:914} INFO - Processing file /opt/anaconda3/envs/airflow_env/lib/python3.9/site-packages/airflow/example_dags/example_dynamic_task_mapping_with_no_taskflow_operators.py for tasks to queue
[2025-01-01T15:37:57.041-0800] {logging_mixin.py:190} INFO - [2025-01-01T15:37:57.040-0800] {dagbag.py:588} INFO - Filling up the DagBag from /opt/anaconda3/envs/airflow_env/lib/python3.9/site-packages/airflow/example_dags/example_dynamic_task_mapping_with_no_taskflow_operators.py
[2025-01-01T15:37:57.054-0800] {processor.py:925} INFO - DAG(s) 'example_dynamic_task_mapping_with_no_taskflow_operators' retrieved from /opt/anaconda3/envs/airflow_env/lib/python3.9/site-packages/airflow/example_dags/example_dynamic_task_mapping_with_no_taskflow_operators.py
[2025-01-01T15:37:57.228-0800] {logging_mixin.py:190} INFO - [2025-01-01T15:37:57.227-0800] {dag.py:3239} INFO - Sync 1 DAGs
[2025-01-01T15:37:57.253-0800] {logging_mixin.py:190} INFO - [2025-01-01T15:37:57.253-0800] {dag.py:4180} INFO - Setting next_dagrun for example_dynamic_task_mapping_with_no_taskflow_operators to None, run_after=None
[2025-01-01T15:37:57.278-0800] {processor.py:208} INFO - Processing /opt/anaconda3/envs/airflow_env/lib/python3.9/site-packages/airflow/example_dags/example_dynamic_task_mapping_with_no_taskflow_operators.py took 0.247 seconds
