[2025-01-01T14:45:22.347-0800] {processor.py:186} INFO - Started process (PID=23839) to work on /opt/anaconda3/envs/airflow_env/lib/python3.9/site-packages/airflow/example_dags/example_branch_operator.py
[2025-01-01T14:45:22.348-0800] {processor.py:914} INFO - Processing file /opt/anaconda3/envs/airflow_env/lib/python3.9/site-packages/airflow/example_dags/example_branch_operator.py for tasks to queue
[2025-01-01T14:45:22.349-0800] {logging_mixin.py:190} INFO - [2025-01-01T14:45:22.349-0800] {dagbag.py:588} INFO - Filling up the DagBag from /opt/anaconda3/envs/airflow_env/lib/python3.9/site-packages/airflow/example_dags/example_branch_operator.py
[2025-01-01T14:45:22.378-0800] {processor.py:927} WARNING - No viable dags retrieved from /opt/anaconda3/envs/airflow_env/lib/python3.9/site-packages/airflow/example_dags/example_branch_operator.py
[2025-01-01T14:45:22.506-0800] {processor.py:208} INFO - Processing /opt/anaconda3/envs/airflow_env/lib/python3.9/site-packages/airflow/example_dags/example_branch_operator.py took 0.163 seconds
[2025-01-01T14:52:26.983-0800] {processor.py:186} INFO - Started process (PID=24191) to work on /opt/anaconda3/envs/airflow_env/lib/python3.9/site-packages/airflow/example_dags/example_branch_operator.py
[2025-01-01T14:52:26.985-0800] {processor.py:914} INFO - Processing file /opt/anaconda3/envs/airflow_env/lib/python3.9/site-packages/airflow/example_dags/example_branch_operator.py for tasks to queue
[2025-01-01T14:52:26.992-0800] {logging_mixin.py:190} INFO - [2025-01-01T14:52:26.987-0800] {dagbag.py:588} INFO - Filling up the DagBag from /opt/anaconda3/envs/airflow_env/lib/python3.9/site-packages/airflow/example_dags/example_branch_operator.py
[2025-01-01T14:52:27.026-0800] {processor.py:927} WARNING - No viable dags retrieved from /opt/anaconda3/envs/airflow_env/lib/python3.9/site-packages/airflow/example_dags/example_branch_operator.py
[2025-01-01T14:52:27.207-0800] {processor.py:208} INFO - Processing /opt/anaconda3/envs/airflow_env/lib/python3.9/site-packages/airflow/example_dags/example_branch_operator.py took 0.234 seconds
[2025-01-01T15:00:03.198-0800] {processor.py:186} INFO - Started process (PID=24559) to work on /opt/anaconda3/envs/airflow_env/lib/python3.9/site-packages/airflow/example_dags/example_branch_operator.py
[2025-01-01T15:00:03.199-0800] {processor.py:914} INFO - Processing file /opt/anaconda3/envs/airflow_env/lib/python3.9/site-packages/airflow/example_dags/example_branch_operator.py for tasks to queue
[2025-01-01T15:00:03.200-0800] {logging_mixin.py:190} INFO - [2025-01-01T15:00:03.200-0800] {dagbag.py:588} INFO - Filling up the DagBag from /opt/anaconda3/envs/airflow_env/lib/python3.9/site-packages/airflow/example_dags/example_branch_operator.py
[2025-01-01T15:00:03.241-0800] {processor.py:927} WARNING - No viable dags retrieved from /opt/anaconda3/envs/airflow_env/lib/python3.9/site-packages/airflow/example_dags/example_branch_operator.py
[2025-01-01T15:00:03.515-0800] {processor.py:208} INFO - Processing /opt/anaconda3/envs/airflow_env/lib/python3.9/site-packages/airflow/example_dags/example_branch_operator.py took 0.323 seconds
[2025-01-01T15:10:17.531-0800] {processor.py:186} INFO - Started process (PID=25025) to work on /opt/anaconda3/envs/airflow_env/lib/python3.9/site-packages/airflow/example_dags/example_branch_operator.py
[2025-01-01T15:10:17.533-0800] {processor.py:914} INFO - Processing file /opt/anaconda3/envs/airflow_env/lib/python3.9/site-packages/airflow/example_dags/example_branch_operator.py for tasks to queue
[2025-01-01T15:10:17.535-0800] {logging_mixin.py:190} INFO - [2025-01-01T15:10:17.534-0800] {dagbag.py:588} INFO - Filling up the DagBag from /opt/anaconda3/envs/airflow_env/lib/python3.9/site-packages/airflow/example_dags/example_branch_operator.py
[2025-01-01T15:10:17.565-0800] {processor.py:927} WARNING - No viable dags retrieved from /opt/anaconda3/envs/airflow_env/lib/python3.9/site-packages/airflow/example_dags/example_branch_operator.py
[2025-01-01T15:10:17.759-0800] {processor.py:208} INFO - Processing /opt/anaconda3/envs/airflow_env/lib/python3.9/site-packages/airflow/example_dags/example_branch_operator.py took 0.233 seconds
[2025-01-01T15:17:42.470-0800] {processor.py:186} INFO - Started process (PID=25379) to work on /opt/anaconda3/envs/airflow_env/lib/python3.9/site-packages/airflow/example_dags/example_branch_operator.py
[2025-01-01T15:17:42.472-0800] {processor.py:914} INFO - Processing file /opt/anaconda3/envs/airflow_env/lib/python3.9/site-packages/airflow/example_dags/example_branch_operator.py for tasks to queue
[2025-01-01T15:17:42.473-0800] {logging_mixin.py:190} INFO - [2025-01-01T15:17:42.473-0800] {dagbag.py:588} INFO - Filling up the DagBag from /opt/anaconda3/envs/airflow_env/lib/python3.9/site-packages/airflow/example_dags/example_branch_operator.py
[2025-01-01T15:17:42.495-0800] {processor.py:927} WARNING - No viable dags retrieved from /opt/anaconda3/envs/airflow_env/lib/python3.9/site-packages/airflow/example_dags/example_branch_operator.py
[2025-01-01T15:17:42.616-0800] {processor.py:208} INFO - Processing /opt/anaconda3/envs/airflow_env/lib/python3.9/site-packages/airflow/example_dags/example_branch_operator.py took 0.150 seconds
[2025-01-01T15:23:56.516-0800] {processor.py:186} INFO - Started process (PID=25688) to work on /opt/anaconda3/envs/airflow_env/lib/python3.9/site-packages/airflow/example_dags/example_branch_operator.py
[2025-01-01T15:23:56.519-0800] {processor.py:914} INFO - Processing file /opt/anaconda3/envs/airflow_env/lib/python3.9/site-packages/airflow/example_dags/example_branch_operator.py for tasks to queue
[2025-01-01T15:23:56.520-0800] {logging_mixin.py:190} INFO - [2025-01-01T15:23:56.520-0800] {dagbag.py:588} INFO - Filling up the DagBag from /opt/anaconda3/envs/airflow_env/lib/python3.9/site-packages/airflow/example_dags/example_branch_operator.py
[2025-01-01T15:23:56.542-0800] {processor.py:927} WARNING - No viable dags retrieved from /opt/anaconda3/envs/airflow_env/lib/python3.9/site-packages/airflow/example_dags/example_branch_operator.py
[2025-01-01T15:23:56.659-0800] {processor.py:208} INFO - Processing /opt/anaconda3/envs/airflow_env/lib/python3.9/site-packages/airflow/example_dags/example_branch_operator.py took 0.148 seconds
[2025-01-01T15:29:38.316-0800] {processor.py:186} INFO - Started process (PID=25911) to work on /opt/anaconda3/envs/airflow_env/lib/python3.9/site-packages/airflow/example_dags/example_branch_operator.py
[2025-01-01T15:29:38.319-0800] {processor.py:914} INFO - Processing file /opt/anaconda3/envs/airflow_env/lib/python3.9/site-packages/airflow/example_dags/example_branch_operator.py for tasks to queue
[2025-01-01T15:29:38.320-0800] {logging_mixin.py:190} INFO - [2025-01-01T15:29:38.320-0800] {dagbag.py:588} INFO - Filling up the DagBag from /opt/anaconda3/envs/airflow_env/lib/python3.9/site-packages/airflow/example_dags/example_branch_operator.py
[2025-01-01T15:29:38.344-0800] {processor.py:927} WARNING - No viable dags retrieved from /opt/anaconda3/envs/airflow_env/lib/python3.9/site-packages/airflow/example_dags/example_branch_operator.py
[2025-01-01T15:29:38.464-0800] {processor.py:208} INFO - Processing /opt/anaconda3/envs/airflow_env/lib/python3.9/site-packages/airflow/example_dags/example_branch_operator.py took 0.153 seconds
[2025-01-01T15:35:16.248-0800] {processor.py:186} INFO - Started process (PID=26124) to work on /opt/anaconda3/envs/airflow_env/lib/python3.9/site-packages/airflow/example_dags/example_branch_operator.py
[2025-01-01T15:35:16.251-0800] {processor.py:914} INFO - Processing file /opt/anaconda3/envs/airflow_env/lib/python3.9/site-packages/airflow/example_dags/example_branch_operator.py for tasks to queue
[2025-01-01T15:35:16.252-0800] {logging_mixin.py:190} INFO - [2025-01-01T15:35:16.252-0800] {dagbag.py:588} INFO - Filling up the DagBag from /opt/anaconda3/envs/airflow_env/lib/python3.9/site-packages/airflow/example_dags/example_branch_operator.py
[2025-01-01T15:35:16.273-0800] {processor.py:927} WARNING - No viable dags retrieved from /opt/anaconda3/envs/airflow_env/lib/python3.9/site-packages/airflow/example_dags/example_branch_operator.py
[2025-01-01T15:35:16.384-0800] {processor.py:208} INFO - Processing /opt/anaconda3/envs/airflow_env/lib/python3.9/site-packages/airflow/example_dags/example_branch_operator.py took 0.140 seconds
[2025-01-01T15:40:53.943-0800] {processor.py:186} INFO - Started process (PID=26335) to work on /opt/anaconda3/envs/airflow_env/lib/python3.9/site-packages/airflow/example_dags/example_branch_operator.py
[2025-01-01T15:40:53.945-0800] {processor.py:914} INFO - Processing file /opt/anaconda3/envs/airflow_env/lib/python3.9/site-packages/airflow/example_dags/example_branch_operator.py for tasks to queue
[2025-01-01T15:40:53.946-0800] {logging_mixin.py:190} INFO - [2025-01-01T15:40:53.946-0800] {dagbag.py:588} INFO - Filling up the DagBag from /opt/anaconda3/envs/airflow_env/lib/python3.9/site-packages/airflow/example_dags/example_branch_operator.py
[2025-01-01T15:40:53.968-0800] {processor.py:927} WARNING - No viable dags retrieved from /opt/anaconda3/envs/airflow_env/lib/python3.9/site-packages/airflow/example_dags/example_branch_operator.py
[2025-01-01T15:40:54.092-0800] {processor.py:208} INFO - Processing /opt/anaconda3/envs/airflow_env/lib/python3.9/site-packages/airflow/example_dags/example_branch_operator.py took 0.153 seconds
