[2025-01-01T14:45:32.902-0800] {processor.py:186} INFO - Started process (PID=23845) to work on /opt/anaconda3/envs/airflow_env/lib/python3.9/site-packages/airflow/example_dags/example_branch_datetime_operator.py
[2025-01-01T14:45:32.903-0800] {processor.py:914} INFO - Processing file /opt/anaconda3/envs/airflow_env/lib/python3.9/site-packages/airflow/example_dags/example_branch_datetime_operator.py for tasks to queue
[2025-01-01T14:45:32.904-0800] {logging_mixin.py:190} INFO - [2025-01-01T14:45:32.904-0800] {dagbag.py:588} INFO - Filling up the DagBag from /opt/anaconda3/envs/airflow_env/lib/python3.9/site-packages/airflow/example_dags/example_branch_datetime_operator.py
[2025-01-01T14:45:32.929-0800] {processor.py:925} INFO - DAG(s) 'example_branch_datetime_operator_2', 'example_branch_datetime_operator_3', 'example_branch_datetime_operator' retrieved from /opt/anaconda3/envs/airflow_env/lib/python3.9/site-packages/airflow/example_dags/example_branch_datetime_operator.py
[2025-01-01T14:45:33.270-0800] {logging_mixin.py:190} INFO - [2025-01-01T14:45:33.269-0800] {override.py:1911} INFO - Created Permission View: can edit on DAG:example_branch_datetime_operator_2
[2025-01-01T14:45:33.292-0800] {logging_mixin.py:190} INFO - [2025-01-01T14:45:33.292-0800] {override.py:1911} INFO - Created Permission View: can delete on DAG:example_branch_datetime_operator_2
[2025-01-01T14:45:33.305-0800] {logging_mixin.py:190} INFO - [2025-01-01T14:45:33.304-0800] {override.py:1911} INFO - Created Permission View: can read on DAG:example_branch_datetime_operator_2
[2025-01-01T14:45:33.326-0800] {logging_mixin.py:190} INFO - [2025-01-01T14:45:33.325-0800] {override.py:1911} INFO - Created Permission View: can delete on DAG Run:example_branch_datetime_operator_2
[2025-01-01T14:45:33.342-0800] {logging_mixin.py:190} INFO - [2025-01-01T14:45:33.342-0800] {override.py:1911} INFO - Created Permission View: can create on DAG Run:example_branch_datetime_operator_2
[2025-01-01T14:45:33.351-0800] {logging_mixin.py:190} INFO - [2025-01-01T14:45:33.350-0800] {override.py:1911} INFO - Created Permission View: menu access on DAG Run:example_branch_datetime_operator_2
[2025-01-01T14:45:33.360-0800] {logging_mixin.py:190} INFO - [2025-01-01T14:45:33.359-0800] {override.py:1911} INFO - Created Permission View: can read on DAG Run:example_branch_datetime_operator_2
[2025-01-01T14:45:33.379-0800] {logging_mixin.py:190} INFO - [2025-01-01T14:45:33.378-0800] {override.py:1911} INFO - Created Permission View: can edit on DAG:example_branch_datetime_operator_3
[2025-01-01T14:45:33.390-0800] {logging_mixin.py:190} INFO - [2025-01-01T14:45:33.388-0800] {override.py:1911} INFO - Created Permission View: can delete on DAG:example_branch_datetime_operator_3
[2025-01-01T14:45:33.406-0800] {logging_mixin.py:190} INFO - [2025-01-01T14:45:33.405-0800] {override.py:1911} INFO - Created Permission View: can read on DAG:example_branch_datetime_operator_3
[2025-01-01T14:45:33.423-0800] {logging_mixin.py:190} INFO - [2025-01-01T14:45:33.422-0800] {override.py:1911} INFO - Created Permission View: can delete on DAG Run:example_branch_datetime_operator_3
[2025-01-01T14:45:33.435-0800] {logging_mixin.py:190} INFO - [2025-01-01T14:45:33.434-0800] {override.py:1911} INFO - Created Permission View: can create on DAG Run:example_branch_datetime_operator_3
[2025-01-01T14:45:33.443-0800] {logging_mixin.py:190} INFO - [2025-01-01T14:45:33.443-0800] {override.py:1911} INFO - Created Permission View: menu access on DAG Run:example_branch_datetime_operator_3
[2025-01-01T14:45:33.458-0800] {logging_mixin.py:190} INFO - [2025-01-01T14:45:33.458-0800] {override.py:1911} INFO - Created Permission View: can read on DAG Run:example_branch_datetime_operator_3
[2025-01-01T14:45:33.477-0800] {logging_mixin.py:190} INFO - [2025-01-01T14:45:33.477-0800] {override.py:1911} INFO - Created Permission View: can edit on DAG:example_branch_datetime_operator
[2025-01-01T14:45:33.487-0800] {logging_mixin.py:190} INFO - [2025-01-01T14:45:33.486-0800] {override.py:1911} INFO - Created Permission View: can delete on DAG:example_branch_datetime_operator
[2025-01-01T14:45:33.495-0800] {logging_mixin.py:190} INFO - [2025-01-01T14:45:33.495-0800] {override.py:1911} INFO - Created Permission View: can read on DAG:example_branch_datetime_operator
[2025-01-01T14:45:33.507-0800] {logging_mixin.py:190} INFO - [2025-01-01T14:45:33.506-0800] {override.py:1911} INFO - Created Permission View: can delete on DAG Run:example_branch_datetime_operator
[2025-01-01T14:45:33.515-0800] {logging_mixin.py:190} INFO - [2025-01-01T14:45:33.515-0800] {override.py:1911} INFO - Created Permission View: can create on DAG Run:example_branch_datetime_operator
[2025-01-01T14:45:33.525-0800] {logging_mixin.py:190} INFO - [2025-01-01T14:45:33.524-0800] {override.py:1911} INFO - Created Permission View: menu access on DAG Run:example_branch_datetime_operator
[2025-01-01T14:45:33.533-0800] {logging_mixin.py:190} INFO - [2025-01-01T14:45:33.533-0800] {override.py:1911} INFO - Created Permission View: can read on DAG Run:example_branch_datetime_operator
[2025-01-01T14:45:33.535-0800] {logging_mixin.py:190} INFO - [2025-01-01T14:45:33.534-0800] {dag.py:3239} INFO - Sync 3 DAGs
[2025-01-01T14:45:33.555-0800] {logging_mixin.py:190} INFO - [2025-01-01T14:45:33.555-0800] {dag.py:3262} INFO - Creating ORM DAG for example_branch_datetime_operator_3
[2025-01-01T14:45:33.556-0800] {logging_mixin.py:190} INFO - [2025-01-01T14:45:33.556-0800] {dag.py:3262} INFO - Creating ORM DAG for example_branch_datetime_operator
[2025-01-01T14:45:33.556-0800] {logging_mixin.py:190} INFO - [2025-01-01T14:45:33.556-0800] {dag.py:3262} INFO - Creating ORM DAG for example_branch_datetime_operator_2
[2025-01-01T14:45:33.571-0800] {logging_mixin.py:190} INFO - [2025-01-01T14:45:33.571-0800] {dag.py:4180} INFO - Setting next_dagrun for example_branch_datetime_operator to 2024-12-31 00:00:00+00:00, run_after=2025-01-01 00:00:00+00:00
[2025-01-01T14:45:33.580-0800] {logging_mixin.py:190} INFO - [2025-01-01T14:45:33.579-0800] {dag.py:4180} INFO - Setting next_dagrun for example_branch_datetime_operator_2 to 2024-12-31 00:00:00+00:00, run_after=2025-01-01 00:00:00+00:00
[2025-01-01T14:45:33.588-0800] {logging_mixin.py:190} INFO - [2025-01-01T14:45:33.587-0800] {dag.py:4180} INFO - Setting next_dagrun for example_branch_datetime_operator_3 to 2024-12-31 00:00:00+00:00, run_after=2025-01-01 00:00:00+00:00
[2025-01-01T14:45:33.613-0800] {processor.py:208} INFO - Processing /opt/anaconda3/envs/airflow_env/lib/python3.9/site-packages/airflow/example_dags/example_branch_datetime_operator.py took 0.717 seconds
[2025-01-01T14:52:37.819-0800] {processor.py:186} INFO - Started process (PID=24204) to work on /opt/anaconda3/envs/airflow_env/lib/python3.9/site-packages/airflow/example_dags/example_branch_datetime_operator.py
[2025-01-01T14:52:37.821-0800] {processor.py:914} INFO - Processing file /opt/anaconda3/envs/airflow_env/lib/python3.9/site-packages/airflow/example_dags/example_branch_datetime_operator.py for tasks to queue
[2025-01-01T14:52:37.822-0800] {logging_mixin.py:190} INFO - [2025-01-01T14:52:37.822-0800] {dagbag.py:588} INFO - Filling up the DagBag from /opt/anaconda3/envs/airflow_env/lib/python3.9/site-packages/airflow/example_dags/example_branch_datetime_operator.py
[2025-01-01T14:52:37.842-0800] {processor.py:925} INFO - DAG(s) 'example_branch_datetime_operator_3', 'example_branch_datetime_operator', 'example_branch_datetime_operator_2' retrieved from /opt/anaconda3/envs/airflow_env/lib/python3.9/site-packages/airflow/example_dags/example_branch_datetime_operator.py
[2025-01-01T14:52:38.017-0800] {logging_mixin.py:190} INFO - [2025-01-01T14:52:38.017-0800] {dag.py:3239} INFO - Sync 3 DAGs
[2025-01-01T14:52:38.041-0800] {logging_mixin.py:190} INFO - [2025-01-01T14:52:38.040-0800] {dag.py:4180} INFO - Setting next_dagrun for example_branch_datetime_operator to 2024-12-31 00:00:00+00:00, run_after=2025-01-01 00:00:00+00:00
[2025-01-01T14:52:38.046-0800] {logging_mixin.py:190} INFO - [2025-01-01T14:52:38.046-0800] {dag.py:4180} INFO - Setting next_dagrun for example_branch_datetime_operator_2 to 2024-12-31 00:00:00+00:00, run_after=2025-01-01 00:00:00+00:00
[2025-01-01T14:52:38.050-0800] {logging_mixin.py:190} INFO - [2025-01-01T14:52:38.049-0800] {dag.py:4180} INFO - Setting next_dagrun for example_branch_datetime_operator_3 to 2024-12-31 00:00:00+00:00, run_after=2025-01-01 00:00:00+00:00
[2025-01-01T14:52:38.070-0800] {processor.py:208} INFO - Processing /opt/anaconda3/envs/airflow_env/lib/python3.9/site-packages/airflow/example_dags/example_branch_datetime_operator.py took 0.255 seconds
[2025-01-01T15:00:17.364-0800] {processor.py:186} INFO - Started process (PID=24571) to work on /opt/anaconda3/envs/airflow_env/lib/python3.9/site-packages/airflow/example_dags/example_branch_datetime_operator.py
[2025-01-01T15:00:17.366-0800] {processor.py:914} INFO - Processing file /opt/anaconda3/envs/airflow_env/lib/python3.9/site-packages/airflow/example_dags/example_branch_datetime_operator.py for tasks to queue
[2025-01-01T15:00:17.368-0800] {logging_mixin.py:190} INFO - [2025-01-01T15:00:17.367-0800] {dagbag.py:588} INFO - Filling up the DagBag from /opt/anaconda3/envs/airflow_env/lib/python3.9/site-packages/airflow/example_dags/example_branch_datetime_operator.py
[2025-01-01T15:00:17.396-0800] {processor.py:925} INFO - DAG(s) 'example_branch_datetime_operator_3', 'example_branch_datetime_operator', 'example_branch_datetime_operator_2' retrieved from /opt/anaconda3/envs/airflow_env/lib/python3.9/site-packages/airflow/example_dags/example_branch_datetime_operator.py
[2025-01-01T15:00:17.573-0800] {logging_mixin.py:190} INFO - [2025-01-01T15:00:17.572-0800] {dag.py:3239} INFO - Sync 3 DAGs
[2025-01-01T15:00:17.599-0800] {logging_mixin.py:190} INFO - [2025-01-01T15:00:17.599-0800] {dag.py:4180} INFO - Setting next_dagrun for example_branch_datetime_operator to 2024-12-31 00:00:00+00:00, run_after=2025-01-01 00:00:00+00:00
[2025-01-01T15:00:17.605-0800] {logging_mixin.py:190} INFO - [2025-01-01T15:00:17.605-0800] {dag.py:4180} INFO - Setting next_dagrun for example_branch_datetime_operator_2 to 2024-12-31 00:00:00+00:00, run_after=2025-01-01 00:00:00+00:00
[2025-01-01T15:00:17.608-0800] {logging_mixin.py:190} INFO - [2025-01-01T15:00:17.608-0800] {dag.py:4180} INFO - Setting next_dagrun for example_branch_datetime_operator_3 to 2024-12-31 00:00:00+00:00, run_after=2025-01-01 00:00:00+00:00
[2025-01-01T15:00:17.645-0800] {processor.py:208} INFO - Processing /opt/anaconda3/envs/airflow_env/lib/python3.9/site-packages/airflow/example_dags/example_branch_datetime_operator.py took 0.290 seconds
[2025-01-01T15:10:29.184-0800] {processor.py:186} INFO - Started process (PID=25034) to work on /opt/anaconda3/envs/airflow_env/lib/python3.9/site-packages/airflow/example_dags/example_branch_datetime_operator.py
[2025-01-01T15:10:29.187-0800] {processor.py:914} INFO - Processing file /opt/anaconda3/envs/airflow_env/lib/python3.9/site-packages/airflow/example_dags/example_branch_datetime_operator.py for tasks to queue
[2025-01-01T15:10:29.188-0800] {logging_mixin.py:190} INFO - [2025-01-01T15:10:29.188-0800] {dagbag.py:588} INFO - Filling up the DagBag from /opt/anaconda3/envs/airflow_env/lib/python3.9/site-packages/airflow/example_dags/example_branch_datetime_operator.py
[2025-01-01T15:10:29.211-0800] {processor.py:925} INFO - DAG(s) 'example_branch_datetime_operator_3', 'example_branch_datetime_operator_2', 'example_branch_datetime_operator' retrieved from /opt/anaconda3/envs/airflow_env/lib/python3.9/site-packages/airflow/example_dags/example_branch_datetime_operator.py
[2025-01-01T15:10:29.385-0800] {logging_mixin.py:190} INFO - [2025-01-01T15:10:29.385-0800] {dag.py:3239} INFO - Sync 3 DAGs
[2025-01-01T15:10:29.411-0800] {logging_mixin.py:190} INFO - [2025-01-01T15:10:29.410-0800] {dag.py:4180} INFO - Setting next_dagrun for example_branch_datetime_operator to 2024-12-31 00:00:00+00:00, run_after=2025-01-01 00:00:00+00:00
[2025-01-01T15:10:29.426-0800] {logging_mixin.py:190} INFO - [2025-01-01T15:10:29.426-0800] {dag.py:4180} INFO - Setting next_dagrun for example_branch_datetime_operator_2 to 2024-12-31 00:00:00+00:00, run_after=2025-01-01 00:00:00+00:00
[2025-01-01T15:10:29.434-0800] {logging_mixin.py:190} INFO - [2025-01-01T15:10:29.434-0800] {dag.py:4180} INFO - Setting next_dagrun for example_branch_datetime_operator_3 to 2024-12-31 00:00:00+00:00, run_after=2025-01-01 00:00:00+00:00
[2025-01-01T15:10:29.467-0800] {processor.py:208} INFO - Processing /opt/anaconda3/envs/airflow_env/lib/python3.9/site-packages/airflow/example_dags/example_branch_datetime_operator.py took 0.287 seconds
[2025-01-01T15:17:54.734-0800] {processor.py:186} INFO - Started process (PID=25385) to work on /opt/anaconda3/envs/airflow_env/lib/python3.9/site-packages/airflow/example_dags/example_branch_datetime_operator.py
[2025-01-01T15:17:54.736-0800] {processor.py:914} INFO - Processing file /opt/anaconda3/envs/airflow_env/lib/python3.9/site-packages/airflow/example_dags/example_branch_datetime_operator.py for tasks to queue
[2025-01-01T15:17:54.738-0800] {logging_mixin.py:190} INFO - [2025-01-01T15:17:54.737-0800] {dagbag.py:588} INFO - Filling up the DagBag from /opt/anaconda3/envs/airflow_env/lib/python3.9/site-packages/airflow/example_dags/example_branch_datetime_operator.py
[2025-01-01T15:17:54.774-0800] {processor.py:925} INFO - DAG(s) 'example_branch_datetime_operator_2', 'example_branch_datetime_operator_3', 'example_branch_datetime_operator' retrieved from /opt/anaconda3/envs/airflow_env/lib/python3.9/site-packages/airflow/example_dags/example_branch_datetime_operator.py
[2025-01-01T15:17:55.069-0800] {logging_mixin.py:190} INFO - [2025-01-01T15:17:55.069-0800] {dag.py:3239} INFO - Sync 3 DAGs
[2025-01-01T15:17:55.101-0800] {logging_mixin.py:190} INFO - [2025-01-01T15:17:55.101-0800] {dag.py:4180} INFO - Setting next_dagrun for example_branch_datetime_operator to 2024-12-31 00:00:00+00:00, run_after=2025-01-01 00:00:00+00:00
[2025-01-01T15:17:55.108-0800] {logging_mixin.py:190} INFO - [2025-01-01T15:17:55.108-0800] {dag.py:4180} INFO - Setting next_dagrun for example_branch_datetime_operator_2 to 2024-12-31 00:00:00+00:00, run_after=2025-01-01 00:00:00+00:00
[2025-01-01T15:17:55.112-0800] {logging_mixin.py:190} INFO - [2025-01-01T15:17:55.112-0800] {dag.py:4180} INFO - Setting next_dagrun for example_branch_datetime_operator_3 to 2024-12-31 00:00:00+00:00, run_after=2025-01-01 00:00:00+00:00
[2025-01-01T15:17:55.141-0800] {processor.py:208} INFO - Processing /opt/anaconda3/envs/airflow_env/lib/python3.9/site-packages/airflow/example_dags/example_branch_datetime_operator.py took 0.412 seconds
[2025-01-01T15:24:06.049-0800] {processor.py:186} INFO - Started process (PID=25695) to work on /opt/anaconda3/envs/airflow_env/lib/python3.9/site-packages/airflow/example_dags/example_branch_datetime_operator.py
[2025-01-01T15:24:06.051-0800] {processor.py:914} INFO - Processing file /opt/anaconda3/envs/airflow_env/lib/python3.9/site-packages/airflow/example_dags/example_branch_datetime_operator.py for tasks to queue
[2025-01-01T15:24:06.053-0800] {logging_mixin.py:190} INFO - [2025-01-01T15:24:06.052-0800] {dagbag.py:588} INFO - Filling up the DagBag from /opt/anaconda3/envs/airflow_env/lib/python3.9/site-packages/airflow/example_dags/example_branch_datetime_operator.py
[2025-01-01T15:24:06.068-0800] {processor.py:925} INFO - DAG(s) 'example_branch_datetime_operator_3', 'example_branch_datetime_operator', 'example_branch_datetime_operator_2' retrieved from /opt/anaconda3/envs/airflow_env/lib/python3.9/site-packages/airflow/example_dags/example_branch_datetime_operator.py
[2025-01-01T15:24:06.215-0800] {logging_mixin.py:190} INFO - [2025-01-01T15:24:06.215-0800] {dag.py:3239} INFO - Sync 3 DAGs
[2025-01-01T15:24:06.238-0800] {logging_mixin.py:190} INFO - [2025-01-01T15:24:06.238-0800] {dag.py:4180} INFO - Setting next_dagrun for example_branch_datetime_operator to 2024-12-31 00:00:00+00:00, run_after=2025-01-01 00:00:00+00:00
[2025-01-01T15:24:06.244-0800] {logging_mixin.py:190} INFO - [2025-01-01T15:24:06.243-0800] {dag.py:4180} INFO - Setting next_dagrun for example_branch_datetime_operator_2 to 2024-12-31 00:00:00+00:00, run_after=2025-01-01 00:00:00+00:00
[2025-01-01T15:24:06.246-0800] {logging_mixin.py:190} INFO - [2025-01-01T15:24:06.246-0800] {dag.py:4180} INFO - Setting next_dagrun for example_branch_datetime_operator_3 to 2024-12-31 00:00:00+00:00, run_after=2025-01-01 00:00:00+00:00
[2025-01-01T15:24:06.271-0800] {processor.py:208} INFO - Processing /opt/anaconda3/envs/airflow_env/lib/python3.9/site-packages/airflow/example_dags/example_branch_datetime_operator.py took 0.225 seconds
[2025-01-01T15:29:47.938-0800] {processor.py:186} INFO - Started process (PID=25918) to work on /opt/anaconda3/envs/airflow_env/lib/python3.9/site-packages/airflow/example_dags/example_branch_datetime_operator.py
[2025-01-01T15:29:47.940-0800] {processor.py:914} INFO - Processing file /opt/anaconda3/envs/airflow_env/lib/python3.9/site-packages/airflow/example_dags/example_branch_datetime_operator.py for tasks to queue
[2025-01-01T15:29:47.942-0800] {logging_mixin.py:190} INFO - [2025-01-01T15:29:47.941-0800] {dagbag.py:588} INFO - Filling up the DagBag from /opt/anaconda3/envs/airflow_env/lib/python3.9/site-packages/airflow/example_dags/example_branch_datetime_operator.py
[2025-01-01T15:29:47.959-0800] {processor.py:925} INFO - DAG(s) 'example_branch_datetime_operator', 'example_branch_datetime_operator_2', 'example_branch_datetime_operator_3' retrieved from /opt/anaconda3/envs/airflow_env/lib/python3.9/site-packages/airflow/example_dags/example_branch_datetime_operator.py
[2025-01-01T15:29:48.103-0800] {logging_mixin.py:190} INFO - [2025-01-01T15:29:48.102-0800] {dag.py:3239} INFO - Sync 3 DAGs
[2025-01-01T15:29:48.128-0800] {logging_mixin.py:190} INFO - [2025-01-01T15:29:48.127-0800] {dag.py:4180} INFO - Setting next_dagrun for example_branch_datetime_operator to 2024-12-31 00:00:00+00:00, run_after=2025-01-01 00:00:00+00:00
[2025-01-01T15:29:48.133-0800] {logging_mixin.py:190} INFO - [2025-01-01T15:29:48.133-0800] {dag.py:4180} INFO - Setting next_dagrun for example_branch_datetime_operator_2 to 2024-12-31 00:00:00+00:00, run_after=2025-01-01 00:00:00+00:00
[2025-01-01T15:29:48.136-0800] {logging_mixin.py:190} INFO - [2025-01-01T15:29:48.136-0800] {dag.py:4180} INFO - Setting next_dagrun for example_branch_datetime_operator_3 to 2024-12-31 00:00:00+00:00, run_after=2025-01-01 00:00:00+00:00
[2025-01-01T15:29:48.155-0800] {processor.py:208} INFO - Processing /opt/anaconda3/envs/airflow_env/lib/python3.9/site-packages/airflow/example_dags/example_branch_datetime_operator.py took 0.221 seconds
[2025-01-01T15:35:25.096-0800] {processor.py:186} INFO - Started process (PID=26130) to work on /opt/anaconda3/envs/airflow_env/lib/python3.9/site-packages/airflow/example_dags/example_branch_datetime_operator.py
[2025-01-01T15:35:25.098-0800] {processor.py:914} INFO - Processing file /opt/anaconda3/envs/airflow_env/lib/python3.9/site-packages/airflow/example_dags/example_branch_datetime_operator.py for tasks to queue
[2025-01-01T15:35:25.100-0800] {logging_mixin.py:190} INFO - [2025-01-01T15:35:25.099-0800] {dagbag.py:588} INFO - Filling up the DagBag from /opt/anaconda3/envs/airflow_env/lib/python3.9/site-packages/airflow/example_dags/example_branch_datetime_operator.py
[2025-01-01T15:35:25.116-0800] {processor.py:925} INFO - DAG(s) 'example_branch_datetime_operator_2', 'example_branch_datetime_operator_3', 'example_branch_datetime_operator' retrieved from /opt/anaconda3/envs/airflow_env/lib/python3.9/site-packages/airflow/example_dags/example_branch_datetime_operator.py
[2025-01-01T15:35:25.244-0800] {logging_mixin.py:190} INFO - [2025-01-01T15:35:25.244-0800] {dag.py:3239} INFO - Sync 3 DAGs
[2025-01-01T15:35:25.267-0800] {logging_mixin.py:190} INFO - [2025-01-01T15:35:25.266-0800] {dag.py:4180} INFO - Setting next_dagrun for example_branch_datetime_operator to 2024-12-31 00:00:00+00:00, run_after=2025-01-01 00:00:00+00:00
[2025-01-01T15:35:25.272-0800] {logging_mixin.py:190} INFO - [2025-01-01T15:35:25.272-0800] {dag.py:4180} INFO - Setting next_dagrun for example_branch_datetime_operator_2 to 2024-12-31 00:00:00+00:00, run_after=2025-01-01 00:00:00+00:00
[2025-01-01T15:35:25.275-0800] {logging_mixin.py:190} INFO - [2025-01-01T15:35:25.275-0800] {dag.py:4180} INFO - Setting next_dagrun for example_branch_datetime_operator_3 to 2024-12-31 00:00:00+00:00, run_after=2025-01-01 00:00:00+00:00
[2025-01-01T15:35:25.300-0800] {processor.py:208} INFO - Processing /opt/anaconda3/envs/airflow_env/lib/python3.9/site-packages/airflow/example_dags/example_branch_datetime_operator.py took 0.208 seconds
[2025-01-01T15:41:02.968-0800] {processor.py:186} INFO - Started process (PID=26341) to work on /opt/anaconda3/envs/airflow_env/lib/python3.9/site-packages/airflow/example_dags/example_branch_datetime_operator.py
[2025-01-01T15:41:02.971-0800] {processor.py:914} INFO - Processing file /opt/anaconda3/envs/airflow_env/lib/python3.9/site-packages/airflow/example_dags/example_branch_datetime_operator.py for tasks to queue
[2025-01-01T15:41:02.972-0800] {logging_mixin.py:190} INFO - [2025-01-01T15:41:02.972-0800] {dagbag.py:588} INFO - Filling up the DagBag from /opt/anaconda3/envs/airflow_env/lib/python3.9/site-packages/airflow/example_dags/example_branch_datetime_operator.py
[2025-01-01T15:41:02.990-0800] {processor.py:925} INFO - DAG(s) 'example_branch_datetime_operator_2', 'example_branch_datetime_operator_3', 'example_branch_datetime_operator' retrieved from /opt/anaconda3/envs/airflow_env/lib/python3.9/site-packages/airflow/example_dags/example_branch_datetime_operator.py
[2025-01-01T15:41:03.169-0800] {logging_mixin.py:190} INFO - [2025-01-01T15:41:03.168-0800] {dag.py:3239} INFO - Sync 3 DAGs
[2025-01-01T15:41:03.198-0800] {logging_mixin.py:190} INFO - [2025-01-01T15:41:03.198-0800] {dag.py:4180} INFO - Setting next_dagrun for example_branch_datetime_operator to 2024-12-31 00:00:00+00:00, run_after=2025-01-01 00:00:00+00:00
[2025-01-01T15:41:03.207-0800] {logging_mixin.py:190} INFO - [2025-01-01T15:41:03.206-0800] {dag.py:4180} INFO - Setting next_dagrun for example_branch_datetime_operator_2 to 2024-12-31 00:00:00+00:00, run_after=2025-01-01 00:00:00+00:00
[2025-01-01T15:41:03.211-0800] {logging_mixin.py:190} INFO - [2025-01-01T15:41:03.210-0800] {dag.py:4180} INFO - Setting next_dagrun for example_branch_datetime_operator_3 to 2024-12-31 00:00:00+00:00, run_after=2025-01-01 00:00:00+00:00
[2025-01-01T15:41:03.234-0800] {processor.py:208} INFO - Processing /opt/anaconda3/envs/airflow_env/lib/python3.9/site-packages/airflow/example_dags/example_branch_datetime_operator.py took 0.270 seconds
