[2025-01-01T14:42:26.397-0800] {processor.py:186} INFO - Started process (PID=23710) to work on /opt/anaconda3/envs/airflow_env/lib/python3.9/site-packages/airflow/example_dags/example_time_delta_sensor_async.py
[2025-01-01T14:42:26.399-0800] {processor.py:914} INFO - Processing file /opt/anaconda3/envs/airflow_env/lib/python3.9/site-packages/airflow/example_dags/example_time_delta_sensor_async.py for tasks to queue
[2025-01-01T14:42:26.401-0800] {logging_mixin.py:190} INFO - [2025-01-01T14:42:26.400-0800] {dagbag.py:588} INFO - Filling up the DagBag from /opt/anaconda3/envs/airflow_env/lib/python3.9/site-packages/airflow/example_dags/example_time_delta_sensor_async.py
[2025-01-01T14:42:26.417-0800] {processor.py:925} INFO - DAG(s) 'example_time_delta_sensor_async' retrieved from /opt/anaconda3/envs/airflow_env/lib/python3.9/site-packages/airflow/example_dags/example_time_delta_sensor_async.py
[2025-01-01T14:42:28.294-0800] {logging_mixin.py:190} INFO - [2025-01-01T14:42:28.293-0800] {override.py:1911} INFO - Created Permission View: can edit on DAG:example_time_delta_sensor_async
[2025-01-01T14:42:28.315-0800] {logging_mixin.py:190} INFO - [2025-01-01T14:42:28.314-0800] {override.py:1911} INFO - Created Permission View: can read on DAG:example_time_delta_sensor_async
[2025-01-01T14:42:28.324-0800] {logging_mixin.py:190} INFO - [2025-01-01T14:42:28.324-0800] {override.py:1911} INFO - Created Permission View: can delete on DAG:example_time_delta_sensor_async
[2025-01-01T14:42:28.337-0800] {logging_mixin.py:190} INFO - [2025-01-01T14:42:28.336-0800] {override.py:1911} INFO - Created Permission View: menu access on DAG Run:example_time_delta_sensor_async
[2025-01-01T14:42:28.348-0800] {logging_mixin.py:190} INFO - [2025-01-01T14:42:28.347-0800] {override.py:1911} INFO - Created Permission View: can read on DAG Run:example_time_delta_sensor_async
[2025-01-01T14:42:28.360-0800] {logging_mixin.py:190} INFO - [2025-01-01T14:42:28.359-0800] {override.py:1911} INFO - Created Permission View: can create on DAG Run:example_time_delta_sensor_async
[2025-01-01T14:42:28.373-0800] {logging_mixin.py:190} INFO - [2025-01-01T14:42:28.372-0800] {override.py:1911} INFO - Created Permission View: can delete on DAG Run:example_time_delta_sensor_async
[2025-01-01T14:42:28.374-0800] {logging_mixin.py:190} INFO - [2025-01-01T14:42:28.373-0800] {dag.py:3239} INFO - Sync 1 DAGs
[2025-01-01T14:42:28.408-0800] {logging_mixin.py:190} INFO - [2025-01-01T14:42:28.408-0800] {dag.py:3262} INFO - Creating ORM DAG for example_time_delta_sensor_async
[2025-01-01T14:42:28.410-0800] {logging_mixin.py:190} INFO - [2025-01-01T14:42:28.409-0800] {dag.py:4180} INFO - Setting next_dagrun for example_time_delta_sensor_async to None, run_after=None
[2025-01-01T14:42:28.445-0800] {processor.py:208} INFO - Processing /opt/anaconda3/envs/airflow_env/lib/python3.9/site-packages/airflow/example_dags/example_time_delta_sensor_async.py took 2.055 seconds
[2025-01-01T14:46:51.282-0800] {processor.py:186} INFO - Started process (PID=23920) to work on /opt/anaconda3/envs/airflow_env/lib/python3.9/site-packages/airflow/example_dags/example_time_delta_sensor_async.py
[2025-01-01T14:46:51.285-0800] {processor.py:914} INFO - Processing file /opt/anaconda3/envs/airflow_env/lib/python3.9/site-packages/airflow/example_dags/example_time_delta_sensor_async.py for tasks to queue
[2025-01-01T14:46:51.286-0800] {logging_mixin.py:190} INFO - [2025-01-01T14:46:51.286-0800] {dagbag.py:588} INFO - Filling up the DagBag from /opt/anaconda3/envs/airflow_env/lib/python3.9/site-packages/airflow/example_dags/example_time_delta_sensor_async.py
[2025-01-01T14:46:51.301-0800] {processor.py:925} INFO - DAG(s) 'example_time_delta_sensor_async' retrieved from /opt/anaconda3/envs/airflow_env/lib/python3.9/site-packages/airflow/example_dags/example_time_delta_sensor_async.py
[2025-01-01T14:46:52.219-0800] {logging_mixin.py:190} INFO - [2025-01-01T14:46:52.219-0800] {dag.py:3239} INFO - Sync 1 DAGs
[2025-01-01T14:46:52.233-0800] {logging_mixin.py:190} INFO - [2025-01-01T14:46:52.233-0800] {dag.py:4180} INFO - Setting next_dagrun for example_time_delta_sensor_async to None, run_after=None
[2025-01-01T14:46:52.255-0800] {processor.py:208} INFO - Processing /opt/anaconda3/envs/airflow_env/lib/python3.9/site-packages/airflow/example_dags/example_time_delta_sensor_async.py took 0.977 seconds
[2025-01-01T14:50:30.649-0800] {processor.py:186} INFO - Started process (PID=24098) to work on /opt/anaconda3/envs/airflow_env/lib/python3.9/site-packages/airflow/example_dags/example_time_delta_sensor_async.py
[2025-01-01T14:50:30.651-0800] {processor.py:914} INFO - Processing file /opt/anaconda3/envs/airflow_env/lib/python3.9/site-packages/airflow/example_dags/example_time_delta_sensor_async.py for tasks to queue
[2025-01-01T14:50:30.653-0800] {logging_mixin.py:190} INFO - [2025-01-01T14:50:30.653-0800] {dagbag.py:588} INFO - Filling up the DagBag from /opt/anaconda3/envs/airflow_env/lib/python3.9/site-packages/airflow/example_dags/example_time_delta_sensor_async.py
[2025-01-01T14:50:30.685-0800] {processor.py:925} INFO - DAG(s) 'example_time_delta_sensor_async' retrieved from /opt/anaconda3/envs/airflow_env/lib/python3.9/site-packages/airflow/example_dags/example_time_delta_sensor_async.py
[2025-01-01T14:50:31.848-0800] {logging_mixin.py:190} INFO - [2025-01-01T14:50:31.848-0800] {dag.py:3239} INFO - Sync 1 DAGs
[2025-01-01T14:50:31.863-0800] {logging_mixin.py:190} INFO - [2025-01-01T14:50:31.863-0800] {dag.py:4180} INFO - Setting next_dagrun for example_time_delta_sensor_async to None, run_after=None
[2025-01-01T14:50:31.905-0800] {processor.py:208} INFO - Processing /opt/anaconda3/envs/airflow_env/lib/python3.9/site-packages/airflow/example_dags/example_time_delta_sensor_async.py took 1.262 seconds
[2025-01-01T14:54:04.431-0800] {processor.py:186} INFO - Started process (PID=24279) to work on /opt/anaconda3/envs/airflow_env/lib/python3.9/site-packages/airflow/example_dags/example_time_delta_sensor_async.py
[2025-01-01T14:54:04.433-0800] {processor.py:914} INFO - Processing file /opt/anaconda3/envs/airflow_env/lib/python3.9/site-packages/airflow/example_dags/example_time_delta_sensor_async.py for tasks to queue
[2025-01-01T14:54:04.435-0800] {logging_mixin.py:190} INFO - [2025-01-01T14:54:04.435-0800] {dagbag.py:588} INFO - Filling up the DagBag from /opt/anaconda3/envs/airflow_env/lib/python3.9/site-packages/airflow/example_dags/example_time_delta_sensor_async.py
[2025-01-01T14:54:04.460-0800] {processor.py:925} INFO - DAG(s) 'example_time_delta_sensor_async' retrieved from /opt/anaconda3/envs/airflow_env/lib/python3.9/site-packages/airflow/example_dags/example_time_delta_sensor_async.py
[2025-01-01T14:54:05.886-0800] {logging_mixin.py:190} INFO - [2025-01-01T14:54:05.886-0800] {dag.py:3239} INFO - Sync 1 DAGs
[2025-01-01T14:54:05.909-0800] {logging_mixin.py:190} INFO - [2025-01-01T14:54:05.908-0800] {dag.py:4180} INFO - Setting next_dagrun for example_time_delta_sensor_async to None, run_after=None
[2025-01-01T14:54:05.962-0800] {processor.py:208} INFO - Processing /opt/anaconda3/envs/airflow_env/lib/python3.9/site-packages/airflow/example_dags/example_time_delta_sensor_async.py took 1.536 seconds
[2025-01-01T14:57:48.495-0800] {processor.py:186} INFO - Started process (PID=24465) to work on /opt/anaconda3/envs/airflow_env/lib/python3.9/site-packages/airflow/example_dags/example_time_delta_sensor_async.py
[2025-01-01T14:57:48.496-0800] {processor.py:914} INFO - Processing file /opt/anaconda3/envs/airflow_env/lib/python3.9/site-packages/airflow/example_dags/example_time_delta_sensor_async.py for tasks to queue
[2025-01-01T14:57:48.498-0800] {logging_mixin.py:190} INFO - [2025-01-01T14:57:48.498-0800] {dagbag.py:588} INFO - Filling up the DagBag from /opt/anaconda3/envs/airflow_env/lib/python3.9/site-packages/airflow/example_dags/example_time_delta_sensor_async.py
[2025-01-01T14:57:48.533-0800] {processor.py:925} INFO - DAG(s) 'example_time_delta_sensor_async' retrieved from /opt/anaconda3/envs/airflow_env/lib/python3.9/site-packages/airflow/example_dags/example_time_delta_sensor_async.py
[2025-01-01T14:57:50.071-0800] {logging_mixin.py:190} INFO - [2025-01-01T14:57:50.071-0800] {dag.py:3239} INFO - Sync 1 DAGs
[2025-01-01T14:57:50.088-0800] {logging_mixin.py:190} INFO - [2025-01-01T14:57:50.087-0800] {dag.py:4180} INFO - Setting next_dagrun for example_time_delta_sensor_async to None, run_after=None
[2025-01-01T14:57:50.116-0800] {processor.py:208} INFO - Processing /opt/anaconda3/envs/airflow_env/lib/python3.9/site-packages/airflow/example_dags/example_time_delta_sensor_async.py took 1.626 seconds
[2025-01-01T15:01:36.276-0800] {processor.py:186} INFO - Started process (PID=24625) to work on /opt/anaconda3/envs/airflow_env/lib/python3.9/site-packages/airflow/example_dags/example_time_delta_sensor_async.py
[2025-01-01T15:01:36.277-0800] {processor.py:914} INFO - Processing file /opt/anaconda3/envs/airflow_env/lib/python3.9/site-packages/airflow/example_dags/example_time_delta_sensor_async.py for tasks to queue
[2025-01-01T15:01:36.279-0800] {logging_mixin.py:190} INFO - [2025-01-01T15:01:36.279-0800] {dagbag.py:588} INFO - Filling up the DagBag from /opt/anaconda3/envs/airflow_env/lib/python3.9/site-packages/airflow/example_dags/example_time_delta_sensor_async.py
[2025-01-01T15:01:36.292-0800] {processor.py:925} INFO - DAG(s) 'example_time_delta_sensor_async' retrieved from /opt/anaconda3/envs/airflow_env/lib/python3.9/site-packages/airflow/example_dags/example_time_delta_sensor_async.py
[2025-01-01T15:01:37.327-0800] {logging_mixin.py:190} INFO - [2025-01-01T15:01:37.327-0800] {dag.py:3239} INFO - Sync 1 DAGs
[2025-01-01T15:01:37.339-0800] {logging_mixin.py:190} INFO - [2025-01-01T15:01:37.339-0800] {dag.py:4180} INFO - Setting next_dagrun for example_time_delta_sensor_async to None, run_after=None
[2025-01-01T15:01:37.365-0800] {processor.py:208} INFO - Processing /opt/anaconda3/envs/airflow_env/lib/python3.9/site-packages/airflow/example_dags/example_time_delta_sensor_async.py took 1.094 seconds
[2025-01-01T15:07:46.913-0800] {processor.py:186} INFO - Started process (PID=24878) to work on /opt/anaconda3/envs/airflow_env/lib/python3.9/site-packages/airflow/example_dags/example_time_delta_sensor_async.py
[2025-01-01T15:07:46.915-0800] {processor.py:914} INFO - Processing file /opt/anaconda3/envs/airflow_env/lib/python3.9/site-packages/airflow/example_dags/example_time_delta_sensor_async.py for tasks to queue
[2025-01-01T15:07:46.917-0800] {logging_mixin.py:190} INFO - [2025-01-01T15:07:46.917-0800] {dagbag.py:588} INFO - Filling up the DagBag from /opt/anaconda3/envs/airflow_env/lib/python3.9/site-packages/airflow/example_dags/example_time_delta_sensor_async.py
[2025-01-01T15:07:46.928-0800] {processor.py:925} INFO - DAG(s) 'example_time_delta_sensor_async' retrieved from /opt/anaconda3/envs/airflow_env/lib/python3.9/site-packages/airflow/example_dags/example_time_delta_sensor_async.py
[2025-01-01T15:07:47.887-0800] {logging_mixin.py:190} INFO - [2025-01-01T15:07:47.886-0800] {dag.py:3239} INFO - Sync 1 DAGs
[2025-01-01T15:07:47.900-0800] {logging_mixin.py:190} INFO - [2025-01-01T15:07:47.900-0800] {dag.py:4180} INFO - Setting next_dagrun for example_time_delta_sensor_async to None, run_after=None
[2025-01-01T15:07:47.922-0800] {processor.py:208} INFO - Processing /opt/anaconda3/envs/airflow_env/lib/python3.9/site-packages/airflow/example_dags/example_time_delta_sensor_async.py took 1.014 seconds
[2025-01-01T15:11:55.709-0800] {processor.py:186} INFO - Started process (PID=25108) to work on /opt/anaconda3/envs/airflow_env/lib/python3.9/site-packages/airflow/example_dags/example_time_delta_sensor_async.py
[2025-01-01T15:11:55.711-0800] {processor.py:914} INFO - Processing file /opt/anaconda3/envs/airflow_env/lib/python3.9/site-packages/airflow/example_dags/example_time_delta_sensor_async.py for tasks to queue
[2025-01-01T15:11:55.713-0800] {logging_mixin.py:190} INFO - [2025-01-01T15:11:55.713-0800] {dagbag.py:588} INFO - Filling up the DagBag from /opt/anaconda3/envs/airflow_env/lib/python3.9/site-packages/airflow/example_dags/example_time_delta_sensor_async.py
[2025-01-01T15:11:55.732-0800] {processor.py:925} INFO - DAG(s) 'example_time_delta_sensor_async' retrieved from /opt/anaconda3/envs/airflow_env/lib/python3.9/site-packages/airflow/example_dags/example_time_delta_sensor_async.py
[2025-01-01T15:11:57.668-0800] {logging_mixin.py:190} INFO - [2025-01-01T15:11:57.668-0800] {dag.py:3239} INFO - Sync 1 DAGs
[2025-01-01T15:11:57.696-0800] {logging_mixin.py:190} INFO - [2025-01-01T15:11:57.696-0800] {dag.py:4180} INFO - Setting next_dagrun for example_time_delta_sensor_async to None, run_after=None
[2025-01-01T15:11:57.770-0800] {processor.py:208} INFO - Processing /opt/anaconda3/envs/airflow_env/lib/python3.9/site-packages/airflow/example_dags/example_time_delta_sensor_async.py took 2.065 seconds
[2025-01-01T15:15:48.204-0800] {processor.py:186} INFO - Started process (PID=25310) to work on /opt/anaconda3/envs/airflow_env/lib/python3.9/site-packages/airflow/example_dags/example_time_delta_sensor_async.py
[2025-01-01T15:15:48.208-0800] {processor.py:914} INFO - Processing file /opt/anaconda3/envs/airflow_env/lib/python3.9/site-packages/airflow/example_dags/example_time_delta_sensor_async.py for tasks to queue
[2025-01-01T15:15:48.211-0800] {logging_mixin.py:190} INFO - [2025-01-01T15:15:48.210-0800] {dagbag.py:588} INFO - Filling up the DagBag from /opt/anaconda3/envs/airflow_env/lib/python3.9/site-packages/airflow/example_dags/example_time_delta_sensor_async.py
[2025-01-01T15:15:48.234-0800] {processor.py:925} INFO - DAG(s) 'example_time_delta_sensor_async' retrieved from /opt/anaconda3/envs/airflow_env/lib/python3.9/site-packages/airflow/example_dags/example_time_delta_sensor_async.py
[2025-01-01T15:15:49.103-0800] {logging_mixin.py:190} INFO - [2025-01-01T15:15:49.103-0800] {dag.py:3239} INFO - Sync 1 DAGs
[2025-01-01T15:15:49.115-0800] {logging_mixin.py:190} INFO - [2025-01-01T15:15:49.115-0800] {dag.py:4180} INFO - Setting next_dagrun for example_time_delta_sensor_async to None, run_after=None
[2025-01-01T15:15:49.142-0800] {processor.py:208} INFO - Processing /opt/anaconda3/envs/airflow_env/lib/python3.9/site-packages/airflow/example_dags/example_time_delta_sensor_async.py took 0.952 seconds
[2025-01-01T15:19:08.209-0800] {processor.py:186} INFO - Started process (PID=25438) to work on /opt/anaconda3/envs/airflow_env/lib/python3.9/site-packages/airflow/example_dags/example_time_delta_sensor_async.py
[2025-01-01T15:19:08.212-0800] {processor.py:914} INFO - Processing file /opt/anaconda3/envs/airflow_env/lib/python3.9/site-packages/airflow/example_dags/example_time_delta_sensor_async.py for tasks to queue
[2025-01-01T15:19:08.213-0800] {logging_mixin.py:190} INFO - [2025-01-01T15:19:08.213-0800] {dagbag.py:588} INFO - Filling up the DagBag from /opt/anaconda3/envs/airflow_env/lib/python3.9/site-packages/airflow/example_dags/example_time_delta_sensor_async.py
[2025-01-01T15:19:08.228-0800] {processor.py:925} INFO - DAG(s) 'example_time_delta_sensor_async' retrieved from /opt/anaconda3/envs/airflow_env/lib/python3.9/site-packages/airflow/example_dags/example_time_delta_sensor_async.py
[2025-01-01T15:19:09.588-0800] {logging_mixin.py:190} INFO - [2025-01-01T15:19:09.587-0800] {dag.py:3239} INFO - Sync 1 DAGs
[2025-01-01T15:19:09.650-0800] {logging_mixin.py:190} INFO - [2025-01-01T15:19:09.650-0800] {dag.py:4180} INFO - Setting next_dagrun for example_time_delta_sensor_async to None, run_after=None
[2025-01-01T15:19:09.698-0800] {processor.py:208} INFO - Processing /opt/anaconda3/envs/airflow_env/lib/python3.9/site-packages/airflow/example_dags/example_time_delta_sensor_async.py took 1.493 seconds
[2025-01-01T15:22:16.639-0800] {processor.py:186} INFO - Started process (PID=25624) to work on /opt/anaconda3/envs/airflow_env/lib/python3.9/site-packages/airflow/example_dags/example_time_delta_sensor_async.py
[2025-01-01T15:22:16.642-0800] {processor.py:914} INFO - Processing file /opt/anaconda3/envs/airflow_env/lib/python3.9/site-packages/airflow/example_dags/example_time_delta_sensor_async.py for tasks to queue
[2025-01-01T15:22:16.643-0800] {logging_mixin.py:190} INFO - [2025-01-01T15:22:16.643-0800] {dagbag.py:588} INFO - Filling up the DagBag from /opt/anaconda3/envs/airflow_env/lib/python3.9/site-packages/airflow/example_dags/example_time_delta_sensor_async.py
[2025-01-01T15:22:16.652-0800] {processor.py:925} INFO - DAG(s) 'example_time_delta_sensor_async' retrieved from /opt/anaconda3/envs/airflow_env/lib/python3.9/site-packages/airflow/example_dags/example_time_delta_sensor_async.py
[2025-01-01T15:22:17.532-0800] {logging_mixin.py:190} INFO - [2025-01-01T15:22:17.531-0800] {dag.py:3239} INFO - Sync 1 DAGs
[2025-01-01T15:22:17.547-0800] {logging_mixin.py:190} INFO - [2025-01-01T15:22:17.547-0800] {dag.py:4180} INFO - Setting next_dagrun for example_time_delta_sensor_async to None, run_after=None
[2025-01-01T15:22:17.569-0800] {processor.py:208} INFO - Processing /opt/anaconda3/envs/airflow_env/lib/python3.9/site-packages/airflow/example_dags/example_time_delta_sensor_async.py took 0.934 seconds
[2025-01-01T15:25:12.012-0800] {processor.py:186} INFO - Started process (PID=25734) to work on /opt/anaconda3/envs/airflow_env/lib/python3.9/site-packages/airflow/example_dags/example_time_delta_sensor_async.py
[2025-01-01T15:25:12.014-0800] {processor.py:914} INFO - Processing file /opt/anaconda3/envs/airflow_env/lib/python3.9/site-packages/airflow/example_dags/example_time_delta_sensor_async.py for tasks to queue
[2025-01-01T15:25:12.016-0800] {logging_mixin.py:190} INFO - [2025-01-01T15:25:12.015-0800] {dagbag.py:588} INFO - Filling up the DagBag from /opt/anaconda3/envs/airflow_env/lib/python3.9/site-packages/airflow/example_dags/example_time_delta_sensor_async.py
[2025-01-01T15:25:12.024-0800] {processor.py:925} INFO - DAG(s) 'example_time_delta_sensor_async' retrieved from /opt/anaconda3/envs/airflow_env/lib/python3.9/site-packages/airflow/example_dags/example_time_delta_sensor_async.py
[2025-01-01T15:25:12.817-0800] {logging_mixin.py:190} INFO - [2025-01-01T15:25:12.817-0800] {dag.py:3239} INFO - Sync 1 DAGs
[2025-01-01T15:25:12.830-0800] {logging_mixin.py:190} INFO - [2025-01-01T15:25:12.829-0800] {dag.py:4180} INFO - Setting next_dagrun for example_time_delta_sensor_async to None, run_after=None
[2025-01-01T15:25:12.851-0800] {processor.py:208} INFO - Processing /opt/anaconda3/envs/airflow_env/lib/python3.9/site-packages/airflow/example_dags/example_time_delta_sensor_async.py took 0.843 seconds
[2025-01-01T15:28:02.936-0800] {processor.py:186} INFO - Started process (PID=25854) to work on /opt/anaconda3/envs/airflow_env/lib/python3.9/site-packages/airflow/example_dags/example_time_delta_sensor_async.py
[2025-01-01T15:28:02.938-0800] {processor.py:914} INFO - Processing file /opt/anaconda3/envs/airflow_env/lib/python3.9/site-packages/airflow/example_dags/example_time_delta_sensor_async.py for tasks to queue
[2025-01-01T15:28:02.940-0800] {logging_mixin.py:190} INFO - [2025-01-01T15:28:02.940-0800] {dagbag.py:588} INFO - Filling up the DagBag from /opt/anaconda3/envs/airflow_env/lib/python3.9/site-packages/airflow/example_dags/example_time_delta_sensor_async.py
[2025-01-01T15:28:02.954-0800] {processor.py:925} INFO - DAG(s) 'example_time_delta_sensor_async' retrieved from /opt/anaconda3/envs/airflow_env/lib/python3.9/site-packages/airflow/example_dags/example_time_delta_sensor_async.py
[2025-01-01T15:28:03.846-0800] {logging_mixin.py:190} INFO - [2025-01-01T15:28:03.845-0800] {dag.py:3239} INFO - Sync 1 DAGs
[2025-01-01T15:28:03.858-0800] {logging_mixin.py:190} INFO - [2025-01-01T15:28:03.858-0800] {dag.py:4180} INFO - Setting next_dagrun for example_time_delta_sensor_async to None, run_after=None
[2025-01-01T15:28:03.880-0800] {processor.py:208} INFO - Processing /opt/anaconda3/envs/airflow_env/lib/python3.9/site-packages/airflow/example_dags/example_time_delta_sensor_async.py took 0.948 seconds
[2025-01-01T15:30:56.972-0800] {processor.py:186} INFO - Started process (PID=25967) to work on /opt/anaconda3/envs/airflow_env/lib/python3.9/site-packages/airflow/example_dags/example_time_delta_sensor_async.py
[2025-01-01T15:30:56.976-0800] {processor.py:914} INFO - Processing file /opt/anaconda3/envs/airflow_env/lib/python3.9/site-packages/airflow/example_dags/example_time_delta_sensor_async.py for tasks to queue
[2025-01-01T15:30:56.977-0800] {logging_mixin.py:190} INFO - [2025-01-01T15:30:56.977-0800] {dagbag.py:588} INFO - Filling up the DagBag from /opt/anaconda3/envs/airflow_env/lib/python3.9/site-packages/airflow/example_dags/example_time_delta_sensor_async.py
[2025-01-01T15:30:56.992-0800] {processor.py:925} INFO - DAG(s) 'example_time_delta_sensor_async' retrieved from /opt/anaconda3/envs/airflow_env/lib/python3.9/site-packages/airflow/example_dags/example_time_delta_sensor_async.py
[2025-01-01T15:30:57.832-0800] {logging_mixin.py:190} INFO - [2025-01-01T15:30:57.832-0800] {dag.py:3239} INFO - Sync 1 DAGs
[2025-01-01T15:30:57.845-0800] {logging_mixin.py:190} INFO - [2025-01-01T15:30:57.844-0800] {dag.py:4180} INFO - Setting next_dagrun for example_time_delta_sensor_async to None, run_after=None
[2025-01-01T15:30:57.867-0800] {processor.py:208} INFO - Processing /opt/anaconda3/envs/airflow_env/lib/python3.9/site-packages/airflow/example_dags/example_time_delta_sensor_async.py took 0.898 seconds
[2025-01-01T15:33:46.325-0800] {processor.py:186} INFO - Started process (PID=26071) to work on /opt/anaconda3/envs/airflow_env/lib/python3.9/site-packages/airflow/example_dags/example_time_delta_sensor_async.py
[2025-01-01T15:33:46.327-0800] {processor.py:914} INFO - Processing file /opt/anaconda3/envs/airflow_env/lib/python3.9/site-packages/airflow/example_dags/example_time_delta_sensor_async.py for tasks to queue
[2025-01-01T15:33:46.328-0800] {logging_mixin.py:190} INFO - [2025-01-01T15:33:46.327-0800] {dagbag.py:588} INFO - Filling up the DagBag from /opt/anaconda3/envs/airflow_env/lib/python3.9/site-packages/airflow/example_dags/example_time_delta_sensor_async.py
[2025-01-01T15:33:46.338-0800] {processor.py:925} INFO - DAG(s) 'example_time_delta_sensor_async' retrieved from /opt/anaconda3/envs/airflow_env/lib/python3.9/site-packages/airflow/example_dags/example_time_delta_sensor_async.py
[2025-01-01T15:33:47.125-0800] {logging_mixin.py:190} INFO - [2025-01-01T15:33:47.125-0800] {dag.py:3239} INFO - Sync 1 DAGs
[2025-01-01T15:33:47.137-0800] {logging_mixin.py:190} INFO - [2025-01-01T15:33:47.137-0800] {dag.py:4180} INFO - Setting next_dagrun for example_time_delta_sensor_async to None, run_after=None
[2025-01-01T15:33:47.165-0800] {processor.py:208} INFO - Processing /opt/anaconda3/envs/airflow_env/lib/python3.9/site-packages/airflow/example_dags/example_time_delta_sensor_async.py took 0.843 seconds
[2025-01-01T15:36:30.333-0800] {processor.py:186} INFO - Started process (PID=26173) to work on /opt/anaconda3/envs/airflow_env/lib/python3.9/site-packages/airflow/example_dags/example_time_delta_sensor_async.py
[2025-01-01T15:36:30.334-0800] {processor.py:914} INFO - Processing file /opt/anaconda3/envs/airflow_env/lib/python3.9/site-packages/airflow/example_dags/example_time_delta_sensor_async.py for tasks to queue
[2025-01-01T15:36:30.335-0800] {logging_mixin.py:190} INFO - [2025-01-01T15:36:30.334-0800] {dagbag.py:588} INFO - Filling up the DagBag from /opt/anaconda3/envs/airflow_env/lib/python3.9/site-packages/airflow/example_dags/example_time_delta_sensor_async.py
[2025-01-01T15:36:30.343-0800] {processor.py:925} INFO - DAG(s) 'example_time_delta_sensor_async' retrieved from /opt/anaconda3/envs/airflow_env/lib/python3.9/site-packages/airflow/example_dags/example_time_delta_sensor_async.py
[2025-01-01T15:36:31.118-0800] {logging_mixin.py:190} INFO - [2025-01-01T15:36:31.118-0800] {dag.py:3239} INFO - Sync 1 DAGs
[2025-01-01T15:36:31.131-0800] {logging_mixin.py:190} INFO - [2025-01-01T15:36:31.130-0800] {dag.py:4180} INFO - Setting next_dagrun for example_time_delta_sensor_async to None, run_after=None
[2025-01-01T15:36:31.157-0800] {processor.py:208} INFO - Processing /opt/anaconda3/envs/airflow_env/lib/python3.9/site-packages/airflow/example_dags/example_time_delta_sensor_async.py took 0.829 seconds
[2025-01-01T15:39:20.809-0800] {processor.py:186} INFO - Started process (PID=26280) to work on /opt/anaconda3/envs/airflow_env/lib/python3.9/site-packages/airflow/example_dags/example_time_delta_sensor_async.py
[2025-01-01T15:39:20.811-0800] {processor.py:914} INFO - Processing file /opt/anaconda3/envs/airflow_env/lib/python3.9/site-packages/airflow/example_dags/example_time_delta_sensor_async.py for tasks to queue
[2025-01-01T15:39:20.812-0800] {logging_mixin.py:190} INFO - [2025-01-01T15:39:20.812-0800] {dagbag.py:588} INFO - Filling up the DagBag from /opt/anaconda3/envs/airflow_env/lib/python3.9/site-packages/airflow/example_dags/example_time_delta_sensor_async.py
[2025-01-01T15:39:20.826-0800] {processor.py:925} INFO - DAG(s) 'example_time_delta_sensor_async' retrieved from /opt/anaconda3/envs/airflow_env/lib/python3.9/site-packages/airflow/example_dags/example_time_delta_sensor_async.py
[2025-01-01T15:39:21.676-0800] {logging_mixin.py:190} INFO - [2025-01-01T15:39:21.675-0800] {dag.py:3239} INFO - Sync 1 DAGs
[2025-01-01T15:39:21.688-0800] {logging_mixin.py:190} INFO - [2025-01-01T15:39:21.688-0800] {dag.py:4180} INFO - Setting next_dagrun for example_time_delta_sensor_async to None, run_after=None
[2025-01-01T15:39:21.710-0800] {processor.py:208} INFO - Processing /opt/anaconda3/envs/airflow_env/lib/python3.9/site-packages/airflow/example_dags/example_time_delta_sensor_async.py took 0.906 seconds
