[2025-01-01T14:42:34.262-0800] {processor.py:186} INFO - Started process (PID=23719) to work on /opt/anaconda3/envs/airflow_env/lib/python3.9/site-packages/airflow/example_dags/example_task_group_decorator.py
[2025-01-01T14:42:34.265-0800] {processor.py:914} INFO - Processing file /opt/anaconda3/envs/airflow_env/lib/python3.9/site-packages/airflow/example_dags/example_task_group_decorator.py for tasks to queue
[2025-01-01T14:42:34.267-0800] {logging_mixin.py:190} INFO - [2025-01-01T14:42:34.266-0800] {dagbag.py:588} INFO - Filling up the DagBag from /opt/anaconda3/envs/airflow_env/lib/python3.9/site-packages/airflow/example_dags/example_task_group_decorator.py
[2025-01-01T14:42:34.400-0800] {processor.py:925} INFO - DAG(s) 'example_task_group_decorator' retrieved from /opt/anaconda3/envs/airflow_env/lib/python3.9/site-packages/airflow/example_dags/example_task_group_decorator.py
[2025-01-01T14:42:34.789-0800] {logging_mixin.py:190} INFO - [2025-01-01T14:42:34.788-0800] {override.py:1911} INFO - Created Permission View: can delete on DAG:example_task_group_decorator
[2025-01-01T14:42:34.810-0800] {logging_mixin.py:190} INFO - [2025-01-01T14:42:34.809-0800] {override.py:1911} INFO - Created Permission View: can edit on DAG:example_task_group_decorator
[2025-01-01T14:42:34.819-0800] {logging_mixin.py:190} INFO - [2025-01-01T14:42:34.819-0800] {override.py:1911} INFO - Created Permission View: can read on DAG:example_task_group_decorator
[2025-01-01T14:42:34.831-0800] {logging_mixin.py:190} INFO - [2025-01-01T14:42:34.830-0800] {override.py:1911} INFO - Created Permission View: can delete on DAG Run:example_task_group_decorator
[2025-01-01T14:42:34.841-0800] {logging_mixin.py:190} INFO - [2025-01-01T14:42:34.841-0800] {override.py:1911} INFO - Created Permission View: can create on DAG Run:example_task_group_decorator
[2025-01-01T14:42:34.872-0800] {logging_mixin.py:190} INFO - [2025-01-01T14:42:34.872-0800] {override.py:1911} INFO - Created Permission View: menu access on DAG Run:example_task_group_decorator
[2025-01-01T14:42:34.883-0800] {logging_mixin.py:190} INFO - [2025-01-01T14:42:34.883-0800] {override.py:1911} INFO - Created Permission View: can read on DAG Run:example_task_group_decorator
[2025-01-01T14:42:34.884-0800] {logging_mixin.py:190} INFO - [2025-01-01T14:42:34.884-0800] {dag.py:3239} INFO - Sync 1 DAGs
[2025-01-01T14:42:34.904-0800] {logging_mixin.py:190} INFO - [2025-01-01T14:42:34.902-0800] {dag.py:3262} INFO - Creating ORM DAG for example_task_group_decorator
[2025-01-01T14:42:34.905-0800] {logging_mixin.py:190} INFO - [2025-01-01T14:42:34.905-0800] {dag.py:4180} INFO - Setting next_dagrun for example_task_group_decorator to None, run_after=None
[2025-01-01T14:42:34.939-0800] {processor.py:208} INFO - Processing /opt/anaconda3/envs/airflow_env/lib/python3.9/site-packages/airflow/example_dags/example_task_group_decorator.py took 0.681 seconds
[2025-01-01T14:46:55.215-0800] {processor.py:186} INFO - Started process (PID=23924) to work on /opt/anaconda3/envs/airflow_env/lib/python3.9/site-packages/airflow/example_dags/example_task_group_decorator.py
[2025-01-01T14:46:55.218-0800] {processor.py:914} INFO - Processing file /opt/anaconda3/envs/airflow_env/lib/python3.9/site-packages/airflow/example_dags/example_task_group_decorator.py for tasks to queue
[2025-01-01T14:46:55.219-0800] {logging_mixin.py:190} INFO - [2025-01-01T14:46:55.219-0800] {dagbag.py:588} INFO - Filling up the DagBag from /opt/anaconda3/envs/airflow_env/lib/python3.9/site-packages/airflow/example_dags/example_task_group_decorator.py
[2025-01-01T14:46:55.278-0800] {processor.py:925} INFO - DAG(s) 'example_task_group_decorator' retrieved from /opt/anaconda3/envs/airflow_env/lib/python3.9/site-packages/airflow/example_dags/example_task_group_decorator.py
[2025-01-01T14:46:55.533-0800] {logging_mixin.py:190} INFO - [2025-01-01T14:46:55.532-0800] {dag.py:3239} INFO - Sync 1 DAGs
[2025-01-01T14:46:55.586-0800] {logging_mixin.py:190} INFO - [2025-01-01T14:46:55.585-0800] {dag.py:4180} INFO - Setting next_dagrun for example_task_group_decorator to None, run_after=None
[2025-01-01T14:46:55.646-0800] {processor.py:208} INFO - Processing /opt/anaconda3/envs/airflow_env/lib/python3.9/site-packages/airflow/example_dags/example_task_group_decorator.py took 0.435 seconds
[2025-01-01T14:50:36.175-0800] {processor.py:186} INFO - Started process (PID=24106) to work on /opt/anaconda3/envs/airflow_env/lib/python3.9/site-packages/airflow/example_dags/example_task_group_decorator.py
[2025-01-01T14:50:36.177-0800] {processor.py:914} INFO - Processing file /opt/anaconda3/envs/airflow_env/lib/python3.9/site-packages/airflow/example_dags/example_task_group_decorator.py for tasks to queue
[2025-01-01T14:50:36.180-0800] {logging_mixin.py:190} INFO - [2025-01-01T14:50:36.179-0800] {dagbag.py:588} INFO - Filling up the DagBag from /opt/anaconda3/envs/airflow_env/lib/python3.9/site-packages/airflow/example_dags/example_task_group_decorator.py
[2025-01-01T14:50:36.234-0800] {processor.py:925} INFO - DAG(s) 'example_task_group_decorator' retrieved from /opt/anaconda3/envs/airflow_env/lib/python3.9/site-packages/airflow/example_dags/example_task_group_decorator.py
[2025-01-01T14:50:36.381-0800] {logging_mixin.py:190} INFO - [2025-01-01T14:50:36.380-0800] {dag.py:3239} INFO - Sync 1 DAGs
[2025-01-01T14:50:36.399-0800] {logging_mixin.py:190} INFO - [2025-01-01T14:50:36.399-0800] {dag.py:4180} INFO - Setting next_dagrun for example_task_group_decorator to None, run_after=None
[2025-01-01T14:50:36.426-0800] {processor.py:208} INFO - Processing /opt/anaconda3/envs/airflow_env/lib/python3.9/site-packages/airflow/example_dags/example_task_group_decorator.py took 0.255 seconds
[2025-01-01T14:54:10.565-0800] {processor.py:186} INFO - Started process (PID=24289) to work on /opt/anaconda3/envs/airflow_env/lib/python3.9/site-packages/airflow/example_dags/example_task_group_decorator.py
[2025-01-01T14:54:10.567-0800] {processor.py:914} INFO - Processing file /opt/anaconda3/envs/airflow_env/lib/python3.9/site-packages/airflow/example_dags/example_task_group_decorator.py for tasks to queue
[2025-01-01T14:54:10.569-0800] {logging_mixin.py:190} INFO - [2025-01-01T14:54:10.568-0800] {dagbag.py:588} INFO - Filling up the DagBag from /opt/anaconda3/envs/airflow_env/lib/python3.9/site-packages/airflow/example_dags/example_task_group_decorator.py
[2025-01-01T14:54:10.652-0800] {processor.py:925} INFO - DAG(s) 'example_task_group_decorator' retrieved from /opt/anaconda3/envs/airflow_env/lib/python3.9/site-packages/airflow/example_dags/example_task_group_decorator.py
[2025-01-01T14:54:10.847-0800] {logging_mixin.py:190} INFO - [2025-01-01T14:54:10.847-0800] {dag.py:3239} INFO - Sync 1 DAGs
[2025-01-01T14:54:10.875-0800] {logging_mixin.py:190} INFO - [2025-01-01T14:54:10.875-0800] {dag.py:4180} INFO - Setting next_dagrun for example_task_group_decorator to None, run_after=None
[2025-01-01T14:54:10.902-0800] {processor.py:208} INFO - Processing /opt/anaconda3/envs/airflow_env/lib/python3.9/site-packages/airflow/example_dags/example_task_group_decorator.py took 0.342 seconds
[2025-01-01T14:57:55.648-0800] {processor.py:186} INFO - Started process (PID=24467) to work on /opt/anaconda3/envs/airflow_env/lib/python3.9/site-packages/airflow/example_dags/example_task_group_decorator.py
[2025-01-01T14:57:55.649-0800] {processor.py:914} INFO - Processing file /opt/anaconda3/envs/airflow_env/lib/python3.9/site-packages/airflow/example_dags/example_task_group_decorator.py for tasks to queue
[2025-01-01T14:57:55.650-0800] {logging_mixin.py:190} INFO - [2025-01-01T14:57:55.650-0800] {dagbag.py:588} INFO - Filling up the DagBag from /opt/anaconda3/envs/airflow_env/lib/python3.9/site-packages/airflow/example_dags/example_task_group_decorator.py
[2025-01-01T14:57:55.721-0800] {processor.py:925} INFO - DAG(s) 'example_task_group_decorator' retrieved from /opt/anaconda3/envs/airflow_env/lib/python3.9/site-packages/airflow/example_dags/example_task_group_decorator.py
[2025-01-01T14:57:55.915-0800] {logging_mixin.py:190} INFO - [2025-01-01T14:57:55.915-0800] {dag.py:3239} INFO - Sync 1 DAGs
[2025-01-01T14:57:55.932-0800] {logging_mixin.py:190} INFO - [2025-01-01T14:57:55.931-0800] {dag.py:4180} INFO - Setting next_dagrun for example_task_group_decorator to None, run_after=None
[2025-01-01T14:57:55.956-0800] {processor.py:208} INFO - Processing /opt/anaconda3/envs/airflow_env/lib/python3.9/site-packages/airflow/example_dags/example_task_group_decorator.py took 0.314 seconds
[2025-01-01T15:01:41.557-0800] {processor.py:186} INFO - Started process (PID=24663) to work on /opt/anaconda3/envs/airflow_env/lib/python3.9/site-packages/airflow/example_dags/example_task_group_decorator.py
[2025-01-01T15:01:41.559-0800] {processor.py:914} INFO - Processing file /opt/anaconda3/envs/airflow_env/lib/python3.9/site-packages/airflow/example_dags/example_task_group_decorator.py for tasks to queue
[2025-01-01T15:01:41.561-0800] {logging_mixin.py:190} INFO - [2025-01-01T15:01:41.560-0800] {dagbag.py:588} INFO - Filling up the DagBag from /opt/anaconda3/envs/airflow_env/lib/python3.9/site-packages/airflow/example_dags/example_task_group_decorator.py
[2025-01-01T15:01:41.643-0800] {processor.py:925} INFO - DAG(s) 'example_task_group_decorator' retrieved from /opt/anaconda3/envs/airflow_env/lib/python3.9/site-packages/airflow/example_dags/example_task_group_decorator.py
[2025-01-01T15:01:41.990-0800] {logging_mixin.py:190} INFO - [2025-01-01T15:01:41.989-0800] {dag.py:3239} INFO - Sync 1 DAGs
[2025-01-01T15:01:42.020-0800] {logging_mixin.py:190} INFO - [2025-01-01T15:01:42.019-0800] {dag.py:4180} INFO - Setting next_dagrun for example_task_group_decorator to None, run_after=None
[2025-01-01T15:01:42.071-0800] {processor.py:208} INFO - Processing /opt/anaconda3/envs/airflow_env/lib/python3.9/site-packages/airflow/example_dags/example_task_group_decorator.py took 0.521 seconds
[2025-01-01T15:07:51.703-0800] {processor.py:186} INFO - Started process (PID=24880) to work on /opt/anaconda3/envs/airflow_env/lib/python3.9/site-packages/airflow/example_dags/example_task_group_decorator.py
[2025-01-01T15:07:51.706-0800] {processor.py:914} INFO - Processing file /opt/anaconda3/envs/airflow_env/lib/python3.9/site-packages/airflow/example_dags/example_task_group_decorator.py for tasks to queue
[2025-01-01T15:07:51.708-0800] {logging_mixin.py:190} INFO - [2025-01-01T15:07:51.708-0800] {dagbag.py:588} INFO - Filling up the DagBag from /opt/anaconda3/envs/airflow_env/lib/python3.9/site-packages/airflow/example_dags/example_task_group_decorator.py
[2025-01-01T15:07:51.793-0800] {processor.py:925} INFO - DAG(s) 'example_task_group_decorator' retrieved from /opt/anaconda3/envs/airflow_env/lib/python3.9/site-packages/airflow/example_dags/example_task_group_decorator.py
[2025-01-01T15:07:51.946-0800] {logging_mixin.py:190} INFO - [2025-01-01T15:07:51.946-0800] {dag.py:3239} INFO - Sync 1 DAGs
[2025-01-01T15:07:51.959-0800] {logging_mixin.py:190} INFO - [2025-01-01T15:07:51.959-0800] {dag.py:4180} INFO - Setting next_dagrun for example_task_group_decorator to None, run_after=None
[2025-01-01T15:07:51.985-0800] {processor.py:208} INFO - Processing /opt/anaconda3/envs/airflow_env/lib/python3.9/site-packages/airflow/example_dags/example_task_group_decorator.py took 0.286 seconds
[2025-01-01T15:12:03.516-0800] {processor.py:186} INFO - Started process (PID=25121) to work on /opt/anaconda3/envs/airflow_env/lib/python3.9/site-packages/airflow/example_dags/example_task_group_decorator.py
[2025-01-01T15:12:03.519-0800] {processor.py:914} INFO - Processing file /opt/anaconda3/envs/airflow_env/lib/python3.9/site-packages/airflow/example_dags/example_task_group_decorator.py for tasks to queue
[2025-01-01T15:12:03.521-0800] {logging_mixin.py:190} INFO - [2025-01-01T15:12:03.520-0800] {dagbag.py:588} INFO - Filling up the DagBag from /opt/anaconda3/envs/airflow_env/lib/python3.9/site-packages/airflow/example_dags/example_task_group_decorator.py
[2025-01-01T15:12:03.711-0800] {processor.py:925} INFO - DAG(s) 'example_task_group_decorator' retrieved from /opt/anaconda3/envs/airflow_env/lib/python3.9/site-packages/airflow/example_dags/example_task_group_decorator.py
[2025-01-01T15:12:03.882-0800] {logging_mixin.py:190} INFO - [2025-01-01T15:12:03.882-0800] {dag.py:3239} INFO - Sync 1 DAGs
[2025-01-01T15:12:03.897-0800] {logging_mixin.py:190} INFO - [2025-01-01T15:12:03.896-0800] {dag.py:4180} INFO - Setting next_dagrun for example_task_group_decorator to None, run_after=None
[2025-01-01T15:12:03.928-0800] {processor.py:208} INFO - Processing /opt/anaconda3/envs/airflow_env/lib/python3.9/site-packages/airflow/example_dags/example_task_group_decorator.py took 0.428 seconds
[2025-01-01T15:15:52.729-0800] {processor.py:186} INFO - Started process (PID=25312) to work on /opt/anaconda3/envs/airflow_env/lib/python3.9/site-packages/airflow/example_dags/example_task_group_decorator.py
[2025-01-01T15:15:52.731-0800] {processor.py:914} INFO - Processing file /opt/anaconda3/envs/airflow_env/lib/python3.9/site-packages/airflow/example_dags/example_task_group_decorator.py for tasks to queue
[2025-01-01T15:15:52.732-0800] {logging_mixin.py:190} INFO - [2025-01-01T15:15:52.732-0800] {dagbag.py:588} INFO - Filling up the DagBag from /opt/anaconda3/envs/airflow_env/lib/python3.9/site-packages/airflow/example_dags/example_task_group_decorator.py
[2025-01-01T15:15:52.784-0800] {processor.py:925} INFO - DAG(s) 'example_task_group_decorator' retrieved from /opt/anaconda3/envs/airflow_env/lib/python3.9/site-packages/airflow/example_dags/example_task_group_decorator.py
[2025-01-01T15:15:52.914-0800] {logging_mixin.py:190} INFO - [2025-01-01T15:15:52.913-0800] {dag.py:3239} INFO - Sync 1 DAGs
[2025-01-01T15:15:52.926-0800] {logging_mixin.py:190} INFO - [2025-01-01T15:15:52.925-0800] {dag.py:4180} INFO - Setting next_dagrun for example_task_group_decorator to None, run_after=None
[2025-01-01T15:15:52.949-0800] {processor.py:208} INFO - Processing /opt/anaconda3/envs/airflow_env/lib/python3.9/site-packages/airflow/example_dags/example_task_group_decorator.py took 0.225 seconds
[2025-01-01T15:19:13.745-0800] {processor.py:186} INFO - Started process (PID=25466) to work on /opt/anaconda3/envs/airflow_env/lib/python3.9/site-packages/airflow/example_dags/example_task_group_decorator.py
[2025-01-01T15:19:13.748-0800] {processor.py:914} INFO - Processing file /opt/anaconda3/envs/airflow_env/lib/python3.9/site-packages/airflow/example_dags/example_task_group_decorator.py for tasks to queue
[2025-01-01T15:19:13.749-0800] {logging_mixin.py:190} INFO - [2025-01-01T15:19:13.749-0800] {dagbag.py:588} INFO - Filling up the DagBag from /opt/anaconda3/envs/airflow_env/lib/python3.9/site-packages/airflow/example_dags/example_task_group_decorator.py
[2025-01-01T15:19:13.857-0800] {processor.py:925} INFO - DAG(s) 'example_task_group_decorator' retrieved from /opt/anaconda3/envs/airflow_env/lib/python3.9/site-packages/airflow/example_dags/example_task_group_decorator.py
[2025-01-01T15:19:13.998-0800] {logging_mixin.py:190} INFO - [2025-01-01T15:19:13.997-0800] {dag.py:3239} INFO - Sync 1 DAGs
[2025-01-01T15:19:14.011-0800] {logging_mixin.py:190} INFO - [2025-01-01T15:19:14.011-0800] {dag.py:4180} INFO - Setting next_dagrun for example_task_group_decorator to None, run_after=None
[2025-01-01T15:19:14.035-0800] {processor.py:208} INFO - Processing /opt/anaconda3/envs/airflow_env/lib/python3.9/site-packages/airflow/example_dags/example_task_group_decorator.py took 0.295 seconds
[2025-01-01T15:22:21.000-0800] {processor.py:186} INFO - Started process (PID=25628) to work on /opt/anaconda3/envs/airflow_env/lib/python3.9/site-packages/airflow/example_dags/example_task_group_decorator.py
[2025-01-01T15:22:21.003-0800] {processor.py:914} INFO - Processing file /opt/anaconda3/envs/airflow_env/lib/python3.9/site-packages/airflow/example_dags/example_task_group_decorator.py for tasks to queue
[2025-01-01T15:22:21.004-0800] {logging_mixin.py:190} INFO - [2025-01-01T15:22:21.003-0800] {dagbag.py:588} INFO - Filling up the DagBag from /opt/anaconda3/envs/airflow_env/lib/python3.9/site-packages/airflow/example_dags/example_task_group_decorator.py
[2025-01-01T15:22:21.063-0800] {processor.py:925} INFO - DAG(s) 'example_task_group_decorator' retrieved from /opt/anaconda3/envs/airflow_env/lib/python3.9/site-packages/airflow/example_dags/example_task_group_decorator.py
[2025-01-01T15:22:21.241-0800] {logging_mixin.py:190} INFO - [2025-01-01T15:22:21.241-0800] {dag.py:3239} INFO - Sync 1 DAGs
[2025-01-01T15:22:21.259-0800] {logging_mixin.py:190} INFO - [2025-01-01T15:22:21.258-0800] {dag.py:4180} INFO - Setting next_dagrun for example_task_group_decorator to None, run_after=None
[2025-01-01T15:22:21.288-0800] {processor.py:208} INFO - Processing /opt/anaconda3/envs/airflow_env/lib/python3.9/site-packages/airflow/example_dags/example_task_group_decorator.py took 0.292 seconds
[2025-01-01T15:25:16.170-0800] {processor.py:186} INFO - Started process (PID=25736) to work on /opt/anaconda3/envs/airflow_env/lib/python3.9/site-packages/airflow/example_dags/example_task_group_decorator.py
[2025-01-01T15:25:16.171-0800] {processor.py:914} INFO - Processing file /opt/anaconda3/envs/airflow_env/lib/python3.9/site-packages/airflow/example_dags/example_task_group_decorator.py for tasks to queue
[2025-01-01T15:25:16.172-0800] {logging_mixin.py:190} INFO - [2025-01-01T15:25:16.172-0800] {dagbag.py:588} INFO - Filling up the DagBag from /opt/anaconda3/envs/airflow_env/lib/python3.9/site-packages/airflow/example_dags/example_task_group_decorator.py
[2025-01-01T15:25:16.217-0800] {processor.py:925} INFO - DAG(s) 'example_task_group_decorator' retrieved from /opt/anaconda3/envs/airflow_env/lib/python3.9/site-packages/airflow/example_dags/example_task_group_decorator.py
[2025-01-01T15:25:16.354-0800] {logging_mixin.py:190} INFO - [2025-01-01T15:25:16.353-0800] {dag.py:3239} INFO - Sync 1 DAGs
[2025-01-01T15:25:16.366-0800] {logging_mixin.py:190} INFO - [2025-01-01T15:25:16.366-0800] {dag.py:4180} INFO - Setting next_dagrun for example_task_group_decorator to None, run_after=None
[2025-01-01T15:25:16.388-0800] {processor.py:208} INFO - Processing /opt/anaconda3/envs/airflow_env/lib/python3.9/site-packages/airflow/example_dags/example_task_group_decorator.py took 0.222 seconds
[2025-01-01T15:28:07.090-0800] {processor.py:186} INFO - Started process (PID=25856) to work on /opt/anaconda3/envs/airflow_env/lib/python3.9/site-packages/airflow/example_dags/example_task_group_decorator.py
[2025-01-01T15:28:07.092-0800] {processor.py:914} INFO - Processing file /opt/anaconda3/envs/airflow_env/lib/python3.9/site-packages/airflow/example_dags/example_task_group_decorator.py for tasks to queue
[2025-01-01T15:28:07.093-0800] {logging_mixin.py:190} INFO - [2025-01-01T15:28:07.093-0800] {dagbag.py:588} INFO - Filling up the DagBag from /opt/anaconda3/envs/airflow_env/lib/python3.9/site-packages/airflow/example_dags/example_task_group_decorator.py
[2025-01-01T15:28:07.141-0800] {processor.py:925} INFO - DAG(s) 'example_task_group_decorator' retrieved from /opt/anaconda3/envs/airflow_env/lib/python3.9/site-packages/airflow/example_dags/example_task_group_decorator.py
[2025-01-01T15:28:07.268-0800] {logging_mixin.py:190} INFO - [2025-01-01T15:28:07.268-0800] {dag.py:3239} INFO - Sync 1 DAGs
[2025-01-01T15:28:07.280-0800] {logging_mixin.py:190} INFO - [2025-01-01T15:28:07.280-0800] {dag.py:4180} INFO - Setting next_dagrun for example_task_group_decorator to None, run_after=None
[2025-01-01T15:28:07.305-0800] {processor.py:208} INFO - Processing /opt/anaconda3/envs/airflow_env/lib/python3.9/site-packages/airflow/example_dags/example_task_group_decorator.py took 0.219 seconds
[2025-01-01T15:31:00.878-0800] {processor.py:186} INFO - Started process (PID=25969) to work on /opt/anaconda3/envs/airflow_env/lib/python3.9/site-packages/airflow/example_dags/example_task_group_decorator.py
[2025-01-01T15:31:00.881-0800] {processor.py:914} INFO - Processing file /opt/anaconda3/envs/airflow_env/lib/python3.9/site-packages/airflow/example_dags/example_task_group_decorator.py for tasks to queue
[2025-01-01T15:31:00.882-0800] {logging_mixin.py:190} INFO - [2025-01-01T15:31:00.882-0800] {dagbag.py:588} INFO - Filling up the DagBag from /opt/anaconda3/envs/airflow_env/lib/python3.9/site-packages/airflow/example_dags/example_task_group_decorator.py
[2025-01-01T15:31:00.932-0800] {processor.py:925} INFO - DAG(s) 'example_task_group_decorator' retrieved from /opt/anaconda3/envs/airflow_env/lib/python3.9/site-packages/airflow/example_dags/example_task_group_decorator.py
[2025-01-01T15:31:01.056-0800] {logging_mixin.py:190} INFO - [2025-01-01T15:31:01.056-0800] {dag.py:3239} INFO - Sync 1 DAGs
[2025-01-01T15:31:01.068-0800] {logging_mixin.py:190} INFO - [2025-01-01T15:31:01.068-0800] {dag.py:4180} INFO - Setting next_dagrun for example_task_group_decorator to None, run_after=None
[2025-01-01T15:31:01.091-0800] {processor.py:208} INFO - Processing /opt/anaconda3/envs/airflow_env/lib/python3.9/site-packages/airflow/example_dags/example_task_group_decorator.py took 0.217 seconds
[2025-01-01T15:33:50.189-0800] {processor.py:186} INFO - Started process (PID=26073) to work on /opt/anaconda3/envs/airflow_env/lib/python3.9/site-packages/airflow/example_dags/example_task_group_decorator.py
[2025-01-01T15:33:50.190-0800] {processor.py:914} INFO - Processing file /opt/anaconda3/envs/airflow_env/lib/python3.9/site-packages/airflow/example_dags/example_task_group_decorator.py for tasks to queue
[2025-01-01T15:33:50.191-0800] {logging_mixin.py:190} INFO - [2025-01-01T15:33:50.191-0800] {dagbag.py:588} INFO - Filling up the DagBag from /opt/anaconda3/envs/airflow_env/lib/python3.9/site-packages/airflow/example_dags/example_task_group_decorator.py
[2025-01-01T15:33:50.244-0800] {processor.py:925} INFO - DAG(s) 'example_task_group_decorator' retrieved from /opt/anaconda3/envs/airflow_env/lib/python3.9/site-packages/airflow/example_dags/example_task_group_decorator.py
[2025-01-01T15:33:50.387-0800] {logging_mixin.py:190} INFO - [2025-01-01T15:33:50.386-0800] {dag.py:3239} INFO - Sync 1 DAGs
[2025-01-01T15:33:50.400-0800] {logging_mixin.py:190} INFO - [2025-01-01T15:33:50.399-0800] {dag.py:4180} INFO - Setting next_dagrun for example_task_group_decorator to None, run_after=None
[2025-01-01T15:33:50.460-0800] {processor.py:208} INFO - Processing /opt/anaconda3/envs/airflow_env/lib/python3.9/site-packages/airflow/example_dags/example_task_group_decorator.py took 0.276 seconds
[2025-01-01T15:36:34.618-0800] {processor.py:186} INFO - Started process (PID=26175) to work on /opt/anaconda3/envs/airflow_env/lib/python3.9/site-packages/airflow/example_dags/example_task_group_decorator.py
[2025-01-01T15:36:34.620-0800] {processor.py:914} INFO - Processing file /opt/anaconda3/envs/airflow_env/lib/python3.9/site-packages/airflow/example_dags/example_task_group_decorator.py for tasks to queue
[2025-01-01T15:36:34.621-0800] {logging_mixin.py:190} INFO - [2025-01-01T15:36:34.620-0800] {dagbag.py:588} INFO - Filling up the DagBag from /opt/anaconda3/envs/airflow_env/lib/python3.9/site-packages/airflow/example_dags/example_task_group_decorator.py
[2025-01-01T15:36:34.674-0800] {processor.py:925} INFO - DAG(s) 'example_task_group_decorator' retrieved from /opt/anaconda3/envs/airflow_env/lib/python3.9/site-packages/airflow/example_dags/example_task_group_decorator.py
[2025-01-01T15:36:34.823-0800] {logging_mixin.py:190} INFO - [2025-01-01T15:36:34.822-0800] {dag.py:3239} INFO - Sync 1 DAGs
[2025-01-01T15:36:34.837-0800] {logging_mixin.py:190} INFO - [2025-01-01T15:36:34.837-0800] {dag.py:4180} INFO - Setting next_dagrun for example_task_group_decorator to None, run_after=None
[2025-01-01T15:36:34.860-0800] {processor.py:208} INFO - Processing /opt/anaconda3/envs/airflow_env/lib/python3.9/site-packages/airflow/example_dags/example_task_group_decorator.py took 0.247 seconds
[2025-01-01T15:39:24.731-0800] {processor.py:186} INFO - Started process (PID=26282) to work on /opt/anaconda3/envs/airflow_env/lib/python3.9/site-packages/airflow/example_dags/example_task_group_decorator.py
[2025-01-01T15:39:24.734-0800] {processor.py:914} INFO - Processing file /opt/anaconda3/envs/airflow_env/lib/python3.9/site-packages/airflow/example_dags/example_task_group_decorator.py for tasks to queue
[2025-01-01T15:39:24.735-0800] {logging_mixin.py:190} INFO - [2025-01-01T15:39:24.735-0800] {dagbag.py:588} INFO - Filling up the DagBag from /opt/anaconda3/envs/airflow_env/lib/python3.9/site-packages/airflow/example_dags/example_task_group_decorator.py
[2025-01-01T15:39:24.785-0800] {processor.py:925} INFO - DAG(s) 'example_task_group_decorator' retrieved from /opt/anaconda3/envs/airflow_env/lib/python3.9/site-packages/airflow/example_dags/example_task_group_decorator.py
[2025-01-01T15:39:24.911-0800] {logging_mixin.py:190} INFO - [2025-01-01T15:39:24.911-0800] {dag.py:3239} INFO - Sync 1 DAGs
[2025-01-01T15:39:24.923-0800] {logging_mixin.py:190} INFO - [2025-01-01T15:39:24.923-0800] {dag.py:4180} INFO - Setting next_dagrun for example_task_group_decorator to None, run_after=None
[2025-01-01T15:39:24.945-0800] {processor.py:208} INFO - Processing /opt/anaconda3/envs/airflow_env/lib/python3.9/site-packages/airflow/example_dags/example_task_group_decorator.py took 0.217 seconds
