[2025-01-01T14:43:04.819-0800] {processor.py:186} INFO - Started process (PID=23738) to work on /opt/anaconda3/envs/airflow_env/lib/python3.9/site-packages/airflow/example_dags/example_short_circuit_decorator.py
[2025-01-01T14:43:04.822-0800] {processor.py:914} INFO - Processing file /opt/anaconda3/envs/airflow_env/lib/python3.9/site-packages/airflow/example_dags/example_short_circuit_decorator.py for tasks to queue
[2025-01-01T14:43:04.826-0800] {logging_mixin.py:190} INFO - [2025-01-01T14:43:04.825-0800] {dagbag.py:588} INFO - Filling up the DagBag from /opt/anaconda3/envs/airflow_env/lib/python3.9/site-packages/airflow/example_dags/example_short_circuit_decorator.py
[2025-01-01T14:43:04.898-0800] {processor.py:925} INFO - DAG(s) 'example_short_circuit_decorator' retrieved from /opt/anaconda3/envs/airflow_env/lib/python3.9/site-packages/airflow/example_dags/example_short_circuit_decorator.py
[2025-01-01T14:43:05.298-0800] {logging_mixin.py:190} INFO - [2025-01-01T14:43:05.297-0800] {override.py:1911} INFO - Created Permission View: can delete on DAG:example_short_circuit_decorator
[2025-01-01T14:43:05.331-0800] {logging_mixin.py:190} INFO - [2025-01-01T14:43:05.330-0800] {override.py:1911} INFO - Created Permission View: can edit on DAG:example_short_circuit_decorator
[2025-01-01T14:43:05.349-0800] {logging_mixin.py:190} INFO - [2025-01-01T14:43:05.347-0800] {override.py:1911} INFO - Created Permission View: can read on DAG:example_short_circuit_decorator
[2025-01-01T14:43:05.369-0800] {logging_mixin.py:190} INFO - [2025-01-01T14:43:05.368-0800] {override.py:1911} INFO - Created Permission View: can delete on DAG Run:example_short_circuit_decorator
[2025-01-01T14:43:05.377-0800] {logging_mixin.py:190} INFO - [2025-01-01T14:43:05.377-0800] {override.py:1911} INFO - Created Permission View: menu access on DAG Run:example_short_circuit_decorator
[2025-01-01T14:43:05.388-0800] {logging_mixin.py:190} INFO - [2025-01-01T14:43:05.388-0800] {override.py:1911} INFO - Created Permission View: can create on DAG Run:example_short_circuit_decorator
[2025-01-01T14:43:05.398-0800] {logging_mixin.py:190} INFO - [2025-01-01T14:43:05.398-0800] {override.py:1911} INFO - Created Permission View: can read on DAG Run:example_short_circuit_decorator
[2025-01-01T14:43:05.399-0800] {logging_mixin.py:190} INFO - [2025-01-01T14:43:05.398-0800] {dag.py:3239} INFO - Sync 1 DAGs
[2025-01-01T14:43:05.415-0800] {logging_mixin.py:190} INFO - [2025-01-01T14:43:05.415-0800] {dag.py:3262} INFO - Creating ORM DAG for example_short_circuit_decorator
[2025-01-01T14:43:05.416-0800] {logging_mixin.py:190} INFO - [2025-01-01T14:43:05.416-0800] {dag.py:4180} INFO - Setting next_dagrun for example_short_circuit_decorator to None, run_after=None
[2025-01-01T14:43:05.439-0800] {processor.py:208} INFO - Processing /opt/anaconda3/envs/airflow_env/lib/python3.9/site-packages/airflow/example_dags/example_short_circuit_decorator.py took 0.627 seconds
[2025-01-01T14:47:20.907-0800] {processor.py:186} INFO - Started process (PID=23946) to work on /opt/anaconda3/envs/airflow_env/lib/python3.9/site-packages/airflow/example_dags/example_short_circuit_decorator.py
[2025-01-01T14:47:20.910-0800] {processor.py:914} INFO - Processing file /opt/anaconda3/envs/airflow_env/lib/python3.9/site-packages/airflow/example_dags/example_short_circuit_decorator.py for tasks to queue
[2025-01-01T14:47:20.912-0800] {logging_mixin.py:190} INFO - [2025-01-01T14:47:20.911-0800] {dagbag.py:588} INFO - Filling up the DagBag from /opt/anaconda3/envs/airflow_env/lib/python3.9/site-packages/airflow/example_dags/example_short_circuit_decorator.py
[2025-01-01T14:47:20.955-0800] {processor.py:925} INFO - DAG(s) 'example_short_circuit_decorator' retrieved from /opt/anaconda3/envs/airflow_env/lib/python3.9/site-packages/airflow/example_dags/example_short_circuit_decorator.py
[2025-01-01T14:47:21.108-0800] {logging_mixin.py:190} INFO - [2025-01-01T14:47:21.107-0800] {dag.py:3239} INFO - Sync 1 DAGs
[2025-01-01T14:47:21.124-0800] {logging_mixin.py:190} INFO - [2025-01-01T14:47:21.124-0800] {dag.py:4180} INFO - Setting next_dagrun for example_short_circuit_decorator to None, run_after=None
[2025-01-01T14:47:21.151-0800] {processor.py:208} INFO - Processing /opt/anaconda3/envs/airflow_env/lib/python3.9/site-packages/airflow/example_dags/example_short_circuit_decorator.py took 0.251 seconds
[2025-01-01T14:51:00.960-0800] {processor.py:186} INFO - Started process (PID=24135) to work on /opt/anaconda3/envs/airflow_env/lib/python3.9/site-packages/airflow/example_dags/example_short_circuit_decorator.py
[2025-01-01T14:51:00.963-0800] {processor.py:914} INFO - Processing file /opt/anaconda3/envs/airflow_env/lib/python3.9/site-packages/airflow/example_dags/example_short_circuit_decorator.py for tasks to queue
[2025-01-01T14:51:00.966-0800] {logging_mixin.py:190} INFO - [2025-01-01T14:51:00.965-0800] {dagbag.py:588} INFO - Filling up the DagBag from /opt/anaconda3/envs/airflow_env/lib/python3.9/site-packages/airflow/example_dags/example_short_circuit_decorator.py
[2025-01-01T14:51:01.036-0800] {processor.py:925} INFO - DAG(s) 'example_short_circuit_decorator' retrieved from /opt/anaconda3/envs/airflow_env/lib/python3.9/site-packages/airflow/example_dags/example_short_circuit_decorator.py
[2025-01-01T14:51:01.268-0800] {logging_mixin.py:190} INFO - [2025-01-01T14:51:01.267-0800] {dag.py:3239} INFO - Sync 1 DAGs
[2025-01-01T14:51:01.283-0800] {logging_mixin.py:190} INFO - [2025-01-01T14:51:01.282-0800] {dag.py:4180} INFO - Setting next_dagrun for example_short_circuit_decorator to None, run_after=None
[2025-01-01T14:51:01.311-0800] {processor.py:208} INFO - Processing /opt/anaconda3/envs/airflow_env/lib/python3.9/site-packages/airflow/example_dags/example_short_circuit_decorator.py took 0.360 seconds
[2025-01-01T14:54:35.961-0800] {processor.py:186} INFO - Started process (PID=24315) to work on /opt/anaconda3/envs/airflow_env/lib/python3.9/site-packages/airflow/example_dags/example_short_circuit_decorator.py
[2025-01-01T14:54:35.963-0800] {processor.py:914} INFO - Processing file /opt/anaconda3/envs/airflow_env/lib/python3.9/site-packages/airflow/example_dags/example_short_circuit_decorator.py for tasks to queue
[2025-01-01T14:54:35.964-0800] {logging_mixin.py:190} INFO - [2025-01-01T14:54:35.964-0800] {dagbag.py:588} INFO - Filling up the DagBag from /opt/anaconda3/envs/airflow_env/lib/python3.9/site-packages/airflow/example_dags/example_short_circuit_decorator.py
[2025-01-01T14:54:36.027-0800] {processor.py:925} INFO - DAG(s) 'example_short_circuit_decorator' retrieved from /opt/anaconda3/envs/airflow_env/lib/python3.9/site-packages/airflow/example_dags/example_short_circuit_decorator.py
[2025-01-01T14:54:36.219-0800] {logging_mixin.py:190} INFO - [2025-01-01T14:54:36.218-0800] {dag.py:3239} INFO - Sync 1 DAGs
[2025-01-01T14:54:36.237-0800] {logging_mixin.py:190} INFO - [2025-01-01T14:54:36.237-0800] {dag.py:4180} INFO - Setting next_dagrun for example_short_circuit_decorator to None, run_after=None
[2025-01-01T14:54:36.268-0800] {processor.py:208} INFO - Processing /opt/anaconda3/envs/airflow_env/lib/python3.9/site-packages/airflow/example_dags/example_short_circuit_decorator.py took 0.312 seconds
[2025-01-01T14:58:23.634-0800] {processor.py:186} INFO - Started process (PID=24490) to work on /opt/anaconda3/envs/airflow_env/lib/python3.9/site-packages/airflow/example_dags/example_short_circuit_decorator.py
[2025-01-01T14:58:23.636-0800] {processor.py:914} INFO - Processing file /opt/anaconda3/envs/airflow_env/lib/python3.9/site-packages/airflow/example_dags/example_short_circuit_decorator.py for tasks to queue
[2025-01-01T14:58:23.637-0800] {logging_mixin.py:190} INFO - [2025-01-01T14:58:23.637-0800] {dagbag.py:588} INFO - Filling up the DagBag from /opt/anaconda3/envs/airflow_env/lib/python3.9/site-packages/airflow/example_dags/example_short_circuit_decorator.py
[2025-01-01T14:58:23.690-0800] {processor.py:925} INFO - DAG(s) 'example_short_circuit_decorator' retrieved from /opt/anaconda3/envs/airflow_env/lib/python3.9/site-packages/airflow/example_dags/example_short_circuit_decorator.py
[2025-01-01T14:58:23.877-0800] {logging_mixin.py:190} INFO - [2025-01-01T14:58:23.876-0800] {dag.py:3239} INFO - Sync 1 DAGs
[2025-01-01T14:58:23.897-0800] {logging_mixin.py:190} INFO - [2025-01-01T14:58:23.897-0800] {dag.py:4180} INFO - Setting next_dagrun for example_short_circuit_decorator to None, run_after=None
[2025-01-01T14:58:23.955-0800] {processor.py:208} INFO - Processing /opt/anaconda3/envs/airflow_env/lib/python3.9/site-packages/airflow/example_dags/example_short_circuit_decorator.py took 0.325 seconds
[2025-01-01T15:02:06.343-0800] {processor.py:186} INFO - Started process (PID=24709) to work on /opt/anaconda3/envs/airflow_env/lib/python3.9/site-packages/airflow/example_dags/example_short_circuit_decorator.py
[2025-01-01T15:02:06.347-0800] {processor.py:914} INFO - Processing file /opt/anaconda3/envs/airflow_env/lib/python3.9/site-packages/airflow/example_dags/example_short_circuit_decorator.py for tasks to queue
[2025-01-01T15:02:06.349-0800] {logging_mixin.py:190} INFO - [2025-01-01T15:02:06.349-0800] {dagbag.py:588} INFO - Filling up the DagBag from /opt/anaconda3/envs/airflow_env/lib/python3.9/site-packages/airflow/example_dags/example_short_circuit_decorator.py
[2025-01-01T15:02:06.446-0800] {processor.py:925} INFO - DAG(s) 'example_short_circuit_decorator' retrieved from /opt/anaconda3/envs/airflow_env/lib/python3.9/site-packages/airflow/example_dags/example_short_circuit_decorator.py
[2025-01-01T15:02:06.658-0800] {logging_mixin.py:190} INFO - [2025-01-01T15:02:06.657-0800] {dag.py:3239} INFO - Sync 1 DAGs
[2025-01-01T15:02:06.673-0800] {logging_mixin.py:190} INFO - [2025-01-01T15:02:06.673-0800] {dag.py:4180} INFO - Setting next_dagrun for example_short_circuit_decorator to None, run_after=None
[2025-01-01T15:02:06.701-0800] {processor.py:208} INFO - Processing /opt/anaconda3/envs/airflow_env/lib/python3.9/site-packages/airflow/example_dags/example_short_circuit_decorator.py took 0.366 seconds
[2025-01-01T15:08:19.053-0800] {processor.py:186} INFO - Started process (PID=24918) to work on /opt/anaconda3/envs/airflow_env/lib/python3.9/site-packages/airflow/example_dags/example_short_circuit_decorator.py
[2025-01-01T15:08:19.056-0800] {processor.py:914} INFO - Processing file /opt/anaconda3/envs/airflow_env/lib/python3.9/site-packages/airflow/example_dags/example_short_circuit_decorator.py for tasks to queue
[2025-01-01T15:08:19.059-0800] {logging_mixin.py:190} INFO - [2025-01-01T15:08:19.058-0800] {dagbag.py:588} INFO - Filling up the DagBag from /opt/anaconda3/envs/airflow_env/lib/python3.9/site-packages/airflow/example_dags/example_short_circuit_decorator.py
[2025-01-01T15:08:19.124-0800] {processor.py:925} INFO - DAG(s) 'example_short_circuit_decorator' retrieved from /opt/anaconda3/envs/airflow_env/lib/python3.9/site-packages/airflow/example_dags/example_short_circuit_decorator.py
[2025-01-01T15:08:19.274-0800] {logging_mixin.py:190} INFO - [2025-01-01T15:08:19.273-0800] {dag.py:3239} INFO - Sync 1 DAGs
[2025-01-01T15:08:19.286-0800] {logging_mixin.py:190} INFO - [2025-01-01T15:08:19.286-0800] {dag.py:4180} INFO - Setting next_dagrun for example_short_circuit_decorator to None, run_after=None
[2025-01-01T15:08:19.315-0800] {processor.py:208} INFO - Processing /opt/anaconda3/envs/airflow_env/lib/python3.9/site-packages/airflow/example_dags/example_short_circuit_decorator.py took 0.271 seconds
[2025-01-01T15:12:30.631-0800] {processor.py:186} INFO - Started process (PID=25136) to work on /opt/anaconda3/envs/airflow_env/lib/python3.9/site-packages/airflow/example_dags/example_short_circuit_decorator.py
[2025-01-01T15:12:30.634-0800] {processor.py:914} INFO - Processing file /opt/anaconda3/envs/airflow_env/lib/python3.9/site-packages/airflow/example_dags/example_short_circuit_decorator.py for tasks to queue
[2025-01-01T15:12:30.643-0800] {logging_mixin.py:190} INFO - [2025-01-01T15:12:30.643-0800] {dagbag.py:588} INFO - Filling up the DagBag from /opt/anaconda3/envs/airflow_env/lib/python3.9/site-packages/airflow/example_dags/example_short_circuit_decorator.py
[2025-01-01T15:12:30.733-0800] {processor.py:925} INFO - DAG(s) 'example_short_circuit_decorator' retrieved from /opt/anaconda3/envs/airflow_env/lib/python3.9/site-packages/airflow/example_dags/example_short_circuit_decorator.py
[2025-01-01T15:12:30.998-0800] {logging_mixin.py:190} INFO - [2025-01-01T15:12:30.997-0800] {dag.py:3239} INFO - Sync 1 DAGs
[2025-01-01T15:12:31.028-0800] {logging_mixin.py:190} INFO - [2025-01-01T15:12:31.028-0800] {dag.py:4180} INFO - Setting next_dagrun for example_short_circuit_decorator to None, run_after=None
[2025-01-01T15:12:31.072-0800] {processor.py:208} INFO - Processing /opt/anaconda3/envs/airflow_env/lib/python3.9/site-packages/airflow/example_dags/example_short_circuit_decorator.py took 0.484 seconds
[2025-01-01T15:16:13.687-0800] {processor.py:186} INFO - Started process (PID=25327) to work on /opt/anaconda3/envs/airflow_env/lib/python3.9/site-packages/airflow/example_dags/example_short_circuit_decorator.py
[2025-01-01T15:16:13.690-0800] {processor.py:914} INFO - Processing file /opt/anaconda3/envs/airflow_env/lib/python3.9/site-packages/airflow/example_dags/example_short_circuit_decorator.py for tasks to queue
[2025-01-01T15:16:13.692-0800] {logging_mixin.py:190} INFO - [2025-01-01T15:16:13.691-0800] {dagbag.py:588} INFO - Filling up the DagBag from /opt/anaconda3/envs/airflow_env/lib/python3.9/site-packages/airflow/example_dags/example_short_circuit_decorator.py
[2025-01-01T15:16:13.749-0800] {processor.py:925} INFO - DAG(s) 'example_short_circuit_decorator' retrieved from /opt/anaconda3/envs/airflow_env/lib/python3.9/site-packages/airflow/example_dags/example_short_circuit_decorator.py
[2025-01-01T15:16:13.904-0800] {logging_mixin.py:190} INFO - [2025-01-01T15:16:13.903-0800] {dag.py:3239} INFO - Sync 1 DAGs
[2025-01-01T15:16:13.919-0800] {logging_mixin.py:190} INFO - [2025-01-01T15:16:13.919-0800] {dag.py:4180} INFO - Setting next_dagrun for example_short_circuit_decorator to None, run_after=None
[2025-01-01T15:16:13.945-0800] {processor.py:208} INFO - Processing /opt/anaconda3/envs/airflow_env/lib/python3.9/site-packages/airflow/example_dags/example_short_circuit_decorator.py took 0.265 seconds
[2025-01-01T15:19:36.600-0800] {processor.py:186} INFO - Started process (PID=25487) to work on /opt/anaconda3/envs/airflow_env/lib/python3.9/site-packages/airflow/example_dags/example_short_circuit_decorator.py
[2025-01-01T15:19:36.603-0800] {processor.py:914} INFO - Processing file /opt/anaconda3/envs/airflow_env/lib/python3.9/site-packages/airflow/example_dags/example_short_circuit_decorator.py for tasks to queue
[2025-01-01T15:19:36.604-0800] {logging_mixin.py:190} INFO - [2025-01-01T15:19:36.604-0800] {dagbag.py:588} INFO - Filling up the DagBag from /opt/anaconda3/envs/airflow_env/lib/python3.9/site-packages/airflow/example_dags/example_short_circuit_decorator.py
[2025-01-01T15:19:36.645-0800] {processor.py:925} INFO - DAG(s) 'example_short_circuit_decorator' retrieved from /opt/anaconda3/envs/airflow_env/lib/python3.9/site-packages/airflow/example_dags/example_short_circuit_decorator.py
[2025-01-01T15:19:36.789-0800] {logging_mixin.py:190} INFO - [2025-01-01T15:19:36.788-0800] {dag.py:3239} INFO - Sync 1 DAGs
[2025-01-01T15:19:36.801-0800] {logging_mixin.py:190} INFO - [2025-01-01T15:19:36.800-0800] {dag.py:4180} INFO - Setting next_dagrun for example_short_circuit_decorator to None, run_after=None
[2025-01-01T15:19:36.828-0800] {processor.py:208} INFO - Processing /opt/anaconda3/envs/airflow_env/lib/python3.9/site-packages/airflow/example_dags/example_short_circuit_decorator.py took 0.232 seconds
[2025-01-01T15:22:44.986-0800] {processor.py:186} INFO - Started process (PID=25648) to work on /opt/anaconda3/envs/airflow_env/lib/python3.9/site-packages/airflow/example_dags/example_short_circuit_decorator.py
[2025-01-01T15:22:44.989-0800] {processor.py:914} INFO - Processing file /opt/anaconda3/envs/airflow_env/lib/python3.9/site-packages/airflow/example_dags/example_short_circuit_decorator.py for tasks to queue
[2025-01-01T15:22:44.990-0800] {logging_mixin.py:190} INFO - [2025-01-01T15:22:44.990-0800] {dagbag.py:588} INFO - Filling up the DagBag from /opt/anaconda3/envs/airflow_env/lib/python3.9/site-packages/airflow/example_dags/example_short_circuit_decorator.py
[2025-01-01T15:22:45.034-0800] {processor.py:925} INFO - DAG(s) 'example_short_circuit_decorator' retrieved from /opt/anaconda3/envs/airflow_env/lib/python3.9/site-packages/airflow/example_dags/example_short_circuit_decorator.py
[2025-01-01T15:22:45.170-0800] {logging_mixin.py:190} INFO - [2025-01-01T15:22:45.170-0800] {dag.py:3239} INFO - Sync 1 DAGs
[2025-01-01T15:22:45.184-0800] {logging_mixin.py:190} INFO - [2025-01-01T15:22:45.183-0800] {dag.py:4180} INFO - Setting next_dagrun for example_short_circuit_decorator to None, run_after=None
[2025-01-01T15:22:45.206-0800] {processor.py:208} INFO - Processing /opt/anaconda3/envs/airflow_env/lib/python3.9/site-packages/airflow/example_dags/example_short_circuit_decorator.py took 0.224 seconds
[2025-01-01T15:25:36.702-0800] {processor.py:186} INFO - Started process (PID=25748) to work on /opt/anaconda3/envs/airflow_env/lib/python3.9/site-packages/airflow/example_dags/example_short_circuit_decorator.py
[2025-01-01T15:25:36.703-0800] {processor.py:914} INFO - Processing file /opt/anaconda3/envs/airflow_env/lib/python3.9/site-packages/airflow/example_dags/example_short_circuit_decorator.py for tasks to queue
[2025-01-01T15:25:36.704-0800] {logging_mixin.py:190} INFO - [2025-01-01T15:25:36.704-0800] {dagbag.py:588} INFO - Filling up the DagBag from /opt/anaconda3/envs/airflow_env/lib/python3.9/site-packages/airflow/example_dags/example_short_circuit_decorator.py
[2025-01-01T15:25:36.744-0800] {processor.py:925} INFO - DAG(s) 'example_short_circuit_decorator' retrieved from /opt/anaconda3/envs/airflow_env/lib/python3.9/site-packages/airflow/example_dags/example_short_circuit_decorator.py
[2025-01-01T15:25:36.876-0800] {logging_mixin.py:190} INFO - [2025-01-01T15:25:36.876-0800] {dag.py:3239} INFO - Sync 1 DAGs
[2025-01-01T15:25:36.889-0800] {logging_mixin.py:190} INFO - [2025-01-01T15:25:36.888-0800] {dag.py:4180} INFO - Setting next_dagrun for example_short_circuit_decorator to None, run_after=None
[2025-01-01T15:25:36.910-0800] {processor.py:208} INFO - Processing /opt/anaconda3/envs/airflow_env/lib/python3.9/site-packages/airflow/example_dags/example_short_circuit_decorator.py took 0.214 seconds
[2025-01-01T15:28:27.840-0800] {processor.py:186} INFO - Started process (PID=25870) to work on /opt/anaconda3/envs/airflow_env/lib/python3.9/site-packages/airflow/example_dags/example_short_circuit_decorator.py
[2025-01-01T15:28:27.843-0800] {processor.py:914} INFO - Processing file /opt/anaconda3/envs/airflow_env/lib/python3.9/site-packages/airflow/example_dags/example_short_circuit_decorator.py for tasks to queue
[2025-01-01T15:28:27.844-0800] {logging_mixin.py:190} INFO - [2025-01-01T15:28:27.844-0800] {dagbag.py:588} INFO - Filling up the DagBag from /opt/anaconda3/envs/airflow_env/lib/python3.9/site-packages/airflow/example_dags/example_short_circuit_decorator.py
[2025-01-01T15:28:27.886-0800] {processor.py:925} INFO - DAG(s) 'example_short_circuit_decorator' retrieved from /opt/anaconda3/envs/airflow_env/lib/python3.9/site-packages/airflow/example_dags/example_short_circuit_decorator.py
[2025-01-01T15:28:28.007-0800] {logging_mixin.py:190} INFO - [2025-01-01T15:28:28.006-0800] {dag.py:3239} INFO - Sync 1 DAGs
[2025-01-01T15:28:28.018-0800] {logging_mixin.py:190} INFO - [2025-01-01T15:28:28.018-0800] {dag.py:4180} INFO - Setting next_dagrun for example_short_circuit_decorator to None, run_after=None
[2025-01-01T15:28:28.039-0800] {processor.py:208} INFO - Processing /opt/anaconda3/envs/airflow_env/lib/python3.9/site-packages/airflow/example_dags/example_short_circuit_decorator.py took 0.202 seconds
[2025-01-01T15:31:22.109-0800] {processor.py:186} INFO - Started process (PID=25984) to work on /opt/anaconda3/envs/airflow_env/lib/python3.9/site-packages/airflow/example_dags/example_short_circuit_decorator.py
[2025-01-01T15:31:22.111-0800] {processor.py:914} INFO - Processing file /opt/anaconda3/envs/airflow_env/lib/python3.9/site-packages/airflow/example_dags/example_short_circuit_decorator.py for tasks to queue
[2025-01-01T15:31:22.113-0800] {logging_mixin.py:190} INFO - [2025-01-01T15:31:22.113-0800] {dagbag.py:588} INFO - Filling up the DagBag from /opt/anaconda3/envs/airflow_env/lib/python3.9/site-packages/airflow/example_dags/example_short_circuit_decorator.py
[2025-01-01T15:31:22.155-0800] {processor.py:925} INFO - DAG(s) 'example_short_circuit_decorator' retrieved from /opt/anaconda3/envs/airflow_env/lib/python3.9/site-packages/airflow/example_dags/example_short_circuit_decorator.py
[2025-01-01T15:31:22.280-0800] {logging_mixin.py:190} INFO - [2025-01-01T15:31:22.280-0800] {dag.py:3239} INFO - Sync 1 DAGs
[2025-01-01T15:31:22.293-0800] {logging_mixin.py:190} INFO - [2025-01-01T15:31:22.293-0800] {dag.py:4180} INFO - Setting next_dagrun for example_short_circuit_decorator to None, run_after=None
[2025-01-01T15:31:22.317-0800] {processor.py:208} INFO - Processing /opt/anaconda3/envs/airflow_env/lib/python3.9/site-packages/airflow/example_dags/example_short_circuit_decorator.py took 0.212 seconds
[2025-01-01T15:34:10.735-0800] {processor.py:186} INFO - Started process (PID=26085) to work on /opt/anaconda3/envs/airflow_env/lib/python3.9/site-packages/airflow/example_dags/example_short_circuit_decorator.py
[2025-01-01T15:34:10.736-0800] {processor.py:914} INFO - Processing file /opt/anaconda3/envs/airflow_env/lib/python3.9/site-packages/airflow/example_dags/example_short_circuit_decorator.py for tasks to queue
[2025-01-01T15:34:10.737-0800] {logging_mixin.py:190} INFO - [2025-01-01T15:34:10.737-0800] {dagbag.py:588} INFO - Filling up the DagBag from /opt/anaconda3/envs/airflow_env/lib/python3.9/site-packages/airflow/example_dags/example_short_circuit_decorator.py
[2025-01-01T15:34:10.786-0800] {processor.py:925} INFO - DAG(s) 'example_short_circuit_decorator' retrieved from /opt/anaconda3/envs/airflow_env/lib/python3.9/site-packages/airflow/example_dags/example_short_circuit_decorator.py
[2025-01-01T15:34:10.945-0800] {logging_mixin.py:190} INFO - [2025-01-01T15:34:10.945-0800] {dag.py:3239} INFO - Sync 1 DAGs
[2025-01-01T15:34:10.958-0800] {logging_mixin.py:190} INFO - [2025-01-01T15:34:10.958-0800] {dag.py:4180} INFO - Setting next_dagrun for example_short_circuit_decorator to None, run_after=None
[2025-01-01T15:34:10.986-0800] {processor.py:208} INFO - Processing /opt/anaconda3/envs/airflow_env/lib/python3.9/site-packages/airflow/example_dags/example_short_circuit_decorator.py took 0.255 seconds
[2025-01-01T15:36:56.541-0800] {processor.py:186} INFO - Started process (PID=26190) to work on /opt/anaconda3/envs/airflow_env/lib/python3.9/site-packages/airflow/example_dags/example_short_circuit_decorator.py
[2025-01-01T15:36:56.543-0800] {processor.py:914} INFO - Processing file /opt/anaconda3/envs/airflow_env/lib/python3.9/site-packages/airflow/example_dags/example_short_circuit_decorator.py for tasks to queue
[2025-01-01T15:36:56.547-0800] {logging_mixin.py:190} INFO - [2025-01-01T15:36:56.546-0800] {dagbag.py:588} INFO - Filling up the DagBag from /opt/anaconda3/envs/airflow_env/lib/python3.9/site-packages/airflow/example_dags/example_short_circuit_decorator.py
[2025-01-01T15:36:56.608-0800] {processor.py:925} INFO - DAG(s) 'example_short_circuit_decorator' retrieved from /opt/anaconda3/envs/airflow_env/lib/python3.9/site-packages/airflow/example_dags/example_short_circuit_decorator.py
[2025-01-01T15:36:56.773-0800] {logging_mixin.py:190} INFO - [2025-01-01T15:36:56.772-0800] {dag.py:3239} INFO - Sync 1 DAGs
[2025-01-01T15:36:56.795-0800] {logging_mixin.py:190} INFO - [2025-01-01T15:36:56.794-0800] {dag.py:4180} INFO - Setting next_dagrun for example_short_circuit_decorator to None, run_after=None
[2025-01-01T15:36:56.831-0800] {processor.py:208} INFO - Processing /opt/anaconda3/envs/airflow_env/lib/python3.9/site-packages/airflow/example_dags/example_short_circuit_decorator.py took 0.296 seconds
[2025-01-01T15:39:45.848-0800] {processor.py:186} INFO - Started process (PID=26294) to work on /opt/anaconda3/envs/airflow_env/lib/python3.9/site-packages/airflow/example_dags/example_short_circuit_decorator.py
[2025-01-01T15:39:45.851-0800] {processor.py:914} INFO - Processing file /opt/anaconda3/envs/airflow_env/lib/python3.9/site-packages/airflow/example_dags/example_short_circuit_decorator.py for tasks to queue
[2025-01-01T15:39:45.853-0800] {logging_mixin.py:190} INFO - [2025-01-01T15:39:45.852-0800] {dagbag.py:588} INFO - Filling up the DagBag from /opt/anaconda3/envs/airflow_env/lib/python3.9/site-packages/airflow/example_dags/example_short_circuit_decorator.py
[2025-01-01T15:39:45.898-0800] {processor.py:925} INFO - DAG(s) 'example_short_circuit_decorator' retrieved from /opt/anaconda3/envs/airflow_env/lib/python3.9/site-packages/airflow/example_dags/example_short_circuit_decorator.py
[2025-01-01T15:39:46.019-0800] {logging_mixin.py:190} INFO - [2025-01-01T15:39:46.019-0800] {dag.py:3239} INFO - Sync 1 DAGs
[2025-01-01T15:39:46.031-0800] {logging_mixin.py:190} INFO - [2025-01-01T15:39:46.031-0800] {dag.py:4180} INFO - Setting next_dagrun for example_short_circuit_decorator to None, run_after=None
[2025-01-01T15:39:46.052-0800] {processor.py:208} INFO - Processing /opt/anaconda3/envs/airflow_env/lib/python3.9/site-packages/airflow/example_dags/example_short_circuit_decorator.py took 0.208 seconds
