[2025-01-01T14:44:20.769-0800] {processor.py:186} INFO - Started process (PID=23772) to work on /opt/anaconda3/envs/airflow_env/lib/python3.9/site-packages/airflow/example_dags/example_kubernetes_executor.py
[2025-01-01T14:44:20.771-0800] {processor.py:914} INFO - Processing file /opt/anaconda3/envs/airflow_env/lib/python3.9/site-packages/airflow/example_dags/example_kubernetes_executor.py for tasks to queue
[2025-01-01T14:44:20.772-0800] {logging_mixin.py:190} INFO - [2025-01-01T14:44:20.772-0800] {dagbag.py:588} INFO - Filling up the DagBag from /opt/anaconda3/envs/airflow_env/lib/python3.9/site-packages/airflow/example_dags/example_kubernetes_executor.py
[2025-01-01T14:44:20.813-0800] {logging_mixin.py:190} INFO - [2025-01-01T14:44:20.813-0800] {example_kubernetes_executor.py:39} WARNING - The example_kubernetes_executor example DAG requires the kubernetes provider. Please install it with: pip install apache-airflow[cncf.kubernetes]
[2025-01-01T14:44:20.813-0800] {processor.py:927} WARNING - No viable dags retrieved from /opt/anaconda3/envs/airflow_env/lib/python3.9/site-packages/airflow/example_dags/example_kubernetes_executor.py
[2025-01-01T14:44:20.954-0800] {processor.py:208} INFO - Processing /opt/anaconda3/envs/airflow_env/lib/python3.9/site-packages/airflow/example_dags/example_kubernetes_executor.py took 0.190 seconds
[2025-01-01T14:48:28.027-0800] {processor.py:186} INFO - Started process (PID=24005) to work on /opt/anaconda3/envs/airflow_env/lib/python3.9/site-packages/airflow/example_dags/example_kubernetes_executor.py
[2025-01-01T14:48:28.030-0800] {processor.py:914} INFO - Processing file /opt/anaconda3/envs/airflow_env/lib/python3.9/site-packages/airflow/example_dags/example_kubernetes_executor.py for tasks to queue
[2025-01-01T14:48:28.031-0800] {logging_mixin.py:190} INFO - [2025-01-01T14:48:28.031-0800] {dagbag.py:588} INFO - Filling up the DagBag from /opt/anaconda3/envs/airflow_env/lib/python3.9/site-packages/airflow/example_dags/example_kubernetes_executor.py
[2025-01-01T14:48:28.073-0800] {logging_mixin.py:190} INFO - [2025-01-01T14:48:28.073-0800] {example_kubernetes_executor.py:39} WARNING - The example_kubernetes_executor example DAG requires the kubernetes provider. Please install it with: pip install apache-airflow[cncf.kubernetes]
[2025-01-01T14:48:28.074-0800] {processor.py:927} WARNING - No viable dags retrieved from /opt/anaconda3/envs/airflow_env/lib/python3.9/site-packages/airflow/example_dags/example_kubernetes_executor.py
[2025-01-01T14:48:28.232-0800] {processor.py:208} INFO - Processing /opt/anaconda3/envs/airflow_env/lib/python3.9/site-packages/airflow/example_dags/example_kubernetes_executor.py took 0.210 seconds
[2025-01-01T14:52:01.690-0800] {processor.py:186} INFO - Started process (PID=24178) to work on /opt/anaconda3/envs/airflow_env/lib/python3.9/site-packages/airflow/example_dags/example_kubernetes_executor.py
[2025-01-01T14:52:01.692-0800] {processor.py:914} INFO - Processing file /opt/anaconda3/envs/airflow_env/lib/python3.9/site-packages/airflow/example_dags/example_kubernetes_executor.py for tasks to queue
[2025-01-01T14:52:01.694-0800] {logging_mixin.py:190} INFO - [2025-01-01T14:52:01.693-0800] {dagbag.py:588} INFO - Filling up the DagBag from /opt/anaconda3/envs/airflow_env/lib/python3.9/site-packages/airflow/example_dags/example_kubernetes_executor.py
[2025-01-01T14:52:01.734-0800] {logging_mixin.py:190} INFO - [2025-01-01T14:52:01.734-0800] {example_kubernetes_executor.py:39} WARNING - The example_kubernetes_executor example DAG requires the kubernetes provider. Please install it with: pip install apache-airflow[cncf.kubernetes]
[2025-01-01T14:52:01.735-0800] {processor.py:927} WARNING - No viable dags retrieved from /opt/anaconda3/envs/airflow_env/lib/python3.9/site-packages/airflow/example_dags/example_kubernetes_executor.py
[2025-01-01T14:52:01.870-0800] {processor.py:208} INFO - Processing /opt/anaconda3/envs/airflow_env/lib/python3.9/site-packages/airflow/example_dags/example_kubernetes_executor.py took 0.184 seconds
[2025-01-01T14:55:46.229-0800] {processor.py:186} INFO - Started process (PID=24365) to work on /opt/anaconda3/envs/airflow_env/lib/python3.9/site-packages/airflow/example_dags/example_kubernetes_executor.py
[2025-01-01T14:55:46.231-0800] {processor.py:914} INFO - Processing file /opt/anaconda3/envs/airflow_env/lib/python3.9/site-packages/airflow/example_dags/example_kubernetes_executor.py for tasks to queue
[2025-01-01T14:55:46.233-0800] {logging_mixin.py:190} INFO - [2025-01-01T14:55:46.233-0800] {dagbag.py:588} INFO - Filling up the DagBag from /opt/anaconda3/envs/airflow_env/lib/python3.9/site-packages/airflow/example_dags/example_kubernetes_executor.py
[2025-01-01T14:55:46.282-0800] {logging_mixin.py:190} INFO - [2025-01-01T14:55:46.281-0800] {example_kubernetes_executor.py:39} WARNING - The example_kubernetes_executor example DAG requires the kubernetes provider. Please install it with: pip install apache-airflow[cncf.kubernetes]
[2025-01-01T14:55:46.282-0800] {processor.py:927} WARNING - No viable dags retrieved from /opt/anaconda3/envs/airflow_env/lib/python3.9/site-packages/airflow/example_dags/example_kubernetes_executor.py
[2025-01-01T14:55:46.441-0800] {processor.py:208} INFO - Processing /opt/anaconda3/envs/airflow_env/lib/python3.9/site-packages/airflow/example_dags/example_kubernetes_executor.py took 0.216 seconds
[2025-01-01T14:59:32.649-0800] {processor.py:186} INFO - Started process (PID=24545) to work on /opt/anaconda3/envs/airflow_env/lib/python3.9/site-packages/airflow/example_dags/example_kubernetes_executor.py
[2025-01-01T14:59:32.654-0800] {processor.py:914} INFO - Processing file /opt/anaconda3/envs/airflow_env/lib/python3.9/site-packages/airflow/example_dags/example_kubernetes_executor.py for tasks to queue
[2025-01-01T14:59:32.656-0800] {logging_mixin.py:190} INFO - [2025-01-01T14:59:32.656-0800] {dagbag.py:588} INFO - Filling up the DagBag from /opt/anaconda3/envs/airflow_env/lib/python3.9/site-packages/airflow/example_dags/example_kubernetes_executor.py
[2025-01-01T14:59:32.719-0800] {logging_mixin.py:190} INFO - [2025-01-01T14:59:32.719-0800] {example_kubernetes_executor.py:39} WARNING - The example_kubernetes_executor example DAG requires the kubernetes provider. Please install it with: pip install apache-airflow[cncf.kubernetes]
[2025-01-01T14:59:32.719-0800] {processor.py:927} WARNING - No viable dags retrieved from /opt/anaconda3/envs/airflow_env/lib/python3.9/site-packages/airflow/example_dags/example_kubernetes_executor.py
[2025-01-01T14:59:32.949-0800] {processor.py:208} INFO - Processing /opt/anaconda3/envs/airflow_env/lib/python3.9/site-packages/airflow/example_dags/example_kubernetes_executor.py took 0.318 seconds
[2025-01-01T15:09:25.214-0800] {processor.py:186} INFO - Started process (PID=24991) to work on /opt/anaconda3/envs/airflow_env/lib/python3.9/site-packages/airflow/example_dags/example_kubernetes_executor.py
[2025-01-01T15:09:25.216-0800] {processor.py:914} INFO - Processing file /opt/anaconda3/envs/airflow_env/lib/python3.9/site-packages/airflow/example_dags/example_kubernetes_executor.py for tasks to queue
[2025-01-01T15:09:25.217-0800] {logging_mixin.py:190} INFO - [2025-01-01T15:09:25.217-0800] {dagbag.py:588} INFO - Filling up the DagBag from /opt/anaconda3/envs/airflow_env/lib/python3.9/site-packages/airflow/example_dags/example_kubernetes_executor.py
[2025-01-01T15:09:25.281-0800] {logging_mixin.py:190} INFO - [2025-01-01T15:09:25.281-0800] {example_kubernetes_executor.py:39} WARNING - The example_kubernetes_executor example DAG requires the kubernetes provider. Please install it with: pip install apache-airflow[cncf.kubernetes]
[2025-01-01T15:09:25.282-0800] {processor.py:927} WARNING - No viable dags retrieved from /opt/anaconda3/envs/airflow_env/lib/python3.9/site-packages/airflow/example_dags/example_kubernetes_executor.py
[2025-01-01T15:09:25.560-0800] {processor.py:208} INFO - Processing /opt/anaconda3/envs/airflow_env/lib/python3.9/site-packages/airflow/example_dags/example_kubernetes_executor.py took 0.350 seconds
[2025-01-01T15:13:42.633-0800] {processor.py:186} INFO - Started process (PID=25197) to work on /opt/anaconda3/envs/airflow_env/lib/python3.9/site-packages/airflow/example_dags/example_kubernetes_executor.py
[2025-01-01T15:13:42.636-0800] {processor.py:914} INFO - Processing file /opt/anaconda3/envs/airflow_env/lib/python3.9/site-packages/airflow/example_dags/example_kubernetes_executor.py for tasks to queue
[2025-01-01T15:13:42.637-0800] {logging_mixin.py:190} INFO - [2025-01-01T15:13:42.637-0800] {dagbag.py:588} INFO - Filling up the DagBag from /opt/anaconda3/envs/airflow_env/lib/python3.9/site-packages/airflow/example_dags/example_kubernetes_executor.py
[2025-01-01T15:13:42.683-0800] {logging_mixin.py:190} INFO - [2025-01-01T15:13:42.682-0800] {example_kubernetes_executor.py:39} WARNING - The example_kubernetes_executor example DAG requires the kubernetes provider. Please install it with: pip install apache-airflow[cncf.kubernetes]
[2025-01-01T15:13:42.683-0800] {processor.py:927} WARNING - No viable dags retrieved from /opt/anaconda3/envs/airflow_env/lib/python3.9/site-packages/airflow/example_dags/example_kubernetes_executor.py
[2025-01-01T15:13:42.817-0800] {processor.py:208} INFO - Processing /opt/anaconda3/envs/airflow_env/lib/python3.9/site-packages/airflow/example_dags/example_kubernetes_executor.py took 0.189 seconds
[2025-01-01T15:17:19.027-0800] {processor.py:186} INFO - Started process (PID=25363) to work on /opt/anaconda3/envs/airflow_env/lib/python3.9/site-packages/airflow/example_dags/example_kubernetes_executor.py
[2025-01-01T15:17:19.029-0800] {processor.py:914} INFO - Processing file /opt/anaconda3/envs/airflow_env/lib/python3.9/site-packages/airflow/example_dags/example_kubernetes_executor.py for tasks to queue
[2025-01-01T15:17:19.031-0800] {logging_mixin.py:190} INFO - [2025-01-01T15:17:19.030-0800] {dagbag.py:588} INFO - Filling up the DagBag from /opt/anaconda3/envs/airflow_env/lib/python3.9/site-packages/airflow/example_dags/example_kubernetes_executor.py
[2025-01-01T15:17:19.067-0800] {logging_mixin.py:190} INFO - [2025-01-01T15:17:19.067-0800] {example_kubernetes_executor.py:39} WARNING - The example_kubernetes_executor example DAG requires the kubernetes provider. Please install it with: pip install apache-airflow[cncf.kubernetes]
[2025-01-01T15:17:19.067-0800] {processor.py:927} WARNING - No viable dags retrieved from /opt/anaconda3/envs/airflow_env/lib/python3.9/site-packages/airflow/example_dags/example_kubernetes_executor.py
[2025-01-01T15:17:19.176-0800] {processor.py:208} INFO - Processing /opt/anaconda3/envs/airflow_env/lib/python3.9/site-packages/airflow/example_dags/example_kubernetes_executor.py took 0.154 seconds
[2025-01-01T15:20:34.435-0800] {processor.py:186} INFO - Started process (PID=25526) to work on /opt/anaconda3/envs/airflow_env/lib/python3.9/site-packages/airflow/example_dags/example_kubernetes_executor.py
[2025-01-01T15:20:34.438-0800] {processor.py:914} INFO - Processing file /opt/anaconda3/envs/airflow_env/lib/python3.9/site-packages/airflow/example_dags/example_kubernetes_executor.py for tasks to queue
[2025-01-01T15:20:34.440-0800] {logging_mixin.py:190} INFO - [2025-01-01T15:20:34.440-0800] {dagbag.py:588} INFO - Filling up the DagBag from /opt/anaconda3/envs/airflow_env/lib/python3.9/site-packages/airflow/example_dags/example_kubernetes_executor.py
[2025-01-01T15:20:34.485-0800] {logging_mixin.py:190} INFO - [2025-01-01T15:20:34.485-0800] {example_kubernetes_executor.py:39} WARNING - The example_kubernetes_executor example DAG requires the kubernetes provider. Please install it with: pip install apache-airflow[cncf.kubernetes]
[2025-01-01T15:20:34.485-0800] {processor.py:927} WARNING - No viable dags retrieved from /opt/anaconda3/envs/airflow_env/lib/python3.9/site-packages/airflow/example_dags/example_kubernetes_executor.py
[2025-01-01T15:20:34.595-0800] {processor.py:208} INFO - Processing /opt/anaconda3/envs/airflow_env/lib/python3.9/site-packages/airflow/example_dags/example_kubernetes_executor.py took 0.164 seconds
[2025-01-01T15:23:38.835-0800] {processor.py:186} INFO - Started process (PID=25678) to work on /opt/anaconda3/envs/airflow_env/lib/python3.9/site-packages/airflow/example_dags/example_kubernetes_executor.py
[2025-01-01T15:23:38.838-0800] {processor.py:914} INFO - Processing file /opt/anaconda3/envs/airflow_env/lib/python3.9/site-packages/airflow/example_dags/example_kubernetes_executor.py for tasks to queue
[2025-01-01T15:23:38.839-0800] {logging_mixin.py:190} INFO - [2025-01-01T15:23:38.839-0800] {dagbag.py:588} INFO - Filling up the DagBag from /opt/anaconda3/envs/airflow_env/lib/python3.9/site-packages/airflow/example_dags/example_kubernetes_executor.py
[2025-01-01T15:23:38.875-0800] {logging_mixin.py:190} INFO - [2025-01-01T15:23:38.875-0800] {example_kubernetes_executor.py:39} WARNING - The example_kubernetes_executor example DAG requires the kubernetes provider. Please install it with: pip install apache-airflow[cncf.kubernetes]
[2025-01-01T15:23:38.875-0800] {processor.py:927} WARNING - No viable dags retrieved from /opt/anaconda3/envs/airflow_env/lib/python3.9/site-packages/airflow/example_dags/example_kubernetes_executor.py
[2025-01-01T15:23:39.018-0800] {processor.py:208} INFO - Processing /opt/anaconda3/envs/airflow_env/lib/python3.9/site-packages/airflow/example_dags/example_kubernetes_executor.py took 0.187 seconds
[2025-01-01T15:26:26.820-0800] {processor.py:186} INFO - Started process (PID=25782) to work on /opt/anaconda3/envs/airflow_env/lib/python3.9/site-packages/airflow/example_dags/example_kubernetes_executor.py
[2025-01-01T15:26:26.822-0800] {processor.py:914} INFO - Processing file /opt/anaconda3/envs/airflow_env/lib/python3.9/site-packages/airflow/example_dags/example_kubernetes_executor.py for tasks to queue
[2025-01-01T15:26:26.824-0800] {logging_mixin.py:190} INFO - [2025-01-01T15:26:26.824-0800] {dagbag.py:588} INFO - Filling up the DagBag from /opt/anaconda3/envs/airflow_env/lib/python3.9/site-packages/airflow/example_dags/example_kubernetes_executor.py
[2025-01-01T15:26:26.873-0800] {logging_mixin.py:190} INFO - [2025-01-01T15:26:26.873-0800] {example_kubernetes_executor.py:39} WARNING - The example_kubernetes_executor example DAG requires the kubernetes provider. Please install it with: pip install apache-airflow[cncf.kubernetes]
[2025-01-01T15:26:26.874-0800] {processor.py:927} WARNING - No viable dags retrieved from /opt/anaconda3/envs/airflow_env/lib/python3.9/site-packages/airflow/example_dags/example_kubernetes_executor.py
[2025-01-01T15:26:27.042-0800] {processor.py:208} INFO - Processing /opt/anaconda3/envs/airflow_env/lib/python3.9/site-packages/airflow/example_dags/example_kubernetes_executor.py took 0.230 seconds
[2025-01-01T15:29:21.000-0800] {processor.py:186} INFO - Started process (PID=25901) to work on /opt/anaconda3/envs/airflow_env/lib/python3.9/site-packages/airflow/example_dags/example_kubernetes_executor.py
[2025-01-01T15:29:21.002-0800] {processor.py:914} INFO - Processing file /opt/anaconda3/envs/airflow_env/lib/python3.9/site-packages/airflow/example_dags/example_kubernetes_executor.py for tasks to queue
[2025-01-01T15:29:21.004-0800] {logging_mixin.py:190} INFO - [2025-01-01T15:29:21.004-0800] {dagbag.py:588} INFO - Filling up the DagBag from /opt/anaconda3/envs/airflow_env/lib/python3.9/site-packages/airflow/example_dags/example_kubernetes_executor.py
[2025-01-01T15:29:21.042-0800] {logging_mixin.py:190} INFO - [2025-01-01T15:29:21.042-0800] {example_kubernetes_executor.py:39} WARNING - The example_kubernetes_executor example DAG requires the kubernetes provider. Please install it with: pip install apache-airflow[cncf.kubernetes]
[2025-01-01T15:29:21.042-0800] {processor.py:927} WARNING - No viable dags retrieved from /opt/anaconda3/envs/airflow_env/lib/python3.9/site-packages/airflow/example_dags/example_kubernetes_executor.py
[2025-01-01T15:29:21.166-0800] {processor.py:208} INFO - Processing /opt/anaconda3/envs/airflow_env/lib/python3.9/site-packages/airflow/example_dags/example_kubernetes_executor.py took 0.171 seconds
[2025-01-01T15:32:15.095-0800] {processor.py:186} INFO - Started process (PID=26015) to work on /opt/anaconda3/envs/airflow_env/lib/python3.9/site-packages/airflow/example_dags/example_kubernetes_executor.py
[2025-01-01T15:32:15.097-0800] {processor.py:914} INFO - Processing file /opt/anaconda3/envs/airflow_env/lib/python3.9/site-packages/airflow/example_dags/example_kubernetes_executor.py for tasks to queue
[2025-01-01T15:32:15.099-0800] {logging_mixin.py:190} INFO - [2025-01-01T15:32:15.099-0800] {dagbag.py:588} INFO - Filling up the DagBag from /opt/anaconda3/envs/airflow_env/lib/python3.9/site-packages/airflow/example_dags/example_kubernetes_executor.py
[2025-01-01T15:32:15.135-0800] {logging_mixin.py:190} INFO - [2025-01-01T15:32:15.135-0800] {example_kubernetes_executor.py:39} WARNING - The example_kubernetes_executor example DAG requires the kubernetes provider. Please install it with: pip install apache-airflow[cncf.kubernetes]
[2025-01-01T15:32:15.135-0800] {processor.py:927} WARNING - No viable dags retrieved from /opt/anaconda3/envs/airflow_env/lib/python3.9/site-packages/airflow/example_dags/example_kubernetes_executor.py
[2025-01-01T15:32:15.254-0800] {processor.py:208} INFO - Processing /opt/anaconda3/envs/airflow_env/lib/python3.9/site-packages/airflow/example_dags/example_kubernetes_executor.py took 0.163 seconds
[2025-01-01T15:35:01.644-0800] {processor.py:186} INFO - Started process (PID=26116) to work on /opt/anaconda3/envs/airflow_env/lib/python3.9/site-packages/airflow/example_dags/example_kubernetes_executor.py
[2025-01-01T15:35:01.645-0800] {processor.py:914} INFO - Processing file /opt/anaconda3/envs/airflow_env/lib/python3.9/site-packages/airflow/example_dags/example_kubernetes_executor.py for tasks to queue
[2025-01-01T15:35:01.647-0800] {logging_mixin.py:190} INFO - [2025-01-01T15:35:01.646-0800] {dagbag.py:588} INFO - Filling up the DagBag from /opt/anaconda3/envs/airflow_env/lib/python3.9/site-packages/airflow/example_dags/example_kubernetes_executor.py
[2025-01-01T15:35:01.695-0800] {logging_mixin.py:190} INFO - [2025-01-01T15:35:01.695-0800] {example_kubernetes_executor.py:39} WARNING - The example_kubernetes_executor example DAG requires the kubernetes provider. Please install it with: pip install apache-airflow[cncf.kubernetes]
[2025-01-01T15:35:01.695-0800] {processor.py:927} WARNING - No viable dags retrieved from /opt/anaconda3/envs/airflow_env/lib/python3.9/site-packages/airflow/example_dags/example_kubernetes_executor.py
[2025-01-01T15:35:01.856-0800] {processor.py:208} INFO - Processing /opt/anaconda3/envs/airflow_env/lib/python3.9/site-packages/airflow/example_dags/example_kubernetes_executor.py took 0.217 seconds
[2025-01-01T15:37:49.977-0800] {processor.py:186} INFO - Started process (PID=26224) to work on /opt/anaconda3/envs/airflow_env/lib/python3.9/site-packages/airflow/example_dags/example_kubernetes_executor.py
[2025-01-01T15:37:49.979-0800] {processor.py:914} INFO - Processing file /opt/anaconda3/envs/airflow_env/lib/python3.9/site-packages/airflow/example_dags/example_kubernetes_executor.py for tasks to queue
[2025-01-01T15:37:49.980-0800] {logging_mixin.py:190} INFO - [2025-01-01T15:37:49.980-0800] {dagbag.py:588} INFO - Filling up the DagBag from /opt/anaconda3/envs/airflow_env/lib/python3.9/site-packages/airflow/example_dags/example_kubernetes_executor.py
[2025-01-01T15:37:50.019-0800] {logging_mixin.py:190} INFO - [2025-01-01T15:37:50.019-0800] {example_kubernetes_executor.py:39} WARNING - The example_kubernetes_executor example DAG requires the kubernetes provider. Please install it with: pip install apache-airflow[cncf.kubernetes]
[2025-01-01T15:37:50.019-0800] {processor.py:927} WARNING - No viable dags retrieved from /opt/anaconda3/envs/airflow_env/lib/python3.9/site-packages/airflow/example_dags/example_kubernetes_executor.py
[2025-01-01T15:37:50.141-0800] {processor.py:208} INFO - Processing /opt/anaconda3/envs/airflow_env/lib/python3.9/site-packages/airflow/example_dags/example_kubernetes_executor.py took 0.170 seconds
[2025-01-01T15:40:39.554-0800] {processor.py:186} INFO - Started process (PID=26327) to work on /opt/anaconda3/envs/airflow_env/lib/python3.9/site-packages/airflow/example_dags/example_kubernetes_executor.py
[2025-01-01T15:40:39.556-0800] {processor.py:914} INFO - Processing file /opt/anaconda3/envs/airflow_env/lib/python3.9/site-packages/airflow/example_dags/example_kubernetes_executor.py for tasks to queue
[2025-01-01T15:40:39.557-0800] {logging_mixin.py:190} INFO - [2025-01-01T15:40:39.557-0800] {dagbag.py:588} INFO - Filling up the DagBag from /opt/anaconda3/envs/airflow_env/lib/python3.9/site-packages/airflow/example_dags/example_kubernetes_executor.py
[2025-01-01T15:40:39.600-0800] {logging_mixin.py:190} INFO - [2025-01-01T15:40:39.599-0800] {example_kubernetes_executor.py:39} WARNING - The example_kubernetes_executor example DAG requires the kubernetes provider. Please install it with: pip install apache-airflow[cncf.kubernetes]
[2025-01-01T15:40:39.600-0800] {processor.py:927} WARNING - No viable dags retrieved from /opt/anaconda3/envs/airflow_env/lib/python3.9/site-packages/airflow/example_dags/example_kubernetes_executor.py
[2025-01-01T15:40:39.716-0800] {processor.py:208} INFO - Processing /opt/anaconda3/envs/airflow_env/lib/python3.9/site-packages/airflow/example_dags/example_kubernetes_executor.py took 0.166 seconds
