[2025-01-01T14:45:18.725-0800] {processor.py:186} INFO - Started process (PID=23837) to work on /opt/anaconda3/envs/airflow_env/lib/python3.9/site-packages/airflow/example_dags/example_branch_operator_decorator.py
[2025-01-01T14:45:18.726-0800] {processor.py:914} INFO - Processing file /opt/anaconda3/envs/airflow_env/lib/python3.9/site-packages/airflow/example_dags/example_branch_operator_decorator.py for tasks to queue
[2025-01-01T14:45:18.727-0800] {logging_mixin.py:190} INFO - [2025-01-01T14:45:18.727-0800] {dagbag.py:588} INFO - Filling up the DagBag from /opt/anaconda3/envs/airflow_env/lib/python3.9/site-packages/airflow/example_dags/example_branch_operator_decorator.py
[2025-01-01T14:45:18.751-0800] {processor.py:927} WARNING - No viable dags retrieved from /opt/anaconda3/envs/airflow_env/lib/python3.9/site-packages/airflow/example_dags/example_branch_operator_decorator.py
[2025-01-01T14:45:18.877-0800] {processor.py:208} INFO - Processing /opt/anaconda3/envs/airflow_env/lib/python3.9/site-packages/airflow/example_dags/example_branch_operator_decorator.py took 0.157 seconds
[2025-01-01T14:52:21.129-0800] {processor.py:186} INFO - Started process (PID=24189) to work on /opt/anaconda3/envs/airflow_env/lib/python3.9/site-packages/airflow/example_dags/example_branch_operator_decorator.py
[2025-01-01T14:52:21.132-0800] {processor.py:914} INFO - Processing file /opt/anaconda3/envs/airflow_env/lib/python3.9/site-packages/airflow/example_dags/example_branch_operator_decorator.py for tasks to queue
[2025-01-01T14:52:21.133-0800] {logging_mixin.py:190} INFO - [2025-01-01T14:52:21.133-0800] {dagbag.py:588} INFO - Filling up the DagBag from /opt/anaconda3/envs/airflow_env/lib/python3.9/site-packages/airflow/example_dags/example_branch_operator_decorator.py
[2025-01-01T14:52:21.168-0800] {processor.py:927} WARNING - No viable dags retrieved from /opt/anaconda3/envs/airflow_env/lib/python3.9/site-packages/airflow/example_dags/example_branch_operator_decorator.py
[2025-01-01T14:52:21.310-0800] {processor.py:208} INFO - Processing /opt/anaconda3/envs/airflow_env/lib/python3.9/site-packages/airflow/example_dags/example_branch_operator_decorator.py took 0.189 seconds
[2025-01-01T14:59:58.483-0800] {processor.py:186} INFO - Started process (PID=24557) to work on /opt/anaconda3/envs/airflow_env/lib/python3.9/site-packages/airflow/example_dags/example_branch_operator_decorator.py
[2025-01-01T14:59:58.487-0800] {processor.py:914} INFO - Processing file /opt/anaconda3/envs/airflow_env/lib/python3.9/site-packages/airflow/example_dags/example_branch_operator_decorator.py for tasks to queue
[2025-01-01T14:59:58.489-0800] {logging_mixin.py:190} INFO - [2025-01-01T14:59:58.488-0800] {dagbag.py:588} INFO - Filling up the DagBag from /opt/anaconda3/envs/airflow_env/lib/python3.9/site-packages/airflow/example_dags/example_branch_operator_decorator.py
[2025-01-01T14:59:58.527-0800] {processor.py:927} WARNING - No viable dags retrieved from /opt/anaconda3/envs/airflow_env/lib/python3.9/site-packages/airflow/example_dags/example_branch_operator_decorator.py
[2025-01-01T14:59:58.668-0800] {processor.py:208} INFO - Processing /opt/anaconda3/envs/airflow_env/lib/python3.9/site-packages/airflow/example_dags/example_branch_operator_decorator.py took 0.192 seconds
[2025-01-01T15:10:14.092-0800] {processor.py:186} INFO - Started process (PID=25023) to work on /opt/anaconda3/envs/airflow_env/lib/python3.9/site-packages/airflow/example_dags/example_branch_operator_decorator.py
[2025-01-01T15:10:14.094-0800] {processor.py:914} INFO - Processing file /opt/anaconda3/envs/airflow_env/lib/python3.9/site-packages/airflow/example_dags/example_branch_operator_decorator.py for tasks to queue
[2025-01-01T15:10:14.095-0800] {logging_mixin.py:190} INFO - [2025-01-01T15:10:14.095-0800] {dagbag.py:588} INFO - Filling up the DagBag from /opt/anaconda3/envs/airflow_env/lib/python3.9/site-packages/airflow/example_dags/example_branch_operator_decorator.py
[2025-01-01T15:10:14.121-0800] {processor.py:927} WARNING - No viable dags retrieved from /opt/anaconda3/envs/airflow_env/lib/python3.9/site-packages/airflow/example_dags/example_branch_operator_decorator.py
[2025-01-01T15:10:14.273-0800] {processor.py:208} INFO - Processing /opt/anaconda3/envs/airflow_env/lib/python3.9/site-packages/airflow/example_dags/example_branch_operator_decorator.py took 0.187 seconds
[2025-01-01T15:17:39.835-0800] {processor.py:186} INFO - Started process (PID=25373) to work on /opt/anaconda3/envs/airflow_env/lib/python3.9/site-packages/airflow/example_dags/example_branch_operator_decorator.py
[2025-01-01T15:17:39.838-0800] {processor.py:914} INFO - Processing file /opt/anaconda3/envs/airflow_env/lib/python3.9/site-packages/airflow/example_dags/example_branch_operator_decorator.py for tasks to queue
[2025-01-01T15:17:39.840-0800] {logging_mixin.py:190} INFO - [2025-01-01T15:17:39.839-0800] {dagbag.py:588} INFO - Filling up the DagBag from /opt/anaconda3/envs/airflow_env/lib/python3.9/site-packages/airflow/example_dags/example_branch_operator_decorator.py
[2025-01-01T15:17:39.867-0800] {processor.py:927} WARNING - No viable dags retrieved from /opt/anaconda3/envs/airflow_env/lib/python3.9/site-packages/airflow/example_dags/example_branch_operator_decorator.py
[2025-01-01T15:17:40.106-0800] {processor.py:208} INFO - Processing /opt/anaconda3/envs/airflow_env/lib/python3.9/site-packages/airflow/example_dags/example_branch_operator_decorator.py took 0.275 seconds
[2025-01-01T15:23:52.804-0800] {processor.py:186} INFO - Started process (PID=25686) to work on /opt/anaconda3/envs/airflow_env/lib/python3.9/site-packages/airflow/example_dags/example_branch_operator_decorator.py
[2025-01-01T15:23:52.807-0800] {processor.py:914} INFO - Processing file /opt/anaconda3/envs/airflow_env/lib/python3.9/site-packages/airflow/example_dags/example_branch_operator_decorator.py for tasks to queue
[2025-01-01T15:23:52.809-0800] {logging_mixin.py:190} INFO - [2025-01-01T15:23:52.808-0800] {dagbag.py:588} INFO - Filling up the DagBag from /opt/anaconda3/envs/airflow_env/lib/python3.9/site-packages/airflow/example_dags/example_branch_operator_decorator.py
[2025-01-01T15:23:52.828-0800] {processor.py:927} WARNING - No viable dags retrieved from /opt/anaconda3/envs/airflow_env/lib/python3.9/site-packages/airflow/example_dags/example_branch_operator_decorator.py
[2025-01-01T15:23:52.935-0800] {processor.py:208} INFO - Processing /opt/anaconda3/envs/airflow_env/lib/python3.9/site-packages/airflow/example_dags/example_branch_operator_decorator.py took 0.135 seconds
[2025-01-01T15:29:34.908-0800] {processor.py:186} INFO - Started process (PID=25909) to work on /opt/anaconda3/envs/airflow_env/lib/python3.9/site-packages/airflow/example_dags/example_branch_operator_decorator.py
[2025-01-01T15:29:34.911-0800] {processor.py:914} INFO - Processing file /opt/anaconda3/envs/airflow_env/lib/python3.9/site-packages/airflow/example_dags/example_branch_operator_decorator.py for tasks to queue
[2025-01-01T15:29:34.912-0800] {logging_mixin.py:190} INFO - [2025-01-01T15:29:34.912-0800] {dagbag.py:588} INFO - Filling up the DagBag from /opt/anaconda3/envs/airflow_env/lib/python3.9/site-packages/airflow/example_dags/example_branch_operator_decorator.py
[2025-01-01T15:29:34.933-0800] {processor.py:927} WARNING - No viable dags retrieved from /opt/anaconda3/envs/airflow_env/lib/python3.9/site-packages/airflow/example_dags/example_branch_operator_decorator.py
[2025-01-01T15:29:35.045-0800] {processor.py:208} INFO - Processing /opt/anaconda3/envs/airflow_env/lib/python3.9/site-packages/airflow/example_dags/example_branch_operator_decorator.py took 0.141 seconds
[2025-01-01T15:35:12.762-0800] {processor.py:186} INFO - Started process (PID=26122) to work on /opt/anaconda3/envs/airflow_env/lib/python3.9/site-packages/airflow/example_dags/example_branch_operator_decorator.py
[2025-01-01T15:35:12.765-0800] {processor.py:914} INFO - Processing file /opt/anaconda3/envs/airflow_env/lib/python3.9/site-packages/airflow/example_dags/example_branch_operator_decorator.py for tasks to queue
[2025-01-01T15:35:12.766-0800] {logging_mixin.py:190} INFO - [2025-01-01T15:35:12.766-0800] {dagbag.py:588} INFO - Filling up the DagBag from /opt/anaconda3/envs/airflow_env/lib/python3.9/site-packages/airflow/example_dags/example_branch_operator_decorator.py
[2025-01-01T15:35:12.786-0800] {processor.py:927} WARNING - No viable dags retrieved from /opt/anaconda3/envs/airflow_env/lib/python3.9/site-packages/airflow/example_dags/example_branch_operator_decorator.py
[2025-01-01T15:35:12.910-0800] {processor.py:208} INFO - Processing /opt/anaconda3/envs/airflow_env/lib/python3.9/site-packages/airflow/example_dags/example_branch_operator_decorator.py took 0.152 seconds
[2025-01-01T15:40:50.570-0800] {processor.py:186} INFO - Started process (PID=26333) to work on /opt/anaconda3/envs/airflow_env/lib/python3.9/site-packages/airflow/example_dags/example_branch_operator_decorator.py
[2025-01-01T15:40:50.573-0800] {processor.py:914} INFO - Processing file /opt/anaconda3/envs/airflow_env/lib/python3.9/site-packages/airflow/example_dags/example_branch_operator_decorator.py for tasks to queue
[2025-01-01T15:40:50.574-0800] {logging_mixin.py:190} INFO - [2025-01-01T15:40:50.574-0800] {dagbag.py:588} INFO - Filling up the DagBag from /opt/anaconda3/envs/airflow_env/lib/python3.9/site-packages/airflow/example_dags/example_branch_operator_decorator.py
[2025-01-01T15:40:50.598-0800] {processor.py:927} WARNING - No viable dags retrieved from /opt/anaconda3/envs/airflow_env/lib/python3.9/site-packages/airflow/example_dags/example_branch_operator_decorator.py
[2025-01-01T15:40:50.717-0800] {processor.py:208} INFO - Processing /opt/anaconda3/envs/airflow_env/lib/python3.9/site-packages/airflow/example_dags/example_branch_operator_decorator.py took 0.151 seconds
