[2025-01-01T14:43:49.980-0800] {processor.py:186} INFO - Started process (PID=23758) to work on /opt/anaconda3/envs/airflow_env/lib/python3.9/site-packages/airflow/example_dags/example_params_trigger_ui.py
[2025-01-01T14:43:49.981-0800] {processor.py:914} INFO - Processing file /opt/anaconda3/envs/airflow_env/lib/python3.9/site-packages/airflow/example_dags/example_params_trigger_ui.py for tasks to queue
[2025-01-01T14:43:49.982-0800] {logging_mixin.py:190} INFO - [2025-01-01T14:43:49.982-0800] {dagbag.py:588} INFO - Filling up the DagBag from /opt/anaconda3/envs/airflow_env/lib/python3.9/site-packages/airflow/example_dags/example_params_trigger_ui.py
[2025-01-01T14:43:50.049-0800] {processor.py:925} INFO - DAG(s) 'example_params_trigger_ui' retrieved from /opt/anaconda3/envs/airflow_env/lib/python3.9/site-packages/airflow/example_dags/example_params_trigger_ui.py
[2025-01-01T14:43:50.358-0800] {logging_mixin.py:190} INFO - [2025-01-01T14:43:50.358-0800] {override.py:1911} INFO - Created Permission View: can edit on DAG:example_params_trigger_ui
[2025-01-01T14:43:50.377-0800] {logging_mixin.py:190} INFO - [2025-01-01T14:43:50.377-0800] {override.py:1911} INFO - Created Permission View: can read on DAG:example_params_trigger_ui
[2025-01-01T14:43:50.393-0800] {logging_mixin.py:190} INFO - [2025-01-01T14:43:50.392-0800] {override.py:1911} INFO - Created Permission View: can delete on DAG:example_params_trigger_ui
[2025-01-01T14:43:50.410-0800] {logging_mixin.py:190} INFO - [2025-01-01T14:43:50.410-0800] {override.py:1911} INFO - Created Permission View: can delete on DAG Run:example_params_trigger_ui
[2025-01-01T14:43:50.420-0800] {logging_mixin.py:190} INFO - [2025-01-01T14:43:50.419-0800] {override.py:1911} INFO - Created Permission View: can read on DAG Run:example_params_trigger_ui
[2025-01-01T14:43:50.428-0800] {logging_mixin.py:190} INFO - [2025-01-01T14:43:50.428-0800] {override.py:1911} INFO - Created Permission View: menu access on DAG Run:example_params_trigger_ui
[2025-01-01T14:43:50.436-0800] {logging_mixin.py:190} INFO - [2025-01-01T14:43:50.436-0800] {override.py:1911} INFO - Created Permission View: can create on DAG Run:example_params_trigger_ui
[2025-01-01T14:43:50.437-0800] {logging_mixin.py:190} INFO - [2025-01-01T14:43:50.437-0800] {dag.py:3239} INFO - Sync 1 DAGs
[2025-01-01T14:43:50.456-0800] {logging_mixin.py:190} INFO - [2025-01-01T14:43:50.455-0800] {dag.py:3262} INFO - Creating ORM DAG for example_params_trigger_ui
[2025-01-01T14:43:50.457-0800] {logging_mixin.py:190} INFO - [2025-01-01T14:43:50.457-0800] {dag.py:4180} INFO - Setting next_dagrun for example_params_trigger_ui to None, run_after=None
[2025-01-01T14:43:50.505-0800] {processor.py:208} INFO - Processing /opt/anaconda3/envs/airflow_env/lib/python3.9/site-packages/airflow/example_dags/example_params_trigger_ui.py took 0.530 seconds
[2025-01-01T14:48:02.801-0800] {processor.py:186} INFO - Started process (PID=23984) to work on /opt/anaconda3/envs/airflow_env/lib/python3.9/site-packages/airflow/example_dags/example_params_trigger_ui.py
[2025-01-01T14:48:02.803-0800] {processor.py:914} INFO - Processing file /opt/anaconda3/envs/airflow_env/lib/python3.9/site-packages/airflow/example_dags/example_params_trigger_ui.py for tasks to queue
[2025-01-01T14:48:02.806-0800] {logging_mixin.py:190} INFO - [2025-01-01T14:48:02.805-0800] {dagbag.py:588} INFO - Filling up the DagBag from /opt/anaconda3/envs/airflow_env/lib/python3.9/site-packages/airflow/example_dags/example_params_trigger_ui.py
[2025-01-01T14:48:02.882-0800] {processor.py:925} INFO - DAG(s) 'example_params_trigger_ui' retrieved from /opt/anaconda3/envs/airflow_env/lib/python3.9/site-packages/airflow/example_dags/example_params_trigger_ui.py
[2025-01-01T14:48:03.132-0800] {logging_mixin.py:190} INFO - [2025-01-01T14:48:03.132-0800] {dag.py:3239} INFO - Sync 1 DAGs
[2025-01-01T14:48:03.147-0800] {logging_mixin.py:190} INFO - [2025-01-01T14:48:03.146-0800] {dag.py:4180} INFO - Setting next_dagrun for example_params_trigger_ui to None, run_after=None
[2025-01-01T14:48:03.179-0800] {processor.py:208} INFO - Processing /opt/anaconda3/envs/airflow_env/lib/python3.9/site-packages/airflow/example_dags/example_params_trigger_ui.py took 0.385 seconds
[2025-01-01T14:51:35.988-0800] {processor.py:186} INFO - Started process (PID=24165) to work on /opt/anaconda3/envs/airflow_env/lib/python3.9/site-packages/airflow/example_dags/example_params_trigger_ui.py
[2025-01-01T14:51:35.990-0800] {processor.py:914} INFO - Processing file /opt/anaconda3/envs/airflow_env/lib/python3.9/site-packages/airflow/example_dags/example_params_trigger_ui.py for tasks to queue
[2025-01-01T14:51:35.992-0800] {logging_mixin.py:190} INFO - [2025-01-01T14:51:35.992-0800] {dagbag.py:588} INFO - Filling up the DagBag from /opt/anaconda3/envs/airflow_env/lib/python3.9/site-packages/airflow/example_dags/example_params_trigger_ui.py
[2025-01-01T14:51:36.037-0800] {processor.py:925} INFO - DAG(s) 'example_params_trigger_ui' retrieved from /opt/anaconda3/envs/airflow_env/lib/python3.9/site-packages/airflow/example_dags/example_params_trigger_ui.py
[2025-01-01T14:51:36.285-0800] {logging_mixin.py:190} INFO - [2025-01-01T14:51:36.285-0800] {dag.py:3239} INFO - Sync 1 DAGs
[2025-01-01T14:51:36.304-0800] {logging_mixin.py:190} INFO - [2025-01-01T14:51:36.303-0800] {dag.py:4180} INFO - Setting next_dagrun for example_params_trigger_ui to None, run_after=None
[2025-01-01T14:51:36.336-0800] {processor.py:208} INFO - Processing /opt/anaconda3/envs/airflow_env/lib/python3.9/site-packages/airflow/example_dags/example_params_trigger_ui.py took 0.352 seconds
[2025-01-01T14:55:21.830-0800] {processor.py:186} INFO - Started process (PID=24343) to work on /opt/anaconda3/envs/airflow_env/lib/python3.9/site-packages/airflow/example_dags/example_params_trigger_ui.py
[2025-01-01T14:55:21.833-0800] {processor.py:914} INFO - Processing file /opt/anaconda3/envs/airflow_env/lib/python3.9/site-packages/airflow/example_dags/example_params_trigger_ui.py for tasks to queue
[2025-01-01T14:55:21.835-0800] {logging_mixin.py:190} INFO - [2025-01-01T14:55:21.834-0800] {dagbag.py:588} INFO - Filling up the DagBag from /opt/anaconda3/envs/airflow_env/lib/python3.9/site-packages/airflow/example_dags/example_params_trigger_ui.py
[2025-01-01T14:55:21.880-0800] {processor.py:925} INFO - DAG(s) 'example_params_trigger_ui' retrieved from /opt/anaconda3/envs/airflow_env/lib/python3.9/site-packages/airflow/example_dags/example_params_trigger_ui.py
[2025-01-01T14:55:22.083-0800] {logging_mixin.py:190} INFO - [2025-01-01T14:55:22.082-0800] {dag.py:3239} INFO - Sync 1 DAGs
[2025-01-01T14:55:22.096-0800] {logging_mixin.py:190} INFO - [2025-01-01T14:55:22.096-0800] {dag.py:4180} INFO - Setting next_dagrun for example_params_trigger_ui to None, run_after=None
[2025-01-01T14:55:22.119-0800] {processor.py:208} INFO - Processing /opt/anaconda3/envs/airflow_env/lib/python3.9/site-packages/airflow/example_dags/example_params_trigger_ui.py took 0.296 seconds
[2025-01-01T14:59:05.583-0800] {processor.py:186} INFO - Started process (PID=24520) to work on /opt/anaconda3/envs/airflow_env/lib/python3.9/site-packages/airflow/example_dags/example_params_trigger_ui.py
[2025-01-01T14:59:05.584-0800] {processor.py:914} INFO - Processing file /opt/anaconda3/envs/airflow_env/lib/python3.9/site-packages/airflow/example_dags/example_params_trigger_ui.py for tasks to queue
[2025-01-01T14:59:05.586-0800] {logging_mixin.py:190} INFO - [2025-01-01T14:59:05.585-0800] {dagbag.py:588} INFO - Filling up the DagBag from /opt/anaconda3/envs/airflow_env/lib/python3.9/site-packages/airflow/example_dags/example_params_trigger_ui.py
[2025-01-01T14:59:05.633-0800] {processor.py:925} INFO - DAG(s) 'example_params_trigger_ui' retrieved from /opt/anaconda3/envs/airflow_env/lib/python3.9/site-packages/airflow/example_dags/example_params_trigger_ui.py
[2025-01-01T14:59:05.874-0800] {logging_mixin.py:190} INFO - [2025-01-01T14:59:05.874-0800] {dag.py:3239} INFO - Sync 1 DAGs
[2025-01-01T14:59:05.888-0800] {logging_mixin.py:190} INFO - [2025-01-01T14:59:05.887-0800] {dag.py:4180} INFO - Setting next_dagrun for example_params_trigger_ui to None, run_after=None
[2025-01-01T14:59:05.925-0800] {processor.py:208} INFO - Processing /opt/anaconda3/envs/airflow_env/lib/python3.9/site-packages/airflow/example_dags/example_params_trigger_ui.py took 0.347 seconds
[2025-01-01T15:02:47.464-0800] {processor.py:186} INFO - Started process (PID=24739) to work on /opt/anaconda3/envs/airflow_env/lib/python3.9/site-packages/airflow/example_dags/example_params_trigger_ui.py
[2025-01-01T15:02:47.465-0800] {processor.py:914} INFO - Processing file /opt/anaconda3/envs/airflow_env/lib/python3.9/site-packages/airflow/example_dags/example_params_trigger_ui.py for tasks to queue
[2025-01-01T15:02:47.466-0800] {logging_mixin.py:190} INFO - [2025-01-01T15:02:47.466-0800] {dagbag.py:588} INFO - Filling up the DagBag from /opt/anaconda3/envs/airflow_env/lib/python3.9/site-packages/airflow/example_dags/example_params_trigger_ui.py
[2025-01-01T15:02:47.516-0800] {processor.py:925} INFO - DAG(s) 'example_params_trigger_ui' retrieved from /opt/anaconda3/envs/airflow_env/lib/python3.9/site-packages/airflow/example_dags/example_params_trigger_ui.py
[2025-01-01T15:02:47.706-0800] {logging_mixin.py:190} INFO - [2025-01-01T15:02:47.706-0800] {dag.py:3239} INFO - Sync 1 DAGs
[2025-01-01T15:02:47.747-0800] {logging_mixin.py:190} INFO - [2025-01-01T15:02:47.746-0800] {dag.py:4180} INFO - Setting next_dagrun for example_params_trigger_ui to None, run_after=None
[2025-01-01T15:02:47.775-0800] {processor.py:208} INFO - Processing /opt/anaconda3/envs/airflow_env/lib/python3.9/site-packages/airflow/example_dags/example_params_trigger_ui.py took 0.315 seconds
[2025-01-01T15:09:00.447-0800] {processor.py:186} INFO - Started process (PID=24963) to work on /opt/anaconda3/envs/airflow_env/lib/python3.9/site-packages/airflow/example_dags/example_params_trigger_ui.py
[2025-01-01T15:09:00.450-0800] {processor.py:914} INFO - Processing file /opt/anaconda3/envs/airflow_env/lib/python3.9/site-packages/airflow/example_dags/example_params_trigger_ui.py for tasks to queue
[2025-01-01T15:09:00.451-0800] {logging_mixin.py:190} INFO - [2025-01-01T15:09:00.451-0800] {dagbag.py:588} INFO - Filling up the DagBag from /opt/anaconda3/envs/airflow_env/lib/python3.9/site-packages/airflow/example_dags/example_params_trigger_ui.py
[2025-01-01T15:09:00.501-0800] {processor.py:925} INFO - DAG(s) 'example_params_trigger_ui' retrieved from /opt/anaconda3/envs/airflow_env/lib/python3.9/site-packages/airflow/example_dags/example_params_trigger_ui.py
[2025-01-01T15:09:00.711-0800] {logging_mixin.py:190} INFO - [2025-01-01T15:09:00.711-0800] {dag.py:3239} INFO - Sync 1 DAGs
[2025-01-01T15:09:00.740-0800] {logging_mixin.py:190} INFO - [2025-01-01T15:09:00.740-0800] {dag.py:4180} INFO - Setting next_dagrun for example_params_trigger_ui to None, run_after=None
[2025-01-01T15:09:00.787-0800] {processor.py:208} INFO - Processing /opt/anaconda3/envs/airflow_env/lib/python3.9/site-packages/airflow/example_dags/example_params_trigger_ui.py took 0.344 seconds
[2025-01-01T15:13:12.621-0800] {processor.py:186} INFO - Started process (PID=25168) to work on /opt/anaconda3/envs/airflow_env/lib/python3.9/site-packages/airflow/example_dags/example_params_trigger_ui.py
[2025-01-01T15:13:12.624-0800] {processor.py:914} INFO - Processing file /opt/anaconda3/envs/airflow_env/lib/python3.9/site-packages/airflow/example_dags/example_params_trigger_ui.py for tasks to queue
[2025-01-01T15:13:12.626-0800] {logging_mixin.py:190} INFO - [2025-01-01T15:13:12.626-0800] {dagbag.py:588} INFO - Filling up the DagBag from /opt/anaconda3/envs/airflow_env/lib/python3.9/site-packages/airflow/example_dags/example_params_trigger_ui.py
[2025-01-01T15:13:12.678-0800] {processor.py:925} INFO - DAG(s) 'example_params_trigger_ui' retrieved from /opt/anaconda3/envs/airflow_env/lib/python3.9/site-packages/airflow/example_dags/example_params_trigger_ui.py
[2025-01-01T15:13:12.895-0800] {logging_mixin.py:190} INFO - [2025-01-01T15:13:12.894-0800] {dag.py:3239} INFO - Sync 1 DAGs
[2025-01-01T15:13:12.913-0800] {logging_mixin.py:190} INFO - [2025-01-01T15:13:12.913-0800] {dag.py:4180} INFO - Setting next_dagrun for example_params_trigger_ui to None, run_after=None
[2025-01-01T15:13:12.947-0800] {processor.py:208} INFO - Processing /opt/anaconda3/envs/airflow_env/lib/python3.9/site-packages/airflow/example_dags/example_params_trigger_ui.py took 0.329 seconds
[2025-01-01T15:16:57.442-0800] {processor.py:186} INFO - Started process (PID=25351) to work on /opt/anaconda3/envs/airflow_env/lib/python3.9/site-packages/airflow/example_dags/example_params_trigger_ui.py
[2025-01-01T15:16:57.444-0800] {processor.py:914} INFO - Processing file /opt/anaconda3/envs/airflow_env/lib/python3.9/site-packages/airflow/example_dags/example_params_trigger_ui.py for tasks to queue
[2025-01-01T15:16:57.446-0800] {logging_mixin.py:190} INFO - [2025-01-01T15:16:57.445-0800] {dagbag.py:588} INFO - Filling up the DagBag from /opt/anaconda3/envs/airflow_env/lib/python3.9/site-packages/airflow/example_dags/example_params_trigger_ui.py
[2025-01-01T15:16:57.491-0800] {processor.py:925} INFO - DAG(s) 'example_params_trigger_ui' retrieved from /opt/anaconda3/envs/airflow_env/lib/python3.9/site-packages/airflow/example_dags/example_params_trigger_ui.py
[2025-01-01T15:16:57.656-0800] {logging_mixin.py:190} INFO - [2025-01-01T15:16:57.655-0800] {dag.py:3239} INFO - Sync 1 DAGs
[2025-01-01T15:16:57.671-0800] {logging_mixin.py:190} INFO - [2025-01-01T15:16:57.671-0800] {dag.py:4180} INFO - Setting next_dagrun for example_params_trigger_ui to None, run_after=None
[2025-01-01T15:16:57.696-0800] {processor.py:208} INFO - Processing /opt/anaconda3/envs/airflow_env/lib/python3.9/site-packages/airflow/example_dags/example_params_trigger_ui.py took 0.259 seconds
[2025-01-01T15:20:13.235-0800] {processor.py:186} INFO - Started process (PID=25508) to work on /opt/anaconda3/envs/airflow_env/lib/python3.9/site-packages/airflow/example_dags/example_params_trigger_ui.py
[2025-01-01T15:20:13.237-0800] {processor.py:914} INFO - Processing file /opt/anaconda3/envs/airflow_env/lib/python3.9/site-packages/airflow/example_dags/example_params_trigger_ui.py for tasks to queue
[2025-01-01T15:20:13.239-0800] {logging_mixin.py:190} INFO - [2025-01-01T15:20:13.238-0800] {dagbag.py:588} INFO - Filling up the DagBag from /opt/anaconda3/envs/airflow_env/lib/python3.9/site-packages/airflow/example_dags/example_params_trigger_ui.py
[2025-01-01T15:20:13.298-0800] {processor.py:925} INFO - DAG(s) 'example_params_trigger_ui' retrieved from /opt/anaconda3/envs/airflow_env/lib/python3.9/site-packages/airflow/example_dags/example_params_trigger_ui.py
[2025-01-01T15:20:13.511-0800] {logging_mixin.py:190} INFO - [2025-01-01T15:20:13.510-0800] {dag.py:3239} INFO - Sync 1 DAGs
[2025-01-01T15:20:13.525-0800] {logging_mixin.py:190} INFO - [2025-01-01T15:20:13.525-0800] {dag.py:4180} INFO - Setting next_dagrun for example_params_trigger_ui to None, run_after=None
[2025-01-01T15:20:13.564-0800] {processor.py:208} INFO - Processing /opt/anaconda3/envs/airflow_env/lib/python3.9/site-packages/airflow/example_dags/example_params_trigger_ui.py took 0.335 seconds
[2025-01-01T15:23:17.671-0800] {processor.py:186} INFO - Started process (PID=25666) to work on /opt/anaconda3/envs/airflow_env/lib/python3.9/site-packages/airflow/example_dags/example_params_trigger_ui.py
[2025-01-01T15:23:17.673-0800] {processor.py:914} INFO - Processing file /opt/anaconda3/envs/airflow_env/lib/python3.9/site-packages/airflow/example_dags/example_params_trigger_ui.py for tasks to queue
[2025-01-01T15:23:17.675-0800] {logging_mixin.py:190} INFO - [2025-01-01T15:23:17.674-0800] {dagbag.py:588} INFO - Filling up the DagBag from /opt/anaconda3/envs/airflow_env/lib/python3.9/site-packages/airflow/example_dags/example_params_trigger_ui.py
[2025-01-01T15:23:17.715-0800] {processor.py:925} INFO - DAG(s) 'example_params_trigger_ui' retrieved from /opt/anaconda3/envs/airflow_env/lib/python3.9/site-packages/airflow/example_dags/example_params_trigger_ui.py
[2025-01-01T15:23:17.884-0800] {logging_mixin.py:190} INFO - [2025-01-01T15:23:17.883-0800] {dag.py:3239} INFO - Sync 1 DAGs
[2025-01-01T15:23:17.896-0800] {logging_mixin.py:190} INFO - [2025-01-01T15:23:17.895-0800] {dag.py:4180} INFO - Setting next_dagrun for example_params_trigger_ui to None, run_after=None
[2025-01-01T15:23:17.918-0800] {processor.py:208} INFO - Processing /opt/anaconda3/envs/airflow_env/lib/python3.9/site-packages/airflow/example_dags/example_params_trigger_ui.py took 0.251 seconds
[2025-01-01T15:26:07.166-0800] {processor.py:186} INFO - Started process (PID=25767) to work on /opt/anaconda3/envs/airflow_env/lib/python3.9/site-packages/airflow/example_dags/example_params_trigger_ui.py
[2025-01-01T15:26:07.167-0800] {processor.py:914} INFO - Processing file /opt/anaconda3/envs/airflow_env/lib/python3.9/site-packages/airflow/example_dags/example_params_trigger_ui.py for tasks to queue
[2025-01-01T15:26:07.168-0800] {logging_mixin.py:190} INFO - [2025-01-01T15:26:07.168-0800] {dagbag.py:588} INFO - Filling up the DagBag from /opt/anaconda3/envs/airflow_env/lib/python3.9/site-packages/airflow/example_dags/example_params_trigger_ui.py
[2025-01-01T15:26:07.208-0800] {processor.py:925} INFO - DAG(s) 'example_params_trigger_ui' retrieved from /opt/anaconda3/envs/airflow_env/lib/python3.9/site-packages/airflow/example_dags/example_params_trigger_ui.py
[2025-01-01T15:26:07.365-0800] {logging_mixin.py:190} INFO - [2025-01-01T15:26:07.365-0800] {dag.py:3239} INFO - Sync 1 DAGs
[2025-01-01T15:26:07.377-0800] {logging_mixin.py:190} INFO - [2025-01-01T15:26:07.377-0800] {dag.py:4180} INFO - Setting next_dagrun for example_params_trigger_ui to None, run_after=None
[2025-01-01T15:26:07.406-0800] {processor.py:208} INFO - Processing /opt/anaconda3/envs/airflow_env/lib/python3.9/site-packages/airflow/example_dags/example_params_trigger_ui.py took 0.244 seconds
[2025-01-01T15:29:00.093-0800] {processor.py:186} INFO - Started process (PID=25889) to work on /opt/anaconda3/envs/airflow_env/lib/python3.9/site-packages/airflow/example_dags/example_params_trigger_ui.py
[2025-01-01T15:29:00.095-0800] {processor.py:914} INFO - Processing file /opt/anaconda3/envs/airflow_env/lib/python3.9/site-packages/airflow/example_dags/example_params_trigger_ui.py for tasks to queue
[2025-01-01T15:29:00.097-0800] {logging_mixin.py:190} INFO - [2025-01-01T15:29:00.097-0800] {dagbag.py:588} INFO - Filling up the DagBag from /opt/anaconda3/envs/airflow_env/lib/python3.9/site-packages/airflow/example_dags/example_params_trigger_ui.py
[2025-01-01T15:29:00.142-0800] {processor.py:925} INFO - DAG(s) 'example_params_trigger_ui' retrieved from /opt/anaconda3/envs/airflow_env/lib/python3.9/site-packages/airflow/example_dags/example_params_trigger_ui.py
[2025-01-01T15:29:00.300-0800] {logging_mixin.py:190} INFO - [2025-01-01T15:29:00.300-0800] {dag.py:3239} INFO - Sync 1 DAGs
[2025-01-01T15:29:00.314-0800] {logging_mixin.py:190} INFO - [2025-01-01T15:29:00.314-0800] {dag.py:4180} INFO - Setting next_dagrun for example_params_trigger_ui to None, run_after=None
[2025-01-01T15:29:00.339-0800] {processor.py:208} INFO - Processing /opt/anaconda3/envs/airflow_env/lib/python3.9/site-packages/airflow/example_dags/example_params_trigger_ui.py took 0.250 seconds
[2025-01-01T15:31:54.373-0800] {processor.py:186} INFO - Started process (PID=26002) to work on /opt/anaconda3/envs/airflow_env/lib/python3.9/site-packages/airflow/example_dags/example_params_trigger_ui.py
[2025-01-01T15:31:54.375-0800] {processor.py:914} INFO - Processing file /opt/anaconda3/envs/airflow_env/lib/python3.9/site-packages/airflow/example_dags/example_params_trigger_ui.py for tasks to queue
[2025-01-01T15:31:54.377-0800] {logging_mixin.py:190} INFO - [2025-01-01T15:31:54.376-0800] {dagbag.py:588} INFO - Filling up the DagBag from /opt/anaconda3/envs/airflow_env/lib/python3.9/site-packages/airflow/example_dags/example_params_trigger_ui.py
[2025-01-01T15:31:54.417-0800] {processor.py:925} INFO - DAG(s) 'example_params_trigger_ui' retrieved from /opt/anaconda3/envs/airflow_env/lib/python3.9/site-packages/airflow/example_dags/example_params_trigger_ui.py
[2025-01-01T15:31:54.575-0800] {logging_mixin.py:190} INFO - [2025-01-01T15:31:54.575-0800] {dag.py:3239} INFO - Sync 1 DAGs
[2025-01-01T15:31:54.587-0800] {logging_mixin.py:190} INFO - [2025-01-01T15:31:54.587-0800] {dag.py:4180} INFO - Setting next_dagrun for example_params_trigger_ui to None, run_after=None
[2025-01-01T15:31:54.610-0800] {processor.py:208} INFO - Processing /opt/anaconda3/envs/airflow_env/lib/python3.9/site-packages/airflow/example_dags/example_params_trigger_ui.py took 0.241 seconds
[2025-01-01T15:34:40.666-0800] {processor.py:186} INFO - Started process (PID=26104) to work on /opt/anaconda3/envs/airflow_env/lib/python3.9/site-packages/airflow/example_dags/example_params_trigger_ui.py
[2025-01-01T15:34:40.668-0800] {processor.py:914} INFO - Processing file /opt/anaconda3/envs/airflow_env/lib/python3.9/site-packages/airflow/example_dags/example_params_trigger_ui.py for tasks to queue
[2025-01-01T15:34:40.670-0800] {logging_mixin.py:190} INFO - [2025-01-01T15:34:40.669-0800] {dagbag.py:588} INFO - Filling up the DagBag from /opt/anaconda3/envs/airflow_env/lib/python3.9/site-packages/airflow/example_dags/example_params_trigger_ui.py
[2025-01-01T15:34:40.739-0800] {processor.py:925} INFO - DAG(s) 'example_params_trigger_ui' retrieved from /opt/anaconda3/envs/airflow_env/lib/python3.9/site-packages/airflow/example_dags/example_params_trigger_ui.py
[2025-01-01T15:34:40.925-0800] {logging_mixin.py:190} INFO - [2025-01-01T15:34:40.924-0800] {dag.py:3239} INFO - Sync 1 DAGs
[2025-01-01T15:34:40.939-0800] {logging_mixin.py:190} INFO - [2025-01-01T15:34:40.939-0800] {dag.py:4180} INFO - Setting next_dagrun for example_params_trigger_ui to None, run_after=None
[2025-01-01T15:34:40.963-0800] {processor.py:208} INFO - Processing /opt/anaconda3/envs/airflow_env/lib/python3.9/site-packages/airflow/example_dags/example_params_trigger_ui.py took 0.306 seconds
[2025-01-01T15:37:29.112-0800] {processor.py:186} INFO - Started process (PID=26211) to work on /opt/anaconda3/envs/airflow_env/lib/python3.9/site-packages/airflow/example_dags/example_params_trigger_ui.py
[2025-01-01T15:37:29.115-0800] {processor.py:914} INFO - Processing file /opt/anaconda3/envs/airflow_env/lib/python3.9/site-packages/airflow/example_dags/example_params_trigger_ui.py for tasks to queue
[2025-01-01T15:37:29.116-0800] {logging_mixin.py:190} INFO - [2025-01-01T15:37:29.116-0800] {dagbag.py:588} INFO - Filling up the DagBag from /opt/anaconda3/envs/airflow_env/lib/python3.9/site-packages/airflow/example_dags/example_params_trigger_ui.py
[2025-01-01T15:37:29.157-0800] {processor.py:925} INFO - DAG(s) 'example_params_trigger_ui' retrieved from /opt/anaconda3/envs/airflow_env/lib/python3.9/site-packages/airflow/example_dags/example_params_trigger_ui.py
[2025-01-01T15:37:29.308-0800] {logging_mixin.py:190} INFO - [2025-01-01T15:37:29.308-0800] {dag.py:3239} INFO - Sync 1 DAGs
[2025-01-01T15:37:29.321-0800] {logging_mixin.py:190} INFO - [2025-01-01T15:37:29.320-0800] {dag.py:4180} INFO - Setting next_dagrun for example_params_trigger_ui to None, run_after=None
[2025-01-01T15:37:29.343-0800] {processor.py:208} INFO - Processing /opt/anaconda3/envs/airflow_env/lib/python3.9/site-packages/airflow/example_dags/example_params_trigger_ui.py took 0.235 seconds
[2025-01-01T15:40:18.564-0800] {processor.py:186} INFO - Started process (PID=26313) to work on /opt/anaconda3/envs/airflow_env/lib/python3.9/site-packages/airflow/example_dags/example_params_trigger_ui.py
[2025-01-01T15:40:18.567-0800] {processor.py:914} INFO - Processing file /opt/anaconda3/envs/airflow_env/lib/python3.9/site-packages/airflow/example_dags/example_params_trigger_ui.py for tasks to queue
[2025-01-01T15:40:18.568-0800] {logging_mixin.py:190} INFO - [2025-01-01T15:40:18.568-0800] {dagbag.py:588} INFO - Filling up the DagBag from /opt/anaconda3/envs/airflow_env/lib/python3.9/site-packages/airflow/example_dags/example_params_trigger_ui.py
[2025-01-01T15:40:18.610-0800] {processor.py:925} INFO - DAG(s) 'example_params_trigger_ui' retrieved from /opt/anaconda3/envs/airflow_env/lib/python3.9/site-packages/airflow/example_dags/example_params_trigger_ui.py
[2025-01-01T15:40:18.769-0800] {logging_mixin.py:190} INFO - [2025-01-01T15:40:18.768-0800] {dag.py:3239} INFO - Sync 1 DAGs
[2025-01-01T15:40:18.781-0800] {logging_mixin.py:190} INFO - [2025-01-01T15:40:18.781-0800] {dag.py:4180} INFO - Setting next_dagrun for example_params_trigger_ui to None, run_after=None
[2025-01-01T15:40:18.810-0800] {processor.py:208} INFO - Processing /opt/anaconda3/envs/airflow_env/lib/python3.9/site-packages/airflow/example_dags/example_params_trigger_ui.py took 0.250 seconds
