[2025-01-01T14:42:44.906-0800] {processor.py:186} INFO - Started process (PID=23726) to work on /opt/anaconda3/envs/airflow_env/lib/python3.9/site-packages/airflow/example_dags/example_subdag_operator.py
[2025-01-01T14:42:44.907-0800] {processor.py:914} INFO - Processing file /opt/anaconda3/envs/airflow_env/lib/python3.9/site-packages/airflow/example_dags/example_subdag_operator.py for tasks to queue
[2025-01-01T14:42:44.909-0800] {logging_mixin.py:190} INFO - [2025-01-01T14:42:44.908-0800] {dagbag.py:588} INFO - Filling up the DagBag from /opt/anaconda3/envs/airflow_env/lib/python3.9/site-packages/airflow/example_dags/example_subdag_operator.py
[2025-01-01T14:42:45.087-0800] {processor.py:925} INFO - DAG(s) 'example_subdag_operator.section-1', 'example_subdag_operator.section-2', 'example_subdag_operator' retrieved from /opt/anaconda3/envs/airflow_env/lib/python3.9/site-packages/airflow/example_dags/example_subdag_operator.py
[2025-01-01T14:42:46.783-0800] {logging_mixin.py:190} INFO - [2025-01-01T14:42:46.780-0800] {override.py:1911} INFO - Created Permission View: can read on DAG:example_subdag_operator
[2025-01-01T14:42:46.805-0800] {logging_mixin.py:190} INFO - [2025-01-01T14:42:46.804-0800] {override.py:1911} INFO - Created Permission View: can delete on DAG:example_subdag_operator
[2025-01-01T14:42:46.817-0800] {logging_mixin.py:190} INFO - [2025-01-01T14:42:46.817-0800] {override.py:1911} INFO - Created Permission View: can edit on DAG:example_subdag_operator
[2025-01-01T14:42:46.833-0800] {logging_mixin.py:190} INFO - [2025-01-01T14:42:46.832-0800] {override.py:1911} INFO - Created Permission View: can read on DAG Run:example_subdag_operator
[2025-01-01T14:42:46.843-0800] {logging_mixin.py:190} INFO - [2025-01-01T14:42:46.842-0800] {override.py:1911} INFO - Created Permission View: can delete on DAG Run:example_subdag_operator
[2025-01-01T14:42:46.854-0800] {logging_mixin.py:190} INFO - [2025-01-01T14:42:46.853-0800] {override.py:1911} INFO - Created Permission View: can create on DAG Run:example_subdag_operator
[2025-01-01T14:42:46.868-0800] {logging_mixin.py:190} INFO - [2025-01-01T14:42:46.867-0800] {override.py:1911} INFO - Created Permission View: menu access on DAG Run:example_subdag_operator
[2025-01-01T14:42:46.869-0800] {logging_mixin.py:190} INFO - [2025-01-01T14:42:46.868-0800] {dag.py:3239} INFO - Sync 3 DAGs
[2025-01-01T14:42:46.902-0800] {logging_mixin.py:190} INFO - [2025-01-01T14:42:46.901-0800] {dag.py:3262} INFO - Creating ORM DAG for example_subdag_operator.section-1
[2025-01-01T14:42:46.904-0800] {logging_mixin.py:190} INFO - [2025-01-01T14:42:46.903-0800] {dag.py:3262} INFO - Creating ORM DAG for example_subdag_operator.section-2
[2025-01-01T14:42:46.907-0800] {logging_mixin.py:190} INFO - [2025-01-01T14:42:46.906-0800] {dag.py:3262} INFO - Creating ORM DAG for example_subdag_operator
[2025-01-01T14:42:46.928-0800] {logging_mixin.py:190} INFO - [2025-01-01T14:42:46.927-0800] {dag.py:4180} INFO - Setting next_dagrun for example_subdag_operator to 2022-01-01 00:00:00+00:00, run_after=2022-01-01 00:00:00+00:00
[2025-01-01T14:42:46.930-0800] {logging_mixin.py:190} INFO - [2025-01-01T14:42:46.929-0800] {dag.py:4180} INFO - Setting next_dagrun for example_subdag_operator.section-1 to None, run_after=None
[2025-01-01T14:42:46.932-0800] {logging_mixin.py:190} INFO - [2025-01-01T14:42:46.931-0800] {dag.py:4180} INFO - Setting next_dagrun for example_subdag_operator.section-2 to None, run_after=None
[2025-01-01T14:42:46.947-0800] {logging_mixin.py:190} INFO - [2025-01-01T14:42:46.947-0800] {dag.py:3239} INFO - Sync 2 DAGs
[2025-01-01T14:42:46.959-0800] {logging_mixin.py:190} INFO - [2025-01-01T14:42:46.958-0800] {dag.py:4180} INFO - Setting next_dagrun for example_subdag_operator.section-1 to None, run_after=None
[2025-01-01T14:42:46.964-0800] {logging_mixin.py:190} INFO - [2025-01-01T14:42:46.963-0800] {dag.py:4180} INFO - Setting next_dagrun for example_subdag_operator.section-2 to None, run_after=None
[2025-01-01T14:42:46.993-0800] {processor.py:208} INFO - Processing /opt/anaconda3/envs/airflow_env/lib/python3.9/site-packages/airflow/example_dags/example_subdag_operator.py took 2.093 seconds
[2025-01-01T14:47:03.682-0800] {processor.py:186} INFO - Started process (PID=23931) to work on /opt/anaconda3/envs/airflow_env/lib/python3.9/site-packages/airflow/example_dags/example_subdag_operator.py
[2025-01-01T14:47:03.684-0800] {processor.py:914} INFO - Processing file /opt/anaconda3/envs/airflow_env/lib/python3.9/site-packages/airflow/example_dags/example_subdag_operator.py for tasks to queue
[2025-01-01T14:47:03.686-0800] {logging_mixin.py:190} INFO - [2025-01-01T14:47:03.685-0800] {dagbag.py:588} INFO - Filling up the DagBag from /opt/anaconda3/envs/airflow_env/lib/python3.9/site-packages/airflow/example_dags/example_subdag_operator.py
[2025-01-01T14:47:03.840-0800] {processor.py:925} INFO - DAG(s) 'example_subdag_operator.section-1', 'example_subdag_operator.section-2', 'example_subdag_operator' retrieved from /opt/anaconda3/envs/airflow_env/lib/python3.9/site-packages/airflow/example_dags/example_subdag_operator.py
[2025-01-01T14:47:04.841-0800] {logging_mixin.py:190} INFO - [2025-01-01T14:47:04.840-0800] {dag.py:3239} INFO - Sync 3 DAGs
[2025-01-01T14:47:04.867-0800] {logging_mixin.py:190} INFO - [2025-01-01T14:47:04.866-0800] {dag.py:4180} INFO - Setting next_dagrun for example_subdag_operator to 2022-01-01 00:00:00+00:00, run_after=2022-01-01 00:00:00+00:00
[2025-01-01T14:47:04.873-0800] {logging_mixin.py:190} INFO - [2025-01-01T14:47:04.873-0800] {dag.py:4180} INFO - Setting next_dagrun for example_subdag_operator.section-1 to None, run_after=None
[2025-01-01T14:47:04.876-0800] {logging_mixin.py:190} INFO - [2025-01-01T14:47:04.875-0800] {dag.py:4180} INFO - Setting next_dagrun for example_subdag_operator.section-2 to None, run_after=None
[2025-01-01T14:47:04.889-0800] {logging_mixin.py:190} INFO - [2025-01-01T14:47:04.888-0800] {dag.py:3239} INFO - Sync 2 DAGs
[2025-01-01T14:47:04.900-0800] {logging_mixin.py:190} INFO - [2025-01-01T14:47:04.899-0800] {dag.py:4180} INFO - Setting next_dagrun for example_subdag_operator.section-1 to None, run_after=None
[2025-01-01T14:47:04.901-0800] {logging_mixin.py:190} INFO - [2025-01-01T14:47:04.901-0800] {dag.py:4180} INFO - Setting next_dagrun for example_subdag_operator.section-2 to None, run_after=None
[2025-01-01T14:47:04.936-0800] {processor.py:208} INFO - Processing /opt/anaconda3/envs/airflow_env/lib/python3.9/site-packages/airflow/example_dags/example_subdag_operator.py took 1.261 seconds
[2025-01-01T14:50:43.456-0800] {processor.py:186} INFO - Started process (PID=24114) to work on /opt/anaconda3/envs/airflow_env/lib/python3.9/site-packages/airflow/example_dags/example_subdag_operator.py
[2025-01-01T14:50:43.459-0800] {processor.py:914} INFO - Processing file /opt/anaconda3/envs/airflow_env/lib/python3.9/site-packages/airflow/example_dags/example_subdag_operator.py for tasks to queue
[2025-01-01T14:50:43.461-0800] {logging_mixin.py:190} INFO - [2025-01-01T14:50:43.461-0800] {dagbag.py:588} INFO - Filling up the DagBag from /opt/anaconda3/envs/airflow_env/lib/python3.9/site-packages/airflow/example_dags/example_subdag_operator.py
[2025-01-01T14:50:43.608-0800] {processor.py:925} INFO - DAG(s) 'example_subdag_operator.section-1', 'example_subdag_operator.section-2', 'example_subdag_operator' retrieved from /opt/anaconda3/envs/airflow_env/lib/python3.9/site-packages/airflow/example_dags/example_subdag_operator.py
[2025-01-01T14:50:44.478-0800] {logging_mixin.py:190} INFO - [2025-01-01T14:50:44.477-0800] {dag.py:3239} INFO - Sync 3 DAGs
[2025-01-01T14:50:44.501-0800] {logging_mixin.py:190} INFO - [2025-01-01T14:50:44.501-0800] {dag.py:4180} INFO - Setting next_dagrun for example_subdag_operator to 2022-01-01 00:00:00+00:00, run_after=2022-01-01 00:00:00+00:00
[2025-01-01T14:50:44.507-0800] {logging_mixin.py:190} INFO - [2025-01-01T14:50:44.506-0800] {dag.py:4180} INFO - Setting next_dagrun for example_subdag_operator.section-1 to None, run_after=None
[2025-01-01T14:50:44.508-0800] {logging_mixin.py:190} INFO - [2025-01-01T14:50:44.508-0800] {dag.py:4180} INFO - Setting next_dagrun for example_subdag_operator.section-2 to None, run_after=None
[2025-01-01T14:50:44.515-0800] {logging_mixin.py:190} INFO - [2025-01-01T14:50:44.514-0800] {dag.py:3239} INFO - Sync 2 DAGs
[2025-01-01T14:50:44.520-0800] {logging_mixin.py:190} INFO - [2025-01-01T14:50:44.520-0800] {dag.py:4180} INFO - Setting next_dagrun for example_subdag_operator.section-1 to None, run_after=None
[2025-01-01T14:50:44.521-0800] {logging_mixin.py:190} INFO - [2025-01-01T14:50:44.521-0800] {dag.py:4180} INFO - Setting next_dagrun for example_subdag_operator.section-2 to None, run_after=None
[2025-01-01T14:50:44.535-0800] {processor.py:208} INFO - Processing /opt/anaconda3/envs/airflow_env/lib/python3.9/site-packages/airflow/example_dags/example_subdag_operator.py took 1.085 seconds
[2025-01-01T14:54:18.532-0800] {processor.py:186} INFO - Started process (PID=24300) to work on /opt/anaconda3/envs/airflow_env/lib/python3.9/site-packages/airflow/example_dags/example_subdag_operator.py
[2025-01-01T14:54:18.536-0800] {processor.py:914} INFO - Processing file /opt/anaconda3/envs/airflow_env/lib/python3.9/site-packages/airflow/example_dags/example_subdag_operator.py for tasks to queue
[2025-01-01T14:54:18.538-0800] {logging_mixin.py:190} INFO - [2025-01-01T14:54:18.538-0800] {dagbag.py:588} INFO - Filling up the DagBag from /opt/anaconda3/envs/airflow_env/lib/python3.9/site-packages/airflow/example_dags/example_subdag_operator.py
[2025-01-01T14:54:18.757-0800] {processor.py:925} INFO - DAG(s) 'example_subdag_operator.section-1', 'example_subdag_operator.section-2', 'example_subdag_operator' retrieved from /opt/anaconda3/envs/airflow_env/lib/python3.9/site-packages/airflow/example_dags/example_subdag_operator.py
[2025-01-01T14:54:19.940-0800] {logging_mixin.py:190} INFO - [2025-01-01T14:54:19.940-0800] {dag.py:3239} INFO - Sync 3 DAGs
[2025-01-01T14:54:19.965-0800] {logging_mixin.py:190} INFO - [2025-01-01T14:54:19.964-0800] {dag.py:4180} INFO - Setting next_dagrun for example_subdag_operator to 2022-01-01 00:00:00+00:00, run_after=2022-01-01 00:00:00+00:00
[2025-01-01T14:54:19.970-0800] {logging_mixin.py:190} INFO - [2025-01-01T14:54:19.970-0800] {dag.py:4180} INFO - Setting next_dagrun for example_subdag_operator.section-1 to None, run_after=None
[2025-01-01T14:54:19.972-0800] {logging_mixin.py:190} INFO - [2025-01-01T14:54:19.972-0800] {dag.py:4180} INFO - Setting next_dagrun for example_subdag_operator.section-2 to None, run_after=None
[2025-01-01T14:54:19.979-0800] {logging_mixin.py:190} INFO - [2025-01-01T14:54:19.979-0800] {dag.py:3239} INFO - Sync 2 DAGs
[2025-01-01T14:54:19.986-0800] {logging_mixin.py:190} INFO - [2025-01-01T14:54:19.986-0800] {dag.py:4180} INFO - Setting next_dagrun for example_subdag_operator.section-1 to None, run_after=None
[2025-01-01T14:54:19.987-0800] {logging_mixin.py:190} INFO - [2025-01-01T14:54:19.986-0800] {dag.py:4180} INFO - Setting next_dagrun for example_subdag_operator.section-2 to None, run_after=None
[2025-01-01T14:54:20.012-0800] {processor.py:208} INFO - Processing /opt/anaconda3/envs/airflow_env/lib/python3.9/site-packages/airflow/example_dags/example_subdag_operator.py took 1.486 seconds
[2025-01-01T14:58:04.435-0800] {processor.py:186} INFO - Started process (PID=24472) to work on /opt/anaconda3/envs/airflow_env/lib/python3.9/site-packages/airflow/example_dags/example_subdag_operator.py
[2025-01-01T14:58:04.436-0800] {processor.py:914} INFO - Processing file /opt/anaconda3/envs/airflow_env/lib/python3.9/site-packages/airflow/example_dags/example_subdag_operator.py for tasks to queue
[2025-01-01T14:58:04.437-0800] {logging_mixin.py:190} INFO - [2025-01-01T14:58:04.437-0800] {dagbag.py:588} INFO - Filling up the DagBag from /opt/anaconda3/envs/airflow_env/lib/python3.9/site-packages/airflow/example_dags/example_subdag_operator.py
[2025-01-01T14:58:04.640-0800] {processor.py:925} INFO - DAG(s) 'example_subdag_operator.section-1', 'example_subdag_operator.section-2', 'example_subdag_operator' retrieved from /opt/anaconda3/envs/airflow_env/lib/python3.9/site-packages/airflow/example_dags/example_subdag_operator.py
[2025-01-01T14:58:05.619-0800] {logging_mixin.py:190} INFO - [2025-01-01T14:58:05.619-0800] {dag.py:3239} INFO - Sync 3 DAGs
[2025-01-01T14:58:05.647-0800] {logging_mixin.py:190} INFO - [2025-01-01T14:58:05.647-0800] {dag.py:4180} INFO - Setting next_dagrun for example_subdag_operator to 2022-01-01 00:00:00+00:00, run_after=2022-01-01 00:00:00+00:00
[2025-01-01T14:58:05.654-0800] {logging_mixin.py:190} INFO - [2025-01-01T14:58:05.654-0800] {dag.py:4180} INFO - Setting next_dagrun for example_subdag_operator.section-1 to None, run_after=None
[2025-01-01T14:58:05.658-0800] {logging_mixin.py:190} INFO - [2025-01-01T14:58:05.657-0800] {dag.py:4180} INFO - Setting next_dagrun for example_subdag_operator.section-2 to None, run_after=None
[2025-01-01T14:58:05.666-0800] {logging_mixin.py:190} INFO - [2025-01-01T14:58:05.665-0800] {dag.py:3239} INFO - Sync 2 DAGs
[2025-01-01T14:58:05.670-0800] {logging_mixin.py:190} INFO - [2025-01-01T14:58:05.670-0800] {dag.py:4180} INFO - Setting next_dagrun for example_subdag_operator.section-1 to None, run_after=None
[2025-01-01T14:58:05.670-0800] {logging_mixin.py:190} INFO - [2025-01-01T14:58:05.670-0800] {dag.py:4180} INFO - Setting next_dagrun for example_subdag_operator.section-2 to None, run_after=None
[2025-01-01T14:58:05.687-0800] {processor.py:208} INFO - Processing /opt/anaconda3/envs/airflow_env/lib/python3.9/site-packages/airflow/example_dags/example_subdag_operator.py took 1.257 seconds
[2025-01-01T15:01:49.175-0800] {processor.py:186} INFO - Started process (PID=24689) to work on /opt/anaconda3/envs/airflow_env/lib/python3.9/site-packages/airflow/example_dags/example_subdag_operator.py
[2025-01-01T15:01:49.177-0800] {processor.py:914} INFO - Processing file /opt/anaconda3/envs/airflow_env/lib/python3.9/site-packages/airflow/example_dags/example_subdag_operator.py for tasks to queue
[2025-01-01T15:01:49.180-0800] {logging_mixin.py:190} INFO - [2025-01-01T15:01:49.179-0800] {dagbag.py:588} INFO - Filling up the DagBag from /opt/anaconda3/envs/airflow_env/lib/python3.9/site-packages/airflow/example_dags/example_subdag_operator.py
[2025-01-01T15:01:49.390-0800] {processor.py:925} INFO - DAG(s) 'example_subdag_operator.section-1', 'example_subdag_operator.section-2', 'example_subdag_operator' retrieved from /opt/anaconda3/envs/airflow_env/lib/python3.9/site-packages/airflow/example_dags/example_subdag_operator.py
[2025-01-01T15:01:50.339-0800] {logging_mixin.py:190} INFO - [2025-01-01T15:01:50.338-0800] {dag.py:3239} INFO - Sync 3 DAGs
[2025-01-01T15:01:50.371-0800] {logging_mixin.py:190} INFO - [2025-01-01T15:01:50.371-0800] {dag.py:4180} INFO - Setting next_dagrun for example_subdag_operator to 2022-01-01 00:00:00+00:00, run_after=2022-01-01 00:00:00+00:00
[2025-01-01T15:01:50.376-0800] {logging_mixin.py:190} INFO - [2025-01-01T15:01:50.375-0800] {dag.py:4180} INFO - Setting next_dagrun for example_subdag_operator.section-1 to None, run_after=None
[2025-01-01T15:01:50.377-0800] {logging_mixin.py:190} INFO - [2025-01-01T15:01:50.377-0800] {dag.py:4180} INFO - Setting next_dagrun for example_subdag_operator.section-2 to None, run_after=None
[2025-01-01T15:01:50.385-0800] {logging_mixin.py:190} INFO - [2025-01-01T15:01:50.385-0800] {dag.py:3239} INFO - Sync 2 DAGs
[2025-01-01T15:01:50.390-0800] {logging_mixin.py:190} INFO - [2025-01-01T15:01:50.389-0800] {dag.py:4180} INFO - Setting next_dagrun for example_subdag_operator.section-1 to None, run_after=None
[2025-01-01T15:01:50.391-0800] {logging_mixin.py:190} INFO - [2025-01-01T15:01:50.390-0800] {dag.py:4180} INFO - Setting next_dagrun for example_subdag_operator.section-2 to None, run_after=None
[2025-01-01T15:01:50.415-0800] {processor.py:208} INFO - Processing /opt/anaconda3/envs/airflow_env/lib/python3.9/site-packages/airflow/example_dags/example_subdag_operator.py took 1.247 seconds
[2025-01-01T15:08:00.032-0800] {processor.py:186} INFO - Started process (PID=24884) to work on /opt/anaconda3/envs/airflow_env/lib/python3.9/site-packages/airflow/example_dags/example_subdag_operator.py
[2025-01-01T15:08:00.035-0800] {processor.py:914} INFO - Processing file /opt/anaconda3/envs/airflow_env/lib/python3.9/site-packages/airflow/example_dags/example_subdag_operator.py for tasks to queue
[2025-01-01T15:08:00.036-0800] {logging_mixin.py:190} INFO - [2025-01-01T15:08:00.036-0800] {dagbag.py:588} INFO - Filling up the DagBag from /opt/anaconda3/envs/airflow_env/lib/python3.9/site-packages/airflow/example_dags/example_subdag_operator.py
[2025-01-01T15:08:00.218-0800] {processor.py:925} INFO - DAG(s) 'example_subdag_operator.section-1', 'example_subdag_operator.section-2', 'example_subdag_operator' retrieved from /opt/anaconda3/envs/airflow_env/lib/python3.9/site-packages/airflow/example_dags/example_subdag_operator.py
[2025-01-01T15:08:01.209-0800] {logging_mixin.py:190} INFO - [2025-01-01T15:08:01.209-0800] {dag.py:3239} INFO - Sync 3 DAGs
[2025-01-01T15:08:01.239-0800] {logging_mixin.py:190} INFO - [2025-01-01T15:08:01.239-0800] {dag.py:4180} INFO - Setting next_dagrun for example_subdag_operator to 2022-01-01 00:00:00+00:00, run_after=2022-01-01 00:00:00+00:00
[2025-01-01T15:08:01.251-0800] {logging_mixin.py:190} INFO - [2025-01-01T15:08:01.251-0800] {dag.py:4180} INFO - Setting next_dagrun for example_subdag_operator.section-1 to None, run_after=None
[2025-01-01T15:08:01.254-0800] {logging_mixin.py:190} INFO - [2025-01-01T15:08:01.253-0800] {dag.py:4180} INFO - Setting next_dagrun for example_subdag_operator.section-2 to None, run_after=None
[2025-01-01T15:08:01.264-0800] {logging_mixin.py:190} INFO - [2025-01-01T15:08:01.264-0800] {dag.py:3239} INFO - Sync 2 DAGs
[2025-01-01T15:08:01.269-0800] {logging_mixin.py:190} INFO - [2025-01-01T15:08:01.269-0800] {dag.py:4180} INFO - Setting next_dagrun for example_subdag_operator.section-1 to None, run_after=None
[2025-01-01T15:08:01.270-0800] {logging_mixin.py:190} INFO - [2025-01-01T15:08:01.269-0800] {dag.py:4180} INFO - Setting next_dagrun for example_subdag_operator.section-2 to None, run_after=None
[2025-01-01T15:08:01.293-0800] {processor.py:208} INFO - Processing /opt/anaconda3/envs/airflow_env/lib/python3.9/site-packages/airflow/example_dags/example_subdag_operator.py took 1.267 seconds
[2025-01-01T15:12:12.342-0800] {processor.py:186} INFO - Started process (PID=25128) to work on /opt/anaconda3/envs/airflow_env/lib/python3.9/site-packages/airflow/example_dags/example_subdag_operator.py
[2025-01-01T15:12:12.345-0800] {processor.py:914} INFO - Processing file /opt/anaconda3/envs/airflow_env/lib/python3.9/site-packages/airflow/example_dags/example_subdag_operator.py for tasks to queue
[2025-01-01T15:12:12.349-0800] {logging_mixin.py:190} INFO - [2025-01-01T15:12:12.348-0800] {dagbag.py:588} INFO - Filling up the DagBag from /opt/anaconda3/envs/airflow_env/lib/python3.9/site-packages/airflow/example_dags/example_subdag_operator.py
[2025-01-01T15:12:12.566-0800] {processor.py:925} INFO - DAG(s) 'example_subdag_operator.section-1', 'example_subdag_operator.section-2', 'example_subdag_operator' retrieved from /opt/anaconda3/envs/airflow_env/lib/python3.9/site-packages/airflow/example_dags/example_subdag_operator.py
[2025-01-01T15:12:13.781-0800] {logging_mixin.py:190} INFO - [2025-01-01T15:12:13.781-0800] {dag.py:3239} INFO - Sync 3 DAGs
[2025-01-01T15:12:13.808-0800] {logging_mixin.py:190} INFO - [2025-01-01T15:12:13.806-0800] {dag.py:4180} INFO - Setting next_dagrun for example_subdag_operator to 2022-01-01 00:00:00+00:00, run_after=2022-01-01 00:00:00+00:00
[2025-01-01T15:12:13.816-0800] {logging_mixin.py:190} INFO - [2025-01-01T15:12:13.816-0800] {dag.py:4180} INFO - Setting next_dagrun for example_subdag_operator.section-1 to None, run_after=None
[2025-01-01T15:12:13.818-0800] {logging_mixin.py:190} INFO - [2025-01-01T15:12:13.818-0800] {dag.py:4180} INFO - Setting next_dagrun for example_subdag_operator.section-2 to None, run_after=None
[2025-01-01T15:12:13.827-0800] {logging_mixin.py:190} INFO - [2025-01-01T15:12:13.827-0800] {dag.py:3239} INFO - Sync 2 DAGs
[2025-01-01T15:12:13.834-0800] {logging_mixin.py:190} INFO - [2025-01-01T15:12:13.833-0800] {dag.py:4180} INFO - Setting next_dagrun for example_subdag_operator.section-1 to None, run_after=None
[2025-01-01T15:12:13.834-0800] {logging_mixin.py:190} INFO - [2025-01-01T15:12:13.834-0800] {dag.py:4180} INFO - Setting next_dagrun for example_subdag_operator.section-2 to None, run_after=None
[2025-01-01T15:12:13.852-0800] {processor.py:208} INFO - Processing /opt/anaconda3/envs/airflow_env/lib/python3.9/site-packages/airflow/example_dags/example_subdag_operator.py took 1.516 seconds
[2025-01-01T15:15:59.606-0800] {processor.py:186} INFO - Started process (PID=25316) to work on /opt/anaconda3/envs/airflow_env/lib/python3.9/site-packages/airflow/example_dags/example_subdag_operator.py
[2025-01-01T15:15:59.608-0800] {processor.py:914} INFO - Processing file /opt/anaconda3/envs/airflow_env/lib/python3.9/site-packages/airflow/example_dags/example_subdag_operator.py for tasks to queue
[2025-01-01T15:15:59.610-0800] {logging_mixin.py:190} INFO - [2025-01-01T15:15:59.610-0800] {dagbag.py:588} INFO - Filling up the DagBag from /opt/anaconda3/envs/airflow_env/lib/python3.9/site-packages/airflow/example_dags/example_subdag_operator.py
[2025-01-01T15:15:59.738-0800] {processor.py:925} INFO - DAG(s) 'example_subdag_operator.section-1', 'example_subdag_operator.section-2', 'example_subdag_operator' retrieved from /opt/anaconda3/envs/airflow_env/lib/python3.9/site-packages/airflow/example_dags/example_subdag_operator.py
[2025-01-01T15:16:00.440-0800] {logging_mixin.py:190} INFO - [2025-01-01T15:16:00.440-0800] {dag.py:3239} INFO - Sync 3 DAGs
[2025-01-01T15:16:00.461-0800] {logging_mixin.py:190} INFO - [2025-01-01T15:16:00.461-0800] {dag.py:4180} INFO - Setting next_dagrun for example_subdag_operator to 2022-01-01 00:00:00+00:00, run_after=2022-01-01 00:00:00+00:00
[2025-01-01T15:16:00.466-0800] {logging_mixin.py:190} INFO - [2025-01-01T15:16:00.465-0800] {dag.py:4180} INFO - Setting next_dagrun for example_subdag_operator.section-1 to None, run_after=None
[2025-01-01T15:16:00.467-0800] {logging_mixin.py:190} INFO - [2025-01-01T15:16:00.467-0800] {dag.py:4180} INFO - Setting next_dagrun for example_subdag_operator.section-2 to None, run_after=None
[2025-01-01T15:16:00.474-0800] {logging_mixin.py:190} INFO - [2025-01-01T15:16:00.473-0800] {dag.py:3239} INFO - Sync 2 DAGs
[2025-01-01T15:16:00.478-0800] {logging_mixin.py:190} INFO - [2025-01-01T15:16:00.478-0800] {dag.py:4180} INFO - Setting next_dagrun for example_subdag_operator.section-1 to None, run_after=None
[2025-01-01T15:16:00.479-0800] {logging_mixin.py:190} INFO - [2025-01-01T15:16:00.479-0800] {dag.py:4180} INFO - Setting next_dagrun for example_subdag_operator.section-2 to None, run_after=None
[2025-01-01T15:16:00.494-0800] {processor.py:208} INFO - Processing /opt/anaconda3/envs/airflow_env/lib/python3.9/site-packages/airflow/example_dags/example_subdag_operator.py took 0.892 seconds
[2025-01-01T15:19:21.180-0800] {processor.py:186} INFO - Started process (PID=25476) to work on /opt/anaconda3/envs/airflow_env/lib/python3.9/site-packages/airflow/example_dags/example_subdag_operator.py
[2025-01-01T15:19:21.183-0800] {processor.py:914} INFO - Processing file /opt/anaconda3/envs/airflow_env/lib/python3.9/site-packages/airflow/example_dags/example_subdag_operator.py for tasks to queue
[2025-01-01T15:19:21.184-0800] {logging_mixin.py:190} INFO - [2025-01-01T15:19:21.184-0800] {dagbag.py:588} INFO - Filling up the DagBag from /opt/anaconda3/envs/airflow_env/lib/python3.9/site-packages/airflow/example_dags/example_subdag_operator.py
[2025-01-01T15:19:21.368-0800] {processor.py:925} INFO - DAG(s) 'example_subdag_operator.section-1', 'example_subdag_operator.section-2', 'example_subdag_operator' retrieved from /opt/anaconda3/envs/airflow_env/lib/python3.9/site-packages/airflow/example_dags/example_subdag_operator.py
[2025-01-01T15:19:22.190-0800] {logging_mixin.py:190} INFO - [2025-01-01T15:19:22.189-0800] {dag.py:3239} INFO - Sync 3 DAGs
[2025-01-01T15:19:22.210-0800] {logging_mixin.py:190} INFO - [2025-01-01T15:19:22.209-0800] {dag.py:4180} INFO - Setting next_dagrun for example_subdag_operator to 2022-01-01 00:00:00+00:00, run_after=2022-01-01 00:00:00+00:00
[2025-01-01T15:19:22.215-0800] {logging_mixin.py:190} INFO - [2025-01-01T15:19:22.214-0800] {dag.py:4180} INFO - Setting next_dagrun for example_subdag_operator.section-1 to None, run_after=None
[2025-01-01T15:19:22.216-0800] {logging_mixin.py:190} INFO - [2025-01-01T15:19:22.216-0800] {dag.py:4180} INFO - Setting next_dagrun for example_subdag_operator.section-2 to None, run_after=None
[2025-01-01T15:19:22.222-0800] {logging_mixin.py:190} INFO - [2025-01-01T15:19:22.222-0800] {dag.py:3239} INFO - Sync 2 DAGs
[2025-01-01T15:19:22.227-0800] {logging_mixin.py:190} INFO - [2025-01-01T15:19:22.226-0800] {dag.py:4180} INFO - Setting next_dagrun for example_subdag_operator.section-1 to None, run_after=None
[2025-01-01T15:19:22.227-0800] {logging_mixin.py:190} INFO - [2025-01-01T15:19:22.227-0800] {dag.py:4180} INFO - Setting next_dagrun for example_subdag_operator.section-2 to None, run_after=None
[2025-01-01T15:19:22.241-0800] {processor.py:208} INFO - Processing /opt/anaconda3/envs/airflow_env/lib/python3.9/site-packages/airflow/example_dags/example_subdag_operator.py took 1.067 seconds
[2025-01-01T15:22:28.340-0800] {processor.py:186} INFO - Started process (PID=25637) to work on /opt/anaconda3/envs/airflow_env/lib/python3.9/site-packages/airflow/example_dags/example_subdag_operator.py
[2025-01-01T15:22:28.342-0800] {processor.py:914} INFO - Processing file /opt/anaconda3/envs/airflow_env/lib/python3.9/site-packages/airflow/example_dags/example_subdag_operator.py for tasks to queue
[2025-01-01T15:22:28.344-0800] {logging_mixin.py:190} INFO - [2025-01-01T15:22:28.343-0800] {dagbag.py:588} INFO - Filling up the DagBag from /opt/anaconda3/envs/airflow_env/lib/python3.9/site-packages/airflow/example_dags/example_subdag_operator.py
[2025-01-01T15:22:28.509-0800] {processor.py:925} INFO - DAG(s) 'example_subdag_operator.section-1', 'example_subdag_operator.section-2', 'example_subdag_operator' retrieved from /opt/anaconda3/envs/airflow_env/lib/python3.9/site-packages/airflow/example_dags/example_subdag_operator.py
[2025-01-01T15:22:29.315-0800] {logging_mixin.py:190} INFO - [2025-01-01T15:22:29.315-0800] {dag.py:3239} INFO - Sync 3 DAGs
[2025-01-01T15:22:29.337-0800] {logging_mixin.py:190} INFO - [2025-01-01T15:22:29.337-0800] {dag.py:4180} INFO - Setting next_dagrun for example_subdag_operator to 2022-01-01 00:00:00+00:00, run_after=2022-01-01 00:00:00+00:00
[2025-01-01T15:22:29.343-0800] {logging_mixin.py:190} INFO - [2025-01-01T15:22:29.343-0800] {dag.py:4180} INFO - Setting next_dagrun for example_subdag_operator.section-1 to None, run_after=None
[2025-01-01T15:22:29.345-0800] {logging_mixin.py:190} INFO - [2025-01-01T15:22:29.345-0800] {dag.py:4180} INFO - Setting next_dagrun for example_subdag_operator.section-2 to None, run_after=None
[2025-01-01T15:22:29.356-0800] {logging_mixin.py:190} INFO - [2025-01-01T15:22:29.356-0800] {dag.py:3239} INFO - Sync 2 DAGs
[2025-01-01T15:22:29.361-0800] {logging_mixin.py:190} INFO - [2025-01-01T15:22:29.360-0800] {dag.py:4180} INFO - Setting next_dagrun for example_subdag_operator.section-1 to None, run_after=None
[2025-01-01T15:22:29.361-0800] {logging_mixin.py:190} INFO - [2025-01-01T15:22:29.361-0800] {dag.py:4180} INFO - Setting next_dagrun for example_subdag_operator.section-2 to None, run_after=None
[2025-01-01T15:22:29.377-0800] {processor.py:208} INFO - Processing /opt/anaconda3/envs/airflow_env/lib/python3.9/site-packages/airflow/example_dags/example_subdag_operator.py took 1.042 seconds
[2025-01-01T15:25:22.745-0800] {processor.py:186} INFO - Started process (PID=25740) to work on /opt/anaconda3/envs/airflow_env/lib/python3.9/site-packages/airflow/example_dags/example_subdag_operator.py
[2025-01-01T15:25:22.746-0800] {processor.py:914} INFO - Processing file /opt/anaconda3/envs/airflow_env/lib/python3.9/site-packages/airflow/example_dags/example_subdag_operator.py for tasks to queue
[2025-01-01T15:25:22.747-0800] {logging_mixin.py:190} INFO - [2025-01-01T15:25:22.747-0800] {dagbag.py:588} INFO - Filling up the DagBag from /opt/anaconda3/envs/airflow_env/lib/python3.9/site-packages/airflow/example_dags/example_subdag_operator.py
[2025-01-01T15:25:22.879-0800] {processor.py:925} INFO - DAG(s) 'example_subdag_operator.section-1', 'example_subdag_operator.section-2', 'example_subdag_operator' retrieved from /opt/anaconda3/envs/airflow_env/lib/python3.9/site-packages/airflow/example_dags/example_subdag_operator.py
[2025-01-01T15:25:23.582-0800] {logging_mixin.py:190} INFO - [2025-01-01T15:25:23.582-0800] {dag.py:3239} INFO - Sync 3 DAGs
[2025-01-01T15:25:23.602-0800] {logging_mixin.py:190} INFO - [2025-01-01T15:25:23.602-0800] {dag.py:4180} INFO - Setting next_dagrun for example_subdag_operator to 2022-01-01 00:00:00+00:00, run_after=2022-01-01 00:00:00+00:00
[2025-01-01T15:25:23.607-0800] {logging_mixin.py:190} INFO - [2025-01-01T15:25:23.607-0800] {dag.py:4180} INFO - Setting next_dagrun for example_subdag_operator.section-1 to None, run_after=None
[2025-01-01T15:25:23.608-0800] {logging_mixin.py:190} INFO - [2025-01-01T15:25:23.608-0800] {dag.py:4180} INFO - Setting next_dagrun for example_subdag_operator.section-2 to None, run_after=None
[2025-01-01T15:25:23.615-0800] {logging_mixin.py:190} INFO - [2025-01-01T15:25:23.614-0800] {dag.py:3239} INFO - Sync 2 DAGs
[2025-01-01T15:25:23.620-0800] {logging_mixin.py:190} INFO - [2025-01-01T15:25:23.619-0800] {dag.py:4180} INFO - Setting next_dagrun for example_subdag_operator.section-1 to None, run_after=None
[2025-01-01T15:25:23.620-0800] {logging_mixin.py:190} INFO - [2025-01-01T15:25:23.620-0800] {dag.py:4180} INFO - Setting next_dagrun for example_subdag_operator.section-2 to None, run_after=None
[2025-01-01T15:25:23.635-0800] {processor.py:208} INFO - Processing /opt/anaconda3/envs/airflow_env/lib/python3.9/site-packages/airflow/example_dags/example_subdag_operator.py took 0.894 seconds
[2025-01-01T15:28:13.727-0800] {processor.py:186} INFO - Started process (PID=25862) to work on /opt/anaconda3/envs/airflow_env/lib/python3.9/site-packages/airflow/example_dags/example_subdag_operator.py
[2025-01-01T15:28:13.730-0800] {processor.py:914} INFO - Processing file /opt/anaconda3/envs/airflow_env/lib/python3.9/site-packages/airflow/example_dags/example_subdag_operator.py for tasks to queue
[2025-01-01T15:28:13.732-0800] {logging_mixin.py:190} INFO - [2025-01-01T15:28:13.731-0800] {dagbag.py:588} INFO - Filling up the DagBag from /opt/anaconda3/envs/airflow_env/lib/python3.9/site-packages/airflow/example_dags/example_subdag_operator.py
[2025-01-01T15:28:13.927-0800] {processor.py:925} INFO - DAG(s) 'example_subdag_operator.section-1', 'example_subdag_operator.section-2', 'example_subdag_operator' retrieved from /opt/anaconda3/envs/airflow_env/lib/python3.9/site-packages/airflow/example_dags/example_subdag_operator.py
[2025-01-01T15:28:14.703-0800] {logging_mixin.py:190} INFO - [2025-01-01T15:28:14.703-0800] {dag.py:3239} INFO - Sync 3 DAGs
[2025-01-01T15:28:14.726-0800] {logging_mixin.py:190} INFO - [2025-01-01T15:28:14.726-0800] {dag.py:4180} INFO - Setting next_dagrun for example_subdag_operator to 2022-01-01 00:00:00+00:00, run_after=2022-01-01 00:00:00+00:00
[2025-01-01T15:28:14.731-0800] {logging_mixin.py:190} INFO - [2025-01-01T15:28:14.730-0800] {dag.py:4180} INFO - Setting next_dagrun for example_subdag_operator.section-1 to None, run_after=None
[2025-01-01T15:28:14.732-0800] {logging_mixin.py:190} INFO - [2025-01-01T15:28:14.732-0800] {dag.py:4180} INFO - Setting next_dagrun for example_subdag_operator.section-2 to None, run_after=None
[2025-01-01T15:28:14.739-0800] {logging_mixin.py:190} INFO - [2025-01-01T15:28:14.738-0800] {dag.py:3239} INFO - Sync 2 DAGs
[2025-01-01T15:28:14.744-0800] {logging_mixin.py:190} INFO - [2025-01-01T15:28:14.744-0800] {dag.py:4180} INFO - Setting next_dagrun for example_subdag_operator.section-1 to None, run_after=None
[2025-01-01T15:28:14.745-0800] {logging_mixin.py:190} INFO - [2025-01-01T15:28:14.745-0800] {dag.py:4180} INFO - Setting next_dagrun for example_subdag_operator.section-2 to None, run_after=None
[2025-01-01T15:28:14.760-0800] {processor.py:208} INFO - Processing /opt/anaconda3/envs/airflow_env/lib/python3.9/site-packages/airflow/example_dags/example_subdag_operator.py took 1.038 seconds
[2025-01-01T15:31:07.733-0800] {processor.py:186} INFO - Started process (PID=25973) to work on /opt/anaconda3/envs/airflow_env/lib/python3.9/site-packages/airflow/example_dags/example_subdag_operator.py
[2025-01-01T15:31:07.736-0800] {processor.py:914} INFO - Processing file /opt/anaconda3/envs/airflow_env/lib/python3.9/site-packages/airflow/example_dags/example_subdag_operator.py for tasks to queue
[2025-01-01T15:31:07.737-0800] {logging_mixin.py:190} INFO - [2025-01-01T15:31:07.737-0800] {dagbag.py:588} INFO - Filling up the DagBag from /opt/anaconda3/envs/airflow_env/lib/python3.9/site-packages/airflow/example_dags/example_subdag_operator.py
[2025-01-01T15:31:07.886-0800] {processor.py:925} INFO - DAG(s) 'example_subdag_operator.section-1', 'example_subdag_operator.section-2', 'example_subdag_operator' retrieved from /opt/anaconda3/envs/airflow_env/lib/python3.9/site-packages/airflow/example_dags/example_subdag_operator.py
[2025-01-01T15:31:08.638-0800] {logging_mixin.py:190} INFO - [2025-01-01T15:31:08.637-0800] {dag.py:3239} INFO - Sync 3 DAGs
[2025-01-01T15:31:08.660-0800] {logging_mixin.py:190} INFO - [2025-01-01T15:31:08.660-0800] {dag.py:4180} INFO - Setting next_dagrun for example_subdag_operator to 2022-01-01 00:00:00+00:00, run_after=2022-01-01 00:00:00+00:00
[2025-01-01T15:31:08.665-0800] {logging_mixin.py:190} INFO - [2025-01-01T15:31:08.665-0800] {dag.py:4180} INFO - Setting next_dagrun for example_subdag_operator.section-1 to None, run_after=None
[2025-01-01T15:31:08.667-0800] {logging_mixin.py:190} INFO - [2025-01-01T15:31:08.666-0800] {dag.py:4180} INFO - Setting next_dagrun for example_subdag_operator.section-2 to None, run_after=None
[2025-01-01T15:31:08.673-0800] {logging_mixin.py:190} INFO - [2025-01-01T15:31:08.673-0800] {dag.py:3239} INFO - Sync 2 DAGs
[2025-01-01T15:31:08.679-0800] {logging_mixin.py:190} INFO - [2025-01-01T15:31:08.678-0800] {dag.py:4180} INFO - Setting next_dagrun for example_subdag_operator.section-1 to None, run_after=None
[2025-01-01T15:31:08.679-0800] {logging_mixin.py:190} INFO - [2025-01-01T15:31:08.679-0800] {dag.py:4180} INFO - Setting next_dagrun for example_subdag_operator.section-2 to None, run_after=None
[2025-01-01T15:31:08.695-0800] {processor.py:208} INFO - Processing /opt/anaconda3/envs/airflow_env/lib/python3.9/site-packages/airflow/example_dags/example_subdag_operator.py took 0.966 seconds
[2025-01-01T15:33:56.774-0800] {processor.py:186} INFO - Started process (PID=26077) to work on /opt/anaconda3/envs/airflow_env/lib/python3.9/site-packages/airflow/example_dags/example_subdag_operator.py
[2025-01-01T15:33:56.775-0800] {processor.py:914} INFO - Processing file /opt/anaconda3/envs/airflow_env/lib/python3.9/site-packages/airflow/example_dags/example_subdag_operator.py for tasks to queue
[2025-01-01T15:33:56.776-0800] {logging_mixin.py:190} INFO - [2025-01-01T15:33:56.776-0800] {dagbag.py:588} INFO - Filling up the DagBag from /opt/anaconda3/envs/airflow_env/lib/python3.9/site-packages/airflow/example_dags/example_subdag_operator.py
[2025-01-01T15:33:56.914-0800] {processor.py:925} INFO - DAG(s) 'example_subdag_operator.section-1', 'example_subdag_operator.section-2', 'example_subdag_operator' retrieved from /opt/anaconda3/envs/airflow_env/lib/python3.9/site-packages/airflow/example_dags/example_subdag_operator.py
[2025-01-01T15:33:57.650-0800] {logging_mixin.py:190} INFO - [2025-01-01T15:33:57.650-0800] {dag.py:3239} INFO - Sync 3 DAGs
[2025-01-01T15:33:57.670-0800] {logging_mixin.py:190} INFO - [2025-01-01T15:33:57.670-0800] {dag.py:4180} INFO - Setting next_dagrun for example_subdag_operator to 2022-01-01 00:00:00+00:00, run_after=2022-01-01 00:00:00+00:00
[2025-01-01T15:33:57.676-0800] {logging_mixin.py:190} INFO - [2025-01-01T15:33:57.676-0800] {dag.py:4180} INFO - Setting next_dagrun for example_subdag_operator.section-1 to None, run_after=None
[2025-01-01T15:33:57.678-0800] {logging_mixin.py:190} INFO - [2025-01-01T15:33:57.677-0800] {dag.py:4180} INFO - Setting next_dagrun for example_subdag_operator.section-2 to None, run_after=None
[2025-01-01T15:33:57.687-0800] {logging_mixin.py:190} INFO - [2025-01-01T15:33:57.687-0800] {dag.py:3239} INFO - Sync 2 DAGs
[2025-01-01T15:33:57.693-0800] {logging_mixin.py:190} INFO - [2025-01-01T15:33:57.693-0800] {dag.py:4180} INFO - Setting next_dagrun for example_subdag_operator.section-1 to None, run_after=None
[2025-01-01T15:33:57.694-0800] {logging_mixin.py:190} INFO - [2025-01-01T15:33:57.694-0800] {dag.py:4180} INFO - Setting next_dagrun for example_subdag_operator.section-2 to None, run_after=None
[2025-01-01T15:33:57.708-0800] {processor.py:208} INFO - Processing /opt/anaconda3/envs/airflow_env/lib/python3.9/site-packages/airflow/example_dags/example_subdag_operator.py took 0.939 seconds
[2025-01-01T15:36:41.689-0800] {processor.py:186} INFO - Started process (PID=26180) to work on /opt/anaconda3/envs/airflow_env/lib/python3.9/site-packages/airflow/example_dags/example_subdag_operator.py
[2025-01-01T15:36:41.691-0800] {processor.py:914} INFO - Processing file /opt/anaconda3/envs/airflow_env/lib/python3.9/site-packages/airflow/example_dags/example_subdag_operator.py for tasks to queue
[2025-01-01T15:36:41.694-0800] {logging_mixin.py:190} INFO - [2025-01-01T15:36:41.694-0800] {dagbag.py:588} INFO - Filling up the DagBag from /opt/anaconda3/envs/airflow_env/lib/python3.9/site-packages/airflow/example_dags/example_subdag_operator.py
[2025-01-01T15:36:41.847-0800] {processor.py:925} INFO - DAG(s) 'example_subdag_operator.section-1', 'example_subdag_operator.section-2', 'example_subdag_operator' retrieved from /opt/anaconda3/envs/airflow_env/lib/python3.9/site-packages/airflow/example_dags/example_subdag_operator.py
[2025-01-01T15:36:42.548-0800] {logging_mixin.py:190} INFO - [2025-01-01T15:36:42.547-0800] {dag.py:3239} INFO - Sync 3 DAGs
[2025-01-01T15:36:42.568-0800] {logging_mixin.py:190} INFO - [2025-01-01T15:36:42.567-0800] {dag.py:4180} INFO - Setting next_dagrun for example_subdag_operator to 2022-01-01 00:00:00+00:00, run_after=2022-01-01 00:00:00+00:00
[2025-01-01T15:36:42.573-0800] {logging_mixin.py:190} INFO - [2025-01-01T15:36:42.572-0800] {dag.py:4180} INFO - Setting next_dagrun for example_subdag_operator.section-1 to None, run_after=None
[2025-01-01T15:36:42.574-0800] {logging_mixin.py:190} INFO - [2025-01-01T15:36:42.574-0800] {dag.py:4180} INFO - Setting next_dagrun for example_subdag_operator.section-2 to None, run_after=None
[2025-01-01T15:36:42.580-0800] {logging_mixin.py:190} INFO - [2025-01-01T15:36:42.580-0800] {dag.py:3239} INFO - Sync 2 DAGs
[2025-01-01T15:36:42.585-0800] {logging_mixin.py:190} INFO - [2025-01-01T15:36:42.585-0800] {dag.py:4180} INFO - Setting next_dagrun for example_subdag_operator.section-1 to None, run_after=None
[2025-01-01T15:36:42.585-0800] {logging_mixin.py:190} INFO - [2025-01-01T15:36:42.585-0800] {dag.py:4180} INFO - Setting next_dagrun for example_subdag_operator.section-2 to None, run_after=None
[2025-01-01T15:36:42.602-0800] {processor.py:208} INFO - Processing /opt/anaconda3/envs/airflow_env/lib/python3.9/site-packages/airflow/example_dags/example_subdag_operator.py took 0.917 seconds
[2025-01-01T15:39:31.223-0800] {processor.py:186} INFO - Started process (PID=26286) to work on /opt/anaconda3/envs/airflow_env/lib/python3.9/site-packages/airflow/example_dags/example_subdag_operator.py
[2025-01-01T15:39:31.225-0800] {processor.py:914} INFO - Processing file /opt/anaconda3/envs/airflow_env/lib/python3.9/site-packages/airflow/example_dags/example_subdag_operator.py for tasks to queue
[2025-01-01T15:39:31.227-0800] {logging_mixin.py:190} INFO - [2025-01-01T15:39:31.226-0800] {dagbag.py:588} INFO - Filling up the DagBag from /opt/anaconda3/envs/airflow_env/lib/python3.9/site-packages/airflow/example_dags/example_subdag_operator.py
[2025-01-01T15:39:31.357-0800] {processor.py:925} INFO - DAG(s) 'example_subdag_operator.section-1', 'example_subdag_operator.section-2', 'example_subdag_operator' retrieved from /opt/anaconda3/envs/airflow_env/lib/python3.9/site-packages/airflow/example_dags/example_subdag_operator.py
[2025-01-01T15:39:32.091-0800] {logging_mixin.py:190} INFO - [2025-01-01T15:39:32.090-0800] {dag.py:3239} INFO - Sync 3 DAGs
[2025-01-01T15:39:32.112-0800] {logging_mixin.py:190} INFO - [2025-01-01T15:39:32.112-0800] {dag.py:4180} INFO - Setting next_dagrun for example_subdag_operator to 2022-01-01 00:00:00+00:00, run_after=2022-01-01 00:00:00+00:00
[2025-01-01T15:39:32.117-0800] {logging_mixin.py:190} INFO - [2025-01-01T15:39:32.117-0800] {dag.py:4180} INFO - Setting next_dagrun for example_subdag_operator.section-1 to None, run_after=None
[2025-01-01T15:39:32.119-0800] {logging_mixin.py:190} INFO - [2025-01-01T15:39:32.119-0800] {dag.py:4180} INFO - Setting next_dagrun for example_subdag_operator.section-2 to None, run_after=None
[2025-01-01T15:39:32.126-0800] {logging_mixin.py:190} INFO - [2025-01-01T15:39:32.126-0800] {dag.py:3239} INFO - Sync 2 DAGs
[2025-01-01T15:39:32.131-0800] {logging_mixin.py:190} INFO - [2025-01-01T15:39:32.130-0800] {dag.py:4180} INFO - Setting next_dagrun for example_subdag_operator.section-1 to None, run_after=None
[2025-01-01T15:39:32.131-0800] {logging_mixin.py:190} INFO - [2025-01-01T15:39:32.131-0800] {dag.py:4180} INFO - Setting next_dagrun for example_subdag_operator.section-2 to None, run_after=None
[2025-01-01T15:39:32.146-0800] {processor.py:208} INFO - Processing /opt/anaconda3/envs/airflow_env/lib/python3.9/site-packages/airflow/example_dags/example_subdag_operator.py took 0.927 seconds
