[2025-01-01T14:42:56.081-0800] {processor.py:186} INFO - Started process (PID=23733) to work on /opt/anaconda3/envs/airflow_env/lib/python3.9/site-packages/airflow/example_dags/example_skip_dag.py
[2025-01-01T14:42:56.082-0800] {processor.py:914} INFO - Processing file /opt/anaconda3/envs/airflow_env/lib/python3.9/site-packages/airflow/example_dags/example_skip_dag.py for tasks to queue
[2025-01-01T14:42:56.083-0800] {logging_mixin.py:190} INFO - [2025-01-01T14:42:56.083-0800] {dagbag.py:588} INFO - Filling up the DagBag from /opt/anaconda3/envs/airflow_env/lib/python3.9/site-packages/airflow/example_dags/example_skip_dag.py
[2025-01-01T14:42:56.096-0800] {processor.py:925} INFO - DAG(s) 'example_skip_dag' retrieved from /opt/anaconda3/envs/airflow_env/lib/python3.9/site-packages/airflow/example_dags/example_skip_dag.py
[2025-01-01T14:42:56.399-0800] {logging_mixin.py:190} INFO - [2025-01-01T14:42:56.398-0800] {override.py:1911} INFO - Created Permission View: can edit on DAG:example_skip_dag
[2025-01-01T14:42:56.412-0800] {logging_mixin.py:190} INFO - [2025-01-01T14:42:56.411-0800] {override.py:1911} INFO - Created Permission View: can delete on DAG:example_skip_dag
[2025-01-01T14:42:56.421-0800] {logging_mixin.py:190} INFO - [2025-01-01T14:42:56.421-0800] {override.py:1911} INFO - Created Permission View: can read on DAG:example_skip_dag
[2025-01-01T14:42:56.433-0800] {logging_mixin.py:190} INFO - [2025-01-01T14:42:56.432-0800] {override.py:1911} INFO - Created Permission View: can create on DAG Run:example_skip_dag
[2025-01-01T14:42:56.441-0800] {logging_mixin.py:190} INFO - [2025-01-01T14:42:56.441-0800] {override.py:1911} INFO - Created Permission View: menu access on DAG Run:example_skip_dag
[2025-01-01T14:42:56.450-0800] {logging_mixin.py:190} INFO - [2025-01-01T14:42:56.449-0800] {override.py:1911} INFO - Created Permission View: can delete on DAG Run:example_skip_dag
[2025-01-01T14:42:56.460-0800] {logging_mixin.py:190} INFO - [2025-01-01T14:42:56.459-0800] {override.py:1911} INFO - Created Permission View: can read on DAG Run:example_skip_dag
[2025-01-01T14:42:56.460-0800] {logging_mixin.py:190} INFO - [2025-01-01T14:42:56.460-0800] {dag.py:3239} INFO - Sync 1 DAGs
[2025-01-01T14:42:56.478-0800] {logging_mixin.py:190} INFO - [2025-01-01T14:42:56.478-0800] {dag.py:3262} INFO - Creating ORM DAG for example_skip_dag
[2025-01-01T14:42:56.494-0800] {logging_mixin.py:190} INFO - [2025-01-01T14:42:56.494-0800] {dag.py:4180} INFO - Setting next_dagrun for example_skip_dag to 2024-12-31 00:00:00+00:00, run_after=2025-01-01 00:00:00+00:00
[2025-01-01T14:42:56.521-0800] {processor.py:208} INFO - Processing /opt/anaconda3/envs/airflow_env/lib/python3.9/site-packages/airflow/example_dags/example_skip_dag.py took 0.444 seconds
[2025-01-01T14:47:12.755-0800] {processor.py:186} INFO - Started process (PID=23940) to work on /opt/anaconda3/envs/airflow_env/lib/python3.9/site-packages/airflow/example_dags/example_skip_dag.py
[2025-01-01T14:47:12.758-0800] {processor.py:914} INFO - Processing file /opt/anaconda3/envs/airflow_env/lib/python3.9/site-packages/airflow/example_dags/example_skip_dag.py for tasks to queue
[2025-01-01T14:47:12.760-0800] {logging_mixin.py:190} INFO - [2025-01-01T14:47:12.759-0800] {dagbag.py:588} INFO - Filling up the DagBag from /opt/anaconda3/envs/airflow_env/lib/python3.9/site-packages/airflow/example_dags/example_skip_dag.py
[2025-01-01T14:47:12.771-0800] {processor.py:925} INFO - DAG(s) 'example_skip_dag' retrieved from /opt/anaconda3/envs/airflow_env/lib/python3.9/site-packages/airflow/example_dags/example_skip_dag.py
[2025-01-01T14:47:12.938-0800] {logging_mixin.py:190} INFO - [2025-01-01T14:47:12.937-0800] {dag.py:3239} INFO - Sync 1 DAGs
[2025-01-01T14:47:12.978-0800] {logging_mixin.py:190} INFO - [2025-01-01T14:47:12.977-0800] {dag.py:4180} INFO - Setting next_dagrun for example_skip_dag to 2024-12-31 00:00:00+00:00, run_after=2025-01-01 00:00:00+00:00
[2025-01-01T14:47:13.019-0800] {processor.py:208} INFO - Processing /opt/anaconda3/envs/airflow_env/lib/python3.9/site-packages/airflow/example_dags/example_skip_dag.py took 0.268 seconds
[2025-01-01T14:50:51.568-0800] {processor.py:186} INFO - Started process (PID=24123) to work on /opt/anaconda3/envs/airflow_env/lib/python3.9/site-packages/airflow/example_dags/example_skip_dag.py
[2025-01-01T14:50:51.571-0800] {processor.py:914} INFO - Processing file /opt/anaconda3/envs/airflow_env/lib/python3.9/site-packages/airflow/example_dags/example_skip_dag.py for tasks to queue
[2025-01-01T14:50:51.572-0800] {logging_mixin.py:190} INFO - [2025-01-01T14:50:51.572-0800] {dagbag.py:588} INFO - Filling up the DagBag from /opt/anaconda3/envs/airflow_env/lib/python3.9/site-packages/airflow/example_dags/example_skip_dag.py
[2025-01-01T14:50:51.587-0800] {processor.py:925} INFO - DAG(s) 'example_skip_dag' retrieved from /opt/anaconda3/envs/airflow_env/lib/python3.9/site-packages/airflow/example_dags/example_skip_dag.py
[2025-01-01T14:50:51.741-0800] {logging_mixin.py:190} INFO - [2025-01-01T14:50:51.741-0800] {dag.py:3239} INFO - Sync 1 DAGs
[2025-01-01T14:50:51.764-0800] {logging_mixin.py:190} INFO - [2025-01-01T14:50:51.764-0800] {dag.py:4180} INFO - Setting next_dagrun for example_skip_dag to 2024-12-31 00:00:00+00:00, run_after=2025-01-01 00:00:00+00:00
[2025-01-01T14:50:51.791-0800] {processor.py:208} INFO - Processing /opt/anaconda3/envs/airflow_env/lib/python3.9/site-packages/airflow/example_dags/example_skip_dag.py took 0.230 seconds
[2025-01-01T14:54:27.834-0800] {processor.py:186} INFO - Started process (PID=24311) to work on /opt/anaconda3/envs/airflow_env/lib/python3.9/site-packages/airflow/example_dags/example_skip_dag.py
[2025-01-01T14:54:27.837-0800] {processor.py:914} INFO - Processing file /opt/anaconda3/envs/airflow_env/lib/python3.9/site-packages/airflow/example_dags/example_skip_dag.py for tasks to queue
[2025-01-01T14:54:27.838-0800] {logging_mixin.py:190} INFO - [2025-01-01T14:54:27.838-0800] {dagbag.py:588} INFO - Filling up the DagBag from /opt/anaconda3/envs/airflow_env/lib/python3.9/site-packages/airflow/example_dags/example_skip_dag.py
[2025-01-01T14:54:27.849-0800] {processor.py:925} INFO - DAG(s) 'example_skip_dag' retrieved from /opt/anaconda3/envs/airflow_env/lib/python3.9/site-packages/airflow/example_dags/example_skip_dag.py
[2025-01-01T14:54:27.998-0800] {logging_mixin.py:190} INFO - [2025-01-01T14:54:27.998-0800] {dag.py:3239} INFO - Sync 1 DAGs
[2025-01-01T14:54:28.025-0800] {logging_mixin.py:190} INFO - [2025-01-01T14:54:28.025-0800] {dag.py:4180} INFO - Setting next_dagrun for example_skip_dag to 2024-12-31 00:00:00+00:00, run_after=2025-01-01 00:00:00+00:00
[2025-01-01T14:54:28.057-0800] {processor.py:208} INFO - Processing /opt/anaconda3/envs/airflow_env/lib/python3.9/site-packages/airflow/example_dags/example_skip_dag.py took 0.228 seconds
[2025-01-01T14:58:13.403-0800] {processor.py:186} INFO - Started process (PID=24483) to work on /opt/anaconda3/envs/airflow_env/lib/python3.9/site-packages/airflow/example_dags/example_skip_dag.py
[2025-01-01T14:58:13.405-0800] {processor.py:914} INFO - Processing file /opt/anaconda3/envs/airflow_env/lib/python3.9/site-packages/airflow/example_dags/example_skip_dag.py for tasks to queue
[2025-01-01T14:58:13.408-0800] {logging_mixin.py:190} INFO - [2025-01-01T14:58:13.407-0800] {dagbag.py:588} INFO - Filling up the DagBag from /opt/anaconda3/envs/airflow_env/lib/python3.9/site-packages/airflow/example_dags/example_skip_dag.py
[2025-01-01T14:58:13.429-0800] {processor.py:925} INFO - DAG(s) 'example_skip_dag' retrieved from /opt/anaconda3/envs/airflow_env/lib/python3.9/site-packages/airflow/example_dags/example_skip_dag.py
[2025-01-01T14:58:13.919-0800] {logging_mixin.py:190} INFO - [2025-01-01T14:58:13.919-0800] {dag.py:3239} INFO - Sync 1 DAGs
[2025-01-01T14:58:13.955-0800] {logging_mixin.py:190} INFO - [2025-01-01T14:58:13.954-0800] {dag.py:4180} INFO - Setting next_dagrun for example_skip_dag to 2024-12-31 00:00:00+00:00, run_after=2025-01-01 00:00:00+00:00
[2025-01-01T14:58:13.986-0800] {processor.py:208} INFO - Processing /opt/anaconda3/envs/airflow_env/lib/python3.9/site-packages/airflow/example_dags/example_skip_dag.py took 0.587 seconds
[2025-01-01T15:01:58.153-0800] {processor.py:186} INFO - Started process (PID=24700) to work on /opt/anaconda3/envs/airflow_env/lib/python3.9/site-packages/airflow/example_dags/example_skip_dag.py
[2025-01-01T15:01:58.154-0800] {processor.py:914} INFO - Processing file /opt/anaconda3/envs/airflow_env/lib/python3.9/site-packages/airflow/example_dags/example_skip_dag.py for tasks to queue
[2025-01-01T15:01:58.155-0800] {logging_mixin.py:190} INFO - [2025-01-01T15:01:58.155-0800] {dagbag.py:588} INFO - Filling up the DagBag from /opt/anaconda3/envs/airflow_env/lib/python3.9/site-packages/airflow/example_dags/example_skip_dag.py
[2025-01-01T15:01:58.168-0800] {processor.py:925} INFO - DAG(s) 'example_skip_dag' retrieved from /opt/anaconda3/envs/airflow_env/lib/python3.9/site-packages/airflow/example_dags/example_skip_dag.py
[2025-01-01T15:01:58.402-0800] {logging_mixin.py:190} INFO - [2025-01-01T15:01:58.402-0800] {dag.py:3239} INFO - Sync 1 DAGs
[2025-01-01T15:01:58.425-0800] {logging_mixin.py:190} INFO - [2025-01-01T15:01:58.425-0800] {dag.py:4180} INFO - Setting next_dagrun for example_skip_dag to 2024-12-31 00:00:00+00:00, run_after=2025-01-01 00:00:00+00:00
[2025-01-01T15:01:58.449-0800] {processor.py:208} INFO - Processing /opt/anaconda3/envs/airflow_env/lib/python3.9/site-packages/airflow/example_dags/example_skip_dag.py took 0.304 seconds
[2025-01-01T15:08:10.620-0800] {processor.py:186} INFO - Started process (PID=24888) to work on /opt/anaconda3/envs/airflow_env/lib/python3.9/site-packages/airflow/example_dags/example_skip_dag.py
[2025-01-01T15:08:10.622-0800] {processor.py:914} INFO - Processing file /opt/anaconda3/envs/airflow_env/lib/python3.9/site-packages/airflow/example_dags/example_skip_dag.py for tasks to queue
[2025-01-01T15:08:10.624-0800] {logging_mixin.py:190} INFO - [2025-01-01T15:08:10.624-0800] {dagbag.py:588} INFO - Filling up the DagBag from /opt/anaconda3/envs/airflow_env/lib/python3.9/site-packages/airflow/example_dags/example_skip_dag.py
[2025-01-01T15:08:10.636-0800] {processor.py:925} INFO - DAG(s) 'example_skip_dag' retrieved from /opt/anaconda3/envs/airflow_env/lib/python3.9/site-packages/airflow/example_dags/example_skip_dag.py
[2025-01-01T15:08:10.840-0800] {logging_mixin.py:190} INFO - [2025-01-01T15:08:10.839-0800] {dag.py:3239} INFO - Sync 1 DAGs
[2025-01-01T15:08:10.872-0800] {logging_mixin.py:190} INFO - [2025-01-01T15:08:10.871-0800] {dag.py:4180} INFO - Setting next_dagrun for example_skip_dag to 2024-12-31 00:00:00+00:00, run_after=2025-01-01 00:00:00+00:00
[2025-01-01T15:08:10.941-0800] {processor.py:208} INFO - Processing /opt/anaconda3/envs/airflow_env/lib/python3.9/site-packages/airflow/example_dags/example_skip_dag.py took 0.326 seconds
[2025-01-01T15:12:22.082-0800] {processor.py:186} INFO - Started process (PID=25132) to work on /opt/anaconda3/envs/airflow_env/lib/python3.9/site-packages/airflow/example_dags/example_skip_dag.py
[2025-01-01T15:12:22.084-0800] {processor.py:914} INFO - Processing file /opt/anaconda3/envs/airflow_env/lib/python3.9/site-packages/airflow/example_dags/example_skip_dag.py for tasks to queue
[2025-01-01T15:12:22.086-0800] {logging_mixin.py:190} INFO - [2025-01-01T15:12:22.086-0800] {dagbag.py:588} INFO - Filling up the DagBag from /opt/anaconda3/envs/airflow_env/lib/python3.9/site-packages/airflow/example_dags/example_skip_dag.py
[2025-01-01T15:12:22.098-0800] {processor.py:925} INFO - DAG(s) 'example_skip_dag' retrieved from /opt/anaconda3/envs/airflow_env/lib/python3.9/site-packages/airflow/example_dags/example_skip_dag.py
[2025-01-01T15:12:22.253-0800] {logging_mixin.py:190} INFO - [2025-01-01T15:12:22.253-0800] {dag.py:3239} INFO - Sync 1 DAGs
[2025-01-01T15:12:22.284-0800] {logging_mixin.py:190} INFO - [2025-01-01T15:12:22.283-0800] {dag.py:4180} INFO - Setting next_dagrun for example_skip_dag to 2024-12-31 00:00:00+00:00, run_after=2025-01-01 00:00:00+00:00
[2025-01-01T15:12:22.324-0800] {processor.py:208} INFO - Processing /opt/anaconda3/envs/airflow_env/lib/python3.9/site-packages/airflow/example_dags/example_skip_dag.py took 0.248 seconds
[2025-01-01T15:16:07.410-0800] {processor.py:186} INFO - Started process (PID=25321) to work on /opt/anaconda3/envs/airflow_env/lib/python3.9/site-packages/airflow/example_dags/example_skip_dag.py
[2025-01-01T15:16:07.413-0800] {processor.py:914} INFO - Processing file /opt/anaconda3/envs/airflow_env/lib/python3.9/site-packages/airflow/example_dags/example_skip_dag.py for tasks to queue
[2025-01-01T15:16:07.414-0800] {logging_mixin.py:190} INFO - [2025-01-01T15:16:07.414-0800] {dagbag.py:588} INFO - Filling up the DagBag from /opt/anaconda3/envs/airflow_env/lib/python3.9/site-packages/airflow/example_dags/example_skip_dag.py
[2025-01-01T15:16:07.425-0800] {processor.py:925} INFO - DAG(s) 'example_skip_dag' retrieved from /opt/anaconda3/envs/airflow_env/lib/python3.9/site-packages/airflow/example_dags/example_skip_dag.py
[2025-01-01T15:16:07.573-0800] {logging_mixin.py:190} INFO - [2025-01-01T15:16:07.573-0800] {dag.py:3239} INFO - Sync 1 DAGs
[2025-01-01T15:16:07.595-0800] {logging_mixin.py:190} INFO - [2025-01-01T15:16:07.595-0800] {dag.py:4180} INFO - Setting next_dagrun for example_skip_dag to 2024-12-31 00:00:00+00:00, run_after=2025-01-01 00:00:00+00:00
[2025-01-01T15:16:07.618-0800] {processor.py:208} INFO - Processing /opt/anaconda3/envs/airflow_env/lib/python3.9/site-packages/airflow/example_dags/example_skip_dag.py took 0.212 seconds
[2025-01-01T15:19:28.767-0800] {processor.py:186} INFO - Started process (PID=25480) to work on /opt/anaconda3/envs/airflow_env/lib/python3.9/site-packages/airflow/example_dags/example_skip_dag.py
[2025-01-01T15:19:28.770-0800] {processor.py:914} INFO - Processing file /opt/anaconda3/envs/airflow_env/lib/python3.9/site-packages/airflow/example_dags/example_skip_dag.py for tasks to queue
[2025-01-01T15:19:28.771-0800] {logging_mixin.py:190} INFO - [2025-01-01T15:19:28.771-0800] {dagbag.py:588} INFO - Filling up the DagBag from /opt/anaconda3/envs/airflow_env/lib/python3.9/site-packages/airflow/example_dags/example_skip_dag.py
[2025-01-01T15:19:28.782-0800] {processor.py:925} INFO - DAG(s) 'example_skip_dag' retrieved from /opt/anaconda3/envs/airflow_env/lib/python3.9/site-packages/airflow/example_dags/example_skip_dag.py
[2025-01-01T15:19:28.904-0800] {logging_mixin.py:190} INFO - [2025-01-01T15:19:28.904-0800] {dag.py:3239} INFO - Sync 1 DAGs
[2025-01-01T15:19:28.929-0800] {logging_mixin.py:190} INFO - [2025-01-01T15:19:28.929-0800] {dag.py:4180} INFO - Setting next_dagrun for example_skip_dag to 2024-12-31 00:00:00+00:00, run_after=2025-01-01 00:00:00+00:00
[2025-01-01T15:19:28.950-0800] {processor.py:208} INFO - Processing /opt/anaconda3/envs/airflow_env/lib/python3.9/site-packages/airflow/example_dags/example_skip_dag.py took 0.188 seconds
[2025-01-01T15:22:37.275-0800] {processor.py:186} INFO - Started process (PID=25641) to work on /opt/anaconda3/envs/airflow_env/lib/python3.9/site-packages/airflow/example_dags/example_skip_dag.py
[2025-01-01T15:22:37.278-0800] {processor.py:914} INFO - Processing file /opt/anaconda3/envs/airflow_env/lib/python3.9/site-packages/airflow/example_dags/example_skip_dag.py for tasks to queue
[2025-01-01T15:22:37.280-0800] {logging_mixin.py:190} INFO - [2025-01-01T15:22:37.279-0800] {dagbag.py:588} INFO - Filling up the DagBag from /opt/anaconda3/envs/airflow_env/lib/python3.9/site-packages/airflow/example_dags/example_skip_dag.py
[2025-01-01T15:22:37.296-0800] {processor.py:925} INFO - DAG(s) 'example_skip_dag' retrieved from /opt/anaconda3/envs/airflow_env/lib/python3.9/site-packages/airflow/example_dags/example_skip_dag.py
[2025-01-01T15:22:37.463-0800] {logging_mixin.py:190} INFO - [2025-01-01T15:22:37.462-0800] {dag.py:3239} INFO - Sync 1 DAGs
[2025-01-01T15:22:37.495-0800] {logging_mixin.py:190} INFO - [2025-01-01T15:22:37.495-0800] {dag.py:4180} INFO - Setting next_dagrun for example_skip_dag to 2024-12-31 00:00:00+00:00, run_after=2025-01-01 00:00:00+00:00
[2025-01-01T15:22:37.523-0800] {processor.py:208} INFO - Processing /opt/anaconda3/envs/airflow_env/lib/python3.9/site-packages/airflow/example_dags/example_skip_dag.py took 0.255 seconds
[2025-01-01T15:25:30.260-0800] {processor.py:186} INFO - Started process (PID=25744) to work on /opt/anaconda3/envs/airflow_env/lib/python3.9/site-packages/airflow/example_dags/example_skip_dag.py
[2025-01-01T15:25:30.261-0800] {processor.py:914} INFO - Processing file /opt/anaconda3/envs/airflow_env/lib/python3.9/site-packages/airflow/example_dags/example_skip_dag.py for tasks to queue
[2025-01-01T15:25:30.262-0800] {logging_mixin.py:190} INFO - [2025-01-01T15:25:30.262-0800] {dagbag.py:588} INFO - Filling up the DagBag from /opt/anaconda3/envs/airflow_env/lib/python3.9/site-packages/airflow/example_dags/example_skip_dag.py
[2025-01-01T15:25:30.271-0800] {processor.py:925} INFO - DAG(s) 'example_skip_dag' retrieved from /opt/anaconda3/envs/airflow_env/lib/python3.9/site-packages/airflow/example_dags/example_skip_dag.py
[2025-01-01T15:25:30.407-0800] {logging_mixin.py:190} INFO - [2025-01-01T15:25:30.406-0800] {dag.py:3239} INFO - Sync 1 DAGs
[2025-01-01T15:25:30.428-0800] {logging_mixin.py:190} INFO - [2025-01-01T15:25:30.428-0800] {dag.py:4180} INFO - Setting next_dagrun for example_skip_dag to 2024-12-31 00:00:00+00:00, run_after=2025-01-01 00:00:00+00:00
[2025-01-01T15:25:30.451-0800] {processor.py:208} INFO - Processing /opt/anaconda3/envs/airflow_env/lib/python3.9/site-packages/airflow/example_dags/example_skip_dag.py took 0.196 seconds
[2025-01-01T15:28:21.244-0800] {processor.py:186} INFO - Started process (PID=25866) to work on /opt/anaconda3/envs/airflow_env/lib/python3.9/site-packages/airflow/example_dags/example_skip_dag.py
[2025-01-01T15:28:21.247-0800] {processor.py:914} INFO - Processing file /opt/anaconda3/envs/airflow_env/lib/python3.9/site-packages/airflow/example_dags/example_skip_dag.py for tasks to queue
[2025-01-01T15:28:21.249-0800] {logging_mixin.py:190} INFO - [2025-01-01T15:28:21.248-0800] {dagbag.py:588} INFO - Filling up the DagBag from /opt/anaconda3/envs/airflow_env/lib/python3.9/site-packages/airflow/example_dags/example_skip_dag.py
[2025-01-01T15:28:21.261-0800] {processor.py:925} INFO - DAG(s) 'example_skip_dag' retrieved from /opt/anaconda3/envs/airflow_env/lib/python3.9/site-packages/airflow/example_dags/example_skip_dag.py
[2025-01-01T15:28:21.402-0800] {logging_mixin.py:190} INFO - [2025-01-01T15:28:21.401-0800] {dag.py:3239} INFO - Sync 1 DAGs
[2025-01-01T15:28:21.439-0800] {logging_mixin.py:190} INFO - [2025-01-01T15:28:21.439-0800] {dag.py:4180} INFO - Setting next_dagrun for example_skip_dag to 2024-12-31 00:00:00+00:00, run_after=2025-01-01 00:00:00+00:00
[2025-01-01T15:28:21.464-0800] {processor.py:208} INFO - Processing /opt/anaconda3/envs/airflow_env/lib/python3.9/site-packages/airflow/example_dags/example_skip_dag.py took 0.227 seconds
[2025-01-01T15:31:15.238-0800] {processor.py:186} INFO - Started process (PID=25978) to work on /opt/anaconda3/envs/airflow_env/lib/python3.9/site-packages/airflow/example_dags/example_skip_dag.py
[2025-01-01T15:31:15.240-0800] {processor.py:914} INFO - Processing file /opt/anaconda3/envs/airflow_env/lib/python3.9/site-packages/airflow/example_dags/example_skip_dag.py for tasks to queue
[2025-01-01T15:31:15.241-0800] {logging_mixin.py:190} INFO - [2025-01-01T15:31:15.241-0800] {dagbag.py:588} INFO - Filling up the DagBag from /opt/anaconda3/envs/airflow_env/lib/python3.9/site-packages/airflow/example_dags/example_skip_dag.py
[2025-01-01T15:31:15.253-0800] {processor.py:925} INFO - DAG(s) 'example_skip_dag' retrieved from /opt/anaconda3/envs/airflow_env/lib/python3.9/site-packages/airflow/example_dags/example_skip_dag.py
[2025-01-01T15:31:15.394-0800] {logging_mixin.py:190} INFO - [2025-01-01T15:31:15.394-0800] {dag.py:3239} INFO - Sync 1 DAGs
[2025-01-01T15:31:15.418-0800] {logging_mixin.py:190} INFO - [2025-01-01T15:31:15.418-0800] {dag.py:4180} INFO - Setting next_dagrun for example_skip_dag to 2024-12-31 00:00:00+00:00, run_after=2025-01-01 00:00:00+00:00
[2025-01-01T15:31:15.440-0800] {processor.py:208} INFO - Processing /opt/anaconda3/envs/airflow_env/lib/python3.9/site-packages/airflow/example_dags/example_skip_dag.py took 0.207 seconds
[2025-01-01T15:34:04.417-0800] {processor.py:186} INFO - Started process (PID=26081) to work on /opt/anaconda3/envs/airflow_env/lib/python3.9/site-packages/airflow/example_dags/example_skip_dag.py
[2025-01-01T15:34:04.418-0800] {processor.py:914} INFO - Processing file /opt/anaconda3/envs/airflow_env/lib/python3.9/site-packages/airflow/example_dags/example_skip_dag.py for tasks to queue
[2025-01-01T15:34:04.420-0800] {logging_mixin.py:190} INFO - [2025-01-01T15:34:04.419-0800] {dagbag.py:588} INFO - Filling up the DagBag from /opt/anaconda3/envs/airflow_env/lib/python3.9/site-packages/airflow/example_dags/example_skip_dag.py
[2025-01-01T15:34:04.428-0800] {processor.py:925} INFO - DAG(s) 'example_skip_dag' retrieved from /opt/anaconda3/envs/airflow_env/lib/python3.9/site-packages/airflow/example_dags/example_skip_dag.py
[2025-01-01T15:34:04.593-0800] {logging_mixin.py:190} INFO - [2025-01-01T15:34:04.593-0800] {dag.py:3239} INFO - Sync 1 DAGs
[2025-01-01T15:34:04.614-0800] {logging_mixin.py:190} INFO - [2025-01-01T15:34:04.614-0800] {dag.py:4180} INFO - Setting next_dagrun for example_skip_dag to 2024-12-31 00:00:00+00:00, run_after=2025-01-01 00:00:00+00:00
[2025-01-01T15:34:04.636-0800] {processor.py:208} INFO - Processing /opt/anaconda3/envs/airflow_env/lib/python3.9/site-packages/airflow/example_dags/example_skip_dag.py took 0.223 seconds
[2025-01-01T15:36:49.455-0800] {processor.py:186} INFO - Started process (PID=26184) to work on /opt/anaconda3/envs/airflow_env/lib/python3.9/site-packages/airflow/example_dags/example_skip_dag.py
[2025-01-01T15:36:49.458-0800] {processor.py:914} INFO - Processing file /opt/anaconda3/envs/airflow_env/lib/python3.9/site-packages/airflow/example_dags/example_skip_dag.py for tasks to queue
[2025-01-01T15:36:49.459-0800] {logging_mixin.py:190} INFO - [2025-01-01T15:36:49.459-0800] {dagbag.py:588} INFO - Filling up the DagBag from /opt/anaconda3/envs/airflow_env/lib/python3.9/site-packages/airflow/example_dags/example_skip_dag.py
[2025-01-01T15:36:49.470-0800] {processor.py:925} INFO - DAG(s) 'example_skip_dag' retrieved from /opt/anaconda3/envs/airflow_env/lib/python3.9/site-packages/airflow/example_dags/example_skip_dag.py
[2025-01-01T15:36:49.624-0800] {logging_mixin.py:190} INFO - [2025-01-01T15:36:49.623-0800] {dag.py:3239} INFO - Sync 1 DAGs
[2025-01-01T15:36:49.648-0800] {logging_mixin.py:190} INFO - [2025-01-01T15:36:49.647-0800] {dag.py:4180} INFO - Setting next_dagrun for example_skip_dag to 2024-12-31 00:00:00+00:00, run_after=2025-01-01 00:00:00+00:00
[2025-01-01T15:36:49.671-0800] {processor.py:208} INFO - Processing /opt/anaconda3/envs/airflow_env/lib/python3.9/site-packages/airflow/example_dags/example_skip_dag.py took 0.222 seconds
[2025-01-01T15:39:38.981-0800] {processor.py:186} INFO - Started process (PID=26290) to work on /opt/anaconda3/envs/airflow_env/lib/python3.9/site-packages/airflow/example_dags/example_skip_dag.py
[2025-01-01T15:39:38.984-0800] {processor.py:914} INFO - Processing file /opt/anaconda3/envs/airflow_env/lib/python3.9/site-packages/airflow/example_dags/example_skip_dag.py for tasks to queue
[2025-01-01T15:39:38.985-0800] {logging_mixin.py:190} INFO - [2025-01-01T15:39:38.985-0800] {dagbag.py:588} INFO - Filling up the DagBag from /opt/anaconda3/envs/airflow_env/lib/python3.9/site-packages/airflow/example_dags/example_skip_dag.py
[2025-01-01T15:39:38.996-0800] {processor.py:925} INFO - DAG(s) 'example_skip_dag' retrieved from /opt/anaconda3/envs/airflow_env/lib/python3.9/site-packages/airflow/example_dags/example_skip_dag.py
[2025-01-01T15:39:39.132-0800] {logging_mixin.py:190} INFO - [2025-01-01T15:39:39.131-0800] {dag.py:3239} INFO - Sync 1 DAGs
[2025-01-01T15:39:39.155-0800] {logging_mixin.py:190} INFO - [2025-01-01T15:39:39.155-0800] {dag.py:4180} INFO - Setting next_dagrun for example_skip_dag to 2024-12-31 00:00:00+00:00, run_after=2025-01-01 00:00:00+00:00
[2025-01-01T15:39:39.178-0800] {processor.py:208} INFO - Processing /opt/anaconda3/envs/airflow_env/lib/python3.9/site-packages/airflow/example_dags/example_skip_dag.py took 0.200 seconds
