[2025-01-01T14:43:34.334-0800] {processor.py:186} INFO - Started process (PID=23751) to work on /opt/anaconda3/envs/airflow_env/lib/python3.9/site-packages/airflow/example_dags/example_python_decorator.py
[2025-01-01T14:43:34.336-0800] {processor.py:914} INFO - Processing file /opt/anaconda3/envs/airflow_env/lib/python3.9/site-packages/airflow/example_dags/example_python_decorator.py for tasks to queue
[2025-01-01T14:43:34.337-0800] {logging_mixin.py:190} INFO - [2025-01-01T14:43:34.336-0800] {dagbag.py:588} INFO - Filling up the DagBag from /opt/anaconda3/envs/airflow_env/lib/python3.9/site-packages/airflow/example_dags/example_python_decorator.py
[2025-01-01T14:43:34.417-0800] {logging_mixin.py:190} INFO - [2025-01-01T14:43:34.417-0800] {example_python_decorator.py:80} WARNING - The virtalenv_python example task requires virtualenv, please install it.
[2025-01-01T14:43:34.420-0800] {processor.py:925} INFO - DAG(s) 'example_python_decorator' retrieved from /opt/anaconda3/envs/airflow_env/lib/python3.9/site-packages/airflow/example_dags/example_python_decorator.py
[2025-01-01T14:43:34.671-0800] {logging_mixin.py:190} INFO - [2025-01-01T14:43:34.670-0800] {override.py:1911} INFO - Created Permission View: can edit on DAG:example_python_decorator
[2025-01-01T14:43:34.683-0800] {logging_mixin.py:190} INFO - [2025-01-01T14:43:34.683-0800] {override.py:1911} INFO - Created Permission View: can read on DAG:example_python_decorator
[2025-01-01T14:43:34.692-0800] {logging_mixin.py:190} INFO - [2025-01-01T14:43:34.692-0800] {override.py:1911} INFO - Created Permission View: can delete on DAG:example_python_decorator
[2025-01-01T14:43:34.705-0800] {logging_mixin.py:190} INFO - [2025-01-01T14:43:34.704-0800] {override.py:1911} INFO - Created Permission View: can create on DAG Run:example_python_decorator
[2025-01-01T14:43:34.713-0800] {logging_mixin.py:190} INFO - [2025-01-01T14:43:34.713-0800] {override.py:1911} INFO - Created Permission View: menu access on DAG Run:example_python_decorator
[2025-01-01T14:43:34.722-0800] {logging_mixin.py:190} INFO - [2025-01-01T14:43:34.722-0800] {override.py:1911} INFO - Created Permission View: can read on DAG Run:example_python_decorator
[2025-01-01T14:43:34.731-0800] {logging_mixin.py:190} INFO - [2025-01-01T14:43:34.731-0800] {override.py:1911} INFO - Created Permission View: can delete on DAG Run:example_python_decorator
[2025-01-01T14:43:34.732-0800] {logging_mixin.py:190} INFO - [2025-01-01T14:43:34.732-0800] {dag.py:3239} INFO - Sync 1 DAGs
[2025-01-01T14:43:34.750-0800] {logging_mixin.py:190} INFO - [2025-01-01T14:43:34.750-0800] {dag.py:3262} INFO - Creating ORM DAG for example_python_decorator
[2025-01-01T14:43:34.751-0800] {logging_mixin.py:190} INFO - [2025-01-01T14:43:34.751-0800] {dag.py:4180} INFO - Setting next_dagrun for example_python_decorator to None, run_after=None
[2025-01-01T14:43:34.779-0800] {processor.py:208} INFO - Processing /opt/anaconda3/envs/airflow_env/lib/python3.9/site-packages/airflow/example_dags/example_python_decorator.py took 0.449 seconds
[2025-01-01T14:47:48.991-0800] {processor.py:186} INFO - Started process (PID=23978) to work on /opt/anaconda3/envs/airflow_env/lib/python3.9/site-packages/airflow/example_dags/example_python_decorator.py
[2025-01-01T14:47:48.994-0800] {processor.py:914} INFO - Processing file /opt/anaconda3/envs/airflow_env/lib/python3.9/site-packages/airflow/example_dags/example_python_decorator.py for tasks to queue
[2025-01-01T14:47:48.997-0800] {logging_mixin.py:190} INFO - [2025-01-01T14:47:48.997-0800] {dagbag.py:588} INFO - Filling up the DagBag from /opt/anaconda3/envs/airflow_env/lib/python3.9/site-packages/airflow/example_dags/example_python_decorator.py
[2025-01-01T14:47:49.059-0800] {logging_mixin.py:190} INFO - [2025-01-01T14:47:49.059-0800] {example_python_decorator.py:80} WARNING - The virtalenv_python example task requires virtualenv, please install it.
[2025-01-01T14:47:49.065-0800] {processor.py:925} INFO - DAG(s) 'example_python_decorator' retrieved from /opt/anaconda3/envs/airflow_env/lib/python3.9/site-packages/airflow/example_dags/example_python_decorator.py
[2025-01-01T14:47:49.227-0800] {logging_mixin.py:190} INFO - [2025-01-01T14:47:49.227-0800] {dag.py:3239} INFO - Sync 1 DAGs
[2025-01-01T14:47:49.240-0800] {logging_mixin.py:190} INFO - [2025-01-01T14:47:49.240-0800] {dag.py:4180} INFO - Setting next_dagrun for example_python_decorator to None, run_after=None
[2025-01-01T14:47:49.268-0800] {processor.py:208} INFO - Processing /opt/anaconda3/envs/airflow_env/lib/python3.9/site-packages/airflow/example_dags/example_python_decorator.py took 0.286 seconds
[2025-01-01T14:51:25.042-0800] {processor.py:186} INFO - Started process (PID=24159) to work on /opt/anaconda3/envs/airflow_env/lib/python3.9/site-packages/airflow/example_dags/example_python_decorator.py
[2025-01-01T14:51:25.044-0800] {processor.py:914} INFO - Processing file /opt/anaconda3/envs/airflow_env/lib/python3.9/site-packages/airflow/example_dags/example_python_decorator.py for tasks to queue
[2025-01-01T14:51:25.045-0800] {logging_mixin.py:190} INFO - [2025-01-01T14:51:25.045-0800] {dagbag.py:588} INFO - Filling up the DagBag from /opt/anaconda3/envs/airflow_env/lib/python3.9/site-packages/airflow/example_dags/example_python_decorator.py
[2025-01-01T14:51:25.085-0800] {logging_mixin.py:190} INFO - [2025-01-01T14:51:25.084-0800] {example_python_decorator.py:80} WARNING - The virtalenv_python example task requires virtualenv, please install it.
[2025-01-01T14:51:25.087-0800] {processor.py:925} INFO - DAG(s) 'example_python_decorator' retrieved from /opt/anaconda3/envs/airflow_env/lib/python3.9/site-packages/airflow/example_dags/example_python_decorator.py
[2025-01-01T14:51:25.266-0800] {logging_mixin.py:190} INFO - [2025-01-01T14:51:25.266-0800] {dag.py:3239} INFO - Sync 1 DAGs
[2025-01-01T14:51:25.281-0800] {logging_mixin.py:190} INFO - [2025-01-01T14:51:25.280-0800] {dag.py:4180} INFO - Setting next_dagrun for example_python_decorator to None, run_after=None
[2025-01-01T14:51:25.303-0800] {processor.py:208} INFO - Processing /opt/anaconda3/envs/airflow_env/lib/python3.9/site-packages/airflow/example_dags/example_python_decorator.py took 0.266 seconds
[2025-01-01T14:55:09.074-0800] {processor.py:186} INFO - Started process (PID=24329) to work on /opt/anaconda3/envs/airflow_env/lib/python3.9/site-packages/airflow/example_dags/example_python_decorator.py
[2025-01-01T14:55:09.077-0800] {processor.py:914} INFO - Processing file /opt/anaconda3/envs/airflow_env/lib/python3.9/site-packages/airflow/example_dags/example_python_decorator.py for tasks to queue
[2025-01-01T14:55:09.078-0800] {logging_mixin.py:190} INFO - [2025-01-01T14:55:09.077-0800] {dagbag.py:588} INFO - Filling up the DagBag from /opt/anaconda3/envs/airflow_env/lib/python3.9/site-packages/airflow/example_dags/example_python_decorator.py
[2025-01-01T14:55:09.139-0800] {logging_mixin.py:190} INFO - [2025-01-01T14:55:09.139-0800] {example_python_decorator.py:80} WARNING - The virtalenv_python example task requires virtualenv, please install it.
[2025-01-01T14:55:09.142-0800] {processor.py:925} INFO - DAG(s) 'example_python_decorator' retrieved from /opt/anaconda3/envs/airflow_env/lib/python3.9/site-packages/airflow/example_dags/example_python_decorator.py
[2025-01-01T14:55:09.303-0800] {logging_mixin.py:190} INFO - [2025-01-01T14:55:09.303-0800] {dag.py:3239} INFO - Sync 1 DAGs
[2025-01-01T14:55:09.316-0800] {logging_mixin.py:190} INFO - [2025-01-01T14:55:09.316-0800] {dag.py:4180} INFO - Setting next_dagrun for example_python_decorator to None, run_after=None
[2025-01-01T14:55:09.340-0800] {processor.py:208} INFO - Processing /opt/anaconda3/envs/airflow_env/lib/python3.9/site-packages/airflow/example_dags/example_python_decorator.py took 0.271 seconds
[2025-01-01T14:58:51.949-0800] {processor.py:186} INFO - Started process (PID=24508) to work on /opt/anaconda3/envs/airflow_env/lib/python3.9/site-packages/airflow/example_dags/example_python_decorator.py
[2025-01-01T14:58:51.950-0800] {processor.py:914} INFO - Processing file /opt/anaconda3/envs/airflow_env/lib/python3.9/site-packages/airflow/example_dags/example_python_decorator.py for tasks to queue
[2025-01-01T14:58:51.951-0800] {logging_mixin.py:190} INFO - [2025-01-01T14:58:51.951-0800] {dagbag.py:588} INFO - Filling up the DagBag from /opt/anaconda3/envs/airflow_env/lib/python3.9/site-packages/airflow/example_dags/example_python_decorator.py
[2025-01-01T14:58:52.000-0800] {logging_mixin.py:190} INFO - [2025-01-01T14:58:52.000-0800] {example_python_decorator.py:80} WARNING - The virtalenv_python example task requires virtualenv, please install it.
[2025-01-01T14:58:52.003-0800] {processor.py:925} INFO - DAG(s) 'example_python_decorator' retrieved from /opt/anaconda3/envs/airflow_env/lib/python3.9/site-packages/airflow/example_dags/example_python_decorator.py
[2025-01-01T14:58:52.208-0800] {logging_mixin.py:190} INFO - [2025-01-01T14:58:52.207-0800] {dag.py:3239} INFO - Sync 1 DAGs
[2025-01-01T14:58:52.234-0800] {logging_mixin.py:190} INFO - [2025-01-01T14:58:52.233-0800] {dag.py:4180} INFO - Setting next_dagrun for example_python_decorator to None, run_after=None
[2025-01-01T14:58:52.265-0800] {processor.py:208} INFO - Processing /opt/anaconda3/envs/airflow_env/lib/python3.9/site-packages/airflow/example_dags/example_python_decorator.py took 0.321 seconds
[2025-01-01T15:02:35.272-0800] {processor.py:186} INFO - Started process (PID=24730) to work on /opt/anaconda3/envs/airflow_env/lib/python3.9/site-packages/airflow/example_dags/example_python_decorator.py
[2025-01-01T15:02:35.274-0800] {processor.py:914} INFO - Processing file /opt/anaconda3/envs/airflow_env/lib/python3.9/site-packages/airflow/example_dags/example_python_decorator.py for tasks to queue
[2025-01-01T15:02:35.275-0800] {logging_mixin.py:190} INFO - [2025-01-01T15:02:35.275-0800] {dagbag.py:588} INFO - Filling up the DagBag from /opt/anaconda3/envs/airflow_env/lib/python3.9/site-packages/airflow/example_dags/example_python_decorator.py
[2025-01-01T15:02:35.356-0800] {logging_mixin.py:190} INFO - [2025-01-01T15:02:35.355-0800] {example_python_decorator.py:80} WARNING - The virtalenv_python example task requires virtualenv, please install it.
[2025-01-01T15:02:35.361-0800] {processor.py:925} INFO - DAG(s) 'example_python_decorator' retrieved from /opt/anaconda3/envs/airflow_env/lib/python3.9/site-packages/airflow/example_dags/example_python_decorator.py
[2025-01-01T15:02:35.530-0800] {logging_mixin.py:190} INFO - [2025-01-01T15:02:35.530-0800] {dag.py:3239} INFO - Sync 1 DAGs
[2025-01-01T15:02:35.545-0800] {logging_mixin.py:190} INFO - [2025-01-01T15:02:35.545-0800] {dag.py:4180} INFO - Setting next_dagrun for example_python_decorator to None, run_after=None
[2025-01-01T15:02:35.567-0800] {processor.py:208} INFO - Processing /opt/anaconda3/envs/airflow_env/lib/python3.9/site-packages/airflow/example_dags/example_python_decorator.py took 0.307 seconds
[2025-01-01T15:08:47.479-0800] {processor.py:186} INFO - Started process (PID=24933) to work on /opt/anaconda3/envs/airflow_env/lib/python3.9/site-packages/airflow/example_dags/example_python_decorator.py
[2025-01-01T15:08:47.482-0800] {processor.py:914} INFO - Processing file /opt/anaconda3/envs/airflow_env/lib/python3.9/site-packages/airflow/example_dags/example_python_decorator.py for tasks to queue
[2025-01-01T15:08:47.484-0800] {logging_mixin.py:190} INFO - [2025-01-01T15:08:47.484-0800] {dagbag.py:588} INFO - Filling up the DagBag from /opt/anaconda3/envs/airflow_env/lib/python3.9/site-packages/airflow/example_dags/example_python_decorator.py
[2025-01-01T15:08:47.531-0800] {logging_mixin.py:190} INFO - [2025-01-01T15:08:47.531-0800] {example_python_decorator.py:80} WARNING - The virtalenv_python example task requires virtualenv, please install it.
[2025-01-01T15:08:47.534-0800] {processor.py:925} INFO - DAG(s) 'example_python_decorator' retrieved from /opt/anaconda3/envs/airflow_env/lib/python3.9/site-packages/airflow/example_dags/example_python_decorator.py
[2025-01-01T15:08:47.674-0800] {logging_mixin.py:190} INFO - [2025-01-01T15:08:47.673-0800] {dag.py:3239} INFO - Sync 1 DAGs
[2025-01-01T15:08:47.686-0800] {logging_mixin.py:190} INFO - [2025-01-01T15:08:47.686-0800] {dag.py:4180} INFO - Setting next_dagrun for example_python_decorator to None, run_after=None
[2025-01-01T15:08:47.709-0800] {processor.py:208} INFO - Processing /opt/anaconda3/envs/airflow_env/lib/python3.9/site-packages/airflow/example_dags/example_python_decorator.py took 0.236 seconds
[2025-01-01T15:12:58.900-0800] {processor.py:186} INFO - Started process (PID=25155) to work on /opt/anaconda3/envs/airflow_env/lib/python3.9/site-packages/airflow/example_dags/example_python_decorator.py
[2025-01-01T15:12:58.904-0800] {processor.py:914} INFO - Processing file /opt/anaconda3/envs/airflow_env/lib/python3.9/site-packages/airflow/example_dags/example_python_decorator.py for tasks to queue
[2025-01-01T15:12:58.906-0800] {logging_mixin.py:190} INFO - [2025-01-01T15:12:58.905-0800] {dagbag.py:588} INFO - Filling up the DagBag from /opt/anaconda3/envs/airflow_env/lib/python3.9/site-packages/airflow/example_dags/example_python_decorator.py
[2025-01-01T15:12:58.949-0800] {logging_mixin.py:190} INFO - [2025-01-01T15:12:58.948-0800] {example_python_decorator.py:80} WARNING - The virtalenv_python example task requires virtualenv, please install it.
[2025-01-01T15:12:58.953-0800] {processor.py:925} INFO - DAG(s) 'example_python_decorator' retrieved from /opt/anaconda3/envs/airflow_env/lib/python3.9/site-packages/airflow/example_dags/example_python_decorator.py
[2025-01-01T15:12:59.129-0800] {logging_mixin.py:190} INFO - [2025-01-01T15:12:59.129-0800] {dag.py:3239} INFO - Sync 1 DAGs
[2025-01-01T15:12:59.170-0800] {logging_mixin.py:190} INFO - [2025-01-01T15:12:59.170-0800] {dag.py:4180} INFO - Setting next_dagrun for example_python_decorator to None, run_after=None
[2025-01-01T15:12:59.200-0800] {processor.py:208} INFO - Processing /opt/anaconda3/envs/airflow_env/lib/python3.9/site-packages/airflow/example_dags/example_python_decorator.py took 0.305 seconds
[2025-01-01T15:16:44.078-0800] {processor.py:186} INFO - Started process (PID=25345) to work on /opt/anaconda3/envs/airflow_env/lib/python3.9/site-packages/airflow/example_dags/example_python_decorator.py
[2025-01-01T15:16:44.082-0800] {processor.py:914} INFO - Processing file /opt/anaconda3/envs/airflow_env/lib/python3.9/site-packages/airflow/example_dags/example_python_decorator.py for tasks to queue
[2025-01-01T15:16:44.085-0800] {logging_mixin.py:190} INFO - [2025-01-01T15:16:44.084-0800] {dagbag.py:588} INFO - Filling up the DagBag from /opt/anaconda3/envs/airflow_env/lib/python3.9/site-packages/airflow/example_dags/example_python_decorator.py
[2025-01-01T15:16:44.170-0800] {logging_mixin.py:190} INFO - [2025-01-01T15:16:44.169-0800] {example_python_decorator.py:80} WARNING - The virtalenv_python example task requires virtualenv, please install it.
[2025-01-01T15:16:44.178-0800] {processor.py:925} INFO - DAG(s) 'example_python_decorator' retrieved from /opt/anaconda3/envs/airflow_env/lib/python3.9/site-packages/airflow/example_dags/example_python_decorator.py
[2025-01-01T15:16:44.509-0800] {logging_mixin.py:190} INFO - [2025-01-01T15:16:44.509-0800] {dag.py:3239} INFO - Sync 1 DAGs
[2025-01-01T15:16:44.546-0800] {logging_mixin.py:190} INFO - [2025-01-01T15:16:44.545-0800] {dag.py:4180} INFO - Setting next_dagrun for example_python_decorator to None, run_after=None
[2025-01-01T15:16:44.628-0800] {processor.py:208} INFO - Processing /opt/anaconda3/envs/airflow_env/lib/python3.9/site-packages/airflow/example_dags/example_python_decorator.py took 0.564 seconds
[2025-01-01T15:19:59.568-0800] {processor.py:186} INFO - Started process (PID=25501) to work on /opt/anaconda3/envs/airflow_env/lib/python3.9/site-packages/airflow/example_dags/example_python_decorator.py
[2025-01-01T15:19:59.570-0800] {processor.py:914} INFO - Processing file /opt/anaconda3/envs/airflow_env/lib/python3.9/site-packages/airflow/example_dags/example_python_decorator.py for tasks to queue
[2025-01-01T15:19:59.572-0800] {logging_mixin.py:190} INFO - [2025-01-01T15:19:59.571-0800] {dagbag.py:588} INFO - Filling up the DagBag from /opt/anaconda3/envs/airflow_env/lib/python3.9/site-packages/airflow/example_dags/example_python_decorator.py
[2025-01-01T15:19:59.616-0800] {logging_mixin.py:190} INFO - [2025-01-01T15:19:59.616-0800] {example_python_decorator.py:80} WARNING - The virtalenv_python example task requires virtualenv, please install it.
[2025-01-01T15:19:59.620-0800] {processor.py:925} INFO - DAG(s) 'example_python_decorator' retrieved from /opt/anaconda3/envs/airflow_env/lib/python3.9/site-packages/airflow/example_dags/example_python_decorator.py
[2025-01-01T15:19:59.748-0800] {logging_mixin.py:190} INFO - [2025-01-01T15:19:59.747-0800] {dag.py:3239} INFO - Sync 1 DAGs
[2025-01-01T15:19:59.763-0800] {logging_mixin.py:190} INFO - [2025-01-01T15:19:59.762-0800] {dag.py:4180} INFO - Setting next_dagrun for example_python_decorator to None, run_after=None
[2025-01-01T15:19:59.791-0800] {processor.py:208} INFO - Processing /opt/anaconda3/envs/airflow_env/lib/python3.9/site-packages/airflow/example_dags/example_python_decorator.py took 0.227 seconds
[2025-01-01T15:23:07.491-0800] {processor.py:186} INFO - Started process (PID=25660) to work on /opt/anaconda3/envs/airflow_env/lib/python3.9/site-packages/airflow/example_dags/example_python_decorator.py
[2025-01-01T15:23:07.493-0800] {processor.py:914} INFO - Processing file /opt/anaconda3/envs/airflow_env/lib/python3.9/site-packages/airflow/example_dags/example_python_decorator.py for tasks to queue
[2025-01-01T15:23:07.495-0800] {logging_mixin.py:190} INFO - [2025-01-01T15:23:07.494-0800] {dagbag.py:588} INFO - Filling up the DagBag from /opt/anaconda3/envs/airflow_env/lib/python3.9/site-packages/airflow/example_dags/example_python_decorator.py
[2025-01-01T15:23:07.533-0800] {logging_mixin.py:190} INFO - [2025-01-01T15:23:07.533-0800] {example_python_decorator.py:80} WARNING - The virtalenv_python example task requires virtualenv, please install it.
[2025-01-01T15:23:07.536-0800] {processor.py:925} INFO - DAG(s) 'example_python_decorator' retrieved from /opt/anaconda3/envs/airflow_env/lib/python3.9/site-packages/airflow/example_dags/example_python_decorator.py
[2025-01-01T15:23:07.706-0800] {logging_mixin.py:190} INFO - [2025-01-01T15:23:07.706-0800] {dag.py:3239} INFO - Sync 1 DAGs
[2025-01-01T15:23:07.723-0800] {logging_mixin.py:190} INFO - [2025-01-01T15:23:07.723-0800] {dag.py:4180} INFO - Setting next_dagrun for example_python_decorator to None, run_after=None
[2025-01-01T15:23:07.747-0800] {processor.py:208} INFO - Processing /opt/anaconda3/envs/airflow_env/lib/python3.9/site-packages/airflow/example_dags/example_python_decorator.py took 0.260 seconds
[2025-01-01T15:25:57.615-0800] {processor.py:186} INFO - Started process (PID=25760) to work on /opt/anaconda3/envs/airflow_env/lib/python3.9/site-packages/airflow/example_dags/example_python_decorator.py
[2025-01-01T15:25:57.616-0800] {processor.py:914} INFO - Processing file /opt/anaconda3/envs/airflow_env/lib/python3.9/site-packages/airflow/example_dags/example_python_decorator.py for tasks to queue
[2025-01-01T15:25:57.617-0800] {logging_mixin.py:190} INFO - [2025-01-01T15:25:57.617-0800] {dagbag.py:588} INFO - Filling up the DagBag from /opt/anaconda3/envs/airflow_env/lib/python3.9/site-packages/airflow/example_dags/example_python_decorator.py
[2025-01-01T15:25:57.663-0800] {logging_mixin.py:190} INFO - [2025-01-01T15:25:57.663-0800] {example_python_decorator.py:80} WARNING - The virtalenv_python example task requires virtualenv, please install it.
[2025-01-01T15:25:57.666-0800] {processor.py:925} INFO - DAG(s) 'example_python_decorator' retrieved from /opt/anaconda3/envs/airflow_env/lib/python3.9/site-packages/airflow/example_dags/example_python_decorator.py
[2025-01-01T15:25:57.794-0800] {logging_mixin.py:190} INFO - [2025-01-01T15:25:57.793-0800] {dag.py:3239} INFO - Sync 1 DAGs
[2025-01-01T15:25:57.806-0800] {logging_mixin.py:190} INFO - [2025-01-01T15:25:57.806-0800] {dag.py:4180} INFO - Setting next_dagrun for example_python_decorator to None, run_after=None
[2025-01-01T15:25:57.829-0800] {processor.py:208} INFO - Processing /opt/anaconda3/envs/airflow_env/lib/python3.9/site-packages/airflow/example_dags/example_python_decorator.py took 0.219 seconds
[2025-01-01T15:28:49.746-0800] {processor.py:186} INFO - Started process (PID=25882) to work on /opt/anaconda3/envs/airflow_env/lib/python3.9/site-packages/airflow/example_dags/example_python_decorator.py
[2025-01-01T15:28:49.748-0800] {processor.py:914} INFO - Processing file /opt/anaconda3/envs/airflow_env/lib/python3.9/site-packages/airflow/example_dags/example_python_decorator.py for tasks to queue
[2025-01-01T15:28:49.750-0800] {logging_mixin.py:190} INFO - [2025-01-01T15:28:49.749-0800] {dagbag.py:588} INFO - Filling up the DagBag from /opt/anaconda3/envs/airflow_env/lib/python3.9/site-packages/airflow/example_dags/example_python_decorator.py
[2025-01-01T15:28:49.791-0800] {logging_mixin.py:190} INFO - [2025-01-01T15:28:49.791-0800] {example_python_decorator.py:80} WARNING - The virtalenv_python example task requires virtualenv, please install it.
[2025-01-01T15:28:49.793-0800] {processor.py:925} INFO - DAG(s) 'example_python_decorator' retrieved from /opt/anaconda3/envs/airflow_env/lib/python3.9/site-packages/airflow/example_dags/example_python_decorator.py
[2025-01-01T15:28:49.928-0800] {logging_mixin.py:190} INFO - [2025-01-01T15:28:49.928-0800] {dag.py:3239} INFO - Sync 1 DAGs
[2025-01-01T15:28:49.941-0800] {logging_mixin.py:190} INFO - [2025-01-01T15:28:49.941-0800] {dag.py:4180} INFO - Setting next_dagrun for example_python_decorator to None, run_after=None
[2025-01-01T15:28:49.966-0800] {processor.py:208} INFO - Processing /opt/anaconda3/envs/airflow_env/lib/python3.9/site-packages/airflow/example_dags/example_python_decorator.py took 0.225 seconds
[2025-01-01T15:31:44.087-0800] {processor.py:186} INFO - Started process (PID=25996) to work on /opt/anaconda3/envs/airflow_env/lib/python3.9/site-packages/airflow/example_dags/example_python_decorator.py
[2025-01-01T15:31:44.090-0800] {processor.py:914} INFO - Processing file /opt/anaconda3/envs/airflow_env/lib/python3.9/site-packages/airflow/example_dags/example_python_decorator.py for tasks to queue
[2025-01-01T15:31:44.091-0800] {logging_mixin.py:190} INFO - [2025-01-01T15:31:44.091-0800] {dagbag.py:588} INFO - Filling up the DagBag from /opt/anaconda3/envs/airflow_env/lib/python3.9/site-packages/airflow/example_dags/example_python_decorator.py
[2025-01-01T15:31:44.133-0800] {logging_mixin.py:190} INFO - [2025-01-01T15:31:44.132-0800] {example_python_decorator.py:80} WARNING - The virtalenv_python example task requires virtualenv, please install it.
[2025-01-01T15:31:44.135-0800] {processor.py:925} INFO - DAG(s) 'example_python_decorator' retrieved from /opt/anaconda3/envs/airflow_env/lib/python3.9/site-packages/airflow/example_dags/example_python_decorator.py
[2025-01-01T15:31:44.275-0800] {logging_mixin.py:190} INFO - [2025-01-01T15:31:44.275-0800] {dag.py:3239} INFO - Sync 1 DAGs
[2025-01-01T15:31:44.288-0800] {logging_mixin.py:190} INFO - [2025-01-01T15:31:44.288-0800] {dag.py:4180} INFO - Setting next_dagrun for example_python_decorator to None, run_after=None
[2025-01-01T15:31:44.312-0800] {processor.py:208} INFO - Processing /opt/anaconda3/envs/airflow_env/lib/python3.9/site-packages/airflow/example_dags/example_python_decorator.py took 0.229 seconds
[2025-01-01T15:34:31.681-0800] {processor.py:186} INFO - Started process (PID=26098) to work on /opt/anaconda3/envs/airflow_env/lib/python3.9/site-packages/airflow/example_dags/example_python_decorator.py
[2025-01-01T15:34:31.682-0800] {processor.py:914} INFO - Processing file /opt/anaconda3/envs/airflow_env/lib/python3.9/site-packages/airflow/example_dags/example_python_decorator.py for tasks to queue
[2025-01-01T15:34:31.683-0800] {logging_mixin.py:190} INFO - [2025-01-01T15:34:31.683-0800] {dagbag.py:588} INFO - Filling up the DagBag from /opt/anaconda3/envs/airflow_env/lib/python3.9/site-packages/airflow/example_dags/example_python_decorator.py
[2025-01-01T15:34:31.724-0800] {logging_mixin.py:190} INFO - [2025-01-01T15:34:31.723-0800] {example_python_decorator.py:80} WARNING - The virtalenv_python example task requires virtualenv, please install it.
[2025-01-01T15:34:31.726-0800] {processor.py:925} INFO - DAG(s) 'example_python_decorator' retrieved from /opt/anaconda3/envs/airflow_env/lib/python3.9/site-packages/airflow/example_dags/example_python_decorator.py
[2025-01-01T15:34:31.859-0800] {logging_mixin.py:190} INFO - [2025-01-01T15:34:31.859-0800] {dag.py:3239} INFO - Sync 1 DAGs
[2025-01-01T15:34:31.873-0800] {logging_mixin.py:190} INFO - [2025-01-01T15:34:31.873-0800] {dag.py:4180} INFO - Setting next_dagrun for example_python_decorator to None, run_after=None
[2025-01-01T15:34:31.896-0800] {processor.py:208} INFO - Processing /opt/anaconda3/envs/airflow_env/lib/python3.9/site-packages/airflow/example_dags/example_python_decorator.py took 0.219 seconds
[2025-01-01T15:37:18.659-0800] {processor.py:186} INFO - Started process (PID=26204) to work on /opt/anaconda3/envs/airflow_env/lib/python3.9/site-packages/airflow/example_dags/example_python_decorator.py
[2025-01-01T15:37:18.662-0800] {processor.py:914} INFO - Processing file /opt/anaconda3/envs/airflow_env/lib/python3.9/site-packages/airflow/example_dags/example_python_decorator.py for tasks to queue
[2025-01-01T15:37:18.663-0800] {logging_mixin.py:190} INFO - [2025-01-01T15:37:18.663-0800] {dagbag.py:588} INFO - Filling up the DagBag from /opt/anaconda3/envs/airflow_env/lib/python3.9/site-packages/airflow/example_dags/example_python_decorator.py
[2025-01-01T15:37:18.703-0800] {logging_mixin.py:190} INFO - [2025-01-01T15:37:18.702-0800] {example_python_decorator.py:80} WARNING - The virtalenv_python example task requires virtualenv, please install it.
[2025-01-01T15:37:18.705-0800] {processor.py:925} INFO - DAG(s) 'example_python_decorator' retrieved from /opt/anaconda3/envs/airflow_env/lib/python3.9/site-packages/airflow/example_dags/example_python_decorator.py
[2025-01-01T15:37:18.824-0800] {logging_mixin.py:190} INFO - [2025-01-01T15:37:18.824-0800] {dag.py:3239} INFO - Sync 1 DAGs
[2025-01-01T15:37:18.837-0800] {logging_mixin.py:190} INFO - [2025-01-01T15:37:18.836-0800] {dag.py:4180} INFO - Setting next_dagrun for example_python_decorator to None, run_after=None
[2025-01-01T15:37:18.859-0800] {processor.py:208} INFO - Processing /opt/anaconda3/envs/airflow_env/lib/python3.9/site-packages/airflow/example_dags/example_python_decorator.py took 0.204 seconds
[2025-01-01T15:40:08.013-0800] {processor.py:186} INFO - Started process (PID=26306) to work on /opt/anaconda3/envs/airflow_env/lib/python3.9/site-packages/airflow/example_dags/example_python_decorator.py
[2025-01-01T15:40:08.016-0800] {processor.py:914} INFO - Processing file /opt/anaconda3/envs/airflow_env/lib/python3.9/site-packages/airflow/example_dags/example_python_decorator.py for tasks to queue
[2025-01-01T15:40:08.018-0800] {logging_mixin.py:190} INFO - [2025-01-01T15:40:08.017-0800] {dagbag.py:588} INFO - Filling up the DagBag from /opt/anaconda3/envs/airflow_env/lib/python3.9/site-packages/airflow/example_dags/example_python_decorator.py
[2025-01-01T15:40:08.070-0800] {logging_mixin.py:190} INFO - [2025-01-01T15:40:08.070-0800] {example_python_decorator.py:80} WARNING - The virtalenv_python example task requires virtualenv, please install it.
[2025-01-01T15:40:08.075-0800] {processor.py:925} INFO - DAG(s) 'example_python_decorator' retrieved from /opt/anaconda3/envs/airflow_env/lib/python3.9/site-packages/airflow/example_dags/example_python_decorator.py
[2025-01-01T15:40:08.229-0800] {logging_mixin.py:190} INFO - [2025-01-01T15:40:08.229-0800] {dag.py:3239} INFO - Sync 1 DAGs
[2025-01-01T15:40:08.244-0800] {logging_mixin.py:190} INFO - [2025-01-01T15:40:08.244-0800] {dag.py:4180} INFO - Setting next_dagrun for example_python_decorator to None, run_after=None
[2025-01-01T15:40:08.266-0800] {processor.py:208} INFO - Processing /opt/anaconda3/envs/airflow_env/lib/python3.9/site-packages/airflow/example_dags/example_python_decorator.py took 0.258 seconds
