[2025-01-01T14:45:01.417-0800] {processor.py:186} INFO - Started process (PID=23816) to work on /opt/anaconda3/envs/airflow_env/lib/python3.9/site-packages/airflow/example_dags/example_dataset_alias.py
[2025-01-01T14:45:01.418-0800] {processor.py:914} INFO - Processing file /opt/anaconda3/envs/airflow_env/lib/python3.9/site-packages/airflow/example_dags/example_dataset_alias.py for tasks to queue
[2025-01-01T14:45:01.420-0800] {logging_mixin.py:190} INFO - [2025-01-01T14:45:01.419-0800] {dagbag.py:588} INFO - Filling up the DagBag from /opt/anaconda3/envs/airflow_env/lib/python3.9/site-packages/airflow/example_dags/example_dataset_alias.py
[2025-01-01T14:45:01.639-0800] {processor.py:925} INFO - DAG(s) 'dataset_alias_example_alias_consumer', 'dataset_s3_bucket_producer', 'dataset_alias_example_alias_producer', 'dataset_s3_bucket_consumer' retrieved from /opt/anaconda3/envs/airflow_env/lib/python3.9/site-packages/airflow/example_dags/example_dataset_alias.py
[2025-01-01T14:45:01.768-0800] {logging_mixin.py:190} INFO - [2025-01-01T14:45:01.768-0800] {override.py:1911} INFO - Created Permission View: can edit on DAG:dataset_alias_example_alias_consumer
[2025-01-01T14:45:01.786-0800] {logging_mixin.py:190} INFO - [2025-01-01T14:45:01.786-0800] {override.py:1911} INFO - Created Permission View: can delete on DAG:dataset_alias_example_alias_consumer
[2025-01-01T14:45:01.799-0800] {logging_mixin.py:190} INFO - [2025-01-01T14:45:01.798-0800] {override.py:1911} INFO - Created Permission View: can read on DAG:dataset_alias_example_alias_consumer
[2025-01-01T14:45:01.820-0800] {logging_mixin.py:190} INFO - [2025-01-01T14:45:01.819-0800] {override.py:1911} INFO - Created Permission View: menu access on DAG Run:dataset_alias_example_alias_consumer
[2025-01-01T14:45:01.847-0800] {logging_mixin.py:190} INFO - [2025-01-01T14:45:01.847-0800] {override.py:1911} INFO - Created Permission View: can create on DAG Run:dataset_alias_example_alias_consumer
[2025-01-01T14:45:01.861-0800] {logging_mixin.py:190} INFO - [2025-01-01T14:45:01.860-0800] {override.py:1911} INFO - Created Permission View: can delete on DAG Run:dataset_alias_example_alias_consumer
[2025-01-01T14:45:01.870-0800] {logging_mixin.py:190} INFO - [2025-01-01T14:45:01.870-0800] {override.py:1911} INFO - Created Permission View: can read on DAG Run:dataset_alias_example_alias_consumer
[2025-01-01T14:45:01.887-0800] {logging_mixin.py:190} INFO - [2025-01-01T14:45:01.886-0800] {override.py:1911} INFO - Created Permission View: can edit on DAG:dataset_s3_bucket_producer
[2025-01-01T14:45:01.901-0800] {logging_mixin.py:190} INFO - [2025-01-01T14:45:01.900-0800] {override.py:1911} INFO - Created Permission View: can delete on DAG:dataset_s3_bucket_producer
[2025-01-01T14:45:01.913-0800] {logging_mixin.py:190} INFO - [2025-01-01T14:45:01.912-0800] {override.py:1911} INFO - Created Permission View: can read on DAG:dataset_s3_bucket_producer
[2025-01-01T14:45:01.925-0800] {logging_mixin.py:190} INFO - [2025-01-01T14:45:01.924-0800] {override.py:1911} INFO - Created Permission View: menu access on DAG Run:dataset_s3_bucket_producer
[2025-01-01T14:45:01.934-0800] {logging_mixin.py:190} INFO - [2025-01-01T14:45:01.933-0800] {override.py:1911} INFO - Created Permission View: can create on DAG Run:dataset_s3_bucket_producer
[2025-01-01T14:45:01.943-0800] {logging_mixin.py:190} INFO - [2025-01-01T14:45:01.942-0800] {override.py:1911} INFO - Created Permission View: can delete on DAG Run:dataset_s3_bucket_producer
[2025-01-01T14:45:01.953-0800] {logging_mixin.py:190} INFO - [2025-01-01T14:45:01.952-0800] {override.py:1911} INFO - Created Permission View: can read on DAG Run:dataset_s3_bucket_producer
[2025-01-01T14:45:01.978-0800] {logging_mixin.py:190} INFO - [2025-01-01T14:45:01.977-0800] {override.py:1911} INFO - Created Permission View: can edit on DAG:dataset_alias_example_alias_producer
[2025-01-01T14:45:01.987-0800] {logging_mixin.py:190} INFO - [2025-01-01T14:45:01.986-0800] {override.py:1911} INFO - Created Permission View: can delete on DAG:dataset_alias_example_alias_producer
[2025-01-01T14:45:01.996-0800] {logging_mixin.py:190} INFO - [2025-01-01T14:45:01.995-0800] {override.py:1911} INFO - Created Permission View: can read on DAG:dataset_alias_example_alias_producer
[2025-01-01T14:45:02.011-0800] {logging_mixin.py:190} INFO - [2025-01-01T14:45:02.010-0800] {override.py:1911} INFO - Created Permission View: menu access on DAG Run:dataset_alias_example_alias_producer
[2025-01-01T14:45:02.021-0800] {logging_mixin.py:190} INFO - [2025-01-01T14:45:02.021-0800] {override.py:1911} INFO - Created Permission View: can create on DAG Run:dataset_alias_example_alias_producer
[2025-01-01T14:45:02.034-0800] {logging_mixin.py:190} INFO - [2025-01-01T14:45:02.033-0800] {override.py:1911} INFO - Created Permission View: can delete on DAG Run:dataset_alias_example_alias_producer
[2025-01-01T14:45:02.044-0800] {logging_mixin.py:190} INFO - [2025-01-01T14:45:02.043-0800] {override.py:1911} INFO - Created Permission View: can read on DAG Run:dataset_alias_example_alias_producer
[2025-01-01T14:45:02.060-0800] {logging_mixin.py:190} INFO - [2025-01-01T14:45:02.060-0800] {override.py:1911} INFO - Created Permission View: can edit on DAG:dataset_s3_bucket_consumer
[2025-01-01T14:45:02.069-0800] {logging_mixin.py:190} INFO - [2025-01-01T14:45:02.069-0800] {override.py:1911} INFO - Created Permission View: can delete on DAG:dataset_s3_bucket_consumer
[2025-01-01T14:45:02.081-0800] {logging_mixin.py:190} INFO - [2025-01-01T14:45:02.080-0800] {override.py:1911} INFO - Created Permission View: can read on DAG:dataset_s3_bucket_consumer
[2025-01-01T14:45:02.095-0800] {logging_mixin.py:190} INFO - [2025-01-01T14:45:02.095-0800] {override.py:1911} INFO - Created Permission View: menu access on DAG Run:dataset_s3_bucket_consumer
[2025-01-01T14:45:02.104-0800] {logging_mixin.py:190} INFO - [2025-01-01T14:45:02.104-0800] {override.py:1911} INFO - Created Permission View: can create on DAG Run:dataset_s3_bucket_consumer
[2025-01-01T14:45:02.113-0800] {logging_mixin.py:190} INFO - [2025-01-01T14:45:02.113-0800] {override.py:1911} INFO - Created Permission View: can delete on DAG Run:dataset_s3_bucket_consumer
[2025-01-01T14:45:02.122-0800] {logging_mixin.py:190} INFO - [2025-01-01T14:45:02.121-0800] {override.py:1911} INFO - Created Permission View: can read on DAG Run:dataset_s3_bucket_consumer
[2025-01-01T14:45:02.122-0800] {logging_mixin.py:190} INFO - [2025-01-01T14:45:02.122-0800] {dag.py:3239} INFO - Sync 4 DAGs
[2025-01-01T14:45:02.136-0800] {logging_mixin.py:190} INFO - [2025-01-01T14:45:02.136-0800] {dag.py:3262} INFO - Creating ORM DAG for dataset_alias_example_alias_consumer
[2025-01-01T14:45:02.137-0800] {logging_mixin.py:190} INFO - [2025-01-01T14:45:02.137-0800] {dag.py:3262} INFO - Creating ORM DAG for dataset_s3_bucket_consumer
[2025-01-01T14:45:02.137-0800] {logging_mixin.py:190} INFO - [2025-01-01T14:45:02.137-0800] {dag.py:3262} INFO - Creating ORM DAG for dataset_alias_example_alias_producer
[2025-01-01T14:45:02.138-0800] {logging_mixin.py:190} INFO - [2025-01-01T14:45:02.138-0800] {dag.py:3262} INFO - Creating ORM DAG for dataset_s3_bucket_producer
[2025-01-01T14:45:02.150-0800] {logging_mixin.py:190} INFO - [2025-01-01T14:45:02.149-0800] {dag.py:4180} INFO - Setting next_dagrun for dataset_alias_example_alias_consumer to None, run_after=None
[2025-01-01T14:45:02.151-0800] {logging_mixin.py:190} INFO - [2025-01-01T14:45:02.151-0800] {dag.py:4180} INFO - Setting next_dagrun for dataset_alias_example_alias_producer to None, run_after=None
[2025-01-01T14:45:02.152-0800] {logging_mixin.py:190} INFO - [2025-01-01T14:45:02.152-0800] {dag.py:4180} INFO - Setting next_dagrun for dataset_s3_bucket_consumer to None, run_after=None
[2025-01-01T14:45:02.154-0800] {logging_mixin.py:190} INFO - [2025-01-01T14:45:02.153-0800] {dag.py:4180} INFO - Setting next_dagrun for dataset_s3_bucket_producer to None, run_after=None
[2025-01-01T14:45:03.010-0800] {processor.py:208} INFO - Processing /opt/anaconda3/envs/airflow_env/lib/python3.9/site-packages/airflow/example_dags/example_dataset_alias.py took 1.601 seconds
[2025-01-01T14:49:10.305-0800] {processor.py:186} INFO - Started process (PID=24032) to work on /opt/anaconda3/envs/airflow_env/lib/python3.9/site-packages/airflow/example_dags/example_dataset_alias.py
[2025-01-01T14:49:10.308-0800] {processor.py:914} INFO - Processing file /opt/anaconda3/envs/airflow_env/lib/python3.9/site-packages/airflow/example_dags/example_dataset_alias.py for tasks to queue
[2025-01-01T14:49:10.309-0800] {logging_mixin.py:190} INFO - [2025-01-01T14:49:10.309-0800] {dagbag.py:588} INFO - Filling up the DagBag from /opt/anaconda3/envs/airflow_env/lib/python3.9/site-packages/airflow/example_dags/example_dataset_alias.py
[2025-01-01T14:49:10.527-0800] {processor.py:925} INFO - DAG(s) 'dataset_s3_bucket_consumer', 'dataset_s3_bucket_producer', 'dataset_alias_example_alias_consumer', 'dataset_alias_example_alias_producer' retrieved from /opt/anaconda3/envs/airflow_env/lib/python3.9/site-packages/airflow/example_dags/example_dataset_alias.py
[2025-01-01T14:49:10.568-0800] {logging_mixin.py:190} INFO - [2025-01-01T14:49:10.568-0800] {dag.py:3239} INFO - Sync 4 DAGs
[2025-01-01T14:49:10.591-0800] {logging_mixin.py:190} INFO - [2025-01-01T14:49:10.591-0800] {dag.py:4180} INFO - Setting next_dagrun for dataset_alias_example_alias_consumer to None, run_after=None
[2025-01-01T14:49:10.594-0800] {logging_mixin.py:190} INFO - [2025-01-01T14:49:10.594-0800] {dag.py:4180} INFO - Setting next_dagrun for dataset_alias_example_alias_producer to None, run_after=None
[2025-01-01T14:49:10.595-0800] {logging_mixin.py:190} INFO - [2025-01-01T14:49:10.595-0800] {dag.py:4180} INFO - Setting next_dagrun for dataset_s3_bucket_consumer to None, run_after=None
[2025-01-01T14:49:10.596-0800] {logging_mixin.py:190} INFO - [2025-01-01T14:49:10.596-0800] {dag.py:4180} INFO - Setting next_dagrun for dataset_s3_bucket_producer to None, run_after=None
[2025-01-01T14:49:10.622-0800] {processor.py:208} INFO - Processing /opt/anaconda3/envs/airflow_env/lib/python3.9/site-packages/airflow/example_dags/example_dataset_alias.py took 0.323 seconds
[2025-01-01T14:56:21.865-0800] {processor.py:186} INFO - Started process (PID=24401) to work on /opt/anaconda3/envs/airflow_env/lib/python3.9/site-packages/airflow/example_dags/example_dataset_alias.py
[2025-01-01T14:56:21.868-0800] {processor.py:914} INFO - Processing file /opt/anaconda3/envs/airflow_env/lib/python3.9/site-packages/airflow/example_dags/example_dataset_alias.py for tasks to queue
[2025-01-01T14:56:21.870-0800] {logging_mixin.py:190} INFO - [2025-01-01T14:56:21.869-0800] {dagbag.py:588} INFO - Filling up the DagBag from /opt/anaconda3/envs/airflow_env/lib/python3.9/site-packages/airflow/example_dags/example_dataset_alias.py
[2025-01-01T14:56:22.341-0800] {processor.py:925} INFO - DAG(s) 'dataset_alias_example_alias_producer', 'dataset_s3_bucket_producer', 'dataset_s3_bucket_consumer', 'dataset_alias_example_alias_consumer' retrieved from /opt/anaconda3/envs/airflow_env/lib/python3.9/site-packages/airflow/example_dags/example_dataset_alias.py
[2025-01-01T14:56:22.382-0800] {logging_mixin.py:190} INFO - [2025-01-01T14:56:22.382-0800] {dag.py:3239} INFO - Sync 4 DAGs
[2025-01-01T14:56:22.462-0800] {logging_mixin.py:190} INFO - [2025-01-01T14:56:22.462-0800] {dag.py:4180} INFO - Setting next_dagrun for dataset_alias_example_alias_consumer to None, run_after=None
[2025-01-01T14:56:22.468-0800] {logging_mixin.py:190} INFO - [2025-01-01T14:56:22.468-0800] {dag.py:4180} INFO - Setting next_dagrun for dataset_alias_example_alias_producer to None, run_after=None
[2025-01-01T14:56:22.470-0800] {logging_mixin.py:190} INFO - [2025-01-01T14:56:22.470-0800] {dag.py:4180} INFO - Setting next_dagrun for dataset_s3_bucket_consumer to None, run_after=None
[2025-01-01T14:56:22.473-0800] {logging_mixin.py:190} INFO - [2025-01-01T14:56:22.473-0800] {dag.py:4180} INFO - Setting next_dagrun for dataset_s3_bucket_producer to None, run_after=None
[2025-01-01T14:56:22.512-0800] {processor.py:208} INFO - Processing /opt/anaconda3/envs/airflow_env/lib/python3.9/site-packages/airflow/example_dags/example_dataset_alias.py took 0.653 seconds
[2025-01-01T15:09:58.383-0800] {processor.py:186} INFO - Started process (PID=25012) to work on /opt/anaconda3/envs/airflow_env/lib/python3.9/site-packages/airflow/example_dags/example_dataset_alias.py
[2025-01-01T15:09:58.385-0800] {processor.py:914} INFO - Processing file /opt/anaconda3/envs/airflow_env/lib/python3.9/site-packages/airflow/example_dags/example_dataset_alias.py for tasks to queue
[2025-01-01T15:09:58.386-0800] {logging_mixin.py:190} INFO - [2025-01-01T15:09:58.386-0800] {dagbag.py:588} INFO - Filling up the DagBag from /opt/anaconda3/envs/airflow_env/lib/python3.9/site-packages/airflow/example_dags/example_dataset_alias.py
[2025-01-01T15:09:58.688-0800] {processor.py:925} INFO - DAG(s) 'dataset_s3_bucket_consumer', 'dataset_alias_example_alias_consumer', 'dataset_s3_bucket_producer', 'dataset_alias_example_alias_producer' retrieved from /opt/anaconda3/envs/airflow_env/lib/python3.9/site-packages/airflow/example_dags/example_dataset_alias.py
[2025-01-01T15:09:58.730-0800] {logging_mixin.py:190} INFO - [2025-01-01T15:09:58.730-0800] {dag.py:3239} INFO - Sync 4 DAGs
[2025-01-01T15:09:58.764-0800] {logging_mixin.py:190} INFO - [2025-01-01T15:09:58.764-0800] {dag.py:4180} INFO - Setting next_dagrun for dataset_alias_example_alias_consumer to None, run_after=None
[2025-01-01T15:09:58.768-0800] {logging_mixin.py:190} INFO - [2025-01-01T15:09:58.767-0800] {dag.py:4180} INFO - Setting next_dagrun for dataset_alias_example_alias_producer to None, run_after=None
[2025-01-01T15:09:58.769-0800] {logging_mixin.py:190} INFO - [2025-01-01T15:09:58.769-0800] {dag.py:4180} INFO - Setting next_dagrun for dataset_s3_bucket_consumer to None, run_after=None
[2025-01-01T15:09:58.771-0800] {logging_mixin.py:190} INFO - [2025-01-01T15:09:58.770-0800] {dag.py:4180} INFO - Setting next_dagrun for dataset_s3_bucket_producer to None, run_after=None
[2025-01-01T15:09:58.808-0800] {processor.py:208} INFO - Processing /opt/anaconda3/envs/airflow_env/lib/python3.9/site-packages/airflow/example_dags/example_dataset_alias.py took 0.430 seconds
[2025-01-01T15:14:22.932-0800] {processor.py:186} INFO - Started process (PID=25238) to work on /opt/anaconda3/envs/airflow_env/lib/python3.9/site-packages/airflow/example_dags/example_dataset_alias.py
[2025-01-01T15:14:22.935-0800] {processor.py:914} INFO - Processing file /opt/anaconda3/envs/airflow_env/lib/python3.9/site-packages/airflow/example_dags/example_dataset_alias.py for tasks to queue
[2025-01-01T15:14:22.938-0800] {logging_mixin.py:190} INFO - [2025-01-01T15:14:22.936-0800] {dagbag.py:588} INFO - Filling up the DagBag from /opt/anaconda3/envs/airflow_env/lib/python3.9/site-packages/airflow/example_dags/example_dataset_alias.py
[2025-01-01T15:14:23.284-0800] {processor.py:925} INFO - DAG(s) 'dataset_s3_bucket_producer', 'dataset_s3_bucket_consumer', 'dataset_alias_example_alias_consumer', 'dataset_alias_example_alias_producer' retrieved from /opt/anaconda3/envs/airflow_env/lib/python3.9/site-packages/airflow/example_dags/example_dataset_alias.py
[2025-01-01T15:14:23.340-0800] {logging_mixin.py:190} INFO - [2025-01-01T15:14:23.339-0800] {dag.py:3239} INFO - Sync 4 DAGs
[2025-01-01T15:14:23.379-0800] {logging_mixin.py:190} INFO - [2025-01-01T15:14:23.379-0800] {dag.py:4180} INFO - Setting next_dagrun for dataset_alias_example_alias_consumer to None, run_after=None
[2025-01-01T15:14:23.382-0800] {logging_mixin.py:190} INFO - [2025-01-01T15:14:23.382-0800] {dag.py:4180} INFO - Setting next_dagrun for dataset_alias_example_alias_producer to None, run_after=None
[2025-01-01T15:14:23.384-0800] {logging_mixin.py:190} INFO - [2025-01-01T15:14:23.383-0800] {dag.py:4180} INFO - Setting next_dagrun for dataset_s3_bucket_consumer to None, run_after=None
[2025-01-01T15:14:23.386-0800] {logging_mixin.py:190} INFO - [2025-01-01T15:14:23.385-0800] {dag.py:4180} INFO - Setting next_dagrun for dataset_s3_bucket_producer to None, run_after=None
[2025-01-01T15:14:23.423-0800] {processor.py:208} INFO - Processing /opt/anaconda3/envs/airflow_env/lib/python3.9/site-packages/airflow/example_dags/example_dataset_alias.py took 0.495 seconds
[2025-01-01T15:21:06.653-0800] {processor.py:186} INFO - Started process (PID=25550) to work on /opt/anaconda3/envs/airflow_env/lib/python3.9/site-packages/airflow/example_dags/example_dataset_alias.py
[2025-01-01T15:21:06.655-0800] {processor.py:914} INFO - Processing file /opt/anaconda3/envs/airflow_env/lib/python3.9/site-packages/airflow/example_dags/example_dataset_alias.py for tasks to queue
[2025-01-01T15:21:06.657-0800] {logging_mixin.py:190} INFO - [2025-01-01T15:21:06.657-0800] {dagbag.py:588} INFO - Filling up the DagBag from /opt/anaconda3/envs/airflow_env/lib/python3.9/site-packages/airflow/example_dags/example_dataset_alias.py
[2025-01-01T15:21:06.855-0800] {processor.py:925} INFO - DAG(s) 'dataset_s3_bucket_producer', 'dataset_alias_example_alias_consumer', 'dataset_alias_example_alias_producer', 'dataset_s3_bucket_consumer' retrieved from /opt/anaconda3/envs/airflow_env/lib/python3.9/site-packages/airflow/example_dags/example_dataset_alias.py
[2025-01-01T15:21:06.883-0800] {logging_mixin.py:190} INFO - [2025-01-01T15:21:06.882-0800] {dag.py:3239} INFO - Sync 4 DAGs
[2025-01-01T15:21:06.904-0800] {logging_mixin.py:190} INFO - [2025-01-01T15:21:06.904-0800] {dag.py:4180} INFO - Setting next_dagrun for dataset_alias_example_alias_consumer to None, run_after=None
[2025-01-01T15:21:06.907-0800] {logging_mixin.py:190} INFO - [2025-01-01T15:21:06.907-0800] {dag.py:4180} INFO - Setting next_dagrun for dataset_alias_example_alias_producer to None, run_after=None
[2025-01-01T15:21:06.908-0800] {logging_mixin.py:190} INFO - [2025-01-01T15:21:06.908-0800] {dag.py:4180} INFO - Setting next_dagrun for dataset_s3_bucket_consumer to None, run_after=None
[2025-01-01T15:21:06.910-0800] {logging_mixin.py:190} INFO - [2025-01-01T15:21:06.909-0800] {dag.py:4180} INFO - Setting next_dagrun for dataset_s3_bucket_producer to None, run_after=None
[2025-01-01T15:21:06.936-0800] {processor.py:208} INFO - Processing /opt/anaconda3/envs/airflow_env/lib/python3.9/site-packages/airflow/example_dags/example_dataset_alias.py took 0.287 seconds
[2025-01-01T15:26:53.700-0800] {processor.py:186} INFO - Started process (PID=25813) to work on /opt/anaconda3/envs/airflow_env/lib/python3.9/site-packages/airflow/example_dags/example_dataset_alias.py
[2025-01-01T15:26:53.702-0800] {processor.py:914} INFO - Processing file /opt/anaconda3/envs/airflow_env/lib/python3.9/site-packages/airflow/example_dags/example_dataset_alias.py for tasks to queue
[2025-01-01T15:26:53.704-0800] {logging_mixin.py:190} INFO - [2025-01-01T15:26:53.703-0800] {dagbag.py:588} INFO - Filling up the DagBag from /opt/anaconda3/envs/airflow_env/lib/python3.9/site-packages/airflow/example_dags/example_dataset_alias.py
[2025-01-01T15:26:53.974-0800] {processor.py:925} INFO - DAG(s) 'dataset_alias_example_alias_producer', 'dataset_s3_bucket_consumer', 'dataset_s3_bucket_producer', 'dataset_alias_example_alias_consumer' retrieved from /opt/anaconda3/envs/airflow_env/lib/python3.9/site-packages/airflow/example_dags/example_dataset_alias.py
[2025-01-01T15:26:54.063-0800] {logging_mixin.py:190} INFO - [2025-01-01T15:26:54.062-0800] {dag.py:3239} INFO - Sync 4 DAGs
[2025-01-01T15:26:54.118-0800] {logging_mixin.py:190} INFO - [2025-01-01T15:26:54.118-0800] {dag.py:4180} INFO - Setting next_dagrun for dataset_alias_example_alias_consumer to None, run_after=None
[2025-01-01T15:26:54.121-0800] {logging_mixin.py:190} INFO - [2025-01-01T15:26:54.121-0800] {dag.py:4180} INFO - Setting next_dagrun for dataset_alias_example_alias_producer to None, run_after=None
[2025-01-01T15:26:54.123-0800] {logging_mixin.py:190} INFO - [2025-01-01T15:26:54.123-0800] {dag.py:4180} INFO - Setting next_dagrun for dataset_s3_bucket_consumer to None, run_after=None
[2025-01-01T15:26:54.126-0800] {logging_mixin.py:190} INFO - [2025-01-01T15:26:54.126-0800] {dag.py:4180} INFO - Setting next_dagrun for dataset_s3_bucket_producer to None, run_after=None
[2025-01-01T15:26:54.154-0800] {processor.py:208} INFO - Processing /opt/anaconda3/envs/airflow_env/lib/python3.9/site-packages/airflow/example_dags/example_dataset_alias.py took 0.458 seconds
[2025-01-01T15:32:39.107-0800] {processor.py:186} INFO - Started process (PID=26030) to work on /opt/anaconda3/envs/airflow_env/lib/python3.9/site-packages/airflow/example_dags/example_dataset_alias.py
[2025-01-01T15:32:39.110-0800] {processor.py:914} INFO - Processing file /opt/anaconda3/envs/airflow_env/lib/python3.9/site-packages/airflow/example_dags/example_dataset_alias.py for tasks to queue
[2025-01-01T15:32:39.111-0800] {logging_mixin.py:190} INFO - [2025-01-01T15:32:39.111-0800] {dagbag.py:588} INFO - Filling up the DagBag from /opt/anaconda3/envs/airflow_env/lib/python3.9/site-packages/airflow/example_dags/example_dataset_alias.py
[2025-01-01T15:32:39.319-0800] {processor.py:925} INFO - DAG(s) 'dataset_s3_bucket_consumer', 'dataset_s3_bucket_producer', 'dataset_alias_example_alias_producer', 'dataset_alias_example_alias_consumer' retrieved from /opt/anaconda3/envs/airflow_env/lib/python3.9/site-packages/airflow/example_dags/example_dataset_alias.py
[2025-01-01T15:32:39.348-0800] {logging_mixin.py:190} INFO - [2025-01-01T15:32:39.347-0800] {dag.py:3239} INFO - Sync 4 DAGs
[2025-01-01T15:32:39.371-0800] {logging_mixin.py:190} INFO - [2025-01-01T15:32:39.371-0800] {dag.py:4180} INFO - Setting next_dagrun for dataset_alias_example_alias_consumer to None, run_after=None
[2025-01-01T15:32:39.373-0800] {logging_mixin.py:190} INFO - [2025-01-01T15:32:39.373-0800] {dag.py:4180} INFO - Setting next_dagrun for dataset_alias_example_alias_producer to None, run_after=None
[2025-01-01T15:32:39.375-0800] {logging_mixin.py:190} INFO - [2025-01-01T15:32:39.375-0800] {dag.py:4180} INFO - Setting next_dagrun for dataset_s3_bucket_consumer to None, run_after=None
[2025-01-01T15:32:39.376-0800] {logging_mixin.py:190} INFO - [2025-01-01T15:32:39.376-0800] {dag.py:4180} INFO - Setting next_dagrun for dataset_s3_bucket_producer to None, run_after=None
[2025-01-01T15:32:39.404-0800] {processor.py:208} INFO - Processing /opt/anaconda3/envs/airflow_env/lib/python3.9/site-packages/airflow/example_dags/example_dataset_alias.py took 0.300 seconds
[2025-01-01T15:38:14.642-0800] {processor.py:186} INFO - Started process (PID=26240) to work on /opt/anaconda3/envs/airflow_env/lib/python3.9/site-packages/airflow/example_dags/example_dataset_alias.py
[2025-01-01T15:38:14.644-0800] {processor.py:914} INFO - Processing file /opt/anaconda3/envs/airflow_env/lib/python3.9/site-packages/airflow/example_dags/example_dataset_alias.py for tasks to queue
[2025-01-01T15:38:14.646-0800] {logging_mixin.py:190} INFO - [2025-01-01T15:38:14.646-0800] {dagbag.py:588} INFO - Filling up the DagBag from /opt/anaconda3/envs/airflow_env/lib/python3.9/site-packages/airflow/example_dags/example_dataset_alias.py
[2025-01-01T15:38:14.852-0800] {processor.py:925} INFO - DAG(s) 'dataset_s3_bucket_consumer', 'dataset_alias_example_alias_producer', 'dataset_alias_example_alias_consumer', 'dataset_s3_bucket_producer' retrieved from /opt/anaconda3/envs/airflow_env/lib/python3.9/site-packages/airflow/example_dags/example_dataset_alias.py
[2025-01-01T15:38:14.881-0800] {logging_mixin.py:190} INFO - [2025-01-01T15:38:14.881-0800] {dag.py:3239} INFO - Sync 4 DAGs
[2025-01-01T15:38:14.904-0800] {logging_mixin.py:190} INFO - [2025-01-01T15:38:14.904-0800] {dag.py:4180} INFO - Setting next_dagrun for dataset_alias_example_alias_consumer to None, run_after=None
[2025-01-01T15:38:14.907-0800] {logging_mixin.py:190} INFO - [2025-01-01T15:38:14.907-0800] {dag.py:4180} INFO - Setting next_dagrun for dataset_alias_example_alias_producer to None, run_after=None
[2025-01-01T15:38:14.908-0800] {logging_mixin.py:190} INFO - [2025-01-01T15:38:14.908-0800] {dag.py:4180} INFO - Setting next_dagrun for dataset_s3_bucket_consumer to None, run_after=None
[2025-01-01T15:38:14.909-0800] {logging_mixin.py:190} INFO - [2025-01-01T15:38:14.909-0800] {dag.py:4180} INFO - Setting next_dagrun for dataset_s3_bucket_producer to None, run_after=None
[2025-01-01T15:38:14.937-0800] {processor.py:208} INFO - Processing /opt/anaconda3/envs/airflow_env/lib/python3.9/site-packages/airflow/example_dags/example_dataset_alias.py took 0.299 seconds
