[2025-01-01T14:43:45.178-0800] {processor.py:186} INFO - Started process (PID=23756) to work on /opt/anaconda3/envs/airflow_env/lib/python3.9/site-packages/airflow/example_dags/example_params_ui_tutorial.py
[2025-01-01T14:43:45.180-0800] {processor.py:914} INFO - Processing file /opt/anaconda3/envs/airflow_env/lib/python3.9/site-packages/airflow/example_dags/example_params_ui_tutorial.py for tasks to queue
[2025-01-01T14:43:45.182-0800] {logging_mixin.py:190} INFO - [2025-01-01T14:43:45.182-0800] {dagbag.py:588} INFO - Filling up the DagBag from /opt/anaconda3/envs/airflow_env/lib/python3.9/site-packages/airflow/example_dags/example_params_ui_tutorial.py
[2025-01-01T14:43:45.261-0800] {processor.py:925} INFO - DAG(s) 'example_params_ui_tutorial' retrieved from /opt/anaconda3/envs/airflow_env/lib/python3.9/site-packages/airflow/example_dags/example_params_ui_tutorial.py
[2025-01-01T14:43:45.932-0800] {logging_mixin.py:190} INFO - [2025-01-01T14:43:45.931-0800] {override.py:1911} INFO - Created Permission View: can read on DAG:example_params_ui_tutorial
[2025-01-01T14:43:45.949-0800] {logging_mixin.py:190} INFO - [2025-01-01T14:43:45.948-0800] {override.py:1911} INFO - Created Permission View: can edit on DAG:example_params_ui_tutorial
[2025-01-01T14:43:45.964-0800] {logging_mixin.py:190} INFO - [2025-01-01T14:43:45.963-0800] {override.py:1911} INFO - Created Permission View: can delete on DAG:example_params_ui_tutorial
[2025-01-01T14:43:45.980-0800] {logging_mixin.py:190} INFO - [2025-01-01T14:43:45.979-0800] {override.py:1911} INFO - Created Permission View: menu access on DAG Run:example_params_ui_tutorial
[2025-01-01T14:43:45.988-0800] {logging_mixin.py:190} INFO - [2025-01-01T14:43:45.988-0800] {override.py:1911} INFO - Created Permission View: can read on DAG Run:example_params_ui_tutorial
[2025-01-01T14:43:45.998-0800] {logging_mixin.py:190} INFO - [2025-01-01T14:43:45.997-0800] {override.py:1911} INFO - Created Permission View: can create on DAG Run:example_params_ui_tutorial
[2025-01-01T14:43:46.009-0800] {logging_mixin.py:190} INFO - [2025-01-01T14:43:46.008-0800] {override.py:1911} INFO - Created Permission View: can delete on DAG Run:example_params_ui_tutorial
[2025-01-01T14:43:46.010-0800] {logging_mixin.py:190} INFO - [2025-01-01T14:43:46.009-0800] {dag.py:3239} INFO - Sync 1 DAGs
[2025-01-01T14:43:46.030-0800] {logging_mixin.py:190} INFO - [2025-01-01T14:43:46.030-0800] {dag.py:3262} INFO - Creating ORM DAG for example_params_ui_tutorial
[2025-01-01T14:43:46.031-0800] {logging_mixin.py:190} INFO - [2025-01-01T14:43:46.031-0800] {dag.py:4180} INFO - Setting next_dagrun for example_params_ui_tutorial to None, run_after=None
[2025-01-01T14:43:46.061-0800] {processor.py:208} INFO - Processing /opt/anaconda3/envs/airflow_env/lib/python3.9/site-packages/airflow/example_dags/example_params_ui_tutorial.py took 0.887 seconds
[2025-01-01T14:47:57.600-0800] {processor.py:186} INFO - Started process (PID=23982) to work on /opt/anaconda3/envs/airflow_env/lib/python3.9/site-packages/airflow/example_dags/example_params_ui_tutorial.py
[2025-01-01T14:47:57.603-0800] {processor.py:914} INFO - Processing file /opt/anaconda3/envs/airflow_env/lib/python3.9/site-packages/airflow/example_dags/example_params_ui_tutorial.py for tasks to queue
[2025-01-01T14:47:57.604-0800] {logging_mixin.py:190} INFO - [2025-01-01T14:47:57.603-0800] {dagbag.py:588} INFO - Filling up the DagBag from /opt/anaconda3/envs/airflow_env/lib/python3.9/site-packages/airflow/example_dags/example_params_ui_tutorial.py
[2025-01-01T14:47:57.685-0800] {processor.py:925} INFO - DAG(s) 'example_params_ui_tutorial' retrieved from /opt/anaconda3/envs/airflow_env/lib/python3.9/site-packages/airflow/example_dags/example_params_ui_tutorial.py
[2025-01-01T14:47:58.151-0800] {logging_mixin.py:190} INFO - [2025-01-01T14:47:58.151-0800] {dag.py:3239} INFO - Sync 1 DAGs
[2025-01-01T14:47:58.166-0800] {logging_mixin.py:190} INFO - [2025-01-01T14:47:58.166-0800] {dag.py:4180} INFO - Setting next_dagrun for example_params_ui_tutorial to None, run_after=None
[2025-01-01T14:47:58.218-0800] {processor.py:208} INFO - Processing /opt/anaconda3/envs/airflow_env/lib/python3.9/site-packages/airflow/example_dags/example_params_ui_tutorial.py took 0.624 seconds
[2025-01-01T14:51:32.682-0800] {processor.py:186} INFO - Started process (PID=24163) to work on /opt/anaconda3/envs/airflow_env/lib/python3.9/site-packages/airflow/example_dags/example_params_ui_tutorial.py
[2025-01-01T14:51:32.684-0800] {processor.py:914} INFO - Processing file /opt/anaconda3/envs/airflow_env/lib/python3.9/site-packages/airflow/example_dags/example_params_ui_tutorial.py for tasks to queue
[2025-01-01T14:51:32.686-0800] {logging_mixin.py:190} INFO - [2025-01-01T14:51:32.686-0800] {dagbag.py:588} INFO - Filling up the DagBag from /opt/anaconda3/envs/airflow_env/lib/python3.9/site-packages/airflow/example_dags/example_params_ui_tutorial.py
[2025-01-01T14:51:32.730-0800] {processor.py:925} INFO - DAG(s) 'example_params_ui_tutorial' retrieved from /opt/anaconda3/envs/airflow_env/lib/python3.9/site-packages/airflow/example_dags/example_params_ui_tutorial.py
[2025-01-01T14:51:32.913-0800] {logging_mixin.py:190} INFO - [2025-01-01T14:51:32.913-0800] {dag.py:3239} INFO - Sync 1 DAGs
[2025-01-01T14:51:32.927-0800] {logging_mixin.py:190} INFO - [2025-01-01T14:51:32.927-0800] {dag.py:4180} INFO - Setting next_dagrun for example_params_ui_tutorial to None, run_after=None
[2025-01-01T14:51:32.949-0800] {processor.py:208} INFO - Processing /opt/anaconda3/envs/airflow_env/lib/python3.9/site-packages/airflow/example_dags/example_params_ui_tutorial.py took 0.271 seconds
[2025-01-01T14:55:17.760-0800] {processor.py:186} INFO - Started process (PID=24340) to work on /opt/anaconda3/envs/airflow_env/lib/python3.9/site-packages/airflow/example_dags/example_params_ui_tutorial.py
[2025-01-01T14:55:17.763-0800] {processor.py:914} INFO - Processing file /opt/anaconda3/envs/airflow_env/lib/python3.9/site-packages/airflow/example_dags/example_params_ui_tutorial.py for tasks to queue
[2025-01-01T14:55:17.766-0800] {logging_mixin.py:190} INFO - [2025-01-01T14:55:17.766-0800] {dagbag.py:588} INFO - Filling up the DagBag from /opt/anaconda3/envs/airflow_env/lib/python3.9/site-packages/airflow/example_dags/example_params_ui_tutorial.py
[2025-01-01T14:55:17.852-0800] {processor.py:925} INFO - DAG(s) 'example_params_ui_tutorial' retrieved from /opt/anaconda3/envs/airflow_env/lib/python3.9/site-packages/airflow/example_dags/example_params_ui_tutorial.py
[2025-01-01T14:55:18.109-0800] {logging_mixin.py:190} INFO - [2025-01-01T14:55:18.108-0800] {dag.py:3239} INFO - Sync 1 DAGs
[2025-01-01T14:55:18.123-0800] {logging_mixin.py:190} INFO - [2025-01-01T14:55:18.123-0800] {dag.py:4180} INFO - Setting next_dagrun for example_params_ui_tutorial to None, run_after=None
[2025-01-01T14:55:18.152-0800] {processor.py:208} INFO - Processing /opt/anaconda3/envs/airflow_env/lib/python3.9/site-packages/airflow/example_dags/example_params_ui_tutorial.py took 0.398 seconds
[2025-01-01T14:59:00.778-0800] {processor.py:186} INFO - Started process (PID=24513) to work on /opt/anaconda3/envs/airflow_env/lib/python3.9/site-packages/airflow/example_dags/example_params_ui_tutorial.py
[2025-01-01T14:59:00.780-0800] {processor.py:914} INFO - Processing file /opt/anaconda3/envs/airflow_env/lib/python3.9/site-packages/airflow/example_dags/example_params_ui_tutorial.py for tasks to queue
[2025-01-01T14:59:00.781-0800] {logging_mixin.py:190} INFO - [2025-01-01T14:59:00.781-0800] {dagbag.py:588} INFO - Filling up the DagBag from /opt/anaconda3/envs/airflow_env/lib/python3.9/site-packages/airflow/example_dags/example_params_ui_tutorial.py
[2025-01-01T14:59:00.839-0800] {processor.py:925} INFO - DAG(s) 'example_params_ui_tutorial' retrieved from /opt/anaconda3/envs/airflow_env/lib/python3.9/site-packages/airflow/example_dags/example_params_ui_tutorial.py
[2025-01-01T14:59:01.074-0800] {logging_mixin.py:190} INFO - [2025-01-01T14:59:01.074-0800] {dag.py:3239} INFO - Sync 1 DAGs
[2025-01-01T14:59:01.090-0800] {logging_mixin.py:190} INFO - [2025-01-01T14:59:01.089-0800] {dag.py:4180} INFO - Setting next_dagrun for example_params_ui_tutorial to None, run_after=None
[2025-01-01T14:59:01.119-0800] {processor.py:208} INFO - Processing /opt/anaconda3/envs/airflow_env/lib/python3.9/site-packages/airflow/example_dags/example_params_ui_tutorial.py took 0.347 seconds
[2025-01-01T15:02:43.295-0800] {processor.py:186} INFO - Started process (PID=24734) to work on /opt/anaconda3/envs/airflow_env/lib/python3.9/site-packages/airflow/example_dags/example_params_ui_tutorial.py
[2025-01-01T15:02:43.296-0800] {processor.py:914} INFO - Processing file /opt/anaconda3/envs/airflow_env/lib/python3.9/site-packages/airflow/example_dags/example_params_ui_tutorial.py for tasks to queue
[2025-01-01T15:02:43.297-0800] {logging_mixin.py:190} INFO - [2025-01-01T15:02:43.297-0800] {dagbag.py:588} INFO - Filling up the DagBag from /opt/anaconda3/envs/airflow_env/lib/python3.9/site-packages/airflow/example_dags/example_params_ui_tutorial.py
[2025-01-01T15:02:43.347-0800] {processor.py:925} INFO - DAG(s) 'example_params_ui_tutorial' retrieved from /opt/anaconda3/envs/airflow_env/lib/python3.9/site-packages/airflow/example_dags/example_params_ui_tutorial.py
[2025-01-01T15:02:43.544-0800] {logging_mixin.py:190} INFO - [2025-01-01T15:02:43.544-0800] {dag.py:3239} INFO - Sync 1 DAGs
[2025-01-01T15:02:43.557-0800] {logging_mixin.py:190} INFO - [2025-01-01T15:02:43.556-0800] {dag.py:4180} INFO - Setting next_dagrun for example_params_ui_tutorial to None, run_after=None
[2025-01-01T15:02:43.583-0800] {processor.py:208} INFO - Processing /opt/anaconda3/envs/airflow_env/lib/python3.9/site-packages/airflow/example_dags/example_params_ui_tutorial.py took 0.292 seconds
[2025-01-01T15:08:56.973-0800] {processor.py:186} INFO - Started process (PID=24958) to work on /opt/anaconda3/envs/airflow_env/lib/python3.9/site-packages/airflow/example_dags/example_params_ui_tutorial.py
[2025-01-01T15:08:56.975-0800] {processor.py:914} INFO - Processing file /opt/anaconda3/envs/airflow_env/lib/python3.9/site-packages/airflow/example_dags/example_params_ui_tutorial.py for tasks to queue
[2025-01-01T15:08:56.978-0800] {logging_mixin.py:190} INFO - [2025-01-01T15:08:56.977-0800] {dagbag.py:588} INFO - Filling up the DagBag from /opt/anaconda3/envs/airflow_env/lib/python3.9/site-packages/airflow/example_dags/example_params_ui_tutorial.py
[2025-01-01T15:08:57.050-0800] {processor.py:925} INFO - DAG(s) 'example_params_ui_tutorial' retrieved from /opt/anaconda3/envs/airflow_env/lib/python3.9/site-packages/airflow/example_dags/example_params_ui_tutorial.py
[2025-01-01T15:08:57.356-0800] {logging_mixin.py:190} INFO - [2025-01-01T15:08:57.356-0800] {dag.py:3239} INFO - Sync 1 DAGs
[2025-01-01T15:08:57.370-0800] {logging_mixin.py:190} INFO - [2025-01-01T15:08:57.370-0800] {dag.py:4180} INFO - Setting next_dagrun for example_params_ui_tutorial to None, run_after=None
[2025-01-01T15:08:57.399-0800] {processor.py:208} INFO - Processing /opt/anaconda3/envs/airflow_env/lib/python3.9/site-packages/airflow/example_dags/example_params_ui_tutorial.py took 0.433 seconds
[2025-01-01T15:13:08.768-0800] {processor.py:186} INFO - Started process (PID=25166) to work on /opt/anaconda3/envs/airflow_env/lib/python3.9/site-packages/airflow/example_dags/example_params_ui_tutorial.py
[2025-01-01T15:13:08.773-0800] {processor.py:914} INFO - Processing file /opt/anaconda3/envs/airflow_env/lib/python3.9/site-packages/airflow/example_dags/example_params_ui_tutorial.py for tasks to queue
[2025-01-01T15:13:08.774-0800] {logging_mixin.py:190} INFO - [2025-01-01T15:13:08.774-0800] {dagbag.py:588} INFO - Filling up the DagBag from /opt/anaconda3/envs/airflow_env/lib/python3.9/site-packages/airflow/example_dags/example_params_ui_tutorial.py
[2025-01-01T15:13:08.833-0800] {processor.py:925} INFO - DAG(s) 'example_params_ui_tutorial' retrieved from /opt/anaconda3/envs/airflow_env/lib/python3.9/site-packages/airflow/example_dags/example_params_ui_tutorial.py
[2025-01-01T15:13:09.111-0800] {logging_mixin.py:190} INFO - [2025-01-01T15:13:09.111-0800] {dag.py:3239} INFO - Sync 1 DAGs
[2025-01-01T15:13:09.131-0800] {logging_mixin.py:190} INFO - [2025-01-01T15:13:09.131-0800] {dag.py:4180} INFO - Setting next_dagrun for example_params_ui_tutorial to None, run_after=None
[2025-01-01T15:13:09.154-0800] {processor.py:208} INFO - Processing /opt/anaconda3/envs/airflow_env/lib/python3.9/site-packages/airflow/example_dags/example_params_ui_tutorial.py took 0.390 seconds
[2025-01-01T15:16:54.300-0800] {processor.py:186} INFO - Started process (PID=25349) to work on /opt/anaconda3/envs/airflow_env/lib/python3.9/site-packages/airflow/example_dags/example_params_ui_tutorial.py
[2025-01-01T15:16:54.303-0800] {processor.py:914} INFO - Processing file /opt/anaconda3/envs/airflow_env/lib/python3.9/site-packages/airflow/example_dags/example_params_ui_tutorial.py for tasks to queue
[2025-01-01T15:16:54.304-0800] {logging_mixin.py:190} INFO - [2025-01-01T15:16:54.304-0800] {dagbag.py:588} INFO - Filling up the DagBag from /opt/anaconda3/envs/airflow_env/lib/python3.9/site-packages/airflow/example_dags/example_params_ui_tutorial.py
[2025-01-01T15:16:54.348-0800] {processor.py:925} INFO - DAG(s) 'example_params_ui_tutorial' retrieved from /opt/anaconda3/envs/airflow_env/lib/python3.9/site-packages/airflow/example_dags/example_params_ui_tutorial.py
[2025-01-01T15:16:54.522-0800] {logging_mixin.py:190} INFO - [2025-01-01T15:16:54.521-0800] {dag.py:3239} INFO - Sync 1 DAGs
[2025-01-01T15:16:54.534-0800] {logging_mixin.py:190} INFO - [2025-01-01T15:16:54.534-0800] {dag.py:4180} INFO - Setting next_dagrun for example_params_ui_tutorial to None, run_after=None
[2025-01-01T15:16:54.555-0800] {processor.py:208} INFO - Processing /opt/anaconda3/envs/airflow_env/lib/python3.9/site-packages/airflow/example_dags/example_params_ui_tutorial.py took 0.259 seconds
[2025-01-01T15:20:08.140-0800] {processor.py:186} INFO - Started process (PID=25505) to work on /opt/anaconda3/envs/airflow_env/lib/python3.9/site-packages/airflow/example_dags/example_params_ui_tutorial.py
[2025-01-01T15:20:08.145-0800] {processor.py:914} INFO - Processing file /opt/anaconda3/envs/airflow_env/lib/python3.9/site-packages/airflow/example_dags/example_params_ui_tutorial.py for tasks to queue
[2025-01-01T15:20:08.147-0800] {logging_mixin.py:190} INFO - [2025-01-01T15:20:08.146-0800] {dagbag.py:588} INFO - Filling up the DagBag from /opt/anaconda3/envs/airflow_env/lib/python3.9/site-packages/airflow/example_dags/example_params_ui_tutorial.py
[2025-01-01T15:20:08.230-0800] {processor.py:925} INFO - DAG(s) 'example_params_ui_tutorial' retrieved from /opt/anaconda3/envs/airflow_env/lib/python3.9/site-packages/airflow/example_dags/example_params_ui_tutorial.py
[2025-01-01T15:20:08.506-0800] {logging_mixin.py:190} INFO - [2025-01-01T15:20:08.505-0800] {dag.py:3239} INFO - Sync 1 DAGs
[2025-01-01T15:20:08.523-0800] {logging_mixin.py:190} INFO - [2025-01-01T15:20:08.522-0800] {dag.py:4180} INFO - Setting next_dagrun for example_params_ui_tutorial to None, run_after=None
[2025-01-01T15:20:08.554-0800] {processor.py:208} INFO - Processing /opt/anaconda3/envs/airflow_env/lib/python3.9/site-packages/airflow/example_dags/example_params_ui_tutorial.py took 0.442 seconds
[2025-01-01T15:23:14.675-0800] {processor.py:186} INFO - Started process (PID=25664) to work on /opt/anaconda3/envs/airflow_env/lib/python3.9/site-packages/airflow/example_dags/example_params_ui_tutorial.py
[2025-01-01T15:23:14.678-0800] {processor.py:914} INFO - Processing file /opt/anaconda3/envs/airflow_env/lib/python3.9/site-packages/airflow/example_dags/example_params_ui_tutorial.py for tasks to queue
[2025-01-01T15:23:14.680-0800] {logging_mixin.py:190} INFO - [2025-01-01T15:23:14.680-0800] {dagbag.py:588} INFO - Filling up the DagBag from /opt/anaconda3/envs/airflow_env/lib/python3.9/site-packages/airflow/example_dags/example_params_ui_tutorial.py
[2025-01-01T15:23:14.721-0800] {processor.py:925} INFO - DAG(s) 'example_params_ui_tutorial' retrieved from /opt/anaconda3/envs/airflow_env/lib/python3.9/site-packages/airflow/example_dags/example_params_ui_tutorial.py
[2025-01-01T15:23:14.921-0800] {logging_mixin.py:190} INFO - [2025-01-01T15:23:14.921-0800] {dag.py:3239} INFO - Sync 1 DAGs
[2025-01-01T15:23:14.936-0800] {logging_mixin.py:190} INFO - [2025-01-01T15:23:14.936-0800] {dag.py:4180} INFO - Setting next_dagrun for example_params_ui_tutorial to None, run_after=None
[2025-01-01T15:23:14.959-0800] {processor.py:208} INFO - Processing /opt/anaconda3/envs/airflow_env/lib/python3.9/site-packages/airflow/example_dags/example_params_ui_tutorial.py took 0.288 seconds
[2025-01-01T15:26:03.795-0800] {processor.py:186} INFO - Started process (PID=25765) to work on /opt/anaconda3/envs/airflow_env/lib/python3.9/site-packages/airflow/example_dags/example_params_ui_tutorial.py
[2025-01-01T15:26:03.796-0800] {processor.py:914} INFO - Processing file /opt/anaconda3/envs/airflow_env/lib/python3.9/site-packages/airflow/example_dags/example_params_ui_tutorial.py for tasks to queue
[2025-01-01T15:26:03.797-0800] {logging_mixin.py:190} INFO - [2025-01-01T15:26:03.797-0800] {dagbag.py:588} INFO - Filling up the DagBag from /opt/anaconda3/envs/airflow_env/lib/python3.9/site-packages/airflow/example_dags/example_params_ui_tutorial.py
[2025-01-01T15:26:03.836-0800] {processor.py:925} INFO - DAG(s) 'example_params_ui_tutorial' retrieved from /opt/anaconda3/envs/airflow_env/lib/python3.9/site-packages/airflow/example_dags/example_params_ui_tutorial.py
[2025-01-01T15:26:03.990-0800] {logging_mixin.py:190} INFO - [2025-01-01T15:26:03.990-0800] {dag.py:3239} INFO - Sync 1 DAGs
[2025-01-01T15:26:04.002-0800] {logging_mixin.py:190} INFO - [2025-01-01T15:26:04.001-0800] {dag.py:4180} INFO - Setting next_dagrun for example_params_ui_tutorial to None, run_after=None
[2025-01-01T15:26:04.025-0800] {processor.py:208} INFO - Processing /opt/anaconda3/envs/airflow_env/lib/python3.9/site-packages/airflow/example_dags/example_params_ui_tutorial.py took 0.234 seconds
[2025-01-01T15:28:56.660-0800] {processor.py:186} INFO - Started process (PID=25887) to work on /opt/anaconda3/envs/airflow_env/lib/python3.9/site-packages/airflow/example_dags/example_params_ui_tutorial.py
[2025-01-01T15:28:56.663-0800] {processor.py:914} INFO - Processing file /opt/anaconda3/envs/airflow_env/lib/python3.9/site-packages/airflow/example_dags/example_params_ui_tutorial.py for tasks to queue
[2025-01-01T15:28:56.664-0800] {logging_mixin.py:190} INFO - [2025-01-01T15:28:56.664-0800] {dagbag.py:588} INFO - Filling up the DagBag from /opt/anaconda3/envs/airflow_env/lib/python3.9/site-packages/airflow/example_dags/example_params_ui_tutorial.py
[2025-01-01T15:28:56.709-0800] {processor.py:925} INFO - DAG(s) 'example_params_ui_tutorial' retrieved from /opt/anaconda3/envs/airflow_env/lib/python3.9/site-packages/airflow/example_dags/example_params_ui_tutorial.py
[2025-01-01T15:28:56.888-0800] {logging_mixin.py:190} INFO - [2025-01-01T15:28:56.888-0800] {dag.py:3239} INFO - Sync 1 DAGs
[2025-01-01T15:28:56.902-0800] {logging_mixin.py:190} INFO - [2025-01-01T15:28:56.901-0800] {dag.py:4180} INFO - Setting next_dagrun for example_params_ui_tutorial to None, run_after=None
[2025-01-01T15:28:56.924-0800] {processor.py:208} INFO - Processing /opt/anaconda3/envs/airflow_env/lib/python3.9/site-packages/airflow/example_dags/example_params_ui_tutorial.py took 0.268 seconds
[2025-01-01T15:31:50.930-0800] {processor.py:186} INFO - Started process (PID=26000) to work on /opt/anaconda3/envs/airflow_env/lib/python3.9/site-packages/airflow/example_dags/example_params_ui_tutorial.py
[2025-01-01T15:31:50.933-0800] {processor.py:914} INFO - Processing file /opt/anaconda3/envs/airflow_env/lib/python3.9/site-packages/airflow/example_dags/example_params_ui_tutorial.py for tasks to queue
[2025-01-01T15:31:50.934-0800] {logging_mixin.py:190} INFO - [2025-01-01T15:31:50.934-0800] {dagbag.py:588} INFO - Filling up the DagBag from /opt/anaconda3/envs/airflow_env/lib/python3.9/site-packages/airflow/example_dags/example_params_ui_tutorial.py
[2025-01-01T15:31:50.975-0800] {processor.py:925} INFO - DAG(s) 'example_params_ui_tutorial' retrieved from /opt/anaconda3/envs/airflow_env/lib/python3.9/site-packages/airflow/example_dags/example_params_ui_tutorial.py
[2025-01-01T15:31:51.143-0800] {logging_mixin.py:190} INFO - [2025-01-01T15:31:51.143-0800] {dag.py:3239} INFO - Sync 1 DAGs
[2025-01-01T15:31:51.156-0800] {logging_mixin.py:190} INFO - [2025-01-01T15:31:51.156-0800] {dag.py:4180} INFO - Setting next_dagrun for example_params_ui_tutorial to None, run_after=None
[2025-01-01T15:31:51.179-0800] {processor.py:208} INFO - Processing /opt/anaconda3/envs/airflow_env/lib/python3.9/site-packages/airflow/example_dags/example_params_ui_tutorial.py took 0.253 seconds
[2025-01-01T15:34:37.996-0800] {processor.py:186} INFO - Started process (PID=26102) to work on /opt/anaconda3/envs/airflow_env/lib/python3.9/site-packages/airflow/example_dags/example_params_ui_tutorial.py
[2025-01-01T15:34:37.998-0800] {processor.py:914} INFO - Processing file /opt/anaconda3/envs/airflow_env/lib/python3.9/site-packages/airflow/example_dags/example_params_ui_tutorial.py for tasks to queue
[2025-01-01T15:34:37.999-0800] {logging_mixin.py:190} INFO - [2025-01-01T15:34:37.999-0800] {dagbag.py:588} INFO - Filling up the DagBag from /opt/anaconda3/envs/airflow_env/lib/python3.9/site-packages/airflow/example_dags/example_params_ui_tutorial.py
[2025-01-01T15:34:38.042-0800] {processor.py:925} INFO - DAG(s) 'example_params_ui_tutorial' retrieved from /opt/anaconda3/envs/airflow_env/lib/python3.9/site-packages/airflow/example_dags/example_params_ui_tutorial.py
[2025-01-01T15:34:38.215-0800] {logging_mixin.py:190} INFO - [2025-01-01T15:34:38.215-0800] {dag.py:3239} INFO - Sync 1 DAGs
[2025-01-01T15:34:38.228-0800] {logging_mixin.py:190} INFO - [2025-01-01T15:34:38.228-0800] {dag.py:4180} INFO - Setting next_dagrun for example_params_ui_tutorial to None, run_after=None
[2025-01-01T15:34:38.250-0800] {processor.py:208} INFO - Processing /opt/anaconda3/envs/airflow_env/lib/python3.9/site-packages/airflow/example_dags/example_params_ui_tutorial.py took 0.258 seconds
[2025-01-01T15:37:25.581-0800] {processor.py:186} INFO - Started process (PID=26208) to work on /opt/anaconda3/envs/airflow_env/lib/python3.9/site-packages/airflow/example_dags/example_params_ui_tutorial.py
[2025-01-01T15:37:25.583-0800] {processor.py:914} INFO - Processing file /opt/anaconda3/envs/airflow_env/lib/python3.9/site-packages/airflow/example_dags/example_params_ui_tutorial.py for tasks to queue
[2025-01-01T15:37:25.584-0800] {logging_mixin.py:190} INFO - [2025-01-01T15:37:25.584-0800] {dagbag.py:588} INFO - Filling up the DagBag from /opt/anaconda3/envs/airflow_env/lib/python3.9/site-packages/airflow/example_dags/example_params_ui_tutorial.py
[2025-01-01T15:37:25.645-0800] {processor.py:925} INFO - DAG(s) 'example_params_ui_tutorial' retrieved from /opt/anaconda3/envs/airflow_env/lib/python3.9/site-packages/airflow/example_dags/example_params_ui_tutorial.py
[2025-01-01T15:37:25.843-0800] {logging_mixin.py:190} INFO - [2025-01-01T15:37:25.843-0800] {dag.py:3239} INFO - Sync 1 DAGs
[2025-01-01T15:37:25.859-0800] {logging_mixin.py:190} INFO - [2025-01-01T15:37:25.858-0800] {dag.py:4180} INFO - Setting next_dagrun for example_params_ui_tutorial to None, run_after=None
[2025-01-01T15:37:25.883-0800] {processor.py:208} INFO - Processing /opt/anaconda3/envs/airflow_env/lib/python3.9/site-packages/airflow/example_dags/example_params_ui_tutorial.py took 0.306 seconds
[2025-01-01T15:40:14.976-0800] {processor.py:186} INFO - Started process (PID=26311) to work on /opt/anaconda3/envs/airflow_env/lib/python3.9/site-packages/airflow/example_dags/example_params_ui_tutorial.py
[2025-01-01T15:40:14.979-0800] {processor.py:914} INFO - Processing file /opt/anaconda3/envs/airflow_env/lib/python3.9/site-packages/airflow/example_dags/example_params_ui_tutorial.py for tasks to queue
[2025-01-01T15:40:14.980-0800] {logging_mixin.py:190} INFO - [2025-01-01T15:40:14.980-0800] {dagbag.py:588} INFO - Filling up the DagBag from /opt/anaconda3/envs/airflow_env/lib/python3.9/site-packages/airflow/example_dags/example_params_ui_tutorial.py
[2025-01-01T15:40:15.022-0800] {processor.py:925} INFO - DAG(s) 'example_params_ui_tutorial' retrieved from /opt/anaconda3/envs/airflow_env/lib/python3.9/site-packages/airflow/example_dags/example_params_ui_tutorial.py
[2025-01-01T15:40:15.192-0800] {logging_mixin.py:190} INFO - [2025-01-01T15:40:15.191-0800] {dag.py:3239} INFO - Sync 1 DAGs
[2025-01-01T15:40:15.205-0800] {logging_mixin.py:190} INFO - [2025-01-01T15:40:15.204-0800] {dag.py:4180} INFO - Setting next_dagrun for example_params_ui_tutorial to None, run_after=None
[2025-01-01T15:40:15.228-0800] {processor.py:208} INFO - Processing /opt/anaconda3/envs/airflow_env/lib/python3.9/site-packages/airflow/example_dags/example_params_ui_tutorial.py took 0.257 seconds
