[2025-01-01T14:41:55.522-0800] {processor.py:186} INFO - Started process (PID=23678) to work on /opt/anaconda3/envs/airflow_env/lib/python3.9/site-packages/airflow/example_dags/example_xcomargs.py
[2025-01-01T14:41:55.524-0800] {processor.py:914} INFO - Processing file /opt/anaconda3/envs/airflow_env/lib/python3.9/site-packages/airflow/example_dags/example_xcomargs.py for tasks to queue
[2025-01-01T14:41:55.526-0800] {logging_mixin.py:190} INFO - [2025-01-01T14:41:55.525-0800] {dagbag.py:588} INFO - Filling up the DagBag from /opt/anaconda3/envs/airflow_env/lib/python3.9/site-packages/airflow/example_dags/example_xcomargs.py
[2025-01-01T14:41:55.623-0800] {processor.py:925} INFO - DAG(s) 'example_xcom_args', 'example_xcom_args_with_operators' retrieved from /opt/anaconda3/envs/airflow_env/lib/python3.9/site-packages/airflow/example_dags/example_xcomargs.py
[2025-01-01T14:41:55.962-0800] {logging_mixin.py:190} INFO - [2025-01-01T14:41:55.961-0800] {override.py:1911} INFO - Created Permission View: can read on DAG:example_xcom_args
[2025-01-01T14:41:55.975-0800] {logging_mixin.py:190} INFO - [2025-01-01T14:41:55.975-0800] {override.py:1911} INFO - Created Permission View: can edit on DAG:example_xcom_args
[2025-01-01T14:41:55.991-0800] {logging_mixin.py:190} INFO - [2025-01-01T14:41:55.990-0800] {override.py:1911} INFO - Created Permission View: can delete on DAG:example_xcom_args
[2025-01-01T14:41:56.008-0800] {logging_mixin.py:190} INFO - [2025-01-01T14:41:56.008-0800] {override.py:1911} INFO - Created Permission View: can read on DAG Run:example_xcom_args
[2025-01-01T14:41:56.018-0800] {logging_mixin.py:190} INFO - [2025-01-01T14:41:56.017-0800] {override.py:1911} INFO - Created Permission View: can delete on DAG Run:example_xcom_args
[2025-01-01T14:41:56.028-0800] {logging_mixin.py:190} INFO - [2025-01-01T14:41:56.027-0800] {override.py:1911} INFO - Created Permission View: can create on DAG Run:example_xcom_args
[2025-01-01T14:41:56.043-0800] {logging_mixin.py:190} INFO - [2025-01-01T14:41:56.042-0800] {override.py:1911} INFO - Created Permission View: menu access on DAG Run:example_xcom_args
[2025-01-01T14:41:56.063-0800] {logging_mixin.py:190} INFO - [2025-01-01T14:41:56.062-0800] {override.py:1911} INFO - Created Permission View: can read on DAG:example_xcom_args_with_operators
[2025-01-01T14:41:56.072-0800] {logging_mixin.py:190} INFO - [2025-01-01T14:41:56.071-0800] {override.py:1911} INFO - Created Permission View: can edit on DAG:example_xcom_args_with_operators
[2025-01-01T14:41:56.081-0800] {logging_mixin.py:190} INFO - [2025-01-01T14:41:56.081-0800] {override.py:1911} INFO - Created Permission View: can delete on DAG:example_xcom_args_with_operators
[2025-01-01T14:41:56.094-0800] {logging_mixin.py:190} INFO - [2025-01-01T14:41:56.094-0800] {override.py:1911} INFO - Created Permission View: can read on DAG Run:example_xcom_args_with_operators
[2025-01-01T14:41:56.102-0800] {logging_mixin.py:190} INFO - [2025-01-01T14:41:56.102-0800] {override.py:1911} INFO - Created Permission View: can delete on DAG Run:example_xcom_args_with_operators
[2025-01-01T14:41:56.116-0800] {logging_mixin.py:190} INFO - [2025-01-01T14:41:56.116-0800] {override.py:1911} INFO - Created Permission View: can create on DAG Run:example_xcom_args_with_operators
[2025-01-01T14:41:56.131-0800] {logging_mixin.py:190} INFO - [2025-01-01T14:41:56.131-0800] {override.py:1911} INFO - Created Permission View: menu access on DAG Run:example_xcom_args_with_operators
[2025-01-01T14:41:56.132-0800] {logging_mixin.py:190} INFO - [2025-01-01T14:41:56.131-0800] {dag.py:3239} INFO - Sync 2 DAGs
[2025-01-01T14:41:56.149-0800] {logging_mixin.py:190} INFO - [2025-01-01T14:41:56.148-0800] {dag.py:3262} INFO - Creating ORM DAG for example_xcom_args
[2025-01-01T14:41:56.151-0800] {logging_mixin.py:190} INFO - [2025-01-01T14:41:56.150-0800] {dag.py:3262} INFO - Creating ORM DAG for example_xcom_args_with_operators
[2025-01-01T14:41:56.153-0800] {logging_mixin.py:190} INFO - [2025-01-01T14:41:56.152-0800] {dag.py:4180} INFO - Setting next_dagrun for example_xcom_args to None, run_after=None
[2025-01-01T14:41:56.154-0800] {logging_mixin.py:190} INFO - [2025-01-01T14:41:56.154-0800] {dag.py:4180} INFO - Setting next_dagrun for example_xcom_args_with_operators to None, run_after=None
[2025-01-01T14:41:56.180-0800] {processor.py:208} INFO - Processing /opt/anaconda3/envs/airflow_env/lib/python3.9/site-packages/airflow/example_dags/example_xcomargs.py took 0.664 seconds
[2025-01-01T14:46:28.330-0800] {processor.py:186} INFO - Started process (PID=23896) to work on /opt/anaconda3/envs/airflow_env/lib/python3.9/site-packages/airflow/example_dags/example_xcomargs.py
[2025-01-01T14:46:28.333-0800] {processor.py:914} INFO - Processing file /opt/anaconda3/envs/airflow_env/lib/python3.9/site-packages/airflow/example_dags/example_xcomargs.py for tasks to queue
[2025-01-01T14:46:28.335-0800] {logging_mixin.py:190} INFO - [2025-01-01T14:46:28.335-0800] {dagbag.py:588} INFO - Filling up the DagBag from /opt/anaconda3/envs/airflow_env/lib/python3.9/site-packages/airflow/example_dags/example_xcomargs.py
[2025-01-01T14:46:28.384-0800] {processor.py:925} INFO - DAG(s) 'example_xcom_args_with_operators', 'example_xcom_args' retrieved from /opt/anaconda3/envs/airflow_env/lib/python3.9/site-packages/airflow/example_dags/example_xcomargs.py
[2025-01-01T14:46:28.546-0800] {logging_mixin.py:190} INFO - [2025-01-01T14:46:28.546-0800] {dag.py:3239} INFO - Sync 2 DAGs
[2025-01-01T14:46:28.558-0800] {logging_mixin.py:190} INFO - [2025-01-01T14:46:28.558-0800] {dag.py:4180} INFO - Setting next_dagrun for example_xcom_args to None, run_after=None
[2025-01-01T14:46:28.564-0800] {logging_mixin.py:190} INFO - [2025-01-01T14:46:28.564-0800] {dag.py:4180} INFO - Setting next_dagrun for example_xcom_args_with_operators to None, run_after=None
[2025-01-01T14:46:28.588-0800] {processor.py:208} INFO - Processing /opt/anaconda3/envs/airflow_env/lib/python3.9/site-packages/airflow/example_dags/example_xcomargs.py took 0.265 seconds
[2025-01-01T14:50:08.966-0800] {processor.py:186} INFO - Started process (PID=24076) to work on /opt/anaconda3/envs/airflow_env/lib/python3.9/site-packages/airflow/example_dags/example_xcomargs.py
[2025-01-01T14:50:08.968-0800] {processor.py:914} INFO - Processing file /opt/anaconda3/envs/airflow_env/lib/python3.9/site-packages/airflow/example_dags/example_xcomargs.py for tasks to queue
[2025-01-01T14:50:08.970-0800] {logging_mixin.py:190} INFO - [2025-01-01T14:50:08.970-0800] {dagbag.py:588} INFO - Filling up the DagBag from /opt/anaconda3/envs/airflow_env/lib/python3.9/site-packages/airflow/example_dags/example_xcomargs.py
[2025-01-01T14:50:09.038-0800] {processor.py:925} INFO - DAG(s) 'example_xcom_args_with_operators', 'example_xcom_args' retrieved from /opt/anaconda3/envs/airflow_env/lib/python3.9/site-packages/airflow/example_dags/example_xcomargs.py
[2025-01-01T14:50:09.185-0800] {logging_mixin.py:190} INFO - [2025-01-01T14:50:09.185-0800] {dag.py:3239} INFO - Sync 2 DAGs
[2025-01-01T14:50:09.198-0800] {logging_mixin.py:190} INFO - [2025-01-01T14:50:09.198-0800] {dag.py:4180} INFO - Setting next_dagrun for example_xcom_args to None, run_after=None
[2025-01-01T14:50:09.201-0800] {logging_mixin.py:190} INFO - [2025-01-01T14:50:09.201-0800] {dag.py:4180} INFO - Setting next_dagrun for example_xcom_args_with_operators to None, run_after=None
[2025-01-01T14:50:09.227-0800] {processor.py:208} INFO - Processing /opt/anaconda3/envs/airflow_env/lib/python3.9/site-packages/airflow/example_dags/example_xcomargs.py took 0.267 seconds
[2025-01-01T14:53:41.939-0800] {processor.py:186} INFO - Started process (PID=24259) to work on /opt/anaconda3/envs/airflow_env/lib/python3.9/site-packages/airflow/example_dags/example_xcomargs.py
[2025-01-01T14:53:41.944-0800] {processor.py:914} INFO - Processing file /opt/anaconda3/envs/airflow_env/lib/python3.9/site-packages/airflow/example_dags/example_xcomargs.py for tasks to queue
[2025-01-01T14:53:41.947-0800] {logging_mixin.py:190} INFO - [2025-01-01T14:53:41.946-0800] {dagbag.py:588} INFO - Filling up the DagBag from /opt/anaconda3/envs/airflow_env/lib/python3.9/site-packages/airflow/example_dags/example_xcomargs.py
[2025-01-01T14:53:42.005-0800] {processor.py:925} INFO - DAG(s) 'example_xcom_args', 'example_xcom_args_with_operators' retrieved from /opt/anaconda3/envs/airflow_env/lib/python3.9/site-packages/airflow/example_dags/example_xcomargs.py
[2025-01-01T14:53:42.360-0800] {logging_mixin.py:190} INFO - [2025-01-01T14:53:42.360-0800] {dag.py:3239} INFO - Sync 2 DAGs
[2025-01-01T14:53:42.380-0800] {logging_mixin.py:190} INFO - [2025-01-01T14:53:42.379-0800] {dag.py:4180} INFO - Setting next_dagrun for example_xcom_args to None, run_after=None
[2025-01-01T14:53:42.386-0800] {logging_mixin.py:190} INFO - [2025-01-01T14:53:42.385-0800] {dag.py:4180} INFO - Setting next_dagrun for example_xcom_args_with_operators to None, run_after=None
[2025-01-01T14:53:42.411-0800] {processor.py:208} INFO - Processing /opt/anaconda3/envs/airflow_env/lib/python3.9/site-packages/airflow/example_dags/example_xcomargs.py took 0.479 seconds
[2025-01-01T14:57:24.963-0800] {processor.py:186} INFO - Started process (PID=24455) to work on /opt/anaconda3/envs/airflow_env/lib/python3.9/site-packages/airflow/example_dags/example_xcomargs.py
[2025-01-01T14:57:24.964-0800] {processor.py:914} INFO - Processing file /opt/anaconda3/envs/airflow_env/lib/python3.9/site-packages/airflow/example_dags/example_xcomargs.py for tasks to queue
[2025-01-01T14:57:24.965-0800] {logging_mixin.py:190} INFO - [2025-01-01T14:57:24.965-0800] {dagbag.py:588} INFO - Filling up the DagBag from /opt/anaconda3/envs/airflow_env/lib/python3.9/site-packages/airflow/example_dags/example_xcomargs.py
[2025-01-01T14:57:25.005-0800] {processor.py:925} INFO - DAG(s) 'example_xcom_args_with_operators', 'example_xcom_args' retrieved from /opt/anaconda3/envs/airflow_env/lib/python3.9/site-packages/airflow/example_dags/example_xcomargs.py
[2025-01-01T14:57:25.148-0800] {logging_mixin.py:190} INFO - [2025-01-01T14:57:25.147-0800] {dag.py:3239} INFO - Sync 2 DAGs
[2025-01-01T14:57:25.161-0800] {logging_mixin.py:190} INFO - [2025-01-01T14:57:25.160-0800] {dag.py:4180} INFO - Setting next_dagrun for example_xcom_args to None, run_after=None
[2025-01-01T14:57:25.167-0800] {logging_mixin.py:190} INFO - [2025-01-01T14:57:25.166-0800] {dag.py:4180} INFO - Setting next_dagrun for example_xcom_args_with_operators to None, run_after=None
[2025-01-01T14:57:25.198-0800] {processor.py:208} INFO - Processing /opt/anaconda3/envs/airflow_env/lib/python3.9/site-packages/airflow/example_dags/example_xcomargs.py took 0.239 seconds
[2025-01-01T15:01:14.804-0800] {processor.py:186} INFO - Started process (PID=24603) to work on /opt/anaconda3/envs/airflow_env/lib/python3.9/site-packages/airflow/example_dags/example_xcomargs.py
[2025-01-01T15:01:14.805-0800] {processor.py:914} INFO - Processing file /opt/anaconda3/envs/airflow_env/lib/python3.9/site-packages/airflow/example_dags/example_xcomargs.py for tasks to queue
[2025-01-01T15:01:14.806-0800] {logging_mixin.py:190} INFO - [2025-01-01T15:01:14.806-0800] {dagbag.py:588} INFO - Filling up the DagBag from /opt/anaconda3/envs/airflow_env/lib/python3.9/site-packages/airflow/example_dags/example_xcomargs.py
[2025-01-01T15:01:14.853-0800] {processor.py:925} INFO - DAG(s) 'example_xcom_args_with_operators', 'example_xcom_args' retrieved from /opt/anaconda3/envs/airflow_env/lib/python3.9/site-packages/airflow/example_dags/example_xcomargs.py
[2025-01-01T15:01:14.997-0800] {logging_mixin.py:190} INFO - [2025-01-01T15:01:14.997-0800] {dag.py:3239} INFO - Sync 2 DAGs
[2025-01-01T15:01:15.013-0800] {logging_mixin.py:190} INFO - [2025-01-01T15:01:15.013-0800] {dag.py:4180} INFO - Setting next_dagrun for example_xcom_args to None, run_after=None
[2025-01-01T15:01:15.019-0800] {logging_mixin.py:190} INFO - [2025-01-01T15:01:15.019-0800] {dag.py:4180} INFO - Setting next_dagrun for example_xcom_args_with_operators to None, run_after=None
[2025-01-01T15:01:15.050-0800] {processor.py:208} INFO - Processing /opt/anaconda3/envs/airflow_env/lib/python3.9/site-packages/airflow/example_dags/example_xcomargs.py took 0.250 seconds
[2025-01-01T15:07:24.842-0800] {processor.py:186} INFO - Started process (PID=24868) to work on /opt/anaconda3/envs/airflow_env/lib/python3.9/site-packages/airflow/example_dags/example_xcomargs.py
[2025-01-01T15:07:24.845-0800] {processor.py:914} INFO - Processing file /opt/anaconda3/envs/airflow_env/lib/python3.9/site-packages/airflow/example_dags/example_xcomargs.py for tasks to queue
[2025-01-01T15:07:24.847-0800] {logging_mixin.py:190} INFO - [2025-01-01T15:07:24.847-0800] {dagbag.py:588} INFO - Filling up the DagBag from /opt/anaconda3/envs/airflow_env/lib/python3.9/site-packages/airflow/example_dags/example_xcomargs.py
[2025-01-01T15:07:24.897-0800] {processor.py:925} INFO - DAG(s) 'example_xcom_args_with_operators', 'example_xcom_args' retrieved from /opt/anaconda3/envs/airflow_env/lib/python3.9/site-packages/airflow/example_dags/example_xcomargs.py
[2025-01-01T15:07:25.038-0800] {logging_mixin.py:190} INFO - [2025-01-01T15:07:25.037-0800] {dag.py:3239} INFO - Sync 2 DAGs
[2025-01-01T15:07:25.052-0800] {logging_mixin.py:190} INFO - [2025-01-01T15:07:25.051-0800] {dag.py:4180} INFO - Setting next_dagrun for example_xcom_args to None, run_after=None
[2025-01-01T15:07:25.056-0800] {logging_mixin.py:190} INFO - [2025-01-01T15:07:25.055-0800] {dag.py:4180} INFO - Setting next_dagrun for example_xcom_args_with_operators to None, run_after=None
[2025-01-01T15:07:25.083-0800] {processor.py:208} INFO - Processing /opt/anaconda3/envs/airflow_env/lib/python3.9/site-packages/airflow/example_dags/example_xcomargs.py took 0.244 seconds
[2025-01-01T15:11:30.558-0800] {processor.py:186} INFO - Started process (PID=25075) to work on /opt/anaconda3/envs/airflow_env/lib/python3.9/site-packages/airflow/example_dags/example_xcomargs.py
[2025-01-01T15:11:30.561-0800] {processor.py:914} INFO - Processing file /opt/anaconda3/envs/airflow_env/lib/python3.9/site-packages/airflow/example_dags/example_xcomargs.py for tasks to queue
[2025-01-01T15:11:30.562-0800] {logging_mixin.py:190} INFO - [2025-01-01T15:11:30.562-0800] {dagbag.py:588} INFO - Filling up the DagBag from /opt/anaconda3/envs/airflow_env/lib/python3.9/site-packages/airflow/example_dags/example_xcomargs.py
[2025-01-01T15:11:30.604-0800] {processor.py:925} INFO - DAG(s) 'example_xcom_args', 'example_xcom_args_with_operators' retrieved from /opt/anaconda3/envs/airflow_env/lib/python3.9/site-packages/airflow/example_dags/example_xcomargs.py
[2025-01-01T15:11:30.755-0800] {logging_mixin.py:190} INFO - [2025-01-01T15:11:30.755-0800] {dag.py:3239} INFO - Sync 2 DAGs
[2025-01-01T15:11:30.773-0800] {logging_mixin.py:190} INFO - [2025-01-01T15:11:30.773-0800] {dag.py:4180} INFO - Setting next_dagrun for example_xcom_args to None, run_after=None
[2025-01-01T15:11:30.777-0800] {logging_mixin.py:190} INFO - [2025-01-01T15:11:30.777-0800] {dag.py:4180} INFO - Setting next_dagrun for example_xcom_args_with_operators to None, run_after=None
[2025-01-01T15:11:30.797-0800] {processor.py:208} INFO - Processing /opt/anaconda3/envs/airflow_env/lib/python3.9/site-packages/airflow/example_dags/example_xcomargs.py took 0.244 seconds
[2025-01-01T15:15:26.780-0800] {processor.py:186} INFO - Started process (PID=25300) to work on /opt/anaconda3/envs/airflow_env/lib/python3.9/site-packages/airflow/example_dags/example_xcomargs.py
[2025-01-01T15:15:26.783-0800] {processor.py:914} INFO - Processing file /opt/anaconda3/envs/airflow_env/lib/python3.9/site-packages/airflow/example_dags/example_xcomargs.py for tasks to queue
[2025-01-01T15:15:26.785-0800] {logging_mixin.py:190} INFO - [2025-01-01T15:15:26.785-0800] {dagbag.py:588} INFO - Filling up the DagBag from /opt/anaconda3/envs/airflow_env/lib/python3.9/site-packages/airflow/example_dags/example_xcomargs.py
[2025-01-01T15:15:26.849-0800] {processor.py:925} INFO - DAG(s) 'example_xcom_args', 'example_xcom_args_with_operators' retrieved from /opt/anaconda3/envs/airflow_env/lib/python3.9/site-packages/airflow/example_dags/example_xcomargs.py
[2025-01-01T15:15:27.098-0800] {logging_mixin.py:190} INFO - [2025-01-01T15:15:27.098-0800] {dag.py:3239} INFO - Sync 2 DAGs
[2025-01-01T15:15:27.121-0800] {logging_mixin.py:190} INFO - [2025-01-01T15:15:27.121-0800] {dag.py:4180} INFO - Setting next_dagrun for example_xcom_args to None, run_after=None
[2025-01-01T15:15:27.126-0800] {logging_mixin.py:190} INFO - [2025-01-01T15:15:27.126-0800] {dag.py:4180} INFO - Setting next_dagrun for example_xcom_args_with_operators to None, run_after=None
[2025-01-01T15:15:27.147-0800] {processor.py:208} INFO - Processing /opt/anaconda3/envs/airflow_env/lib/python3.9/site-packages/airflow/example_dags/example_xcomargs.py took 0.371 seconds
[2025-01-01T15:18:49.354-0800] {processor.py:186} INFO - Started process (PID=25421) to work on /opt/anaconda3/envs/airflow_env/lib/python3.9/site-packages/airflow/example_dags/example_xcomargs.py
[2025-01-01T15:18:49.356-0800] {processor.py:914} INFO - Processing file /opt/anaconda3/envs/airflow_env/lib/python3.9/site-packages/airflow/example_dags/example_xcomargs.py for tasks to queue
[2025-01-01T15:18:49.359-0800] {logging_mixin.py:190} INFO - [2025-01-01T15:18:49.358-0800] {dagbag.py:588} INFO - Filling up the DagBag from /opt/anaconda3/envs/airflow_env/lib/python3.9/site-packages/airflow/example_dags/example_xcomargs.py
[2025-01-01T15:18:49.415-0800] {processor.py:925} INFO - DAG(s) 'example_xcom_args_with_operators', 'example_xcom_args' retrieved from /opt/anaconda3/envs/airflow_env/lib/python3.9/site-packages/airflow/example_dags/example_xcomargs.py
[2025-01-01T15:18:49.552-0800] {logging_mixin.py:190} INFO - [2025-01-01T15:18:49.552-0800] {dag.py:3239} INFO - Sync 2 DAGs
[2025-01-01T15:18:49.571-0800] {logging_mixin.py:190} INFO - [2025-01-01T15:18:49.571-0800] {dag.py:4180} INFO - Setting next_dagrun for example_xcom_args to None, run_after=None
[2025-01-01T15:18:49.576-0800] {logging_mixin.py:190} INFO - [2025-01-01T15:18:49.576-0800] {dag.py:4180} INFO - Setting next_dagrun for example_xcom_args_with_operators to None, run_after=None
[2025-01-01T15:18:49.601-0800] {processor.py:208} INFO - Processing /opt/anaconda3/envs/airflow_env/lib/python3.9/site-packages/airflow/example_dags/example_xcomargs.py took 0.252 seconds
[2025-01-01T15:21:57.318-0800] {processor.py:186} INFO - Started process (PID=25596) to work on /opt/anaconda3/envs/airflow_env/lib/python3.9/site-packages/airflow/example_dags/example_xcomargs.py
[2025-01-01T15:21:57.320-0800] {processor.py:914} INFO - Processing file /opt/anaconda3/envs/airflow_env/lib/python3.9/site-packages/airflow/example_dags/example_xcomargs.py for tasks to queue
[2025-01-01T15:21:57.322-0800] {logging_mixin.py:190} INFO - [2025-01-01T15:21:57.321-0800] {dagbag.py:588} INFO - Filling up the DagBag from /opt/anaconda3/envs/airflow_env/lib/python3.9/site-packages/airflow/example_dags/example_xcomargs.py
[2025-01-01T15:21:57.389-0800] {processor.py:925} INFO - DAG(s) 'example_xcom_args', 'example_xcom_args_with_operators' retrieved from /opt/anaconda3/envs/airflow_env/lib/python3.9/site-packages/airflow/example_dags/example_xcomargs.py
[2025-01-01T15:21:57.579-0800] {logging_mixin.py:190} INFO - [2025-01-01T15:21:57.579-0800] {dag.py:3239} INFO - Sync 2 DAGs
[2025-01-01T15:21:57.594-0800] {logging_mixin.py:190} INFO - [2025-01-01T15:21:57.593-0800] {dag.py:4180} INFO - Setting next_dagrun for example_xcom_args to None, run_after=None
[2025-01-01T15:21:57.598-0800] {logging_mixin.py:190} INFO - [2025-01-01T15:21:57.597-0800] {dag.py:4180} INFO - Setting next_dagrun for example_xcom_args_with_operators to None, run_after=None
[2025-01-01T15:21:57.636-0800] {processor.py:208} INFO - Processing /opt/anaconda3/envs/airflow_env/lib/python3.9/site-packages/airflow/example_dags/example_xcomargs.py took 0.323 seconds
[2025-01-01T15:24:54.253-0800] {processor.py:186} INFO - Started process (PID=25724) to work on /opt/anaconda3/envs/airflow_env/lib/python3.9/site-packages/airflow/example_dags/example_xcomargs.py
[2025-01-01T15:24:54.254-0800] {processor.py:914} INFO - Processing file /opt/anaconda3/envs/airflow_env/lib/python3.9/site-packages/airflow/example_dags/example_xcomargs.py for tasks to queue
[2025-01-01T15:24:54.255-0800] {logging_mixin.py:190} INFO - [2025-01-01T15:24:54.254-0800] {dagbag.py:588} INFO - Filling up the DagBag from /opt/anaconda3/envs/airflow_env/lib/python3.9/site-packages/airflow/example_dags/example_xcomargs.py
[2025-01-01T15:24:54.294-0800] {processor.py:925} INFO - DAG(s) 'example_xcom_args_with_operators', 'example_xcom_args' retrieved from /opt/anaconda3/envs/airflow_env/lib/python3.9/site-packages/airflow/example_dags/example_xcomargs.py
[2025-01-01T15:24:54.438-0800] {logging_mixin.py:190} INFO - [2025-01-01T15:24:54.437-0800] {dag.py:3239} INFO - Sync 2 DAGs
[2025-01-01T15:24:54.450-0800] {logging_mixin.py:190} INFO - [2025-01-01T15:24:54.450-0800] {dag.py:4180} INFO - Setting next_dagrun for example_xcom_args to None, run_after=None
[2025-01-01T15:24:54.454-0800] {logging_mixin.py:190} INFO - [2025-01-01T15:24:54.453-0800] {dag.py:4180} INFO - Setting next_dagrun for example_xcom_args_with_operators to None, run_after=None
[2025-01-01T15:24:54.472-0800] {processor.py:208} INFO - Processing /opt/anaconda3/envs/airflow_env/lib/python3.9/site-packages/airflow/example_dags/example_xcomargs.py took 0.224 seconds
[2025-01-01T15:27:45.190-0800] {processor.py:186} INFO - Started process (PID=25844) to work on /opt/anaconda3/envs/airflow_env/lib/python3.9/site-packages/airflow/example_dags/example_xcomargs.py
[2025-01-01T15:27:45.193-0800] {processor.py:914} INFO - Processing file /opt/anaconda3/envs/airflow_env/lib/python3.9/site-packages/airflow/example_dags/example_xcomargs.py for tasks to queue
[2025-01-01T15:27:45.194-0800] {logging_mixin.py:190} INFO - [2025-01-01T15:27:45.194-0800] {dagbag.py:588} INFO - Filling up the DagBag from /opt/anaconda3/envs/airflow_env/lib/python3.9/site-packages/airflow/example_dags/example_xcomargs.py
[2025-01-01T15:27:45.273-0800] {processor.py:925} INFO - DAG(s) 'example_xcom_args', 'example_xcom_args_with_operators' retrieved from /opt/anaconda3/envs/airflow_env/lib/python3.9/site-packages/airflow/example_dags/example_xcomargs.py
[2025-01-01T15:27:45.417-0800] {logging_mixin.py:190} INFO - [2025-01-01T15:27:45.417-0800] {dag.py:3239} INFO - Sync 2 DAGs
[2025-01-01T15:27:45.431-0800] {logging_mixin.py:190} INFO - [2025-01-01T15:27:45.431-0800] {dag.py:4180} INFO - Setting next_dagrun for example_xcom_args to None, run_after=None
[2025-01-01T15:27:45.434-0800] {logging_mixin.py:190} INFO - [2025-01-01T15:27:45.434-0800] {dag.py:4180} INFO - Setting next_dagrun for example_xcom_args_with_operators to None, run_after=None
[2025-01-01T15:27:45.458-0800] {processor.py:208} INFO - Processing /opt/anaconda3/envs/airflow_env/lib/python3.9/site-packages/airflow/example_dags/example_xcomargs.py took 0.273 seconds
[2025-01-01T15:30:37.353-0800] {processor.py:186} INFO - Started process (PID=25949) to work on /opt/anaconda3/envs/airflow_env/lib/python3.9/site-packages/airflow/example_dags/example_xcomargs.py
[2025-01-01T15:30:37.356-0800] {processor.py:914} INFO - Processing file /opt/anaconda3/envs/airflow_env/lib/python3.9/site-packages/airflow/example_dags/example_xcomargs.py for tasks to queue
[2025-01-01T15:30:37.358-0800] {logging_mixin.py:190} INFO - [2025-01-01T15:30:37.357-0800] {dagbag.py:588} INFO - Filling up the DagBag from /opt/anaconda3/envs/airflow_env/lib/python3.9/site-packages/airflow/example_dags/example_xcomargs.py
[2025-01-01T15:30:37.458-0800] {processor.py:925} INFO - DAG(s) 'example_xcom_args_with_operators', 'example_xcom_args' retrieved from /opt/anaconda3/envs/airflow_env/lib/python3.9/site-packages/airflow/example_dags/example_xcomargs.py
[2025-01-01T15:30:37.761-0800] {logging_mixin.py:190} INFO - [2025-01-01T15:30:37.761-0800] {dag.py:3239} INFO - Sync 2 DAGs
[2025-01-01T15:30:37.776-0800] {logging_mixin.py:190} INFO - [2025-01-01T15:30:37.775-0800] {dag.py:4180} INFO - Setting next_dagrun for example_xcom_args to None, run_after=None
[2025-01-01T15:30:37.780-0800] {logging_mixin.py:190} INFO - [2025-01-01T15:30:37.780-0800] {dag.py:4180} INFO - Setting next_dagrun for example_xcom_args_with_operators to None, run_after=None
[2025-01-01T15:30:37.800-0800] {processor.py:208} INFO - Processing /opt/anaconda3/envs/airflow_env/lib/python3.9/site-packages/airflow/example_dags/example_xcomargs.py took 0.454 seconds
[2025-01-01T15:33:27.899-0800] {processor.py:186} INFO - Started process (PID=26060) to work on /opt/anaconda3/envs/airflow_env/lib/python3.9/site-packages/airflow/example_dags/example_xcomargs.py
[2025-01-01T15:33:27.900-0800] {processor.py:914} INFO - Processing file /opt/anaconda3/envs/airflow_env/lib/python3.9/site-packages/airflow/example_dags/example_xcomargs.py for tasks to queue
[2025-01-01T15:33:27.901-0800] {logging_mixin.py:190} INFO - [2025-01-01T15:33:27.901-0800] {dagbag.py:588} INFO - Filling up the DagBag from /opt/anaconda3/envs/airflow_env/lib/python3.9/site-packages/airflow/example_dags/example_xcomargs.py
[2025-01-01T15:33:27.941-0800] {processor.py:925} INFO - DAG(s) 'example_xcom_args_with_operators', 'example_xcom_args' retrieved from /opt/anaconda3/envs/airflow_env/lib/python3.9/site-packages/airflow/example_dags/example_xcomargs.py
[2025-01-01T15:33:28.063-0800] {logging_mixin.py:190} INFO - [2025-01-01T15:33:28.062-0800] {dag.py:3239} INFO - Sync 2 DAGs
[2025-01-01T15:33:28.075-0800] {logging_mixin.py:190} INFO - [2025-01-01T15:33:28.075-0800] {dag.py:4180} INFO - Setting next_dagrun for example_xcom_args to None, run_after=None
[2025-01-01T15:33:28.078-0800] {logging_mixin.py:190} INFO - [2025-01-01T15:33:28.078-0800] {dag.py:4180} INFO - Setting next_dagrun for example_xcom_args_with_operators to None, run_after=None
[2025-01-01T15:33:28.100-0800] {processor.py:208} INFO - Processing /opt/anaconda3/envs/airflow_env/lib/python3.9/site-packages/airflow/example_dags/example_xcomargs.py took 0.204 seconds
[2025-01-01T15:36:12.866-0800] {processor.py:186} INFO - Started process (PID=26161) to work on /opt/anaconda3/envs/airflow_env/lib/python3.9/site-packages/airflow/example_dags/example_xcomargs.py
[2025-01-01T15:36:12.867-0800] {processor.py:914} INFO - Processing file /opt/anaconda3/envs/airflow_env/lib/python3.9/site-packages/airflow/example_dags/example_xcomargs.py for tasks to queue
[2025-01-01T15:36:12.868-0800] {logging_mixin.py:190} INFO - [2025-01-01T15:36:12.868-0800] {dagbag.py:588} INFO - Filling up the DagBag from /opt/anaconda3/envs/airflow_env/lib/python3.9/site-packages/airflow/example_dags/example_xcomargs.py
[2025-01-01T15:36:12.906-0800] {processor.py:925} INFO - DAG(s) 'example_xcom_args_with_operators', 'example_xcom_args' retrieved from /opt/anaconda3/envs/airflow_env/lib/python3.9/site-packages/airflow/example_dags/example_xcomargs.py
[2025-01-01T15:36:13.027-0800] {logging_mixin.py:190} INFO - [2025-01-01T15:36:13.027-0800] {dag.py:3239} INFO - Sync 2 DAGs
[2025-01-01T15:36:13.039-0800] {logging_mixin.py:190} INFO - [2025-01-01T15:36:13.039-0800] {dag.py:4180} INFO - Setting next_dagrun for example_xcom_args to None, run_after=None
[2025-01-01T15:36:13.043-0800] {logging_mixin.py:190} INFO - [2025-01-01T15:36:13.042-0800] {dag.py:4180} INFO - Setting next_dagrun for example_xcom_args_with_operators to None, run_after=None
[2025-01-01T15:36:13.062-0800] {processor.py:208} INFO - Processing /opt/anaconda3/envs/airflow_env/lib/python3.9/site-packages/airflow/example_dags/example_xcomargs.py took 0.200 seconds
[2025-01-01T15:39:02.070-0800] {processor.py:186} INFO - Started process (PID=26268) to work on /opt/anaconda3/envs/airflow_env/lib/python3.9/site-packages/airflow/example_dags/example_xcomargs.py
[2025-01-01T15:39:02.072-0800] {processor.py:914} INFO - Processing file /opt/anaconda3/envs/airflow_env/lib/python3.9/site-packages/airflow/example_dags/example_xcomargs.py for tasks to queue
[2025-01-01T15:39:02.074-0800] {logging_mixin.py:190} INFO - [2025-01-01T15:39:02.073-0800] {dagbag.py:588} INFO - Filling up the DagBag from /opt/anaconda3/envs/airflow_env/lib/python3.9/site-packages/airflow/example_dags/example_xcomargs.py
[2025-01-01T15:39:02.118-0800] {processor.py:925} INFO - DAG(s) 'example_xcom_args_with_operators', 'example_xcom_args' retrieved from /opt/anaconda3/envs/airflow_env/lib/python3.9/site-packages/airflow/example_dags/example_xcomargs.py
[2025-01-01T15:39:02.255-0800] {logging_mixin.py:190} INFO - [2025-01-01T15:39:02.255-0800] {dag.py:3239} INFO - Sync 2 DAGs
[2025-01-01T15:39:02.280-0800] {logging_mixin.py:190} INFO - [2025-01-01T15:39:02.280-0800] {dag.py:4180} INFO - Setting next_dagrun for example_xcom_args to None, run_after=None
[2025-01-01T15:39:02.288-0800] {logging_mixin.py:190} INFO - [2025-01-01T15:39:02.287-0800] {dag.py:4180} INFO - Setting next_dagrun for example_xcom_args_with_operators to None, run_after=None
[2025-01-01T15:39:02.324-0800] {processor.py:208} INFO - Processing /opt/anaconda3/envs/airflow_env/lib/python3.9/site-packages/airflow/example_dags/example_xcomargs.py took 0.259 seconds
