[2025-01-01T14:41:27.107-0800] {processor.py:186} INFO - Started process (PID=23643) to work on /opt/anaconda3/envs/airflow_env/lib/python3.9/site-packages/airflow/example_dags/tutorial_taskflow_templates.py
[2025-01-01T14:41:27.109-0800] {processor.py:914} INFO - Processing file /opt/anaconda3/envs/airflow_env/lib/python3.9/site-packages/airflow/example_dags/tutorial_taskflow_templates.py for tasks to queue
[2025-01-01T14:41:27.111-0800] {logging_mixin.py:190} INFO - [2025-01-01T14:41:27.110-0800] {dagbag.py:588} INFO - Filling up the DagBag from /opt/anaconda3/envs/airflow_env/lib/python3.9/site-packages/airflow/example_dags/tutorial_taskflow_templates.py
[2025-01-01T14:41:27.211-0800] {processor.py:925} INFO - DAG(s) 'tutorial_taskflow_templates' retrieved from /opt/anaconda3/envs/airflow_env/lib/python3.9/site-packages/airflow/example_dags/tutorial_taskflow_templates.py
[2025-01-01T14:41:27.975-0800] {logging_mixin.py:190} INFO - [2025-01-01T14:41:27.974-0800] {override.py:1911} INFO - Created Permission View: can delete on DAG:tutorial_taskflow_templates
[2025-01-01T14:41:27.987-0800] {logging_mixin.py:190} INFO - [2025-01-01T14:41:27.986-0800] {override.py:1911} INFO - Created Permission View: can read on DAG:tutorial_taskflow_templates
[2025-01-01T14:41:27.997-0800] {logging_mixin.py:190} INFO - [2025-01-01T14:41:27.996-0800] {override.py:1911} INFO - Created Permission View: can edit on DAG:tutorial_taskflow_templates
[2025-01-01T14:41:28.009-0800] {logging_mixin.py:190} INFO - [2025-01-01T14:41:28.009-0800] {override.py:1911} INFO - Created Permission View: can delete on DAG Run:tutorial_taskflow_templates
[2025-01-01T14:41:28.017-0800] {logging_mixin.py:190} INFO - [2025-01-01T14:41:28.016-0800] {override.py:1911} INFO - Created Permission View: can read on DAG Run:tutorial_taskflow_templates
[2025-01-01T14:41:28.025-0800] {logging_mixin.py:190} INFO - [2025-01-01T14:41:28.025-0800] {override.py:1911} INFO - Created Permission View: can create on DAG Run:tutorial_taskflow_templates
[2025-01-01T14:41:28.034-0800] {logging_mixin.py:190} INFO - [2025-01-01T14:41:28.034-0800] {override.py:1911} INFO - Created Permission View: menu access on DAG Run:tutorial_taskflow_templates
[2025-01-01T14:41:28.035-0800] {logging_mixin.py:190} INFO - [2025-01-01T14:41:28.035-0800] {dag.py:3239} INFO - Sync 1 DAGs
[2025-01-01T14:41:28.069-0800] {logging_mixin.py:190} INFO - [2025-01-01T14:41:28.068-0800] {dag.py:3262} INFO - Creating ORM DAG for tutorial_taskflow_templates
[2025-01-01T14:41:28.090-0800] {logging_mixin.py:190} INFO - [2025-01-01T14:41:28.089-0800] {dag.py:4180} INFO - Setting next_dagrun for tutorial_taskflow_templates to 2024-12-31 00:00:00+00:00, run_after=2025-01-01 00:00:00+00:00
[2025-01-01T14:41:28.152-0800] {processor.py:208} INFO - Processing /opt/anaconda3/envs/airflow_env/lib/python3.9/site-packages/airflow/example_dags/tutorial_taskflow_templates.py took 1.078 seconds
[2025-01-01T14:46:04.812-0800] {processor.py:186} INFO - Started process (PID=23873) to work on /opt/anaconda3/envs/airflow_env/lib/python3.9/site-packages/airflow/example_dags/tutorial_taskflow_templates.py
[2025-01-01T14:46:04.815-0800] {processor.py:914} INFO - Processing file /opt/anaconda3/envs/airflow_env/lib/python3.9/site-packages/airflow/example_dags/tutorial_taskflow_templates.py for tasks to queue
[2025-01-01T14:46:04.816-0800] {logging_mixin.py:190} INFO - [2025-01-01T14:46:04.816-0800] {dagbag.py:588} INFO - Filling up the DagBag from /opt/anaconda3/envs/airflow_env/lib/python3.9/site-packages/airflow/example_dags/tutorial_taskflow_templates.py
[2025-01-01T14:46:04.866-0800] {processor.py:925} INFO - DAG(s) 'tutorial_taskflow_templates' retrieved from /opt/anaconda3/envs/airflow_env/lib/python3.9/site-packages/airflow/example_dags/tutorial_taskflow_templates.py
[2025-01-01T14:46:05.010-0800] {logging_mixin.py:190} INFO - [2025-01-01T14:46:05.010-0800] {dag.py:3239} INFO - Sync 1 DAGs
[2025-01-01T14:46:05.039-0800] {logging_mixin.py:190} INFO - [2025-01-01T14:46:05.039-0800] {dag.py:4180} INFO - Setting next_dagrun for tutorial_taskflow_templates to 2024-12-31 00:00:00+00:00, run_after=2025-01-01 00:00:00+00:00
[2025-01-01T14:46:05.070-0800] {processor.py:208} INFO - Processing /opt/anaconda3/envs/airflow_env/lib/python3.9/site-packages/airflow/example_dags/tutorial_taskflow_templates.py took 0.262 seconds
[2025-01-01T14:49:45.047-0800] {processor.py:186} INFO - Started process (PID=24054) to work on /opt/anaconda3/envs/airflow_env/lib/python3.9/site-packages/airflow/example_dags/tutorial_taskflow_templates.py
[2025-01-01T14:49:45.049-0800] {processor.py:914} INFO - Processing file /opt/anaconda3/envs/airflow_env/lib/python3.9/site-packages/airflow/example_dags/tutorial_taskflow_templates.py for tasks to queue
[2025-01-01T14:49:45.051-0800] {logging_mixin.py:190} INFO - [2025-01-01T14:49:45.051-0800] {dagbag.py:588} INFO - Filling up the DagBag from /opt/anaconda3/envs/airflow_env/lib/python3.9/site-packages/airflow/example_dags/tutorial_taskflow_templates.py
[2025-01-01T14:49:45.135-0800] {processor.py:925} INFO - DAG(s) 'tutorial_taskflow_templates' retrieved from /opt/anaconda3/envs/airflow_env/lib/python3.9/site-packages/airflow/example_dags/tutorial_taskflow_templates.py
[2025-01-01T14:49:45.314-0800] {logging_mixin.py:190} INFO - [2025-01-01T14:49:45.314-0800] {dag.py:3239} INFO - Sync 1 DAGs
[2025-01-01T14:49:45.345-0800] {logging_mixin.py:190} INFO - [2025-01-01T14:49:45.344-0800] {dag.py:4180} INFO - Setting next_dagrun for tutorial_taskflow_templates to 2024-12-31 00:00:00+00:00, run_after=2025-01-01 00:00:00+00:00
[2025-01-01T14:49:45.393-0800] {processor.py:208} INFO - Processing /opt/anaconda3/envs/airflow_env/lib/python3.9/site-packages/airflow/example_dags/tutorial_taskflow_templates.py took 0.353 seconds
[2025-01-01T14:53:12.632-0800] {processor.py:186} INFO - Started process (PID=24234) to work on /opt/anaconda3/envs/airflow_env/lib/python3.9/site-packages/airflow/example_dags/tutorial_taskflow_templates.py
[2025-01-01T14:53:12.634-0800] {processor.py:914} INFO - Processing file /opt/anaconda3/envs/airflow_env/lib/python3.9/site-packages/airflow/example_dags/tutorial_taskflow_templates.py for tasks to queue
[2025-01-01T14:53:12.636-0800] {logging_mixin.py:190} INFO - [2025-01-01T14:53:12.635-0800] {dagbag.py:588} INFO - Filling up the DagBag from /opt/anaconda3/envs/airflow_env/lib/python3.9/site-packages/airflow/example_dags/tutorial_taskflow_templates.py
[2025-01-01T14:53:12.684-0800] {processor.py:925} INFO - DAG(s) 'tutorial_taskflow_templates' retrieved from /opt/anaconda3/envs/airflow_env/lib/python3.9/site-packages/airflow/example_dags/tutorial_taskflow_templates.py
[2025-01-01T14:53:12.975-0800] {logging_mixin.py:190} INFO - [2025-01-01T14:53:12.975-0800] {dag.py:3239} INFO - Sync 1 DAGs
[2025-01-01T14:53:13.019-0800] {logging_mixin.py:190} INFO - [2025-01-01T14:53:13.019-0800] {dag.py:4180} INFO - Setting next_dagrun for tutorial_taskflow_templates to 2024-12-31 00:00:00+00:00, run_after=2025-01-01 00:00:00+00:00
[2025-01-01T14:53:13.050-0800] {processor.py:208} INFO - Processing /opt/anaconda3/envs/airflow_env/lib/python3.9/site-packages/airflow/example_dags/tutorial_taskflow_templates.py took 0.424 seconds
[2025-01-01T14:57:00.872-0800] {processor.py:186} INFO - Started process (PID=24436) to work on /opt/anaconda3/envs/airflow_env/lib/python3.9/site-packages/airflow/example_dags/tutorial_taskflow_templates.py
[2025-01-01T14:57:00.873-0800] {processor.py:914} INFO - Processing file /opt/anaconda3/envs/airflow_env/lib/python3.9/site-packages/airflow/example_dags/tutorial_taskflow_templates.py for tasks to queue
[2025-01-01T14:57:00.874-0800] {logging_mixin.py:190} INFO - [2025-01-01T14:57:00.874-0800] {dagbag.py:588} INFO - Filling up the DagBag from /opt/anaconda3/envs/airflow_env/lib/python3.9/site-packages/airflow/example_dags/tutorial_taskflow_templates.py
[2025-01-01T14:57:00.918-0800] {processor.py:925} INFO - DAG(s) 'tutorial_taskflow_templates' retrieved from /opt/anaconda3/envs/airflow_env/lib/python3.9/site-packages/airflow/example_dags/tutorial_taskflow_templates.py
[2025-01-01T14:57:01.063-0800] {logging_mixin.py:190} INFO - [2025-01-01T14:57:01.062-0800] {dag.py:3239} INFO - Sync 1 DAGs
[2025-01-01T14:57:01.091-0800] {logging_mixin.py:190} INFO - [2025-01-01T14:57:01.091-0800] {dag.py:4180} INFO - Setting next_dagrun for tutorial_taskflow_templates to 2024-12-31 00:00:00+00:00, run_after=2025-01-01 00:00:00+00:00
[2025-01-01T14:57:01.115-0800] {processor.py:208} INFO - Processing /opt/anaconda3/envs/airflow_env/lib/python3.9/site-packages/airflow/example_dags/tutorial_taskflow_templates.py took 0.247 seconds
[2025-01-01T15:00:51.895-0800] {processor.py:186} INFO - Started process (PID=24589) to work on /opt/anaconda3/envs/airflow_env/lib/python3.9/site-packages/airflow/example_dags/tutorial_taskflow_templates.py
[2025-01-01T15:00:51.897-0800] {processor.py:914} INFO - Processing file /opt/anaconda3/envs/airflow_env/lib/python3.9/site-packages/airflow/example_dags/tutorial_taskflow_templates.py for tasks to queue
[2025-01-01T15:00:51.899-0800] {logging_mixin.py:190} INFO - [2025-01-01T15:00:51.899-0800] {dagbag.py:588} INFO - Filling up the DagBag from /opt/anaconda3/envs/airflow_env/lib/python3.9/site-packages/airflow/example_dags/tutorial_taskflow_templates.py
[2025-01-01T15:00:51.951-0800] {processor.py:925} INFO - DAG(s) 'tutorial_taskflow_templates' retrieved from /opt/anaconda3/envs/airflow_env/lib/python3.9/site-packages/airflow/example_dags/tutorial_taskflow_templates.py
[2025-01-01T15:00:52.096-0800] {logging_mixin.py:190} INFO - [2025-01-01T15:00:52.095-0800] {dag.py:3239} INFO - Sync 1 DAGs
[2025-01-01T15:00:52.117-0800] {logging_mixin.py:190} INFO - [2025-01-01T15:00:52.117-0800] {dag.py:4180} INFO - Setting next_dagrun for tutorial_taskflow_templates to 2024-12-31 00:00:00+00:00, run_after=2025-01-01 00:00:00+00:00
[2025-01-01T15:00:52.147-0800] {processor.py:208} INFO - Processing /opt/anaconda3/envs/airflow_env/lib/python3.9/site-packages/airflow/example_dags/tutorial_taskflow_templates.py took 0.261 seconds
[2025-01-01T15:06:53.999-0800] {processor.py:186} INFO - Started process (PID=24852) to work on /opt/anaconda3/envs/airflow_env/lib/python3.9/site-packages/airflow/example_dags/tutorial_taskflow_templates.py
[2025-01-01T15:06:54.003-0800] {processor.py:914} INFO - Processing file /opt/anaconda3/envs/airflow_env/lib/python3.9/site-packages/airflow/example_dags/tutorial_taskflow_templates.py for tasks to queue
[2025-01-01T15:06:54.005-0800] {logging_mixin.py:190} INFO - [2025-01-01T15:06:54.004-0800] {dagbag.py:588} INFO - Filling up the DagBag from /opt/anaconda3/envs/airflow_env/lib/python3.9/site-packages/airflow/example_dags/tutorial_taskflow_templates.py
[2025-01-01T15:06:54.089-0800] {processor.py:925} INFO - DAG(s) 'tutorial_taskflow_templates' retrieved from /opt/anaconda3/envs/airflow_env/lib/python3.9/site-packages/airflow/example_dags/tutorial_taskflow_templates.py
[2025-01-01T15:06:54.297-0800] {logging_mixin.py:190} INFO - [2025-01-01T15:06:54.296-0800] {dag.py:3239} INFO - Sync 1 DAGs
[2025-01-01T15:06:54.329-0800] {logging_mixin.py:190} INFO - [2025-01-01T15:06:54.328-0800] {dag.py:4180} INFO - Setting next_dagrun for tutorial_taskflow_templates to 2024-12-31 00:00:00+00:00, run_after=2025-01-01 00:00:00+00:00
[2025-01-01T15:06:54.359-0800] {processor.py:208} INFO - Processing /opt/anaconda3/envs/airflow_env/lib/python3.9/site-packages/airflow/example_dags/tutorial_taskflow_templates.py took 0.366 seconds
[2025-01-01T15:11:06.963-0800] {processor.py:186} INFO - Started process (PID=25057) to work on /opt/anaconda3/envs/airflow_env/lib/python3.9/site-packages/airflow/example_dags/tutorial_taskflow_templates.py
[2025-01-01T15:11:06.966-0800] {processor.py:914} INFO - Processing file /opt/anaconda3/envs/airflow_env/lib/python3.9/site-packages/airflow/example_dags/tutorial_taskflow_templates.py for tasks to queue
[2025-01-01T15:11:06.967-0800] {logging_mixin.py:190} INFO - [2025-01-01T15:11:06.967-0800] {dagbag.py:588} INFO - Filling up the DagBag from /opt/anaconda3/envs/airflow_env/lib/python3.9/site-packages/airflow/example_dags/tutorial_taskflow_templates.py
[2025-01-01T15:11:07.041-0800] {processor.py:925} INFO - DAG(s) 'tutorial_taskflow_templates' retrieved from /opt/anaconda3/envs/airflow_env/lib/python3.9/site-packages/airflow/example_dags/tutorial_taskflow_templates.py
[2025-01-01T15:11:07.205-0800] {logging_mixin.py:190} INFO - [2025-01-01T15:11:07.205-0800] {dag.py:3239} INFO - Sync 1 DAGs
[2025-01-01T15:11:07.239-0800] {logging_mixin.py:190} INFO - [2025-01-01T15:11:07.238-0800] {dag.py:4180} INFO - Setting next_dagrun for tutorial_taskflow_templates to 2024-12-31 00:00:00+00:00, run_after=2025-01-01 00:00:00+00:00
[2025-01-01T15:11:07.263-0800] {processor.py:208} INFO - Processing /opt/anaconda3/envs/airflow_env/lib/python3.9/site-packages/airflow/example_dags/tutorial_taskflow_templates.py took 0.304 seconds
[2025-01-01T15:14:56.350-0800] {processor.py:186} INFO - Started process (PID=25271) to work on /opt/anaconda3/envs/airflow_env/lib/python3.9/site-packages/airflow/example_dags/tutorial_taskflow_templates.py
[2025-01-01T15:14:56.353-0800] {processor.py:914} INFO - Processing file /opt/anaconda3/envs/airflow_env/lib/python3.9/site-packages/airflow/example_dags/tutorial_taskflow_templates.py for tasks to queue
[2025-01-01T15:14:56.354-0800] {logging_mixin.py:190} INFO - [2025-01-01T15:14:56.354-0800] {dagbag.py:588} INFO - Filling up the DagBag from /opt/anaconda3/envs/airflow_env/lib/python3.9/site-packages/airflow/example_dags/tutorial_taskflow_templates.py
[2025-01-01T15:14:56.449-0800] {processor.py:925} INFO - DAG(s) 'tutorial_taskflow_templates' retrieved from /opt/anaconda3/envs/airflow_env/lib/python3.9/site-packages/airflow/example_dags/tutorial_taskflow_templates.py
[2025-01-01T15:14:56.624-0800] {logging_mixin.py:190} INFO - [2025-01-01T15:14:56.624-0800] {dag.py:3239} INFO - Sync 1 DAGs
[2025-01-01T15:14:56.653-0800] {logging_mixin.py:190} INFO - [2025-01-01T15:14:56.653-0800] {dag.py:4180} INFO - Setting next_dagrun for tutorial_taskflow_templates to 2024-12-31 00:00:00+00:00, run_after=2025-01-01 00:00:00+00:00
[2025-01-01T15:14:56.689-0800] {processor.py:208} INFO - Processing /opt/anaconda3/envs/airflow_env/lib/python3.9/site-packages/airflow/example_dags/tutorial_taskflow_templates.py took 0.344 seconds
[2025-01-01T15:18:27.631-0800] {processor.py:186} INFO - Started process (PID=25402) to work on /opt/anaconda3/envs/airflow_env/lib/python3.9/site-packages/airflow/example_dags/tutorial_taskflow_templates.py
[2025-01-01T15:18:27.633-0800] {processor.py:914} INFO - Processing file /opt/anaconda3/envs/airflow_env/lib/python3.9/site-packages/airflow/example_dags/tutorial_taskflow_templates.py for tasks to queue
[2025-01-01T15:18:27.635-0800] {logging_mixin.py:190} INFO - [2025-01-01T15:18:27.634-0800] {dagbag.py:588} INFO - Filling up the DagBag from /opt/anaconda3/envs/airflow_env/lib/python3.9/site-packages/airflow/example_dags/tutorial_taskflow_templates.py
[2025-01-01T15:18:27.684-0800] {processor.py:925} INFO - DAG(s) 'tutorial_taskflow_templates' retrieved from /opt/anaconda3/envs/airflow_env/lib/python3.9/site-packages/airflow/example_dags/tutorial_taskflow_templates.py
[2025-01-01T15:18:27.807-0800] {logging_mixin.py:190} INFO - [2025-01-01T15:18:27.807-0800] {dag.py:3239} INFO - Sync 1 DAGs
[2025-01-01T15:18:27.828-0800] {logging_mixin.py:190} INFO - [2025-01-01T15:18:27.828-0800] {dag.py:4180} INFO - Setting next_dagrun for tutorial_taskflow_templates to 2024-12-31 00:00:00+00:00, run_after=2025-01-01 00:00:00+00:00
[2025-01-01T15:18:27.851-0800] {processor.py:208} INFO - Processing /opt/anaconda3/envs/airflow_env/lib/python3.9/site-packages/airflow/example_dags/tutorial_taskflow_templates.py took 0.224 seconds
[2025-01-01T15:21:36.552-0800] {processor.py:186} INFO - Started process (PID=25572) to work on /opt/anaconda3/envs/airflow_env/lib/python3.9/site-packages/airflow/example_dags/tutorial_taskflow_templates.py
[2025-01-01T15:21:36.554-0800] {processor.py:914} INFO - Processing file /opt/anaconda3/envs/airflow_env/lib/python3.9/site-packages/airflow/example_dags/tutorial_taskflow_templates.py for tasks to queue
[2025-01-01T15:21:36.555-0800] {logging_mixin.py:190} INFO - [2025-01-01T15:21:36.555-0800] {dagbag.py:588} INFO - Filling up the DagBag from /opt/anaconda3/envs/airflow_env/lib/python3.9/site-packages/airflow/example_dags/tutorial_taskflow_templates.py
[2025-01-01T15:21:36.597-0800] {processor.py:925} INFO - DAG(s) 'tutorial_taskflow_templates' retrieved from /opt/anaconda3/envs/airflow_env/lib/python3.9/site-packages/airflow/example_dags/tutorial_taskflow_templates.py
[2025-01-01T15:21:36.718-0800] {logging_mixin.py:190} INFO - [2025-01-01T15:21:36.718-0800] {dag.py:3239} INFO - Sync 1 DAGs
[2025-01-01T15:21:36.739-0800] {logging_mixin.py:190} INFO - [2025-01-01T15:21:36.739-0800] {dag.py:4180} INFO - Setting next_dagrun for tutorial_taskflow_templates to 2024-12-31 00:00:00+00:00, run_after=2025-01-01 00:00:00+00:00
[2025-01-01T15:21:36.764-0800] {processor.py:208} INFO - Processing /opt/anaconda3/envs/airflow_env/lib/python3.9/site-packages/airflow/example_dags/tutorial_taskflow_templates.py took 0.217 seconds
[2025-01-01T15:24:33.825-0800] {processor.py:186} INFO - Started process (PID=25712) to work on /opt/anaconda3/envs/airflow_env/lib/python3.9/site-packages/airflow/example_dags/tutorial_taskflow_templates.py
[2025-01-01T15:24:33.828-0800] {processor.py:914} INFO - Processing file /opt/anaconda3/envs/airflow_env/lib/python3.9/site-packages/airflow/example_dags/tutorial_taskflow_templates.py for tasks to queue
[2025-01-01T15:24:33.829-0800] {logging_mixin.py:190} INFO - [2025-01-01T15:24:33.829-0800] {dagbag.py:588} INFO - Filling up the DagBag from /opt/anaconda3/envs/airflow_env/lib/python3.9/site-packages/airflow/example_dags/tutorial_taskflow_templates.py
[2025-01-01T15:24:33.871-0800] {processor.py:925} INFO - DAG(s) 'tutorial_taskflow_templates' retrieved from /opt/anaconda3/envs/airflow_env/lib/python3.9/site-packages/airflow/example_dags/tutorial_taskflow_templates.py
[2025-01-01T15:24:34.011-0800] {logging_mixin.py:190} INFO - [2025-01-01T15:24:34.011-0800] {dag.py:3239} INFO - Sync 1 DAGs
[2025-01-01T15:24:34.044-0800] {logging_mixin.py:190} INFO - [2025-01-01T15:24:34.043-0800] {dag.py:4180} INFO - Setting next_dagrun for tutorial_taskflow_templates to 2024-12-31 00:00:00+00:00, run_after=2025-01-01 00:00:00+00:00
[2025-01-01T15:24:34.068-0800] {processor.py:208} INFO - Processing /opt/anaconda3/envs/airflow_env/lib/python3.9/site-packages/airflow/example_dags/tutorial_taskflow_templates.py took 0.247 seconds
[2025-01-01T15:27:22.398-0800] {processor.py:186} INFO - Started process (PID=25832) to work on /opt/anaconda3/envs/airflow_env/lib/python3.9/site-packages/airflow/example_dags/tutorial_taskflow_templates.py
[2025-01-01T15:27:22.400-0800] {processor.py:914} INFO - Processing file /opt/anaconda3/envs/airflow_env/lib/python3.9/site-packages/airflow/example_dags/tutorial_taskflow_templates.py for tasks to queue
[2025-01-01T15:27:22.402-0800] {logging_mixin.py:190} INFO - [2025-01-01T15:27:22.402-0800] {dagbag.py:588} INFO - Filling up the DagBag from /opt/anaconda3/envs/airflow_env/lib/python3.9/site-packages/airflow/example_dags/tutorial_taskflow_templates.py
[2025-01-01T15:27:22.506-0800] {processor.py:925} INFO - DAG(s) 'tutorial_taskflow_templates' retrieved from /opt/anaconda3/envs/airflow_env/lib/python3.9/site-packages/airflow/example_dags/tutorial_taskflow_templates.py
[2025-01-01T15:27:22.631-0800] {logging_mixin.py:190} INFO - [2025-01-01T15:27:22.631-0800] {dag.py:3239} INFO - Sync 1 DAGs
[2025-01-01T15:27:22.652-0800] {logging_mixin.py:190} INFO - [2025-01-01T15:27:22.652-0800] {dag.py:4180} INFO - Setting next_dagrun for tutorial_taskflow_templates to 2024-12-31 00:00:00+00:00, run_after=2025-01-01 00:00:00+00:00
[2025-01-01T15:27:22.675-0800] {processor.py:208} INFO - Processing /opt/anaconda3/envs/airflow_env/lib/python3.9/site-packages/airflow/example_dags/tutorial_taskflow_templates.py took 0.281 seconds
[2025-01-01T15:30:15.893-0800] {processor.py:186} INFO - Started process (PID=25936) to work on /opt/anaconda3/envs/airflow_env/lib/python3.9/site-packages/airflow/example_dags/tutorial_taskflow_templates.py
[2025-01-01T15:30:15.896-0800] {processor.py:914} INFO - Processing file /opt/anaconda3/envs/airflow_env/lib/python3.9/site-packages/airflow/example_dags/tutorial_taskflow_templates.py for tasks to queue
[2025-01-01T15:30:15.899-0800] {logging_mixin.py:190} INFO - [2025-01-01T15:30:15.898-0800] {dagbag.py:588} INFO - Filling up the DagBag from /opt/anaconda3/envs/airflow_env/lib/python3.9/site-packages/airflow/example_dags/tutorial_taskflow_templates.py
[2025-01-01T15:30:15.944-0800] {processor.py:925} INFO - DAG(s) 'tutorial_taskflow_templates' retrieved from /opt/anaconda3/envs/airflow_env/lib/python3.9/site-packages/airflow/example_dags/tutorial_taskflow_templates.py
[2025-01-01T15:30:16.085-0800] {logging_mixin.py:190} INFO - [2025-01-01T15:30:16.084-0800] {dag.py:3239} INFO - Sync 1 DAGs
[2025-01-01T15:30:16.105-0800] {logging_mixin.py:190} INFO - [2025-01-01T15:30:16.105-0800] {dag.py:4180} INFO - Setting next_dagrun for tutorial_taskflow_templates to 2024-12-31 00:00:00+00:00, run_after=2025-01-01 00:00:00+00:00
[2025-01-01T15:30:16.128-0800] {processor.py:208} INFO - Processing /opt/anaconda3/envs/airflow_env/lib/python3.9/site-packages/airflow/example_dags/tutorial_taskflow_templates.py took 0.239 seconds
[2025-01-01T15:33:07.288-0800] {processor.py:186} INFO - Started process (PID=26047) to work on /opt/anaconda3/envs/airflow_env/lib/python3.9/site-packages/airflow/example_dags/tutorial_taskflow_templates.py
[2025-01-01T15:33:07.290-0800] {processor.py:914} INFO - Processing file /opt/anaconda3/envs/airflow_env/lib/python3.9/site-packages/airflow/example_dags/tutorial_taskflow_templates.py for tasks to queue
[2025-01-01T15:33:07.291-0800] {logging_mixin.py:190} INFO - [2025-01-01T15:33:07.291-0800] {dagbag.py:588} INFO - Filling up the DagBag from /opt/anaconda3/envs/airflow_env/lib/python3.9/site-packages/airflow/example_dags/tutorial_taskflow_templates.py
[2025-01-01T15:33:07.338-0800] {processor.py:925} INFO - DAG(s) 'tutorial_taskflow_templates' retrieved from /opt/anaconda3/envs/airflow_env/lib/python3.9/site-packages/airflow/example_dags/tutorial_taskflow_templates.py
[2025-01-01T15:33:07.460-0800] {logging_mixin.py:190} INFO - [2025-01-01T15:33:07.460-0800] {dag.py:3239} INFO - Sync 1 DAGs
[2025-01-01T15:33:07.482-0800] {logging_mixin.py:190} INFO - [2025-01-01T15:33:07.481-0800] {dag.py:4180} INFO - Setting next_dagrun for tutorial_taskflow_templates to 2024-12-31 00:00:00+00:00, run_after=2025-01-01 00:00:00+00:00
[2025-01-01T15:33:07.509-0800] {processor.py:208} INFO - Processing /opt/anaconda3/envs/airflow_env/lib/python3.9/site-packages/airflow/example_dags/tutorial_taskflow_templates.py took 0.226 seconds
[2025-01-01T15:35:52.923-0800] {processor.py:186} INFO - Started process (PID=26148) to work on /opt/anaconda3/envs/airflow_env/lib/python3.9/site-packages/airflow/example_dags/tutorial_taskflow_templates.py
[2025-01-01T15:35:52.924-0800] {processor.py:914} INFO - Processing file /opt/anaconda3/envs/airflow_env/lib/python3.9/site-packages/airflow/example_dags/tutorial_taskflow_templates.py for tasks to queue
[2025-01-01T15:35:52.925-0800] {logging_mixin.py:190} INFO - [2025-01-01T15:35:52.925-0800] {dagbag.py:588} INFO - Filling up the DagBag from /opt/anaconda3/envs/airflow_env/lib/python3.9/site-packages/airflow/example_dags/tutorial_taskflow_templates.py
[2025-01-01T15:35:52.967-0800] {processor.py:925} INFO - DAG(s) 'tutorial_taskflow_templates' retrieved from /opt/anaconda3/envs/airflow_env/lib/python3.9/site-packages/airflow/example_dags/tutorial_taskflow_templates.py
[2025-01-01T15:35:53.109-0800] {logging_mixin.py:190} INFO - [2025-01-01T15:35:53.109-0800] {dag.py:3239} INFO - Sync 1 DAGs
[2025-01-01T15:35:53.130-0800] {logging_mixin.py:190} INFO - [2025-01-01T15:35:53.129-0800] {dag.py:4180} INFO - Setting next_dagrun for tutorial_taskflow_templates to 2024-12-31 00:00:00+00:00, run_after=2025-01-01 00:00:00+00:00
[2025-01-01T15:35:53.152-0800] {processor.py:208} INFO - Processing /opt/anaconda3/envs/airflow_env/lib/python3.9/site-packages/airflow/example_dags/tutorial_taskflow_templates.py took 0.233 seconds
[2025-01-01T15:38:42.310-0800] {processor.py:186} INFO - Started process (PID=26256) to work on /opt/anaconda3/envs/airflow_env/lib/python3.9/site-packages/airflow/example_dags/tutorial_taskflow_templates.py
[2025-01-01T15:38:42.313-0800] {processor.py:914} INFO - Processing file /opt/anaconda3/envs/airflow_env/lib/python3.9/site-packages/airflow/example_dags/tutorial_taskflow_templates.py for tasks to queue
[2025-01-01T15:38:42.314-0800] {logging_mixin.py:190} INFO - [2025-01-01T15:38:42.314-0800] {dagbag.py:588} INFO - Filling up the DagBag from /opt/anaconda3/envs/airflow_env/lib/python3.9/site-packages/airflow/example_dags/tutorial_taskflow_templates.py
[2025-01-01T15:38:42.370-0800] {processor.py:925} INFO - DAG(s) 'tutorial_taskflow_templates' retrieved from /opt/anaconda3/envs/airflow_env/lib/python3.9/site-packages/airflow/example_dags/tutorial_taskflow_templates.py
[2025-01-01T15:38:42.541-0800] {logging_mixin.py:190} INFO - [2025-01-01T15:38:42.540-0800] {dag.py:3239} INFO - Sync 1 DAGs
[2025-01-01T15:38:42.568-0800] {logging_mixin.py:190} INFO - [2025-01-01T15:38:42.568-0800] {dag.py:4180} INFO - Setting next_dagrun for tutorial_taskflow_templates to 2024-12-31 00:00:00+00:00, run_after=2025-01-01 00:00:00+00:00
[2025-01-01T15:38:42.591-0800] {processor.py:208} INFO - Processing /opt/anaconda3/envs/airflow_env/lib/python3.9/site-packages/airflow/example_dags/tutorial_taskflow_templates.py took 0.288 seconds
[2025-01-01T15:41:32.680-0800] {processor.py:186} INFO - Started process (PID=26359) to work on /opt/anaconda3/envs/airflow_env/lib/python3.9/site-packages/airflow/example_dags/tutorial_taskflow_templates.py
[2025-01-01T15:41:32.683-0800] {processor.py:914} INFO - Processing file /opt/anaconda3/envs/airflow_env/lib/python3.9/site-packages/airflow/example_dags/tutorial_taskflow_templates.py for tasks to queue
[2025-01-01T15:41:32.684-0800] {logging_mixin.py:190} INFO - [2025-01-01T15:41:32.684-0800] {dagbag.py:588} INFO - Filling up the DagBag from /opt/anaconda3/envs/airflow_env/lib/python3.9/site-packages/airflow/example_dags/tutorial_taskflow_templates.py
[2025-01-01T15:41:32.745-0800] {processor.py:925} INFO - DAG(s) 'tutorial_taskflow_templates' retrieved from /opt/anaconda3/envs/airflow_env/lib/python3.9/site-packages/airflow/example_dags/tutorial_taskflow_templates.py
[2025-01-01T15:41:32.964-0800] {logging_mixin.py:190} INFO - [2025-01-01T15:41:32.963-0800] {dag.py:3239} INFO - Sync 1 DAGs
[2025-01-01T15:41:33.017-0800] {logging_mixin.py:190} INFO - [2025-01-01T15:41:33.016-0800] {dag.py:4180} INFO - Setting next_dagrun for tutorial_taskflow_templates to 2024-12-31 00:00:00+00:00, run_after=2025-01-01 00:00:00+00:00
[2025-01-01T15:41:33.059-0800] {processor.py:208} INFO - Processing /opt/anaconda3/envs/airflow_env/lib/python3.9/site-packages/airflow/example_dags/tutorial_taskflow_templates.py took 0.383 seconds
