[2025-01-01T14:41:40.904-0800] {processor.py:186} INFO - Started process (PID=23668) to work on /opt/anaconda3/envs/airflow_env/lib/python3.9/site-packages/airflow/example_dags/tutorial_objectstorage.py
[2025-01-01T14:41:40.906-0800] {processor.py:914} INFO - Processing file /opt/anaconda3/envs/airflow_env/lib/python3.9/site-packages/airflow/example_dags/tutorial_objectstorage.py for tasks to queue
[2025-01-01T14:41:40.907-0800] {logging_mixin.py:190} INFO - [2025-01-01T14:41:40.907-0800] {dagbag.py:588} INFO - Filling up the DagBag from /opt/anaconda3/envs/airflow_env/lib/python3.9/site-packages/airflow/example_dags/tutorial_objectstorage.py
[2025-01-01T14:41:40.949-0800] {processor.py:925} INFO - DAG(s) 'tutorial_objectstorage' retrieved from /opt/anaconda3/envs/airflow_env/lib/python3.9/site-packages/airflow/example_dags/tutorial_objectstorage.py
[2025-01-01T14:41:41.251-0800] {logging_mixin.py:190} INFO - [2025-01-01T14:41:41.249-0800] {override.py:1911} INFO - Created Permission View: can read on DAG:tutorial_objectstorage
[2025-01-01T14:41:41.275-0800] {logging_mixin.py:190} INFO - [2025-01-01T14:41:41.275-0800] {override.py:1911} INFO - Created Permission View: can delete on DAG:tutorial_objectstorage
[2025-01-01T14:41:41.284-0800] {logging_mixin.py:190} INFO - [2025-01-01T14:41:41.283-0800] {override.py:1911} INFO - Created Permission View: can edit on DAG:tutorial_objectstorage
[2025-01-01T14:41:41.296-0800] {logging_mixin.py:190} INFO - [2025-01-01T14:41:41.295-0800] {override.py:1911} INFO - Created Permission View: menu access on DAG Run:tutorial_objectstorage
[2025-01-01T14:41:41.305-0800] {logging_mixin.py:190} INFO - [2025-01-01T14:41:41.304-0800] {override.py:1911} INFO - Created Permission View: can read on DAG Run:tutorial_objectstorage
[2025-01-01T14:41:41.315-0800] {logging_mixin.py:190} INFO - [2025-01-01T14:41:41.315-0800] {override.py:1911} INFO - Created Permission View: can create on DAG Run:tutorial_objectstorage
[2025-01-01T14:41:41.324-0800] {logging_mixin.py:190} INFO - [2025-01-01T14:41:41.323-0800] {override.py:1911} INFO - Created Permission View: can delete on DAG Run:tutorial_objectstorage
[2025-01-01T14:41:41.325-0800] {logging_mixin.py:190} INFO - [2025-01-01T14:41:41.324-0800] {dag.py:3239} INFO - Sync 1 DAGs
[2025-01-01T14:41:41.338-0800] {logging_mixin.py:190} INFO - [2025-01-01T14:41:41.338-0800] {dag.py:3262} INFO - Creating ORM DAG for tutorial_objectstorage
[2025-01-01T14:41:41.339-0800] {logging_mixin.py:190} INFO - [2025-01-01T14:41:41.339-0800] {dag.py:4180} INFO - Setting next_dagrun for tutorial_objectstorage to None, run_after=None
[2025-01-01T14:41:41.369-0800] {processor.py:208} INFO - Processing /opt/anaconda3/envs/airflow_env/lib/python3.9/site-packages/airflow/example_dags/tutorial_objectstorage.py took 0.472 seconds
[2025-01-01T14:46:16.665-0800] {processor.py:186} INFO - Started process (PID=23886) to work on /opt/anaconda3/envs/airflow_env/lib/python3.9/site-packages/airflow/example_dags/tutorial_objectstorage.py
[2025-01-01T14:46:16.667-0800] {processor.py:914} INFO - Processing file /opt/anaconda3/envs/airflow_env/lib/python3.9/site-packages/airflow/example_dags/tutorial_objectstorage.py for tasks to queue
[2025-01-01T14:46:16.669-0800] {logging_mixin.py:190} INFO - [2025-01-01T14:46:16.669-0800] {dagbag.py:588} INFO - Filling up the DagBag from /opt/anaconda3/envs/airflow_env/lib/python3.9/site-packages/airflow/example_dags/tutorial_objectstorage.py
[2025-01-01T14:46:16.720-0800] {processor.py:925} INFO - DAG(s) 'tutorial_objectstorage' retrieved from /opt/anaconda3/envs/airflow_env/lib/python3.9/site-packages/airflow/example_dags/tutorial_objectstorage.py
[2025-01-01T14:46:16.862-0800] {logging_mixin.py:190} INFO - [2025-01-01T14:46:16.861-0800] {dag.py:3239} INFO - Sync 1 DAGs
[2025-01-01T14:46:16.874-0800] {logging_mixin.py:190} INFO - [2025-01-01T14:46:16.874-0800] {dag.py:4180} INFO - Setting next_dagrun for tutorial_objectstorage to None, run_after=None
[2025-01-01T14:46:16.898-0800] {processor.py:208} INFO - Processing /opt/anaconda3/envs/airflow_env/lib/python3.9/site-packages/airflow/example_dags/tutorial_objectstorage.py took 0.238 seconds
[2025-01-01T14:49:57.006-0800] {processor.py:186} INFO - Started process (PID=24068) to work on /opt/anaconda3/envs/airflow_env/lib/python3.9/site-packages/airflow/example_dags/tutorial_objectstorage.py
[2025-01-01T14:49:57.009-0800] {processor.py:914} INFO - Processing file /opt/anaconda3/envs/airflow_env/lib/python3.9/site-packages/airflow/example_dags/tutorial_objectstorage.py for tasks to queue
[2025-01-01T14:49:57.010-0800] {logging_mixin.py:190} INFO - [2025-01-01T14:49:57.010-0800] {dagbag.py:588} INFO - Filling up the DagBag from /opt/anaconda3/envs/airflow_env/lib/python3.9/site-packages/airflow/example_dags/tutorial_objectstorage.py
[2025-01-01T14:49:57.051-0800] {processor.py:925} INFO - DAG(s) 'tutorial_objectstorage' retrieved from /opt/anaconda3/envs/airflow_env/lib/python3.9/site-packages/airflow/example_dags/tutorial_objectstorage.py
[2025-01-01T14:49:57.188-0800] {logging_mixin.py:190} INFO - [2025-01-01T14:49:57.188-0800] {dag.py:3239} INFO - Sync 1 DAGs
[2025-01-01T14:49:57.204-0800] {logging_mixin.py:190} INFO - [2025-01-01T14:49:57.204-0800] {dag.py:4180} INFO - Setting next_dagrun for tutorial_objectstorage to None, run_after=None
[2025-01-01T14:49:57.229-0800] {processor.py:208} INFO - Processing /opt/anaconda3/envs/airflow_env/lib/python3.9/site-packages/airflow/example_dags/tutorial_objectstorage.py took 0.229 seconds
[2025-01-01T14:53:26.917-0800] {processor.py:186} INFO - Started process (PID=24245) to work on /opt/anaconda3/envs/airflow_env/lib/python3.9/site-packages/airflow/example_dags/tutorial_objectstorage.py
[2025-01-01T14:53:26.923-0800] {processor.py:914} INFO - Processing file /opt/anaconda3/envs/airflow_env/lib/python3.9/site-packages/airflow/example_dags/tutorial_objectstorage.py for tasks to queue
[2025-01-01T14:53:26.925-0800] {logging_mixin.py:190} INFO - [2025-01-01T14:53:26.925-0800] {dagbag.py:588} INFO - Filling up the DagBag from /opt/anaconda3/envs/airflow_env/lib/python3.9/site-packages/airflow/example_dags/tutorial_objectstorage.py
[2025-01-01T14:53:27.003-0800] {processor.py:925} INFO - DAG(s) 'tutorial_objectstorage' retrieved from /opt/anaconda3/envs/airflow_env/lib/python3.9/site-packages/airflow/example_dags/tutorial_objectstorage.py
[2025-01-01T14:53:27.147-0800] {logging_mixin.py:190} INFO - [2025-01-01T14:53:27.147-0800] {dag.py:3239} INFO - Sync 1 DAGs
[2025-01-01T14:53:27.160-0800] {logging_mixin.py:190} INFO - [2025-01-01T14:53:27.160-0800] {dag.py:4180} INFO - Setting next_dagrun for tutorial_objectstorage to None, run_after=None
[2025-01-01T14:53:27.189-0800] {processor.py:208} INFO - Processing /opt/anaconda3/envs/airflow_env/lib/python3.9/site-packages/airflow/example_dags/tutorial_objectstorage.py took 0.281 seconds
[2025-01-01T14:57:12.333-0800] {processor.py:186} INFO - Started process (PID=24447) to work on /opt/anaconda3/envs/airflow_env/lib/python3.9/site-packages/airflow/example_dags/tutorial_objectstorage.py
[2025-01-01T14:57:12.338-0800] {processor.py:914} INFO - Processing file /opt/anaconda3/envs/airflow_env/lib/python3.9/site-packages/airflow/example_dags/tutorial_objectstorage.py for tasks to queue
[2025-01-01T14:57:12.339-0800] {logging_mixin.py:190} INFO - [2025-01-01T14:57:12.339-0800] {dagbag.py:588} INFO - Filling up the DagBag from /opt/anaconda3/envs/airflow_env/lib/python3.9/site-packages/airflow/example_dags/tutorial_objectstorage.py
[2025-01-01T14:57:12.399-0800] {processor.py:925} INFO - DAG(s) 'tutorial_objectstorage' retrieved from /opt/anaconda3/envs/airflow_env/lib/python3.9/site-packages/airflow/example_dags/tutorial_objectstorage.py
[2025-01-01T14:57:12.614-0800] {logging_mixin.py:190} INFO - [2025-01-01T14:57:12.613-0800] {dag.py:3239} INFO - Sync 1 DAGs
[2025-01-01T14:57:12.631-0800] {logging_mixin.py:190} INFO - [2025-01-01T14:57:12.631-0800] {dag.py:4180} INFO - Setting next_dagrun for tutorial_objectstorage to None, run_after=None
[2025-01-01T14:57:12.661-0800] {processor.py:208} INFO - Processing /opt/anaconda3/envs/airflow_env/lib/python3.9/site-packages/airflow/example_dags/tutorial_objectstorage.py took 0.334 seconds
[2025-01-01T15:01:03.178-0800] {processor.py:186} INFO - Started process (PID=24595) to work on /opt/anaconda3/envs/airflow_env/lib/python3.9/site-packages/airflow/example_dags/tutorial_objectstorage.py
[2025-01-01T15:01:03.179-0800] {processor.py:914} INFO - Processing file /opt/anaconda3/envs/airflow_env/lib/python3.9/site-packages/airflow/example_dags/tutorial_objectstorage.py for tasks to queue
[2025-01-01T15:01:03.180-0800] {logging_mixin.py:190} INFO - [2025-01-01T15:01:03.180-0800] {dagbag.py:588} INFO - Filling up the DagBag from /opt/anaconda3/envs/airflow_env/lib/python3.9/site-packages/airflow/example_dags/tutorial_objectstorage.py
[2025-01-01T15:01:03.227-0800] {processor.py:925} INFO - DAG(s) 'tutorial_objectstorage' retrieved from /opt/anaconda3/envs/airflow_env/lib/python3.9/site-packages/airflow/example_dags/tutorial_objectstorage.py
[2025-01-01T15:01:03.365-0800] {logging_mixin.py:190} INFO - [2025-01-01T15:01:03.364-0800] {dag.py:3239} INFO - Sync 1 DAGs
[2025-01-01T15:01:03.377-0800] {logging_mixin.py:190} INFO - [2025-01-01T15:01:03.377-0800] {dag.py:4180} INFO - Setting next_dagrun for tutorial_objectstorage to None, run_after=None
[2025-01-01T15:01:03.406-0800] {processor.py:208} INFO - Processing /opt/anaconda3/envs/airflow_env/lib/python3.9/site-packages/airflow/example_dags/tutorial_objectstorage.py took 0.233 seconds
[2025-01-01T15:07:10.755-0800] {processor.py:186} INFO - Started process (PID=24862) to work on /opt/anaconda3/envs/airflow_env/lib/python3.9/site-packages/airflow/example_dags/tutorial_objectstorage.py
[2025-01-01T15:07:10.758-0800] {processor.py:914} INFO - Processing file /opt/anaconda3/envs/airflow_env/lib/python3.9/site-packages/airflow/example_dags/tutorial_objectstorage.py for tasks to queue
[2025-01-01T15:07:10.759-0800] {logging_mixin.py:190} INFO - [2025-01-01T15:07:10.759-0800] {dagbag.py:588} INFO - Filling up the DagBag from /opt/anaconda3/envs/airflow_env/lib/python3.9/site-packages/airflow/example_dags/tutorial_objectstorage.py
[2025-01-01T15:07:10.836-0800] {processor.py:925} INFO - DAG(s) 'tutorial_objectstorage' retrieved from /opt/anaconda3/envs/airflow_env/lib/python3.9/site-packages/airflow/example_dags/tutorial_objectstorage.py
[2025-01-01T15:07:11.032-0800] {logging_mixin.py:190} INFO - [2025-01-01T15:07:11.031-0800] {dag.py:3239} INFO - Sync 1 DAGs
[2025-01-01T15:07:11.061-0800] {logging_mixin.py:190} INFO - [2025-01-01T15:07:11.060-0800] {dag.py:4180} INFO - Setting next_dagrun for tutorial_objectstorage to None, run_after=None
[2025-01-01T15:07:11.092-0800] {processor.py:208} INFO - Processing /opt/anaconda3/envs/airflow_env/lib/python3.9/site-packages/airflow/example_dags/tutorial_objectstorage.py took 0.347 seconds
[2025-01-01T15:11:18.643-0800] {processor.py:186} INFO - Started process (PID=25065) to work on /opt/anaconda3/envs/airflow_env/lib/python3.9/site-packages/airflow/example_dags/tutorial_objectstorage.py
[2025-01-01T15:11:18.645-0800] {processor.py:914} INFO - Processing file /opt/anaconda3/envs/airflow_env/lib/python3.9/site-packages/airflow/example_dags/tutorial_objectstorage.py for tasks to queue
[2025-01-01T15:11:18.647-0800] {logging_mixin.py:190} INFO - [2025-01-01T15:11:18.647-0800] {dagbag.py:588} INFO - Filling up the DagBag from /opt/anaconda3/envs/airflow_env/lib/python3.9/site-packages/airflow/example_dags/tutorial_objectstorage.py
[2025-01-01T15:11:18.691-0800] {processor.py:925} INFO - DAG(s) 'tutorial_objectstorage' retrieved from /opt/anaconda3/envs/airflow_env/lib/python3.9/site-packages/airflow/example_dags/tutorial_objectstorage.py
[2025-01-01T15:11:18.862-0800] {logging_mixin.py:190} INFO - [2025-01-01T15:11:18.862-0800] {dag.py:3239} INFO - Sync 1 DAGs
[2025-01-01T15:11:18.881-0800] {logging_mixin.py:190} INFO - [2025-01-01T15:11:18.881-0800] {dag.py:4180} INFO - Setting next_dagrun for tutorial_objectstorage to None, run_after=None
[2025-01-01T15:11:18.910-0800] {processor.py:208} INFO - Processing /opt/anaconda3/envs/airflow_env/lib/python3.9/site-packages/airflow/example_dags/tutorial_objectstorage.py took 0.271 seconds
[2025-01-01T15:15:10.177-0800] {processor.py:186} INFO - Started process (PID=25288) to work on /opt/anaconda3/envs/airflow_env/lib/python3.9/site-packages/airflow/example_dags/tutorial_objectstorage.py
[2025-01-01T15:15:10.179-0800] {processor.py:914} INFO - Processing file /opt/anaconda3/envs/airflow_env/lib/python3.9/site-packages/airflow/example_dags/tutorial_objectstorage.py for tasks to queue
[2025-01-01T15:15:10.181-0800] {logging_mixin.py:190} INFO - [2025-01-01T15:15:10.180-0800] {dagbag.py:588} INFO - Filling up the DagBag from /opt/anaconda3/envs/airflow_env/lib/python3.9/site-packages/airflow/example_dags/tutorial_objectstorage.py
[2025-01-01T15:15:10.221-0800] {processor.py:925} INFO - DAG(s) 'tutorial_objectstorage' retrieved from /opt/anaconda3/envs/airflow_env/lib/python3.9/site-packages/airflow/example_dags/tutorial_objectstorage.py
[2025-01-01T15:15:10.396-0800] {logging_mixin.py:190} INFO - [2025-01-01T15:15:10.395-0800] {dag.py:3239} INFO - Sync 1 DAGs
[2025-01-01T15:15:10.414-0800] {logging_mixin.py:190} INFO - [2025-01-01T15:15:10.413-0800] {dag.py:4180} INFO - Setting next_dagrun for tutorial_objectstorage to None, run_after=None
[2025-01-01T15:15:10.443-0800] {processor.py:208} INFO - Processing /opt/anaconda3/envs/airflow_env/lib/python3.9/site-packages/airflow/example_dags/tutorial_objectstorage.py took 0.272 seconds
[2025-01-01T15:18:38.995-0800] {processor.py:186} INFO - Started process (PID=25409) to work on /opt/anaconda3/envs/airflow_env/lib/python3.9/site-packages/airflow/example_dags/tutorial_objectstorage.py
[2025-01-01T15:18:38.997-0800] {processor.py:914} INFO - Processing file /opt/anaconda3/envs/airflow_env/lib/python3.9/site-packages/airflow/example_dags/tutorial_objectstorage.py for tasks to queue
[2025-01-01T15:18:38.999-0800] {logging_mixin.py:190} INFO - [2025-01-01T15:18:38.999-0800] {dagbag.py:588} INFO - Filling up the DagBag from /opt/anaconda3/envs/airflow_env/lib/python3.9/site-packages/airflow/example_dags/tutorial_objectstorage.py
[2025-01-01T15:18:39.043-0800] {processor.py:925} INFO - DAG(s) 'tutorial_objectstorage' retrieved from /opt/anaconda3/envs/airflow_env/lib/python3.9/site-packages/airflow/example_dags/tutorial_objectstorage.py
[2025-01-01T15:18:39.185-0800] {logging_mixin.py:190} INFO - [2025-01-01T15:18:39.185-0800] {dag.py:3239} INFO - Sync 1 DAGs
[2025-01-01T15:18:39.199-0800] {logging_mixin.py:190} INFO - [2025-01-01T15:18:39.198-0800] {dag.py:4180} INFO - Setting next_dagrun for tutorial_objectstorage to None, run_after=None
[2025-01-01T15:18:39.222-0800] {processor.py:208} INFO - Processing /opt/anaconda3/envs/airflow_env/lib/python3.9/site-packages/airflow/example_dags/tutorial_objectstorage.py took 0.231 seconds
[2025-01-01T15:21:46.633-0800] {processor.py:186} INFO - Started process (PID=25581) to work on /opt/anaconda3/envs/airflow_env/lib/python3.9/site-packages/airflow/example_dags/tutorial_objectstorage.py
[2025-01-01T15:21:46.635-0800] {processor.py:914} INFO - Processing file /opt/anaconda3/envs/airflow_env/lib/python3.9/site-packages/airflow/example_dags/tutorial_objectstorage.py for tasks to queue
[2025-01-01T15:21:46.636-0800] {logging_mixin.py:190} INFO - [2025-01-01T15:21:46.636-0800] {dagbag.py:588} INFO - Filling up the DagBag from /opt/anaconda3/envs/airflow_env/lib/python3.9/site-packages/airflow/example_dags/tutorial_objectstorage.py
[2025-01-01T15:21:46.674-0800] {processor.py:925} INFO - DAG(s) 'tutorial_objectstorage' retrieved from /opt/anaconda3/envs/airflow_env/lib/python3.9/site-packages/airflow/example_dags/tutorial_objectstorage.py
[2025-01-01T15:21:46.794-0800] {logging_mixin.py:190} INFO - [2025-01-01T15:21:46.793-0800] {dag.py:3239} INFO - Sync 1 DAGs
[2025-01-01T15:21:46.806-0800] {logging_mixin.py:190} INFO - [2025-01-01T15:21:46.806-0800] {dag.py:4180} INFO - Setting next_dagrun for tutorial_objectstorage to None, run_after=None
[2025-01-01T15:21:46.829-0800] {processor.py:208} INFO - Processing /opt/anaconda3/envs/airflow_env/lib/python3.9/site-packages/airflow/example_dags/tutorial_objectstorage.py took 0.200 seconds
[2025-01-01T15:24:44.007-0800] {processor.py:186} INFO - Started process (PID=25718) to work on /opt/anaconda3/envs/airflow_env/lib/python3.9/site-packages/airflow/example_dags/tutorial_objectstorage.py
[2025-01-01T15:24:44.009-0800] {processor.py:914} INFO - Processing file /opt/anaconda3/envs/airflow_env/lib/python3.9/site-packages/airflow/example_dags/tutorial_objectstorage.py for tasks to queue
[2025-01-01T15:24:44.011-0800] {logging_mixin.py:190} INFO - [2025-01-01T15:24:44.010-0800] {dagbag.py:588} INFO - Filling up the DagBag from /opt/anaconda3/envs/airflow_env/lib/python3.9/site-packages/airflow/example_dags/tutorial_objectstorage.py
[2025-01-01T15:24:44.051-0800] {processor.py:925} INFO - DAG(s) 'tutorial_objectstorage' retrieved from /opt/anaconda3/envs/airflow_env/lib/python3.9/site-packages/airflow/example_dags/tutorial_objectstorage.py
[2025-01-01T15:24:44.179-0800] {logging_mixin.py:190} INFO - [2025-01-01T15:24:44.179-0800] {dag.py:3239} INFO - Sync 1 DAGs
[2025-01-01T15:24:44.192-0800] {logging_mixin.py:190} INFO - [2025-01-01T15:24:44.192-0800] {dag.py:4180} INFO - Setting next_dagrun for tutorial_objectstorage to None, run_after=None
[2025-01-01T15:24:44.215-0800] {processor.py:208} INFO - Processing /opt/anaconda3/envs/airflow_env/lib/python3.9/site-packages/airflow/example_dags/tutorial_objectstorage.py took 0.212 seconds
[2025-01-01T15:27:33.627-0800] {processor.py:186} INFO - Started process (PID=25838) to work on /opt/anaconda3/envs/airflow_env/lib/python3.9/site-packages/airflow/example_dags/tutorial_objectstorage.py
[2025-01-01T15:27:33.631-0800] {processor.py:914} INFO - Processing file /opt/anaconda3/envs/airflow_env/lib/python3.9/site-packages/airflow/example_dags/tutorial_objectstorage.py for tasks to queue
[2025-01-01T15:27:33.633-0800] {logging_mixin.py:190} INFO - [2025-01-01T15:27:33.633-0800] {dagbag.py:588} INFO - Filling up the DagBag from /opt/anaconda3/envs/airflow_env/lib/python3.9/site-packages/airflow/example_dags/tutorial_objectstorage.py
[2025-01-01T15:27:33.718-0800] {processor.py:925} INFO - DAG(s) 'tutorial_objectstorage' retrieved from /opt/anaconda3/envs/airflow_env/lib/python3.9/site-packages/airflow/example_dags/tutorial_objectstorage.py
[2025-01-01T15:27:34.016-0800] {logging_mixin.py:190} INFO - [2025-01-01T15:27:34.015-0800] {dag.py:3239} INFO - Sync 1 DAGs
[2025-01-01T15:27:34.039-0800] {logging_mixin.py:190} INFO - [2025-01-01T15:27:34.039-0800] {dag.py:4180} INFO - Setting next_dagrun for tutorial_objectstorage to None, run_after=None
[2025-01-01T15:27:34.074-0800] {processor.py:208} INFO - Processing /opt/anaconda3/envs/airflow_env/lib/python3.9/site-packages/airflow/example_dags/tutorial_objectstorage.py took 0.458 seconds
[2025-01-01T15:30:25.758-0800] {processor.py:186} INFO - Started process (PID=25943) to work on /opt/anaconda3/envs/airflow_env/lib/python3.9/site-packages/airflow/example_dags/tutorial_objectstorage.py
[2025-01-01T15:30:25.759-0800] {processor.py:914} INFO - Processing file /opt/anaconda3/envs/airflow_env/lib/python3.9/site-packages/airflow/example_dags/tutorial_objectstorage.py for tasks to queue
[2025-01-01T15:30:25.760-0800] {logging_mixin.py:190} INFO - [2025-01-01T15:30:25.760-0800] {dagbag.py:588} INFO - Filling up the DagBag from /opt/anaconda3/envs/airflow_env/lib/python3.9/site-packages/airflow/example_dags/tutorial_objectstorage.py
[2025-01-01T15:30:25.801-0800] {processor.py:925} INFO - DAG(s) 'tutorial_objectstorage' retrieved from /opt/anaconda3/envs/airflow_env/lib/python3.9/site-packages/airflow/example_dags/tutorial_objectstorage.py
[2025-01-01T15:30:25.935-0800] {logging_mixin.py:190} INFO - [2025-01-01T15:30:25.934-0800] {dag.py:3239} INFO - Sync 1 DAGs
[2025-01-01T15:30:25.948-0800] {logging_mixin.py:190} INFO - [2025-01-01T15:30:25.948-0800] {dag.py:4180} INFO - Setting next_dagrun for tutorial_objectstorage to None, run_after=None
[2025-01-01T15:30:25.972-0800] {processor.py:208} INFO - Processing /opt/anaconda3/envs/airflow_env/lib/python3.9/site-packages/airflow/example_dags/tutorial_objectstorage.py took 0.218 seconds
[2025-01-01T15:33:17.564-0800] {processor.py:186} INFO - Started process (PID=26054) to work on /opt/anaconda3/envs/airflow_env/lib/python3.9/site-packages/airflow/example_dags/tutorial_objectstorage.py
[2025-01-01T15:33:17.569-0800] {processor.py:914} INFO - Processing file /opt/anaconda3/envs/airflow_env/lib/python3.9/site-packages/airflow/example_dags/tutorial_objectstorage.py for tasks to queue
[2025-01-01T15:33:17.574-0800] {logging_mixin.py:190} INFO - [2025-01-01T15:33:17.573-0800] {dagbag.py:588} INFO - Filling up the DagBag from /opt/anaconda3/envs/airflow_env/lib/python3.9/site-packages/airflow/example_dags/tutorial_objectstorage.py
[2025-01-01T15:33:17.613-0800] {processor.py:925} INFO - DAG(s) 'tutorial_objectstorage' retrieved from /opt/anaconda3/envs/airflow_env/lib/python3.9/site-packages/airflow/example_dags/tutorial_objectstorage.py
[2025-01-01T15:33:17.733-0800] {logging_mixin.py:190} INFO - [2025-01-01T15:33:17.732-0800] {dag.py:3239} INFO - Sync 1 DAGs
[2025-01-01T15:33:17.745-0800] {logging_mixin.py:190} INFO - [2025-01-01T15:33:17.744-0800] {dag.py:4180} INFO - Setting next_dagrun for tutorial_objectstorage to None, run_after=None
[2025-01-01T15:33:17.766-0800] {processor.py:208} INFO - Processing /opt/anaconda3/envs/airflow_env/lib/python3.9/site-packages/airflow/example_dags/tutorial_objectstorage.py took 0.208 seconds
[2025-01-01T15:36:02.456-0800] {processor.py:186} INFO - Started process (PID=26154) to work on /opt/anaconda3/envs/airflow_env/lib/python3.9/site-packages/airflow/example_dags/tutorial_objectstorage.py
[2025-01-01T15:36:02.457-0800] {processor.py:914} INFO - Processing file /opt/anaconda3/envs/airflow_env/lib/python3.9/site-packages/airflow/example_dags/tutorial_objectstorage.py for tasks to queue
[2025-01-01T15:36:02.458-0800] {logging_mixin.py:190} INFO - [2025-01-01T15:36:02.458-0800] {dagbag.py:588} INFO - Filling up the DagBag from /opt/anaconda3/envs/airflow_env/lib/python3.9/site-packages/airflow/example_dags/tutorial_objectstorage.py
[2025-01-01T15:36:02.500-0800] {processor.py:925} INFO - DAG(s) 'tutorial_objectstorage' retrieved from /opt/anaconda3/envs/airflow_env/lib/python3.9/site-packages/airflow/example_dags/tutorial_objectstorage.py
[2025-01-01T15:36:02.633-0800] {logging_mixin.py:190} INFO - [2025-01-01T15:36:02.633-0800] {dag.py:3239} INFO - Sync 1 DAGs
[2025-01-01T15:36:02.645-0800] {logging_mixin.py:190} INFO - [2025-01-01T15:36:02.645-0800] {dag.py:4180} INFO - Setting next_dagrun for tutorial_objectstorage to None, run_after=None
[2025-01-01T15:36:02.669-0800] {processor.py:208} INFO - Processing /opt/anaconda3/envs/airflow_env/lib/python3.9/site-packages/airflow/example_dags/tutorial_objectstorage.py took 0.218 seconds
[2025-01-01T15:38:51.799-0800] {processor.py:186} INFO - Started process (PID=26262) to work on /opt/anaconda3/envs/airflow_env/lib/python3.9/site-packages/airflow/example_dags/tutorial_objectstorage.py
[2025-01-01T15:38:51.802-0800] {processor.py:914} INFO - Processing file /opt/anaconda3/envs/airflow_env/lib/python3.9/site-packages/airflow/example_dags/tutorial_objectstorage.py for tasks to queue
[2025-01-01T15:38:51.803-0800] {logging_mixin.py:190} INFO - [2025-01-01T15:38:51.803-0800] {dagbag.py:588} INFO - Filling up the DagBag from /opt/anaconda3/envs/airflow_env/lib/python3.9/site-packages/airflow/example_dags/tutorial_objectstorage.py
[2025-01-01T15:38:51.842-0800] {processor.py:925} INFO - DAG(s) 'tutorial_objectstorage' retrieved from /opt/anaconda3/envs/airflow_env/lib/python3.9/site-packages/airflow/example_dags/tutorial_objectstorage.py
[2025-01-01T15:38:51.961-0800] {logging_mixin.py:190} INFO - [2025-01-01T15:38:51.960-0800] {dag.py:3239} INFO - Sync 1 DAGs
[2025-01-01T15:38:51.973-0800] {logging_mixin.py:190} INFO - [2025-01-01T15:38:51.972-0800] {dag.py:4180} INFO - Setting next_dagrun for tutorial_objectstorage to None, run_after=None
[2025-01-01T15:38:51.994-0800] {processor.py:208} INFO - Processing /opt/anaconda3/envs/airflow_env/lib/python3.9/site-packages/airflow/example_dags/tutorial_objectstorage.py took 0.199 seconds
[2025-01-01T15:41:42.868-0800] {processor.py:186} INFO - Started process (PID=26365) to work on /opt/anaconda3/envs/airflow_env/lib/python3.9/site-packages/airflow/example_dags/tutorial_objectstorage.py
[2025-01-01T15:41:42.870-0800] {processor.py:914} INFO - Processing file /opt/anaconda3/envs/airflow_env/lib/python3.9/site-packages/airflow/example_dags/tutorial_objectstorage.py for tasks to queue
[2025-01-01T15:41:42.872-0800] {logging_mixin.py:190} INFO - [2025-01-01T15:41:42.871-0800] {dagbag.py:588} INFO - Filling up the DagBag from /opt/anaconda3/envs/airflow_env/lib/python3.9/site-packages/airflow/example_dags/tutorial_objectstorage.py
[2025-01-01T15:41:42.909-0800] {processor.py:925} INFO - DAG(s) 'tutorial_objectstorage' retrieved from /opt/anaconda3/envs/airflow_env/lib/python3.9/site-packages/airflow/example_dags/tutorial_objectstorage.py
[2025-01-01T15:41:43.030-0800] {logging_mixin.py:190} INFO - [2025-01-01T15:41:43.029-0800] {dag.py:3239} INFO - Sync 1 DAGs
[2025-01-01T15:41:43.042-0800] {logging_mixin.py:190} INFO - [2025-01-01T15:41:43.042-0800] {dag.py:4180} INFO - Setting next_dagrun for tutorial_objectstorage to None, run_after=None
[2025-01-01T15:41:43.063-0800] {processor.py:208} INFO - Processing /opt/anaconda3/envs/airflow_env/lib/python3.9/site-packages/airflow/example_dags/tutorial_objectstorage.py took 0.199 seconds
