[2025-01-01T14:41:50.354-0800] {processor.py:186} INFO - Started process (PID=23672) to work on /opt/anaconda3/envs/airflow_env/lib/python3.9/site-packages/airflow/example_dags/tutorial.py
[2025-01-01T14:41:50.355-0800] {processor.py:914} INFO - Processing file /opt/anaconda3/envs/airflow_env/lib/python3.9/site-packages/airflow/example_dags/tutorial.py for tasks to queue
[2025-01-01T14:41:50.356-0800] {logging_mixin.py:190} INFO - [2025-01-01T14:41:50.356-0800] {dagbag.py:588} INFO - Filling up the DagBag from /opt/anaconda3/envs/airflow_env/lib/python3.9/site-packages/airflow/example_dags/tutorial.py
[2025-01-01T14:41:50.368-0800] {processor.py:925} INFO - DAG(s) 'tutorial' retrieved from /opt/anaconda3/envs/airflow_env/lib/python3.9/site-packages/airflow/example_dags/tutorial.py
[2025-01-01T14:41:50.628-0800] {logging_mixin.py:190} INFO - [2025-01-01T14:41:50.627-0800] {override.py:1911} INFO - Created Permission View: can read on DAG:tutorial
[2025-01-01T14:41:50.640-0800] {logging_mixin.py:190} INFO - [2025-01-01T14:41:50.640-0800] {override.py:1911} INFO - Created Permission View: can delete on DAG:tutorial
[2025-01-01T14:41:50.650-0800] {logging_mixin.py:190} INFO - [2025-01-01T14:41:50.650-0800] {override.py:1911} INFO - Created Permission View: can edit on DAG:tutorial
[2025-01-01T14:41:50.668-0800] {logging_mixin.py:190} INFO - [2025-01-01T14:41:50.667-0800] {override.py:1911} INFO - Created Permission View: can read on DAG Run:tutorial
[2025-01-01T14:41:50.679-0800] {logging_mixin.py:190} INFO - [2025-01-01T14:41:50.679-0800] {override.py:1911} INFO - Created Permission View: can create on DAG Run:tutorial
[2025-01-01T14:41:50.688-0800] {logging_mixin.py:190} INFO - [2025-01-01T14:41:50.688-0800] {override.py:1911} INFO - Created Permission View: can delete on DAG Run:tutorial
[2025-01-01T14:41:50.700-0800] {logging_mixin.py:190} INFO - [2025-01-01T14:41:50.700-0800] {override.py:1911} INFO - Created Permission View: menu access on DAG Run:tutorial
[2025-01-01T14:41:50.701-0800] {logging_mixin.py:190} INFO - [2025-01-01T14:41:50.701-0800] {dag.py:3239} INFO - Sync 1 DAGs
[2025-01-01T14:41:50.719-0800] {logging_mixin.py:190} INFO - [2025-01-01T14:41:50.718-0800] {dag.py:3262} INFO - Creating ORM DAG for tutorial
[2025-01-01T14:41:50.734-0800] {logging_mixin.py:190} INFO - [2025-01-01T14:41:50.733-0800] {dag.py:4180} INFO - Setting next_dagrun for tutorial to 2024-12-31 00:00:00+00:00, run_after=2025-01-01 00:00:00+00:00
[2025-01-01T14:41:50.758-0800] {processor.py:208} INFO - Processing /opt/anaconda3/envs/airflow_env/lib/python3.9/site-packages/airflow/example_dags/tutorial.py took 0.409 seconds
[2025-01-01T14:46:24.458-0800] {processor.py:186} INFO - Started process (PID=23892) to work on /opt/anaconda3/envs/airflow_env/lib/python3.9/site-packages/airflow/example_dags/tutorial.py
[2025-01-01T14:46:24.460-0800] {processor.py:914} INFO - Processing file /opt/anaconda3/envs/airflow_env/lib/python3.9/site-packages/airflow/example_dags/tutorial.py for tasks to queue
[2025-01-01T14:46:24.462-0800] {logging_mixin.py:190} INFO - [2025-01-01T14:46:24.462-0800] {dagbag.py:588} INFO - Filling up the DagBag from /opt/anaconda3/envs/airflow_env/lib/python3.9/site-packages/airflow/example_dags/tutorial.py
[2025-01-01T14:46:24.471-0800] {processor.py:925} INFO - DAG(s) 'tutorial' retrieved from /opt/anaconda3/envs/airflow_env/lib/python3.9/site-packages/airflow/example_dags/tutorial.py
[2025-01-01T14:46:24.618-0800] {logging_mixin.py:190} INFO - [2025-01-01T14:46:24.617-0800] {dag.py:3239} INFO - Sync 1 DAGs
[2025-01-01T14:46:24.647-0800] {logging_mixin.py:190} INFO - [2025-01-01T14:46:24.647-0800] {dag.py:4180} INFO - Setting next_dagrun for tutorial to 2024-12-31 00:00:00+00:00, run_after=2025-01-01 00:00:00+00:00
[2025-01-01T14:46:24.669-0800] {processor.py:208} INFO - Processing /opt/anaconda3/envs/airflow_env/lib/python3.9/site-packages/airflow/example_dags/tutorial.py took 0.215 seconds
[2025-01-01T14:50:05.065-0800] {processor.py:186} INFO - Started process (PID=24074) to work on /opt/anaconda3/envs/airflow_env/lib/python3.9/site-packages/airflow/example_dags/tutorial.py
[2025-01-01T14:50:05.067-0800] {processor.py:914} INFO - Processing file /opt/anaconda3/envs/airflow_env/lib/python3.9/site-packages/airflow/example_dags/tutorial.py for tasks to queue
[2025-01-01T14:50:05.068-0800] {logging_mixin.py:190} INFO - [2025-01-01T14:50:05.068-0800] {dagbag.py:588} INFO - Filling up the DagBag from /opt/anaconda3/envs/airflow_env/lib/python3.9/site-packages/airflow/example_dags/tutorial.py
[2025-01-01T14:50:05.083-0800] {processor.py:925} INFO - DAG(s) 'tutorial' retrieved from /opt/anaconda3/envs/airflow_env/lib/python3.9/site-packages/airflow/example_dags/tutorial.py
[2025-01-01T14:50:05.229-0800] {logging_mixin.py:190} INFO - [2025-01-01T14:50:05.229-0800] {dag.py:3239} INFO - Sync 1 DAGs
[2025-01-01T14:50:05.253-0800] {logging_mixin.py:190} INFO - [2025-01-01T14:50:05.252-0800] {dag.py:4180} INFO - Setting next_dagrun for tutorial to 2024-12-31 00:00:00+00:00, run_after=2025-01-01 00:00:00+00:00
[2025-01-01T14:50:05.280-0800] {processor.py:208} INFO - Processing /opt/anaconda3/envs/airflow_env/lib/python3.9/site-packages/airflow/example_dags/tutorial.py took 0.221 seconds
[2025-01-01T14:53:36.393-0800] {processor.py:186} INFO - Started process (PID=24249) to work on /opt/anaconda3/envs/airflow_env/lib/python3.9/site-packages/airflow/example_dags/tutorial.py
[2025-01-01T14:53:36.396-0800] {processor.py:914} INFO - Processing file /opt/anaconda3/envs/airflow_env/lib/python3.9/site-packages/airflow/example_dags/tutorial.py for tasks to queue
[2025-01-01T14:53:36.397-0800] {logging_mixin.py:190} INFO - [2025-01-01T14:53:36.397-0800] {dagbag.py:588} INFO - Filling up the DagBag from /opt/anaconda3/envs/airflow_env/lib/python3.9/site-packages/airflow/example_dags/tutorial.py
[2025-01-01T14:53:36.422-0800] {processor.py:925} INFO - DAG(s) 'tutorial' retrieved from /opt/anaconda3/envs/airflow_env/lib/python3.9/site-packages/airflow/example_dags/tutorial.py
[2025-01-01T14:53:36.644-0800] {logging_mixin.py:190} INFO - [2025-01-01T14:53:36.644-0800] {dag.py:3239} INFO - Sync 1 DAGs
[2025-01-01T14:53:36.689-0800] {logging_mixin.py:190} INFO - [2025-01-01T14:53:36.689-0800] {dag.py:4180} INFO - Setting next_dagrun for tutorial to 2024-12-31 00:00:00+00:00, run_after=2025-01-01 00:00:00+00:00
[2025-01-01T14:53:36.716-0800] {processor.py:208} INFO - Processing /opt/anaconda3/envs/airflow_env/lib/python3.9/site-packages/airflow/example_dags/tutorial.py took 0.327 seconds
[2025-01-01T14:57:21.957-0800] {processor.py:186} INFO - Started process (PID=24453) to work on /opt/anaconda3/envs/airflow_env/lib/python3.9/site-packages/airflow/example_dags/tutorial.py
[2025-01-01T14:57:21.961-0800] {processor.py:914} INFO - Processing file /opt/anaconda3/envs/airflow_env/lib/python3.9/site-packages/airflow/example_dags/tutorial.py for tasks to queue
[2025-01-01T14:57:21.964-0800] {logging_mixin.py:190} INFO - [2025-01-01T14:57:21.964-0800] {dagbag.py:588} INFO - Filling up the DagBag from /opt/anaconda3/envs/airflow_env/lib/python3.9/site-packages/airflow/example_dags/tutorial.py
[2025-01-01T14:57:21.981-0800] {processor.py:925} INFO - DAG(s) 'tutorial' retrieved from /opt/anaconda3/envs/airflow_env/lib/python3.9/site-packages/airflow/example_dags/tutorial.py
[2025-01-01T14:57:22.139-0800] {logging_mixin.py:190} INFO - [2025-01-01T14:57:22.138-0800] {dag.py:3239} INFO - Sync 1 DAGs
[2025-01-01T14:57:22.161-0800] {logging_mixin.py:190} INFO - [2025-01-01T14:57:22.160-0800] {dag.py:4180} INFO - Setting next_dagrun for tutorial to 2024-12-31 00:00:00+00:00, run_after=2025-01-01 00:00:00+00:00
[2025-01-01T14:57:22.190-0800] {processor.py:208} INFO - Processing /opt/anaconda3/envs/airflow_env/lib/python3.9/site-packages/airflow/example_dags/tutorial.py took 0.243 seconds
[2025-01-01T15:01:10.984-0800] {processor.py:186} INFO - Started process (PID=24601) to work on /opt/anaconda3/envs/airflow_env/lib/python3.9/site-packages/airflow/example_dags/tutorial.py
[2025-01-01T15:01:10.989-0800] {processor.py:914} INFO - Processing file /opt/anaconda3/envs/airflow_env/lib/python3.9/site-packages/airflow/example_dags/tutorial.py for tasks to queue
[2025-01-01T15:01:11.004-0800] {logging_mixin.py:190} INFO - [2025-01-01T15:01:11.002-0800] {dagbag.py:588} INFO - Filling up the DagBag from /opt/anaconda3/envs/airflow_env/lib/python3.9/site-packages/airflow/example_dags/tutorial.py
[2025-01-01T15:01:11.029-0800] {processor.py:925} INFO - DAG(s) 'tutorial' retrieved from /opt/anaconda3/envs/airflow_env/lib/python3.9/site-packages/airflow/example_dags/tutorial.py
[2025-01-01T15:01:11.203-0800] {logging_mixin.py:190} INFO - [2025-01-01T15:01:11.203-0800] {dag.py:3239} INFO - Sync 1 DAGs
[2025-01-01T15:01:11.232-0800] {logging_mixin.py:190} INFO - [2025-01-01T15:01:11.232-0800] {dag.py:4180} INFO - Setting next_dagrun for tutorial to 2024-12-31 00:00:00+00:00, run_after=2025-01-01 00:00:00+00:00
[2025-01-01T15:01:11.258-0800] {processor.py:208} INFO - Processing /opt/anaconda3/envs/airflow_env/lib/python3.9/site-packages/airflow/example_dags/tutorial.py took 0.280 seconds
[2025-01-01T15:07:20.666-0800] {processor.py:186} INFO - Started process (PID=24866) to work on /opt/anaconda3/envs/airflow_env/lib/python3.9/site-packages/airflow/example_dags/tutorial.py
[2025-01-01T15:07:20.673-0800] {processor.py:914} INFO - Processing file /opt/anaconda3/envs/airflow_env/lib/python3.9/site-packages/airflow/example_dags/tutorial.py for tasks to queue
[2025-01-01T15:07:20.678-0800] {logging_mixin.py:190} INFO - [2025-01-01T15:07:20.677-0800] {dagbag.py:588} INFO - Filling up the DagBag from /opt/anaconda3/envs/airflow_env/lib/python3.9/site-packages/airflow/example_dags/tutorial.py
[2025-01-01T15:07:20.708-0800] {processor.py:925} INFO - DAG(s) 'tutorial' retrieved from /opt/anaconda3/envs/airflow_env/lib/python3.9/site-packages/airflow/example_dags/tutorial.py
[2025-01-01T15:07:20.918-0800] {logging_mixin.py:190} INFO - [2025-01-01T15:07:20.918-0800] {dag.py:3239} INFO - Sync 1 DAGs
[2025-01-01T15:07:20.961-0800] {logging_mixin.py:190} INFO - [2025-01-01T15:07:20.961-0800] {dag.py:4180} INFO - Setting next_dagrun for tutorial to 2024-12-31 00:00:00+00:00, run_after=2025-01-01 00:00:00+00:00
[2025-01-01T15:07:20.989-0800] {processor.py:208} INFO - Processing /opt/anaconda3/envs/airflow_env/lib/python3.9/site-packages/airflow/example_dags/tutorial.py took 0.331 seconds
[2025-01-01T15:11:26.715-0800] {processor.py:186} INFO - Started process (PID=25073) to work on /opt/anaconda3/envs/airflow_env/lib/python3.9/site-packages/airflow/example_dags/tutorial.py
[2025-01-01T15:11:26.718-0800] {processor.py:914} INFO - Processing file /opt/anaconda3/envs/airflow_env/lib/python3.9/site-packages/airflow/example_dags/tutorial.py for tasks to queue
[2025-01-01T15:11:26.719-0800] {logging_mixin.py:190} INFO - [2025-01-01T15:11:26.719-0800] {dagbag.py:588} INFO - Filling up the DagBag from /opt/anaconda3/envs/airflow_env/lib/python3.9/site-packages/airflow/example_dags/tutorial.py
[2025-01-01T15:11:26.730-0800] {processor.py:925} INFO - DAG(s) 'tutorial' retrieved from /opt/anaconda3/envs/airflow_env/lib/python3.9/site-packages/airflow/example_dags/tutorial.py
[2025-01-01T15:11:26.900-0800] {logging_mixin.py:190} INFO - [2025-01-01T15:11:26.900-0800] {dag.py:3239} INFO - Sync 1 DAGs
[2025-01-01T15:11:26.932-0800] {logging_mixin.py:190} INFO - [2025-01-01T15:11:26.932-0800] {dag.py:4180} INFO - Setting next_dagrun for tutorial to 2024-12-31 00:00:00+00:00, run_after=2025-01-01 00:00:00+00:00
[2025-01-01T15:11:26.956-0800] {processor.py:208} INFO - Processing /opt/anaconda3/envs/airflow_env/lib/python3.9/site-packages/airflow/example_dags/tutorial.py took 0.246 seconds
[2025-01-01T15:15:20.940-0800] {processor.py:186} INFO - Started process (PID=25298) to work on /opt/anaconda3/envs/airflow_env/lib/python3.9/site-packages/airflow/example_dags/tutorial.py
[2025-01-01T15:15:20.943-0800] {processor.py:914} INFO - Processing file /opt/anaconda3/envs/airflow_env/lib/python3.9/site-packages/airflow/example_dags/tutorial.py for tasks to queue
[2025-01-01T15:15:20.945-0800] {logging_mixin.py:190} INFO - [2025-01-01T15:15:20.945-0800] {dagbag.py:588} INFO - Filling up the DagBag from /opt/anaconda3/envs/airflow_env/lib/python3.9/site-packages/airflow/example_dags/tutorial.py
[2025-01-01T15:15:20.980-0800] {processor.py:925} INFO - DAG(s) 'tutorial' retrieved from /opt/anaconda3/envs/airflow_env/lib/python3.9/site-packages/airflow/example_dags/tutorial.py
[2025-01-01T15:15:21.613-0800] {logging_mixin.py:190} INFO - [2025-01-01T15:15:21.612-0800] {dag.py:3239} INFO - Sync 1 DAGs
[2025-01-01T15:15:21.690-0800] {logging_mixin.py:190} INFO - [2025-01-01T15:15:21.689-0800] {dag.py:4180} INFO - Setting next_dagrun for tutorial to 2024-12-31 00:00:00+00:00, run_after=2025-01-01 00:00:00+00:00
[2025-01-01T15:15:21.744-0800] {processor.py:208} INFO - Processing /opt/anaconda3/envs/airflow_env/lib/python3.9/site-packages/airflow/example_dags/tutorial.py took 0.809 seconds
[2025-01-01T15:18:46.505-0800] {processor.py:186} INFO - Started process (PID=25419) to work on /opt/anaconda3/envs/airflow_env/lib/python3.9/site-packages/airflow/example_dags/tutorial.py
[2025-01-01T15:18:46.508-0800] {processor.py:914} INFO - Processing file /opt/anaconda3/envs/airflow_env/lib/python3.9/site-packages/airflow/example_dags/tutorial.py for tasks to queue
[2025-01-01T15:18:46.509-0800] {logging_mixin.py:190} INFO - [2025-01-01T15:18:46.509-0800] {dagbag.py:588} INFO - Filling up the DagBag from /opt/anaconda3/envs/airflow_env/lib/python3.9/site-packages/airflow/example_dags/tutorial.py
[2025-01-01T15:18:46.520-0800] {processor.py:925} INFO - DAG(s) 'tutorial' retrieved from /opt/anaconda3/envs/airflow_env/lib/python3.9/site-packages/airflow/example_dags/tutorial.py
[2025-01-01T15:18:46.644-0800] {logging_mixin.py:190} INFO - [2025-01-01T15:18:46.643-0800] {dag.py:3239} INFO - Sync 1 DAGs
[2025-01-01T15:18:46.668-0800] {logging_mixin.py:190} INFO - [2025-01-01T15:18:46.668-0800] {dag.py:4180} INFO - Setting next_dagrun for tutorial to 2024-12-31 00:00:00+00:00, run_after=2025-01-01 00:00:00+00:00
[2025-01-01T15:18:46.695-0800] {processor.py:208} INFO - Processing /opt/anaconda3/envs/airflow_env/lib/python3.9/site-packages/airflow/example_dags/tutorial.py took 0.196 seconds
[2025-01-01T15:21:53.720-0800] {processor.py:186} INFO - Started process (PID=25593) to work on /opt/anaconda3/envs/airflow_env/lib/python3.9/site-packages/airflow/example_dags/tutorial.py
[2025-01-01T15:21:53.722-0800] {processor.py:914} INFO - Processing file /opt/anaconda3/envs/airflow_env/lib/python3.9/site-packages/airflow/example_dags/tutorial.py for tasks to queue
[2025-01-01T15:21:53.723-0800] {logging_mixin.py:190} INFO - [2025-01-01T15:21:53.723-0800] {dagbag.py:588} INFO - Filling up the DagBag from /opt/anaconda3/envs/airflow_env/lib/python3.9/site-packages/airflow/example_dags/tutorial.py
[2025-01-01T15:21:53.733-0800] {processor.py:925} INFO - DAG(s) 'tutorial' retrieved from /opt/anaconda3/envs/airflow_env/lib/python3.9/site-packages/airflow/example_dags/tutorial.py
[2025-01-01T15:21:53.913-0800] {logging_mixin.py:190} INFO - [2025-01-01T15:21:53.913-0800] {dag.py:3239} INFO - Sync 1 DAGs
[2025-01-01T15:21:53.936-0800] {logging_mixin.py:190} INFO - [2025-01-01T15:21:53.936-0800] {dag.py:4180} INFO - Setting next_dagrun for tutorial to 2024-12-31 00:00:00+00:00, run_after=2025-01-01 00:00:00+00:00
[2025-01-01T15:21:53.963-0800] {processor.py:208} INFO - Processing /opt/anaconda3/envs/airflow_env/lib/python3.9/site-packages/airflow/example_dags/tutorial.py took 0.247 seconds
[2025-01-01T15:24:50.883-0800] {processor.py:186} INFO - Started process (PID=25722) to work on /opt/anaconda3/envs/airflow_env/lib/python3.9/site-packages/airflow/example_dags/tutorial.py
[2025-01-01T15:24:50.884-0800] {processor.py:914} INFO - Processing file /opt/anaconda3/envs/airflow_env/lib/python3.9/site-packages/airflow/example_dags/tutorial.py for tasks to queue
[2025-01-01T15:24:50.885-0800] {logging_mixin.py:190} INFO - [2025-01-01T15:24:50.885-0800] {dagbag.py:588} INFO - Filling up the DagBag from /opt/anaconda3/envs/airflow_env/lib/python3.9/site-packages/airflow/example_dags/tutorial.py
[2025-01-01T15:24:50.895-0800] {processor.py:925} INFO - DAG(s) 'tutorial' retrieved from /opt/anaconda3/envs/airflow_env/lib/python3.9/site-packages/airflow/example_dags/tutorial.py
[2025-01-01T15:24:51.031-0800] {logging_mixin.py:190} INFO - [2025-01-01T15:24:51.030-0800] {dag.py:3239} INFO - Sync 1 DAGs
[2025-01-01T15:24:51.053-0800] {logging_mixin.py:190} INFO - [2025-01-01T15:24:51.052-0800] {dag.py:4180} INFO - Setting next_dagrun for tutorial to 2024-12-31 00:00:00+00:00, run_after=2025-01-01 00:00:00+00:00
[2025-01-01T15:24:51.077-0800] {processor.py:208} INFO - Processing /opt/anaconda3/envs/airflow_env/lib/python3.9/site-packages/airflow/example_dags/tutorial.py took 0.199 seconds
[2025-01-01T15:27:41.568-0800] {processor.py:186} INFO - Started process (PID=25842) to work on /opt/anaconda3/envs/airflow_env/lib/python3.9/site-packages/airflow/example_dags/tutorial.py
[2025-01-01T15:27:41.570-0800] {processor.py:914} INFO - Processing file /opt/anaconda3/envs/airflow_env/lib/python3.9/site-packages/airflow/example_dags/tutorial.py for tasks to queue
[2025-01-01T15:27:41.571-0800] {logging_mixin.py:190} INFO - [2025-01-01T15:27:41.571-0800] {dagbag.py:588} INFO - Filling up the DagBag from /opt/anaconda3/envs/airflow_env/lib/python3.9/site-packages/airflow/example_dags/tutorial.py
[2025-01-01T15:27:41.589-0800] {processor.py:925} INFO - DAG(s) 'tutorial' retrieved from /opt/anaconda3/envs/airflow_env/lib/python3.9/site-packages/airflow/example_dags/tutorial.py
[2025-01-01T15:27:41.734-0800] {logging_mixin.py:190} INFO - [2025-01-01T15:27:41.734-0800] {dag.py:3239} INFO - Sync 1 DAGs
[2025-01-01T15:27:41.760-0800] {logging_mixin.py:190} INFO - [2025-01-01T15:27:41.759-0800] {dag.py:4180} INFO - Setting next_dagrun for tutorial to 2024-12-31 00:00:00+00:00, run_after=2025-01-01 00:00:00+00:00
[2025-01-01T15:27:41.784-0800] {processor.py:208} INFO - Processing /opt/anaconda3/envs/airflow_env/lib/python3.9/site-packages/airflow/example_dags/tutorial.py took 0.220 seconds
[2025-01-01T15:30:33.120-0800] {processor.py:186} INFO - Started process (PID=25947) to work on /opt/anaconda3/envs/airflow_env/lib/python3.9/site-packages/airflow/example_dags/tutorial.py
[2025-01-01T15:30:33.122-0800] {processor.py:914} INFO - Processing file /opt/anaconda3/envs/airflow_env/lib/python3.9/site-packages/airflow/example_dags/tutorial.py for tasks to queue
[2025-01-01T15:30:33.124-0800] {logging_mixin.py:190} INFO - [2025-01-01T15:30:33.123-0800] {dagbag.py:588} INFO - Filling up the DagBag from /opt/anaconda3/envs/airflow_env/lib/python3.9/site-packages/airflow/example_dags/tutorial.py
[2025-01-01T15:30:33.139-0800] {processor.py:925} INFO - DAG(s) 'tutorial' retrieved from /opt/anaconda3/envs/airflow_env/lib/python3.9/site-packages/airflow/example_dags/tutorial.py
[2025-01-01T15:30:33.273-0800] {logging_mixin.py:190} INFO - [2025-01-01T15:30:33.273-0800] {dag.py:3239} INFO - Sync 1 DAGs
[2025-01-01T15:30:33.297-0800] {logging_mixin.py:190} INFO - [2025-01-01T15:30:33.297-0800] {dag.py:4180} INFO - Setting next_dagrun for tutorial to 2024-12-31 00:00:00+00:00, run_after=2025-01-01 00:00:00+00:00
[2025-01-01T15:30:33.325-0800] {processor.py:208} INFO - Processing /opt/anaconda3/envs/airflow_env/lib/python3.9/site-packages/airflow/example_dags/tutorial.py took 0.212 seconds
[2025-01-01T15:33:24.452-0800] {processor.py:186} INFO - Started process (PID=26058) to work on /opt/anaconda3/envs/airflow_env/lib/python3.9/site-packages/airflow/example_dags/tutorial.py
[2025-01-01T15:33:24.454-0800] {processor.py:914} INFO - Processing file /opt/anaconda3/envs/airflow_env/lib/python3.9/site-packages/airflow/example_dags/tutorial.py for tasks to queue
[2025-01-01T15:33:24.456-0800] {logging_mixin.py:190} INFO - [2025-01-01T15:33:24.455-0800] {dagbag.py:588} INFO - Filling up the DagBag from /opt/anaconda3/envs/airflow_env/lib/python3.9/site-packages/airflow/example_dags/tutorial.py
[2025-01-01T15:33:24.464-0800] {processor.py:925} INFO - DAG(s) 'tutorial' retrieved from /opt/anaconda3/envs/airflow_env/lib/python3.9/site-packages/airflow/example_dags/tutorial.py
[2025-01-01T15:33:24.595-0800] {logging_mixin.py:190} INFO - [2025-01-01T15:33:24.594-0800] {dag.py:3239} INFO - Sync 1 DAGs
[2025-01-01T15:33:24.616-0800] {logging_mixin.py:190} INFO - [2025-01-01T15:33:24.615-0800] {dag.py:4180} INFO - Setting next_dagrun for tutorial to 2024-12-31 00:00:00+00:00, run_after=2025-01-01 00:00:00+00:00
[2025-01-01T15:33:24.636-0800] {processor.py:208} INFO - Processing /opt/anaconda3/envs/airflow_env/lib/python3.9/site-packages/airflow/example_dags/tutorial.py took 0.188 seconds
[2025-01-01T15:36:09.418-0800] {processor.py:186} INFO - Started process (PID=26158) to work on /opt/anaconda3/envs/airflow_env/lib/python3.9/site-packages/airflow/example_dags/tutorial.py
[2025-01-01T15:36:09.420-0800] {processor.py:914} INFO - Processing file /opt/anaconda3/envs/airflow_env/lib/python3.9/site-packages/airflow/example_dags/tutorial.py for tasks to queue
[2025-01-01T15:36:09.422-0800] {logging_mixin.py:190} INFO - [2025-01-01T15:36:09.421-0800] {dagbag.py:588} INFO - Filling up the DagBag from /opt/anaconda3/envs/airflow_env/lib/python3.9/site-packages/airflow/example_dags/tutorial.py
[2025-01-01T15:36:09.431-0800] {processor.py:925} INFO - DAG(s) 'tutorial' retrieved from /opt/anaconda3/envs/airflow_env/lib/python3.9/site-packages/airflow/example_dags/tutorial.py
[2025-01-01T15:36:09.564-0800] {logging_mixin.py:190} INFO - [2025-01-01T15:36:09.563-0800] {dag.py:3239} INFO - Sync 1 DAGs
[2025-01-01T15:36:09.587-0800] {logging_mixin.py:190} INFO - [2025-01-01T15:36:09.587-0800] {dag.py:4180} INFO - Setting next_dagrun for tutorial to 2024-12-31 00:00:00+00:00, run_after=2025-01-01 00:00:00+00:00
[2025-01-01T15:36:09.612-0800] {processor.py:208} INFO - Processing /opt/anaconda3/envs/airflow_env/lib/python3.9/site-packages/airflow/example_dags/tutorial.py took 0.201 seconds
[2025-01-01T15:38:58.753-0800] {processor.py:186} INFO - Started process (PID=26266) to work on /opt/anaconda3/envs/airflow_env/lib/python3.9/site-packages/airflow/example_dags/tutorial.py
[2025-01-01T15:38:58.755-0800] {processor.py:914} INFO - Processing file /opt/anaconda3/envs/airflow_env/lib/python3.9/site-packages/airflow/example_dags/tutorial.py for tasks to queue
[2025-01-01T15:38:58.757-0800] {logging_mixin.py:190} INFO - [2025-01-01T15:38:58.756-0800] {dagbag.py:588} INFO - Filling up the DagBag from /opt/anaconda3/envs/airflow_env/lib/python3.9/site-packages/airflow/example_dags/tutorial.py
[2025-01-01T15:38:58.767-0800] {processor.py:925} INFO - DAG(s) 'tutorial' retrieved from /opt/anaconda3/envs/airflow_env/lib/python3.9/site-packages/airflow/example_dags/tutorial.py
[2025-01-01T15:38:58.890-0800] {logging_mixin.py:190} INFO - [2025-01-01T15:38:58.890-0800] {dag.py:3239} INFO - Sync 1 DAGs
[2025-01-01T15:38:58.911-0800] {logging_mixin.py:190} INFO - [2025-01-01T15:38:58.911-0800] {dag.py:4180} INFO - Setting next_dagrun for tutorial to 2024-12-31 00:00:00+00:00, run_after=2025-01-01 00:00:00+00:00
[2025-01-01T15:38:58.932-0800] {processor.py:208} INFO - Processing /opt/anaconda3/envs/airflow_env/lib/python3.9/site-packages/airflow/example_dags/tutorial.py took 0.183 seconds
