[2025-01-03T21:10:32.608-0800] {local_task_job_runner.py:123} INFO - ::group::Pre task execution logs
[2025-01-03T21:10:32.622-0800] {taskinstance.py:2613} INFO - Dependencies all met for dep_context=non-requeueable deps ti=<TaskInstance: CovidE2EPipeDag.fetch_raw scheduled__2025-01-01T00:26:00+00:00 [queued]>
[2025-01-03T21:10:32.637-0800] {taskinstance.py:2613} INFO - Dependencies all met for dep_context=requeueable deps ti=<TaskInstance: CovidE2EPipeDag.fetch_raw scheduled__2025-01-01T00:26:00+00:00 [queued]>
[2025-01-03T21:10:32.637-0800] {taskinstance.py:2866} INFO - Starting attempt 1 of 2
[2025-01-03T21:10:32.662-0800] {taskinstance.py:2889} INFO - Executing <Task(PythonOperator): fetch_raw> on 2025-01-01 00:26:00+00:00
[2025-01-03T21:10:32.669-0800] {standard_task_runner.py:72} INFO - Started process 69334 to run task
[2025-01-03T21:10:32.677-0800] {standard_task_runner.py:104} INFO - Running: ['airflow', 'tasks', 'run', 'CovidE2EPipeDag', 'fetch_raw', 'scheduled__2025-01-01T00:26:00+00:00', '--job-id', '508', '--raw', '--subdir', 'DAGS_FOLDER/CovidE2EPipeDag.py', '--cfg-path', '/var/folders/vm/rn9v1g1j739_mq8j5pfl1yxm0000gn/T/tmpwt8pcc85']
[2025-01-03T21:10:32.685-0800] {standard_task_runner.py:105} INFO - Job 508: Subtask fetch_raw
[2025-01-03T21:10:32.786-0800] {task_command.py:467} INFO - Running <TaskInstance: CovidE2EPipeDag.fetch_raw scheduled__2025-01-01T00:26:00+00:00 [running]> on host Matthews-MacBook-Air.local
[2025-01-03T21:10:32.906-0800] {taskinstance.py:3132} INFO - Exporting env vars: AIRFLOW_CTX_DAG_OWNER='Matthew Horn' AIRFLOW_CTX_DAG_ID='CovidE2EPipeDag' AIRFLOW_CTX_TASK_ID='fetch_raw' AIRFLOW_CTX_EXECUTION_DATE='2025-01-01T00:26:00+00:00' AIRFLOW_CTX_TRY_NUMBER='1' AIRFLOW_CTX_DAG_RUN_ID='scheduled__2025-01-01T00:26:00+00:00'
[2025-01-03T21:10:32.908-0800] {logging_mixin.py:190} INFO - Task instance is in running state
[2025-01-03T21:10:32.908-0800] {logging_mixin.py:190} INFO -  Previous state of the Task instance: queued
[2025-01-03T21:10:32.909-0800] {logging_mixin.py:190} INFO - Current task name:fetch_raw state:running start_date:2025-01-04 05:10:32.622964+00:00
[2025-01-03T21:10:32.910-0800] {logging_mixin.py:190} INFO - Dag name:CovidE2EPipeDag and current dag run status:running
[2025-01-03T21:10:32.911-0800] {taskinstance.py:731} INFO - ::endgroup::
[2025-01-03T21:10:33.360-0800] {logging_mixin.py:190} INFO - industrial_production data was saved to /Users/matthewmac/airflow/data/raw/industrial_production_2025-01-03.csv
[2025-01-03T21:10:33.398-0800] {logging_mixin.py:190} INFO -   realtime_start  ...   value
0     2024-12-17  ...  4.8654
1     2024-12-17  ...  4.6504
2     2024-12-17  ...   4.516
3     2024-12-17  ...  4.5966
4     2024-12-17  ...  4.6235

[5 rows x 4 columns]
[2025-01-03T21:10:33.402-0800] {python.py:240} INFO - Done. Returned value was: None
[2025-01-03T21:10:33.410-0800] {taskinstance.py:340} INFO - ::group::Post task execution logs
[2025-01-03T21:10:33.412-0800] {taskinstance.py:352} INFO - Marking task as SUCCESS. dag_id=CovidE2EPipeDag, task_id=fetch_raw, run_id=scheduled__2025-01-01T00:26:00+00:00, execution_date=20250101T002600, start_date=20250104T051032, end_date=20250104T051033
[2025-01-03T21:10:33.438-0800] {logging_mixin.py:190} INFO - Task instance in success state
[2025-01-03T21:10:33.439-0800] {logging_mixin.py:190} INFO -  Previous state of the Task instance: running
[2025-01-03T21:10:33.440-0800] {logging_mixin.py:190} INFO - Dag name:CovidE2EPipeDag queued_at:2025-01-04 05:10:20.127011+00:00
[2025-01-03T21:10:33.441-0800] {logging_mixin.py:190} INFO - Task hostname:Matthews-MacBook-Air.local operator:PythonOperator
[2025-01-03T21:10:33.499-0800] {local_task_job_runner.py:266} INFO - Task exited with return code 0
[2025-01-03T21:10:33.540-0800] {taskinstance.py:3895} INFO - 1 downstream tasks scheduled from follow-on schedule check
[2025-01-03T21:10:33.543-0800] {local_task_job_runner.py:245} INFO - ::endgroup::
