[2025-01-03T20:43:27.763-0800] {local_task_job_runner.py:123} INFO - ::group::Pre task execution logs
[2025-01-03T20:43:27.790-0800] {taskinstance.py:2613} INFO - Dependencies all met for dep_context=non-requeueable deps ti=<TaskInstance: CovidE2EPipeDag.clean_up_sql_exe scheduled__2025-01-01T00:17:00+00:00 [queued]>
[2025-01-03T20:43:27.805-0800] {taskinstance.py:2613} INFO - Dependencies all met for dep_context=requeueable deps ti=<TaskInstance: CovidE2EPipeDag.clean_up_sql_exe scheduled__2025-01-01T00:17:00+00:00 [queued]>
[2025-01-03T20:43:27.806-0800] {taskinstance.py:2866} INFO - Starting attempt 1 of 2
[2025-01-03T20:43:27.828-0800] {taskinstance.py:2889} INFO - Executing <Task(BashOperator): clean_up_sql_exe> on 2025-01-01 00:17:00+00:00
[2025-01-03T20:43:27.833-0800] {standard_task_runner.py:72} INFO - Started process 68076 to run task
[2025-01-03T20:43:27.845-0800] {standard_task_runner.py:104} INFO - Running: ['airflow', 'tasks', 'run', 'CovidE2EPipeDag', 'clean_up_sql_exe', 'scheduled__2025-01-01T00:17:00+00:00', '--job-id', '426', '--raw', '--subdir', 'DAGS_FOLDER/CovidE2EPipeDag.py', '--cfg-path', '/var/folders/vm/rn9v1g1j739_mq8j5pfl1yxm0000gn/T/tmp52wndctf']
[2025-01-03T20:43:27.848-0800] {standard_task_runner.py:105} INFO - Job 426: Subtask clean_up_sql_exe
[2025-01-03T20:43:27.926-0800] {task_command.py:467} INFO - Running <TaskInstance: CovidE2EPipeDag.clean_up_sql_exe scheduled__2025-01-01T00:17:00+00:00 [running]> on host Matthews-MacBook-Air.local
[2025-01-03T20:43:28.062-0800] {taskinstance.py:3132} INFO - Exporting env vars: AIRFLOW_CTX_DAG_OWNER='Matthew Horn' AIRFLOW_CTX_DAG_ID='CovidE2EPipeDag' AIRFLOW_CTX_TASK_ID='clean_up_sql_exe' AIRFLOW_CTX_EXECUTION_DATE='2025-01-01T00:17:00+00:00' AIRFLOW_CTX_TRY_NUMBER='1' AIRFLOW_CTX_DAG_RUN_ID='scheduled__2025-01-01T00:17:00+00:00'
[2025-01-03T20:43:28.065-0800] {logging_mixin.py:190} INFO - Task instance is in running state
[2025-01-03T20:43:28.066-0800] {logging_mixin.py:190} INFO -  Previous state of the Task instance: queued
[2025-01-03T20:43:28.068-0800] {logging_mixin.py:190} INFO - Current task name:clean_up_sql_exe state:running start_date:2025-01-04 04:43:27.790666+00:00
[2025-01-03T20:43:28.069-0800] {logging_mixin.py:190} INFO - Dag name:CovidE2EPipeDag and current dag run status:running
[2025-01-03T20:43:28.071-0800] {taskinstance.py:731} INFO - ::endgroup::
[2025-01-03T20:43:28.074-0800] {subprocess.py:78} INFO - Tmp dir root location: /var/folders/vm/rn9v1g1j739_mq8j5pfl1yxm0000gn/T
[2025-01-03T20:43:28.076-0800] {subprocess.py:88} INFO - Running command: ['/bin/bash', '-c', 'snow stage remove @raw_data_stage/load_staged_data_2025-01-03.sql;                   rm ~/airflow/helper_scripts/load_staged_data_2025-01-03.sql']
[2025-01-03T20:43:28.087-0800] {subprocess.py:99} INFO - Output:
[2025-01-03T20:43:32.755-0800] {subprocess.py:106} INFO - ╭─ Error ───────────────────────────────────╮
[2025-01-03T20:43:32.756-0800] {subprocess.py:106} INFO - │ Specified name                            │
[2025-01-03T20:43:32.758-0800] {subprocess.py:106} INFO - │ '@raw_data_stage/load_staged_data_2025-01 │
[2025-01-03T20:43:32.759-0800] {subprocess.py:106} INFO - │ -03.sql' is not valid name.               │
[2025-01-03T20:43:32.759-0800] {subprocess.py:106} INFO - ╰───────────────────────────────────────────╯
[2025-01-03T20:43:33.083-0800] {subprocess.py:110} INFO - Command exited with return code 0
[2025-01-03T20:43:33.108-0800] {taskinstance.py:340} INFO - ::group::Post task execution logs
[2025-01-03T20:43:33.110-0800] {taskinstance.py:352} INFO - Marking task as SUCCESS. dag_id=CovidE2EPipeDag, task_id=clean_up_sql_exe, run_id=scheduled__2025-01-01T00:17:00+00:00, execution_date=20250101T001700, start_date=20250104T044327, end_date=20250104T044333
[2025-01-03T20:43:33.122-0800] {logging_mixin.py:190} INFO - Task instance in success state
[2025-01-03T20:43:33.123-0800] {logging_mixin.py:190} INFO -  Previous state of the Task instance: running
[2025-01-03T20:43:33.124-0800] {logging_mixin.py:190} INFO - Dag name:CovidE2EPipeDag queued_at:2025-01-04 04:40:30.269059+00:00
[2025-01-03T20:43:33.125-0800] {logging_mixin.py:190} INFO - Task hostname:Matthews-MacBook-Air.local operator:BashOperator
[2025-01-03T20:43:33.139-0800] {local_task_job_runner.py:266} INFO - Task exited with return code 0
[2025-01-03T20:43:33.163-0800] {taskinstance.py:3895} INFO - 0 downstream tasks scheduled from follow-on schedule check
[2025-01-03T20:43:33.163-0800] {local_task_job_runner.py:245} INFO - ::endgroup::
