[2025-01-01T14:41:14.032-0800] {processor.py:186} INFO - Started process (PID=23614) to work on /opt/anaconda3/envs/airflow_env/lib/python3.9/site-packages/airflow/example_dags/plugins/event_listener.py
[2025-01-01T14:41:14.033-0800] {processor.py:914} INFO - Processing file /opt/anaconda3/envs/airflow_env/lib/python3.9/site-packages/airflow/example_dags/plugins/event_listener.py for tasks to queue
[2025-01-01T14:41:14.034-0800] {logging_mixin.py:190} INFO - [2025-01-01T14:41:14.033-0800] {dagbag.py:588} INFO - Filling up the DagBag from /opt/anaconda3/envs/airflow_env/lib/python3.9/site-packages/airflow/example_dags/plugins/event_listener.py
[2025-01-01T14:41:14.035-0800] {processor.py:927} WARNING - No viable dags retrieved from /opt/anaconda3/envs/airflow_env/lib/python3.9/site-packages/airflow/example_dags/plugins/event_listener.py
[2025-01-01T14:41:14.237-0800] {processor.py:208} INFO - Processing /opt/anaconda3/envs/airflow_env/lib/python3.9/site-packages/airflow/example_dags/plugins/event_listener.py took 0.215 seconds
[2025-01-01T14:45:57.429-0800] {processor.py:186} INFO - Started process (PID=23865) to work on /opt/anaconda3/envs/airflow_env/lib/python3.9/site-packages/airflow/example_dags/plugins/event_listener.py
[2025-01-01T14:45:57.431-0800] {processor.py:914} INFO - Processing file /opt/anaconda3/envs/airflow_env/lib/python3.9/site-packages/airflow/example_dags/plugins/event_listener.py for tasks to queue
[2025-01-01T14:45:57.435-0800] {logging_mixin.py:190} INFO - [2025-01-01T14:45:57.434-0800] {dagbag.py:588} INFO - Filling up the DagBag from /opt/anaconda3/envs/airflow_env/lib/python3.9/site-packages/airflow/example_dags/plugins/event_listener.py
[2025-01-01T14:45:57.439-0800] {processor.py:927} WARNING - No viable dags retrieved from /opt/anaconda3/envs/airflow_env/lib/python3.9/site-packages/airflow/example_dags/plugins/event_listener.py
[2025-01-01T14:45:57.604-0800] {processor.py:208} INFO - Processing /opt/anaconda3/envs/airflow_env/lib/python3.9/site-packages/airflow/example_dags/plugins/event_listener.py took 0.180 seconds
[2025-01-01T14:49:37.246-0800] {processor.py:186} INFO - Started process (PID=24047) to work on /opt/anaconda3/envs/airflow_env/lib/python3.9/site-packages/airflow/example_dags/plugins/event_listener.py
[2025-01-01T14:49:37.248-0800] {processor.py:914} INFO - Processing file /opt/anaconda3/envs/airflow_env/lib/python3.9/site-packages/airflow/example_dags/plugins/event_listener.py for tasks to queue
[2025-01-01T14:49:37.249-0800] {logging_mixin.py:190} INFO - [2025-01-01T14:49:37.249-0800] {dagbag.py:588} INFO - Filling up the DagBag from /opt/anaconda3/envs/airflow_env/lib/python3.9/site-packages/airflow/example_dags/plugins/event_listener.py
[2025-01-01T14:49:37.251-0800] {processor.py:927} WARNING - No viable dags retrieved from /opt/anaconda3/envs/airflow_env/lib/python3.9/site-packages/airflow/example_dags/plugins/event_listener.py
[2025-01-01T14:49:37.410-0800] {processor.py:208} INFO - Processing /opt/anaconda3/envs/airflow_env/lib/python3.9/site-packages/airflow/example_dags/plugins/event_listener.py took 0.168 seconds
[2025-01-01T14:53:03.828-0800] {processor.py:186} INFO - Started process (PID=24229) to work on /opt/anaconda3/envs/airflow_env/lib/python3.9/site-packages/airflow/example_dags/plugins/event_listener.py
[2025-01-01T14:53:03.831-0800] {processor.py:914} INFO - Processing file /opt/anaconda3/envs/airflow_env/lib/python3.9/site-packages/airflow/example_dags/plugins/event_listener.py for tasks to queue
[2025-01-01T14:53:03.832-0800] {logging_mixin.py:190} INFO - [2025-01-01T14:53:03.832-0800] {dagbag.py:588} INFO - Filling up the DagBag from /opt/anaconda3/envs/airflow_env/lib/python3.9/site-packages/airflow/example_dags/plugins/event_listener.py
[2025-01-01T14:53:03.835-0800] {processor.py:927} WARNING - No viable dags retrieved from /opt/anaconda3/envs/airflow_env/lib/python3.9/site-packages/airflow/example_dags/plugins/event_listener.py
[2025-01-01T14:53:03.982-0800] {processor.py:208} INFO - Processing /opt/anaconda3/envs/airflow_env/lib/python3.9/site-packages/airflow/example_dags/plugins/event_listener.py took 0.160 seconds
[2025-01-01T14:56:52.835-0800] {processor.py:186} INFO - Started process (PID=24425) to work on /opt/anaconda3/envs/airflow_env/lib/python3.9/site-packages/airflow/example_dags/plugins/event_listener.py
[2025-01-01T14:56:52.837-0800] {processor.py:914} INFO - Processing file /opt/anaconda3/envs/airflow_env/lib/python3.9/site-packages/airflow/example_dags/plugins/event_listener.py for tasks to queue
[2025-01-01T14:56:52.839-0800] {logging_mixin.py:190} INFO - [2025-01-01T14:56:52.838-0800] {dagbag.py:588} INFO - Filling up the DagBag from /opt/anaconda3/envs/airflow_env/lib/python3.9/site-packages/airflow/example_dags/plugins/event_listener.py
[2025-01-01T14:56:52.843-0800] {processor.py:927} WARNING - No viable dags retrieved from /opt/anaconda3/envs/airflow_env/lib/python3.9/site-packages/airflow/example_dags/plugins/event_listener.py
[2025-01-01T14:56:53.052-0800] {processor.py:208} INFO - Processing /opt/anaconda3/envs/airflow_env/lib/python3.9/site-packages/airflow/example_dags/plugins/event_listener.py took 0.224 seconds
[2025-01-01T15:00:44.094-0800] {processor.py:186} INFO - Started process (PID=24585) to work on /opt/anaconda3/envs/airflow_env/lib/python3.9/site-packages/airflow/example_dags/plugins/event_listener.py
[2025-01-01T15:00:44.096-0800] {processor.py:914} INFO - Processing file /opt/anaconda3/envs/airflow_env/lib/python3.9/site-packages/airflow/example_dags/plugins/event_listener.py for tasks to queue
[2025-01-01T15:00:44.097-0800] {logging_mixin.py:190} INFO - [2025-01-01T15:00:44.097-0800] {dagbag.py:588} INFO - Filling up the DagBag from /opt/anaconda3/envs/airflow_env/lib/python3.9/site-packages/airflow/example_dags/plugins/event_listener.py
[2025-01-01T15:00:44.098-0800] {processor.py:927} WARNING - No viable dags retrieved from /opt/anaconda3/envs/airflow_env/lib/python3.9/site-packages/airflow/example_dags/plugins/event_listener.py
[2025-01-01T15:00:44.228-0800] {processor.py:208} INFO - Processing /opt/anaconda3/envs/airflow_env/lib/python3.9/site-packages/airflow/example_dags/plugins/event_listener.py took 0.138 seconds
[2025-01-01T15:06:45.533-0800] {processor.py:186} INFO - Started process (PID=24840) to work on /opt/anaconda3/envs/airflow_env/lib/python3.9/site-packages/airflow/example_dags/plugins/event_listener.py
[2025-01-01T15:06:45.536-0800] {processor.py:914} INFO - Processing file /opt/anaconda3/envs/airflow_env/lib/python3.9/site-packages/airflow/example_dags/plugins/event_listener.py for tasks to queue
[2025-01-01T15:06:45.539-0800] {logging_mixin.py:190} INFO - [2025-01-01T15:06:45.538-0800] {dagbag.py:588} INFO - Filling up the DagBag from /opt/anaconda3/envs/airflow_env/lib/python3.9/site-packages/airflow/example_dags/plugins/event_listener.py
[2025-01-01T15:06:45.542-0800] {processor.py:927} WARNING - No viable dags retrieved from /opt/anaconda3/envs/airflow_env/lib/python3.9/site-packages/airflow/example_dags/plugins/event_listener.py
[2025-01-01T15:06:45.970-0800] {processor.py:208} INFO - Processing /opt/anaconda3/envs/airflow_env/lib/python3.9/site-packages/airflow/example_dags/plugins/event_listener.py took 0.444 seconds
[2025-01-01T15:10:54.564-0800] {processor.py:186} INFO - Started process (PID=25053) to work on /opt/anaconda3/envs/airflow_env/lib/python3.9/site-packages/airflow/example_dags/plugins/event_listener.py
[2025-01-01T15:10:54.566-0800] {processor.py:914} INFO - Processing file /opt/anaconda3/envs/airflow_env/lib/python3.9/site-packages/airflow/example_dags/plugins/event_listener.py for tasks to queue
[2025-01-01T15:10:54.567-0800] {logging_mixin.py:190} INFO - [2025-01-01T15:10:54.567-0800] {dagbag.py:588} INFO - Filling up the DagBag from /opt/anaconda3/envs/airflow_env/lib/python3.9/site-packages/airflow/example_dags/plugins/event_listener.py
[2025-01-01T15:10:54.569-0800] {processor.py:927} WARNING - No viable dags retrieved from /opt/anaconda3/envs/airflow_env/lib/python3.9/site-packages/airflow/example_dags/plugins/event_listener.py
[2025-01-01T15:10:54.706-0800] {processor.py:208} INFO - Processing /opt/anaconda3/envs/airflow_env/lib/python3.9/site-packages/airflow/example_dags/plugins/event_listener.py took 0.147 seconds
[2025-01-01T15:14:48.381-0800] {processor.py:186} INFO - Started process (PID=25260) to work on /opt/anaconda3/envs/airflow_env/lib/python3.9/site-packages/airflow/example_dags/plugins/event_listener.py
[2025-01-01T15:14:48.383-0800] {processor.py:914} INFO - Processing file /opt/anaconda3/envs/airflow_env/lib/python3.9/site-packages/airflow/example_dags/plugins/event_listener.py for tasks to queue
[2025-01-01T15:14:48.385-0800] {logging_mixin.py:190} INFO - [2025-01-01T15:14:48.385-0800] {dagbag.py:588} INFO - Filling up the DagBag from /opt/anaconda3/envs/airflow_env/lib/python3.9/site-packages/airflow/example_dags/plugins/event_listener.py
[2025-01-01T15:14:48.387-0800] {processor.py:927} WARNING - No viable dags retrieved from /opt/anaconda3/envs/airflow_env/lib/python3.9/site-packages/airflow/example_dags/plugins/event_listener.py
[2025-01-01T15:14:48.534-0800] {processor.py:208} INFO - Processing /opt/anaconda3/envs/airflow_env/lib/python3.9/site-packages/airflow/example_dags/plugins/event_listener.py took 0.157 seconds
[2025-01-01T15:18:20.027-0800] {processor.py:186} INFO - Started process (PID=25398) to work on /opt/anaconda3/envs/airflow_env/lib/python3.9/site-packages/airflow/example_dags/plugins/event_listener.py
[2025-01-01T15:18:20.030-0800] {processor.py:914} INFO - Processing file /opt/anaconda3/envs/airflow_env/lib/python3.9/site-packages/airflow/example_dags/plugins/event_listener.py for tasks to queue
[2025-01-01T15:18:20.031-0800] {logging_mixin.py:190} INFO - [2025-01-01T15:18:20.031-0800] {dagbag.py:588} INFO - Filling up the DagBag from /opt/anaconda3/envs/airflow_env/lib/python3.9/site-packages/airflow/example_dags/plugins/event_listener.py
[2025-01-01T15:18:20.033-0800] {processor.py:927} WARNING - No viable dags retrieved from /opt/anaconda3/envs/airflow_env/lib/python3.9/site-packages/airflow/example_dags/plugins/event_listener.py
[2025-01-01T15:18:20.258-0800] {processor.py:208} INFO - Processing /opt/anaconda3/envs/airflow_env/lib/python3.9/site-packages/airflow/example_dags/plugins/event_listener.py took 0.236 seconds
[2025-01-01T15:21:29.364-0800] {processor.py:186} INFO - Started process (PID=25564) to work on /opt/anaconda3/envs/airflow_env/lib/python3.9/site-packages/airflow/example_dags/plugins/event_listener.py
[2025-01-01T15:21:29.366-0800] {processor.py:914} INFO - Processing file /opt/anaconda3/envs/airflow_env/lib/python3.9/site-packages/airflow/example_dags/plugins/event_listener.py for tasks to queue
[2025-01-01T15:21:29.367-0800] {logging_mixin.py:190} INFO - [2025-01-01T15:21:29.367-0800] {dagbag.py:588} INFO - Filling up the DagBag from /opt/anaconda3/envs/airflow_env/lib/python3.9/site-packages/airflow/example_dags/plugins/event_listener.py
[2025-01-01T15:21:29.369-0800] {processor.py:927} WARNING - No viable dags retrieved from /opt/anaconda3/envs/airflow_env/lib/python3.9/site-packages/airflow/example_dags/plugins/event_listener.py
[2025-01-01T15:21:29.489-0800] {processor.py:208} INFO - Processing /opt/anaconda3/envs/airflow_env/lib/python3.9/site-packages/airflow/example_dags/plugins/event_listener.py took 0.130 seconds
[2025-01-01T15:24:27.055-0800] {processor.py:186} INFO - Started process (PID=25708) to work on /opt/anaconda3/envs/airflow_env/lib/python3.9/site-packages/airflow/example_dags/plugins/event_listener.py
[2025-01-01T15:24:27.057-0800] {processor.py:914} INFO - Processing file /opt/anaconda3/envs/airflow_env/lib/python3.9/site-packages/airflow/example_dags/plugins/event_listener.py for tasks to queue
[2025-01-01T15:24:27.059-0800] {logging_mixin.py:190} INFO - [2025-01-01T15:24:27.058-0800] {dagbag.py:588} INFO - Filling up the DagBag from /opt/anaconda3/envs/airflow_env/lib/python3.9/site-packages/airflow/example_dags/plugins/event_listener.py
[2025-01-01T15:24:27.060-0800] {processor.py:927} WARNING - No viable dags retrieved from /opt/anaconda3/envs/airflow_env/lib/python3.9/site-packages/airflow/example_dags/plugins/event_listener.py
[2025-01-01T15:24:27.206-0800] {processor.py:208} INFO - Processing /opt/anaconda3/envs/airflow_env/lib/python3.9/site-packages/airflow/example_dags/plugins/event_listener.py took 0.156 seconds
[2025-01-01T15:27:15.866-0800] {processor.py:186} INFO - Started process (PID=25828) to work on /opt/anaconda3/envs/airflow_env/lib/python3.9/site-packages/airflow/example_dags/plugins/event_listener.py
[2025-01-01T15:27:15.868-0800] {processor.py:914} INFO - Processing file /opt/anaconda3/envs/airflow_env/lib/python3.9/site-packages/airflow/example_dags/plugins/event_listener.py for tasks to queue
[2025-01-01T15:27:15.870-0800] {logging_mixin.py:190} INFO - [2025-01-01T15:27:15.870-0800] {dagbag.py:588} INFO - Filling up the DagBag from /opt/anaconda3/envs/airflow_env/lib/python3.9/site-packages/airflow/example_dags/plugins/event_listener.py
[2025-01-01T15:27:15.871-0800] {processor.py:927} WARNING - No viable dags retrieved from /opt/anaconda3/envs/airflow_env/lib/python3.9/site-packages/airflow/example_dags/plugins/event_listener.py
[2025-01-01T15:27:15.986-0800] {processor.py:208} INFO - Processing /opt/anaconda3/envs/airflow_env/lib/python3.9/site-packages/airflow/example_dags/plugins/event_listener.py took 0.124 seconds
[2025-01-01T15:30:09.215-0800] {processor.py:186} INFO - Started process (PID=25931) to work on /opt/anaconda3/envs/airflow_env/lib/python3.9/site-packages/airflow/example_dags/plugins/event_listener.py
[2025-01-01T15:30:09.217-0800] {processor.py:914} INFO - Processing file /opt/anaconda3/envs/airflow_env/lib/python3.9/site-packages/airflow/example_dags/plugins/event_listener.py for tasks to queue
[2025-01-01T15:30:09.219-0800] {logging_mixin.py:190} INFO - [2025-01-01T15:30:09.218-0800] {dagbag.py:588} INFO - Filling up the DagBag from /opt/anaconda3/envs/airflow_env/lib/python3.9/site-packages/airflow/example_dags/plugins/event_listener.py
[2025-01-01T15:30:09.221-0800] {processor.py:927} WARNING - No viable dags retrieved from /opt/anaconda3/envs/airflow_env/lib/python3.9/site-packages/airflow/example_dags/plugins/event_listener.py
[2025-01-01T15:30:09.345-0800] {processor.py:208} INFO - Processing /opt/anaconda3/envs/airflow_env/lib/python3.9/site-packages/airflow/example_dags/plugins/event_listener.py took 0.134 seconds
[2025-01-01T15:33:00.489-0800] {processor.py:186} INFO - Started process (PID=26042) to work on /opt/anaconda3/envs/airflow_env/lib/python3.9/site-packages/airflow/example_dags/plugins/event_listener.py
[2025-01-01T15:33:00.495-0800] {processor.py:914} INFO - Processing file /opt/anaconda3/envs/airflow_env/lib/python3.9/site-packages/airflow/example_dags/plugins/event_listener.py for tasks to queue
[2025-01-01T15:33:00.497-0800] {logging_mixin.py:190} INFO - [2025-01-01T15:33:00.496-0800] {dagbag.py:588} INFO - Filling up the DagBag from /opt/anaconda3/envs/airflow_env/lib/python3.9/site-packages/airflow/example_dags/plugins/event_listener.py
[2025-01-01T15:33:00.498-0800] {processor.py:927} WARNING - No viable dags retrieved from /opt/anaconda3/envs/airflow_env/lib/python3.9/site-packages/airflow/example_dags/plugins/event_listener.py
[2025-01-01T15:33:00.614-0800] {processor.py:208} INFO - Processing /opt/anaconda3/envs/airflow_env/lib/python3.9/site-packages/airflow/example_dags/plugins/event_listener.py took 0.130 seconds
[2025-01-01T15:35:46.608-0800] {processor.py:186} INFO - Started process (PID=26144) to work on /opt/anaconda3/envs/airflow_env/lib/python3.9/site-packages/airflow/example_dags/plugins/event_listener.py
[2025-01-01T15:35:46.609-0800] {processor.py:914} INFO - Processing file /opt/anaconda3/envs/airflow_env/lib/python3.9/site-packages/airflow/example_dags/plugins/event_listener.py for tasks to queue
[2025-01-01T15:35:46.610-0800] {logging_mixin.py:190} INFO - [2025-01-01T15:35:46.610-0800] {dagbag.py:588} INFO - Filling up the DagBag from /opt/anaconda3/envs/airflow_env/lib/python3.9/site-packages/airflow/example_dags/plugins/event_listener.py
[2025-01-01T15:35:46.612-0800] {processor.py:927} WARNING - No viable dags retrieved from /opt/anaconda3/envs/airflow_env/lib/python3.9/site-packages/airflow/example_dags/plugins/event_listener.py
[2025-01-01T15:35:46.724-0800] {processor.py:208} INFO - Processing /opt/anaconda3/envs/airflow_env/lib/python3.9/site-packages/airflow/example_dags/plugins/event_listener.py took 0.120 seconds
[2025-01-01T15:38:35.877-0800] {processor.py:186} INFO - Started process (PID=26252) to work on /opt/anaconda3/envs/airflow_env/lib/python3.9/site-packages/airflow/example_dags/plugins/event_listener.py
[2025-01-01T15:38:35.880-0800] {processor.py:914} INFO - Processing file /opt/anaconda3/envs/airflow_env/lib/python3.9/site-packages/airflow/example_dags/plugins/event_listener.py for tasks to queue
[2025-01-01T15:38:35.881-0800] {logging_mixin.py:190} INFO - [2025-01-01T15:38:35.881-0800] {dagbag.py:588} INFO - Filling up the DagBag from /opt/anaconda3/envs/airflow_env/lib/python3.9/site-packages/airflow/example_dags/plugins/event_listener.py
[2025-01-01T15:38:35.882-0800] {processor.py:927} WARNING - No viable dags retrieved from /opt/anaconda3/envs/airflow_env/lib/python3.9/site-packages/airflow/example_dags/plugins/event_listener.py
[2025-01-01T15:38:35.994-0800] {processor.py:208} INFO - Processing /opt/anaconda3/envs/airflow_env/lib/python3.9/site-packages/airflow/example_dags/plugins/event_listener.py took 0.120 seconds
[2025-01-01T15:41:24.963-0800] {processor.py:186} INFO - Started process (PID=26355) to work on /opt/anaconda3/envs/airflow_env/lib/python3.9/site-packages/airflow/example_dags/plugins/event_listener.py
[2025-01-01T15:41:24.965-0800] {processor.py:914} INFO - Processing file /opt/anaconda3/envs/airflow_env/lib/python3.9/site-packages/airflow/example_dags/plugins/event_listener.py for tasks to queue
[2025-01-01T15:41:24.967-0800] {logging_mixin.py:190} INFO - [2025-01-01T15:41:24.967-0800] {dagbag.py:588} INFO - Filling up the DagBag from /opt/anaconda3/envs/airflow_env/lib/python3.9/site-packages/airflow/example_dags/plugins/event_listener.py
[2025-01-01T15:41:24.968-0800] {processor.py:927} WARNING - No viable dags retrieved from /opt/anaconda3/envs/airflow_env/lib/python3.9/site-packages/airflow/example_dags/plugins/event_listener.py
[2025-01-01T15:41:25.079-0800] {processor.py:208} INFO - Processing /opt/anaconda3/envs/airflow_env/lib/python3.9/site-packages/airflow/example_dags/plugins/event_listener.py took 0.120 seconds
