[2025-01-01T14:41:10.243-0800] {processor.py:186} INFO - Started process (PID=23611) to work on /opt/anaconda3/envs/airflow_env/lib/python3.9/site-packages/airflow/example_dags/plugins/listener_plugin.py
[2025-01-01T14:41:10.244-0800] {processor.py:914} INFO - Processing file /opt/anaconda3/envs/airflow_env/lib/python3.9/site-packages/airflow/example_dags/plugins/listener_plugin.py for tasks to queue
[2025-01-01T14:41:10.245-0800] {logging_mixin.py:190} INFO - [2025-01-01T14:41:10.245-0800] {dagbag.py:588} INFO - Filling up the DagBag from /opt/anaconda3/envs/airflow_env/lib/python3.9/site-packages/airflow/example_dags/plugins/listener_plugin.py
[2025-01-01T14:41:10.247-0800] {processor.py:927} WARNING - No viable dags retrieved from /opt/anaconda3/envs/airflow_env/lib/python3.9/site-packages/airflow/example_dags/plugins/listener_plugin.py
[2025-01-01T14:41:10.378-0800] {processor.py:208} INFO - Processing /opt/anaconda3/envs/airflow_env/lib/python3.9/site-packages/airflow/example_dags/plugins/listener_plugin.py took 0.139 seconds
[2025-01-01T14:45:54.418-0800] {processor.py:186} INFO - Started process (PID=23863) to work on /opt/anaconda3/envs/airflow_env/lib/python3.9/site-packages/airflow/example_dags/plugins/listener_plugin.py
[2025-01-01T14:45:54.420-0800] {processor.py:914} INFO - Processing file /opt/anaconda3/envs/airflow_env/lib/python3.9/site-packages/airflow/example_dags/plugins/listener_plugin.py for tasks to queue
[2025-01-01T14:45:54.422-0800] {logging_mixin.py:190} INFO - [2025-01-01T14:45:54.422-0800] {dagbag.py:588} INFO - Filling up the DagBag from /opt/anaconda3/envs/airflow_env/lib/python3.9/site-packages/airflow/example_dags/plugins/listener_plugin.py
[2025-01-01T14:45:54.426-0800] {processor.py:927} WARNING - No viable dags retrieved from /opt/anaconda3/envs/airflow_env/lib/python3.9/site-packages/airflow/example_dags/plugins/listener_plugin.py
[2025-01-01T14:45:54.560-0800] {processor.py:208} INFO - Processing /opt/anaconda3/envs/airflow_env/lib/python3.9/site-packages/airflow/example_dags/plugins/listener_plugin.py took 0.148 seconds
[2025-01-01T14:49:32.743-0800] {processor.py:186} INFO - Started process (PID=24043) to work on /opt/anaconda3/envs/airflow_env/lib/python3.9/site-packages/airflow/example_dags/plugins/listener_plugin.py
[2025-01-01T14:49:32.746-0800] {processor.py:914} INFO - Processing file /opt/anaconda3/envs/airflow_env/lib/python3.9/site-packages/airflow/example_dags/plugins/listener_plugin.py for tasks to queue
[2025-01-01T14:49:32.747-0800] {logging_mixin.py:190} INFO - [2025-01-01T14:49:32.747-0800] {dagbag.py:588} INFO - Filling up the DagBag from /opt/anaconda3/envs/airflow_env/lib/python3.9/site-packages/airflow/example_dags/plugins/listener_plugin.py
[2025-01-01T14:49:32.756-0800] {processor.py:927} WARNING - No viable dags retrieved from /opt/anaconda3/envs/airflow_env/lib/python3.9/site-packages/airflow/example_dags/plugins/listener_plugin.py
[2025-01-01T14:49:32.901-0800] {processor.py:208} INFO - Processing /opt/anaconda3/envs/airflow_env/lib/python3.9/site-packages/airflow/example_dags/plugins/listener_plugin.py took 0.162 seconds
[2025-01-01T14:53:00.037-0800] {processor.py:186} INFO - Started process (PID=24227) to work on /opt/anaconda3/envs/airflow_env/lib/python3.9/site-packages/airflow/example_dags/plugins/listener_plugin.py
[2025-01-01T14:53:00.039-0800] {processor.py:914} INFO - Processing file /opt/anaconda3/envs/airflow_env/lib/python3.9/site-packages/airflow/example_dags/plugins/listener_plugin.py for tasks to queue
[2025-01-01T14:53:00.041-0800] {logging_mixin.py:190} INFO - [2025-01-01T14:53:00.040-0800] {dagbag.py:588} INFO - Filling up the DagBag from /opt/anaconda3/envs/airflow_env/lib/python3.9/site-packages/airflow/example_dags/plugins/listener_plugin.py
[2025-01-01T14:53:00.050-0800] {processor.py:927} WARNING - No viable dags retrieved from /opt/anaconda3/envs/airflow_env/lib/python3.9/site-packages/airflow/example_dags/plugins/listener_plugin.py
[2025-01-01T14:53:00.199-0800] {processor.py:208} INFO - Processing /opt/anaconda3/envs/airflow_env/lib/python3.9/site-packages/airflow/example_dags/plugins/listener_plugin.py took 0.166 seconds
[2025-01-01T14:56:48.871-0800] {processor.py:186} INFO - Started process (PID=24421) to work on /opt/anaconda3/envs/airflow_env/lib/python3.9/site-packages/airflow/example_dags/plugins/listener_plugin.py
[2025-01-01T14:56:48.873-0800] {processor.py:914} INFO - Processing file /opt/anaconda3/envs/airflow_env/lib/python3.9/site-packages/airflow/example_dags/plugins/listener_plugin.py for tasks to queue
[2025-01-01T14:56:48.874-0800] {logging_mixin.py:190} INFO - [2025-01-01T14:56:48.874-0800] {dagbag.py:588} INFO - Filling up the DagBag from /opt/anaconda3/envs/airflow_env/lib/python3.9/site-packages/airflow/example_dags/plugins/listener_plugin.py
[2025-01-01T14:56:48.877-0800] {processor.py:927} WARNING - No viable dags retrieved from /opt/anaconda3/envs/airflow_env/lib/python3.9/site-packages/airflow/example_dags/plugins/listener_plugin.py
[2025-01-01T14:56:49.037-0800] {processor.py:208} INFO - Processing /opt/anaconda3/envs/airflow_env/lib/python3.9/site-packages/airflow/example_dags/plugins/listener_plugin.py took 0.176 seconds
[2025-01-01T15:00:40.427-0800] {processor.py:186} INFO - Started process (PID=24583) to work on /opt/anaconda3/envs/airflow_env/lib/python3.9/site-packages/airflow/example_dags/plugins/listener_plugin.py
[2025-01-01T15:00:40.428-0800] {processor.py:914} INFO - Processing file /opt/anaconda3/envs/airflow_env/lib/python3.9/site-packages/airflow/example_dags/plugins/listener_plugin.py for tasks to queue
[2025-01-01T15:00:40.429-0800] {logging_mixin.py:190} INFO - [2025-01-01T15:00:40.429-0800] {dagbag.py:588} INFO - Filling up the DagBag from /opt/anaconda3/envs/airflow_env/lib/python3.9/site-packages/airflow/example_dags/plugins/listener_plugin.py
[2025-01-01T15:00:40.433-0800] {processor.py:927} WARNING - No viable dags retrieved from /opt/anaconda3/envs/airflow_env/lib/python3.9/site-packages/airflow/example_dags/plugins/listener_plugin.py
[2025-01-01T15:00:40.621-0800] {processor.py:208} INFO - Processing /opt/anaconda3/envs/airflow_env/lib/python3.9/site-packages/airflow/example_dags/plugins/listener_plugin.py took 0.208 seconds
[2025-01-01T15:06:35.751-0800] {processor.py:186} INFO - Started process (PID=24834) to work on /opt/anaconda3/envs/airflow_env/lib/python3.9/site-packages/airflow/example_dags/plugins/listener_plugin.py
[2025-01-01T15:06:35.754-0800] {processor.py:914} INFO - Processing file /opt/anaconda3/envs/airflow_env/lib/python3.9/site-packages/airflow/example_dags/plugins/listener_plugin.py for tasks to queue
[2025-01-01T15:06:35.756-0800] {logging_mixin.py:190} INFO - [2025-01-01T15:06:35.755-0800] {dagbag.py:588} INFO - Filling up the DagBag from /opt/anaconda3/envs/airflow_env/lib/python3.9/site-packages/airflow/example_dags/plugins/listener_plugin.py
[2025-01-01T15:06:35.765-0800] {processor.py:927} WARNING - No viable dags retrieved from /opt/anaconda3/envs/airflow_env/lib/python3.9/site-packages/airflow/example_dags/plugins/listener_plugin.py
[2025-01-01T15:06:36.176-0800] {processor.py:208} INFO - Processing /opt/anaconda3/envs/airflow_env/lib/python3.9/site-packages/airflow/example_dags/plugins/listener_plugin.py took 0.437 seconds
[2025-01-01T15:10:50.637-0800] {processor.py:186} INFO - Started process (PID=25051) to work on /opt/anaconda3/envs/airflow_env/lib/python3.9/site-packages/airflow/example_dags/plugins/listener_plugin.py
[2025-01-01T15:10:50.640-0800] {processor.py:914} INFO - Processing file /opt/anaconda3/envs/airflow_env/lib/python3.9/site-packages/airflow/example_dags/plugins/listener_plugin.py for tasks to queue
[2025-01-01T15:10:50.642-0800] {logging_mixin.py:190} INFO - [2025-01-01T15:10:50.642-0800] {dagbag.py:588} INFO - Filling up the DagBag from /opt/anaconda3/envs/airflow_env/lib/python3.9/site-packages/airflow/example_dags/plugins/listener_plugin.py
[2025-01-01T15:10:50.648-0800] {processor.py:927} WARNING - No viable dags retrieved from /opt/anaconda3/envs/airflow_env/lib/python3.9/site-packages/airflow/example_dags/plugins/listener_plugin.py
[2025-01-01T15:10:50.900-0800] {processor.py:208} INFO - Processing /opt/anaconda3/envs/airflow_env/lib/python3.9/site-packages/airflow/example_dags/plugins/listener_plugin.py took 0.266 seconds
[2025-01-01T15:14:44.506-0800] {processor.py:186} INFO - Started process (PID=25258) to work on /opt/anaconda3/envs/airflow_env/lib/python3.9/site-packages/airflow/example_dags/plugins/listener_plugin.py
[2025-01-01T15:14:44.509-0800] {processor.py:914} INFO - Processing file /opt/anaconda3/envs/airflow_env/lib/python3.9/site-packages/airflow/example_dags/plugins/listener_plugin.py for tasks to queue
[2025-01-01T15:14:44.510-0800] {logging_mixin.py:190} INFO - [2025-01-01T15:14:44.510-0800] {dagbag.py:588} INFO - Filling up the DagBag from /opt/anaconda3/envs/airflow_env/lib/python3.9/site-packages/airflow/example_dags/plugins/listener_plugin.py
[2025-01-01T15:14:44.513-0800] {processor.py:927} WARNING - No viable dags retrieved from /opt/anaconda3/envs/airflow_env/lib/python3.9/site-packages/airflow/example_dags/plugins/listener_plugin.py
[2025-01-01T15:14:44.660-0800] {processor.py:208} INFO - Processing /opt/anaconda3/envs/airflow_env/lib/python3.9/site-packages/airflow/example_dags/plugins/listener_plugin.py took 0.158 seconds
[2025-01-01T15:18:15.531-0800] {processor.py:186} INFO - Started process (PID=25396) to work on /opt/anaconda3/envs/airflow_env/lib/python3.9/site-packages/airflow/example_dags/plugins/listener_plugin.py
[2025-01-01T15:18:15.534-0800] {processor.py:914} INFO - Processing file /opt/anaconda3/envs/airflow_env/lib/python3.9/site-packages/airflow/example_dags/plugins/listener_plugin.py for tasks to queue
[2025-01-01T15:18:15.537-0800] {logging_mixin.py:190} INFO - [2025-01-01T15:18:15.536-0800] {dagbag.py:588} INFO - Filling up the DagBag from /opt/anaconda3/envs/airflow_env/lib/python3.9/site-packages/airflow/example_dags/plugins/listener_plugin.py
[2025-01-01T15:18:15.554-0800] {processor.py:927} WARNING - No viable dags retrieved from /opt/anaconda3/envs/airflow_env/lib/python3.9/site-packages/airflow/example_dags/plugins/listener_plugin.py
[2025-01-01T15:18:15.751-0800] {processor.py:208} INFO - Processing /opt/anaconda3/envs/airflow_env/lib/python3.9/site-packages/airflow/example_dags/plugins/listener_plugin.py took 0.227 seconds
[2025-01-01T15:21:25.846-0800] {processor.py:186} INFO - Started process (PID=25562) to work on /opt/anaconda3/envs/airflow_env/lib/python3.9/site-packages/airflow/example_dags/plugins/listener_plugin.py
[2025-01-01T15:21:25.848-0800] {processor.py:914} INFO - Processing file /opt/anaconda3/envs/airflow_env/lib/python3.9/site-packages/airflow/example_dags/plugins/listener_plugin.py for tasks to queue
[2025-01-01T15:21:25.850-0800] {logging_mixin.py:190} INFO - [2025-01-01T15:21:25.849-0800] {dagbag.py:588} INFO - Filling up the DagBag from /opt/anaconda3/envs/airflow_env/lib/python3.9/site-packages/airflow/example_dags/plugins/listener_plugin.py
[2025-01-01T15:21:25.853-0800] {processor.py:927} WARNING - No viable dags retrieved from /opt/anaconda3/envs/airflow_env/lib/python3.9/site-packages/airflow/example_dags/plugins/listener_plugin.py
[2025-01-01T15:21:25.981-0800] {processor.py:208} INFO - Processing /opt/anaconda3/envs/airflow_env/lib/python3.9/site-packages/airflow/example_dags/plugins/listener_plugin.py took 0.139 seconds
[2025-01-01T15:24:23.946-0800] {processor.py:186} INFO - Started process (PID=25706) to work on /opt/anaconda3/envs/airflow_env/lib/python3.9/site-packages/airflow/example_dags/plugins/listener_plugin.py
[2025-01-01T15:24:23.948-0800] {processor.py:914} INFO - Processing file /opt/anaconda3/envs/airflow_env/lib/python3.9/site-packages/airflow/example_dags/plugins/listener_plugin.py for tasks to queue
[2025-01-01T15:24:23.950-0800] {logging_mixin.py:190} INFO - [2025-01-01T15:24:23.949-0800] {dagbag.py:588} INFO - Filling up the DagBag from /opt/anaconda3/envs/airflow_env/lib/python3.9/site-packages/airflow/example_dags/plugins/listener_plugin.py
[2025-01-01T15:24:23.952-0800] {processor.py:927} WARNING - No viable dags retrieved from /opt/anaconda3/envs/airflow_env/lib/python3.9/site-packages/airflow/example_dags/plugins/listener_plugin.py
[2025-01-01T15:24:24.071-0800] {processor.py:208} INFO - Processing /opt/anaconda3/envs/airflow_env/lib/python3.9/site-packages/airflow/example_dags/plugins/listener_plugin.py took 0.130 seconds
[2025-01-01T15:27:12.377-0800] {processor.py:186} INFO - Started process (PID=25826) to work on /opt/anaconda3/envs/airflow_env/lib/python3.9/site-packages/airflow/example_dags/plugins/listener_plugin.py
[2025-01-01T15:27:12.380-0800] {processor.py:914} INFO - Processing file /opt/anaconda3/envs/airflow_env/lib/python3.9/site-packages/airflow/example_dags/plugins/listener_plugin.py for tasks to queue
[2025-01-01T15:27:12.381-0800] {logging_mixin.py:190} INFO - [2025-01-01T15:27:12.381-0800] {dagbag.py:588} INFO - Filling up the DagBag from /opt/anaconda3/envs/airflow_env/lib/python3.9/site-packages/airflow/example_dags/plugins/listener_plugin.py
[2025-01-01T15:27:12.394-0800] {processor.py:927} WARNING - No viable dags retrieved from /opt/anaconda3/envs/airflow_env/lib/python3.9/site-packages/airflow/example_dags/plugins/listener_plugin.py
[2025-01-01T15:27:12.515-0800] {processor.py:208} INFO - Processing /opt/anaconda3/envs/airflow_env/lib/python3.9/site-packages/airflow/example_dags/plugins/listener_plugin.py took 0.142 seconds
[2025-01-01T15:30:06.611-0800] {processor.py:186} INFO - Started process (PID=25929) to work on /opt/anaconda3/envs/airflow_env/lib/python3.9/site-packages/airflow/example_dags/plugins/listener_plugin.py
[2025-01-01T15:30:06.614-0800] {processor.py:914} INFO - Processing file /opt/anaconda3/envs/airflow_env/lib/python3.9/site-packages/airflow/example_dags/plugins/listener_plugin.py for tasks to queue
[2025-01-01T15:30:06.615-0800] {logging_mixin.py:190} INFO - [2025-01-01T15:30:06.615-0800] {dagbag.py:588} INFO - Filling up the DagBag from /opt/anaconda3/envs/airflow_env/lib/python3.9/site-packages/airflow/example_dags/plugins/listener_plugin.py
[2025-01-01T15:30:06.618-0800] {processor.py:927} WARNING - No viable dags retrieved from /opt/anaconda3/envs/airflow_env/lib/python3.9/site-packages/airflow/example_dags/plugins/listener_plugin.py
[2025-01-01T15:30:06.737-0800] {processor.py:208} INFO - Processing /opt/anaconda3/envs/airflow_env/lib/python3.9/site-packages/airflow/example_dags/plugins/listener_plugin.py took 0.130 seconds
[2025-01-01T15:32:57.446-0800] {processor.py:186} INFO - Started process (PID=26040) to work on /opt/anaconda3/envs/airflow_env/lib/python3.9/site-packages/airflow/example_dags/plugins/listener_plugin.py
[2025-01-01T15:32:57.448-0800] {processor.py:914} INFO - Processing file /opt/anaconda3/envs/airflow_env/lib/python3.9/site-packages/airflow/example_dags/plugins/listener_plugin.py for tasks to queue
[2025-01-01T15:32:57.450-0800] {logging_mixin.py:190} INFO - [2025-01-01T15:32:57.450-0800] {dagbag.py:588} INFO - Filling up the DagBag from /opt/anaconda3/envs/airflow_env/lib/python3.9/site-packages/airflow/example_dags/plugins/listener_plugin.py
[2025-01-01T15:32:57.454-0800] {processor.py:927} WARNING - No viable dags retrieved from /opt/anaconda3/envs/airflow_env/lib/python3.9/site-packages/airflow/example_dags/plugins/listener_plugin.py
[2025-01-01T15:32:57.580-0800] {processor.py:208} INFO - Processing /opt/anaconda3/envs/airflow_env/lib/python3.9/site-packages/airflow/example_dags/plugins/listener_plugin.py took 0.139 seconds
[2025-01-01T15:35:43.137-0800] {processor.py:186} INFO - Started process (PID=26142) to work on /opt/anaconda3/envs/airflow_env/lib/python3.9/site-packages/airflow/example_dags/plugins/listener_plugin.py
[2025-01-01T15:35:43.138-0800] {processor.py:914} INFO - Processing file /opt/anaconda3/envs/airflow_env/lib/python3.9/site-packages/airflow/example_dags/plugins/listener_plugin.py for tasks to queue
[2025-01-01T15:35:43.139-0800] {logging_mixin.py:190} INFO - [2025-01-01T15:35:43.139-0800] {dagbag.py:588} INFO - Filling up the DagBag from /opt/anaconda3/envs/airflow_env/lib/python3.9/site-packages/airflow/example_dags/plugins/listener_plugin.py
[2025-01-01T15:35:43.142-0800] {processor.py:927} WARNING - No viable dags retrieved from /opt/anaconda3/envs/airflow_env/lib/python3.9/site-packages/airflow/example_dags/plugins/listener_plugin.py
[2025-01-01T15:35:43.256-0800] {processor.py:208} INFO - Processing /opt/anaconda3/envs/airflow_env/lib/python3.9/site-packages/airflow/example_dags/plugins/listener_plugin.py took 0.122 seconds
[2025-01-01T15:38:32.568-0800] {processor.py:186} INFO - Started process (PID=26250) to work on /opt/anaconda3/envs/airflow_env/lib/python3.9/site-packages/airflow/example_dags/plugins/listener_plugin.py
[2025-01-01T15:38:32.571-0800] {processor.py:914} INFO - Processing file /opt/anaconda3/envs/airflow_env/lib/python3.9/site-packages/airflow/example_dags/plugins/listener_plugin.py for tasks to queue
[2025-01-01T15:38:32.572-0800] {logging_mixin.py:190} INFO - [2025-01-01T15:38:32.572-0800] {dagbag.py:588} INFO - Filling up the DagBag from /opt/anaconda3/envs/airflow_env/lib/python3.9/site-packages/airflow/example_dags/plugins/listener_plugin.py
[2025-01-01T15:38:32.575-0800] {processor.py:927} WARNING - No viable dags retrieved from /opt/anaconda3/envs/airflow_env/lib/python3.9/site-packages/airflow/example_dags/plugins/listener_plugin.py
[2025-01-01T15:38:32.700-0800] {processor.py:208} INFO - Processing /opt/anaconda3/envs/airflow_env/lib/python3.9/site-packages/airflow/example_dags/plugins/listener_plugin.py took 0.136 seconds
[2025-01-01T15:41:21.554-0800] {processor.py:186} INFO - Started process (PID=26351) to work on /opt/anaconda3/envs/airflow_env/lib/python3.9/site-packages/airflow/example_dags/plugins/listener_plugin.py
[2025-01-01T15:41:21.556-0800] {processor.py:914} INFO - Processing file /opt/anaconda3/envs/airflow_env/lib/python3.9/site-packages/airflow/example_dags/plugins/listener_plugin.py for tasks to queue
[2025-01-01T15:41:21.558-0800] {logging_mixin.py:190} INFO - [2025-01-01T15:41:21.557-0800] {dagbag.py:588} INFO - Filling up the DagBag from /opt/anaconda3/envs/airflow_env/lib/python3.9/site-packages/airflow/example_dags/plugins/listener_plugin.py
[2025-01-01T15:41:21.560-0800] {processor.py:927} WARNING - No viable dags retrieved from /opt/anaconda3/envs/airflow_env/lib/python3.9/site-packages/airflow/example_dags/plugins/listener_plugin.py
[2025-01-01T15:41:21.682-0800] {processor.py:208} INFO - Processing /opt/anaconda3/envs/airflow_env/lib/python3.9/site-packages/airflow/example_dags/plugins/listener_plugin.py took 0.134 seconds
