[2025-01-08T12:59:59.504-0800] {local_task_job_runner.py:123} INFO - ::group::Pre task execution logs
[2025-01-08T12:59:59.517-0800] {taskinstance.py:2613} INFO - Dependencies all met for dep_context=non-requeueable deps ti=<TaskInstance: CovidE2EPipeDag.stage_sql manual__2025-01-08T20:55:26.931673+00:00 [queued]>
[2025-01-08T12:59:59.528-0800] {taskinstance.py:2613} INFO - Dependencies all met for dep_context=requeueable deps ti=<TaskInstance: CovidE2EPipeDag.stage_sql manual__2025-01-08T20:55:26.931673+00:00 [queued]>
[2025-01-08T12:59:59.528-0800] {taskinstance.py:2866} INFO - Starting attempt 1 of 2
[2025-01-08T12:59:59.546-0800] {taskinstance.py:2889} INFO - Executing <Task(BashOperator): stage_sql> on 2025-01-08 20:55:26.931673+00:00
[2025-01-08T12:59:59.550-0800] {standard_task_runner.py:72} INFO - Started process 3918 to run task
[2025-01-08T12:59:59.558-0800] {standard_task_runner.py:104} INFO - Running: ['airflow', 'tasks', 'run', 'CovidE2EPipeDag', 'stage_sql', 'manual__2025-01-08T20:55:26.931673+00:00', '--job-id', '1174', '--raw', '--subdir', 'DAGS_FOLDER/CovidE2EPipeDag.py', '--cfg-path', '/var/folders/vm/rn9v1g1j739_mq8j5pfl1yxm0000gn/T/tmpq4psv4m1']
[2025-01-08T12:59:59.561-0800] {standard_task_runner.py:105} INFO - Job 1174: Subtask stage_sql
[2025-01-08T12:59:59.615-0800] {task_command.py:467} INFO - Running <TaskInstance: CovidE2EPipeDag.stage_sql manual__2025-01-08T20:55:26.931673+00:00 [running]> on host Matthews-MacBook-Air.local
[2025-01-08T12:59:59.702-0800] {taskinstance.py:3132} INFO - Exporting env vars: AIRFLOW_CTX_DAG_OWNER='Matthew Horn' AIRFLOW_CTX_DAG_ID='CovidE2EPipeDag' AIRFLOW_CTX_TASK_ID='stage_sql' AIRFLOW_CTX_EXECUTION_DATE='2025-01-08T20:55:26.931673+00:00' AIRFLOW_CTX_TRY_NUMBER='1' AIRFLOW_CTX_DAG_RUN_ID='manual__2025-01-08T20:55:26.931673+00:00'
[2025-01-08T12:59:59.705-0800] {taskinstance.py:731} INFO - ::endgroup::
[2025-01-08T12:59:59.724-0800] {subprocess.py:78} INFO - Tmp dir root location: /var/folders/vm/rn9v1g1j739_mq8j5pfl1yxm0000gn/T
[2025-01-08T12:59:59.725-0800] {subprocess.py:88} INFO - Running command: ['/bin/bash', '-c', 'snow stage copy /Users/matthewmac/airflow/helper_scripts/load_staged_data_2025-01-08.sql @CovidE2EPipeDatabase.raw_data.raw_data_stage']
[2025-01-08T12:59:59.736-0800] {subprocess.py:99} INFO - Output:
[2025-01-08T13:00:06.106-0800] {subprocess.py:106} INFO - +-----------------------------------------------+
[2025-01-08T13:00:06.108-0800] {subprocess.py:106} INFO - |     |     |     |     | sou | tar |     |     |
[2025-01-08T13:00:06.109-0800] {subprocess.py:106} INFO - |     |     |     |     | rce | get |     |     |
[2025-01-08T13:00:06.110-0800] {subprocess.py:106} INFO - |     |     | sou | tar | _co | _co |     |     |
[2025-01-08T13:00:06.110-0800] {subprocess.py:106} INFO - |     |     | rce | get | mpr | mpr |     | mes |
[2025-01-08T13:00:06.111-0800] {subprocess.py:106} INFO - | sou | tar | _si | _si | ess | ess | sta | sag |
[2025-01-08T13:00:06.113-0800] {subprocess.py:106} INFO - | rce | get | ze  | ze  | ion | ion | tus | e   |
[2025-01-08T13:00:06.114-0800] {subprocess.py:106} INFO - |-----+-----+-----+-----+-----+-----+-----+-----|
[2025-01-08T13:00:06.115-0800] {subprocess.py:106} INFO - | loa | loa | 219 | 224 | NON | NON | UPL |     |
[2025-01-08T13:00:06.115-0800] {subprocess.py:106} INFO - | d_s | d_s |     |     | E   | E   | OAD |     |
[2025-01-08T13:00:06.116-0800] {subprocess.py:106} INFO - | tag | tag |     |     |     |     | ED  |     |
[2025-01-08T13:00:06.117-0800] {subprocess.py:106} INFO - | ed_ | ed_ |     |     |     |     |     |     |
[2025-01-08T13:00:06.117-0800] {subprocess.py:106} INFO - | dat | dat |     |     |     |     |     |     |
[2025-01-08T13:00:06.118-0800] {subprocess.py:106} INFO - | a_2 | a_2 |     |     |     |     |     |     |
[2025-01-08T13:00:06.118-0800] {subprocess.py:106} INFO - | 025 | 025 |     |     |     |     |     |     |
[2025-01-08T13:00:06.119-0800] {subprocess.py:106} INFO - | -01 | -01 |     |     |     |     |     |     |
[2025-01-08T13:00:06.119-0800] {subprocess.py:106} INFO - | -08 | -08 |     |     |     |     |     |     |
[2025-01-08T13:00:06.120-0800] {subprocess.py:106} INFO - | .sq | .sq |     |     |     |     |     |     |
[2025-01-08T13:00:06.120-0800] {subprocess.py:106} INFO - | l   | l   |     |     |     |     |     |     |
[2025-01-08T13:00:06.121-0800] {subprocess.py:106} INFO - +-----------------------------------------------+
[2025-01-08T13:00:06.556-0800] {subprocess.py:110} INFO - Command exited with return code 0
[2025-01-08T13:00:06.578-0800] {taskinstance.py:340} INFO - ::group::Post task execution logs
[2025-01-08T13:00:06.581-0800] {taskinstance.py:352} INFO - Marking task as SUCCESS. dag_id=CovidE2EPipeDag, task_id=stage_sql, run_id=manual__2025-01-08T20:55:26.931673+00:00, execution_date=20250108T205526, start_date=20250108T205959, end_date=20250108T210006
[2025-01-08T13:00:06.623-0800] {local_task_job_runner.py:266} INFO - Task exited with return code 0
[2025-01-08T13:00:06.657-0800] {taskinstance.py:3895} INFO - 1 downstream tasks scheduled from follow-on schedule check
[2025-01-08T13:00:06.660-0800] {local_task_job_runner.py:245} INFO - ::endgroup::
