[2025-01-01T18:46:38.765-0800] {local_task_job_runner.py:123} INFO - ::group::Pre task execution logs
[2025-01-01T18:46:38.808-0800] {taskinstance.py:2613} INFO - Dependencies all met for dep_context=non-requeueable deps ti=<TaskInstance: CovidE2EPipeDag.print2 scheduled__2025-01-01T18:46:00+00:00 [queued]>
[2025-01-01T18:46:38.819-0800] {taskinstance.py:2613} INFO - Dependencies all met for dep_context=requeueable deps ti=<TaskInstance: CovidE2EPipeDag.print2 scheduled__2025-01-01T18:46:00+00:00 [queued]>
[2025-01-01T18:46:38.820-0800] {taskinstance.py:2866} INFO - Starting attempt 1 of 2
[2025-01-01T18:46:38.836-0800] {taskinstance.py:2889} INFO - Executing <Task(PythonOperator): print2> on 2025-01-01 18:46:00+00:00
[2025-01-01T18:46:38.839-0800] {standard_task_runner.py:72} INFO - Started process 34581 to run task
[2025-01-01T18:46:38.848-0800] {standard_task_runner.py:104} INFO - Running: ['airflow', 'tasks', 'run', 'CovidE2EPipeDag', 'print2', 'scheduled__2025-01-01T18:46:00+00:00', '--job-id', '129', '--raw', '--subdir', 'DAGS_FOLDER/test_dag.py', '--cfg-path', '/var/folders/vm/rn9v1g1j739_mq8j5pfl1yxm0000gn/T/tmpbsacospb']
[2025-01-01T18:46:38.854-0800] {standard_task_runner.py:105} INFO - Job 129: Subtask print2
[2025-01-01T18:46:38.929-0800] {task_command.py:467} INFO - Running <TaskInstance: CovidE2EPipeDag.print2 scheduled__2025-01-01T18:46:00+00:00 [running]> on host Matthews-MacBook-Air.local
[2025-01-01T18:46:39.022-0800] {taskinstance.py:3132} INFO - Exporting env vars: AIRFLOW_CTX_DAG_OWNER='Matthew Horn' AIRFLOW_CTX_DAG_ID='CovidE2EPipeDag' AIRFLOW_CTX_TASK_ID='print2' AIRFLOW_CTX_EXECUTION_DATE='2025-01-01T18:46:00+00:00' AIRFLOW_CTX_TRY_NUMBER='1' AIRFLOW_CTX_DAG_RUN_ID='scheduled__2025-01-01T18:46:00+00:00'
[2025-01-01T18:46:39.026-0800] {logging_mixin.py:190} INFO - Task instance is in running state
[2025-01-01T18:46:39.027-0800] {logging_mixin.py:190} INFO -  Previous state of the Task instance: queued
[2025-01-01T18:46:39.028-0800] {logging_mixin.py:190} INFO - Current task name:print2 state:running start_date:2025-01-02 02:46:38.809353+00:00
[2025-01-01T18:46:39.030-0800] {logging_mixin.py:190} INFO - Dag name:CovidE2EPipeDag and current dag run status:running
[2025-01-01T18:46:39.031-0800] {taskinstance.py:731} INFO - ::endgroup::
[2025-01-01T18:46:39.035-0800] {logging_mixin.py:190} INFO - Two
[2025-01-01T18:46:39.036-0800] {python.py:240} INFO - Done. Returned value was: None
[2025-01-01T18:46:39.041-0800] {taskinstance.py:340} INFO - ::group::Post task execution logs
[2025-01-01T18:46:39.042-0800] {taskinstance.py:352} INFO - Marking task as SUCCESS. dag_id=CovidE2EPipeDag, task_id=print2, run_id=scheduled__2025-01-01T18:46:00+00:00, execution_date=20250101T184600, start_date=20250102T024638, end_date=20250102T024639
[2025-01-01T18:46:39.053-0800] {logging_mixin.py:190} INFO - Task instance in success state
[2025-01-01T18:46:39.054-0800] {logging_mixin.py:190} INFO -  Previous state of the Task instance: running
[2025-01-01T18:46:39.054-0800] {logging_mixin.py:190} INFO - Dag name:CovidE2EPipeDag queued_at:2025-01-02 02:08:07.836888+00:00
[2025-01-01T18:46:39.055-0800] {logging_mixin.py:190} INFO - Task hostname:Matthews-MacBook-Air.local operator:PythonOperator
[2025-01-01T18:46:39.080-0800] {local_task_job_runner.py:266} INFO - Task exited with return code 0
[2025-01-01T18:46:39.109-0800] {taskinstance.py:3895} INFO - 0 downstream tasks scheduled from follow-on schedule check
[2025-01-01T18:46:39.110-0800] {local_task_job_runner.py:245} INFO - ::endgroup::
