[2025-01-08T12:55:56.631-0800] {local_task_job_runner.py:123} INFO - ::group::Pre task execution logs
[2025-01-08T12:55:56.644-0800] {taskinstance.py:2613} INFO - Dependencies all met for dep_context=non-requeueable deps ti=<TaskInstance: CovidE2EPipeDag.fetch_raw manual__2025-01-08T20:55:26.931673+00:00 [queued]>
[2025-01-08T12:55:56.653-0800] {taskinstance.py:2613} INFO - Dependencies all met for dep_context=requeueable deps ti=<TaskInstance: CovidE2EPipeDag.fetch_raw manual__2025-01-08T20:55:26.931673+00:00 [queued]>
[2025-01-08T12:55:56.653-0800] {taskinstance.py:2866} INFO - Starting attempt 1 of 2
[2025-01-08T12:55:56.674-0800] {taskinstance.py:2889} INFO - Executing <Task(PythonOperator): fetch_raw> on 2025-01-08 20:55:26.931673+00:00
[2025-01-08T12:55:56.677-0800] {standard_task_runner.py:72} INFO - Started process 3641 to run task
[2025-01-08T12:55:56.692-0800] {standard_task_runner.py:104} INFO - Running: ['airflow', 'tasks', 'run', 'CovidE2EPipeDag', 'fetch_raw', 'manual__2025-01-08T20:55:26.931673+00:00', '--job-id', '1160', '--raw', '--subdir', 'DAGS_FOLDER/CovidE2EPipeDag.py', '--cfg-path', '/var/folders/vm/rn9v1g1j739_mq8j5pfl1yxm0000gn/T/tmp38_1rsva']
[2025-01-08T12:55:56.695-0800] {standard_task_runner.py:105} INFO - Job 1160: Subtask fetch_raw
[2025-01-08T12:55:56.762-0800] {task_command.py:467} INFO - Running <TaskInstance: CovidE2EPipeDag.fetch_raw manual__2025-01-08T20:55:26.931673+00:00 [running]> on host Matthews-MacBook-Air.local
[2025-01-08T12:55:56.867-0800] {taskinstance.py:3132} INFO - Exporting env vars: AIRFLOW_CTX_DAG_OWNER='Matthew Horn' AIRFLOW_CTX_DAG_ID='CovidE2EPipeDag' AIRFLOW_CTX_TASK_ID='fetch_raw' AIRFLOW_CTX_EXECUTION_DATE='2025-01-08T20:55:26.931673+00:00' AIRFLOW_CTX_TRY_NUMBER='1' AIRFLOW_CTX_DAG_RUN_ID='manual__2025-01-08T20:55:26.931673+00:00'
[2025-01-08T12:55:56.869-0800] {taskinstance.py:731} INFO - ::endgroup::
[2025-01-08T12:55:57.333-0800] {logging_mixin.py:190} INFO - industrial_production data was saved to /Users/matthewmac/airflow/data/raw/industrial_production_2025-01-08.csv
[2025-01-08T12:55:57.359-0800] {logging_mixin.py:190} INFO -   realtime_start  ...   value
0     2024-12-17  ...  4.8654
1     2024-12-17  ...  4.6504
2     2024-12-17  ...   4.516
3     2024-12-17  ...  4.5966
4     2024-12-17  ...  4.6235

[5 rows x 4 columns]
[2025-01-08T12:55:57.360-0800] {python.py:240} INFO - Done. Returned value was: None
[2025-01-08T12:55:57.369-0800] {taskinstance.py:340} INFO - ::group::Post task execution logs
[2025-01-08T12:55:57.373-0800] {taskinstance.py:352} INFO - Marking task as SUCCESS. dag_id=CovidE2EPipeDag, task_id=fetch_raw, run_id=manual__2025-01-08T20:55:26.931673+00:00, execution_date=20250108T205526, start_date=20250108T205556, end_date=20250108T205557
[2025-01-08T12:55:57.424-0800] {local_task_job_runner.py:266} INFO - Task exited with return code 0
[2025-01-08T12:55:57.469-0800] {taskinstance.py:3895} INFO - 2 downstream tasks scheduled from follow-on schedule check
[2025-01-08T12:55:57.474-0800] {local_task_job_runner.py:245} INFO - ::endgroup::
