[2025-01-03T19:28:58.434-0800] {local_task_job_runner.py:123} INFO - ::group::Pre task execution logs
[2025-01-03T19:28:58.446-0800] {taskinstance.py:2613} INFO - Dependencies all met for dep_context=non-requeueable deps ti=<TaskInstance: CovidE2EPipeDag.create_load_sql_file scheduled__2025-01-01T00:01:00+00:00 [queued]>
[2025-01-03T19:28:58.453-0800] {taskinstance.py:2613} INFO - Dependencies all met for dep_context=requeueable deps ti=<TaskInstance: CovidE2EPipeDag.create_load_sql_file scheduled__2025-01-01T00:01:00+00:00 [queued]>
[2025-01-03T19:28:58.454-0800] {taskinstance.py:2866} INFO - Starting attempt 1 of 2
[2025-01-03T19:28:58.471-0800] {taskinstance.py:2889} INFO - Executing <Task(BashOperator): create_load_sql_file> on 2025-01-01 00:01:00+00:00
[2025-01-03T19:28:58.475-0800] {standard_task_runner.py:72} INFO - Started process 64430 to run task
[2025-01-03T19:28:58.484-0800] {standard_task_runner.py:104} INFO - Running: ['airflow', 'tasks', 'run', 'CovidE2EPipeDag', 'create_load_sql_file', 'scheduled__2025-01-01T00:01:00+00:00', '--job-id', '245', '--raw', '--subdir', 'DAGS_FOLDER/CovidE2EPipeDag.py', '--cfg-path', '/var/folders/vm/rn9v1g1j739_mq8j5pfl1yxm0000gn/T/tmp0zrszpoa']
[2025-01-03T19:28:58.487-0800] {standard_task_runner.py:105} INFO - Job 245: Subtask create_load_sql_file
[2025-01-03T19:28:58.545-0800] {task_command.py:467} INFO - Running <TaskInstance: CovidE2EPipeDag.create_load_sql_file scheduled__2025-01-01T00:01:00+00:00 [running]> on host Matthews-MacBook-Air.local
[2025-01-03T19:28:58.643-0800] {taskinstance.py:3132} INFO - Exporting env vars: AIRFLOW_CTX_DAG_OWNER='Matthew Horn' AIRFLOW_CTX_DAG_ID='CovidE2EPipeDag' AIRFLOW_CTX_TASK_ID='create_load_sql_file' AIRFLOW_CTX_EXECUTION_DATE='2025-01-01T00:01:00+00:00' AIRFLOW_CTX_TRY_NUMBER='1' AIRFLOW_CTX_DAG_RUN_ID='scheduled__2025-01-01T00:01:00+00:00'
[2025-01-03T19:28:58.645-0800] {logging_mixin.py:190} INFO - Task instance is in running state
[2025-01-03T19:28:58.646-0800] {logging_mixin.py:190} INFO -  Previous state of the Task instance: queued
[2025-01-03T19:28:58.646-0800] {logging_mixin.py:190} INFO - Current task name:create_load_sql_file state:running start_date:2025-01-04 03:28:58.447200+00:00
[2025-01-03T19:28:58.647-0800] {logging_mixin.py:190} INFO - Dag name:CovidE2EPipeDag and current dag run status:running
[2025-01-03T19:28:58.647-0800] {taskinstance.py:731} INFO - ::endgroup::
[2025-01-03T19:28:58.649-0800] {subprocess.py:78} INFO - Tmp dir root location: /var/folders/vm/rn9v1g1j739_mq8j5pfl1yxm0000gn/T
[2025-01-03T19:28:58.650-0800] {subprocess.py:88} INFO - Running command: ['/bin/bash', '-c', '\n    echo "COPY INTO CovidE2EPipeDatabase.raw_data.industrial_production\n    FROM @raw_data_stage\n    FILES = (\'~/airflow/data/raw/industrial_production_2025-01-01.csv\')\n    FILE_FORMAT = ( TYPE=\'CSV\' )\n    ON_ERROR = \'CONTINUE\';\n    " > ~/airflow/helper_scripts/load_staged_data_2025-01-01.sql\n    ']
[2025-01-03T19:28:58.658-0800] {subprocess.py:99} INFO - Output:
[2025-01-03T19:28:58.666-0800] {subprocess.py:110} INFO - Command exited with return code 0
[2025-01-03T19:28:58.690-0800] {taskinstance.py:340} INFO - ::group::Post task execution logs
[2025-01-03T19:28:58.691-0800] {taskinstance.py:352} INFO - Marking task as SUCCESS. dag_id=CovidE2EPipeDag, task_id=create_load_sql_file, run_id=scheduled__2025-01-01T00:01:00+00:00, execution_date=20250101T000100, start_date=20250104T032858, end_date=20250104T032858
[2025-01-03T19:28:58.705-0800] {logging_mixin.py:190} INFO - Task instance in success state
[2025-01-03T19:28:58.706-0800] {logging_mixin.py:190} INFO -  Previous state of the Task instance: running
[2025-01-03T19:28:58.707-0800] {logging_mixin.py:190} INFO - Dag name:CovidE2EPipeDag queued_at:2025-01-04 03:27:08.436123+00:00
[2025-01-03T19:28:58.708-0800] {logging_mixin.py:190} INFO - Task hostname:Matthews-MacBook-Air.local operator:BashOperator
[2025-01-03T19:28:58.748-0800] {local_task_job_runner.py:266} INFO - Task exited with return code 0
[2025-01-03T19:28:58.780-0800] {taskinstance.py:3895} INFO - 0 downstream tasks scheduled from follow-on schedule check
[2025-01-03T19:28:58.782-0800] {local_task_job_runner.py:245} INFO - ::endgroup::
