[2025-01-10T12:03:03.270-0800] {local_task_job_runner.py:123} INFO - ::group::Pre task execution logs
[2025-01-10T12:03:03.281-0800] {taskinstance.py:2613} INFO - Dependencies all met for dep_context=non-requeueable deps ti=<TaskInstance: CovidE2EPipeDag.append_daily_raw_data scheduled__2025-01-09T20:00:00+00:00 [queued]>
[2025-01-10T12:03:03.290-0800] {taskinstance.py:2613} INFO - Dependencies all met for dep_context=requeueable deps ti=<TaskInstance: CovidE2EPipeDag.append_daily_raw_data scheduled__2025-01-09T20:00:00+00:00 [queued]>
[2025-01-10T12:03:03.290-0800] {taskinstance.py:2866} INFO - Starting attempt 1 of 2
[2025-01-10T12:03:03.304-0800] {taskinstance.py:2889} INFO - Executing <Task(BashOperator): append_daily_raw_data> on 2025-01-09 20:00:00+00:00
[2025-01-10T12:03:03.308-0800] {standard_task_runner.py:72} INFO - Started process 26312 to run task
[2025-01-10T12:03:03.315-0800] {standard_task_runner.py:104} INFO - Running: ['airflow', 'tasks', 'run', 'CovidE2EPipeDag', 'append_daily_raw_data', 'scheduled__2025-01-09T20:00:00+00:00', '--job-id', '1794', '--raw', '--subdir', 'DAGS_FOLDER/CovidE2EPipeDag.py', '--cfg-path', '/var/folders/vm/rn9v1g1j739_mq8j5pfl1yxm0000gn/T/tmp7_8_v_s6']
[2025-01-10T12:03:03.320-0800] {standard_task_runner.py:105} INFO - Job 1794: Subtask append_daily_raw_data
[2025-01-10T12:03:03.370-0800] {task_command.py:467} INFO - Running <TaskInstance: CovidE2EPipeDag.append_daily_raw_data scheduled__2025-01-09T20:00:00+00:00 [running]> on host Matthews-MacBook-Air.local
[2025-01-10T12:03:03.451-0800] {taskinstance.py:3132} INFO - Exporting env vars: AIRFLOW_CTX_DAG_OWNER='Matthew Horn' AIRFLOW_CTX_DAG_ID='CovidE2EPipeDag' AIRFLOW_CTX_TASK_ID='append_daily_raw_data' AIRFLOW_CTX_EXECUTION_DATE='2025-01-09T20:00:00+00:00' AIRFLOW_CTX_TRY_NUMBER='1' AIRFLOW_CTX_DAG_RUN_ID='scheduled__2025-01-09T20:00:00+00:00'
[2025-01-10T12:03:03.454-0800] {taskinstance.py:731} INFO - ::endgroup::
[2025-01-10T12:03:03.578-0800] {subprocess.py:78} INFO - Tmp dir root location: /var/folders/vm/rn9v1g1j739_mq8j5pfl1yxm0000gn/T
[2025-01-10T12:03:03.580-0800] {subprocess.py:88} INFO - Running command: ['/bin/bash', '-c', 'snow stage execute @CovidE2EPipeDatabase.raw_data.raw_data_stage/append_raw_data.sql']
[2025-01-10T12:03:03.608-0800] {subprocess.py:99} INFO - Output:
[2025-01-10T12:03:16.898-0800] {subprocess.py:106} INFO - SUCCESS - @CovidE2EPipeDatabase.raw_data.raw_data_stage/append_raw_data.sql
[2025-01-10T12:03:16.903-0800] {subprocess.py:106} INFO - +-------------------------------------------------------------------------------------+
[2025-01-10T12:03:16.905-0800] {subprocess.py:106} INFO - | File                                                              | Status  | Error |
[2025-01-10T12:03:16.906-0800] {subprocess.py:106} INFO - |-------------------------------------------------------------------+---------+-------|
[2025-01-10T12:03:16.907-0800] {subprocess.py:106} INFO - | @CovidE2EPipeDatabase.raw_data.raw_data_stage/append_raw_data.sql | SUCCESS | None  |
[2025-01-10T12:03:16.907-0800] {subprocess.py:106} INFO - +-------------------------------------------------------------------------------------+
[2025-01-10T12:03:17.638-0800] {subprocess.py:110} INFO - Command exited with return code 0
[2025-01-10T12:03:17.668-0800] {taskinstance.py:340} INFO - ::group::Post task execution logs
[2025-01-10T12:03:17.670-0800] {taskinstance.py:352} INFO - Marking task as SUCCESS. dag_id=CovidE2EPipeDag, task_id=append_daily_raw_data, run_id=scheduled__2025-01-09T20:00:00+00:00, execution_date=20250109T200000, start_date=20250110T200303, end_date=20250110T200317
[2025-01-10T12:03:17.701-0800] {local_task_job_runner.py:266} INFO - Task exited with return code 0
[2025-01-10T12:03:17.728-0800] {taskinstance.py:3895} INFO - 0 downstream tasks scheduled from follow-on schedule check
[2025-01-10T12:03:17.730-0800] {local_task_job_runner.py:245} INFO - ::endgroup::
