[2025-01-03T17:15:22.020-0800] {processor.py:186} INFO - Started process (PID=57011) to work on /opt/anaconda3/envs/airflow_env/lib/python3.9/site-packages/airflow/example_dags/example_python_decorator.py
[2025-01-03T17:15:22.021-0800] {processor.py:914} INFO - Processing file /opt/anaconda3/envs/airflow_env/lib/python3.9/site-packages/airflow/example_dags/example_python_decorator.py for tasks to queue
[2025-01-03T17:15:22.022-0800] {logging_mixin.py:190} INFO - [2025-01-03T17:15:22.022-0800] {dagbag.py:588} INFO - Filling up the DagBag from /opt/anaconda3/envs/airflow_env/lib/python3.9/site-packages/airflow/example_dags/example_python_decorator.py
[2025-01-03T17:15:22.067-0800] {logging_mixin.py:190} INFO - [2025-01-03T17:15:22.067-0800] {example_python_decorator.py:80} WARNING - The virtalenv_python example task requires virtualenv, please install it.
[2025-01-03T17:15:22.070-0800] {processor.py:925} INFO - DAG(s) 'example_python_decorator' retrieved from /opt/anaconda3/envs/airflow_env/lib/python3.9/site-packages/airflow/example_dags/example_python_decorator.py
[2025-01-03T17:15:22.202-0800] {logging_mixin.py:190} INFO - [2025-01-03T17:15:22.201-0800] {dag.py:3239} INFO - Sync 1 DAGs
[2025-01-03T17:15:22.217-0800] {logging_mixin.py:190} INFO - [2025-01-03T17:15:22.217-0800] {dag.py:4180} INFO - Setting next_dagrun for example_python_decorator to None, run_after=None
[2025-01-03T17:15:22.239-0800] {processor.py:208} INFO - Processing /opt/anaconda3/envs/airflow_env/lib/python3.9/site-packages/airflow/example_dags/example_python_decorator.py took 0.225 seconds
[2025-01-03T19:08:47.153-0800] {processor.py:186} INFO - Started process (PID=62293) to work on /opt/anaconda3/envs/airflow_env/lib/python3.9/site-packages/airflow/example_dags/example_python_decorator.py
[2025-01-03T19:08:47.157-0800] {processor.py:914} INFO - Processing file /opt/anaconda3/envs/airflow_env/lib/python3.9/site-packages/airflow/example_dags/example_python_decorator.py for tasks to queue
[2025-01-03T19:08:47.159-0800] {logging_mixin.py:190} INFO - [2025-01-03T19:08:47.158-0800] {dagbag.py:588} INFO - Filling up the DagBag from /opt/anaconda3/envs/airflow_env/lib/python3.9/site-packages/airflow/example_dags/example_python_decorator.py
[2025-01-03T19:08:47.249-0800] {logging_mixin.py:190} INFO - [2025-01-03T19:08:47.248-0800] {example_python_decorator.py:80} WARNING - The virtalenv_python example task requires virtualenv, please install it.
[2025-01-03T19:08:47.254-0800] {processor.py:925} INFO - DAG(s) 'example_python_decorator' retrieved from /opt/anaconda3/envs/airflow_env/lib/python3.9/site-packages/airflow/example_dags/example_python_decorator.py
[2025-01-03T19:08:47.398-0800] {logging_mixin.py:190} INFO - [2025-01-03T19:08:47.397-0800] {dag.py:3239} INFO - Sync 1 DAGs
[2025-01-03T19:08:47.412-0800] {logging_mixin.py:190} INFO - [2025-01-03T19:08:47.412-0800] {dag.py:4180} INFO - Setting next_dagrun for example_python_decorator to None, run_after=None
[2025-01-03T19:08:47.442-0800] {processor.py:208} INFO - Processing /opt/anaconda3/envs/airflow_env/lib/python3.9/site-packages/airflow/example_dags/example_python_decorator.py took 0.296 seconds
[2025-01-03T19:33:43.580-0800] {processor.py:186} INFO - Started process (PID=64753) to work on /opt/anaconda3/envs/airflow_env/lib/python3.9/site-packages/airflow/example_dags/example_python_decorator.py
[2025-01-03T19:33:43.583-0800] {processor.py:914} INFO - Processing file /opt/anaconda3/envs/airflow_env/lib/python3.9/site-packages/airflow/example_dags/example_python_decorator.py for tasks to queue
[2025-01-03T19:33:43.586-0800] {logging_mixin.py:190} INFO - [2025-01-03T19:33:43.586-0800] {dagbag.py:588} INFO - Filling up the DagBag from /opt/anaconda3/envs/airflow_env/lib/python3.9/site-packages/airflow/example_dags/example_python_decorator.py
[2025-01-03T19:33:43.636-0800] {logging_mixin.py:190} INFO - [2025-01-03T19:33:43.636-0800] {example_python_decorator.py:80} WARNING - The virtalenv_python example task requires virtualenv, please install it.
[2025-01-03T19:33:43.639-0800] {processor.py:925} INFO - DAG(s) 'example_python_decorator' retrieved from /opt/anaconda3/envs/airflow_env/lib/python3.9/site-packages/airflow/example_dags/example_python_decorator.py
[2025-01-03T19:33:43.881-0800] {logging_mixin.py:190} INFO - [2025-01-03T19:33:43.872-0800] {dag.py:3239} INFO - Sync 1 DAGs
[2025-01-03T19:33:43.926-0800] {logging_mixin.py:190} INFO - [2025-01-03T19:33:43.926-0800] {dag.py:4180} INFO - Setting next_dagrun for example_python_decorator to None, run_after=None
[2025-01-03T19:33:43.951-0800] {processor.py:208} INFO - Processing /opt/anaconda3/envs/airflow_env/lib/python3.9/site-packages/airflow/example_dags/example_python_decorator.py took 0.377 seconds
[2025-01-03T19:38:47.053-0800] {processor.py:186} INFO - Started process (PID=65016) to work on /opt/anaconda3/envs/airflow_env/lib/python3.9/site-packages/airflow/example_dags/example_python_decorator.py
[2025-01-03T19:38:47.055-0800] {processor.py:914} INFO - Processing file /opt/anaconda3/envs/airflow_env/lib/python3.9/site-packages/airflow/example_dags/example_python_decorator.py for tasks to queue
[2025-01-03T19:38:47.058-0800] {logging_mixin.py:190} INFO - [2025-01-03T19:38:47.057-0800] {dagbag.py:588} INFO - Filling up the DagBag from /opt/anaconda3/envs/airflow_env/lib/python3.9/site-packages/airflow/example_dags/example_python_decorator.py
[2025-01-03T19:38:47.132-0800] {logging_mixin.py:190} INFO - [2025-01-03T19:38:47.132-0800] {example_python_decorator.py:80} WARNING - The virtalenv_python example task requires virtualenv, please install it.
[2025-01-03T19:38:47.136-0800] {processor.py:925} INFO - DAG(s) 'example_python_decorator' retrieved from /opt/anaconda3/envs/airflow_env/lib/python3.9/site-packages/airflow/example_dags/example_python_decorator.py
[2025-01-03T19:38:47.305-0800] {logging_mixin.py:190} INFO - [2025-01-03T19:38:47.305-0800] {dag.py:3239} INFO - Sync 1 DAGs
[2025-01-03T19:38:47.320-0800] {logging_mixin.py:190} INFO - [2025-01-03T19:38:47.320-0800] {dag.py:4180} INFO - Setting next_dagrun for example_python_decorator to None, run_after=None
[2025-01-03T19:38:47.348-0800] {processor.py:208} INFO - Processing /opt/anaconda3/envs/airflow_env/lib/python3.9/site-packages/airflow/example_dags/example_python_decorator.py took 0.299 seconds
[2025-01-03T19:43:33.515-0800] {processor.py:186} INFO - Started process (PID=65329) to work on /opt/anaconda3/envs/airflow_env/lib/python3.9/site-packages/airflow/example_dags/example_python_decorator.py
[2025-01-03T19:43:33.522-0800] {processor.py:914} INFO - Processing file /opt/anaconda3/envs/airflow_env/lib/python3.9/site-packages/airflow/example_dags/example_python_decorator.py for tasks to queue
[2025-01-03T19:43:33.525-0800] {logging_mixin.py:190} INFO - [2025-01-03T19:43:33.524-0800] {dagbag.py:588} INFO - Filling up the DagBag from /opt/anaconda3/envs/airflow_env/lib/python3.9/site-packages/airflow/example_dags/example_python_decorator.py
[2025-01-03T19:43:33.616-0800] {logging_mixin.py:190} INFO - [2025-01-03T19:43:33.616-0800] {example_python_decorator.py:80} WARNING - The virtalenv_python example task requires virtualenv, please install it.
[2025-01-03T19:43:33.620-0800] {processor.py:925} INFO - DAG(s) 'example_python_decorator' retrieved from /opt/anaconda3/envs/airflow_env/lib/python3.9/site-packages/airflow/example_dags/example_python_decorator.py
[2025-01-03T19:43:33.921-0800] {logging_mixin.py:190} INFO - [2025-01-03T19:43:33.920-0800] {dag.py:3239} INFO - Sync 1 DAGs
[2025-01-03T19:43:33.945-0800] {logging_mixin.py:190} INFO - [2025-01-03T19:43:33.945-0800] {dag.py:4180} INFO - Setting next_dagrun for example_python_decorator to None, run_after=None
[2025-01-03T19:43:34.006-0800] {processor.py:208} INFO - Processing /opt/anaconda3/envs/airflow_env/lib/python3.9/site-packages/airflow/example_dags/example_python_decorator.py took 0.510 seconds
