[2025-01-03T17:16:55.818-0800] {processor.py:186} INFO - Started process (PID=57121) to work on /opt/anaconda3/envs/airflow_env/lib/python3.9/site-packages/airflow/example_dags/example_branch_operator.py
[2025-01-03T17:16:55.819-0800] {processor.py:914} INFO - Processing file /opt/anaconda3/envs/airflow_env/lib/python3.9/site-packages/airflow/example_dags/example_branch_operator.py for tasks to queue
[2025-01-03T17:16:55.821-0800] {logging_mixin.py:190} INFO - [2025-01-03T17:16:55.821-0800] {dagbag.py:588} INFO - Filling up the DagBag from /opt/anaconda3/envs/airflow_env/lib/python3.9/site-packages/airflow/example_dags/example_branch_operator.py
[2025-01-03T17:16:55.841-0800] {processor.py:927} WARNING - No viable dags retrieved from /opt/anaconda3/envs/airflow_env/lib/python3.9/site-packages/airflow/example_dags/example_branch_operator.py
[2025-01-03T17:16:55.953-0800] {processor.py:208} INFO - Processing /opt/anaconda3/envs/airflow_env/lib/python3.9/site-packages/airflow/example_dags/example_branch_operator.py took 0.140 seconds
[2025-01-03T19:10:39.810-0800] {processor.py:186} INFO - Started process (PID=62565) to work on /opt/anaconda3/envs/airflow_env/lib/python3.9/site-packages/airflow/example_dags/example_branch_operator.py
[2025-01-03T19:10:39.812-0800] {processor.py:914} INFO - Processing file /opt/anaconda3/envs/airflow_env/lib/python3.9/site-packages/airflow/example_dags/example_branch_operator.py for tasks to queue
[2025-01-03T19:10:39.813-0800] {logging_mixin.py:190} INFO - [2025-01-03T19:10:39.813-0800] {dagbag.py:588} INFO - Filling up the DagBag from /opt/anaconda3/envs/airflow_env/lib/python3.9/site-packages/airflow/example_dags/example_branch_operator.py
[2025-01-03T19:10:39.837-0800] {processor.py:927} WARNING - No viable dags retrieved from /opt/anaconda3/envs/airflow_env/lib/python3.9/site-packages/airflow/example_dags/example_branch_operator.py
[2025-01-03T19:10:39.969-0800] {processor.py:208} INFO - Processing /opt/anaconda3/envs/airflow_env/lib/python3.9/site-packages/airflow/example_dags/example_branch_operator.py took 0.165 seconds
[2025-01-03T19:35:28.227-0800] {processor.py:186} INFO - Started process (PID=64818) to work on /opt/anaconda3/envs/airflow_env/lib/python3.9/site-packages/airflow/example_dags/example_branch_operator.py
[2025-01-03T19:35:28.230-0800] {processor.py:914} INFO - Processing file /opt/anaconda3/envs/airflow_env/lib/python3.9/site-packages/airflow/example_dags/example_branch_operator.py for tasks to queue
[2025-01-03T19:35:28.233-0800] {logging_mixin.py:190} INFO - [2025-01-03T19:35:28.232-0800] {dagbag.py:588} INFO - Filling up the DagBag from /opt/anaconda3/envs/airflow_env/lib/python3.9/site-packages/airflow/example_dags/example_branch_operator.py
[2025-01-03T19:35:28.266-0800] {processor.py:927} WARNING - No viable dags retrieved from /opt/anaconda3/envs/airflow_env/lib/python3.9/site-packages/airflow/example_dags/example_branch_operator.py
[2025-01-03T19:35:28.475-0800] {processor.py:208} INFO - Processing /opt/anaconda3/envs/airflow_env/lib/python3.9/site-packages/airflow/example_dags/example_branch_operator.py took 0.254 seconds
[2025-01-03T19:40:36.832-0800] {processor.py:186} INFO - Started process (PID=65110) to work on /opt/anaconda3/envs/airflow_env/lib/python3.9/site-packages/airflow/example_dags/example_branch_operator.py
[2025-01-03T19:40:36.836-0800] {processor.py:914} INFO - Processing file /opt/anaconda3/envs/airflow_env/lib/python3.9/site-packages/airflow/example_dags/example_branch_operator.py for tasks to queue
[2025-01-03T19:40:36.840-0800] {logging_mixin.py:190} INFO - [2025-01-03T19:40:36.839-0800] {dagbag.py:588} INFO - Filling up the DagBag from /opt/anaconda3/envs/airflow_env/lib/python3.9/site-packages/airflow/example_dags/example_branch_operator.py
[2025-01-03T19:40:36.882-0800] {processor.py:927} WARNING - No viable dags retrieved from /opt/anaconda3/envs/airflow_env/lib/python3.9/site-packages/airflow/example_dags/example_branch_operator.py
[2025-01-03T19:40:37.122-0800] {processor.py:208} INFO - Processing /opt/anaconda3/envs/airflow_env/lib/python3.9/site-packages/airflow/example_dags/example_branch_operator.py took 0.298 seconds
