[2025-01-03T17:16:33.794-0800] {processor.py:186} INFO - Started process (PID=57110) to work on /opt/anaconda3/envs/airflow_env/lib/python3.9/site-packages/airflow/example_dags/example_dataset_alias.py
[2025-01-03T17:16:33.796-0800] {processor.py:914} INFO - Processing file /opt/anaconda3/envs/airflow_env/lib/python3.9/site-packages/airflow/example_dags/example_dataset_alias.py for tasks to queue
[2025-01-03T17:16:33.798-0800] {logging_mixin.py:190} INFO - [2025-01-03T17:16:33.797-0800] {dagbag.py:588} INFO - Filling up the DagBag from /opt/anaconda3/envs/airflow_env/lib/python3.9/site-packages/airflow/example_dags/example_dataset_alias.py
[2025-01-03T17:16:34.152-0800] {processor.py:925} INFO - DAG(s) 'dataset_alias_example_alias_producer', 'dataset_alias_example_alias_consumer', 'dataset_s3_bucket_producer', 'dataset_s3_bucket_consumer' retrieved from /opt/anaconda3/envs/airflow_env/lib/python3.9/site-packages/airflow/example_dags/example_dataset_alias.py
[2025-01-03T17:16:34.191-0800] {logging_mixin.py:190} INFO - [2025-01-03T17:16:34.191-0800] {dag.py:3239} INFO - Sync 4 DAGs
[2025-01-03T17:16:34.217-0800] {logging_mixin.py:190} INFO - [2025-01-03T17:16:34.217-0800] {dag.py:4180} INFO - Setting next_dagrun for dataset_alias_example_alias_consumer to None, run_after=None
[2025-01-03T17:16:34.221-0800] {logging_mixin.py:190} INFO - [2025-01-03T17:16:34.221-0800] {dag.py:4180} INFO - Setting next_dagrun for dataset_alias_example_alias_producer to None, run_after=None
[2025-01-03T17:16:34.222-0800] {logging_mixin.py:190} INFO - [2025-01-03T17:16:34.222-0800] {dag.py:4180} INFO - Setting next_dagrun for dataset_s3_bucket_consumer to None, run_after=None
[2025-01-03T17:16:34.224-0800] {logging_mixin.py:190} INFO - [2025-01-03T17:16:34.224-0800] {dag.py:4180} INFO - Setting next_dagrun for dataset_s3_bucket_producer to None, run_after=None
[2025-01-03T17:16:34.261-0800] {processor.py:208} INFO - Processing /opt/anaconda3/envs/airflow_env/lib/python3.9/site-packages/airflow/example_dags/example_dataset_alias.py took 0.473 seconds
[2025-01-03T19:10:08.029-0800] {processor.py:186} INFO - Started process (PID=62426) to work on /opt/anaconda3/envs/airflow_env/lib/python3.9/site-packages/airflow/example_dags/example_dataset_alias.py
[2025-01-03T19:10:08.033-0800] {processor.py:914} INFO - Processing file /opt/anaconda3/envs/airflow_env/lib/python3.9/site-packages/airflow/example_dags/example_dataset_alias.py for tasks to queue
[2025-01-03T19:10:08.035-0800] {logging_mixin.py:190} INFO - [2025-01-03T19:10:08.035-0800] {dagbag.py:588} INFO - Filling up the DagBag from /opt/anaconda3/envs/airflow_env/lib/python3.9/site-packages/airflow/example_dags/example_dataset_alias.py
[2025-01-03T19:10:08.308-0800] {processor.py:925} INFO - DAG(s) 'dataset_s3_bucket_consumer', 'dataset_alias_example_alias_consumer', 'dataset_s3_bucket_producer', 'dataset_alias_example_alias_producer' retrieved from /opt/anaconda3/envs/airflow_env/lib/python3.9/site-packages/airflow/example_dags/example_dataset_alias.py
[2025-01-03T19:10:08.346-0800] {logging_mixin.py:190} INFO - [2025-01-03T19:10:08.346-0800] {dag.py:3239} INFO - Sync 4 DAGs
[2025-01-03T19:10:08.382-0800] {logging_mixin.py:190} INFO - [2025-01-03T19:10:08.381-0800] {dag.py:4180} INFO - Setting next_dagrun for dataset_alias_example_alias_consumer to None, run_after=None
[2025-01-03T19:10:08.384-0800] {logging_mixin.py:190} INFO - [2025-01-03T19:10:08.384-0800] {dag.py:4180} INFO - Setting next_dagrun for dataset_alias_example_alias_producer to None, run_after=None
[2025-01-03T19:10:08.386-0800] {logging_mixin.py:190} INFO - [2025-01-03T19:10:08.386-0800] {dag.py:4180} INFO - Setting next_dagrun for dataset_s3_bucket_consumer to None, run_after=None
[2025-01-03T19:10:08.389-0800] {logging_mixin.py:190} INFO - [2025-01-03T19:10:08.388-0800] {dag.py:4180} INFO - Setting next_dagrun for dataset_s3_bucket_producer to None, run_after=None
[2025-01-03T19:10:08.424-0800] {processor.py:208} INFO - Processing /opt/anaconda3/envs/airflow_env/lib/python3.9/site-packages/airflow/example_dags/example_dataset_alias.py took 0.401 seconds
[2025-01-03T19:35:04.776-0800] {processor.py:186} INFO - Started process (PID=64794) to work on /opt/anaconda3/envs/airflow_env/lib/python3.9/site-packages/airflow/example_dags/example_dataset_alias.py
[2025-01-03T19:35:04.778-0800] {processor.py:914} INFO - Processing file /opt/anaconda3/envs/airflow_env/lib/python3.9/site-packages/airflow/example_dags/example_dataset_alias.py for tasks to queue
[2025-01-03T19:35:04.780-0800] {logging_mixin.py:190} INFO - [2025-01-03T19:35:04.780-0800] {dagbag.py:588} INFO - Filling up the DagBag from /opt/anaconda3/envs/airflow_env/lib/python3.9/site-packages/airflow/example_dags/example_dataset_alias.py
[2025-01-03T19:35:05.104-0800] {processor.py:925} INFO - DAG(s) 'dataset_s3_bucket_producer', 'dataset_s3_bucket_consumer', 'dataset_alias_example_alias_producer', 'dataset_alias_example_alias_consumer' retrieved from /opt/anaconda3/envs/airflow_env/lib/python3.9/site-packages/airflow/example_dags/example_dataset_alias.py
[2025-01-03T19:35:05.138-0800] {logging_mixin.py:190} INFO - [2025-01-03T19:35:05.137-0800] {dag.py:3239} INFO - Sync 4 DAGs
[2025-01-03T19:35:05.165-0800] {logging_mixin.py:190} INFO - [2025-01-03T19:35:05.164-0800] {dag.py:4180} INFO - Setting next_dagrun for dataset_alias_example_alias_consumer to None, run_after=None
[2025-01-03T19:35:05.169-0800] {logging_mixin.py:190} INFO - [2025-01-03T19:35:05.169-0800] {dag.py:4180} INFO - Setting next_dagrun for dataset_alias_example_alias_producer to None, run_after=None
[2025-01-03T19:35:05.172-0800] {logging_mixin.py:190} INFO - [2025-01-03T19:35:05.171-0800] {dag.py:4180} INFO - Setting next_dagrun for dataset_s3_bucket_consumer to None, run_after=None
[2025-01-03T19:35:05.173-0800] {logging_mixin.py:190} INFO - [2025-01-03T19:35:05.173-0800] {dag.py:4180} INFO - Setting next_dagrun for dataset_s3_bucket_producer to None, run_after=None
[2025-01-03T19:35:05.215-0800] {processor.py:208} INFO - Processing /opt/anaconda3/envs/airflow_env/lib/python3.9/site-packages/airflow/example_dags/example_dataset_alias.py took 0.444 seconds
[2025-01-03T19:40:12.795-0800] {processor.py:186} INFO - Started process (PID=65089) to work on /opt/anaconda3/envs/airflow_env/lib/python3.9/site-packages/airflow/example_dags/example_dataset_alias.py
[2025-01-03T19:40:12.798-0800] {processor.py:914} INFO - Processing file /opt/anaconda3/envs/airflow_env/lib/python3.9/site-packages/airflow/example_dags/example_dataset_alias.py for tasks to queue
[2025-01-03T19:40:12.800-0800] {logging_mixin.py:190} INFO - [2025-01-03T19:40:12.799-0800] {dagbag.py:588} INFO - Filling up the DagBag from /opt/anaconda3/envs/airflow_env/lib/python3.9/site-packages/airflow/example_dags/example_dataset_alias.py
[2025-01-03T19:40:13.239-0800] {processor.py:925} INFO - DAG(s) 'dataset_s3_bucket_producer', 'dataset_alias_example_alias_producer', 'dataset_s3_bucket_consumer', 'dataset_alias_example_alias_consumer' retrieved from /opt/anaconda3/envs/airflow_env/lib/python3.9/site-packages/airflow/example_dags/example_dataset_alias.py
[2025-01-03T19:40:13.375-0800] {logging_mixin.py:190} INFO - [2025-01-03T19:40:13.374-0800] {dag.py:3239} INFO - Sync 4 DAGs
[2025-01-03T19:40:13.421-0800] {logging_mixin.py:190} INFO - [2025-01-03T19:40:13.421-0800] {dag.py:4180} INFO - Setting next_dagrun for dataset_alias_example_alias_consumer to None, run_after=None
[2025-01-03T19:40:13.425-0800] {logging_mixin.py:190} INFO - [2025-01-03T19:40:13.425-0800] {dag.py:4180} INFO - Setting next_dagrun for dataset_alias_example_alias_producer to None, run_after=None
[2025-01-03T19:40:13.428-0800] {logging_mixin.py:190} INFO - [2025-01-03T19:40:13.428-0800] {dag.py:4180} INFO - Setting next_dagrun for dataset_s3_bucket_consumer to None, run_after=None
[2025-01-03T19:40:13.430-0800] {logging_mixin.py:190} INFO - [2025-01-03T19:40:13.430-0800] {dag.py:4180} INFO - Setting next_dagrun for dataset_s3_bucket_producer to None, run_after=None
[2025-01-03T19:40:13.465-0800] {processor.py:208} INFO - Processing /opt/anaconda3/envs/airflow_env/lib/python3.9/site-packages/airflow/example_dags/example_dataset_alias.py took 0.676 seconds
