[2025-01-03T17:14:46.924-0800] {processor.py:186} INFO - Started process (PID=56947) to work on /opt/anaconda3/envs/airflow_env/lib/python3.9/site-packages/airflow/example_dags/example_sla_dag.py
[2025-01-03T17:14:46.925-0800] {processor.py:914} INFO - Processing file /opt/anaconda3/envs/airflow_env/lib/python3.9/site-packages/airflow/example_dags/example_sla_dag.py for tasks to queue
[2025-01-03T17:14:46.927-0800] {logging_mixin.py:190} INFO - [2025-01-03T17:14:46.926-0800] {dagbag.py:588} INFO - Filling up the DagBag from /opt/anaconda3/envs/airflow_env/lib/python3.9/site-packages/airflow/example_dags/example_sla_dag.py
[2025-01-03T17:14:46.978-0800] {processor.py:925} INFO - DAG(s) 'example_sla_dag' retrieved from /opt/anaconda3/envs/airflow_env/lib/python3.9/site-packages/airflow/example_dags/example_sla_dag.py
[2025-01-03T17:14:47.106-0800] {logging_mixin.py:190} INFO - [2025-01-03T17:14:47.105-0800] {dag.py:3239} INFO - Sync 1 DAGs
[2025-01-03T17:14:47.134-0800] {logging_mixin.py:190} INFO - [2025-01-03T17:14:47.134-0800] {dag.py:4180} INFO - Setting next_dagrun for example_sla_dag to 2025-01-04 01:12:00+00:00, run_after=2025-01-04 01:14:00+00:00
[2025-01-03T17:14:47.156-0800] {processor.py:208} INFO - Processing /opt/anaconda3/envs/airflow_env/lib/python3.9/site-packages/airflow/example_dags/example_sla_dag.py took 0.237 seconds
[2025-01-03T19:08:03.815-0800] {processor.py:186} INFO - Started process (PID=62271) to work on /opt/anaconda3/envs/airflow_env/lib/python3.9/site-packages/airflow/example_dags/example_sla_dag.py
[2025-01-03T19:08:03.818-0800] {processor.py:914} INFO - Processing file /opt/anaconda3/envs/airflow_env/lib/python3.9/site-packages/airflow/example_dags/example_sla_dag.py for tasks to queue
[2025-01-03T19:08:03.819-0800] {logging_mixin.py:190} INFO - [2025-01-03T19:08:03.819-0800] {dagbag.py:588} INFO - Filling up the DagBag from /opt/anaconda3/envs/airflow_env/lib/python3.9/site-packages/airflow/example_dags/example_sla_dag.py
[2025-01-03T19:08:03.919-0800] {processor.py:925} INFO - DAG(s) 'example_sla_dag' retrieved from /opt/anaconda3/envs/airflow_env/lib/python3.9/site-packages/airflow/example_dags/example_sla_dag.py
[2025-01-03T19:08:04.064-0800] {logging_mixin.py:190} INFO - [2025-01-03T19:08:04.064-0800] {dag.py:3239} INFO - Sync 1 DAGs
[2025-01-03T19:08:04.092-0800] {logging_mixin.py:190} INFO - [2025-01-03T19:08:04.092-0800] {dag.py:4180} INFO - Setting next_dagrun for example_sla_dag to 2025-01-04 03:06:00+00:00, run_after=2025-01-04 03:08:00+00:00
[2025-01-03T19:08:04.118-0800] {processor.py:208} INFO - Processing /opt/anaconda3/envs/airflow_env/lib/python3.9/site-packages/airflow/example_dags/example_sla_dag.py took 0.314 seconds
[2025-01-03T19:32:59.706-0800] {processor.py:186} INFO - Started process (PID=64722) to work on /opt/anaconda3/envs/airflow_env/lib/python3.9/site-packages/airflow/example_dags/example_sla_dag.py
[2025-01-03T19:32:59.709-0800] {processor.py:914} INFO - Processing file /opt/anaconda3/envs/airflow_env/lib/python3.9/site-packages/airflow/example_dags/example_sla_dag.py for tasks to queue
[2025-01-03T19:32:59.713-0800] {logging_mixin.py:190} INFO - [2025-01-03T19:32:59.711-0800] {dagbag.py:588} INFO - Filling up the DagBag from /opt/anaconda3/envs/airflow_env/lib/python3.9/site-packages/airflow/example_dags/example_sla_dag.py
[2025-01-03T19:32:59.941-0800] {processor.py:925} INFO - DAG(s) 'example_sla_dag' retrieved from /opt/anaconda3/envs/airflow_env/lib/python3.9/site-packages/airflow/example_dags/example_sla_dag.py
[2025-01-03T19:33:00.177-0800] {logging_mixin.py:190} INFO - [2025-01-03T19:33:00.177-0800] {dag.py:3239} INFO - Sync 1 DAGs
[2025-01-03T19:33:00.219-0800] {logging_mixin.py:190} INFO - [2025-01-03T19:33:00.218-0800] {dag.py:4180} INFO - Setting next_dagrun for example_sla_dag to 2025-01-04 03:30:00+00:00, run_after=2025-01-04 03:32:00+00:00
[2025-01-03T19:33:00.251-0800] {processor.py:208} INFO - Processing /opt/anaconda3/envs/airflow_env/lib/python3.9/site-packages/airflow/example_dags/example_sla_dag.py took 0.563 seconds
[2025-01-03T19:38:02.805-0800] {processor.py:186} INFO - Started process (PID=64987) to work on /opt/anaconda3/envs/airflow_env/lib/python3.9/site-packages/airflow/example_dags/example_sla_dag.py
[2025-01-03T19:38:02.807-0800] {processor.py:914} INFO - Processing file /opt/anaconda3/envs/airflow_env/lib/python3.9/site-packages/airflow/example_dags/example_sla_dag.py for tasks to queue
[2025-01-03T19:38:02.808-0800] {logging_mixin.py:190} INFO - [2025-01-03T19:38:02.808-0800] {dagbag.py:588} INFO - Filling up the DagBag from /opt/anaconda3/envs/airflow_env/lib/python3.9/site-packages/airflow/example_dags/example_sla_dag.py
[2025-01-03T19:38:02.919-0800] {processor.py:925} INFO - DAG(s) 'example_sla_dag' retrieved from /opt/anaconda3/envs/airflow_env/lib/python3.9/site-packages/airflow/example_dags/example_sla_dag.py
[2025-01-03T19:38:03.061-0800] {logging_mixin.py:190} INFO - [2025-01-03T19:38:03.061-0800] {dag.py:3239} INFO - Sync 1 DAGs
[2025-01-03T19:38:03.090-0800] {logging_mixin.py:190} INFO - [2025-01-03T19:38:03.090-0800] {dag.py:4180} INFO - Setting next_dagrun for example_sla_dag to 2025-01-04 03:36:00+00:00, run_after=2025-01-04 03:38:00+00:00
[2025-01-03T19:38:03.115-0800] {processor.py:208} INFO - Processing /opt/anaconda3/envs/airflow_env/lib/python3.9/site-packages/airflow/example_dags/example_sla_dag.py took 0.318 seconds
[2025-01-03T19:42:49.262-0800] {processor.py:186} INFO - Started process (PID=65272) to work on /opt/anaconda3/envs/airflow_env/lib/python3.9/site-packages/airflow/example_dags/example_sla_dag.py
[2025-01-03T19:42:49.269-0800] {processor.py:914} INFO - Processing file /opt/anaconda3/envs/airflow_env/lib/python3.9/site-packages/airflow/example_dags/example_sla_dag.py for tasks to queue
[2025-01-03T19:42:49.279-0800] {logging_mixin.py:190} INFO - [2025-01-03T19:42:49.278-0800] {dagbag.py:588} INFO - Filling up the DagBag from /opt/anaconda3/envs/airflow_env/lib/python3.9/site-packages/airflow/example_dags/example_sla_dag.py
[2025-01-03T19:42:49.406-0800] {processor.py:925} INFO - DAG(s) 'example_sla_dag' retrieved from /opt/anaconda3/envs/airflow_env/lib/python3.9/site-packages/airflow/example_dags/example_sla_dag.py
[2025-01-03T19:42:49.592-0800] {logging_mixin.py:190} INFO - [2025-01-03T19:42:49.592-0800] {dag.py:3239} INFO - Sync 1 DAGs
[2025-01-03T19:42:49.627-0800] {logging_mixin.py:190} INFO - [2025-01-03T19:42:49.627-0800] {dag.py:4180} INFO - Setting next_dagrun for example_sla_dag to 2025-01-04 03:40:00+00:00, run_after=2025-01-04 03:42:00+00:00
[2025-01-03T19:42:49.656-0800] {processor.py:208} INFO - Processing /opt/anaconda3/envs/airflow_env/lib/python3.9/site-packages/airflow/example_dags/example_sla_dag.py took 0.403 seconds
