[2025-01-03T17:14:41.591-0800] {processor.py:186} INFO - Started process (PID=56937) to work on /opt/anaconda3/envs/airflow_env/lib/python3.9/site-packages/airflow/example_dags/example_subdag_operator.py
[2025-01-03T17:14:41.593-0800] {processor.py:914} INFO - Processing file /opt/anaconda3/envs/airflow_env/lib/python3.9/site-packages/airflow/example_dags/example_subdag_operator.py for tasks to queue
[2025-01-03T17:14:41.595-0800] {logging_mixin.py:190} INFO - [2025-01-03T17:14:41.595-0800] {dagbag.py:588} INFO - Filling up the DagBag from /opt/anaconda3/envs/airflow_env/lib/python3.9/site-packages/airflow/example_dags/example_subdag_operator.py
[2025-01-03T17:14:42.009-0800] {processor.py:925} INFO - DAG(s) 'example_subdag_operator.section-1', 'example_subdag_operator.section-2', 'example_subdag_operator' retrieved from /opt/anaconda3/envs/airflow_env/lib/python3.9/site-packages/airflow/example_dags/example_subdag_operator.py
[2025-01-03T17:14:43.120-0800] {logging_mixin.py:190} INFO - [2025-01-03T17:14:43.119-0800] {dag.py:3239} INFO - Sync 3 DAGs
[2025-01-03T17:14:43.142-0800] {logging_mixin.py:190} INFO - [2025-01-03T17:14:43.141-0800] {dag.py:4180} INFO - Setting next_dagrun for example_subdag_operator to 2022-01-01 00:00:00+00:00, run_after=2022-01-01 00:00:00+00:00
[2025-01-03T17:14:43.145-0800] {logging_mixin.py:190} INFO - [2025-01-03T17:14:43.145-0800] {dag.py:4180} INFO - Setting next_dagrun for example_subdag_operator.section-1 to None, run_after=None
[2025-01-03T17:14:43.148-0800] {logging_mixin.py:190} INFO - [2025-01-03T17:14:43.148-0800] {dag.py:4180} INFO - Setting next_dagrun for example_subdag_operator.section-2 to None, run_after=None
[2025-01-03T17:14:43.158-0800] {logging_mixin.py:190} INFO - [2025-01-03T17:14:43.158-0800] {dag.py:3239} INFO - Sync 2 DAGs
[2025-01-03T17:14:43.165-0800] {logging_mixin.py:190} INFO - [2025-01-03T17:14:43.164-0800] {dag.py:4180} INFO - Setting next_dagrun for example_subdag_operator.section-1 to None, run_after=None
[2025-01-03T17:14:43.165-0800] {logging_mixin.py:190} INFO - [2025-01-03T17:14:43.165-0800] {dag.py:4180} INFO - Setting next_dagrun for example_subdag_operator.section-2 to None, run_after=None
[2025-01-03T17:14:43.193-0800] {processor.py:208} INFO - Processing /opt/anaconda3/envs/airflow_env/lib/python3.9/site-packages/airflow/example_dags/example_subdag_operator.py took 1.631 seconds
[2025-01-03T19:07:57.921-0800] {processor.py:186} INFO - Started process (PID=62267) to work on /opt/anaconda3/envs/airflow_env/lib/python3.9/site-packages/airflow/example_dags/example_subdag_operator.py
[2025-01-03T19:07:57.924-0800] {processor.py:914} INFO - Processing file /opt/anaconda3/envs/airflow_env/lib/python3.9/site-packages/airflow/example_dags/example_subdag_operator.py for tasks to queue
[2025-01-03T19:07:57.926-0800] {logging_mixin.py:190} INFO - [2025-01-03T19:07:57.926-0800] {dagbag.py:588} INFO - Filling up the DagBag from /opt/anaconda3/envs/airflow_env/lib/python3.9/site-packages/airflow/example_dags/example_subdag_operator.py
[2025-01-03T19:07:58.078-0800] {processor.py:925} INFO - DAG(s) 'example_subdag_operator.section-1', 'example_subdag_operator.section-2', 'example_subdag_operator' retrieved from /opt/anaconda3/envs/airflow_env/lib/python3.9/site-packages/airflow/example_dags/example_subdag_operator.py
[2025-01-03T19:07:59.353-0800] {logging_mixin.py:190} INFO - [2025-01-03T19:07:59.352-0800] {dag.py:3239} INFO - Sync 3 DAGs
[2025-01-03T19:07:59.377-0800] {logging_mixin.py:190} INFO - [2025-01-03T19:07:59.377-0800] {dag.py:4180} INFO - Setting next_dagrun for example_subdag_operator to 2022-01-01 00:00:00+00:00, run_after=2022-01-01 00:00:00+00:00
[2025-01-03T19:07:59.383-0800] {logging_mixin.py:190} INFO - [2025-01-03T19:07:59.383-0800] {dag.py:4180} INFO - Setting next_dagrun for example_subdag_operator.section-1 to None, run_after=None
[2025-01-03T19:07:59.387-0800] {logging_mixin.py:190} INFO - [2025-01-03T19:07:59.386-0800] {dag.py:4180} INFO - Setting next_dagrun for example_subdag_operator.section-2 to None, run_after=None
[2025-01-03T19:07:59.401-0800] {logging_mixin.py:190} INFO - [2025-01-03T19:07:59.401-0800] {dag.py:3239} INFO - Sync 2 DAGs
[2025-01-03T19:07:59.407-0800] {logging_mixin.py:190} INFO - [2025-01-03T19:07:59.407-0800] {dag.py:4180} INFO - Setting next_dagrun for example_subdag_operator.section-1 to None, run_after=None
[2025-01-03T19:07:59.408-0800] {logging_mixin.py:190} INFO - [2025-01-03T19:07:59.408-0800] {dag.py:4180} INFO - Setting next_dagrun for example_subdag_operator.section-2 to None, run_after=None
[2025-01-03T19:07:59.424-0800] {processor.py:208} INFO - Processing /opt/anaconda3/envs/airflow_env/lib/python3.9/site-packages/airflow/example_dags/example_subdag_operator.py took 1.509 seconds
[2025-01-03T19:32:52.041-0800] {processor.py:186} INFO - Started process (PID=64706) to work on /opt/anaconda3/envs/airflow_env/lib/python3.9/site-packages/airflow/example_dags/example_subdag_operator.py
[2025-01-03T19:32:52.047-0800] {processor.py:914} INFO - Processing file /opt/anaconda3/envs/airflow_env/lib/python3.9/site-packages/airflow/example_dags/example_subdag_operator.py for tasks to queue
[2025-01-03T19:32:52.054-0800] {logging_mixin.py:190} INFO - [2025-01-03T19:32:52.054-0800] {dagbag.py:588} INFO - Filling up the DagBag from /opt/anaconda3/envs/airflow_env/lib/python3.9/site-packages/airflow/example_dags/example_subdag_operator.py
[2025-01-03T19:32:52.346-0800] {processor.py:925} INFO - DAG(s) 'example_subdag_operator.section-1', 'example_subdag_operator.section-2', 'example_subdag_operator' retrieved from /opt/anaconda3/envs/airflow_env/lib/python3.9/site-packages/airflow/example_dags/example_subdag_operator.py
[2025-01-03T19:32:53.694-0800] {logging_mixin.py:190} INFO - [2025-01-03T19:32:53.693-0800] {dag.py:3239} INFO - Sync 3 DAGs
[2025-01-03T19:32:53.720-0800] {logging_mixin.py:190} INFO - [2025-01-03T19:32:53.719-0800] {dag.py:4180} INFO - Setting next_dagrun for example_subdag_operator to 2022-01-01 00:00:00+00:00, run_after=2022-01-01 00:00:00+00:00
[2025-01-03T19:32:53.723-0800] {logging_mixin.py:190} INFO - [2025-01-03T19:32:53.723-0800] {dag.py:4180} INFO - Setting next_dagrun for example_subdag_operator.section-1 to None, run_after=None
[2025-01-03T19:32:53.725-0800] {logging_mixin.py:190} INFO - [2025-01-03T19:32:53.725-0800] {dag.py:4180} INFO - Setting next_dagrun for example_subdag_operator.section-2 to None, run_after=None
[2025-01-03T19:32:53.736-0800] {logging_mixin.py:190} INFO - [2025-01-03T19:32:53.736-0800] {dag.py:3239} INFO - Sync 2 DAGs
[2025-01-03T19:32:53.745-0800] {logging_mixin.py:190} INFO - [2025-01-03T19:32:53.743-0800] {dag.py:4180} INFO - Setting next_dagrun for example_subdag_operator.section-1 to None, run_after=None
[2025-01-03T19:32:53.747-0800] {logging_mixin.py:190} INFO - [2025-01-03T19:32:53.747-0800] {dag.py:4180} INFO - Setting next_dagrun for example_subdag_operator.section-2 to None, run_after=None
[2025-01-03T19:32:53.765-0800] {processor.py:208} INFO - Processing /opt/anaconda3/envs/airflow_env/lib/python3.9/site-packages/airflow/example_dags/example_subdag_operator.py took 1.734 seconds
[2025-01-03T19:37:56.567-0800] {processor.py:186} INFO - Started process (PID=64981) to work on /opt/anaconda3/envs/airflow_env/lib/python3.9/site-packages/airflow/example_dags/example_subdag_operator.py
[2025-01-03T19:37:56.571-0800] {processor.py:914} INFO - Processing file /opt/anaconda3/envs/airflow_env/lib/python3.9/site-packages/airflow/example_dags/example_subdag_operator.py for tasks to queue
[2025-01-03T19:37:56.574-0800] {logging_mixin.py:190} INFO - [2025-01-03T19:37:56.573-0800] {dagbag.py:588} INFO - Filling up the DagBag from /opt/anaconda3/envs/airflow_env/lib/python3.9/site-packages/airflow/example_dags/example_subdag_operator.py
[2025-01-03T19:37:56.763-0800] {processor.py:925} INFO - DAG(s) 'example_subdag_operator.section-1', 'example_subdag_operator.section-2', 'example_subdag_operator' retrieved from /opt/anaconda3/envs/airflow_env/lib/python3.9/site-packages/airflow/example_dags/example_subdag_operator.py
[2025-01-03T19:37:58.092-0800] {logging_mixin.py:190} INFO - [2025-01-03T19:37:58.092-0800] {dag.py:3239} INFO - Sync 3 DAGs
[2025-01-03T19:37:58.120-0800] {logging_mixin.py:190} INFO - [2025-01-03T19:37:58.119-0800] {dag.py:4180} INFO - Setting next_dagrun for example_subdag_operator to 2022-01-01 00:00:00+00:00, run_after=2022-01-01 00:00:00+00:00
[2025-01-03T19:37:58.124-0800] {logging_mixin.py:190} INFO - [2025-01-03T19:37:58.124-0800] {dag.py:4180} INFO - Setting next_dagrun for example_subdag_operator.section-1 to None, run_after=None
[2025-01-03T19:37:58.126-0800] {logging_mixin.py:190} INFO - [2025-01-03T19:37:58.125-0800] {dag.py:4180} INFO - Setting next_dagrun for example_subdag_operator.section-2 to None, run_after=None
[2025-01-03T19:37:58.140-0800] {logging_mixin.py:190} INFO - [2025-01-03T19:37:58.139-0800] {dag.py:3239} INFO - Sync 2 DAGs
[2025-01-03T19:37:58.152-0800] {logging_mixin.py:190} INFO - [2025-01-03T19:37:58.151-0800] {dag.py:4180} INFO - Setting next_dagrun for example_subdag_operator.section-1 to None, run_after=None
[2025-01-03T19:37:58.153-0800] {logging_mixin.py:190} INFO - [2025-01-03T19:37:58.152-0800] {dag.py:4180} INFO - Setting next_dagrun for example_subdag_operator.section-2 to None, run_after=None
[2025-01-03T19:37:58.187-0800] {processor.py:208} INFO - Processing /opt/anaconda3/envs/airflow_env/lib/python3.9/site-packages/airflow/example_dags/example_subdag_operator.py took 1.627 seconds
[2025-01-03T19:42:43.203-0800] {processor.py:186} INFO - Started process (PID=65270) to work on /opt/anaconda3/envs/airflow_env/lib/python3.9/site-packages/airflow/example_dags/example_subdag_operator.py
[2025-01-03T19:42:43.205-0800] {processor.py:914} INFO - Processing file /opt/anaconda3/envs/airflow_env/lib/python3.9/site-packages/airflow/example_dags/example_subdag_operator.py for tasks to queue
[2025-01-03T19:42:43.207-0800] {logging_mixin.py:190} INFO - [2025-01-03T19:42:43.207-0800] {dagbag.py:588} INFO - Filling up the DagBag from /opt/anaconda3/envs/airflow_env/lib/python3.9/site-packages/airflow/example_dags/example_subdag_operator.py
[2025-01-03T19:42:43.476-0800] {processor.py:925} INFO - DAG(s) 'example_subdag_operator.section-1', 'example_subdag_operator.section-2', 'example_subdag_operator' retrieved from /opt/anaconda3/envs/airflow_env/lib/python3.9/site-packages/airflow/example_dags/example_subdag_operator.py
[2025-01-03T19:42:44.785-0800] {logging_mixin.py:190} INFO - [2025-01-03T19:42:44.784-0800] {dag.py:3239} INFO - Sync 3 DAGs
[2025-01-03T19:42:44.817-0800] {logging_mixin.py:190} INFO - [2025-01-03T19:42:44.816-0800] {dag.py:4180} INFO - Setting next_dagrun for example_subdag_operator to 2022-01-01 00:00:00+00:00, run_after=2022-01-01 00:00:00+00:00
[2025-01-03T19:42:44.820-0800] {logging_mixin.py:190} INFO - [2025-01-03T19:42:44.820-0800] {dag.py:4180} INFO - Setting next_dagrun for example_subdag_operator.section-1 to None, run_after=None
[2025-01-03T19:42:44.822-0800] {logging_mixin.py:190} INFO - [2025-01-03T19:42:44.822-0800] {dag.py:4180} INFO - Setting next_dagrun for example_subdag_operator.section-2 to None, run_after=None
[2025-01-03T19:42:44.834-0800] {logging_mixin.py:190} INFO - [2025-01-03T19:42:44.834-0800] {dag.py:3239} INFO - Sync 2 DAGs
[2025-01-03T19:42:44.842-0800] {logging_mixin.py:190} INFO - [2025-01-03T19:42:44.841-0800] {dag.py:4180} INFO - Setting next_dagrun for example_subdag_operator.section-1 to None, run_after=None
[2025-01-03T19:42:44.842-0800] {logging_mixin.py:190} INFO - [2025-01-03T19:42:44.842-0800] {dag.py:4180} INFO - Setting next_dagrun for example_subdag_operator.section-2 to None, run_after=None
[2025-01-03T19:42:44.867-0800] {processor.py:208} INFO - Processing /opt/anaconda3/envs/airflow_env/lib/python3.9/site-packages/airflow/example_dags/example_subdag_operator.py took 1.669 seconds
