[2025-01-03T17:15:42.998-0800] {processor.py:186} INFO - Started process (PID=57043) to work on /opt/anaconda3/envs/airflow_env/lib/python3.9/site-packages/airflow/example_dags/example_nested_branch_dag.py
[2025-01-03T17:15:43.000-0800] {processor.py:914} INFO - Processing file /opt/anaconda3/envs/airflow_env/lib/python3.9/site-packages/airflow/example_dags/example_nested_branch_dag.py for tasks to queue
[2025-01-03T17:15:43.002-0800] {logging_mixin.py:190} INFO - [2025-01-03T17:15:43.002-0800] {dagbag.py:588} INFO - Filling up the DagBag from /opt/anaconda3/envs/airflow_env/lib/python3.9/site-packages/airflow/example_dags/example_nested_branch_dag.py
[2025-01-03T17:15:43.071-0800] {processor.py:925} INFO - DAG(s) 'example_nested_branch_dag' retrieved from /opt/anaconda3/envs/airflow_env/lib/python3.9/site-packages/airflow/example_dags/example_nested_branch_dag.py
[2025-01-03T17:15:43.217-0800] {logging_mixin.py:190} INFO - [2025-01-03T17:15:43.217-0800] {dag.py:3239} INFO - Sync 1 DAGs
[2025-01-03T17:15:43.241-0800] {logging_mixin.py:190} INFO - [2025-01-03T17:15:43.241-0800] {dag.py:4180} INFO - Setting next_dagrun for example_nested_branch_dag to 2025-01-03 00:00:00+00:00, run_after=2025-01-04 00:00:00+00:00
[2025-01-03T17:15:43.264-0800] {processor.py:208} INFO - Processing /opt/anaconda3/envs/airflow_env/lib/python3.9/site-packages/airflow/example_dags/example_nested_branch_dag.py took 0.273 seconds
[2025-01-03T19:09:08.816-0800] {processor.py:186} INFO - Started process (PID=62314) to work on /opt/anaconda3/envs/airflow_env/lib/python3.9/site-packages/airflow/example_dags/example_nested_branch_dag.py
[2025-01-03T19:09:08.818-0800] {processor.py:914} INFO - Processing file /opt/anaconda3/envs/airflow_env/lib/python3.9/site-packages/airflow/example_dags/example_nested_branch_dag.py for tasks to queue
[2025-01-03T19:09:08.820-0800] {logging_mixin.py:190} INFO - [2025-01-03T19:09:08.819-0800] {dagbag.py:588} INFO - Filling up the DagBag from /opt/anaconda3/envs/airflow_env/lib/python3.9/site-packages/airflow/example_dags/example_nested_branch_dag.py
[2025-01-03T19:09:08.871-0800] {processor.py:925} INFO - DAG(s) 'example_nested_branch_dag' retrieved from /opt/anaconda3/envs/airflow_env/lib/python3.9/site-packages/airflow/example_dags/example_nested_branch_dag.py
[2025-01-03T19:09:09.006-0800] {logging_mixin.py:190} INFO - [2025-01-03T19:09:09.005-0800] {dag.py:3239} INFO - Sync 1 DAGs
[2025-01-03T19:09:09.029-0800] {logging_mixin.py:190} INFO - [2025-01-03T19:09:09.028-0800] {dag.py:4180} INFO - Setting next_dagrun for example_nested_branch_dag to 2025-01-03 00:00:00+00:00, run_after=2025-01-04 00:00:00+00:00
[2025-01-03T19:09:09.055-0800] {processor.py:208} INFO - Processing /opt/anaconda3/envs/airflow_env/lib/python3.9/site-packages/airflow/example_dags/example_nested_branch_dag.py took 0.245 seconds
[2025-01-03T19:34:05.984-0800] {processor.py:186} INFO - Started process (PID=64764) to work on /opt/anaconda3/envs/airflow_env/lib/python3.9/site-packages/airflow/example_dags/example_nested_branch_dag.py
[2025-01-03T19:34:05.988-0800] {processor.py:914} INFO - Processing file /opt/anaconda3/envs/airflow_env/lib/python3.9/site-packages/airflow/example_dags/example_nested_branch_dag.py for tasks to queue
[2025-01-03T19:34:05.991-0800] {logging_mixin.py:190} INFO - [2025-01-03T19:34:05.990-0800] {dagbag.py:588} INFO - Filling up the DagBag from /opt/anaconda3/envs/airflow_env/lib/python3.9/site-packages/airflow/example_dags/example_nested_branch_dag.py
[2025-01-03T19:34:06.058-0800] {processor.py:925} INFO - DAG(s) 'example_nested_branch_dag' retrieved from /opt/anaconda3/envs/airflow_env/lib/python3.9/site-packages/airflow/example_dags/example_nested_branch_dag.py
[2025-01-03T19:34:06.211-0800] {logging_mixin.py:190} INFO - [2025-01-03T19:34:06.211-0800] {dag.py:3239} INFO - Sync 1 DAGs
[2025-01-03T19:34:06.242-0800] {logging_mixin.py:190} INFO - [2025-01-03T19:34:06.242-0800] {dag.py:4180} INFO - Setting next_dagrun for example_nested_branch_dag to 2025-01-03 00:00:00+00:00, run_after=2025-01-04 00:00:00+00:00
[2025-01-03T19:34:06.266-0800] {processor.py:208} INFO - Processing /opt/anaconda3/envs/airflow_env/lib/python3.9/site-packages/airflow/example_dags/example_nested_branch_dag.py took 0.296 seconds
[2025-01-03T19:39:08.056-0800] {processor.py:186} INFO - Started process (PID=65026) to work on /opt/anaconda3/envs/airflow_env/lib/python3.9/site-packages/airflow/example_dags/example_nested_branch_dag.py
[2025-01-03T19:39:08.059-0800] {processor.py:914} INFO - Processing file /opt/anaconda3/envs/airflow_env/lib/python3.9/site-packages/airflow/example_dags/example_nested_branch_dag.py for tasks to queue
[2025-01-03T19:39:08.060-0800] {logging_mixin.py:190} INFO - [2025-01-03T19:39:08.060-0800] {dagbag.py:588} INFO - Filling up the DagBag from /opt/anaconda3/envs/airflow_env/lib/python3.9/site-packages/airflow/example_dags/example_nested_branch_dag.py
[2025-01-03T19:39:08.112-0800] {processor.py:925} INFO - DAG(s) 'example_nested_branch_dag' retrieved from /opt/anaconda3/envs/airflow_env/lib/python3.9/site-packages/airflow/example_dags/example_nested_branch_dag.py
[2025-01-03T19:39:08.260-0800] {logging_mixin.py:190} INFO - [2025-01-03T19:39:08.260-0800] {dag.py:3239} INFO - Sync 1 DAGs
[2025-01-03T19:39:08.286-0800] {logging_mixin.py:190} INFO - [2025-01-03T19:39:08.286-0800] {dag.py:4180} INFO - Setting next_dagrun for example_nested_branch_dag to 2025-01-03 00:00:00+00:00, run_after=2025-01-04 00:00:00+00:00
[2025-01-03T19:39:08.314-0800] {processor.py:208} INFO - Processing /opt/anaconda3/envs/airflow_env/lib/python3.9/site-packages/airflow/example_dags/example_nested_branch_dag.py took 0.264 seconds
