[2025-01-03T17:14:27.482-0800] {processor.py:186} INFO - Started process (PID=56902) to work on /opt/anaconda3/envs/airflow_env/lib/python3.9/site-packages/airflow/example_dags/example_time_delta_sensor_async.py
[2025-01-03T17:14:27.483-0800] {processor.py:914} INFO - Processing file /opt/anaconda3/envs/airflow_env/lib/python3.9/site-packages/airflow/example_dags/example_time_delta_sensor_async.py for tasks to queue
[2025-01-03T17:14:27.484-0800] {logging_mixin.py:190} INFO - [2025-01-03T17:14:27.484-0800] {dagbag.py:588} INFO - Filling up the DagBag from /opt/anaconda3/envs/airflow_env/lib/python3.9/site-packages/airflow/example_dags/example_time_delta_sensor_async.py
[2025-01-03T17:14:27.495-0800] {processor.py:925} INFO - DAG(s) 'example_time_delta_sensor_async' retrieved from /opt/anaconda3/envs/airflow_env/lib/python3.9/site-packages/airflow/example_dags/example_time_delta_sensor_async.py
[2025-01-03T17:14:28.794-0800] {logging_mixin.py:190} INFO - [2025-01-03T17:14:28.794-0800] {dag.py:3239} INFO - Sync 1 DAGs
[2025-01-03T17:14:28.807-0800] {logging_mixin.py:190} INFO - [2025-01-03T17:14:28.806-0800] {dag.py:4180} INFO - Setting next_dagrun for example_time_delta_sensor_async to None, run_after=None
[2025-01-03T17:14:28.829-0800] {processor.py:208} INFO - Processing /opt/anaconda3/envs/airflow_env/lib/python3.9/site-packages/airflow/example_dags/example_time_delta_sensor_async.py took 1.352 seconds
[2025-01-03T17:57:18.420-0800] {processor.py:186} INFO - Started process (PID=60672) to work on /opt/anaconda3/envs/airflow_env/lib/python3.9/site-packages/airflow/example_dags/example_time_delta_sensor_async.py
[2025-01-03T17:57:18.424-0800] {processor.py:914} INFO - Processing file /opt/anaconda3/envs/airflow_env/lib/python3.9/site-packages/airflow/example_dags/example_time_delta_sensor_async.py for tasks to queue
[2025-01-03T17:57:18.426-0800] {logging_mixin.py:190} INFO - [2025-01-03T17:57:18.426-0800] {dagbag.py:588} INFO - Filling up the DagBag from /opt/anaconda3/envs/airflow_env/lib/python3.9/site-packages/airflow/example_dags/example_time_delta_sensor_async.py
[2025-01-03T17:57:18.447-0800] {processor.py:925} INFO - DAG(s) 'example_time_delta_sensor_async' retrieved from /opt/anaconda3/envs/airflow_env/lib/python3.9/site-packages/airflow/example_dags/example_time_delta_sensor_async.py
[2025-01-03T17:57:19.980-0800] {logging_mixin.py:190} INFO - [2025-01-03T17:57:19.979-0800] {dag.py:3239} INFO - Sync 1 DAGs
[2025-01-03T17:57:20.013-0800] {logging_mixin.py:190} INFO - [2025-01-03T17:57:20.013-0800] {dag.py:4180} INFO - Setting next_dagrun for example_time_delta_sensor_async to None, run_after=None
[2025-01-03T17:57:20.064-0800] {processor.py:208} INFO - Processing /opt/anaconda3/envs/airflow_env/lib/python3.9/site-packages/airflow/example_dags/example_time_delta_sensor_async.py took 1.655 seconds
[2025-01-03T19:07:38.102-0800] {processor.py:186} INFO - Started process (PID=62202) to work on /opt/anaconda3/envs/airflow_env/lib/python3.9/site-packages/airflow/example_dags/example_time_delta_sensor_async.py
[2025-01-03T19:07:38.105-0800] {processor.py:914} INFO - Processing file /opt/anaconda3/envs/airflow_env/lib/python3.9/site-packages/airflow/example_dags/example_time_delta_sensor_async.py for tasks to queue
[2025-01-03T19:07:38.106-0800] {logging_mixin.py:190} INFO - [2025-01-03T19:07:38.106-0800] {dagbag.py:588} INFO - Filling up the DagBag from /opt/anaconda3/envs/airflow_env/lib/python3.9/site-packages/airflow/example_dags/example_time_delta_sensor_async.py
[2025-01-03T19:07:38.122-0800] {processor.py:925} INFO - DAG(s) 'example_time_delta_sensor_async' retrieved from /opt/anaconda3/envs/airflow_env/lib/python3.9/site-packages/airflow/example_dags/example_time_delta_sensor_async.py
[2025-01-03T19:07:39.503-0800] {logging_mixin.py:190} INFO - [2025-01-03T19:07:39.502-0800] {dag.py:3239} INFO - Sync 1 DAGs
[2025-01-03T19:07:39.522-0800] {logging_mixin.py:190} INFO - [2025-01-03T19:07:39.522-0800] {dag.py:4180} INFO - Setting next_dagrun for example_time_delta_sensor_async to None, run_after=None
[2025-01-03T19:07:39.557-0800] {processor.py:208} INFO - Processing /opt/anaconda3/envs/airflow_env/lib/python3.9/site-packages/airflow/example_dags/example_time_delta_sensor_async.py took 1.464 seconds
[2025-01-03T19:32:32.646-0800] {processor.py:186} INFO - Started process (PID=64671) to work on /opt/anaconda3/envs/airflow_env/lib/python3.9/site-packages/airflow/example_dags/example_time_delta_sensor_async.py
[2025-01-03T19:32:32.648-0800] {processor.py:914} INFO - Processing file /opt/anaconda3/envs/airflow_env/lib/python3.9/site-packages/airflow/example_dags/example_time_delta_sensor_async.py for tasks to queue
[2025-01-03T19:32:32.649-0800] {logging_mixin.py:190} INFO - [2025-01-03T19:32:32.649-0800] {dagbag.py:588} INFO - Filling up the DagBag from /opt/anaconda3/envs/airflow_env/lib/python3.9/site-packages/airflow/example_dags/example_time_delta_sensor_async.py
[2025-01-03T19:32:32.660-0800] {processor.py:925} INFO - DAG(s) 'example_time_delta_sensor_async' retrieved from /opt/anaconda3/envs/airflow_env/lib/python3.9/site-packages/airflow/example_dags/example_time_delta_sensor_async.py
[2025-01-03T19:32:33.957-0800] {logging_mixin.py:190} INFO - [2025-01-03T19:32:33.956-0800] {dag.py:3239} INFO - Sync 1 DAGs
[2025-01-03T19:32:33.973-0800] {logging_mixin.py:190} INFO - [2025-01-03T19:32:33.972-0800] {dag.py:4180} INFO - Setting next_dagrun for example_time_delta_sensor_async to None, run_after=None
[2025-01-03T19:32:34.002-0800] {processor.py:208} INFO - Processing /opt/anaconda3/envs/airflow_env/lib/python3.9/site-packages/airflow/example_dags/example_time_delta_sensor_async.py took 1.361 seconds
[2025-01-03T19:37:39.374-0800] {processor.py:186} INFO - Started process (PID=64960) to work on /opt/anaconda3/envs/airflow_env/lib/python3.9/site-packages/airflow/example_dags/example_time_delta_sensor_async.py
[2025-01-03T19:37:39.377-0800] {processor.py:914} INFO - Processing file /opt/anaconda3/envs/airflow_env/lib/python3.9/site-packages/airflow/example_dags/example_time_delta_sensor_async.py for tasks to queue
[2025-01-03T19:37:39.379-0800] {logging_mixin.py:190} INFO - [2025-01-03T19:37:39.378-0800] {dagbag.py:588} INFO - Filling up the DagBag from /opt/anaconda3/envs/airflow_env/lib/python3.9/site-packages/airflow/example_dags/example_time_delta_sensor_async.py
[2025-01-03T19:37:39.396-0800] {processor.py:925} INFO - DAG(s) 'example_time_delta_sensor_async' retrieved from /opt/anaconda3/envs/airflow_env/lib/python3.9/site-packages/airflow/example_dags/example_time_delta_sensor_async.py
[2025-01-03T19:37:40.789-0800] {logging_mixin.py:190} INFO - [2025-01-03T19:37:40.788-0800] {dag.py:3239} INFO - Sync 1 DAGs
[2025-01-03T19:37:40.810-0800] {logging_mixin.py:190} INFO - [2025-01-03T19:37:40.810-0800] {dag.py:4180} INFO - Setting next_dagrun for example_time_delta_sensor_async to None, run_after=None
[2025-01-03T19:37:40.840-0800] {processor.py:208} INFO - Processing /opt/anaconda3/envs/airflow_env/lib/python3.9/site-packages/airflow/example_dags/example_time_delta_sensor_async.py took 1.475 seconds
[2025-01-03T19:42:18.646-0800] {processor.py:186} INFO - Started process (PID=65240) to work on /opt/anaconda3/envs/airflow_env/lib/python3.9/site-packages/airflow/example_dags/example_time_delta_sensor_async.py
[2025-01-03T19:42:18.650-0800] {processor.py:914} INFO - Processing file /opt/anaconda3/envs/airflow_env/lib/python3.9/site-packages/airflow/example_dags/example_time_delta_sensor_async.py for tasks to queue
[2025-01-03T19:42:18.652-0800] {logging_mixin.py:190} INFO - [2025-01-03T19:42:18.651-0800] {dagbag.py:588} INFO - Filling up the DagBag from /opt/anaconda3/envs/airflow_env/lib/python3.9/site-packages/airflow/example_dags/example_time_delta_sensor_async.py
[2025-01-03T19:42:18.672-0800] {processor.py:925} INFO - DAG(s) 'example_time_delta_sensor_async' retrieved from /opt/anaconda3/envs/airflow_env/lib/python3.9/site-packages/airflow/example_dags/example_time_delta_sensor_async.py
[2025-01-03T19:42:20.054-0800] {logging_mixin.py:190} INFO - [2025-01-03T19:42:20.053-0800] {dag.py:3239} INFO - Sync 1 DAGs
[2025-01-03T19:42:20.078-0800] {logging_mixin.py:190} INFO - [2025-01-03T19:42:20.077-0800] {dag.py:4180} INFO - Setting next_dagrun for example_time_delta_sensor_async to None, run_after=None
[2025-01-03T19:42:20.109-0800] {processor.py:208} INFO - Processing /opt/anaconda3/envs/airflow_env/lib/python3.9/site-packages/airflow/example_dags/example_time_delta_sensor_async.py took 1.468 seconds
