[2025-01-03T17:14:37.363-0800] {processor.py:186} INFO - Started process (PID=56922) to work on /opt/anaconda3/envs/airflow_env/lib/python3.9/site-packages/airflow/example_dags/example_task_group.py
[2025-01-03T17:14:37.364-0800] {processor.py:914} INFO - Processing file /opt/anaconda3/envs/airflow_env/lib/python3.9/site-packages/airflow/example_dags/example_task_group.py for tasks to queue
[2025-01-03T17:14:37.366-0800] {logging_mixin.py:190} INFO - [2025-01-03T17:14:37.365-0800] {dagbag.py:588} INFO - Filling up the DagBag from /opt/anaconda3/envs/airflow_env/lib/python3.9/site-packages/airflow/example_dags/example_task_group.py
[2025-01-03T17:14:37.383-0800] {processor.py:925} INFO - DAG(s) 'example_task_group' retrieved from /opt/anaconda3/envs/airflow_env/lib/python3.9/site-packages/airflow/example_dags/example_task_group.py
[2025-01-03T17:14:37.549-0800] {logging_mixin.py:190} INFO - [2025-01-03T17:14:37.548-0800] {dag.py:3239} INFO - Sync 1 DAGs
[2025-01-03T17:14:37.571-0800] {logging_mixin.py:190} INFO - [2025-01-03T17:14:37.570-0800] {dag.py:4180} INFO - Setting next_dagrun for example_task_group to None, run_after=None
[2025-01-03T17:14:37.596-0800] {processor.py:208} INFO - Processing /opt/anaconda3/envs/airflow_env/lib/python3.9/site-packages/airflow/example_dags/example_task_group.py took 0.240 seconds
[2025-01-03T19:07:52.212-0800] {processor.py:186} INFO - Started process (PID=62256) to work on /opt/anaconda3/envs/airflow_env/lib/python3.9/site-packages/airflow/example_dags/example_task_group.py
[2025-01-03T19:07:52.214-0800] {processor.py:914} INFO - Processing file /opt/anaconda3/envs/airflow_env/lib/python3.9/site-packages/airflow/example_dags/example_task_group.py for tasks to queue
[2025-01-03T19:07:52.217-0800] {logging_mixin.py:190} INFO - [2025-01-03T19:07:52.217-0800] {dagbag.py:588} INFO - Filling up the DagBag from /opt/anaconda3/envs/airflow_env/lib/python3.9/site-packages/airflow/example_dags/example_task_group.py
[2025-01-03T19:07:52.245-0800] {processor.py:925} INFO - DAG(s) 'example_task_group' retrieved from /opt/anaconda3/envs/airflow_env/lib/python3.9/site-packages/airflow/example_dags/example_task_group.py
[2025-01-03T19:07:52.724-0800] {logging_mixin.py:190} INFO - [2025-01-03T19:07:52.723-0800] {dag.py:3239} INFO - Sync 1 DAGs
[2025-01-03T19:07:52.785-0800] {logging_mixin.py:190} INFO - [2025-01-03T19:07:52.779-0800] {dag.py:4180} INFO - Setting next_dagrun for example_task_group to None, run_after=None
[2025-01-03T19:07:52.875-0800] {processor.py:208} INFO - Processing /opt/anaconda3/envs/airflow_env/lib/python3.9/site-packages/airflow/example_dags/example_task_group.py took 0.670 seconds
[2025-01-03T19:32:47.310-0800] {processor.py:186} INFO - Started process (PID=64697) to work on /opt/anaconda3/envs/airflow_env/lib/python3.9/site-packages/airflow/example_dags/example_task_group.py
[2025-01-03T19:32:47.314-0800] {processor.py:914} INFO - Processing file /opt/anaconda3/envs/airflow_env/lib/python3.9/site-packages/airflow/example_dags/example_task_group.py for tasks to queue
[2025-01-03T19:32:47.316-0800] {logging_mixin.py:190} INFO - [2025-01-03T19:32:47.316-0800] {dagbag.py:588} INFO - Filling up the DagBag from /opt/anaconda3/envs/airflow_env/lib/python3.9/site-packages/airflow/example_dags/example_task_group.py
[2025-01-03T19:32:47.338-0800] {processor.py:925} INFO - DAG(s) 'example_task_group' retrieved from /opt/anaconda3/envs/airflow_env/lib/python3.9/site-packages/airflow/example_dags/example_task_group.py
[2025-01-03T19:32:47.580-0800] {logging_mixin.py:190} INFO - [2025-01-03T19:32:47.580-0800] {dag.py:3239} INFO - Sync 1 DAGs
[2025-01-03T19:32:47.598-0800] {logging_mixin.py:190} INFO - [2025-01-03T19:32:47.597-0800] {dag.py:4180} INFO - Setting next_dagrun for example_task_group to None, run_after=None
[2025-01-03T19:32:47.625-0800] {processor.py:208} INFO - Processing /opt/anaconda3/envs/airflow_env/lib/python3.9/site-packages/airflow/example_dags/example_task_group.py took 0.321 seconds
[2025-01-03T19:37:52.032-0800] {processor.py:186} INFO - Started process (PID=64974) to work on /opt/anaconda3/envs/airflow_env/lib/python3.9/site-packages/airflow/example_dags/example_task_group.py
[2025-01-03T19:37:52.036-0800] {processor.py:914} INFO - Processing file /opt/anaconda3/envs/airflow_env/lib/python3.9/site-packages/airflow/example_dags/example_task_group.py for tasks to queue
[2025-01-03T19:37:52.039-0800] {logging_mixin.py:190} INFO - [2025-01-03T19:37:52.038-0800] {dagbag.py:588} INFO - Filling up the DagBag from /opt/anaconda3/envs/airflow_env/lib/python3.9/site-packages/airflow/example_dags/example_task_group.py
[2025-01-03T19:37:52.061-0800] {processor.py:925} INFO - DAG(s) 'example_task_group' retrieved from /opt/anaconda3/envs/airflow_env/lib/python3.9/site-packages/airflow/example_dags/example_task_group.py
[2025-01-03T19:37:52.252-0800] {logging_mixin.py:190} INFO - [2025-01-03T19:37:52.252-0800] {dag.py:3239} INFO - Sync 1 DAGs
[2025-01-03T19:37:52.265-0800] {logging_mixin.py:190} INFO - [2025-01-03T19:37:52.265-0800] {dag.py:4180} INFO - Setting next_dagrun for example_task_group to None, run_after=None
[2025-01-03T19:37:52.290-0800] {processor.py:208} INFO - Processing /opt/anaconda3/envs/airflow_env/lib/python3.9/site-packages/airflow/example_dags/example_task_group.py took 0.265 seconds
[2025-01-03T19:42:38.358-0800] {processor.py:186} INFO - Started process (PID=65252) to work on /opt/anaconda3/envs/airflow_env/lib/python3.9/site-packages/airflow/example_dags/example_task_group.py
[2025-01-03T19:42:38.366-0800] {processor.py:914} INFO - Processing file /opt/anaconda3/envs/airflow_env/lib/python3.9/site-packages/airflow/example_dags/example_task_group.py for tasks to queue
[2025-01-03T19:42:38.369-0800] {logging_mixin.py:190} INFO - [2025-01-03T19:42:38.368-0800] {dagbag.py:588} INFO - Filling up the DagBag from /opt/anaconda3/envs/airflow_env/lib/python3.9/site-packages/airflow/example_dags/example_task_group.py
[2025-01-03T19:42:38.405-0800] {processor.py:925} INFO - DAG(s) 'example_task_group' retrieved from /opt/anaconda3/envs/airflow_env/lib/python3.9/site-packages/airflow/example_dags/example_task_group.py
[2025-01-03T19:42:38.723-0800] {logging_mixin.py:190} INFO - [2025-01-03T19:42:38.722-0800] {dag.py:3239} INFO - Sync 1 DAGs
[2025-01-03T19:42:38.746-0800] {logging_mixin.py:190} INFO - [2025-01-03T19:42:38.746-0800] {dag.py:4180} INFO - Setting next_dagrun for example_task_group to None, run_after=None
[2025-01-03T19:42:38.779-0800] {processor.py:208} INFO - Processing /opt/anaconda3/envs/airflow_env/lib/python3.9/site-packages/airflow/example_dags/example_task_group.py took 0.430 seconds
