[2025-01-03T17:17:10.897-0800] {processor.py:186} INFO - Started process (PID=57129) to work on /opt/anaconda3/envs/airflow_env/lib/python3.9/site-packages/airflow/example_dags/example_bash_operator.py
[2025-01-03T17:17:10.898-0800] {processor.py:914} INFO - Processing file /opt/anaconda3/envs/airflow_env/lib/python3.9/site-packages/airflow/example_dags/example_bash_operator.py for tasks to queue
[2025-01-03T17:17:10.899-0800] {logging_mixin.py:190} INFO - [2025-01-03T17:17:10.899-0800] {dagbag.py:588} INFO - Filling up the DagBag from /opt/anaconda3/envs/airflow_env/lib/python3.9/site-packages/airflow/example_dags/example_bash_operator.py
[2025-01-03T17:17:10.916-0800] {processor.py:925} INFO - DAG(s) 'example_bash_operator' retrieved from /opt/anaconda3/envs/airflow_env/lib/python3.9/site-packages/airflow/example_dags/example_bash_operator.py
[2025-01-03T17:17:11.107-0800] {logging_mixin.py:190} INFO - [2025-01-03T17:17:11.107-0800] {dag.py:3239} INFO - Sync 1 DAGs
[2025-01-03T17:17:11.136-0800] {logging_mixin.py:190} INFO - [2025-01-03T17:17:11.135-0800] {dag.py:4180} INFO - Setting next_dagrun for example_bash_operator to 2025-01-03 00:00:00+00:00, run_after=2025-01-04 00:00:00+00:00
[2025-01-03T17:17:11.171-0800] {processor.py:208} INFO - Processing /opt/anaconda3/envs/airflow_env/lib/python3.9/site-packages/airflow/example_dags/example_bash_operator.py took 0.279 seconds
[2025-01-03T19:11:06.791-0800] {processor.py:186} INFO - Started process (PID=62594) to work on /opt/anaconda3/envs/airflow_env/lib/python3.9/site-packages/airflow/example_dags/example_bash_operator.py
[2025-01-03T19:11:06.796-0800] {processor.py:914} INFO - Processing file /opt/anaconda3/envs/airflow_env/lib/python3.9/site-packages/airflow/example_dags/example_bash_operator.py for tasks to queue
[2025-01-03T19:11:06.799-0800] {logging_mixin.py:190} INFO - [2025-01-03T19:11:06.799-0800] {dagbag.py:588} INFO - Filling up the DagBag from /opt/anaconda3/envs/airflow_env/lib/python3.9/site-packages/airflow/example_dags/example_bash_operator.py
[2025-01-03T19:11:06.839-0800] {processor.py:925} INFO - DAG(s) 'example_bash_operator' retrieved from /opt/anaconda3/envs/airflow_env/lib/python3.9/site-packages/airflow/example_dags/example_bash_operator.py
[2025-01-03T19:11:07.051-0800] {logging_mixin.py:190} INFO - [2025-01-03T19:11:07.050-0800] {dag.py:3239} INFO - Sync 1 DAGs
[2025-01-03T19:11:07.092-0800] {logging_mixin.py:190} INFO - [2025-01-03T19:11:07.092-0800] {dag.py:4180} INFO - Setting next_dagrun for example_bash_operator to 2025-01-03 00:00:00+00:00, run_after=2025-01-04 00:00:00+00:00
[2025-01-03T19:11:07.148-0800] {processor.py:208} INFO - Processing /opt/anaconda3/envs/airflow_env/lib/python3.9/site-packages/airflow/example_dags/example_bash_operator.py took 0.363 seconds
[2025-01-03T19:35:58.348-0800] {processor.py:186} INFO - Started process (PID=64834) to work on /opt/anaconda3/envs/airflow_env/lib/python3.9/site-packages/airflow/example_dags/example_bash_operator.py
[2025-01-03T19:35:58.354-0800] {processor.py:914} INFO - Processing file /opt/anaconda3/envs/airflow_env/lib/python3.9/site-packages/airflow/example_dags/example_bash_operator.py for tasks to queue
[2025-01-03T19:35:58.356-0800] {logging_mixin.py:190} INFO - [2025-01-03T19:35:58.356-0800] {dagbag.py:588} INFO - Filling up the DagBag from /opt/anaconda3/envs/airflow_env/lib/python3.9/site-packages/airflow/example_dags/example_bash_operator.py
[2025-01-03T19:35:58.397-0800] {processor.py:925} INFO - DAG(s) 'example_bash_operator' retrieved from /opt/anaconda3/envs/airflow_env/lib/python3.9/site-packages/airflow/example_dags/example_bash_operator.py
[2025-01-03T19:35:58.599-0800] {logging_mixin.py:190} INFO - [2025-01-03T19:35:58.599-0800] {dag.py:3239} INFO - Sync 1 DAGs
[2025-01-03T19:35:58.636-0800] {logging_mixin.py:190} INFO - [2025-01-03T19:35:58.635-0800] {dag.py:4180} INFO - Setting next_dagrun for example_bash_operator to 2025-01-03 00:00:00+00:00, run_after=2025-01-04 00:00:00+00:00
[2025-01-03T19:35:58.673-0800] {processor.py:208} INFO - Processing /opt/anaconda3/envs/airflow_env/lib/python3.9/site-packages/airflow/example_dags/example_bash_operator.py took 0.331 seconds
