[2025-01-03T17:14:32.953-0800] {processor.py:186} INFO - Started process (PID=56911) to work on /opt/anaconda3/envs/airflow_env/lib/python3.9/site-packages/airflow/example_dags/example_task_group_decorator.py
[2025-01-03T17:14:32.955-0800] {processor.py:914} INFO - Processing file /opt/anaconda3/envs/airflow_env/lib/python3.9/site-packages/airflow/example_dags/example_task_group_decorator.py for tasks to queue
[2025-01-03T17:14:32.956-0800] {logging_mixin.py:190} INFO - [2025-01-03T17:14:32.956-0800] {dagbag.py:588} INFO - Filling up the DagBag from /opt/anaconda3/envs/airflow_env/lib/python3.9/site-packages/airflow/example_dags/example_task_group_decorator.py
[2025-01-03T17:14:33.043-0800] {processor.py:925} INFO - DAG(s) 'example_task_group_decorator' retrieved from /opt/anaconda3/envs/airflow_env/lib/python3.9/site-packages/airflow/example_dags/example_task_group_decorator.py
[2025-01-03T17:14:33.193-0800] {logging_mixin.py:190} INFO - [2025-01-03T17:14:33.192-0800] {dag.py:3239} INFO - Sync 1 DAGs
[2025-01-03T17:14:33.233-0800] {logging_mixin.py:190} INFO - [2025-01-03T17:14:33.233-0800] {dag.py:4180} INFO - Setting next_dagrun for example_task_group_decorator to None, run_after=None
[2025-01-03T17:14:33.256-0800] {processor.py:208} INFO - Processing /opt/anaconda3/envs/airflow_env/lib/python3.9/site-packages/airflow/example_dags/example_task_group_decorator.py took 0.309 seconds
[2025-01-03T17:57:28.375-0800] {processor.py:186} INFO - Started process (PID=60693) to work on /opt/anaconda3/envs/airflow_env/lib/python3.9/site-packages/airflow/example_dags/example_task_group_decorator.py
[2025-01-03T17:57:28.378-0800] {processor.py:914} INFO - Processing file /opt/anaconda3/envs/airflow_env/lib/python3.9/site-packages/airflow/example_dags/example_task_group_decorator.py for tasks to queue
[2025-01-03T17:57:28.381-0800] {logging_mixin.py:190} INFO - [2025-01-03T17:57:28.380-0800] {dagbag.py:588} INFO - Filling up the DagBag from /opt/anaconda3/envs/airflow_env/lib/python3.9/site-packages/airflow/example_dags/example_task_group_decorator.py
[2025-01-03T17:57:28.514-0800] {processor.py:925} INFO - DAG(s) 'example_task_group_decorator' retrieved from /opt/anaconda3/envs/airflow_env/lib/python3.9/site-packages/airflow/example_dags/example_task_group_decorator.py
[2025-01-03T17:57:28.784-0800] {logging_mixin.py:190} INFO - [2025-01-03T17:57:28.783-0800] {dag.py:3239} INFO - Sync 1 DAGs
[2025-01-03T17:57:28.811-0800] {logging_mixin.py:190} INFO - [2025-01-03T17:57:28.810-0800] {dag.py:4180} INFO - Setting next_dagrun for example_task_group_decorator to None, run_after=None
[2025-01-03T17:57:28.859-0800] {processor.py:208} INFO - Processing /opt/anaconda3/envs/airflow_env/lib/python3.9/site-packages/airflow/example_dags/example_task_group_decorator.py took 0.500 seconds
[2025-01-03T19:07:46.569-0800] {processor.py:186} INFO - Started process (PID=62225) to work on /opt/anaconda3/envs/airflow_env/lib/python3.9/site-packages/airflow/example_dags/example_task_group_decorator.py
[2025-01-03T19:07:46.575-0800] {processor.py:914} INFO - Processing file /opt/anaconda3/envs/airflow_env/lib/python3.9/site-packages/airflow/example_dags/example_task_group_decorator.py for tasks to queue
[2025-01-03T19:07:46.578-0800] {logging_mixin.py:190} INFO - [2025-01-03T19:07:46.577-0800] {dagbag.py:588} INFO - Filling up the DagBag from /opt/anaconda3/envs/airflow_env/lib/python3.9/site-packages/airflow/example_dags/example_task_group_decorator.py
[2025-01-03T19:07:46.743-0800] {processor.py:925} INFO - DAG(s) 'example_task_group_decorator' retrieved from /opt/anaconda3/envs/airflow_env/lib/python3.9/site-packages/airflow/example_dags/example_task_group_decorator.py
[2025-01-03T19:07:46.977-0800] {logging_mixin.py:190} INFO - [2025-01-03T19:07:46.977-0800] {dag.py:3239} INFO - Sync 1 DAGs
[2025-01-03T19:07:47.001-0800] {logging_mixin.py:190} INFO - [2025-01-03T19:07:47.001-0800] {dag.py:4180} INFO - Setting next_dagrun for example_task_group_decorator to None, run_after=None
[2025-01-03T19:07:47.040-0800] {processor.py:208} INFO - Processing /opt/anaconda3/envs/airflow_env/lib/python3.9/site-packages/airflow/example_dags/example_task_group_decorator.py took 0.479 seconds
[2025-01-03T19:32:40.430-0800] {processor.py:186} INFO - Started process (PID=64681) to work on /opt/anaconda3/envs/airflow_env/lib/python3.9/site-packages/airflow/example_dags/example_task_group_decorator.py
[2025-01-03T19:32:40.433-0800] {processor.py:914} INFO - Processing file /opt/anaconda3/envs/airflow_env/lib/python3.9/site-packages/airflow/example_dags/example_task_group_decorator.py for tasks to queue
[2025-01-03T19:32:40.436-0800] {logging_mixin.py:190} INFO - [2025-01-03T19:32:40.435-0800] {dagbag.py:588} INFO - Filling up the DagBag from /opt/anaconda3/envs/airflow_env/lib/python3.9/site-packages/airflow/example_dags/example_task_group_decorator.py
[2025-01-03T19:32:40.561-0800] {processor.py:925} INFO - DAG(s) 'example_task_group_decorator' retrieved from /opt/anaconda3/envs/airflow_env/lib/python3.9/site-packages/airflow/example_dags/example_task_group_decorator.py
[2025-01-03T19:32:40.910-0800] {logging_mixin.py:190} INFO - [2025-01-03T19:32:40.908-0800] {dag.py:3239} INFO - Sync 1 DAGs
[2025-01-03T19:32:40.950-0800] {logging_mixin.py:190} INFO - [2025-01-03T19:32:40.949-0800] {dag.py:4180} INFO - Setting next_dagrun for example_task_group_decorator to None, run_after=None
[2025-01-03T19:32:41.195-0800] {processor.py:208} INFO - Processing /opt/anaconda3/envs/airflow_env/lib/python3.9/site-packages/airflow/example_dags/example_task_group_decorator.py took 0.775 seconds
[2025-01-03T19:37:45.959-0800] {processor.py:186} INFO - Started process (PID=64967) to work on /opt/anaconda3/envs/airflow_env/lib/python3.9/site-packages/airflow/example_dags/example_task_group_decorator.py
[2025-01-03T19:37:45.964-0800] {processor.py:914} INFO - Processing file /opt/anaconda3/envs/airflow_env/lib/python3.9/site-packages/airflow/example_dags/example_task_group_decorator.py for tasks to queue
[2025-01-03T19:37:45.967-0800] {logging_mixin.py:190} INFO - [2025-01-03T19:37:45.966-0800] {dagbag.py:588} INFO - Filling up the DagBag from /opt/anaconda3/envs/airflow_env/lib/python3.9/site-packages/airflow/example_dags/example_task_group_decorator.py
[2025-01-03T19:37:46.152-0800] {processor.py:925} INFO - DAG(s) 'example_task_group_decorator' retrieved from /opt/anaconda3/envs/airflow_env/lib/python3.9/site-packages/airflow/example_dags/example_task_group_decorator.py
[2025-01-03T19:37:46.355-0800] {logging_mixin.py:190} INFO - [2025-01-03T19:37:46.354-0800] {dag.py:3239} INFO - Sync 1 DAGs
[2025-01-03T19:37:46.380-0800] {logging_mixin.py:190} INFO - [2025-01-03T19:37:46.379-0800] {dag.py:4180} INFO - Setting next_dagrun for example_task_group_decorator to None, run_after=None
[2025-01-03T19:37:46.430-0800] {processor.py:208} INFO - Processing /opt/anaconda3/envs/airflow_env/lib/python3.9/site-packages/airflow/example_dags/example_task_group_decorator.py took 0.478 seconds
[2025-01-03T19:42:27.774-0800] {processor.py:186} INFO - Started process (PID=65243) to work on /opt/anaconda3/envs/airflow_env/lib/python3.9/site-packages/airflow/example_dags/example_task_group_decorator.py
[2025-01-03T19:42:27.777-0800] {processor.py:914} INFO - Processing file /opt/anaconda3/envs/airflow_env/lib/python3.9/site-packages/airflow/example_dags/example_task_group_decorator.py for tasks to queue
[2025-01-03T19:42:27.779-0800] {logging_mixin.py:190} INFO - [2025-01-03T19:42:27.779-0800] {dagbag.py:588} INFO - Filling up the DagBag from /opt/anaconda3/envs/airflow_env/lib/python3.9/site-packages/airflow/example_dags/example_task_group_decorator.py
[2025-01-03T19:42:27.919-0800] {processor.py:925} INFO - DAG(s) 'example_task_group_decorator' retrieved from /opt/anaconda3/envs/airflow_env/lib/python3.9/site-packages/airflow/example_dags/example_task_group_decorator.py
[2025-01-03T19:42:28.291-0800] {logging_mixin.py:190} INFO - [2025-01-03T19:42:28.290-0800] {dag.py:3239} INFO - Sync 1 DAGs
[2025-01-03T19:42:28.321-0800] {logging_mixin.py:190} INFO - [2025-01-03T19:42:28.319-0800] {dag.py:4180} INFO - Setting next_dagrun for example_task_group_decorator to None, run_after=None
[2025-01-03T19:42:28.369-0800] {processor.py:208} INFO - Processing /opt/anaconda3/envs/airflow_env/lib/python3.9/site-packages/airflow/example_dags/example_task_group_decorator.py took 0.602 seconds
