[2025-01-03T17:15:54.924-0800] {processor.py:186} INFO - Started process (PID=57057) to work on /opt/anaconda3/envs/airflow_env/lib/python3.9/site-packages/airflow/example_dags/example_latest_only.py
[2025-01-03T17:15:54.925-0800] {processor.py:914} INFO - Processing file /opt/anaconda3/envs/airflow_env/lib/python3.9/site-packages/airflow/example_dags/example_latest_only.py for tasks to queue
[2025-01-03T17:15:54.927-0800] {logging_mixin.py:190} INFO - [2025-01-03T17:15:54.926-0800] {dagbag.py:588} INFO - Filling up the DagBag from /opt/anaconda3/envs/airflow_env/lib/python3.9/site-packages/airflow/example_dags/example_latest_only.py
[2025-01-03T17:15:54.940-0800] {processor.py:925} INFO - DAG(s) 'latest_only' retrieved from /opt/anaconda3/envs/airflow_env/lib/python3.9/site-packages/airflow/example_dags/example_latest_only.py
[2025-01-03T17:15:55.083-0800] {logging_mixin.py:190} INFO - [2025-01-03T17:15:55.082-0800] {dag.py:3239} INFO - Sync 1 DAGs
[2025-01-03T17:15:55.118-0800] {logging_mixin.py:190} INFO - [2025-01-03T17:15:55.117-0800] {dag.py:4180} INFO - Setting next_dagrun for latest_only to 2025-01-03 20:00:00+00:00, run_after=2025-01-04 00:00:00+00:00
[2025-01-03T17:15:55.142-0800] {processor.py:208} INFO - Processing /opt/anaconda3/envs/airflow_env/lib/python3.9/site-packages/airflow/example_dags/example_latest_only.py took 0.224 seconds
[2025-01-03T19:09:25.380-0800] {processor.py:186} INFO - Started process (PID=62324) to work on /opt/anaconda3/envs/airflow_env/lib/python3.9/site-packages/airflow/example_dags/example_latest_only.py
[2025-01-03T19:09:25.386-0800] {processor.py:914} INFO - Processing file /opt/anaconda3/envs/airflow_env/lib/python3.9/site-packages/airflow/example_dags/example_latest_only.py for tasks to queue
[2025-01-03T19:09:25.388-0800] {logging_mixin.py:190} INFO - [2025-01-03T19:09:25.388-0800] {dagbag.py:588} INFO - Filling up the DagBag from /opt/anaconda3/envs/airflow_env/lib/python3.9/site-packages/airflow/example_dags/example_latest_only.py
[2025-01-03T19:09:25.418-0800] {processor.py:925} INFO - DAG(s) 'latest_only' retrieved from /opt/anaconda3/envs/airflow_env/lib/python3.9/site-packages/airflow/example_dags/example_latest_only.py
[2025-01-03T19:09:26.090-0800] {logging_mixin.py:190} INFO - [2025-01-03T19:09:26.088-0800] {dag.py:3239} INFO - Sync 1 DAGs
[2025-01-03T19:09:26.165-0800] {logging_mixin.py:190} INFO - [2025-01-03T19:09:26.164-0800] {dag.py:4180} INFO - Setting next_dagrun for latest_only to 2025-01-03 20:00:00+00:00, run_after=2025-01-04 00:00:00+00:00
[2025-01-03T19:09:26.396-0800] {processor.py:208} INFO - Processing /opt/anaconda3/envs/airflow_env/lib/python3.9/site-packages/airflow/example_dags/example_latest_only.py took 1.034 seconds
[2025-01-03T19:34:22.336-0800] {processor.py:186} INFO - Started process (PID=64773) to work on /opt/anaconda3/envs/airflow_env/lib/python3.9/site-packages/airflow/example_dags/example_latest_only.py
[2025-01-03T19:34:22.340-0800] {processor.py:914} INFO - Processing file /opt/anaconda3/envs/airflow_env/lib/python3.9/site-packages/airflow/example_dags/example_latest_only.py for tasks to queue
[2025-01-03T19:34:22.342-0800] {logging_mixin.py:190} INFO - [2025-01-03T19:34:22.341-0800] {dagbag.py:588} INFO - Filling up the DagBag from /opt/anaconda3/envs/airflow_env/lib/python3.9/site-packages/airflow/example_dags/example_latest_only.py
[2025-01-03T19:34:22.368-0800] {processor.py:925} INFO - DAG(s) 'latest_only' retrieved from /opt/anaconda3/envs/airflow_env/lib/python3.9/site-packages/airflow/example_dags/example_latest_only.py
[2025-01-03T19:34:22.559-0800] {logging_mixin.py:190} INFO - [2025-01-03T19:34:22.558-0800] {dag.py:3239} INFO - Sync 1 DAGs
[2025-01-03T19:34:22.596-0800] {logging_mixin.py:190} INFO - [2025-01-03T19:34:22.596-0800] {dag.py:4180} INFO - Setting next_dagrun for latest_only to 2025-01-03 20:00:00+00:00, run_after=2025-01-04 00:00:00+00:00
[2025-01-03T19:34:22.632-0800] {processor.py:208} INFO - Processing /opt/anaconda3/envs/airflow_env/lib/python3.9/site-packages/airflow/example_dags/example_latest_only.py took 0.301 seconds
[2025-01-03T19:39:22.901-0800] {processor.py:186} INFO - Started process (PID=65041) to work on /opt/anaconda3/envs/airflow_env/lib/python3.9/site-packages/airflow/example_dags/example_latest_only.py
[2025-01-03T19:39:22.905-0800] {processor.py:914} INFO - Processing file /opt/anaconda3/envs/airflow_env/lib/python3.9/site-packages/airflow/example_dags/example_latest_only.py for tasks to queue
[2025-01-03T19:39:22.908-0800] {logging_mixin.py:190} INFO - [2025-01-03T19:39:22.907-0800] {dagbag.py:588} INFO - Filling up the DagBag from /opt/anaconda3/envs/airflow_env/lib/python3.9/site-packages/airflow/example_dags/example_latest_only.py
[2025-01-03T19:39:23.080-0800] {processor.py:925} INFO - DAG(s) 'latest_only' retrieved from /opt/anaconda3/envs/airflow_env/lib/python3.9/site-packages/airflow/example_dags/example_latest_only.py
[2025-01-03T19:39:23.549-0800] {logging_mixin.py:190} INFO - [2025-01-03T19:39:23.548-0800] {dag.py:3239} INFO - Sync 1 DAGs
[2025-01-03T19:39:23.651-0800] {logging_mixin.py:190} INFO - [2025-01-03T19:39:23.650-0800] {dag.py:4180} INFO - Setting next_dagrun for latest_only to 2025-01-03 20:00:00+00:00, run_after=2025-01-04 00:00:00+00:00
[2025-01-03T19:39:23.697-0800] {processor.py:208} INFO - Processing /opt/anaconda3/envs/airflow_env/lib/python3.9/site-packages/airflow/example_dags/example_latest_only.py took 0.807 seconds
