[2025-01-03T17:17:07.187-0800] {processor.py:186} INFO - Started process (PID=57127) to work on /opt/anaconda3/envs/airflow_env/lib/python3.9/site-packages/airflow/example_dags/example_branch_datetime_operator.py
[2025-01-03T17:17:07.190-0800] {processor.py:914} INFO - Processing file /opt/anaconda3/envs/airflow_env/lib/python3.9/site-packages/airflow/example_dags/example_branch_datetime_operator.py for tasks to queue
[2025-01-03T17:17:07.193-0800] {logging_mixin.py:190} INFO - [2025-01-03T17:17:07.193-0800] {dagbag.py:588} INFO - Filling up the DagBag from /opt/anaconda3/envs/airflow_env/lib/python3.9/site-packages/airflow/example_dags/example_branch_datetime_operator.py
[2025-01-03T17:17:07.215-0800] {processor.py:925} INFO - DAG(s) 'example_branch_datetime_operator_3', 'example_branch_datetime_operator', 'example_branch_datetime_operator_2' retrieved from /opt/anaconda3/envs/airflow_env/lib/python3.9/site-packages/airflow/example_dags/example_branch_datetime_operator.py
[2025-01-03T17:17:07.367-0800] {logging_mixin.py:190} INFO - [2025-01-03T17:17:07.367-0800] {dag.py:3239} INFO - Sync 3 DAGs
[2025-01-03T17:17:07.390-0800] {logging_mixin.py:190} INFO - [2025-01-03T17:17:07.390-0800] {dag.py:4180} INFO - Setting next_dagrun for example_branch_datetime_operator to 2025-01-03 00:00:00+00:00, run_after=2025-01-04 00:00:00+00:00
[2025-01-03T17:17:07.396-0800] {logging_mixin.py:190} INFO - [2025-01-03T17:17:07.395-0800] {dag.py:4180} INFO - Setting next_dagrun for example_branch_datetime_operator_2 to 2025-01-03 00:00:00+00:00, run_after=2025-01-04 00:00:00+00:00
[2025-01-03T17:17:07.399-0800] {logging_mixin.py:190} INFO - [2025-01-03T17:17:07.398-0800] {dag.py:4180} INFO - Setting next_dagrun for example_branch_datetime_operator_3 to 2025-01-03 00:00:00+00:00, run_after=2025-01-04 00:00:00+00:00
[2025-01-03T17:17:07.421-0800] {processor.py:208} INFO - Processing /opt/anaconda3/envs/airflow_env/lib/python3.9/site-packages/airflow/example_dags/example_branch_datetime_operator.py took 0.238 seconds
[2025-01-03T19:10:53.983-0800] {processor.py:186} INFO - Started process (PID=62586) to work on /opt/anaconda3/envs/airflow_env/lib/python3.9/site-packages/airflow/example_dags/example_branch_datetime_operator.py
[2025-01-03T19:10:53.985-0800] {processor.py:914} INFO - Processing file /opt/anaconda3/envs/airflow_env/lib/python3.9/site-packages/airflow/example_dags/example_branch_datetime_operator.py for tasks to queue
[2025-01-03T19:10:53.986-0800] {logging_mixin.py:190} INFO - [2025-01-03T19:10:53.986-0800] {dagbag.py:588} INFO - Filling up the DagBag from /opt/anaconda3/envs/airflow_env/lib/python3.9/site-packages/airflow/example_dags/example_branch_datetime_operator.py
[2025-01-03T19:10:54.006-0800] {processor.py:925} INFO - DAG(s) 'example_branch_datetime_operator', 'example_branch_datetime_operator_3', 'example_branch_datetime_operator_2' retrieved from /opt/anaconda3/envs/airflow_env/lib/python3.9/site-packages/airflow/example_dags/example_branch_datetime_operator.py
[2025-01-03T19:10:54.191-0800] {logging_mixin.py:190} INFO - [2025-01-03T19:10:54.190-0800] {dag.py:3239} INFO - Sync 3 DAGs
[2025-01-03T19:10:54.222-0800] {logging_mixin.py:190} INFO - [2025-01-03T19:10:54.222-0800] {dag.py:4180} INFO - Setting next_dagrun for example_branch_datetime_operator to 2025-01-03 00:00:00+00:00, run_after=2025-01-04 00:00:00+00:00
[2025-01-03T19:10:54.229-0800] {logging_mixin.py:190} INFO - [2025-01-03T19:10:54.228-0800] {dag.py:4180} INFO - Setting next_dagrun for example_branch_datetime_operator_2 to 2025-01-03 00:00:00+00:00, run_after=2025-01-04 00:00:00+00:00
[2025-01-03T19:10:54.233-0800] {logging_mixin.py:190} INFO - [2025-01-03T19:10:54.233-0800] {dag.py:4180} INFO - Setting next_dagrun for example_branch_datetime_operator_3 to 2025-01-03 00:00:00+00:00, run_after=2025-01-04 00:00:00+00:00
[2025-01-03T19:10:54.259-0800] {processor.py:208} INFO - Processing /opt/anaconda3/envs/airflow_env/lib/python3.9/site-packages/airflow/example_dags/example_branch_datetime_operator.py took 0.284 seconds
[2025-01-03T19:35:52.854-0800] {processor.py:186} INFO - Started process (PID=64832) to work on /opt/anaconda3/envs/airflow_env/lib/python3.9/site-packages/airflow/example_dags/example_branch_datetime_operator.py
[2025-01-03T19:35:52.863-0800] {processor.py:914} INFO - Processing file /opt/anaconda3/envs/airflow_env/lib/python3.9/site-packages/airflow/example_dags/example_branch_datetime_operator.py for tasks to queue
[2025-01-03T19:35:52.865-0800] {logging_mixin.py:190} INFO - [2025-01-03T19:35:52.864-0800] {dagbag.py:588} INFO - Filling up the DagBag from /opt/anaconda3/envs/airflow_env/lib/python3.9/site-packages/airflow/example_dags/example_branch_datetime_operator.py
[2025-01-03T19:35:52.914-0800] {processor.py:925} INFO - DAG(s) 'example_branch_datetime_operator_2', 'example_branch_datetime_operator', 'example_branch_datetime_operator_3' retrieved from /opt/anaconda3/envs/airflow_env/lib/python3.9/site-packages/airflow/example_dags/example_branch_datetime_operator.py
[2025-01-03T19:35:53.140-0800] {logging_mixin.py:190} INFO - [2025-01-03T19:35:53.140-0800] {dag.py:3239} INFO - Sync 3 DAGs
[2025-01-03T19:35:53.170-0800] {logging_mixin.py:190} INFO - [2025-01-03T19:35:53.170-0800] {dag.py:4180} INFO - Setting next_dagrun for example_branch_datetime_operator to 2025-01-03 00:00:00+00:00, run_after=2025-01-04 00:00:00+00:00
[2025-01-03T19:35:53.180-0800] {logging_mixin.py:190} INFO - [2025-01-03T19:35:53.179-0800] {dag.py:4180} INFO - Setting next_dagrun for example_branch_datetime_operator_2 to 2025-01-03 00:00:00+00:00, run_after=2025-01-04 00:00:00+00:00
[2025-01-03T19:35:53.184-0800] {logging_mixin.py:190} INFO - [2025-01-03T19:35:53.184-0800] {dag.py:4180} INFO - Setting next_dagrun for example_branch_datetime_operator_3 to 2025-01-03 00:00:00+00:00, run_after=2025-01-04 00:00:00+00:00
[2025-01-03T19:35:53.215-0800] {processor.py:208} INFO - Processing /opt/anaconda3/envs/airflow_env/lib/python3.9/site-packages/airflow/example_dags/example_branch_datetime_operator.py took 0.373 seconds
