[2025-01-03T17:15:05.833-0800] {processor.py:186} INFO - Started process (PID=56976) to work on /opt/anaconda3/envs/airflow_env/lib/python3.9/site-packages/airflow/example_dags/example_setup_teardown.py
[2025-01-03T17:15:05.834-0800] {processor.py:914} INFO - Processing file /opt/anaconda3/envs/airflow_env/lib/python3.9/site-packages/airflow/example_dags/example_setup_teardown.py for tasks to queue
[2025-01-03T17:15:05.835-0800] {logging_mixin.py:190} INFO - [2025-01-03T17:15:05.835-0800] {dagbag.py:588} INFO - Filling up the DagBag from /opt/anaconda3/envs/airflow_env/lib/python3.9/site-packages/airflow/example_dags/example_setup_teardown.py
[2025-01-03T17:15:05.848-0800] {processor.py:925} INFO - DAG(s) 'example_setup_teardown' retrieved from /opt/anaconda3/envs/airflow_env/lib/python3.9/site-packages/airflow/example_dags/example_setup_teardown.py
[2025-01-03T17:15:05.975-0800] {logging_mixin.py:190} INFO - [2025-01-03T17:15:05.975-0800] {dag.py:3239} INFO - Sync 1 DAGs
[2025-01-03T17:15:05.988-0800] {logging_mixin.py:190} INFO - [2025-01-03T17:15:05.988-0800] {dag.py:4180} INFO - Setting next_dagrun for example_setup_teardown to None, run_after=None
[2025-01-03T17:15:06.011-0800] {processor.py:208} INFO - Processing /opt/anaconda3/envs/airflow_env/lib/python3.9/site-packages/airflow/example_dags/example_setup_teardown.py took 0.183 seconds
[2025-01-03T19:08:24.379-0800] {processor.py:186} INFO - Started process (PID=62285) to work on /opt/anaconda3/envs/airflow_env/lib/python3.9/site-packages/airflow/example_dags/example_setup_teardown.py
[2025-01-03T19:08:24.381-0800] {processor.py:914} INFO - Processing file /opt/anaconda3/envs/airflow_env/lib/python3.9/site-packages/airflow/example_dags/example_setup_teardown.py for tasks to queue
[2025-01-03T19:08:24.382-0800] {logging_mixin.py:190} INFO - [2025-01-03T19:08:24.382-0800] {dagbag.py:588} INFO - Filling up the DagBag from /opt/anaconda3/envs/airflow_env/lib/python3.9/site-packages/airflow/example_dags/example_setup_teardown.py
[2025-01-03T19:08:24.395-0800] {processor.py:925} INFO - DAG(s) 'example_setup_teardown' retrieved from /opt/anaconda3/envs/airflow_env/lib/python3.9/site-packages/airflow/example_dags/example_setup_teardown.py
[2025-01-03T19:08:24.584-0800] {logging_mixin.py:190} INFO - [2025-01-03T19:08:24.584-0800] {dag.py:3239} INFO - Sync 1 DAGs
[2025-01-03T19:08:24.601-0800] {logging_mixin.py:190} INFO - [2025-01-03T19:08:24.601-0800] {dag.py:4180} INFO - Setting next_dagrun for example_setup_teardown to None, run_after=None
[2025-01-03T19:08:24.632-0800] {processor.py:208} INFO - Processing /opt/anaconda3/envs/airflow_env/lib/python3.9/site-packages/airflow/example_dags/example_setup_teardown.py took 0.259 seconds
[2025-01-03T19:33:24.136-0800] {processor.py:186} INFO - Started process (PID=64745) to work on /opt/anaconda3/envs/airflow_env/lib/python3.9/site-packages/airflow/example_dags/example_setup_teardown.py
[2025-01-03T19:33:24.138-0800] {processor.py:914} INFO - Processing file /opt/anaconda3/envs/airflow_env/lib/python3.9/site-packages/airflow/example_dags/example_setup_teardown.py for tasks to queue
[2025-01-03T19:33:24.140-0800] {logging_mixin.py:190} INFO - [2025-01-03T19:33:24.140-0800] {dagbag.py:588} INFO - Filling up the DagBag from /opt/anaconda3/envs/airflow_env/lib/python3.9/site-packages/airflow/example_dags/example_setup_teardown.py
[2025-01-03T19:33:24.152-0800] {processor.py:925} INFO - DAG(s) 'example_setup_teardown' retrieved from /opt/anaconda3/envs/airflow_env/lib/python3.9/site-packages/airflow/example_dags/example_setup_teardown.py
[2025-01-03T19:33:24.348-0800] {logging_mixin.py:190} INFO - [2025-01-03T19:33:24.347-0800] {dag.py:3239} INFO - Sync 1 DAGs
[2025-01-03T19:33:24.367-0800] {logging_mixin.py:190} INFO - [2025-01-03T19:33:24.367-0800] {dag.py:4180} INFO - Setting next_dagrun for example_setup_teardown to None, run_after=None
[2025-01-03T19:33:24.394-0800] {processor.py:208} INFO - Processing /opt/anaconda3/envs/airflow_env/lib/python3.9/site-packages/airflow/example_dags/example_setup_teardown.py took 0.264 seconds
[2025-01-03T19:38:28.366-0800] {processor.py:186} INFO - Started process (PID=65008) to work on /opt/anaconda3/envs/airflow_env/lib/python3.9/site-packages/airflow/example_dags/example_setup_teardown.py
[2025-01-03T19:38:28.374-0800] {processor.py:914} INFO - Processing file /opt/anaconda3/envs/airflow_env/lib/python3.9/site-packages/airflow/example_dags/example_setup_teardown.py for tasks to queue
[2025-01-03T19:38:28.377-0800] {logging_mixin.py:190} INFO - [2025-01-03T19:38:28.375-0800] {dagbag.py:588} INFO - Filling up the DagBag from /opt/anaconda3/envs/airflow_env/lib/python3.9/site-packages/airflow/example_dags/example_setup_teardown.py
[2025-01-03T19:38:28.408-0800] {processor.py:925} INFO - DAG(s) 'example_setup_teardown' retrieved from /opt/anaconda3/envs/airflow_env/lib/python3.9/site-packages/airflow/example_dags/example_setup_teardown.py
[2025-01-03T19:38:28.695-0800] {logging_mixin.py:190} INFO - [2025-01-03T19:38:28.695-0800] {dag.py:3239} INFO - Sync 1 DAGs
[2025-01-03T19:38:28.723-0800] {logging_mixin.py:190} INFO - [2025-01-03T19:38:28.722-0800] {dag.py:4180} INFO - Setting next_dagrun for example_setup_teardown to None, run_after=None
[2025-01-03T19:38:28.780-0800] {processor.py:208} INFO - Processing /opt/anaconda3/envs/airflow_env/lib/python3.9/site-packages/airflow/example_dags/example_setup_teardown.py took 0.428 seconds
[2025-01-03T19:43:13.146-0800] {processor.py:186} INFO - Started process (PID=65297) to work on /opt/anaconda3/envs/airflow_env/lib/python3.9/site-packages/airflow/example_dags/example_setup_teardown.py
[2025-01-03T19:43:13.149-0800] {processor.py:914} INFO - Processing file /opt/anaconda3/envs/airflow_env/lib/python3.9/site-packages/airflow/example_dags/example_setup_teardown.py for tasks to queue
[2025-01-03T19:43:13.150-0800] {logging_mixin.py:190} INFO - [2025-01-03T19:43:13.150-0800] {dagbag.py:588} INFO - Filling up the DagBag from /opt/anaconda3/envs/airflow_env/lib/python3.9/site-packages/airflow/example_dags/example_setup_teardown.py
[2025-01-03T19:43:13.167-0800] {processor.py:925} INFO - DAG(s) 'example_setup_teardown' retrieved from /opt/anaconda3/envs/airflow_env/lib/python3.9/site-packages/airflow/example_dags/example_setup_teardown.py
[2025-01-03T19:43:13.377-0800] {logging_mixin.py:190} INFO - [2025-01-03T19:43:13.377-0800] {dag.py:3239} INFO - Sync 1 DAGs
[2025-01-03T19:43:13.390-0800] {logging_mixin.py:190} INFO - [2025-01-03T19:43:13.390-0800] {dag.py:4180} INFO - Setting next_dagrun for example_setup_teardown to None, run_after=None
[2025-01-03T19:43:13.424-0800] {processor.py:208} INFO - Processing /opt/anaconda3/envs/airflow_env/lib/python3.9/site-packages/airflow/example_dags/example_setup_teardown.py took 0.282 seconds
