[2025-01-03T17:17:03.257-0800] {processor.py:186} INFO - Started process (PID=57125) to work on /opt/anaconda3/envs/airflow_env/lib/python3.9/site-packages/airflow/example_dags/example_branch_day_of_week_operator.py
[2025-01-03T17:17:03.259-0800] {processor.py:914} INFO - Processing file /opt/anaconda3/envs/airflow_env/lib/python3.9/site-packages/airflow/example_dags/example_branch_day_of_week_operator.py for tasks to queue
[2025-01-03T17:17:03.260-0800] {logging_mixin.py:190} INFO - [2025-01-03T17:17:03.260-0800] {dagbag.py:588} INFO - Filling up the DagBag from /opt/anaconda3/envs/airflow_env/lib/python3.9/site-packages/airflow/example_dags/example_branch_day_of_week_operator.py
[2025-01-03T17:17:03.276-0800] {processor.py:925} INFO - DAG(s) 'example_weekday_branch_operator' retrieved from /opt/anaconda3/envs/airflow_env/lib/python3.9/site-packages/airflow/example_dags/example_branch_day_of_week_operator.py
[2025-01-03T17:17:03.403-0800] {logging_mixin.py:190} INFO - [2025-01-03T17:17:03.403-0800] {dag.py:3239} INFO - Sync 1 DAGs
[2025-01-03T17:17:03.425-0800] {logging_mixin.py:190} INFO - [2025-01-03T17:17:03.424-0800] {dag.py:4180} INFO - Setting next_dagrun for example_weekday_branch_operator to 2025-01-03 00:00:00+00:00, run_after=2025-01-04 00:00:00+00:00
[2025-01-03T17:17:03.447-0800] {processor.py:208} INFO - Processing /opt/anaconda3/envs/airflow_env/lib/python3.9/site-packages/airflow/example_dags/example_branch_day_of_week_operator.py took 0.195 seconds
[2025-01-03T19:10:49.579-0800] {processor.py:186} INFO - Started process (PID=62581) to work on /opt/anaconda3/envs/airflow_env/lib/python3.9/site-packages/airflow/example_dags/example_branch_day_of_week_operator.py
[2025-01-03T19:10:49.582-0800] {processor.py:914} INFO - Processing file /opt/anaconda3/envs/airflow_env/lib/python3.9/site-packages/airflow/example_dags/example_branch_day_of_week_operator.py for tasks to queue
[2025-01-03T19:10:49.584-0800] {logging_mixin.py:190} INFO - [2025-01-03T19:10:49.584-0800] {dagbag.py:588} INFO - Filling up the DagBag from /opt/anaconda3/envs/airflow_env/lib/python3.9/site-packages/airflow/example_dags/example_branch_day_of_week_operator.py
[2025-01-03T19:10:49.605-0800] {processor.py:925} INFO - DAG(s) 'example_weekday_branch_operator' retrieved from /opt/anaconda3/envs/airflow_env/lib/python3.9/site-packages/airflow/example_dags/example_branch_day_of_week_operator.py
[2025-01-03T19:10:49.812-0800] {logging_mixin.py:190} INFO - [2025-01-03T19:10:49.812-0800] {dag.py:3239} INFO - Sync 1 DAGs
[2025-01-03T19:10:49.843-0800] {logging_mixin.py:190} INFO - [2025-01-03T19:10:49.843-0800] {dag.py:4180} INFO - Setting next_dagrun for example_weekday_branch_operator to 2025-01-03 00:00:00+00:00, run_after=2025-01-04 00:00:00+00:00
[2025-01-03T19:10:49.874-0800] {processor.py:208} INFO - Processing /opt/anaconda3/envs/airflow_env/lib/python3.9/site-packages/airflow/example_dags/example_branch_day_of_week_operator.py took 0.300 seconds
[2025-01-03T19:35:45.638-0800] {processor.py:186} INFO - Started process (PID=64825) to work on /opt/anaconda3/envs/airflow_env/lib/python3.9/site-packages/airflow/example_dags/example_branch_day_of_week_operator.py
[2025-01-03T19:35:45.667-0800] {processor.py:914} INFO - Processing file /opt/anaconda3/envs/airflow_env/lib/python3.9/site-packages/airflow/example_dags/example_branch_day_of_week_operator.py for tasks to queue
[2025-01-03T19:35:45.675-0800] {logging_mixin.py:190} INFO - [2025-01-03T19:35:45.672-0800] {dagbag.py:588} INFO - Filling up the DagBag from /opt/anaconda3/envs/airflow_env/lib/python3.9/site-packages/airflow/example_dags/example_branch_day_of_week_operator.py
[2025-01-03T19:35:45.742-0800] {processor.py:925} INFO - DAG(s) 'example_weekday_branch_operator' retrieved from /opt/anaconda3/envs/airflow_env/lib/python3.9/site-packages/airflow/example_dags/example_branch_day_of_week_operator.py
[2025-01-03T19:35:46.102-0800] {logging_mixin.py:190} INFO - [2025-01-03T19:35:46.102-0800] {dag.py:3239} INFO - Sync 1 DAGs
[2025-01-03T19:35:46.154-0800] {logging_mixin.py:190} INFO - [2025-01-03T19:35:46.154-0800] {dag.py:4180} INFO - Setting next_dagrun for example_weekday_branch_operator to 2025-01-03 00:00:00+00:00, run_after=2025-01-04 00:00:00+00:00
[2025-01-03T19:35:46.198-0800] {processor.py:208} INFO - Processing /opt/anaconda3/envs/airflow_env/lib/python3.9/site-packages/airflow/example_dags/example_branch_day_of_week_operator.py took 0.612 seconds
