[2025-01-03T17:16:45.218-0800] {processor.py:186} INFO - Started process (PID=57115) to work on /opt/anaconda3/envs/airflow_env/lib/python3.9/site-packages/airflow/example_dags/example_complex.py
[2025-01-03T17:16:45.220-0800] {processor.py:914} INFO - Processing file /opt/anaconda3/envs/airflow_env/lib/python3.9/site-packages/airflow/example_dags/example_complex.py for tasks to queue
[2025-01-03T17:16:45.222-0800] {logging_mixin.py:190} INFO - [2025-01-03T17:16:45.222-0800] {dagbag.py:588} INFO - Filling up the DagBag from /opt/anaconda3/envs/airflow_env/lib/python3.9/site-packages/airflow/example_dags/example_complex.py
[2025-01-03T17:16:45.244-0800] {processor.py:925} INFO - DAG(s) 'example_complex' retrieved from /opt/anaconda3/envs/airflow_env/lib/python3.9/site-packages/airflow/example_dags/example_complex.py
[2025-01-03T17:16:45.387-0800] {logging_mixin.py:190} INFO - [2025-01-03T17:16:45.387-0800] {dag.py:3239} INFO - Sync 1 DAGs
[2025-01-03T17:16:45.399-0800] {logging_mixin.py:190} INFO - [2025-01-03T17:16:45.399-0800] {dag.py:4180} INFO - Setting next_dagrun for example_complex to None, run_after=None
[2025-01-03T17:16:45.422-0800] {processor.py:208} INFO - Processing /opt/anaconda3/envs/airflow_env/lib/python3.9/site-packages/airflow/example_dags/example_complex.py took 0.210 seconds
[2025-01-03T19:10:20.072-0800] {processor.py:186} INFO - Started process (PID=62464) to work on /opt/anaconda3/envs/airflow_env/lib/python3.9/site-packages/airflow/example_dags/example_complex.py
[2025-01-03T19:10:20.076-0800] {processor.py:914} INFO - Processing file /opt/anaconda3/envs/airflow_env/lib/python3.9/site-packages/airflow/example_dags/example_complex.py for tasks to queue
[2025-01-03T19:10:20.079-0800] {logging_mixin.py:190} INFO - [2025-01-03T19:10:20.078-0800] {dagbag.py:588} INFO - Filling up the DagBag from /opt/anaconda3/envs/airflow_env/lib/python3.9/site-packages/airflow/example_dags/example_complex.py
[2025-01-03T19:10:20.098-0800] {processor.py:925} INFO - DAG(s) 'example_complex' retrieved from /opt/anaconda3/envs/airflow_env/lib/python3.9/site-packages/airflow/example_dags/example_complex.py
[2025-01-03T19:10:20.311-0800] {logging_mixin.py:190} INFO - [2025-01-03T19:10:20.310-0800] {dag.py:3239} INFO - Sync 1 DAGs
[2025-01-03T19:10:20.324-0800] {logging_mixin.py:190} INFO - [2025-01-03T19:10:20.324-0800] {dag.py:4180} INFO - Setting next_dagrun for example_complex to None, run_after=None
[2025-01-03T19:10:20.354-0800] {processor.py:208} INFO - Processing /opt/anaconda3/envs/airflow_env/lib/python3.9/site-packages/airflow/example_dags/example_complex.py took 0.288 seconds
[2025-01-03T19:35:15.049-0800] {processor.py:186} INFO - Started process (PID=64806) to work on /opt/anaconda3/envs/airflow_env/lib/python3.9/site-packages/airflow/example_dags/example_complex.py
[2025-01-03T19:35:15.053-0800] {processor.py:914} INFO - Processing file /opt/anaconda3/envs/airflow_env/lib/python3.9/site-packages/airflow/example_dags/example_complex.py for tasks to queue
[2025-01-03T19:35:15.056-0800] {logging_mixin.py:190} INFO - [2025-01-03T19:35:15.055-0800] {dagbag.py:588} INFO - Filling up the DagBag from /opt/anaconda3/envs/airflow_env/lib/python3.9/site-packages/airflow/example_dags/example_complex.py
[2025-01-03T19:35:15.079-0800] {processor.py:925} INFO - DAG(s) 'example_complex' retrieved from /opt/anaconda3/envs/airflow_env/lib/python3.9/site-packages/airflow/example_dags/example_complex.py
[2025-01-03T19:35:15.262-0800] {logging_mixin.py:190} INFO - [2025-01-03T19:35:15.262-0800] {dag.py:3239} INFO - Sync 1 DAGs
[2025-01-03T19:35:15.287-0800] {logging_mixin.py:190} INFO - [2025-01-03T19:35:15.286-0800] {dag.py:4180} INFO - Setting next_dagrun for example_complex to None, run_after=None
[2025-01-03T19:35:15.319-0800] {processor.py:208} INFO - Processing /opt/anaconda3/envs/airflow_env/lib/python3.9/site-packages/airflow/example_dags/example_complex.py took 0.275 seconds
[2025-01-03T19:40:21.581-0800] {processor.py:186} INFO - Started process (PID=65093) to work on /opt/anaconda3/envs/airflow_env/lib/python3.9/site-packages/airflow/example_dags/example_complex.py
[2025-01-03T19:40:21.583-0800] {processor.py:914} INFO - Processing file /opt/anaconda3/envs/airflow_env/lib/python3.9/site-packages/airflow/example_dags/example_complex.py for tasks to queue
[2025-01-03T19:40:21.585-0800] {logging_mixin.py:190} INFO - [2025-01-03T19:40:21.584-0800] {dagbag.py:588} INFO - Filling up the DagBag from /opt/anaconda3/envs/airflow_env/lib/python3.9/site-packages/airflow/example_dags/example_complex.py
[2025-01-03T19:40:21.603-0800] {processor.py:925} INFO - DAG(s) 'example_complex' retrieved from /opt/anaconda3/envs/airflow_env/lib/python3.9/site-packages/airflow/example_dags/example_complex.py
[2025-01-03T19:40:21.758-0800] {logging_mixin.py:190} INFO - [2025-01-03T19:40:21.758-0800] {dag.py:3239} INFO - Sync 1 DAGs
[2025-01-03T19:40:21.772-0800] {logging_mixin.py:190} INFO - [2025-01-03T19:40:21.771-0800] {dag.py:4180} INFO - Setting next_dagrun for example_complex to None, run_after=None
[2025-01-03T19:40:21.796-0800] {processor.py:208} INFO - Processing /opt/anaconda3/envs/airflow_env/lib/python3.9/site-packages/airflow/example_dags/example_complex.py took 0.220 seconds
