[2025-01-03T17:13:40.159-0800] {processor.py:186} INFO - Started process (PID=56850) to work on /opt/anaconda3/envs/airflow_env/lib/python3.9/site-packages/airflow/example_dags/tutorial_taskflow_templates.py
[2025-01-03T17:13:40.160-0800] {processor.py:914} INFO - Processing file /opt/anaconda3/envs/airflow_env/lib/python3.9/site-packages/airflow/example_dags/tutorial_taskflow_templates.py for tasks to queue
[2025-01-03T17:13:40.161-0800] {logging_mixin.py:190} INFO - [2025-01-03T17:13:40.161-0800] {dagbag.py:588} INFO - Filling up the DagBag from /opt/anaconda3/envs/airflow_env/lib/python3.9/site-packages/airflow/example_dags/tutorial_taskflow_templates.py
[2025-01-03T17:13:40.204-0800] {processor.py:925} INFO - DAG(s) 'tutorial_taskflow_templates' retrieved from /opt/anaconda3/envs/airflow_env/lib/python3.9/site-packages/airflow/example_dags/tutorial_taskflow_templates.py
[2025-01-03T17:13:40.330-0800] {logging_mixin.py:190} INFO - [2025-01-03T17:13:40.330-0800] {dag.py:3239} INFO - Sync 1 DAGs
[2025-01-03T17:13:40.354-0800] {logging_mixin.py:190} INFO - [2025-01-03T17:13:40.353-0800] {dag.py:4180} INFO - Setting next_dagrun for tutorial_taskflow_templates to 2025-01-03 00:00:00+00:00, run_after=2025-01-04 00:00:00+00:00
[2025-01-03T17:13:40.376-0800] {processor.py:208} INFO - Processing /opt/anaconda3/envs/airflow_env/lib/python3.9/site-packages/airflow/example_dags/tutorial_taskflow_templates.py took 0.222 seconds
[2025-01-03T17:17:45.452-0800] {processor.py:186} INFO - Started process (PID=57173) to work on /opt/anaconda3/envs/airflow_env/lib/python3.9/site-packages/airflow/example_dags/tutorial_taskflow_templates.py
[2025-01-03T17:17:45.454-0800] {processor.py:914} INFO - Processing file /opt/anaconda3/envs/airflow_env/lib/python3.9/site-packages/airflow/example_dags/tutorial_taskflow_templates.py for tasks to queue
[2025-01-03T17:17:45.456-0800] {logging_mixin.py:190} INFO - [2025-01-03T17:17:45.456-0800] {dagbag.py:588} INFO - Filling up the DagBag from /opt/anaconda3/envs/airflow_env/lib/python3.9/site-packages/airflow/example_dags/tutorial_taskflow_templates.py
[2025-01-03T17:17:45.719-0800] {processor.py:925} INFO - DAG(s) 'tutorial_taskflow_templates' retrieved from /opt/anaconda3/envs/airflow_env/lib/python3.9/site-packages/airflow/example_dags/tutorial_taskflow_templates.py
[2025-01-03T17:17:45.979-0800] {logging_mixin.py:190} INFO - [2025-01-03T17:17:45.978-0800] {dag.py:3239} INFO - Sync 1 DAGs
[2025-01-03T17:17:46.005-0800] {logging_mixin.py:190} INFO - [2025-01-03T17:17:46.005-0800] {dag.py:4180} INFO - Setting next_dagrun for tutorial_taskflow_templates to 2025-01-03 00:00:00+00:00, run_after=2025-01-04 00:00:00+00:00
[2025-01-03T17:17:46.033-0800] {processor.py:208} INFO - Processing /opt/anaconda3/envs/airflow_env/lib/python3.9/site-packages/airflow/example_dags/tutorial_taskflow_templates.py took 0.586 seconds
[2025-01-03T17:24:20.816-0800] {processor.py:186} INFO - Started process (PID=58041) to work on /opt/anaconda3/envs/airflow_env/lib/python3.9/site-packages/airflow/example_dags/tutorial_taskflow_templates.py
[2025-01-03T17:24:20.819-0800] {processor.py:914} INFO - Processing file /opt/anaconda3/envs/airflow_env/lib/python3.9/site-packages/airflow/example_dags/tutorial_taskflow_templates.py for tasks to queue
[2025-01-03T17:24:20.824-0800] {logging_mixin.py:190} INFO - [2025-01-03T17:24:20.821-0800] {dagbag.py:588} INFO - Filling up the DagBag from /opt/anaconda3/envs/airflow_env/lib/python3.9/site-packages/airflow/example_dags/tutorial_taskflow_templates.py
[2025-01-03T17:24:20.920-0800] {processor.py:925} INFO - DAG(s) 'tutorial_taskflow_templates' retrieved from /opt/anaconda3/envs/airflow_env/lib/python3.9/site-packages/airflow/example_dags/tutorial_taskflow_templates.py
[2025-01-03T17:24:21.094-0800] {logging_mixin.py:190} INFO - [2025-01-03T17:24:21.094-0800] {dag.py:3239} INFO - Sync 1 DAGs
[2025-01-03T17:24:21.126-0800] {logging_mixin.py:190} INFO - [2025-01-03T17:24:21.125-0800] {dag.py:4180} INFO - Setting next_dagrun for tutorial_taskflow_templates to 2025-01-03 00:00:00+00:00, run_after=2025-01-04 00:00:00+00:00
[2025-01-03T17:24:21.154-0800] {processor.py:208} INFO - Processing /opt/anaconda3/envs/airflow_env/lib/python3.9/site-packages/airflow/example_dags/tutorial_taskflow_templates.py took 0.349 seconds
[2025-01-03T17:26:19.363-0800] {processor.py:186} INFO - Started process (PID=58382) to work on /opt/anaconda3/envs/airflow_env/lib/python3.9/site-packages/airflow/example_dags/tutorial_taskflow_templates.py
[2025-01-03T17:26:19.365-0800] {processor.py:914} INFO - Processing file /opt/anaconda3/envs/airflow_env/lib/python3.9/site-packages/airflow/example_dags/tutorial_taskflow_templates.py for tasks to queue
[2025-01-03T17:26:19.367-0800] {logging_mixin.py:190} INFO - [2025-01-03T17:26:19.367-0800] {dagbag.py:588} INFO - Filling up the DagBag from /opt/anaconda3/envs/airflow_env/lib/python3.9/site-packages/airflow/example_dags/tutorial_taskflow_templates.py
[2025-01-03T17:26:19.464-0800] {processor.py:925} INFO - DAG(s) 'tutorial_taskflow_templates' retrieved from /opt/anaconda3/envs/airflow_env/lib/python3.9/site-packages/airflow/example_dags/tutorial_taskflow_templates.py
[2025-01-03T17:26:19.702-0800] {logging_mixin.py:190} INFO - [2025-01-03T17:26:19.701-0800] {dag.py:3239} INFO - Sync 1 DAGs
[2025-01-03T17:26:19.733-0800] {logging_mixin.py:190} INFO - [2025-01-03T17:26:19.733-0800] {dag.py:4180} INFO - Setting next_dagrun for tutorial_taskflow_templates to 2025-01-03 00:00:00+00:00, run_after=2025-01-04 00:00:00+00:00
[2025-01-03T17:26:19.762-0800] {processor.py:208} INFO - Processing /opt/anaconda3/envs/airflow_env/lib/python3.9/site-packages/airflow/example_dags/tutorial_taskflow_templates.py took 0.405 seconds
