[2025-01-03T17:13:58.314-0800] {processor.py:186} INFO - Started process (PID=56873) to work on /opt/anaconda3/envs/airflow_env/lib/python3.9/site-packages/airflow/example_dags/tutorial.py
[2025-01-03T17:13:58.315-0800] {processor.py:914} INFO - Processing file /opt/anaconda3/envs/airflow_env/lib/python3.9/site-packages/airflow/example_dags/tutorial.py for tasks to queue
[2025-01-03T17:13:58.316-0800] {logging_mixin.py:190} INFO - [2025-01-03T17:13:58.316-0800] {dagbag.py:588} INFO - Filling up the DagBag from /opt/anaconda3/envs/airflow_env/lib/python3.9/site-packages/airflow/example_dags/tutorial.py
[2025-01-03T17:13:58.331-0800] {processor.py:925} INFO - DAG(s) 'tutorial' retrieved from /opt/anaconda3/envs/airflow_env/lib/python3.9/site-packages/airflow/example_dags/tutorial.py
[2025-01-03T17:13:58.509-0800] {logging_mixin.py:190} INFO - [2025-01-03T17:13:58.509-0800] {dag.py:3239} INFO - Sync 1 DAGs
[2025-01-03T17:13:58.543-0800] {logging_mixin.py:190} INFO - [2025-01-03T17:13:58.543-0800] {dag.py:4180} INFO - Setting next_dagrun for tutorial to 2025-01-03 00:00:00+00:00, run_after=2025-01-04 00:00:00+00:00
[2025-01-03T17:13:58.577-0800] {processor.py:208} INFO - Processing /opt/anaconda3/envs/airflow_env/lib/python3.9/site-packages/airflow/example_dags/tutorial.py took 0.269 seconds
[2025-01-03T17:18:05.099-0800] {processor.py:186} INFO - Started process (PID=57200) to work on /opt/anaconda3/envs/airflow_env/lib/python3.9/site-packages/airflow/example_dags/tutorial.py
[2025-01-03T17:18:05.101-0800] {processor.py:914} INFO - Processing file /opt/anaconda3/envs/airflow_env/lib/python3.9/site-packages/airflow/example_dags/tutorial.py for tasks to queue
[2025-01-03T17:18:05.103-0800] {logging_mixin.py:190} INFO - [2025-01-03T17:18:05.103-0800] {dagbag.py:588} INFO - Filling up the DagBag from /opt/anaconda3/envs/airflow_env/lib/python3.9/site-packages/airflow/example_dags/tutorial.py
[2025-01-03T17:18:05.114-0800] {processor.py:925} INFO - DAG(s) 'tutorial' retrieved from /opt/anaconda3/envs/airflow_env/lib/python3.9/site-packages/airflow/example_dags/tutorial.py
[2025-01-03T17:18:05.270-0800] {logging_mixin.py:190} INFO - [2025-01-03T17:18:05.270-0800] {dag.py:3239} INFO - Sync 1 DAGs
[2025-01-03T17:18:05.299-0800] {logging_mixin.py:190} INFO - [2025-01-03T17:18:05.299-0800] {dag.py:4180} INFO - Setting next_dagrun for tutorial to 2025-01-03 00:00:00+00:00, run_after=2025-01-04 00:00:00+00:00
[2025-01-03T17:18:05.326-0800] {processor.py:208} INFO - Processing /opt/anaconda3/envs/airflow_env/lib/python3.9/site-packages/airflow/example_dags/tutorial.py took 0.233 seconds
[2025-01-03T17:24:43.218-0800] {processor.py:186} INFO - Started process (PID=58101) to work on /opt/anaconda3/envs/airflow_env/lib/python3.9/site-packages/airflow/example_dags/tutorial.py
[2025-01-03T17:24:43.220-0800] {processor.py:914} INFO - Processing file /opt/anaconda3/envs/airflow_env/lib/python3.9/site-packages/airflow/example_dags/tutorial.py for tasks to queue
[2025-01-03T17:24:43.222-0800] {logging_mixin.py:190} INFO - [2025-01-03T17:24:43.222-0800] {dagbag.py:588} INFO - Filling up the DagBag from /opt/anaconda3/envs/airflow_env/lib/python3.9/site-packages/airflow/example_dags/tutorial.py
[2025-01-03T17:24:43.233-0800] {processor.py:925} INFO - DAG(s) 'tutorial' retrieved from /opt/anaconda3/envs/airflow_env/lib/python3.9/site-packages/airflow/example_dags/tutorial.py
[2025-01-03T17:24:43.384-0800] {logging_mixin.py:190} INFO - [2025-01-03T17:24:43.384-0800] {dag.py:3239} INFO - Sync 1 DAGs
[2025-01-03T17:24:43.411-0800] {logging_mixin.py:190} INFO - [2025-01-03T17:24:43.410-0800] {dag.py:4180} INFO - Setting next_dagrun for tutorial to 2025-01-03 00:00:00+00:00, run_after=2025-01-04 00:00:00+00:00
[2025-01-03T17:24:43.441-0800] {processor.py:208} INFO - Processing /opt/anaconda3/envs/airflow_env/lib/python3.9/site-packages/airflow/example_dags/tutorial.py took 0.227 seconds
[2025-01-03T17:26:39.206-0800] {processor.py:186} INFO - Started process (PID=58396) to work on /opt/anaconda3/envs/airflow_env/lib/python3.9/site-packages/airflow/example_dags/tutorial.py
[2025-01-03T17:26:39.209-0800] {processor.py:914} INFO - Processing file /opt/anaconda3/envs/airflow_env/lib/python3.9/site-packages/airflow/example_dags/tutorial.py for tasks to queue
[2025-01-03T17:26:39.210-0800] {logging_mixin.py:190} INFO - [2025-01-03T17:26:39.210-0800] {dagbag.py:588} INFO - Filling up the DagBag from /opt/anaconda3/envs/airflow_env/lib/python3.9/site-packages/airflow/example_dags/tutorial.py
[2025-01-03T17:26:39.221-0800] {processor.py:925} INFO - DAG(s) 'tutorial' retrieved from /opt/anaconda3/envs/airflow_env/lib/python3.9/site-packages/airflow/example_dags/tutorial.py
[2025-01-03T17:26:39.409-0800] {logging_mixin.py:190} INFO - [2025-01-03T17:26:39.408-0800] {dag.py:3239} INFO - Sync 1 DAGs
[2025-01-03T17:26:39.454-0800] {logging_mixin.py:190} INFO - [2025-01-03T17:26:39.445-0800] {dag.py:4180} INFO - Setting next_dagrun for tutorial to 2025-01-03 00:00:00+00:00, run_after=2025-01-04 00:00:00+00:00
[2025-01-03T17:26:39.487-0800] {processor.py:208} INFO - Processing /opt/anaconda3/envs/airflow_env/lib/python3.9/site-packages/airflow/example_dags/tutorial.py took 0.286 seconds
[2025-01-03T17:56:34.434-0800] {processor.py:186} INFO - Started process (PID=60622) to work on /opt/anaconda3/envs/airflow_env/lib/python3.9/site-packages/airflow/example_dags/tutorial.py
[2025-01-03T17:56:34.436-0800] {processor.py:914} INFO - Processing file /opt/anaconda3/envs/airflow_env/lib/python3.9/site-packages/airflow/example_dags/tutorial.py for tasks to queue
[2025-01-03T17:56:34.438-0800] {logging_mixin.py:190} INFO - [2025-01-03T17:56:34.438-0800] {dagbag.py:588} INFO - Filling up the DagBag from /opt/anaconda3/envs/airflow_env/lib/python3.9/site-packages/airflow/example_dags/tutorial.py
[2025-01-03T17:56:34.453-0800] {processor.py:925} INFO - DAG(s) 'tutorial' retrieved from /opt/anaconda3/envs/airflow_env/lib/python3.9/site-packages/airflow/example_dags/tutorial.py
[2025-01-03T17:56:34.676-0800] {logging_mixin.py:190} INFO - [2025-01-03T17:56:34.675-0800] {dag.py:3239} INFO - Sync 1 DAGs
[2025-01-03T17:56:34.710-0800] {logging_mixin.py:190} INFO - [2025-01-03T17:56:34.710-0800] {dag.py:4180} INFO - Setting next_dagrun for tutorial to 2025-01-03 00:00:00+00:00, run_after=2025-01-04 00:00:00+00:00
[2025-01-03T17:56:34.745-0800] {processor.py:208} INFO - Processing /opt/anaconda3/envs/airflow_env/lib/python3.9/site-packages/airflow/example_dags/tutorial.py took 0.320 seconds
[2025-01-03T19:07:09.003-0800] {processor.py:186} INFO - Started process (PID=62132) to work on /opt/anaconda3/envs/airflow_env/lib/python3.9/site-packages/airflow/example_dags/tutorial.py
[2025-01-03T19:07:09.008-0800] {processor.py:914} INFO - Processing file /opt/anaconda3/envs/airflow_env/lib/python3.9/site-packages/airflow/example_dags/tutorial.py for tasks to queue
[2025-01-03T19:07:09.010-0800] {logging_mixin.py:190} INFO - [2025-01-03T19:07:09.010-0800] {dagbag.py:588} INFO - Filling up the DagBag from /opt/anaconda3/envs/airflow_env/lib/python3.9/site-packages/airflow/example_dags/tutorial.py
[2025-01-03T19:07:09.037-0800] {processor.py:925} INFO - DAG(s) 'tutorial' retrieved from /opt/anaconda3/envs/airflow_env/lib/python3.9/site-packages/airflow/example_dags/tutorial.py
[2025-01-03T19:07:09.263-0800] {logging_mixin.py:190} INFO - [2025-01-03T19:07:09.263-0800] {dag.py:3239} INFO - Sync 1 DAGs
[2025-01-03T19:07:09.320-0800] {logging_mixin.py:190} INFO - [2025-01-03T19:07:09.318-0800] {dag.py:4180} INFO - Setting next_dagrun for tutorial to 2025-01-03 00:00:00+00:00, run_after=2025-01-04 00:00:00+00:00
[2025-01-03T19:07:09.397-0800] {processor.py:208} INFO - Processing /opt/anaconda3/envs/airflow_env/lib/python3.9/site-packages/airflow/example_dags/tutorial.py took 0.400 seconds
[2025-01-03T19:13:05.782-0800] {processor.py:186} INFO - Started process (PID=62760) to work on /opt/anaconda3/envs/airflow_env/lib/python3.9/site-packages/airflow/example_dags/tutorial.py
[2025-01-03T19:13:05.786-0800] {processor.py:914} INFO - Processing file /opt/anaconda3/envs/airflow_env/lib/python3.9/site-packages/airflow/example_dags/tutorial.py for tasks to queue
[2025-01-03T19:13:05.790-0800] {logging_mixin.py:190} INFO - [2025-01-03T19:13:05.789-0800] {dagbag.py:588} INFO - Filling up the DagBag from /opt/anaconda3/envs/airflow_env/lib/python3.9/site-packages/airflow/example_dags/tutorial.py
[2025-01-03T19:13:05.809-0800] {processor.py:925} INFO - DAG(s) 'tutorial' retrieved from /opt/anaconda3/envs/airflow_env/lib/python3.9/site-packages/airflow/example_dags/tutorial.py
[2025-01-03T19:13:05.967-0800] {logging_mixin.py:190} INFO - [2025-01-03T19:13:05.967-0800] {dag.py:3239} INFO - Sync 1 DAGs
[2025-01-03T19:13:05.992-0800] {logging_mixin.py:190} INFO - [2025-01-03T19:13:05.991-0800] {dag.py:4180} INFO - Setting next_dagrun for tutorial to 2025-01-03 00:00:00+00:00, run_after=2025-01-04 00:00:00+00:00
[2025-01-03T19:13:06.026-0800] {processor.py:208} INFO - Processing /opt/anaconda3/envs/airflow_env/lib/python3.9/site-packages/airflow/example_dags/tutorial.py took 0.253 seconds
[2025-01-03T19:21:56.907-0800] {processor.py:186} INFO - Started process (PID=63689) to work on /opt/anaconda3/envs/airflow_env/lib/python3.9/site-packages/airflow/example_dags/tutorial.py
[2025-01-03T19:21:56.910-0800] {processor.py:914} INFO - Processing file /opt/anaconda3/envs/airflow_env/lib/python3.9/site-packages/airflow/example_dags/tutorial.py for tasks to queue
[2025-01-03T19:21:56.912-0800] {logging_mixin.py:190} INFO - [2025-01-03T19:21:56.911-0800] {dagbag.py:588} INFO - Filling up the DagBag from /opt/anaconda3/envs/airflow_env/lib/python3.9/site-packages/airflow/example_dags/tutorial.py
[2025-01-03T19:21:56.945-0800] {processor.py:925} INFO - DAG(s) 'tutorial' retrieved from /opt/anaconda3/envs/airflow_env/lib/python3.9/site-packages/airflow/example_dags/tutorial.py
[2025-01-03T19:21:57.147-0800] {logging_mixin.py:190} INFO - [2025-01-03T19:21:57.147-0800] {dag.py:3239} INFO - Sync 1 DAGs
[2025-01-03T19:21:57.177-0800] {logging_mixin.py:190} INFO - [2025-01-03T19:21:57.177-0800] {dag.py:4180} INFO - Setting next_dagrun for tutorial to 2025-01-03 00:00:00+00:00, run_after=2025-01-04 00:00:00+00:00
[2025-01-03T19:21:57.206-0800] {processor.py:208} INFO - Processing /opt/anaconda3/envs/airflow_env/lib/python3.9/site-packages/airflow/example_dags/tutorial.py took 0.303 seconds
[2025-01-03T19:32:01.114-0800] {processor.py:186} INFO - Started process (PID=64655) to work on /opt/anaconda3/envs/airflow_env/lib/python3.9/site-packages/airflow/example_dags/tutorial.py
[2025-01-03T19:32:01.116-0800] {processor.py:914} INFO - Processing file /opt/anaconda3/envs/airflow_env/lib/python3.9/site-packages/airflow/example_dags/tutorial.py for tasks to queue
[2025-01-03T19:32:01.117-0800] {logging_mixin.py:190} INFO - [2025-01-03T19:32:01.117-0800] {dagbag.py:588} INFO - Filling up the DagBag from /opt/anaconda3/envs/airflow_env/lib/python3.9/site-packages/airflow/example_dags/tutorial.py
[2025-01-03T19:32:01.138-0800] {processor.py:925} INFO - DAG(s) 'tutorial' retrieved from /opt/anaconda3/envs/airflow_env/lib/python3.9/site-packages/airflow/example_dags/tutorial.py
[2025-01-03T19:32:01.364-0800] {logging_mixin.py:190} INFO - [2025-01-03T19:32:01.363-0800] {dag.py:3239} INFO - Sync 1 DAGs
[2025-01-03T19:32:01.411-0800] {logging_mixin.py:190} INFO - [2025-01-03T19:32:01.410-0800] {dag.py:4180} INFO - Setting next_dagrun for tutorial to 2025-01-03 00:00:00+00:00, run_after=2025-01-04 00:00:00+00:00
[2025-01-03T19:32:01.456-0800] {processor.py:208} INFO - Processing /opt/anaconda3/envs/airflow_env/lib/python3.9/site-packages/airflow/example_dags/tutorial.py took 0.347 seconds
[2025-01-03T19:37:05.109-0800] {processor.py:186} INFO - Started process (PID=64915) to work on /opt/anaconda3/envs/airflow_env/lib/python3.9/site-packages/airflow/example_dags/tutorial.py
[2025-01-03T19:37:05.112-0800] {processor.py:914} INFO - Processing file /opt/anaconda3/envs/airflow_env/lib/python3.9/site-packages/airflow/example_dags/tutorial.py for tasks to queue
[2025-01-03T19:37:05.114-0800] {logging_mixin.py:190} INFO - [2025-01-03T19:37:05.114-0800] {dagbag.py:588} INFO - Filling up the DagBag from /opt/anaconda3/envs/airflow_env/lib/python3.9/site-packages/airflow/example_dags/tutorial.py
[2025-01-03T19:37:05.126-0800] {processor.py:925} INFO - DAG(s) 'tutorial' retrieved from /opt/anaconda3/envs/airflow_env/lib/python3.9/site-packages/airflow/example_dags/tutorial.py
[2025-01-03T19:37:05.575-0800] {logging_mixin.py:190} INFO - [2025-01-03T19:37:05.575-0800] {dag.py:3239} INFO - Sync 1 DAGs
[2025-01-03T19:37:05.618-0800] {logging_mixin.py:190} INFO - [2025-01-03T19:37:05.618-0800] {dag.py:4180} INFO - Setting next_dagrun for tutorial to 2025-01-03 00:00:00+00:00, run_after=2025-01-04 00:00:00+00:00
[2025-01-03T19:37:05.655-0800] {processor.py:208} INFO - Processing /opt/anaconda3/envs/airflow_env/lib/python3.9/site-packages/airflow/example_dags/tutorial.py took 0.551 seconds
[2025-01-03T19:41:49.759-0800] {processor.py:186} INFO - Started process (PID=65200) to work on /opt/anaconda3/envs/airflow_env/lib/python3.9/site-packages/airflow/example_dags/tutorial.py
[2025-01-03T19:41:49.762-0800] {processor.py:914} INFO - Processing file /opt/anaconda3/envs/airflow_env/lib/python3.9/site-packages/airflow/example_dags/tutorial.py for tasks to queue
[2025-01-03T19:41:49.764-0800] {logging_mixin.py:190} INFO - [2025-01-03T19:41:49.764-0800] {dagbag.py:588} INFO - Filling up the DagBag from /opt/anaconda3/envs/airflow_env/lib/python3.9/site-packages/airflow/example_dags/tutorial.py
[2025-01-03T19:41:49.781-0800] {processor.py:925} INFO - DAG(s) 'tutorial' retrieved from /opt/anaconda3/envs/airflow_env/lib/python3.9/site-packages/airflow/example_dags/tutorial.py
[2025-01-03T19:41:49.988-0800] {logging_mixin.py:190} INFO - [2025-01-03T19:41:49.988-0800] {dag.py:3239} INFO - Sync 1 DAGs
[2025-01-03T19:41:50.014-0800] {logging_mixin.py:190} INFO - [2025-01-03T19:41:50.014-0800] {dag.py:4180} INFO - Setting next_dagrun for tutorial to 2025-01-03 00:00:00+00:00, run_after=2025-01-04 00:00:00+00:00
[2025-01-03T19:41:50.049-0800] {processor.py:208} INFO - Processing /opt/anaconda3/envs/airflow_env/lib/python3.9/site-packages/airflow/example_dags/tutorial.py took 0.296 seconds
