[2025-01-03T17:13:43.216-0800] {processor.py:186} INFO - Started process (PID=56852) to work on /opt/anaconda3/envs/airflow_env/lib/python3.9/site-packages/airflow/example_dags/tutorial_taskflow_api_virtualenv.py
[2025-01-03T17:13:43.218-0800] {processor.py:914} INFO - Processing file /opt/anaconda3/envs/airflow_env/lib/python3.9/site-packages/airflow/example_dags/tutorial_taskflow_api_virtualenv.py for tasks to queue
[2025-01-03T17:13:43.219-0800] {logging_mixin.py:190} INFO - [2025-01-03T17:13:43.219-0800] {dagbag.py:588} INFO - Filling up the DagBag from /opt/anaconda3/envs/airflow_env/lib/python3.9/site-packages/airflow/example_dags/tutorial_taskflow_api_virtualenv.py
[2025-01-03T17:13:43.253-0800] {logging_mixin.py:190} INFO - [2025-01-03T17:13:43.253-0800] {tutorial_taskflow_api_virtualenv.py:29} WARNING - The tutorial_taskflow_api_virtualenv example DAG requires virtualenv, please install it.
[2025-01-03T17:13:43.253-0800] {processor.py:927} WARNING - No viable dags retrieved from /opt/anaconda3/envs/airflow_env/lib/python3.9/site-packages/airflow/example_dags/tutorial_taskflow_api_virtualenv.py
[2025-01-03T17:13:43.376-0800] {processor.py:208} INFO - Processing /opt/anaconda3/envs/airflow_env/lib/python3.9/site-packages/airflow/example_dags/tutorial_taskflow_api_virtualenv.py took 0.164 seconds
[2025-01-03T17:17:49.850-0800] {processor.py:186} INFO - Started process (PID=57179) to work on /opt/anaconda3/envs/airflow_env/lib/python3.9/site-packages/airflow/example_dags/tutorial_taskflow_api_virtualenv.py
[2025-01-03T17:17:49.852-0800] {processor.py:914} INFO - Processing file /opt/anaconda3/envs/airflow_env/lib/python3.9/site-packages/airflow/example_dags/tutorial_taskflow_api_virtualenv.py for tasks to queue
[2025-01-03T17:17:49.854-0800] {logging_mixin.py:190} INFO - [2025-01-03T17:17:49.854-0800] {dagbag.py:588} INFO - Filling up the DagBag from /opt/anaconda3/envs/airflow_env/lib/python3.9/site-packages/airflow/example_dags/tutorial_taskflow_api_virtualenv.py
[2025-01-03T17:17:49.891-0800] {logging_mixin.py:190} INFO - [2025-01-03T17:17:49.891-0800] {tutorial_taskflow_api_virtualenv.py:29} WARNING - The tutorial_taskflow_api_virtualenv example DAG requires virtualenv, please install it.
[2025-01-03T17:17:49.891-0800] {processor.py:927} WARNING - No viable dags retrieved from /opt/anaconda3/envs/airflow_env/lib/python3.9/site-packages/airflow/example_dags/tutorial_taskflow_api_virtualenv.py
[2025-01-03T17:17:50.003-0800] {processor.py:208} INFO - Processing /opt/anaconda3/envs/airflow_env/lib/python3.9/site-packages/airflow/example_dags/tutorial_taskflow_api_virtualenv.py took 0.157 seconds
[2025-01-03T17:24:25.304-0800] {processor.py:186} INFO - Started process (PID=58053) to work on /opt/anaconda3/envs/airflow_env/lib/python3.9/site-packages/airflow/example_dags/tutorial_taskflow_api_virtualenv.py
[2025-01-03T17:24:25.310-0800] {processor.py:914} INFO - Processing file /opt/anaconda3/envs/airflow_env/lib/python3.9/site-packages/airflow/example_dags/tutorial_taskflow_api_virtualenv.py for tasks to queue
[2025-01-03T17:24:25.313-0800] {logging_mixin.py:190} INFO - [2025-01-03T17:24:25.313-0800] {dagbag.py:588} INFO - Filling up the DagBag from /opt/anaconda3/envs/airflow_env/lib/python3.9/site-packages/airflow/example_dags/tutorial_taskflow_api_virtualenv.py
[2025-01-03T17:24:25.371-0800] {logging_mixin.py:190} INFO - [2025-01-03T17:24:25.371-0800] {tutorial_taskflow_api_virtualenv.py:29} WARNING - The tutorial_taskflow_api_virtualenv example DAG requires virtualenv, please install it.
[2025-01-03T17:24:25.371-0800] {processor.py:927} WARNING - No viable dags retrieved from /opt/anaconda3/envs/airflow_env/lib/python3.9/site-packages/airflow/example_dags/tutorial_taskflow_api_virtualenv.py
[2025-01-03T17:24:25.488-0800] {processor.py:208} INFO - Processing /opt/anaconda3/envs/airflow_env/lib/python3.9/site-packages/airflow/example_dags/tutorial_taskflow_api_virtualenv.py took 0.192 seconds
[2025-01-03T17:26:23.502-0800] {processor.py:186} INFO - Started process (PID=58387) to work on /opt/anaconda3/envs/airflow_env/lib/python3.9/site-packages/airflow/example_dags/tutorial_taskflow_api_virtualenv.py
[2025-01-03T17:26:23.504-0800] {processor.py:914} INFO - Processing file /opt/anaconda3/envs/airflow_env/lib/python3.9/site-packages/airflow/example_dags/tutorial_taskflow_api_virtualenv.py for tasks to queue
[2025-01-03T17:26:23.506-0800] {logging_mixin.py:190} INFO - [2025-01-03T17:26:23.506-0800] {dagbag.py:588} INFO - Filling up the DagBag from /opt/anaconda3/envs/airflow_env/lib/python3.9/site-packages/airflow/example_dags/tutorial_taskflow_api_virtualenv.py
[2025-01-03T17:26:23.541-0800] {logging_mixin.py:190} INFO - [2025-01-03T17:26:23.541-0800] {tutorial_taskflow_api_virtualenv.py:29} WARNING - The tutorial_taskflow_api_virtualenv example DAG requires virtualenv, please install it.
[2025-01-03T17:26:23.541-0800] {processor.py:927} WARNING - No viable dags retrieved from /opt/anaconda3/envs/airflow_env/lib/python3.9/site-packages/airflow/example_dags/tutorial_taskflow_api_virtualenv.py
[2025-01-03T17:26:23.654-0800] {processor.py:208} INFO - Processing /opt/anaconda3/envs/airflow_env/lib/python3.9/site-packages/airflow/example_dags/tutorial_taskflow_api_virtualenv.py took 0.156 seconds
[2025-01-03T17:56:10.696-0800] {processor.py:186} INFO - Started process (PID=60610) to work on /opt/anaconda3/envs/airflow_env/lib/python3.9/site-packages/airflow/example_dags/tutorial_taskflow_api_virtualenv.py
[2025-01-03T17:56:10.705-0800] {processor.py:914} INFO - Processing file /opt/anaconda3/envs/airflow_env/lib/python3.9/site-packages/airflow/example_dags/tutorial_taskflow_api_virtualenv.py for tasks to queue
[2025-01-03T17:56:10.708-0800] {logging_mixin.py:190} INFO - [2025-01-03T17:56:10.707-0800] {dagbag.py:588} INFO - Filling up the DagBag from /opt/anaconda3/envs/airflow_env/lib/python3.9/site-packages/airflow/example_dags/tutorial_taskflow_api_virtualenv.py
[2025-01-03T17:56:10.814-0800] {logging_mixin.py:190} INFO - [2025-01-03T17:56:10.813-0800] {tutorial_taskflow_api_virtualenv.py:29} WARNING - The tutorial_taskflow_api_virtualenv example DAG requires virtualenv, please install it.
[2025-01-03T17:56:10.815-0800] {processor.py:927} WARNING - No viable dags retrieved from /opt/anaconda3/envs/airflow_env/lib/python3.9/site-packages/airflow/example_dags/tutorial_taskflow_api_virtualenv.py
[2025-01-03T17:56:11.084-0800] {processor.py:208} INFO - Processing /opt/anaconda3/envs/airflow_env/lib/python3.9/site-packages/airflow/example_dags/tutorial_taskflow_api_virtualenv.py took 0.398 seconds
[2025-01-03T19:06:47.395-0800] {processor.py:186} INFO - Started process (PID=62119) to work on /opt/anaconda3/envs/airflow_env/lib/python3.9/site-packages/airflow/example_dags/tutorial_taskflow_api_virtualenv.py
[2025-01-03T19:06:47.398-0800] {processor.py:914} INFO - Processing file /opt/anaconda3/envs/airflow_env/lib/python3.9/site-packages/airflow/example_dags/tutorial_taskflow_api_virtualenv.py for tasks to queue
[2025-01-03T19:06:47.402-0800] {logging_mixin.py:190} INFO - [2025-01-03T19:06:47.401-0800] {dagbag.py:588} INFO - Filling up the DagBag from /opt/anaconda3/envs/airflow_env/lib/python3.9/site-packages/airflow/example_dags/tutorial_taskflow_api_virtualenv.py
[2025-01-03T19:06:47.511-0800] {logging_mixin.py:190} INFO - [2025-01-03T19:06:47.509-0800] {tutorial_taskflow_api_virtualenv.py:29} WARNING - The tutorial_taskflow_api_virtualenv example DAG requires virtualenv, please install it.
[2025-01-03T19:06:47.511-0800] {processor.py:927} WARNING - No viable dags retrieved from /opt/anaconda3/envs/airflow_env/lib/python3.9/site-packages/airflow/example_dags/tutorial_taskflow_api_virtualenv.py
[2025-01-03T19:06:47.746-0800] {processor.py:208} INFO - Processing /opt/anaconda3/envs/airflow_env/lib/python3.9/site-packages/airflow/example_dags/tutorial_taskflow_api_virtualenv.py took 0.369 seconds
[2025-01-03T19:12:44.918-0800] {processor.py:186} INFO - Started process (PID=62743) to work on /opt/anaconda3/envs/airflow_env/lib/python3.9/site-packages/airflow/example_dags/tutorial_taskflow_api_virtualenv.py
[2025-01-03T19:12:44.929-0800] {processor.py:914} INFO - Processing file /opt/anaconda3/envs/airflow_env/lib/python3.9/site-packages/airflow/example_dags/tutorial_taskflow_api_virtualenv.py for tasks to queue
[2025-01-03T19:12:44.931-0800] {logging_mixin.py:190} INFO - [2025-01-03T19:12:44.931-0800] {dagbag.py:588} INFO - Filling up the DagBag from /opt/anaconda3/envs/airflow_env/lib/python3.9/site-packages/airflow/example_dags/tutorial_taskflow_api_virtualenv.py
[2025-01-03T19:12:45.005-0800] {logging_mixin.py:190} INFO - [2025-01-03T19:12:45.005-0800] {tutorial_taskflow_api_virtualenv.py:29} WARNING - The tutorial_taskflow_api_virtualenv example DAG requires virtualenv, please install it.
[2025-01-03T19:12:45.005-0800] {processor.py:927} WARNING - No viable dags retrieved from /opt/anaconda3/envs/airflow_env/lib/python3.9/site-packages/airflow/example_dags/tutorial_taskflow_api_virtualenv.py
[2025-01-03T19:12:45.219-0800] {processor.py:208} INFO - Processing /opt/anaconda3/envs/airflow_env/lib/python3.9/site-packages/airflow/example_dags/tutorial_taskflow_api_virtualenv.py took 0.312 seconds
[2025-01-03T19:18:36.002-0800] {processor.py:186} INFO - Started process (PID=63469) to work on /opt/anaconda3/envs/airflow_env/lib/python3.9/site-packages/airflow/example_dags/tutorial_taskflow_api_virtualenv.py
[2025-01-03T19:18:36.006-0800] {processor.py:914} INFO - Processing file /opt/anaconda3/envs/airflow_env/lib/python3.9/site-packages/airflow/example_dags/tutorial_taskflow_api_virtualenv.py for tasks to queue
[2025-01-03T19:18:36.008-0800] {logging_mixin.py:190} INFO - [2025-01-03T19:18:36.008-0800] {dagbag.py:588} INFO - Filling up the DagBag from /opt/anaconda3/envs/airflow_env/lib/python3.9/site-packages/airflow/example_dags/tutorial_taskflow_api_virtualenv.py
[2025-01-03T19:18:36.045-0800] {logging_mixin.py:190} INFO - [2025-01-03T19:18:36.045-0800] {tutorial_taskflow_api_virtualenv.py:29} WARNING - The tutorial_taskflow_api_virtualenv example DAG requires virtualenv, please install it.
[2025-01-03T19:18:36.046-0800] {processor.py:927} WARNING - No viable dags retrieved from /opt/anaconda3/envs/airflow_env/lib/python3.9/site-packages/airflow/example_dags/tutorial_taskflow_api_virtualenv.py
[2025-01-03T19:18:36.198-0800] {processor.py:208} INFO - Processing /opt/anaconda3/envs/airflow_env/lib/python3.9/site-packages/airflow/example_dags/tutorial_taskflow_api_virtualenv.py took 0.206 seconds
[2025-01-03T19:21:27.316-0800] {processor.py:186} INFO - Started process (PID=63666) to work on /opt/anaconda3/envs/airflow_env/lib/python3.9/site-packages/airflow/example_dags/tutorial_taskflow_api_virtualenv.py
[2025-01-03T19:21:27.320-0800] {processor.py:914} INFO - Processing file /opt/anaconda3/envs/airflow_env/lib/python3.9/site-packages/airflow/example_dags/tutorial_taskflow_api_virtualenv.py for tasks to queue
[2025-01-03T19:21:27.324-0800] {logging_mixin.py:190} INFO - [2025-01-03T19:21:27.324-0800] {dagbag.py:588} INFO - Filling up the DagBag from /opt/anaconda3/envs/airflow_env/lib/python3.9/site-packages/airflow/example_dags/tutorial_taskflow_api_virtualenv.py
[2025-01-03T19:21:27.404-0800] {logging_mixin.py:190} INFO - [2025-01-03T19:21:27.404-0800] {tutorial_taskflow_api_virtualenv.py:29} WARNING - The tutorial_taskflow_api_virtualenv example DAG requires virtualenv, please install it.
[2025-01-03T19:21:27.404-0800] {processor.py:927} WARNING - No viable dags retrieved from /opt/anaconda3/envs/airflow_env/lib/python3.9/site-packages/airflow/example_dags/tutorial_taskflow_api_virtualenv.py
[2025-01-03T19:21:27.538-0800] {processor.py:208} INFO - Processing /opt/anaconda3/envs/airflow_env/lib/python3.9/site-packages/airflow/example_dags/tutorial_taskflow_api_virtualenv.py took 0.230 seconds
[2025-01-03T19:31:31.246-0800] {processor.py:186} INFO - Started process (PID=64638) to work on /opt/anaconda3/envs/airflow_env/lib/python3.9/site-packages/airflow/example_dags/tutorial_taskflow_api_virtualenv.py
[2025-01-03T19:31:31.248-0800] {processor.py:914} INFO - Processing file /opt/anaconda3/envs/airflow_env/lib/python3.9/site-packages/airflow/example_dags/tutorial_taskflow_api_virtualenv.py for tasks to queue
[2025-01-03T19:31:31.251-0800] {logging_mixin.py:190} INFO - [2025-01-03T19:31:31.251-0800] {dagbag.py:588} INFO - Filling up the DagBag from /opt/anaconda3/envs/airflow_env/lib/python3.9/site-packages/airflow/example_dags/tutorial_taskflow_api_virtualenv.py
[2025-01-03T19:31:31.320-0800] {logging_mixin.py:190} INFO - [2025-01-03T19:31:31.320-0800] {tutorial_taskflow_api_virtualenv.py:29} WARNING - The tutorial_taskflow_api_virtualenv example DAG requires virtualenv, please install it.
[2025-01-03T19:31:31.321-0800] {processor.py:927} WARNING - No viable dags retrieved from /opt/anaconda3/envs/airflow_env/lib/python3.9/site-packages/airflow/example_dags/tutorial_taskflow_api_virtualenv.py
[2025-01-03T19:31:31.502-0800] {processor.py:208} INFO - Processing /opt/anaconda3/envs/airflow_env/lib/python3.9/site-packages/airflow/example_dags/tutorial_taskflow_api_virtualenv.py took 0.264 seconds
[2025-01-03T19:36:45.672-0800] {processor.py:186} INFO - Started process (PID=64888) to work on /opt/anaconda3/envs/airflow_env/lib/python3.9/site-packages/airflow/example_dags/tutorial_taskflow_api_virtualenv.py
[2025-01-03T19:36:45.675-0800] {processor.py:914} INFO - Processing file /opt/anaconda3/envs/airflow_env/lib/python3.9/site-packages/airflow/example_dags/tutorial_taskflow_api_virtualenv.py for tasks to queue
[2025-01-03T19:36:45.676-0800] {logging_mixin.py:190} INFO - [2025-01-03T19:36:45.676-0800] {dagbag.py:588} INFO - Filling up the DagBag from /opt/anaconda3/envs/airflow_env/lib/python3.9/site-packages/airflow/example_dags/tutorial_taskflow_api_virtualenv.py
[2025-01-03T19:36:45.720-0800] {logging_mixin.py:190} INFO - [2025-01-03T19:36:45.719-0800] {tutorial_taskflow_api_virtualenv.py:29} WARNING - The tutorial_taskflow_api_virtualenv example DAG requires virtualenv, please install it.
[2025-01-03T19:36:45.720-0800] {processor.py:927} WARNING - No viable dags retrieved from /opt/anaconda3/envs/airflow_env/lib/python3.9/site-packages/airflow/example_dags/tutorial_taskflow_api_virtualenv.py
[2025-01-03T19:36:45.889-0800] {processor.py:208} INFO - Processing /opt/anaconda3/envs/airflow_env/lib/python3.9/site-packages/airflow/example_dags/tutorial_taskflow_api_virtualenv.py took 0.222 seconds
[2025-01-03T19:41:30.711-0800] {processor.py:186} INFO - Started process (PID=65173) to work on /opt/anaconda3/envs/airflow_env/lib/python3.9/site-packages/airflow/example_dags/tutorial_taskflow_api_virtualenv.py
[2025-01-03T19:41:30.716-0800] {processor.py:914} INFO - Processing file /opt/anaconda3/envs/airflow_env/lib/python3.9/site-packages/airflow/example_dags/tutorial_taskflow_api_virtualenv.py for tasks to queue
[2025-01-03T19:41:30.718-0800] {logging_mixin.py:190} INFO - [2025-01-03T19:41:30.717-0800] {dagbag.py:588} INFO - Filling up the DagBag from /opt/anaconda3/envs/airflow_env/lib/python3.9/site-packages/airflow/example_dags/tutorial_taskflow_api_virtualenv.py
[2025-01-03T19:41:30.809-0800] {logging_mixin.py:190} INFO - [2025-01-03T19:41:30.808-0800] {tutorial_taskflow_api_virtualenv.py:29} WARNING - The tutorial_taskflow_api_virtualenv example DAG requires virtualenv, please install it.
[2025-01-03T19:41:30.809-0800] {processor.py:927} WARNING - No viable dags retrieved from /opt/anaconda3/envs/airflow_env/lib/python3.9/site-packages/airflow/example_dags/tutorial_taskflow_api_virtualenv.py
[2025-01-03T19:41:30.933-0800] {processor.py:208} INFO - Processing /opt/anaconda3/envs/airflow_env/lib/python3.9/site-packages/airflow/example_dags/tutorial_taskflow_api_virtualenv.py took 0.228 seconds
