[2025-01-09T20:23:29.223-0800] {local_task_job_runner.py:123} INFO - ::group::Pre task execution logs
[2025-01-09T20:23:29.236-0800] {taskinstance.py:2613} INFO - Dependencies all met for dep_context=non-requeueable deps ti=<TaskInstance: CovidE2EPipeDag.append_daily_raw_data manual__2025-01-10T04:19:43.843651+00:00 [queued]>
[2025-01-09T20:23:29.250-0800] {taskinstance.py:2613} INFO - Dependencies all met for dep_context=requeueable deps ti=<TaskInstance: CovidE2EPipeDag.append_daily_raw_data manual__2025-01-10T04:19:43.843651+00:00 [queued]>
[2025-01-09T20:23:29.251-0800] {taskinstance.py:2866} INFO - Starting attempt 1 of 2
[2025-01-09T20:23:29.268-0800] {taskinstance.py:2889} INFO - Executing <Task(BashOperator): append_daily_raw_data> on 2025-01-10 04:19:43.843651+00:00
[2025-01-09T20:23:29.272-0800] {standard_task_runner.py:72} INFO - Started process 21380 to run task
[2025-01-09T20:23:29.287-0800] {standard_task_runner.py:104} INFO - Running: ['airflow', 'tasks', 'run', 'CovidE2EPipeDag', 'append_daily_raw_data', 'manual__2025-01-10T04:19:43.843651+00:00', '--job-id', '1763', '--raw', '--subdir', 'DAGS_FOLDER/CovidE2EPipeDag.py', '--cfg-path', '/var/folders/vm/rn9v1g1j739_mq8j5pfl1yxm0000gn/T/tmpq3ie02i1']
[2025-01-09T20:23:29.293-0800] {standard_task_runner.py:105} INFO - Job 1763: Subtask append_daily_raw_data
[2025-01-09T20:23:29.369-0800] {task_command.py:467} INFO - Running <TaskInstance: CovidE2EPipeDag.append_daily_raw_data manual__2025-01-10T04:19:43.843651+00:00 [running]> on host Matthews-MacBook-Air.local
[2025-01-09T20:23:29.589-0800] {taskinstance.py:3132} INFO - Exporting env vars: AIRFLOW_CTX_DAG_OWNER='Matthew Horn' AIRFLOW_CTX_DAG_ID='CovidE2EPipeDag' AIRFLOW_CTX_TASK_ID='append_daily_raw_data' AIRFLOW_CTX_EXECUTION_DATE='2025-01-10T04:19:43.843651+00:00' AIRFLOW_CTX_TRY_NUMBER='1' AIRFLOW_CTX_DAG_RUN_ID='manual__2025-01-10T04:19:43.843651+00:00'
[2025-01-09T20:23:29.590-0800] {taskinstance.py:731} INFO - ::endgroup::
[2025-01-09T20:23:29.639-0800] {subprocess.py:78} INFO - Tmp dir root location: /var/folders/vm/rn9v1g1j739_mq8j5pfl1yxm0000gn/T
[2025-01-09T20:23:29.640-0800] {subprocess.py:88} INFO - Running command: ['/bin/bash', '-c', 'snow stage execute @CovidE2EPipeDatabase.raw_data.raw_data_stage/append_raw_data.sql']
[2025-01-09T20:23:29.652-0800] {subprocess.py:99} INFO - Output:
[2025-01-09T20:23:45.829-0800] {subprocess.py:106} INFO - SUCCESS - @CovidE2EPipeDatabase.raw_data.raw_data_stage/append_raw_data.sql
[2025-01-09T20:23:45.832-0800] {subprocess.py:106} INFO - +----------------------------+
[2025-01-09T20:23:45.833-0800] {subprocess.py:106} INFO - | File     | Status  | Error |
[2025-01-09T20:23:45.833-0800] {subprocess.py:106} INFO - |----------+---------+-------|
[2025-01-09T20:23:45.834-0800] {subprocess.py:106} INFO - | @CovidE2 | SUCCESS | None  |
[2025-01-09T20:23:45.835-0800] {subprocess.py:106} INFO - | EPipeDat |         |       |
[2025-01-09T20:23:45.837-0800] {subprocess.py:106} INFO - | abase.ra |         |       |
[2025-01-09T20:23:45.838-0800] {subprocess.py:106} INFO - | w_data.r |         |       |
[2025-01-09T20:23:45.838-0800] {subprocess.py:106} INFO - | aw_data_ |         |       |
[2025-01-09T20:23:45.839-0800] {subprocess.py:106} INFO - | stage/ap |         |       |
[2025-01-09T20:23:45.840-0800] {subprocess.py:106} INFO - | pend_raw |         |       |
[2025-01-09T20:23:45.841-0800] {subprocess.py:106} INFO - | _data.sq |         |       |
[2025-01-09T20:23:45.842-0800] {subprocess.py:106} INFO - | l        |         |       |
[2025-01-09T20:23:45.842-0800] {subprocess.py:106} INFO - +----------------------------+
[2025-01-09T20:23:46.570-0800] {subprocess.py:110} INFO - Command exited with return code 0
[2025-01-09T20:23:46.617-0800] {taskinstance.py:340} INFO - ::group::Post task execution logs
[2025-01-09T20:23:46.620-0800] {taskinstance.py:352} INFO - Marking task as SUCCESS. dag_id=CovidE2EPipeDag, task_id=append_daily_raw_data, run_id=manual__2025-01-10T04:19:43.843651+00:00, execution_date=20250110T041943, start_date=20250110T042329, end_date=20250110T042346
[2025-01-09T20:23:46.695-0800] {local_task_job_runner.py:266} INFO - Task exited with return code 0
[2025-01-09T20:23:46.718-0800] {taskinstance.py:3895} INFO - 0 downstream tasks scheduled from follow-on schedule check
[2025-01-09T20:23:46.720-0800] {local_task_job_runner.py:245} INFO - ::endgroup::
