[2025-01-10T11:33:51.316-0800] {local_task_job_runner.py:123} INFO - ::group::Pre task execution logs
[2025-01-10T11:33:51.329-0800] {taskinstance.py:2613} INFO - Dependencies all met for dep_context=non-requeueable deps ti=<TaskInstance: CovidE2EPipeDag.stage_sql manual__2025-01-10T19:32:13.017425+00:00 [queued]>
[2025-01-10T11:33:51.338-0800] {taskinstance.py:2613} INFO - Dependencies all met for dep_context=requeueable deps ti=<TaskInstance: CovidE2EPipeDag.stage_sql manual__2025-01-10T19:32:13.017425+00:00 [queued]>
[2025-01-10T11:33:51.338-0800] {taskinstance.py:2866} INFO - Starting attempt 1 of 2
[2025-01-10T11:33:51.354-0800] {taskinstance.py:2889} INFO - Executing <Task(BashOperator): stage_sql> on 2025-01-10 19:32:13.017425+00:00
[2025-01-10T11:33:51.357-0800] {standard_task_runner.py:72} INFO - Started process 24422 to run task
[2025-01-10T11:33:51.370-0800] {standard_task_runner.py:104} INFO - Running: ['airflow', 'tasks', 'run', 'CovidE2EPipeDag', 'stage_sql', 'manual__2025-01-10T19:32:13.017425+00:00', '--job-id', '1782', '--raw', '--subdir', 'DAGS_FOLDER/CovidE2EPipeDag.py', '--cfg-path', '/var/folders/vm/rn9v1g1j739_mq8j5pfl1yxm0000gn/T/tmptz0gy4bm']
[2025-01-10T11:33:51.373-0800] {standard_task_runner.py:105} INFO - Job 1782: Subtask stage_sql
[2025-01-10T11:33:51.435-0800] {task_command.py:467} INFO - Running <TaskInstance: CovidE2EPipeDag.stage_sql manual__2025-01-10T19:32:13.017425+00:00 [running]> on host Matthews-MacBook-Air.local
[2025-01-10T11:33:51.541-0800] {taskinstance.py:3132} INFO - Exporting env vars: AIRFLOW_CTX_DAG_OWNER='Matthew Horn' AIRFLOW_CTX_DAG_ID='CovidE2EPipeDag' AIRFLOW_CTX_TASK_ID='stage_sql' AIRFLOW_CTX_EXECUTION_DATE='2025-01-10T19:32:13.017425+00:00' AIRFLOW_CTX_TRY_NUMBER='1' AIRFLOW_CTX_DAG_RUN_ID='manual__2025-01-10T19:32:13.017425+00:00'
[2025-01-10T11:33:51.544-0800] {taskinstance.py:731} INFO - ::endgroup::
[2025-01-10T11:33:51.567-0800] {subprocess.py:78} INFO - Tmp dir root location: /var/folders/vm/rn9v1g1j739_mq8j5pfl1yxm0000gn/T
[2025-01-10T11:33:51.568-0800] {subprocess.py:88} INFO - Running command: ['/bin/bash', '-c', 'snow stage copy /Users/matthewmac/airflow/helper_scripts/load_staged_data_2025-01-10.sql @CovidE2EPipeDatabase.raw_data.raw_data_stage']
[2025-01-10T11:33:51.580-0800] {subprocess.py:99} INFO - Output:
[2025-01-10T11:33:58.314-0800] {subprocess.py:106} INFO - +-----------------------------------------------------+
[2025-01-10T11:33:58.316-0800] {subprocess.py:106} INFO - |      |      |      |      | sou |      |     |      |
[2025-01-10T11:33:58.317-0800] {subprocess.py:106} INFO - |      |      |      |      | rce | targ |     |      |
[2025-01-10T11:33:58.318-0800] {subprocess.py:106} INFO - |      |      |      |      | _co | et_c |     |      |
[2025-01-10T11:33:58.327-0800] {subprocess.py:106} INFO - |      |      | sour | targ | mpr | ompr |     |      |
[2025-01-10T11:33:58.329-0800] {subprocess.py:106} INFO - | sour | targ | ce_s | et_s | ess | essi | sta | mess |
[2025-01-10T11:33:58.331-0800] {subprocess.py:106} INFO - | ce   | et   | ize  | ize  | ion | on   | tus | age  |
[2025-01-10T11:33:58.332-0800] {subprocess.py:106} INFO - |------+------+------+------+-----+------+-----+------|
[2025-01-10T11:33:58.333-0800] {subprocess.py:106} INFO - | load | load | 2141 | 0    | NON | NONE | SKI |      |
[2025-01-10T11:33:58.335-0800] {subprocess.py:106} INFO - | _sta | _sta |      |      | E   |      | PPE |      |
[2025-01-10T11:33:58.336-0800] {subprocess.py:106} INFO - | ged_ | ged_ |      |      |     |      | D   |      |
[2025-01-10T11:33:58.337-0800] {subprocess.py:106} INFO - | data | data |      |      |     |      |     |      |
[2025-01-10T11:33:58.338-0800] {subprocess.py:106} INFO - | _202 | _202 |      |      |     |      |     |      |
[2025-01-10T11:33:58.338-0800] {subprocess.py:106} INFO - | 5-01 | 5-01 |      |      |     |      |     |      |
[2025-01-10T11:33:58.340-0800] {subprocess.py:106} INFO - | -10. | -10. |      |      |     |      |     |      |
[2025-01-10T11:33:58.341-0800] {subprocess.py:106} INFO - | sql  | sql  |      |      |     |      |     |      |
[2025-01-10T11:33:58.341-0800] {subprocess.py:106} INFO - +-----------------------------------------------------+
[2025-01-10T11:33:58.835-0800] {subprocess.py:110} INFO - Command exited with return code 0
[2025-01-10T11:33:58.862-0800] {taskinstance.py:340} INFO - ::group::Post task execution logs
[2025-01-10T11:33:58.864-0800] {taskinstance.py:352} INFO - Marking task as SUCCESS. dag_id=CovidE2EPipeDag, task_id=stage_sql, run_id=manual__2025-01-10T19:32:13.017425+00:00, execution_date=20250110T193213, start_date=20250110T193351, end_date=20250110T193358
[2025-01-10T11:33:58.895-0800] {local_task_job_runner.py:266} INFO - Task exited with return code 0
[2025-01-10T11:33:58.927-0800] {taskinstance.py:3895} INFO - 1 downstream tasks scheduled from follow-on schedule check
[2025-01-10T11:33:58.932-0800] {local_task_job_runner.py:245} INFO - ::endgroup::
