[2025-01-04T11:20:18.345-0800] {local_task_job_runner.py:123} INFO - ::group::Pre task execution logs
[2025-01-04T11:20:18.377-0800] {taskinstance.py:2613} INFO - Dependencies all met for dep_context=non-requeueable deps ti=<TaskInstance: CovidE2EPipeDag.create_load_sql_file scheduled__2025-01-01T01:01:00+00:00 [queued]>
[2025-01-04T11:20:18.401-0800] {taskinstance.py:2613} INFO - Dependencies all met for dep_context=requeueable deps ti=<TaskInstance: CovidE2EPipeDag.create_load_sql_file scheduled__2025-01-01T01:01:00+00:00 [queued]>
[2025-01-04T11:20:18.402-0800] {taskinstance.py:2866} INFO - Starting attempt 1 of 2
[2025-01-04T11:20:18.466-0800] {taskinstance.py:2889} INFO - Executing <Task(BashOperator): create_load_sql_file> on 2025-01-01 01:01:00+00:00
[2025-01-04T11:20:18.475-0800] {standard_task_runner.py:72} INFO - Started process 77482 to run task
[2025-01-04T11:20:18.485-0800] {standard_task_runner.py:104} INFO - Running: ['airflow', 'tasks', 'run', 'CovidE2EPipeDag', 'create_load_sql_file', 'scheduled__2025-01-01T01:01:00+00:00', '--job-id', '875', '--raw', '--subdir', 'DAGS_FOLDER/CovidE2EPipeDag.py', '--cfg-path', '/var/folders/vm/rn9v1g1j739_mq8j5pfl1yxm0000gn/T/tmpsbd_aq9q']
[2025-01-04T11:20:18.491-0800] {standard_task_runner.py:105} INFO - Job 875: Subtask create_load_sql_file
[2025-01-04T11:20:18.583-0800] {task_command.py:467} INFO - Running <TaskInstance: CovidE2EPipeDag.create_load_sql_file scheduled__2025-01-01T01:01:00+00:00 [running]> on host Matthews-MacBook-Air.local
[2025-01-04T11:20:18.714-0800] {taskinstance.py:3132} INFO - Exporting env vars: AIRFLOW_CTX_DAG_OWNER='Matthew Horn' AIRFLOW_CTX_DAG_ID='CovidE2EPipeDag' AIRFLOW_CTX_TASK_ID='create_load_sql_file' AIRFLOW_CTX_EXECUTION_DATE='2025-01-01T01:01:00+00:00' AIRFLOW_CTX_TRY_NUMBER='1' AIRFLOW_CTX_DAG_RUN_ID='scheduled__2025-01-01T01:01:00+00:00'
[2025-01-04T11:20:18.716-0800] {taskinstance.py:731} INFO - ::endgroup::
[2025-01-04T11:20:18.756-0800] {subprocess.py:78} INFO - Tmp dir root location: /var/folders/vm/rn9v1g1j739_mq8j5pfl1yxm0000gn/T
[2025-01-04T11:20:18.759-0800] {subprocess.py:88} INFO - Running command: ['/bin/bash', '-c', 'echo "COPY INTO CovidE2EPipeDatabase.raw_data.industrial_production\n    FROM @raw_data_stage\n    FILES = (\'~/airflow/data/raw/industrial_production_{ ds }.csv\')\n    FILE_FORMAT = ( TYPE=\'CSV\' )\n    ON_ERROR = \'CONTINUE\';\n    " > /Users/matthewmac/airflow/helper_scripts/load_staged_data_2025-01-04.sql']
[2025-01-04T11:20:18.768-0800] {subprocess.py:99} INFO - Output:
[2025-01-04T11:20:18.775-0800] {subprocess.py:110} INFO - Command exited with return code 0
[2025-01-04T11:20:18.815-0800] {taskinstance.py:340} INFO - ::group::Post task execution logs
[2025-01-04T11:20:18.816-0800] {taskinstance.py:352} INFO - Marking task as SUCCESS. dag_id=CovidE2EPipeDag, task_id=create_load_sql_file, run_id=scheduled__2025-01-01T01:01:00+00:00, execution_date=20250101T010100, start_date=20250104T192018, end_date=20250104T192018
[2025-01-04T11:20:18.895-0800] {local_task_job_runner.py:266} INFO - Task exited with return code 0
[2025-01-04T11:20:18.917-0800] {taskinstance.py:3895} INFO - 0 downstream tasks scheduled from follow-on schedule check
[2025-01-04T11:20:18.919-0800] {local_task_job_runner.py:245} INFO - ::endgroup::
