[2025-01-08T19:39:51.927-0800] {local_task_job_runner.py:123} INFO - ::group::Pre task execution logs
[2025-01-08T19:39:51.961-0800] {taskinstance.py:2613} INFO - Dependencies all met for dep_context=non-requeueable deps ti=<TaskInstance: CovidE2EPipeDag.stage_sql manual__2025-01-09T03:38:16.240891+00:00 [queued]>
[2025-01-08T19:39:51.984-0800] {taskinstance.py:2613} INFO - Dependencies all met for dep_context=requeueable deps ti=<TaskInstance: CovidE2EPipeDag.stage_sql manual__2025-01-09T03:38:16.240891+00:00 [queued]>
[2025-01-08T19:39:51.984-0800] {taskinstance.py:2866} INFO - Starting attempt 1 of 2
[2025-01-08T19:39:52.003-0800] {taskinstance.py:2889} INFO - Executing <Task(BashOperator): stage_sql> on 2025-01-09 03:38:16.240891+00:00
[2025-01-08T19:39:52.007-0800] {standard_task_runner.py:72} INFO - Started process 10070 to run task
[2025-01-08T19:39:52.017-0800] {standard_task_runner.py:104} INFO - Running: ['airflow', 'tasks', 'run', 'CovidE2EPipeDag', 'stage_sql', 'manual__2025-01-09T03:38:16.240891+00:00', '--job-id', '1691', '--raw', '--subdir', 'DAGS_FOLDER/CovidE2EPipeDag.py', '--cfg-path', '/var/folders/vm/rn9v1g1j739_mq8j5pfl1yxm0000gn/T/tmp1ytc_z0l']
[2025-01-08T19:39:52.019-0800] {standard_task_runner.py:105} INFO - Job 1691: Subtask stage_sql
[2025-01-08T19:39:52.093-0800] {task_command.py:467} INFO - Running <TaskInstance: CovidE2EPipeDag.stage_sql manual__2025-01-09T03:38:16.240891+00:00 [running]> on host Matthews-MacBook-Air.local
[2025-01-08T19:39:52.217-0800] {taskinstance.py:3132} INFO - Exporting env vars: AIRFLOW_CTX_DAG_OWNER='Matthew Horn' AIRFLOW_CTX_DAG_ID='CovidE2EPipeDag' AIRFLOW_CTX_TASK_ID='stage_sql' AIRFLOW_CTX_EXECUTION_DATE='2025-01-09T03:38:16.240891+00:00' AIRFLOW_CTX_TRY_NUMBER='1' AIRFLOW_CTX_DAG_RUN_ID='manual__2025-01-09T03:38:16.240891+00:00'
[2025-01-08T19:39:52.218-0800] {taskinstance.py:731} INFO - ::endgroup::
[2025-01-08T19:39:52.268-0800] {subprocess.py:78} INFO - Tmp dir root location: /var/folders/vm/rn9v1g1j739_mq8j5pfl1yxm0000gn/T
[2025-01-08T19:39:52.271-0800] {subprocess.py:88} INFO - Running command: ['/bin/bash', '-c', 'snow stage copy /Users/matthewmac/airflow/helper_scripts/load_staged_data_2025-01-08.sql @CovidE2EPipeDatabase.raw_data.raw_data_stage']
[2025-01-08T19:39:52.282-0800] {subprocess.py:99} INFO - Output:
[2025-01-08T19:39:59.322-0800] {subprocess.py:106} INFO - +---------------------------------------------------+
[2025-01-08T19:39:59.324-0800] {subprocess.py:106} INFO - |     |      |     |      | sou |      |     |      |
[2025-01-08T19:39:59.324-0800] {subprocess.py:106} INFO - |     |      |     |      | rce | targ |     |      |
[2025-01-08T19:39:59.325-0800] {subprocess.py:106} INFO - |     |      | sou |      | _co | et_c |     |      |
[2025-01-08T19:39:59.326-0800] {subprocess.py:106} INFO - |     |      | rce | targ | mpr | ompr |     |      |
[2025-01-08T19:39:59.328-0800] {subprocess.py:106} INFO - | sou | targ | _si | et_s | ess | essi | sta | mess |
[2025-01-08T19:39:59.330-0800] {subprocess.py:106} INFO - | rce | et   | ze  | ize  | ion | on   | tus | age  |
[2025-01-08T19:39:59.331-0800] {subprocess.py:106} INFO - |-----+------+-----+------+-----+------+-----+------|
[2025-01-08T19:39:59.332-0800] {subprocess.py:106} INFO - | loa | load | 162 | 0    | NON | NONE | SKI |      |
[2025-01-08T19:39:59.332-0800] {subprocess.py:106} INFO - | d_s | _sta | 7   |      | E   |      | PPE |      |
[2025-01-08T19:39:59.333-0800] {subprocess.py:106} INFO - | tag | ged_ |     |      |     |      | D   |      |
[2025-01-08T19:39:59.334-0800] {subprocess.py:106} INFO - | ed_ | data |     |      |     |      |     |      |
[2025-01-08T19:39:59.335-0800] {subprocess.py:106} INFO - | dat | _202 |     |      |     |      |     |      |
[2025-01-08T19:39:59.336-0800] {subprocess.py:106} INFO - | a_2 | 5-01 |     |      |     |      |     |      |
[2025-01-08T19:39:59.336-0800] {subprocess.py:106} INFO - | 025 | -08. |     |      |     |      |     |      |
[2025-01-08T19:39:59.337-0800] {subprocess.py:106} INFO - | -01 | sql  |     |      |     |      |     |      |
[2025-01-08T19:39:59.337-0800] {subprocess.py:106} INFO - | -08 |      |     |      |     |      |     |      |
[2025-01-08T19:39:59.338-0800] {subprocess.py:106} INFO - | .sq |      |     |      |     |      |     |      |
[2025-01-08T19:39:59.339-0800] {subprocess.py:106} INFO - | l   |      |     |      |     |      |     |      |
[2025-01-08T19:39:59.339-0800] {subprocess.py:106} INFO - +---------------------------------------------------+
[2025-01-08T19:40:00.081-0800] {subprocess.py:110} INFO - Command exited with return code 0
[2025-01-08T19:40:00.106-0800] {taskinstance.py:340} INFO - ::group::Post task execution logs
[2025-01-08T19:40:00.107-0800] {taskinstance.py:352} INFO - Marking task as SUCCESS. dag_id=CovidE2EPipeDag, task_id=stage_sql, run_id=manual__2025-01-09T03:38:16.240891+00:00, execution_date=20250109T033816, start_date=20250109T033951, end_date=20250109T034000
[2025-01-08T19:40:00.137-0800] {local_task_job_runner.py:266} INFO - Task exited with return code 0
[2025-01-08T19:40:00.174-0800] {taskinstance.py:3895} INFO - 1 downstream tasks scheduled from follow-on schedule check
[2025-01-08T19:40:00.178-0800] {local_task_job_runner.py:245} INFO - ::endgroup::
