[2025-01-03T22:32:38.578-0800] {local_task_job_runner.py:123} INFO - ::group::Pre task execution logs
[2025-01-03T22:32:38.590-0800] {taskinstance.py:2613} INFO - Dependencies all met for dep_context=non-requeueable deps ti=<TaskInstance: CovidE2EPipeDag.create_load_sql_file scheduled__2025-01-01T00:39:00+00:00 [queued]>
[2025-01-03T22:32:38.597-0800] {taskinstance.py:2613} INFO - Dependencies all met for dep_context=requeueable deps ti=<TaskInstance: CovidE2EPipeDag.create_load_sql_file scheduled__2025-01-01T00:39:00+00:00 [queued]>
[2025-01-03T22:32:38.597-0800] {taskinstance.py:2866} INFO - Starting attempt 1 of 2
[2025-01-03T22:32:38.617-0800] {taskinstance.py:2889} INFO - Executing <Task(BashOperator): create_load_sql_file> on 2025-01-01 00:39:00+00:00
[2025-01-03T22:32:38.622-0800] {standard_task_runner.py:72} INFO - Started process 71813 to run task
[2025-01-03T22:32:38.630-0800] {standard_task_runner.py:104} INFO - Running: ['airflow', 'tasks', 'run', 'CovidE2EPipeDag', 'create_load_sql_file', 'scheduled__2025-01-01T00:39:00+00:00', '--job-id', '643', '--raw', '--subdir', 'DAGS_FOLDER/CovidE2EPipeDag.py', '--cfg-path', '/var/folders/vm/rn9v1g1j739_mq8j5pfl1yxm0000gn/T/tmp9gc57rmv']
[2025-01-03T22:32:38.633-0800] {standard_task_runner.py:105} INFO - Job 643: Subtask create_load_sql_file
[2025-01-03T22:32:38.689-0800] {task_command.py:467} INFO - Running <TaskInstance: CovidE2EPipeDag.create_load_sql_file scheduled__2025-01-01T00:39:00+00:00 [running]> on host Matthews-MacBook-Air.local
[2025-01-03T22:32:38.762-0800] {taskinstance.py:3132} INFO - Exporting env vars: AIRFLOW_CTX_DAG_OWNER='Matthew Horn' AIRFLOW_CTX_DAG_ID='CovidE2EPipeDag' AIRFLOW_CTX_TASK_ID='create_load_sql_file' AIRFLOW_CTX_EXECUTION_DATE='2025-01-01T00:39:00+00:00' AIRFLOW_CTX_TRY_NUMBER='1' AIRFLOW_CTX_DAG_RUN_ID='scheduled__2025-01-01T00:39:00+00:00'
[2025-01-03T22:32:38.764-0800] {logging_mixin.py:190} INFO - Task instance is in running state
[2025-01-03T22:32:38.765-0800] {logging_mixin.py:190} INFO -  Previous state of the Task instance: queued
[2025-01-03T22:32:38.765-0800] {logging_mixin.py:190} INFO - Current task name:create_load_sql_file state:running start_date:2025-01-04 06:32:38.590574+00:00
[2025-01-03T22:32:38.766-0800] {logging_mixin.py:190} INFO - Dag name:CovidE2EPipeDag and current dag run status:running
[2025-01-03T22:32:38.766-0800] {taskinstance.py:731} INFO - ::endgroup::
[2025-01-03T22:32:38.768-0800] {subprocess.py:78} INFO - Tmp dir root location: /var/folders/vm/rn9v1g1j739_mq8j5pfl1yxm0000gn/T
[2025-01-03T22:32:38.769-0800] {subprocess.py:88} INFO - Running command: ['/bin/bash', '-c', 'echo "COPY INTO CovidE2EPipeDatabase.raw_data.industrial_production\n    FROM @raw_data_stage\n    FILES = (\'~/airflow/data/raw/industrial_production_2025-01-03.csv\')\n    FILE_FORMAT = ( TYPE=\'CSV\' )\n    ON_ERROR = \'CONTINUE\';\n    " > ~/airflow/helper_scripts/load_staged_data_2025-01-03.sql']
[2025-01-03T22:32:38.777-0800] {subprocess.py:99} INFO - Output:
[2025-01-03T22:32:38.782-0800] {subprocess.py:110} INFO - Command exited with return code 0
[2025-01-03T22:32:38.805-0800] {taskinstance.py:340} INFO - ::group::Post task execution logs
[2025-01-03T22:32:38.807-0800] {taskinstance.py:352} INFO - Marking task as SUCCESS. dag_id=CovidE2EPipeDag, task_id=create_load_sql_file, run_id=scheduled__2025-01-01T00:39:00+00:00, execution_date=20250101T003900, start_date=20250104T063238, end_date=20250104T063238
[2025-01-03T22:32:38.817-0800] {logging_mixin.py:190} INFO - Task instance in success state
[2025-01-03T22:32:38.818-0800] {logging_mixin.py:190} INFO -  Previous state of the Task instance: running
[2025-01-03T22:32:38.819-0800] {logging_mixin.py:190} INFO - Dag name:CovidE2EPipeDag queued_at:2025-01-04 05:52:28.350262+00:00
[2025-01-03T22:32:38.819-0800] {logging_mixin.py:190} INFO - Task hostname:Matthews-MacBook-Air.local operator:BashOperator
[2025-01-03T22:32:38.863-0800] {local_task_job_runner.py:266} INFO - Task exited with return code 0
[2025-01-03T22:32:38.893-0800] {taskinstance.py:3895} INFO - 0 downstream tasks scheduled from follow-on schedule check
[2025-01-03T22:32:38.894-0800] {local_task_job_runner.py:245} INFO - ::endgroup::
