[2025-01-09T16:57:50.875-0800] {local_task_job_runner.py:123} INFO - ::group::Pre task execution logs
[2025-01-09T16:57:50.887-0800] {taskinstance.py:2613} INFO - Dependencies all met for dep_context=non-requeueable deps ti=<TaskInstance: CovidE2EPipeDag.append_daily_raw_data scheduled__2025-01-08T20:00:00+00:00 [queued]>
[2025-01-09T16:57:50.895-0800] {taskinstance.py:2613} INFO - Dependencies all met for dep_context=requeueable deps ti=<TaskInstance: CovidE2EPipeDag.append_daily_raw_data scheduled__2025-01-08T20:00:00+00:00 [queued]>
[2025-01-09T16:57:50.896-0800] {taskinstance.py:2866} INFO - Starting attempt 1 of 2
[2025-01-09T16:57:50.916-0800] {taskinstance.py:2889} INFO - Executing <Task(BashOperator): append_daily_raw_data> on 2025-01-08 20:00:00+00:00
[2025-01-09T16:57:50.919-0800] {standard_task_runner.py:72} INFO - Started process 16872 to run task
[2025-01-09T16:57:50.929-0800] {standard_task_runner.py:104} INFO - Running: ['airflow', 'tasks', 'run', 'CovidE2EPipeDag', 'append_daily_raw_data', 'scheduled__2025-01-08T20:00:00+00:00', '--job-id', '1754', '--raw', '--subdir', 'DAGS_FOLDER/CovidE2EPipeDag.py', '--cfg-path', '/var/folders/vm/rn9v1g1j739_mq8j5pfl1yxm0000gn/T/tmpolxwob5b']
[2025-01-09T16:57:50.932-0800] {standard_task_runner.py:105} INFO - Job 1754: Subtask append_daily_raw_data
[2025-01-09T16:57:50.988-0800] {task_command.py:467} INFO - Running <TaskInstance: CovidE2EPipeDag.append_daily_raw_data scheduled__2025-01-08T20:00:00+00:00 [running]> on host Matthews-MacBook-Air.local
[2025-01-09T16:57:51.104-0800] {taskinstance.py:3132} INFO - Exporting env vars: AIRFLOW_CTX_DAG_OWNER='Matthew Horn' AIRFLOW_CTX_DAG_ID='CovidE2EPipeDag' AIRFLOW_CTX_TASK_ID='append_daily_raw_data' AIRFLOW_CTX_EXECUTION_DATE='2025-01-08T20:00:00+00:00' AIRFLOW_CTX_TRY_NUMBER='1' AIRFLOW_CTX_DAG_RUN_ID='scheduled__2025-01-08T20:00:00+00:00'
[2025-01-09T16:57:51.105-0800] {taskinstance.py:731} INFO - ::endgroup::
[2025-01-09T16:57:51.132-0800] {subprocess.py:78} INFO - Tmp dir root location: /var/folders/vm/rn9v1g1j739_mq8j5pfl1yxm0000gn/T
[2025-01-09T16:57:51.134-0800] {subprocess.py:88} INFO - Running command: ['/bin/bash', '-c', 'snow stage execute @CovidE2EPipeDatabase.raw_data.raw_data_stage/append_raw_data.sql']
[2025-01-09T16:57:51.144-0800] {subprocess.py:99} INFO - Output:
[2025-01-09T16:58:01.103-0800] {subprocess.py:106} INFO - SUCCESS - @CovidE2EPipeDatabase.raw_data.raw_data_stage/append_raw_data.sql
[2025-01-09T16:58:01.110-0800] {subprocess.py:106} INFO - +------------------+
[2025-01-09T16:58:01.111-0800] {subprocess.py:106} INFO - | Fil | Sta | Erro |
[2025-01-09T16:58:01.112-0800] {subprocess.py:106} INFO - | e   | tus | r    |
[2025-01-09T16:58:01.112-0800] {subprocess.py:106} INFO - |-----+-----+------|
[2025-01-09T16:58:01.113-0800] {subprocess.py:106} INFO - | @Co | SUC | None |
[2025-01-09T16:58:01.114-0800] {subprocess.py:106} INFO - | vid | CES |      |
[2025-01-09T16:58:01.115-0800] {subprocess.py:106} INFO - | E2E | S   |      |
[2025-01-09T16:58:01.117-0800] {subprocess.py:106} INFO - | Pip |     |      |
[2025-01-09T16:58:01.118-0800] {subprocess.py:106} INFO - | eDa |     |      |
[2025-01-09T16:58:01.119-0800] {subprocess.py:106} INFO - | tab |     |      |
[2025-01-09T16:58:01.120-0800] {subprocess.py:106} INFO - | ase |     |      |
[2025-01-09T16:58:01.121-0800] {subprocess.py:106} INFO - | .ra |     |      |
[2025-01-09T16:58:01.122-0800] {subprocess.py:106} INFO - | w_d |     |      |
[2025-01-09T16:58:01.123-0800] {subprocess.py:106} INFO - | ata |     |      |
[2025-01-09T16:58:01.124-0800] {subprocess.py:106} INFO - | .ra |     |      |
[2025-01-09T16:58:01.125-0800] {subprocess.py:106} INFO - | w_d |     |      |
[2025-01-09T16:58:01.127-0800] {subprocess.py:106} INFO - | ata |     |      |
[2025-01-09T16:58:01.128-0800] {subprocess.py:106} INFO - | _st |     |      |
[2025-01-09T16:58:01.129-0800] {subprocess.py:106} INFO - | age |     |      |
[2025-01-09T16:58:01.131-0800] {subprocess.py:106} INFO - | /ap |     |      |
[2025-01-09T16:58:01.132-0800] {subprocess.py:106} INFO - | pen |     |      |
[2025-01-09T16:58:01.133-0800] {subprocess.py:106} INFO - | d_r |     |      |
[2025-01-09T16:58:01.136-0800] {subprocess.py:106} INFO - | aw_ |     |      |
[2025-01-09T16:58:01.138-0800] {subprocess.py:106} INFO - | dat |     |      |
[2025-01-09T16:58:01.139-0800] {subprocess.py:106} INFO - | a.s |     |      |
[2025-01-09T16:58:01.140-0800] {subprocess.py:106} INFO - | ql  |     |      |
[2025-01-09T16:58:01.142-0800] {subprocess.py:106} INFO - +------------------+
[2025-01-09T16:58:01.665-0800] {subprocess.py:110} INFO - Command exited with return code 0
[2025-01-09T16:58:01.692-0800] {taskinstance.py:340} INFO - ::group::Post task execution logs
[2025-01-09T16:58:01.693-0800] {taskinstance.py:352} INFO - Marking task as SUCCESS. dag_id=CovidE2EPipeDag, task_id=append_daily_raw_data, run_id=scheduled__2025-01-08T20:00:00+00:00, execution_date=20250108T200000, start_date=20250110T005750, end_date=20250110T005801
[2025-01-09T16:58:01.724-0800] {local_task_job_runner.py:266} INFO - Task exited with return code 0
[2025-01-09T16:58:01.754-0800] {taskinstance.py:3895} INFO - 0 downstream tasks scheduled from follow-on schedule check
[2025-01-09T16:58:01.757-0800] {local_task_job_runner.py:245} INFO - ::endgroup::
