[2025-01-08T13:41:35.848-0800] {local_task_job_runner.py:123} INFO - ::group::Pre task execution logs
[2025-01-08T13:41:35.870-0800] {taskinstance.py:2613} INFO - Dependencies all met for dep_context=non-requeueable deps ti=<TaskInstance: CovidE2EPipeDag.stage_sql manual__2025-01-08T21:36:10.704435+00:00 [queued]>
[2025-01-08T13:41:35.882-0800] {taskinstance.py:2613} INFO - Dependencies all met for dep_context=requeueable deps ti=<TaskInstance: CovidE2EPipeDag.stage_sql manual__2025-01-08T21:36:10.704435+00:00 [queued]>
[2025-01-08T13:41:35.883-0800] {taskinstance.py:2866} INFO - Starting attempt 1 of 2
[2025-01-08T13:41:35.899-0800] {taskinstance.py:2889} INFO - Executing <Task(BashOperator): stage_sql> on 2025-01-08 21:36:10.704435+00:00
[2025-01-08T13:41:35.903-0800] {standard_task_runner.py:72} INFO - Started process 5827 to run task
[2025-01-08T13:41:35.912-0800] {standard_task_runner.py:104} INFO - Running: ['airflow', 'tasks', 'run', 'CovidE2EPipeDag', 'stage_sql', 'manual__2025-01-08T21:36:10.704435+00:00', '--job-id', '1207', '--raw', '--subdir', 'DAGS_FOLDER/CovidE2EPipeDag.py', '--cfg-path', '/var/folders/vm/rn9v1g1j739_mq8j5pfl1yxm0000gn/T/tmpf1mld00f']
[2025-01-08T13:41:35.915-0800] {standard_task_runner.py:105} INFO - Job 1207: Subtask stage_sql
[2025-01-08T13:41:35.971-0800] {task_command.py:467} INFO - Running <TaskInstance: CovidE2EPipeDag.stage_sql manual__2025-01-08T21:36:10.704435+00:00 [running]> on host Matthews-MacBook-Air.local
[2025-01-08T13:41:36.062-0800] {taskinstance.py:3132} INFO - Exporting env vars: AIRFLOW_CTX_DAG_OWNER='Matthew Horn' AIRFLOW_CTX_DAG_ID='CovidE2EPipeDag' AIRFLOW_CTX_TASK_ID='stage_sql' AIRFLOW_CTX_EXECUTION_DATE='2025-01-08T21:36:10.704435+00:00' AIRFLOW_CTX_TRY_NUMBER='1' AIRFLOW_CTX_DAG_RUN_ID='manual__2025-01-08T21:36:10.704435+00:00'
[2025-01-08T13:41:36.063-0800] {taskinstance.py:731} INFO - ::endgroup::
[2025-01-08T13:41:36.083-0800] {subprocess.py:78} INFO - Tmp dir root location: /var/folders/vm/rn9v1g1j739_mq8j5pfl1yxm0000gn/T
[2025-01-08T13:41:36.084-0800] {subprocess.py:88} INFO - Running command: ['/bin/bash', '-c', 'snow stage copy /Users/matthewmac/airflow/helper_scripts/load_staged_data_2025-01-08.sql @CovidE2EPipeDatabase.raw_data.raw_data_stage']
[2025-01-08T13:41:36.093-0800] {subprocess.py:99} INFO - Output:
[2025-01-08T13:41:40.812-0800] {subprocess.py:106} INFO - +--------------------------------+
[2025-01-08T13:41:40.813-0800] {subprocess.py:106} INFO - |   |   |   |   | s | t |   |    |
[2025-01-08T13:41:40.814-0800] {subprocess.py:106} INFO - |   |   |   |   | o | a |   |    |
[2025-01-08T13:41:40.815-0800] {subprocess.py:106} INFO - |   |   |   |   | u | r |   |    |
[2025-01-08T13:41:40.815-0800] {subprocess.py:106} INFO - |   |   |   |   | r | g |   |    |
[2025-01-08T13:41:40.816-0800] {subprocess.py:106} INFO - |   |   |   |   | c | e |   |    |
[2025-01-08T13:41:40.817-0800] {subprocess.py:106} INFO - |   |   |   |   | e | t |   |    |
[2025-01-08T13:41:40.818-0800] {subprocess.py:106} INFO - |   |   |   |   | _ | _ |   |    |
[2025-01-08T13:41:40.819-0800] {subprocess.py:106} INFO - |   |   | s | t | c | c |   |    |
[2025-01-08T13:41:40.820-0800] {subprocess.py:106} INFO - |   |   | o | a | o | o |   |    |
[2025-01-08T13:41:40.821-0800] {subprocess.py:106} INFO - |   |   | u | r | m | m |   |    |
[2025-01-08T13:41:40.821-0800] {subprocess.py:106} INFO - |   |   | r | g | p | p |   |    |
[2025-01-08T13:41:40.822-0800] {subprocess.py:106} INFO - |   |   | c | e | r | r |   |    |
[2025-01-08T13:41:40.822-0800] {subprocess.py:106} INFO - | s | t | e | t | e | e | s |    |
[2025-01-08T13:41:40.823-0800] {subprocess.py:106} INFO - | o | a | _ | _ | s | s | t |    |
[2025-01-08T13:41:40.823-0800] {subprocess.py:106} INFO - | u | r | s | s | s | s | a | me |
[2025-01-08T13:41:40.824-0800] {subprocess.py:106} INFO - | r | g | i | i | i | i | t | ss |
[2025-01-08T13:41:40.824-0800] {subprocess.py:106} INFO - | c | e | z | z | o | o | u | ag |
[2025-01-08T13:41:40.825-0800] {subprocess.py:106} INFO - | e | t | e | e | n | n | s | e  |
[2025-01-08T13:41:40.827-0800] {subprocess.py:106} INFO - |---+---+---+---+---+---+---+----|
[2025-01-08T13:41:40.828-0800] {subprocess.py:106} INFO - | l | l | 1 | 1 | N | N | U |    |
[2025-01-08T13:41:40.828-0800] {subprocess.py:106} INFO - | o | o | 6 | 6 | O | O | P |    |
[2025-01-08T13:41:40.829-0800] {subprocess.py:106} INFO - | a | a | 2 | 3 | N | N | L |    |
[2025-01-08T13:41:40.829-0800] {subprocess.py:106} INFO - | d | d | 5 | 2 | E | E | O |    |
[2025-01-08T13:41:40.830-0800] {subprocess.py:106} INFO - | _ | _ |   |   |   |   | A |    |
[2025-01-08T13:41:40.831-0800] {subprocess.py:106} INFO - | s | s |   |   |   |   | D |    |
[2025-01-08T13:41:40.831-0800] {subprocess.py:106} INFO - | t | t |   |   |   |   | E |    |
[2025-01-08T13:41:40.832-0800] {subprocess.py:106} INFO - | a | a |   |   |   |   | D |    |
[2025-01-08T13:41:40.832-0800] {subprocess.py:106} INFO - | g | g |   |   |   |   |   |    |
[2025-01-08T13:41:40.833-0800] {subprocess.py:106} INFO - | e | e |   |   |   |   |   |    |
[2025-01-08T13:41:40.834-0800] {subprocess.py:106} INFO - | d | d |   |   |   |   |   |    |
[2025-01-08T13:41:40.834-0800] {subprocess.py:106} INFO - | _ | _ |   |   |   |   |   |    |
[2025-01-08T13:41:40.835-0800] {subprocess.py:106} INFO - | d | d |   |   |   |   |   |    |
[2025-01-08T13:41:40.837-0800] {subprocess.py:106} INFO - | a | a |   |   |   |   |   |    |
[2025-01-08T13:41:40.837-0800] {subprocess.py:106} INFO - | t | t |   |   |   |   |   |    |
[2025-01-08T13:41:40.838-0800] {subprocess.py:106} INFO - | a | a |   |   |   |   |   |    |
[2025-01-08T13:41:40.839-0800] {subprocess.py:106} INFO - | _ | _ |   |   |   |   |   |    |
[2025-01-08T13:41:40.839-0800] {subprocess.py:106} INFO - | 2 | 2 |   |   |   |   |   |    |
[2025-01-08T13:41:40.840-0800] {subprocess.py:106} INFO - | 0 | 0 |   |   |   |   |   |    |
[2025-01-08T13:41:40.840-0800] {subprocess.py:106} INFO - | 2 | 2 |   |   |   |   |   |    |
[2025-01-08T13:41:40.841-0800] {subprocess.py:106} INFO - | 5 | 5 |   |   |   |   |   |    |
[2025-01-08T13:41:40.842-0800] {subprocess.py:106} INFO - | - | - |   |   |   |   |   |    |
[2025-01-08T13:41:40.842-0800] {subprocess.py:106} INFO - | 0 | 0 |   |   |   |   |   |    |
[2025-01-08T13:41:40.844-0800] {subprocess.py:106} INFO - | 1 | 1 |   |   |   |   |   |    |
[2025-01-08T13:41:40.844-0800] {subprocess.py:106} INFO - | - | - |   |   |   |   |   |    |
[2025-01-08T13:41:40.845-0800] {subprocess.py:106} INFO - | 0 | 0 |   |   |   |   |   |    |
[2025-01-08T13:41:40.846-0800] {subprocess.py:106} INFO - | 8 | 8 |   |   |   |   |   |    |
[2025-01-08T13:41:40.846-0800] {subprocess.py:106} INFO - | . | . |   |   |   |   |   |    |
[2025-01-08T13:41:40.847-0800] {subprocess.py:106} INFO - | s | s |   |   |   |   |   |    |
[2025-01-08T13:41:40.847-0800] {subprocess.py:106} INFO - | q | q |   |   |   |   |   |    |
[2025-01-08T13:41:40.848-0800] {subprocess.py:106} INFO - | l | l |   |   |   |   |   |    |
[2025-01-08T13:41:40.848-0800] {subprocess.py:106} INFO - +--------------------------------+
[2025-01-08T13:41:41.250-0800] {subprocess.py:110} INFO - Command exited with return code 0
[2025-01-08T13:41:41.285-0800] {taskinstance.py:340} INFO - ::group::Post task execution logs
[2025-01-08T13:41:41.288-0800] {taskinstance.py:352} INFO - Marking task as SUCCESS. dag_id=CovidE2EPipeDag, task_id=stage_sql, run_id=manual__2025-01-08T21:36:10.704435+00:00, execution_date=20250108T213610, start_date=20250108T214135, end_date=20250108T214141
[2025-01-08T13:41:41.347-0800] {local_task_job_runner.py:266} INFO - Task exited with return code 0
[2025-01-08T13:41:41.387-0800] {taskinstance.py:3895} INFO - 1 downstream tasks scheduled from follow-on schedule check
[2025-01-08T13:41:41.391-0800] {local_task_job_runner.py:245} INFO - ::endgroup::
