[2025-01-04T11:24:46.932-0800] {local_task_job_runner.py:123} INFO - ::group::Pre task execution logs
[2025-01-04T11:24:46.951-0800] {taskinstance.py:2613} INFO - Dependencies all met for dep_context=non-requeueable deps ti=<TaskInstance: CovidE2EPipeDag.fetch_raw scheduled__2025-01-01T01:02:00+00:00 [queued]>
[2025-01-04T11:24:46.965-0800] {taskinstance.py:2613} INFO - Dependencies all met for dep_context=requeueable deps ti=<TaskInstance: CovidE2EPipeDag.fetch_raw scheduled__2025-01-01T01:02:00+00:00 [queued]>
[2025-01-04T11:24:46.966-0800] {taskinstance.py:2866} INFO - Starting attempt 1 of 2
[2025-01-04T11:24:46.998-0800] {taskinstance.py:2889} INFO - Executing <Task(PythonOperator): fetch_raw> on 2025-01-01 01:02:00+00:00
[2025-01-04T11:24:47.001-0800] {standard_task_runner.py:72} INFO - Started process 78098 to run task
[2025-01-04T11:24:47.012-0800] {standard_task_runner.py:104} INFO - Running: ['airflow', 'tasks', 'run', 'CovidE2EPipeDag', 'fetch_raw', 'scheduled__2025-01-01T01:02:00+00:00', '--job-id', '888', '--raw', '--subdir', 'DAGS_FOLDER/CovidE2EPipeDag.py', '--cfg-path', '/var/folders/vm/rn9v1g1j739_mq8j5pfl1yxm0000gn/T/tmposg_a0pj']
[2025-01-04T11:24:47.015-0800] {standard_task_runner.py:105} INFO - Job 888: Subtask fetch_raw
[2025-01-04T11:24:47.096-0800] {task_command.py:467} INFO - Running <TaskInstance: CovidE2EPipeDag.fetch_raw scheduled__2025-01-01T01:02:00+00:00 [running]> on host Matthews-MacBook-Air.local
[2025-01-04T11:24:47.200-0800] {taskinstance.py:3132} INFO - Exporting env vars: AIRFLOW_CTX_DAG_OWNER='Matthew Horn' AIRFLOW_CTX_DAG_ID='CovidE2EPipeDag' AIRFLOW_CTX_TASK_ID='fetch_raw' AIRFLOW_CTX_EXECUTION_DATE='2025-01-01T01:02:00+00:00' AIRFLOW_CTX_TRY_NUMBER='1' AIRFLOW_CTX_DAG_RUN_ID='scheduled__2025-01-01T01:02:00+00:00'
[2025-01-04T11:24:47.201-0800] {taskinstance.py:731} INFO - ::endgroup::
[2025-01-04T11:24:47.585-0800] {logging_mixin.py:190} INFO - industrial_production data was saved to /Users/matthewmac/airflow/data/raw/industrial_production_2025-01-04.csv
[2025-01-04T11:24:47.618-0800] {logging_mixin.py:190} INFO -   realtime_start realtime_end        date   value
0     2024-12-17   2024-12-17  1919-01-01  4.8654
1     2024-12-17   2024-12-17  1919-02-01  4.6504
2     2024-12-17   2024-12-17  1919-03-01   4.516
3     2024-12-17   2024-12-17  1919-04-01  4.5966
4     2024-12-17   2024-12-17  1919-05-01  4.6235
[2025-01-04T11:24:47.621-0800] {python.py:240} INFO - Done. Returned value was: None
[2025-01-04T11:24:47.634-0800] {taskinstance.py:340} INFO - ::group::Post task execution logs
[2025-01-04T11:24:47.635-0800] {taskinstance.py:352} INFO - Marking task as SUCCESS. dag_id=CovidE2EPipeDag, task_id=fetch_raw, run_id=scheduled__2025-01-01T01:02:00+00:00, execution_date=20250101T010200, start_date=20250104T192446, end_date=20250104T192447
[2025-01-04T11:24:47.703-0800] {local_task_job_runner.py:266} INFO - Task exited with return code 0
[2025-01-04T11:24:47.733-0800] {taskinstance.py:3895} INFO - 1 downstream tasks scheduled from follow-on schedule check
[2025-01-04T11:24:47.736-0800] {local_task_job_runner.py:245} INFO - ::endgroup::
