[2025-01-08T19:40:39.381-0800] {local_task_job_runner.py:123} INFO - ::group::Pre task execution logs
[2025-01-08T19:40:39.394-0800] {taskinstance.py:2613} INFO - Dependencies all met for dep_context=non-requeueable deps ti=<TaskInstance: CovidE2EPipeDag.append_daily_raw_data manual__2025-01-09T03:38:16.240891+00:00 [queued]>
[2025-01-08T19:40:39.403-0800] {taskinstance.py:2613} INFO - Dependencies all met for dep_context=requeueable deps ti=<TaskInstance: CovidE2EPipeDag.append_daily_raw_data manual__2025-01-09T03:38:16.240891+00:00 [queued]>
[2025-01-08T19:40:39.403-0800] {taskinstance.py:2866} INFO - Starting attempt 1 of 2
[2025-01-08T19:40:39.422-0800] {taskinstance.py:2889} INFO - Executing <Task(BashOperator): append_daily_raw_data> on 2025-01-09 03:38:16.240891+00:00
[2025-01-08T19:40:39.427-0800] {standard_task_runner.py:72} INFO - Started process 10167 to run task
[2025-01-08T19:40:39.444-0800] {standard_task_runner.py:104} INFO - Running: ['airflow', 'tasks', 'run', 'CovidE2EPipeDag', 'append_daily_raw_data', 'manual__2025-01-09T03:38:16.240891+00:00', '--job-id', '1693', '--raw', '--subdir', 'DAGS_FOLDER/CovidE2EPipeDag.py', '--cfg-path', '/var/folders/vm/rn9v1g1j739_mq8j5pfl1yxm0000gn/T/tmpxjm_qoiz']
[2025-01-08T19:40:39.447-0800] {standard_task_runner.py:105} INFO - Job 1693: Subtask append_daily_raw_data
[2025-01-08T19:40:39.503-0800] {task_command.py:467} INFO - Running <TaskInstance: CovidE2EPipeDag.append_daily_raw_data manual__2025-01-09T03:38:16.240891+00:00 [running]> on host Matthews-MacBook-Air.local
[2025-01-08T19:40:39.588-0800] {taskinstance.py:3132} INFO - Exporting env vars: AIRFLOW_CTX_DAG_OWNER='Matthew Horn' AIRFLOW_CTX_DAG_ID='CovidE2EPipeDag' AIRFLOW_CTX_TASK_ID='append_daily_raw_data' AIRFLOW_CTX_EXECUTION_DATE='2025-01-09T03:38:16.240891+00:00' AIRFLOW_CTX_TRY_NUMBER='1' AIRFLOW_CTX_DAG_RUN_ID='manual__2025-01-09T03:38:16.240891+00:00'
[2025-01-08T19:40:39.589-0800] {taskinstance.py:731} INFO - ::endgroup::
[2025-01-08T19:40:39.608-0800] {subprocess.py:78} INFO - Tmp dir root location: /var/folders/vm/rn9v1g1j739_mq8j5pfl1yxm0000gn/T
[2025-01-08T19:40:39.609-0800] {subprocess.py:88} INFO - Running command: ['/bin/bash', '-c', 'snow stage execute @CovidE2EPipeDatabase.raw_data.raw_data_stage/append_raw_data.sql']
[2025-01-08T19:40:39.619-0800] {subprocess.py:99} INFO - Output:
[2025-01-08T19:40:45.689-0800] {subprocess.py:106} INFO - SUCCESS - @CovidE2EPipeDatabase.raw_data.raw_data_stage/append_raw_data.sql
[2025-01-08T19:40:45.694-0800] {subprocess.py:106} INFO - +---------------------------------------------------+
[2025-01-08T19:40:45.695-0800] {subprocess.py:106} INFO - | File                            | Status  | Error |
[2025-01-08T19:40:45.695-0800] {subprocess.py:106} INFO - |---------------------------------+---------+-------|
[2025-01-08T19:40:45.696-0800] {subprocess.py:106} INFO - | @CovidE2EPipeDatabase.raw_data. | SUCCESS | None  |
[2025-01-08T19:40:45.697-0800] {subprocess.py:106} INFO - | raw_data_stage/append_raw_data. |         |       |
[2025-01-08T19:40:45.697-0800] {subprocess.py:106} INFO - | sql                             |         |       |
[2025-01-08T19:40:45.698-0800] {subprocess.py:106} INFO - +---------------------------------------------------+
[2025-01-08T19:40:46.096-0800] {subprocess.py:110} INFO - Command exited with return code 0
[2025-01-08T19:40:46.120-0800] {taskinstance.py:340} INFO - ::group::Post task execution logs
[2025-01-08T19:40:46.122-0800] {taskinstance.py:352} INFO - Marking task as SUCCESS. dag_id=CovidE2EPipeDag, task_id=append_daily_raw_data, run_id=manual__2025-01-09T03:38:16.240891+00:00, execution_date=20250109T033816, start_date=20250109T034039, end_date=20250109T034046
[2025-01-08T19:40:46.169-0800] {local_task_job_runner.py:266} INFO - Task exited with return code 0
[2025-01-08T19:40:46.206-0800] {taskinstance.py:3895} INFO - 0 downstream tasks scheduled from follow-on schedule check
[2025-01-08T19:40:46.207-0800] {local_task_job_runner.py:245} INFO - ::endgroup::
