[2025-01-04T10:35:27.936-0800] {local_task_job_runner.py:123} INFO - ::group::Pre task execution logs
[2025-01-04T10:35:27.955-0800] {taskinstance.py:2613} INFO - Dependencies all met for dep_context=non-requeueable deps ti=<TaskInstance: CovidE2EPipeDag.archive_raw_data scheduled__2025-01-01T00:53:00+00:00 [queued]>
[2025-01-04T10:35:27.964-0800] {taskinstance.py:2613} INFO - Dependencies all met for dep_context=requeueable deps ti=<TaskInstance: CovidE2EPipeDag.archive_raw_data scheduled__2025-01-01T00:53:00+00:00 [queued]>
[2025-01-04T10:35:27.965-0800] {taskinstance.py:2866} INFO - Starting attempt 1 of 2
[2025-01-04T10:35:27.982-0800] {taskinstance.py:2889} INFO - Executing <Task(BashOperator): archive_raw_data> on 2025-01-01 00:53:00+00:00
[2025-01-04T10:35:27.986-0800] {standard_task_runner.py:72} INFO - Started process 74446 to run task
[2025-01-04T10:35:27.998-0800] {standard_task_runner.py:104} INFO - Running: ['airflow', 'tasks', 'run', 'CovidE2EPipeDag', 'archive_raw_data', 'scheduled__2025-01-01T00:53:00+00:00', '--job-id', '788', '--raw', '--subdir', 'DAGS_FOLDER/CovidE2EPipeDag.py', '--cfg-path', '/var/folders/vm/rn9v1g1j739_mq8j5pfl1yxm0000gn/T/tmp0fc1iv5v']
[2025-01-04T10:35:28.001-0800] {standard_task_runner.py:105} INFO - Job 788: Subtask archive_raw_data
[2025-01-04T10:35:28.069-0800] {task_command.py:467} INFO - Running <TaskInstance: CovidE2EPipeDag.archive_raw_data scheduled__2025-01-01T00:53:00+00:00 [running]> on host Matthews-MacBook-Air.local
[2025-01-04T10:35:28.196-0800] {taskinstance.py:3132} INFO - Exporting env vars: AIRFLOW_CTX_DAG_OWNER='Matthew Horn' AIRFLOW_CTX_DAG_ID='CovidE2EPipeDag' AIRFLOW_CTX_TASK_ID='archive_raw_data' AIRFLOW_CTX_EXECUTION_DATE='2025-01-01T00:53:00+00:00' AIRFLOW_CTX_TRY_NUMBER='1' AIRFLOW_CTX_DAG_RUN_ID='scheduled__2025-01-01T00:53:00+00:00'
[2025-01-04T10:35:28.198-0800] {logging_mixin.py:190} INFO - Task instance is in running state
[2025-01-04T10:35:28.200-0800] {logging_mixin.py:190} INFO -  Previous state of the Task instance: queued
[2025-01-04T10:35:28.201-0800] {logging_mixin.py:190} INFO - Current task name:archive_raw_data state:running start_date:2025-01-04 18:35:27.956422+00:00
[2025-01-04T10:35:28.201-0800] {logging_mixin.py:190} INFO - Dag name:CovidE2EPipeDag and current dag run status:running
[2025-01-04T10:35:28.202-0800] {taskinstance.py:731} INFO - ::endgroup::
[2025-01-04T10:35:28.203-0800] {subprocess.py:78} INFO - Tmp dir root location: /var/folders/vm/rn9v1g1j739_mq8j5pfl1yxm0000gn/T
[2025-01-04T10:35:28.204-0800] {subprocess.py:88} INFO - Running command: ['/bin/bash', '-c', 'cd ~/airflow/data/raw && zip raw_data_2025-01-04.zip *.csv                     && mv raw_data_2025-01-04.zip archived/']
[2025-01-04T10:35:28.213-0800] {subprocess.py:99} INFO - Output:
[2025-01-04T10:35:28.236-0800] {subprocess.py:106} INFO -   adding: 30yr_mortage_2025-01-02.csv (deflated 82%)
[2025-01-04T10:35:28.238-0800] {subprocess.py:106} INFO -   adding: GDP_2025-01-02.csv (deflated 77%)
[2025-01-04T10:35:28.241-0800] {subprocess.py:106} INFO -   adding: US_CPI_2025-01-02.csv (deflated 81%)
[2025-01-04T10:35:28.242-0800] {subprocess.py:106} INFO -   adding: exchanges_2025-01-02.csv (deflated 41%)
[2025-01-04T10:35:28.246-0800] {subprocess.py:106} INFO -   adding: industrial_production_2025-01-02.csv (deflated 80%)
[2025-01-04T10:35:28.248-0800] {subprocess.py:106} INFO -   adding: industrial_production_2025-01-03.csv (deflated 80%)
[2025-01-04T10:35:28.250-0800] {subprocess.py:106} INFO -   adding: industrial_production_2025-01-04.csv (deflated 80%)
[2025-01-04T10:35:28.252-0800] {subprocess.py:106} INFO -   adding: stocks_eod_2025-01-02.csv (deflated 72%)
[2025-01-04T10:35:28.254-0800] {subprocess.py:106} INFO -   adding: trade_balance_2025-01-02.csv (deflated 79%)
[2025-01-04T10:35:28.258-0800] {subprocess.py:106} INFO -   adding: unemployment_rate_2025-01-02.csv (deflated 84%)
[2025-01-04T10:35:28.265-0800] {subprocess.py:110} INFO - Command exited with return code 0
[2025-01-04T10:35:28.290-0800] {taskinstance.py:340} INFO - ::group::Post task execution logs
[2025-01-04T10:35:28.292-0800] {taskinstance.py:352} INFO - Marking task as SUCCESS. dag_id=CovidE2EPipeDag, task_id=archive_raw_data, run_id=scheduled__2025-01-01T00:53:00+00:00, execution_date=20250101T005300, start_date=20250104T183527, end_date=20250104T183528
[2025-01-04T10:35:28.308-0800] {logging_mixin.py:190} INFO - Task instance in success state
[2025-01-04T10:35:28.308-0800] {logging_mixin.py:190} INFO -  Previous state of the Task instance: running
[2025-01-04T10:35:28.309-0800] {logging_mixin.py:190} INFO - Dag name:CovidE2EPipeDag queued_at:2025-01-04 18:33:25.627986+00:00
[2025-01-04T10:35:28.310-0800] {logging_mixin.py:190} INFO - Task hostname:Matthews-MacBook-Air.local operator:BashOperator
[2025-01-04T10:35:28.330-0800] {local_task_job_runner.py:266} INFO - Task exited with return code 0
[2025-01-04T10:35:28.356-0800] {taskinstance.py:3895} INFO - 0 downstream tasks scheduled from follow-on schedule check
[2025-01-04T10:35:28.357-0800] {local_task_job_runner.py:245} INFO - ::endgroup::
