[2025-01-08T18:42:37.198-0800] {local_task_job_runner.py:123} INFO - ::group::Pre task execution logs
[2025-01-08T18:42:37.214-0800] {taskinstance.py:2613} INFO - Dependencies all met for dep_context=non-requeueable deps ti=<TaskInstance: CovidE2EPipeDag.convert_to_local manual__2025-01-09T02:42:05.388642+00:00 [queued]>
[2025-01-08T18:42:37.225-0800] {taskinstance.py:2613} INFO - Dependencies all met for dep_context=requeueable deps ti=<TaskInstance: CovidE2EPipeDag.convert_to_local manual__2025-01-09T02:42:05.388642+00:00 [queued]>
[2025-01-08T18:42:37.225-0800] {taskinstance.py:2866} INFO - Starting attempt 1 of 1
[2025-01-08T18:42:37.245-0800] {taskinstance.py:2889} INFO - Executing <Task(PythonOperator): convert_to_local> on 2025-01-09 02:42:05.388642+00:00
[2025-01-08T18:42:37.248-0800] {standard_task_runner.py:72} INFO - Started process 6388 to run task
[2025-01-08T18:42:37.258-0800] {standard_task_runner.py:104} INFO - Running: ['airflow', 'tasks', 'run', 'CovidE2EPipeDag', 'convert_to_local', 'manual__2025-01-09T02:42:05.388642+00:00', '--job-id', '1630', '--raw', '--subdir', 'DAGS_FOLDER/CovidE2EPipeDag.py', '--cfg-path', '/var/folders/vm/rn9v1g1j739_mq8j5pfl1yxm0000gn/T/tmp8d4bv7qq']
[2025-01-08T18:42:37.262-0800] {standard_task_runner.py:105} INFO - Job 1630: Subtask convert_to_local
[2025-01-08T18:42:37.315-0800] {task_command.py:467} INFO - Running <TaskInstance: CovidE2EPipeDag.convert_to_local manual__2025-01-09T02:42:05.388642+00:00 [running]> on host Matthews-MacBook-Air.local
[2025-01-08T18:42:37.400-0800] {taskinstance.py:3132} INFO - Exporting env vars: AIRFLOW_CTX_DAG_OWNER='airflow' AIRFLOW_CTX_DAG_ID='CovidE2EPipeDag' AIRFLOW_CTX_TASK_ID='convert_to_local' AIRFLOW_CTX_EXECUTION_DATE='2025-01-09T02:42:05.388642+00:00' AIRFLOW_CTX_TRY_NUMBER='1' AIRFLOW_CTX_DAG_RUN_ID='manual__2025-01-09T02:42:05.388642+00:00'
[2025-01-08T18:42:37.401-0800] {taskinstance.py:731} INFO - ::endgroup::
[2025-01-08T18:42:37.445-0800] {taskinstance.py:3311} ERROR - Task failed with exception
Traceback (most recent call last):
  File "/opt/anaconda3/envs/airflow_env/lib/python3.9/site-packages/airflow/models/taskinstance.py", line 767, in _execute_task
    result = _execute_callable(context=context, **execute_callable_kwargs)
  File "/opt/anaconda3/envs/airflow_env/lib/python3.9/site-packages/airflow/models/taskinstance.py", line 733, in _execute_callable
    return ExecutionCallableRunner(
  File "/opt/anaconda3/envs/airflow_env/lib/python3.9/site-packages/airflow/utils/operator_helpers.py", line 252, in run
    return self.func(*args, **kwargs)
  File "/opt/anaconda3/envs/airflow_env/lib/python3.9/site-packages/airflow/models/baseoperator.py", line 422, in wrapper
    return func(self, *args, **kwargs)
  File "/opt/anaconda3/envs/airflow_env/lib/python3.9/site-packages/airflow/operators/python.py", line 238, in execute
    return_value = self.execute_callable()
  File "/opt/anaconda3/envs/airflow_env/lib/python3.9/site-packages/airflow/operators/python.py", line 256, in execute_callable
    return runner.run(*self.op_args, **self.op_kwargs)
  File "/opt/anaconda3/envs/airflow_env/lib/python3.9/site-packages/airflow/utils/operator_helpers.py", line 252, in run
    return self.func(*args, **kwargs)
  File "/Users/matthewmac/airflow/dags/CovidE2EPipeDag.py", line 45, in convert_to_local_timezone
    local_date = local_tz.convert(ds)  # `ds` is in UTC by default
  File "/opt/anaconda3/envs/airflow_env/lib/python3.9/site-packages/pendulum/tz/timezone.py", line 95, in convert
    if dt.tzinfo is None:
AttributeError: 'str' object has no attribute 'tzinfo'
[2025-01-08T18:42:37.458-0800] {taskinstance.py:1225} INFO - Marking task as FAILED. dag_id=CovidE2EPipeDag, task_id=convert_to_local, run_id=manual__2025-01-09T02:42:05.388642+00:00, execution_date=20250109T024205, start_date=20250109T024237, end_date=20250109T024237
[2025-01-08T18:42:37.473-0800] {taskinstance.py:340} INFO - ::group::Post task execution logs
[2025-01-08T18:42:37.474-0800] {standard_task_runner.py:124} ERROR - Failed to execute job 1630 for task convert_to_local ('str' object has no attribute 'tzinfo'; 6388)
Traceback (most recent call last):
  File "/opt/anaconda3/envs/airflow_env/lib/python3.9/site-packages/airflow/task/task_runner/standard_task_runner.py", line 117, in _start_by_fork
    ret = args.func(args, dag=self.dag)
  File "/opt/anaconda3/envs/airflow_env/lib/python3.9/site-packages/airflow/cli/cli_config.py", line 49, in command
    return func(*args, **kwargs)
  File "/opt/anaconda3/envs/airflow_env/lib/python3.9/site-packages/airflow/utils/cli.py", line 116, in wrapper
    return f(*args, **kwargs)
  File "/opt/anaconda3/envs/airflow_env/lib/python3.9/site-packages/airflow/cli/commands/task_command.py", line 483, in task_run
    task_return_code = _run_task_by_selected_method(args, _dag, ti)
  File "/opt/anaconda3/envs/airflow_env/lib/python3.9/site-packages/airflow/cli/commands/task_command.py", line 256, in _run_task_by_selected_method
    return _run_raw_task(args, ti)
  File "/opt/anaconda3/envs/airflow_env/lib/python3.9/site-packages/airflow/cli/commands/task_command.py", line 341, in _run_raw_task
    return ti._run_raw_task(
  File "/opt/anaconda3/envs/airflow_env/lib/python3.9/site-packages/airflow/utils/session.py", line 97, in wrapper
    return func(*args, session=session, **kwargs)
  File "/opt/anaconda3/envs/airflow_env/lib/python3.9/site-packages/airflow/models/taskinstance.py", line 3005, in _run_raw_task
    return _run_raw_task(
  File "/opt/anaconda3/envs/airflow_env/lib/python3.9/site-packages/airflow/models/taskinstance.py", line 273, in _run_raw_task
    TaskInstance._execute_task_with_callbacks(
  File "/opt/anaconda3/envs/airflow_env/lib/python3.9/site-packages/airflow/models/taskinstance.py", line 3159, in _execute_task_with_callbacks
    result = self._execute_task(context, task_orig)
  File "/opt/anaconda3/envs/airflow_env/lib/python3.9/site-packages/airflow/models/taskinstance.py", line 3183, in _execute_task
    return _execute_task(self, context, task_orig)
  File "/opt/anaconda3/envs/airflow_env/lib/python3.9/site-packages/airflow/models/taskinstance.py", line 767, in _execute_task
    result = _execute_callable(context=context, **execute_callable_kwargs)
  File "/opt/anaconda3/envs/airflow_env/lib/python3.9/site-packages/airflow/models/taskinstance.py", line 733, in _execute_callable
    return ExecutionCallableRunner(
  File "/opt/anaconda3/envs/airflow_env/lib/python3.9/site-packages/airflow/utils/operator_helpers.py", line 252, in run
    return self.func(*args, **kwargs)
  File "/opt/anaconda3/envs/airflow_env/lib/python3.9/site-packages/airflow/models/baseoperator.py", line 422, in wrapper
    return func(self, *args, **kwargs)
  File "/opt/anaconda3/envs/airflow_env/lib/python3.9/site-packages/airflow/operators/python.py", line 238, in execute
    return_value = self.execute_callable()
  File "/opt/anaconda3/envs/airflow_env/lib/python3.9/site-packages/airflow/operators/python.py", line 256, in execute_callable
    return runner.run(*self.op_args, **self.op_kwargs)
  File "/opt/anaconda3/envs/airflow_env/lib/python3.9/site-packages/airflow/utils/operator_helpers.py", line 252, in run
    return self.func(*args, **kwargs)
  File "/Users/matthewmac/airflow/dags/CovidE2EPipeDag.py", line 45, in convert_to_local_timezone
    local_date = local_tz.convert(ds)  # `ds` is in UTC by default
  File "/opt/anaconda3/envs/airflow_env/lib/python3.9/site-packages/pendulum/tz/timezone.py", line 95, in convert
    if dt.tzinfo is None:
AttributeError: 'str' object has no attribute 'tzinfo'
[2025-01-08T18:42:37.527-0800] {local_task_job_runner.py:266} INFO - Task exited with return code 1
[2025-01-08T18:42:37.562-0800] {taskinstance.py:3895} INFO - 0 downstream tasks scheduled from follow-on schedule check
[2025-01-08T18:42:37.572-0800] {local_task_job_runner.py:245} INFO - ::endgroup::
