[2025-01-04T11:35:53.904-0800] {local_task_job_runner.py:123} INFO - ::group::Pre task execution logs
[2025-01-04T11:35:53.921-0800] {taskinstance.py:2613} INFO - Dependencies all met for dep_context=non-requeueable deps ti=<TaskInstance: CovidE2EPipeDag.archive_raw_data scheduled__2025-01-01T01:04:00+00:00 [queued]>
[2025-01-04T11:35:53.934-0800] {taskinstance.py:2613} INFO - Dependencies all met for dep_context=requeueable deps ti=<TaskInstance: CovidE2EPipeDag.archive_raw_data scheduled__2025-01-01T01:04:00+00:00 [queued]>
[2025-01-04T11:35:53.935-0800] {taskinstance.py:2866} INFO - Starting attempt 1 of 2
[2025-01-04T11:35:53.963-0800] {taskinstance.py:2889} INFO - Executing <Task(BashOperator): archive_raw_data> on 2025-01-01 01:04:00+00:00
[2025-01-04T11:35:53.966-0800] {standard_task_runner.py:72} INFO - Started process 79600 to run task
[2025-01-04T11:35:53.979-0800] {standard_task_runner.py:104} INFO - Running: ['airflow', 'tasks', 'run', 'CovidE2EPipeDag', 'archive_raw_data', 'scheduled__2025-01-01T01:04:00+00:00', '--job-id', '930', '--raw', '--subdir', 'DAGS_FOLDER/CovidE2EPipeDag.py', '--cfg-path', '/var/folders/vm/rn9v1g1j739_mq8j5pfl1yxm0000gn/T/tmpr7_2cp7y']
[2025-01-04T11:35:53.981-0800] {standard_task_runner.py:105} INFO - Job 930: Subtask archive_raw_data
[2025-01-04T11:35:54.049-0800] {task_command.py:467} INFO - Running <TaskInstance: CovidE2EPipeDag.archive_raw_data scheduled__2025-01-01T01:04:00+00:00 [running]> on host Matthews-MacBook-Air.local
[2025-01-04T11:35:54.145-0800] {taskinstance.py:3132} INFO - Exporting env vars: AIRFLOW_CTX_DAG_OWNER='Matthew Horn' AIRFLOW_CTX_DAG_ID='CovidE2EPipeDag' AIRFLOW_CTX_TASK_ID='archive_raw_data' AIRFLOW_CTX_EXECUTION_DATE='2025-01-01T01:04:00+00:00' AIRFLOW_CTX_TRY_NUMBER='1' AIRFLOW_CTX_DAG_RUN_ID='scheduled__2025-01-01T01:04:00+00:00'
[2025-01-04T11:35:54.147-0800] {taskinstance.py:731} INFO - ::endgroup::
[2025-01-04T11:35:54.199-0800] {subprocess.py:78} INFO - Tmp dir root location: /var/folders/vm/rn9v1g1j739_mq8j5pfl1yxm0000gn/T
[2025-01-04T11:35:54.200-0800] {subprocess.py:88} INFO - Running command: ['/bin/bash', '-c', 'cd /Users/matthewmac/airflow/data/raw && zip raw_data_2025-01-04.zip *.csv                     && mv raw_data_2025-01-04.zip archived/']
[2025-01-04T11:35:54.210-0800] {subprocess.py:99} INFO - Output:
[2025-01-04T11:35:54.243-0800] {subprocess.py:106} INFO -   adding: 30yr_mortage_2025-01-02.csv (deflated 82%)
[2025-01-04T11:35:54.244-0800] {subprocess.py:106} INFO -   adding: GDP_2025-01-02.csv (deflated 77%)
[2025-01-04T11:35:54.247-0800] {subprocess.py:106} INFO -   adding: US_CPI_2025-01-02.csv (deflated 81%)
[2025-01-04T11:35:54.249-0800] {subprocess.py:106} INFO -   adding: exchanges_2025-01-02.csv (deflated 41%)
[2025-01-04T11:35:54.252-0800] {subprocess.py:106} INFO -   adding: industrial_production_2025-01-02.csv (deflated 80%)
[2025-01-04T11:35:54.255-0800] {subprocess.py:106} INFO -   adding: industrial_production_2025-01-03.csv (deflated 80%)
[2025-01-04T11:35:54.259-0800] {subprocess.py:106} INFO -   adding: industrial_production_2025-01-04.csv (deflated 80%)
[2025-01-04T11:35:54.260-0800] {subprocess.py:106} INFO -   adding: stocks_eod_2025-01-02.csv (deflated 72%)
[2025-01-04T11:35:54.262-0800] {subprocess.py:106} INFO -   adding: trade_balance_2025-01-02.csv (deflated 79%)
[2025-01-04T11:35:54.265-0800] {subprocess.py:106} INFO -   adding: unemployment_rate_2025-01-02.csv (deflated 84%)
[2025-01-04T11:35:54.273-0800] {subprocess.py:110} INFO - Command exited with return code 0
[2025-01-04T11:35:54.303-0800] {taskinstance.py:340} INFO - ::group::Post task execution logs
[2025-01-04T11:35:54.306-0800] {taskinstance.py:352} INFO - Marking task as SUCCESS. dag_id=CovidE2EPipeDag, task_id=archive_raw_data, run_id=scheduled__2025-01-01T01:04:00+00:00, execution_date=20250101T010400, start_date=20250104T193553, end_date=20250104T193554
[2025-01-04T11:35:54.330-0800] {local_task_job_runner.py:266} INFO - Task exited with return code 0
[2025-01-04T11:35:54.358-0800] {taskinstance.py:3895} INFO - 0 downstream tasks scheduled from follow-on schedule check
[2025-01-04T11:35:54.359-0800] {local_task_job_runner.py:245} INFO - ::endgroup::
