[2025-01-01T18:53:58.560-0800] {local_task_job_runner.py:123} INFO - ::group::Pre task execution logs
[2025-01-01T18:53:58.571-0800] {taskinstance.py:2613} INFO - Dependencies all met for dep_context=non-requeueable deps ti=<TaskInstance: CovidE2EPipeDag.print3 scheduled__2025-01-01T19:03:00+00:00 [queued]>
[2025-01-01T18:53:58.578-0800] {taskinstance.py:2613} INFO - Dependencies all met for dep_context=requeueable deps ti=<TaskInstance: CovidE2EPipeDag.print3 scheduled__2025-01-01T19:03:00+00:00 [queued]>
[2025-01-01T18:53:58.578-0800] {taskinstance.py:2866} INFO - Starting attempt 1 of 2
[2025-01-01T18:53:58.592-0800] {taskinstance.py:2889} INFO - Executing <Task(PythonOperator): print3> on 2025-01-01 19:03:00+00:00
[2025-01-01T18:53:58.595-0800] {standard_task_runner.py:72} INFO - Started process 35053 to run task
[2025-01-01T18:53:58.603-0800] {standard_task_runner.py:104} INFO - Running: ['airflow', 'tasks', 'run', 'CovidE2EPipeDag', 'print3', 'scheduled__2025-01-01T19:03:00+00:00', '--job-id', '169', '--raw', '--subdir', 'DAGS_FOLDER/test_dag.py', '--cfg-path', '/var/folders/vm/rn9v1g1j739_mq8j5pfl1yxm0000gn/T/tmprg090eni']
[2025-01-01T18:53:58.605-0800] {standard_task_runner.py:105} INFO - Job 169: Subtask print3
[2025-01-01T18:53:58.655-0800] {task_command.py:467} INFO - Running <TaskInstance: CovidE2EPipeDag.print3 scheduled__2025-01-01T19:03:00+00:00 [running]> on host Matthews-MacBook-Air.local
[2025-01-01T18:53:58.731-0800] {taskinstance.py:3132} INFO - Exporting env vars: AIRFLOW_CTX_DAG_OWNER='Matthew Horn' AIRFLOW_CTX_DAG_ID='CovidE2EPipeDag' AIRFLOW_CTX_TASK_ID='print3' AIRFLOW_CTX_EXECUTION_DATE='2025-01-01T19:03:00+00:00' AIRFLOW_CTX_TRY_NUMBER='1' AIRFLOW_CTX_DAG_RUN_ID='scheduled__2025-01-01T19:03:00+00:00'
[2025-01-01T18:53:58.733-0800] {logging_mixin.py:190} INFO - Task instance is in running state
[2025-01-01T18:53:58.733-0800] {logging_mixin.py:190} INFO -  Previous state of the Task instance: queued
[2025-01-01T18:53:58.734-0800] {logging_mixin.py:190} INFO - Current task name:print3 state:running start_date:2025-01-02 02:53:58.571496+00:00
[2025-01-01T18:53:58.735-0800] {logging_mixin.py:190} INFO - Dag name:CovidE2EPipeDag and current dag run status:running
[2025-01-01T18:53:58.736-0800] {taskinstance.py:731} INFO - ::endgroup::
[2025-01-01T18:53:58.737-0800] {logging_mixin.py:190} INFO - Three
[2025-01-01T18:53:58.737-0800] {python.py:240} INFO - Done. Returned value was: None
[2025-01-01T18:53:58.743-0800] {taskinstance.py:340} INFO - ::group::Post task execution logs
[2025-01-01T18:53:58.744-0800] {taskinstance.py:352} INFO - Marking task as SUCCESS. dag_id=CovidE2EPipeDag, task_id=print3, run_id=scheduled__2025-01-01T19:03:00+00:00, execution_date=20250101T190300, start_date=20250102T025358, end_date=20250102T025358
[2025-01-01T18:53:58.753-0800] {logging_mixin.py:190} INFO - Task instance in success state
[2025-01-01T18:53:58.754-0800] {logging_mixin.py:190} INFO -  Previous state of the Task instance: running
[2025-01-01T18:53:58.754-0800] {logging_mixin.py:190} INFO - Dag name:CovidE2EPipeDag queued_at:2025-01-02 02:53:21.491419+00:00
[2025-01-01T18:53:58.755-0800] {logging_mixin.py:190} INFO - Task hostname:Matthews-MacBook-Air.local operator:PythonOperator
[2025-01-01T18:53:58.762-0800] {local_task_job_runner.py:266} INFO - Task exited with return code 0
[2025-01-01T18:53:58.779-0800] {taskinstance.py:3895} INFO - 0 downstream tasks scheduled from follow-on schedule check
[2025-01-01T18:53:58.780-0800] {local_task_job_runner.py:245} INFO - ::endgroup::
