[2025-01-04T12:29:11.545-0800] {local_task_job_runner.py:123} INFO - ::group::Pre task execution logs
[2025-01-04T12:29:11.572-0800] {taskinstance.py:2613} INFO - Dependencies all met for dep_context=non-requeueable deps ti=<TaskInstance: CovidE2EPipeDag.stage_sql manual__2025-01-04T20:19:31.115700+00:00 [queued]>
[2025-01-04T12:29:11.589-0800] {taskinstance.py:2613} INFO - Dependencies all met for dep_context=requeueable deps ti=<TaskInstance: CovidE2EPipeDag.stage_sql manual__2025-01-04T20:19:31.115700+00:00 [queued]>
[2025-01-04T12:29:11.590-0800] {taskinstance.py:2866} INFO - Starting attempt 1 of 2
[2025-01-04T12:29:11.631-0800] {taskinstance.py:2889} INFO - Executing <Task(BashOperator): stage_sql> on 2025-01-04 20:19:31.115700+00:00
[2025-01-04T12:29:11.638-0800] {standard_task_runner.py:72} INFO - Started process 85095 to run task
[2025-01-04T12:29:11.658-0800] {standard_task_runner.py:104} INFO - Running: ['airflow', 'tasks', 'run', 'CovidE2EPipeDag', 'stage_sql', 'manual__2025-01-04T20:19:31.115700+00:00', '--job-id', '1055', '--raw', '--subdir', 'DAGS_FOLDER/CovidE2EPipeDag.py', '--cfg-path', '/var/folders/vm/rn9v1g1j739_mq8j5pfl1yxm0000gn/T/tmpp_grkt06']
[2025-01-04T12:29:11.662-0800] {standard_task_runner.py:105} INFO - Job 1055: Subtask stage_sql
[2025-01-04T12:29:11.741-0800] {task_command.py:467} INFO - Running <TaskInstance: CovidE2EPipeDag.stage_sql manual__2025-01-04T20:19:31.115700+00:00 [running]> on host Matthews-MacBook-Air.local
[2025-01-04T12:29:12.036-0800] {taskinstance.py:3132} INFO - Exporting env vars: AIRFLOW_CTX_DAG_OWNER='Matthew Horn' AIRFLOW_CTX_DAG_ID='CovidE2EPipeDag' AIRFLOW_CTX_TASK_ID='stage_sql' AIRFLOW_CTX_EXECUTION_DATE='2025-01-04T20:19:31.115700+00:00' AIRFLOW_CTX_TRY_NUMBER='1' AIRFLOW_CTX_DAG_RUN_ID='manual__2025-01-04T20:19:31.115700+00:00'
[2025-01-04T12:29:12.038-0800] {taskinstance.py:731} INFO - ::endgroup::
[2025-01-04T12:29:12.096-0800] {subprocess.py:78} INFO - Tmp dir root location: /var/folders/vm/rn9v1g1j739_mq8j5pfl1yxm0000gn/T
[2025-01-04T12:29:12.101-0800] {subprocess.py:88} INFO - Running command: ['/bin/bash', '-c', 'snow stage copy /Users/matthewmac/airflow/helper_scripts/load_staged_data_2025-01-04.sql @CovidE2EPipeDatabase.raw_data.raw_data_stage']
[2025-01-04T12:29:12.127-0800] {subprocess.py:99} INFO - Output:
[2025-01-04T12:29:23.559-0800] {subprocess.py:106} INFO - +---------------------------------------------+
[2025-01-04T12:29:23.564-0800] {subprocess.py:106} INFO - |     |     |     |     |     | ta |     |    |
[2025-01-04T12:29:23.566-0800] {subprocess.py:106} INFO - |     |     |     |     |     | rg |     |    |
[2025-01-04T12:29:23.566-0800] {subprocess.py:106} INFO - |     |     |     |     |     | et |     |    |
[2025-01-04T12:29:23.567-0800] {subprocess.py:106} INFO - |     |     |     |     | sou | _c |     |    |
[2025-01-04T12:29:23.568-0800] {subprocess.py:106} INFO - |     |     |     |     | rce | om |     |    |
[2025-01-04T12:29:23.569-0800] {subprocess.py:106} INFO - |     |     | sou | tar | _co | pr |     | me |
[2025-01-04T12:29:23.570-0800] {subprocess.py:106} INFO - |     |     | rce | get | mpr | es |     | ss |
[2025-01-04T12:29:23.570-0800] {subprocess.py:106} INFO - | sou | tar | _si | _si | ess | si | sta | ag |
[2025-01-04T12:29:23.573-0800] {subprocess.py:106} INFO - | rce | get | ze  | ze  | ion | on | tus | e  |
[2025-01-04T12:29:23.574-0800] {subprocess.py:106} INFO - |-----+-----+-----+-----+-----+----+-----+----|
[2025-01-04T12:29:23.577-0800] {subprocess.py:106} INFO - | loa | loa | 270 | 272 | NON | NO | UPL |    |
[2025-01-04T12:29:23.579-0800] {subprocess.py:106} INFO - | d_s | d_s |     |     | E   | NE | OAD |    |
[2025-01-04T12:29:23.581-0800] {subprocess.py:106} INFO - | tag | tag |     |     |     |    | ED  |    |
[2025-01-04T12:29:23.583-0800] {subprocess.py:106} INFO - | ed_ | ed_ |     |     |     |    |     |    |
[2025-01-04T12:29:23.584-0800] {subprocess.py:106} INFO - | dat | dat |     |     |     |    |     |    |
[2025-01-04T12:29:23.586-0800] {subprocess.py:106} INFO - | a_2 | a_2 |     |     |     |    |     |    |
[2025-01-04T12:29:23.587-0800] {subprocess.py:106} INFO - | 025 | 025 |     |     |     |    |     |    |
[2025-01-04T12:29:23.588-0800] {subprocess.py:106} INFO - | -01 | -01 |     |     |     |    |     |    |
[2025-01-04T12:29:23.591-0800] {subprocess.py:106} INFO - | -04 | -04 |     |     |     |    |     |    |
[2025-01-04T12:29:23.592-0800] {subprocess.py:106} INFO - | .sq | .sq |     |     |     |    |     |    |
[2025-01-04T12:29:23.594-0800] {subprocess.py:106} INFO - | l   | l   |     |     |     |    |     |    |
[2025-01-04T12:29:23.595-0800] {subprocess.py:106} INFO - +---------------------------------------------+
[2025-01-04T12:29:24.297-0800] {subprocess.py:110} INFO - Command exited with return code 0
[2025-01-04T12:29:24.339-0800] {taskinstance.py:340} INFO - ::group::Post task execution logs
[2025-01-04T12:29:24.341-0800] {taskinstance.py:352} INFO - Marking task as SUCCESS. dag_id=CovidE2EPipeDag, task_id=stage_sql, run_id=manual__2025-01-04T20:19:31.115700+00:00, execution_date=20250104T201931, start_date=20250104T202911, end_date=20250104T202924
[2025-01-04T12:29:24.398-0800] {local_task_job_runner.py:266} INFO - Task exited with return code 0
[2025-01-04T12:29:24.437-0800] {taskinstance.py:3895} INFO - 1 downstream tasks scheduled from follow-on schedule check
[2025-01-04T12:29:24.441-0800] {local_task_job_runner.py:245} INFO - ::endgroup::
