[2025-01-08T18:58:02.444-0800] {local_task_job_runner.py:123} INFO - ::group::Pre task execution logs
[2025-01-08T18:58:02.459-0800] {taskinstance.py:2613} INFO - Dependencies all met for dep_context=non-requeueable deps ti=<TaskInstance: CovidE2EPipeDag.archive_raw_data manual__2025-01-09T02:43:57.998581+00:00 [queued]>
[2025-01-08T18:58:02.475-0800] {taskinstance.py:2613} INFO - Dependencies all met for dep_context=requeueable deps ti=<TaskInstance: CovidE2EPipeDag.archive_raw_data manual__2025-01-09T02:43:57.998581+00:00 [queued]>
[2025-01-08T18:58:02.475-0800] {taskinstance.py:2866} INFO - Starting attempt 1 of 2
[2025-01-08T18:58:02.493-0800] {taskinstance.py:2889} INFO - Executing <Task(BashOperator): archive_raw_data> on 2025-01-09 02:43:57.998581+00:00
[2025-01-08T18:58:02.496-0800] {standard_task_runner.py:72} INFO - Started process 7582 to run task
[2025-01-08T18:58:02.509-0800] {standard_task_runner.py:104} INFO - Running: ['airflow', 'tasks', 'run', 'CovidE2EPipeDag', 'archive_raw_data', 'manual__2025-01-09T02:43:57.998581+00:00', '--job-id', '1646', '--raw', '--subdir', 'DAGS_FOLDER/CovidE2EPipeDag.py', '--cfg-path', '/var/folders/vm/rn9v1g1j739_mq8j5pfl1yxm0000gn/T/tmppyhls8rj']
[2025-01-08T18:58:02.512-0800] {standard_task_runner.py:105} INFO - Job 1646: Subtask archive_raw_data
[2025-01-08T18:58:02.564-0800] {task_command.py:467} INFO - Running <TaskInstance: CovidE2EPipeDag.archive_raw_data manual__2025-01-09T02:43:57.998581+00:00 [running]> on host Matthews-MacBook-Air.local
[2025-01-08T18:58:02.651-0800] {taskinstance.py:3132} INFO - Exporting env vars: AIRFLOW_CTX_DAG_OWNER='Matthew Horn' AIRFLOW_CTX_DAG_ID='CovidE2EPipeDag' AIRFLOW_CTX_TASK_ID='archive_raw_data' AIRFLOW_CTX_EXECUTION_DATE='2025-01-09T02:43:57.998581+00:00' AIRFLOW_CTX_TRY_NUMBER='1' AIRFLOW_CTX_DAG_RUN_ID='manual__2025-01-09T02:43:57.998581+00:00'
[2025-01-08T18:58:02.652-0800] {taskinstance.py:731} INFO - ::endgroup::
[2025-01-08T18:58:02.695-0800] {subprocess.py:78} INFO - Tmp dir root location: /var/folders/vm/rn9v1g1j739_mq8j5pfl1yxm0000gn/T
[2025-01-08T18:58:02.697-0800] {subprocess.py:88} INFO - Running command: ['/bin/bash', '-c', 'cd /Users/matthewmac/airflow/data/raw && zip raw_data_2025-01-08.zip *.csv                     && mv raw_data_2025-01-08.zip archived/ && rm *.csv']
[2025-01-08T18:58:02.705-0800] {subprocess.py:99} INFO - Output:
[2025-01-08T18:58:02.740-0800] {subprocess.py:106} INFO -   adding: 30yr_mortage_2025-01-08.csv (deflated 82%)
[2025-01-08T18:58:02.741-0800] {subprocess.py:106} INFO -   adding: GDP_2025-01-08.csv (deflated 77%)
[2025-01-08T18:58:02.742-0800] {subprocess.py:106} INFO -   adding: US_CPI_2025-01-08.csv (deflated 81%)
[2025-01-08T18:58:02.744-0800] {subprocess.py:106} INFO -   adding: industrial_production_2025-01-08.csv (deflated 80%)
[2025-01-08T18:58:02.747-0800] {subprocess.py:106} INFO -   adding: trade_balance_2025-01-08.csv (deflated 79%)
[2025-01-08T18:58:02.750-0800] {subprocess.py:106} INFO -   adding: unemployment_rate_2025-01-08.csv (deflated 84%)
[2025-01-08T18:58:02.774-0800] {subprocess.py:110} INFO - Command exited with return code 0
[2025-01-08T18:58:02.807-0800] {taskinstance.py:340} INFO - ::group::Post task execution logs
[2025-01-08T18:58:02.809-0800] {taskinstance.py:352} INFO - Marking task as SUCCESS. dag_id=CovidE2EPipeDag, task_id=archive_raw_data, run_id=manual__2025-01-09T02:43:57.998581+00:00, execution_date=20250109T024357, start_date=20250109T025802, end_date=20250109T025802
[2025-01-08T18:58:02.869-0800] {local_task_job_runner.py:266} INFO - Task exited with return code 0
[2025-01-08T18:58:02.926-0800] {taskinstance.py:3895} INFO - 0 downstream tasks scheduled from follow-on schedule check
[2025-01-08T18:58:02.928-0800] {local_task_job_runner.py:245} INFO - ::endgroup::
