[2025-01-08T19:25:32.295-0800] {local_task_job_runner.py:123} INFO - ::group::Pre task execution logs
[2025-01-08T19:25:32.312-0800] {taskinstance.py:2613} INFO - Dependencies all met for dep_context=non-requeueable deps ti=<TaskInstance: CovidE2EPipeDag.archive_raw_data manual__2025-01-09T03:22:16.692390+00:00 [queued]>
[2025-01-08T19:25:32.325-0800] {taskinstance.py:2613} INFO - Dependencies all met for dep_context=requeueable deps ti=<TaskInstance: CovidE2EPipeDag.archive_raw_data manual__2025-01-09T03:22:16.692390+00:00 [queued]>
[2025-01-08T19:25:32.325-0800] {taskinstance.py:2866} INFO - Starting attempt 1 of 2
[2025-01-08T19:25:32.345-0800] {taskinstance.py:2889} INFO - Executing <Task(BashOperator): archive_raw_data> on 2025-01-09 03:22:16.692390+00:00
[2025-01-08T19:25:32.349-0800] {standard_task_runner.py:72} INFO - Started process 9039 to run task
[2025-01-08T19:25:32.379-0800] {standard_task_runner.py:104} INFO - Running: ['airflow', 'tasks', 'run', 'CovidE2EPipeDag', 'archive_raw_data', 'manual__2025-01-09T03:22:16.692390+00:00', '--job-id', '1677', '--raw', '--subdir', 'DAGS_FOLDER/CovidE2EPipeDag.py', '--cfg-path', '/var/folders/vm/rn9v1g1j739_mq8j5pfl1yxm0000gn/T/tmpoeu39hgh']
[2025-01-08T19:25:32.384-0800] {standard_task_runner.py:105} INFO - Job 1677: Subtask archive_raw_data
[2025-01-08T19:25:32.480-0800] {task_command.py:467} INFO - Running <TaskInstance: CovidE2EPipeDag.archive_raw_data manual__2025-01-09T03:22:16.692390+00:00 [running]> on host Matthews-MacBook-Air.local
[2025-01-08T19:25:32.699-0800] {taskinstance.py:3132} INFO - Exporting env vars: AIRFLOW_CTX_DAG_OWNER='Matthew Horn' AIRFLOW_CTX_DAG_ID='CovidE2EPipeDag' AIRFLOW_CTX_TASK_ID='archive_raw_data' AIRFLOW_CTX_EXECUTION_DATE='2025-01-09T03:22:16.692390+00:00' AIRFLOW_CTX_TRY_NUMBER='1' AIRFLOW_CTX_DAG_RUN_ID='manual__2025-01-09T03:22:16.692390+00:00'
[2025-01-08T19:25:32.700-0800] {taskinstance.py:731} INFO - ::endgroup::
[2025-01-08T19:25:32.754-0800] {subprocess.py:78} INFO - Tmp dir root location: /var/folders/vm/rn9v1g1j739_mq8j5pfl1yxm0000gn/T
[2025-01-08T19:25:32.758-0800] {subprocess.py:88} INFO - Running command: ['/bin/bash', '-c', 'cd /Users/matthewmac/airflow/data/raw && zip raw_data_2025-01-08.zip *.csv                     && mv raw_data_2025-01-08.zip archived/ && rm *.csv']
[2025-01-08T19:25:32.771-0800] {subprocess.py:99} INFO - Output:
[2025-01-08T19:25:32.802-0800] {subprocess.py:106} INFO -   adding: 30yr_mortage_2025-01-08.csv (deflated 82%)
[2025-01-08T19:25:32.804-0800] {subprocess.py:106} INFO -   adding: GDP_2025-01-08.csv (deflated 77%)
[2025-01-08T19:25:32.809-0800] {subprocess.py:106} INFO -   adding: US_CPI_2025-01-08.csv (deflated 81%)
[2025-01-08T19:25:32.814-0800] {subprocess.py:106} INFO -   adding: industrial_production_2025-01-08.csv (deflated 80%)
[2025-01-08T19:25:32.816-0800] {subprocess.py:106} INFO -   adding: trade_balance_2025-01-08.csv (deflated 79%)
[2025-01-08T19:25:32.818-0800] {subprocess.py:106} INFO -   adding: unemployment_rate_2025-01-08.csv (deflated 84%)
[2025-01-08T19:25:32.845-0800] {subprocess.py:110} INFO - Command exited with return code 0
[2025-01-08T19:25:32.949-0800] {taskinstance.py:340} INFO - ::group::Post task execution logs
[2025-01-08T19:25:32.971-0800] {taskinstance.py:352} INFO - Marking task as SUCCESS. dag_id=CovidE2EPipeDag, task_id=archive_raw_data, run_id=manual__2025-01-09T03:22:16.692390+00:00, execution_date=20250109T032216, start_date=20250109T032532, end_date=20250109T032532
[2025-01-08T19:25:33.046-0800] {local_task_job_runner.py:266} INFO - Task exited with return code 0
[2025-01-08T19:25:33.087-0800] {taskinstance.py:3895} INFO - 0 downstream tasks scheduled from follow-on schedule check
[2025-01-08T19:25:33.091-0800] {local_task_job_runner.py:245} INFO - ::endgroup::
