[2025-01-03T09:48:12.740-0800] {local_task_job_runner.py:123} INFO - ::group::Pre task execution logs
[2025-01-03T09:48:12.752-0800] {taskinstance.py:2613} INFO - Dependencies all met for dep_context=non-requeueable deps ti=<TaskInstance: CovidE2EPipeDag.echo1 scheduled__2025-01-03T09:49:00+00:00 [queued]>
[2025-01-03T09:48:12.760-0800] {taskinstance.py:2613} INFO - Dependencies all met for dep_context=requeueable deps ti=<TaskInstance: CovidE2EPipeDag.echo1 scheduled__2025-01-03T09:49:00+00:00 [queued]>
[2025-01-03T09:48:12.760-0800] {taskinstance.py:2866} INFO - Starting attempt 1 of 2
[2025-01-03T09:48:12.780-0800] {taskinstance.py:2889} INFO - Executing <Task(BashOperator): echo1> on 2025-01-03 09:49:00+00:00
[2025-01-03T09:48:12.788-0800] {standard_task_runner.py:72} INFO - Started process 46136 to run task
[2025-01-03T09:48:12.796-0800] {standard_task_runner.py:104} INFO - Running: ['airflow', 'tasks', 'run', 'CovidE2EPipeDag', 'echo1', 'scheduled__2025-01-03T09:49:00+00:00', '--job-id', '209', '--raw', '--subdir', 'DAGS_FOLDER/test_dag.py', '--cfg-path', '/var/folders/vm/rn9v1g1j739_mq8j5pfl1yxm0000gn/T/tmpryfst5cc']
[2025-01-03T09:48:12.799-0800] {standard_task_runner.py:105} INFO - Job 209: Subtask echo1
[2025-01-03T09:48:12.853-0800] {task_command.py:467} INFO - Running <TaskInstance: CovidE2EPipeDag.echo1 scheduled__2025-01-03T09:49:00+00:00 [running]> on host Matthews-MacBook-Air.local
[2025-01-03T09:48:12.930-0800] {taskinstance.py:3132} INFO - Exporting env vars: AIRFLOW_CTX_DAG_OWNER='Matthew Horn' AIRFLOW_CTX_DAG_ID='CovidE2EPipeDag' AIRFLOW_CTX_TASK_ID='echo1' AIRFLOW_CTX_EXECUTION_DATE='2025-01-03T09:49:00+00:00' AIRFLOW_CTX_TRY_NUMBER='1' AIRFLOW_CTX_DAG_RUN_ID='scheduled__2025-01-03T09:49:00+00:00'
[2025-01-03T09:48:12.933-0800] {logging_mixin.py:190} INFO - Task instance is in running state
[2025-01-03T09:48:12.933-0800] {logging_mixin.py:190} INFO -  Previous state of the Task instance: queued
[2025-01-03T09:48:12.934-0800] {logging_mixin.py:190} INFO - Current task name:echo1 state:running start_date:2025-01-03 17:48:12.753180+00:00
[2025-01-03T09:48:12.934-0800] {logging_mixin.py:190} INFO - Dag name:CovidE2EPipeDag and current dag run status:running
[2025-01-03T09:48:12.935-0800] {taskinstance.py:731} INFO - ::endgroup::
[2025-01-03T09:48:12.936-0800] {subprocess.py:78} INFO - Tmp dir root location: /var/folders/vm/rn9v1g1j739_mq8j5pfl1yxm0000gn/T
[2025-01-03T09:48:12.937-0800] {subprocess.py:88} INFO - Running command: ['/bin/bash', '-c', 'echo One']
[2025-01-03T09:48:12.945-0800] {subprocess.py:99} INFO - Output:
[2025-01-03T09:48:12.948-0800] {subprocess.py:106} INFO - One
[2025-01-03T09:48:12.950-0800] {subprocess.py:110} INFO - Command exited with return code 0
[2025-01-03T09:48:12.974-0800] {taskinstance.py:340} INFO - ::group::Post task execution logs
[2025-01-03T09:48:12.975-0800] {taskinstance.py:352} INFO - Marking task as SUCCESS. dag_id=CovidE2EPipeDag, task_id=echo1, run_id=scheduled__2025-01-03T09:49:00+00:00, execution_date=20250103T094900, start_date=20250103T174812, end_date=20250103T174812
[2025-01-03T09:48:12.985-0800] {logging_mixin.py:190} INFO - Task instance in success state
[2025-01-03T09:48:12.987-0800] {logging_mixin.py:190} INFO -  Previous state of the Task instance: running
[2025-01-03T09:48:12.989-0800] {logging_mixin.py:190} INFO - Dag name:CovidE2EPipeDag queued_at:2025-01-03 17:48:04.012330+00:00
[2025-01-03T09:48:12.990-0800] {logging_mixin.py:190} INFO - Task hostname:Matthews-MacBook-Air.local operator:BashOperator
[2025-01-03T09:48:13.018-0800] {local_task_job_runner.py:266} INFO - Task exited with return code 0
[2025-01-03T09:48:13.065-0800] {taskinstance.py:3895} INFO - 2 downstream tasks scheduled from follow-on schedule check
[2025-01-03T09:48:13.069-0800] {local_task_job_runner.py:245} INFO - ::endgroup::
