[2025-01-08T19:35:01.726-0800] {local_task_job_runner.py:123} INFO - ::group::Pre task execution logs
[2025-01-08T19:35:01.739-0800] {taskinstance.py:2613} INFO - Dependencies all met for dep_context=non-requeueable deps ti=<TaskInstance: CovidE2EPipeDag.stage_sql manual__2025-01-09T03:33:28.747517+00:00 [queued]>
[2025-01-08T19:35:01.748-0800] {taskinstance.py:2613} INFO - Dependencies all met for dep_context=requeueable deps ti=<TaskInstance: CovidE2EPipeDag.stage_sql manual__2025-01-09T03:33:28.747517+00:00 [queued]>
[2025-01-08T19:35:01.748-0800] {taskinstance.py:2866} INFO - Starting attempt 1 of 2
[2025-01-08T19:35:01.764-0800] {taskinstance.py:2889} INFO - Executing <Task(BashOperator): stage_sql> on 2025-01-09 03:33:28.747517+00:00
[2025-01-08T19:35:01.768-0800] {standard_task_runner.py:72} INFO - Started process 9567 to run task
[2025-01-08T19:35:01.779-0800] {standard_task_runner.py:104} INFO - Running: ['airflow', 'tasks', 'run', 'CovidE2EPipeDag', 'stage_sql', 'manual__2025-01-09T03:33:28.747517+00:00', '--job-id', '1682', '--raw', '--subdir', 'DAGS_FOLDER/CovidE2EPipeDag.py', '--cfg-path', '/var/folders/vm/rn9v1g1j739_mq8j5pfl1yxm0000gn/T/tmphf0in012']
[2025-01-08T19:35:01.782-0800] {standard_task_runner.py:105} INFO - Job 1682: Subtask stage_sql
[2025-01-08T19:35:01.836-0800] {task_command.py:467} INFO - Running <TaskInstance: CovidE2EPipeDag.stage_sql manual__2025-01-09T03:33:28.747517+00:00 [running]> on host Matthews-MacBook-Air.local
[2025-01-08T19:35:01.963-0800] {taskinstance.py:3132} INFO - Exporting env vars: AIRFLOW_CTX_DAG_OWNER='Matthew Horn' AIRFLOW_CTX_DAG_ID='CovidE2EPipeDag' AIRFLOW_CTX_TASK_ID='stage_sql' AIRFLOW_CTX_EXECUTION_DATE='2025-01-09T03:33:28.747517+00:00' AIRFLOW_CTX_TRY_NUMBER='1' AIRFLOW_CTX_DAG_RUN_ID='manual__2025-01-09T03:33:28.747517+00:00'
[2025-01-08T19:35:01.965-0800] {taskinstance.py:731} INFO - ::endgroup::
[2025-01-08T19:35:01.993-0800] {subprocess.py:78} INFO - Tmp dir root location: /var/folders/vm/rn9v1g1j739_mq8j5pfl1yxm0000gn/T
[2025-01-08T19:35:01.995-0800] {subprocess.py:88} INFO - Running command: ['/bin/bash', '-c', 'snow stage copy /Users/matthewmac/airflow/helper_scripts/load_staged_data_2025-01-08.sql @CovidE2EPipeDatabase.raw_data.raw_data_stage']
[2025-01-08T19:35:02.010-0800] {subprocess.py:99} INFO - Output:
[2025-01-08T19:35:08.192-0800] {subprocess.py:106} INFO - +---------------------------------------------------+
[2025-01-08T19:35:08.194-0800] {subprocess.py:106} INFO - |     |      |     |      | sou |      |     |      |
[2025-01-08T19:35:08.194-0800] {subprocess.py:106} INFO - |     |      |     |      | rce | targ |     |      |
[2025-01-08T19:35:08.195-0800] {subprocess.py:106} INFO - |     |      | sou |      | _co | et_c |     |      |
[2025-01-08T19:35:08.196-0800] {subprocess.py:106} INFO - |     |      | rce | targ | mpr | ompr |     |      |
[2025-01-08T19:35:08.197-0800] {subprocess.py:106} INFO - | sou | targ | _si | et_s | ess | essi | sta | mess |
[2025-01-08T19:35:08.198-0800] {subprocess.py:106} INFO - | rce | et   | ze  | ize  | ion | on   | tus | age  |
[2025-01-08T19:35:08.199-0800] {subprocess.py:106} INFO - |-----+------+-----+------+-----+------+-----+------|
[2025-01-08T19:35:08.200-0800] {subprocess.py:106} INFO - | loa | load | 162 | 0    | NON | NONE | SKI |      |
[2025-01-08T19:35:08.200-0800] {subprocess.py:106} INFO - | d_s | _sta | 7   |      | E   |      | PPE |      |
[2025-01-08T19:35:08.201-0800] {subprocess.py:106} INFO - | tag | ged_ |     |      |     |      | D   |      |
[2025-01-08T19:35:08.201-0800] {subprocess.py:106} INFO - | ed_ | data |     |      |     |      |     |      |
[2025-01-08T19:35:08.202-0800] {subprocess.py:106} INFO - | dat | _202 |     |      |     |      |     |      |
[2025-01-08T19:35:08.202-0800] {subprocess.py:106} INFO - | a_2 | 5-01 |     |      |     |      |     |      |
[2025-01-08T19:35:08.203-0800] {subprocess.py:106} INFO - | 025 | -08. |     |      |     |      |     |      |
[2025-01-08T19:35:08.203-0800] {subprocess.py:106} INFO - | -01 | sql  |     |      |     |      |     |      |
[2025-01-08T19:35:08.204-0800] {subprocess.py:106} INFO - | -08 |      |     |      |     |      |     |      |
[2025-01-08T19:35:08.205-0800] {subprocess.py:106} INFO - | .sq |      |     |      |     |      |     |      |
[2025-01-08T19:35:08.206-0800] {subprocess.py:106} INFO - | l   |      |     |      |     |      |     |      |
[2025-01-08T19:35:08.206-0800] {subprocess.py:106} INFO - +---------------------------------------------------+
[2025-01-08T19:35:08.623-0800] {subprocess.py:110} INFO - Command exited with return code 0
[2025-01-08T19:35:08.649-0800] {taskinstance.py:340} INFO - ::group::Post task execution logs
[2025-01-08T19:35:08.650-0800] {taskinstance.py:352} INFO - Marking task as SUCCESS. dag_id=CovidE2EPipeDag, task_id=stage_sql, run_id=manual__2025-01-09T03:33:28.747517+00:00, execution_date=20250109T033328, start_date=20250109T033501, end_date=20250109T033508
[2025-01-08T19:35:08.673-0800] {local_task_job_runner.py:266} INFO - Task exited with return code 0
[2025-01-08T19:35:08.702-0800] {taskinstance.py:3895} INFO - 1 downstream tasks scheduled from follow-on schedule check
[2025-01-08T19:35:08.707-0800] {local_task_job_runner.py:245} INFO - ::endgroup::
